<?xml version="1.0" encoding="UTF-8"?>
<testsuite xmlns:xsi="http://www.w3.org/2001/XMLSchema-instance" xsi:noNamespaceSchemaLocation="https://maven.apache.org/surefire/maven-surefire-plugin/xsd/surefire-test-report-3.0.xsd" version="3.0" name="com.test.runner.TestRunner" time="38.99" tests="6" errors="0" skipped="0" failures="0">
  <properties>
    <property name="sun.desktop" value="windows"/>
    <property name="awt.toolkit" value="sun.awt.windows.WToolkit"/>
    <property name="java.specification.version" value="11"/>
    <property name="webdriver.chrome.driver" value="Utilities/chromedriver.exe"/>
    <property name="sun.cpu.isalist" value="amd64"/>
    <property name="sun.jnu.encoding" value="Cp1252"/>
    <property name="java.class.path" value="C:\Users\Suvendu\Nana\framework\Assignment\target\test-classes;C:\Users\Suvendu\Nana\framework\Assignment\target\classes;C:\Users\Satya\.m2\repository\io\rest-assured\rest-assured\5.3.0\rest-assured-5.3.0.jar;C:\Users\Satya\.m2\repository\org\apache\groovy\groovy\4.0.6\groovy-4.0.6.jar;C:\Users\Satya\.m2\repository\org\apache\groovy\groovy-xml\4.0.6\groovy-xml-4.0.6.jar;C:\Users\Satya\.m2\repository\org\apache\httpcomponents\httpclient\4.5.13\httpclient-4.5.13.jar;C:\Users\Satya\.m2\repository\org\apache\httpcomponents\httpcore\4.4.13\httpcore-4.4.13.jar;C:\Users\Satya\.m2\repository\commons-logging\commons-logging\1.2\commons-logging-1.2.jar;C:\Users\Satya\.m2\repository\commons-codec\commons-codec\1.11\commons-codec-1.11.jar;C:\Users\Satya\.m2\repository\org\apache\httpcomponents\httpmime\4.5.13\httpmime-4.5.13.jar;C:\Users\Satya\.m2\repository\org\hamcrest\hamcrest\2.1\hamcrest-2.1.jar;C:\Users\Satya\.m2\repository\org\ccil\cowan\tagsoup\tagsoup\1.2.1\tagsoup-1.2.1.jar;C:\Users\Satya\.m2\repository\io\rest-assured\json-path\5.3.0\json-path-5.3.0.jar;C:\Users\Satya\.m2\repository\org\apache\groovy\groovy-json\4.0.6\groovy-json-4.0.6.jar;C:\Users\Satya\.m2\repository\io\rest-assured\rest-assured-common\5.3.0\rest-assured-common-5.3.0.jar;C:\Users\Satya\.m2\repository\io\rest-assured\xml-path\5.3.0\xml-path-5.3.0.jar;C:\Users\Satya\.m2\repository\org\apache\commons\commons-lang3\3.11\commons-lang3-3.11.jar;C:\Users\Satya\.m2\repository\io\cucumber\cucumber-java\7.11.0\cucumber-java-7.11.0.jar;C:\Users\Satya\.m2\repository\io\cucumber\cucumber-core\7.11.0\cucumber-core-7.11.0.jar;C:\Users\Satya\.m2\repository\io\cucumber\cucumber-gherkin\7.11.0\cucumber-gherkin-7.11.0.jar;C:\Users\Satya\.m2\repository\io\cucumber\cucumber-gherkin-messages\7.11.0\cucumber-gherkin-messages-7.11.0.jar;C:\Users\Satya\.m2\repository\io\cucumber\gherkin\26.0.3\gherkin-26.0.3.jar;C:\Users\Satya\.m2\repository\io\cucumber\messages\21.0.1\messages-21.0.1.jar;C:\Users\Satya\.m2\repository\io\cucumber\tag-expressions\5.0.1\tag-expressions-5.0.1.jar;C:\Users\Satya\.m2\repository\io\cucumber\cucumber-expressions\16.1.1\cucumber-expressions-16.1.1.jar;C:\Users\Satya\.m2\repository\io\cucumber\datatable\7.11.0\datatable-7.11.0.jar;C:\Users\Satya\.m2\repository\io\cucumber\cucumber-plugin\7.11.0\cucumber-plugin-7.11.0.jar;C:\Users\Satya\.m2\repository\io\cucumber\docstring\7.11.0\docstring-7.11.0.jar;C:\Users\Satya\.m2\repository\io\cucumber\html-formatter\20.2.1\html-formatter-20.2.1.jar;C:\Users\Satya\.m2\repository\io\cucumber\junit-xml-formatter\0.1.0\junit-xml-formatter-0.1.0.jar;C:\Users\Satya\.m2\repository\io\cucumber\ci-environment\9.1.0\ci-environment-9.1.0.jar;C:\Users\Satya\.m2\repository\org\apiguardian\apiguardian-api\1.1.2\apiguardian-api-1.1.2.jar;C:\Users\Satya\.m2\repository\io\cucumber\cucumber-junit\7.11.0\cucumber-junit-7.11.0.jar;C:\Users\Satya\.m2\repository\io\cucumber\cucumber-testng\7.11.0\cucumber-testng-7.11.0.jar;C:\Users\Satya\.m2\repository\junit\junit\4.13.1\junit-4.13.1.jar;C:\Users\Satya\.m2\repository\org\hamcrest\hamcrest-core\1.3\hamcrest-core-1.3.jar;C:\Users\Satya\.m2\repository\org\seleniumhq\selenium\selenium-java\4.8.1\selenium-java-4.8.1.jar;C:\Users\Satya\.m2\repository\org\seleniumhq\selenium\selenium-api\4.8.1\selenium-api-4.8.1.jar;C:\Users\Satya\.m2\repository\org\seleniumhq\selenium\selenium-chrome-driver\4.8.1\selenium-chrome-driver-4.8.1.jar;C:\Users\Satya\.m2\repository\com\google\auto\service\auto-service-annotations\1.0.1\auto-service-annotations-1.0.1.jar;C:\Users\Satya\.m2\repository\com\google\auto\service\auto-service\1.0.1\auto-service-1.0.1.jar;C:\Users\Satya\.m2\repository\com\google\auto\auto-common\1.2\auto-common-1.2.jar;C:\Users\Satya\.m2\repository\com\google\guava\guava\31.1-jre\guava-31.1-jre.jar;C:\Users\Satya\.m2\repository\com\google\guava\failureaccess\1.0.1\failureaccess-1.0.1.jar;C:\Users\Satya\.m2\repository\com\google\guava\listenablefuture\9999.0-empty-to-avoid-conflict-with-guava\listenablefuture-9999.0-empty-to-avoid-conflict-with-guava.jar;C:\Users\Satya\.m2\repository\com\google\code\findbugs\jsr305\3.0.2\jsr305-3.0.2.jar;C:\Users\Satya\.m2\repository\org\checkerframework\checker-qual\3.12.0\checker-qual-3.12.0.jar;C:\Users\Satya\.m2\repository\com\google\errorprone\error_prone_annotations\2.11.0\error_prone_annotations-2.11.0.jar;C:\Users\Satya\.m2\repository\com\google\j2objc\j2objc-annotations\1.3\j2objc-annotations-1.3.jar;C:\Users\Satya\.m2\repository\org\seleniumhq\selenium\selenium-chromium-driver\4.8.1\selenium-chromium-driver-4.8.1.jar;C:\Users\Satya\.m2\repository\org\seleniumhq\selenium\selenium-json\4.8.1\selenium-json-4.8.1.jar;C:\Users\Satya\.m2\repository\org\seleniumhq\selenium\selenium-devtools-v108\4.8.1\selenium-devtools-v108-4.8.1.jar;C:\Users\Satya\.m2\repository\org\seleniumhq\selenium\selenium-devtools-v109\4.8.1\selenium-devtools-v109-4.8.1.jar;C:\Users\Satya\.m2\repository\org\seleniumhq\selenium\selenium-devtools-v110\4.8.1\selenium-devtools-v110-4.8.1.jar;C:\Users\Satya\.m2\repository\org\seleniumhq\selenium\selenium-devtools-v85\4.8.1\selenium-devtools-v85-4.8.1.jar;C:\Users\Satya\.m2\repository\org\seleniumhq\selenium\selenium-edge-driver\4.8.1\selenium-edge-driver-4.8.1.jar;C:\Users\Satya\.m2\repository\org\seleniumhq\selenium\selenium-firefox-driver\4.8.1\selenium-firefox-driver-4.8.1.jar;C:\Users\Satya\.m2\repository\org\seleniumhq\selenium\selenium-http\4.8.1\selenium-http-4.8.1.jar;C:\Users\Satya\.m2\repository\dev\failsafe\failsafe\3.3.0\failsafe-3.3.0.jar;C:\Users\Satya\.m2\repository\org\seleniumhq\selenium\selenium-ie-driver\4.8.1\selenium-ie-driver-4.8.1.jar;C:\Users\Satya\.m2\repository\org\seleniumhq\selenium\selenium-remote-driver\4.8.1\selenium-remote-driver-4.8.1.jar;C:\Users\Satya\.m2\repository\io\netty\netty-buffer\4.1.87.Final\netty-buffer-4.1.87.Final.jar;C:\Users\Satya\.m2\repository\io\netty\netty-codec-http\4.1.87.Final\netty-codec-http-4.1.87.Final.jar;C:\Users\Satya\.m2\repository\io\netty\netty-codec\4.1.87.Final\netty-codec-4.1.87.Final.jar;C:\Users\Satya\.m2\repository\io\netty\netty-handler\4.1.87.Final\netty-handler-4.1.87.Final.jar;C:\Users\Satya\.m2\repository\io\netty\netty-common\4.1.87.Final\netty-common-4.1.87.Final.jar;C:\Users\Satya\.m2\repository\io\netty\netty-transport-classes-epoll\4.1.87.Final\netty-transport-classes-epoll-4.1.87.Final.jar;C:\Users\Satya\.m2\repository\io\netty\netty-transport-classes-kqueue\4.1.87.Final\netty-transport-classes-kqueue-4.1.87.Final.jar;C:\Users\Satya\.m2\repository\io\netty\netty-transport-native-epoll\4.1.87.Final\netty-transport-native-epoll-4.1.87.Final.jar;C:\Users\Satya\.m2\repository\io\netty\netty-transport-native-kqueue\4.1.87.Final\netty-transport-native-kqueue-4.1.87.Final.jar;C:\Users\Satya\.m2\repository\io\netty\netty-transport-native-unix-common\4.1.87.Final\netty-transport-native-unix-common-4.1.87.Final.jar;C:\Users\Satya\.m2\repository\io\netty\netty-transport\4.1.87.Final\netty-transport-4.1.87.Final.jar;C:\Users\Satya\.m2\repository\io\netty\netty-resolver\4.1.87.Final\netty-resolver-4.1.87.Final.jar;C:\Users\Satya\.m2\repository\io\opentelemetry\opentelemetry-api\1.22.0\opentelemetry-api-1.22.0.jar;C:\Users\Satya\.m2\repository\io\opentelemetry\opentelemetry-context\1.22.0\opentelemetry-context-1.22.0.jar;C:\Users\Satya\.m2\repository\io\opentelemetry\opentelemetry-exporter-logging\1.22.0\opentelemetry-exporter-logging-1.22.0.jar;C:\Users\Satya\.m2\repository\io\opentelemetry\opentelemetry-sdk-metrics\1.22.0\opentelemetry-sdk-metrics-1.22.0.jar;C:\Users\Satya\.m2\repository\io\opentelemetry\opentelemetry-sdk-logs\1.22.0-alpha\opentelemetry-sdk-logs-1.22.0-alpha.jar;C:\Users\Satya\.m2\repository\io\opentelemetry\opentelemetry-api-logs\1.22.0-alpha\opentelemetry-api-logs-1.22.0-alpha.jar;C:\Users\Satya\.m2\repository\io\opentelemetry\opentelemetry-sdk-common\1.22.0\opentelemetry-sdk-common-1.22.0.jar;C:\Users\Satya\.m2\repository\io\opentelemetry\opentelemetry-sdk-extension-autoconfigure-spi\1.22.0\opentelemetry-sdk-extension-autoconfigure-spi-1.22.0.jar;C:\Users\Satya\.m2\repository\io\opentelemetry\opentelemetry-sdk-extension-autoconfigure\1.22.0-alpha\opentelemetry-sdk-extension-autoconfigure-1.22.0-alpha.jar;C:\Users\Satya\.m2\repository\io\opentelemetry\opentelemetry-sdk-trace\1.22.0\opentelemetry-sdk-trace-1.22.0.jar;C:\Users\Satya\.m2\repository\io\opentelemetry\opentelemetry-sdk\1.22.0\opentelemetry-sdk-1.22.0.jar;C:\Users\Satya\.m2\repository\io\opentelemetry\opentelemetry-semconv\1.22.0-alpha\opentelemetry-semconv-1.22.0-alpha.jar;C:\Users\Satya\.m2\repository\io\ous\jtoml\2.0.0\jtoml-2.0.0.jar;C:\Users\Satya\.m2\repository\net\bytebuddy\byte-buddy\1.12.22\byte-buddy-1.12.22.jar;C:\Users\Satya\.m2\repository\org\apache\commons\commons-exec\1.3\commons-exec-1.3.jar;C:\Users\Satya\.m2\repository\org\asynchttpclient\async-http-client\2.12.3\async-http-client-2.12.3.jar;C:\Users\Satya\.m2\repository\org\asynchttpclient\async-http-client-netty-utils\2.12.3\async-http-client-netty-utils-2.12.3.jar;C:\Users\Satya\.m2\repository\io\netty\netty-codec-socks\4.1.60.Final\netty-codec-socks-4.1.60.Final.jar;C:\Users\Satya\.m2\repository\io\netty\netty-handler-proxy\4.1.60.Final\netty-handler-proxy-4.1.60.Final.jar;C:\Users\Satya\.m2\repository\io\netty\netty-transport-native-epoll\4.1.60.Final\netty-transport-native-epoll-4.1.60.Final-linux-x86_64.jar;C:\Users\Satya\.m2\repository\io\netty\netty-transport-native-kqueue\4.1.60.Final\netty-transport-native-kqueue-4.1.60.Final-osx-x86_64.jar;C:\Users\Satya\.m2\repository\org\reactivestreams\reactive-streams\1.0.3\reactive-streams-1.0.3.jar;C:\Users\Satya\.m2\repository\com\typesafe\netty\netty-reactive-streams\2.0.4\netty-reactive-streams-2.0.4.jar;C:\Users\Satya\.m2\repository\com\sun\activation\jakarta.activation\1.2.2\jakarta.activation-1.2.2.jar;C:\Users\Satya\.m2\repository\org\seleniumhq\selenium\selenium-manager\4.8.1\selenium-manager-4.8.1.jar;C:\Users\Satya\.m2\repository\org\seleniumhq\selenium\selenium-safari-driver\4.8.1\selenium-safari-driver-4.8.1.jar;C:\Users\Satya\.m2\repository\org\seleniumhq\selenium\selenium-support\4.8.1\selenium-support-4.8.1.jar;C:\Users\Satya\.m2\repository\org\testng\testng\7.7.1\testng-7.7.1.jar;C:\Users\Satya\.m2\repository\org\slf4j\slf4j-api\1.7.36\slf4j-api-1.7.36.jar;C:\Users\Satya\.m2\repository\com\beust\jcommander\1.82\jcommander-1.82.jar;C:\Users\Satya\.m2\repository\org\webjars\jquery\3.6.1\jquery-3.6.1.jar;C:\Users\Satya\.m2\repository\com\googlecode\json-simple\json-simple\1.1.1\json-simple-1.1.1.jar;C:\Users\Satya\.m2\repository\net\masterthought\cucumber-reporting\5.7.5\cucumber-reporting-5.7.5.jar;C:\Users\Satya\.m2\repository\com\fasterxml\jackson\core\jackson-databind\2.13.2.2\jackson-databind-2.13.2.2.jar;C:\Users\Satya\.m2\repository\com\fasterxml\jackson\core\jackson-annotations\2.13.2\jackson-annotations-2.13.2.jar;C:\Users\Satya\.m2\repository\com\fasterxml\jackson\core\jackson-core\2.13.2\jackson-core-2.13.2.jar;C:\Users\Satya\.m2\repository\com\fasterxml\jackson\datatype\jackson-datatype-jsr310\2.13.2\jackson-datatype-jsr310-2.13.2.jar;C:\Users\Satya\.m2\repository\org\apache\velocity\velocity-engine-core\2.3\velocity-engine-core-2.3.jar;C:\Users\Satya\.m2\repository\org\apache\commons\commons-collections4\4.4\commons-collections4-4.4.jar;C:\Users\Satya\.m2\repository\joda-time\joda-time\2.12.2\joda-time-2.12.2.jar;C:\Users\Satya\.m2\repository\commons-io\commons-io\2.7\commons-io-2.7.jar;C:\Users\Satya\.m2\repository\org\codehaus\plexus\plexus-utils\3.5.0\plexus-utils-3.5.0.jar;C:\Users\Satya\.m2\repository\org\jsoup\jsoup\1.15.4\jsoup-1.15.4.jar;C:\Users\Satya\.m2\repository\com\googlecode\owasp-java-html-sanitizer\owasp-java-html-sanitizer\20220608.1\owasp-java-html-sanitizer-20220608.1.jar;C:\Users\Satya\.m2\repository\commons-configuration\commons-configuration\1.10\commons-configuration-1.10.jar;C:\Users\Satya\.m2\repository\commons-lang\commons-lang\2.6\commons-lang-2.6.jar;"/>
    <property name="java.vm.vendor" value="Oracle Corporation"/>
    <property name="sun.arch.data.model" value="64"/>
    <property name="user.variant" value=""/>
    <property name="java.vendor.url" value="https://openjdk.java.net/"/>
    <property name="user.timezone" value="Asia/Calcutta"/>
    <property name="java.vm.specification.version" value="11"/>
    <property name="os.name" value="Windows 11"/>
    <property name="sun.java.launcher" value="SUN_STANDARD"/>
    <property name="user.country" value="IN"/>
    <property name="sun.boot.library.path" value="C:\Program Files\Java\jdk-11\bin"/>
    <property name="sun.java.command" value="C:\Users\Satya\AppData\Local\Temp\surefire521806531993733690\surefirebooter-20230310153046024_3.jar C:\Users\Satya\AppData\Local\Temp\surefire521806531993733690 2023-03-10T15-30-45_360-jvmRun1 surefire-20230310153046024_1tmp surefire_0-20230310153046024_2tmp"/>
    <property name="jdk.debug" value="release"/>
    <property name="surefire.test.class.path" value="C:\Users\Suvendu\Nana\framework\Assignment\target\test-classes;C:\Users\Suvendu\Nana\framework\Assignment\target\classes;C:\Users\Satya\.m2\repository\io\rest-assured\rest-assured\5.3.0\rest-assured-5.3.0.jar;C:\Users\Satya\.m2\repository\org\apache\groovy\groovy\4.0.6\groovy-4.0.6.jar;C:\Users\Satya\.m2\repository\org\apache\groovy\groovy-xml\4.0.6\groovy-xml-4.0.6.jar;C:\Users\Satya\.m2\repository\org\apache\httpcomponents\httpclient\4.5.13\httpclient-4.5.13.jar;C:\Users\Satya\.m2\repository\org\apache\httpcomponents\httpcore\4.4.13\httpcore-4.4.13.jar;C:\Users\Satya\.m2\repository\commons-logging\commons-logging\1.2\commons-logging-1.2.jar;C:\Users\Satya\.m2\repository\commons-codec\commons-codec\1.11\commons-codec-1.11.jar;C:\Users\Satya\.m2\repository\org\apache\httpcomponents\httpmime\4.5.13\httpmime-4.5.13.jar;C:\Users\Satya\.m2\repository\org\hamcrest\hamcrest\2.1\hamcrest-2.1.jar;C:\Users\Satya\.m2\repository\org\ccil\cowan\tagsoup\tagsoup\1.2.1\tagsoup-1.2.1.jar;C:\Users\Satya\.m2\repository\io\rest-assured\json-path\5.3.0\json-path-5.3.0.jar;C:\Users\Satya\.m2\repository\org\apache\groovy\groovy-json\4.0.6\groovy-json-4.0.6.jar;C:\Users\Satya\.m2\repository\io\rest-assured\rest-assured-common\5.3.0\rest-assured-common-5.3.0.jar;C:\Users\Satya\.m2\repository\io\rest-assured\xml-path\5.3.0\xml-path-5.3.0.jar;C:\Users\Satya\.m2\repository\org\apache\commons\commons-lang3\3.11\commons-lang3-3.11.jar;C:\Users\Satya\.m2\repository\io\cucumber\cucumber-java\7.11.0\cucumber-java-7.11.0.jar;C:\Users\Satya\.m2\repository\io\cucumber\cucumber-core\7.11.0\cucumber-core-7.11.0.jar;C:\Users\Satya\.m2\repository\io\cucumber\cucumber-gherkin\7.11.0\cucumber-gherkin-7.11.0.jar;C:\Users\Satya\.m2\repository\io\cucumber\cucumber-gherkin-messages\7.11.0\cucumber-gherkin-messages-7.11.0.jar;C:\Users\Satya\.m2\repository\io\cucumber\gherkin\26.0.3\gherkin-26.0.3.jar;C:\Users\Satya\.m2\repository\io\cucumber\messages\21.0.1\messages-21.0.1.jar;C:\Users\Satya\.m2\repository\io\cucumber\tag-expressions\5.0.1\tag-expressions-5.0.1.jar;C:\Users\Satya\.m2\repository\io\cucumber\cucumber-expressions\16.1.1\cucumber-expressions-16.1.1.jar;C:\Users\Satya\.m2\repository\io\cucumber\datatable\7.11.0\datatable-7.11.0.jar;C:\Users\Satya\.m2\repository\io\cucumber\cucumber-plugin\7.11.0\cucumber-plugin-7.11.0.jar;C:\Users\Satya\.m2\repository\io\cucumber\docstring\7.11.0\docstring-7.11.0.jar;C:\Users\Satya\.m2\repository\io\cucumber\html-formatter\20.2.1\html-formatter-20.2.1.jar;C:\Users\Satya\.m2\repository\io\cucumber\junit-xml-formatter\0.1.0\junit-xml-formatter-0.1.0.jar;C:\Users\Satya\.m2\repository\io\cucumber\ci-environment\9.1.0\ci-environment-9.1.0.jar;C:\Users\Satya\.m2\repository\org\apiguardian\apiguardian-api\1.1.2\apiguardian-api-1.1.2.jar;C:\Users\Satya\.m2\repository\io\cucumber\cucumber-junit\7.11.0\cucumber-junit-7.11.0.jar;C:\Users\Satya\.m2\repository\io\cucumber\cucumber-testng\7.11.0\cucumber-testng-7.11.0.jar;C:\Users\Satya\.m2\repository\junit\junit\4.13.1\junit-4.13.1.jar;C:\Users\Satya\.m2\repository\org\hamcrest\hamcrest-core\1.3\hamcrest-core-1.3.jar;C:\Users\Satya\.m2\repository\org\seleniumhq\selenium\selenium-java\4.8.1\selenium-java-4.8.1.jar;C:\Users\Satya\.m2\repository\org\seleniumhq\selenium\selenium-api\4.8.1\selenium-api-4.8.1.jar;C:\Users\Satya\.m2\repository\org\seleniumhq\selenium\selenium-chrome-driver\4.8.1\selenium-chrome-driver-4.8.1.jar;C:\Users\Satya\.m2\repository\com\google\auto\service\auto-service-annotations\1.0.1\auto-service-annotations-1.0.1.jar;C:\Users\Satya\.m2\repository\com\google\auto\service\auto-service\1.0.1\auto-service-1.0.1.jar;C:\Users\Satya\.m2\repository\com\google\auto\auto-common\1.2\auto-common-1.2.jar;C:\Users\Satya\.m2\repository\com\google\guava\guava\31.1-jre\guava-31.1-jre.jar;C:\Users\Satya\.m2\repository\com\google\guava\failureaccess\1.0.1\failureaccess-1.0.1.jar;C:\Users\Satya\.m2\repository\com\google\guava\listenablefuture\9999.0-empty-to-avoid-conflict-with-guava\listenablefuture-9999.0-empty-to-avoid-conflict-with-guava.jar;C:\Users\Satya\.m2\repository\com\google\code\findbugs\jsr305\3.0.2\jsr305-3.0.2.jar;C:\Users\Satya\.m2\repository\org\checkerframework\checker-qual\3.12.0\checker-qual-3.12.0.jar;C:\Users\Satya\.m2\repository\com\google\errorprone\error_prone_annotations\2.11.0\error_prone_annotations-2.11.0.jar;C:\Users\Satya\.m2\repository\com\google\j2objc\j2objc-annotations\1.3\j2objc-annotations-1.3.jar;C:\Users\Satya\.m2\repository\org\seleniumhq\selenium\selenium-chromium-driver\4.8.1\selenium-chromium-driver-4.8.1.jar;C:\Users\Satya\.m2\repository\org\seleniumhq\selenium\selenium-json\4.8.1\selenium-json-4.8.1.jar;C:\Users\Satya\.m2\repository\org\seleniumhq\selenium\selenium-devtools-v108\4.8.1\selenium-devtools-v108-4.8.1.jar;C:\Users\Satya\.m2\repository\org\seleniumhq\selenium\selenium-devtools-v109\4.8.1\selenium-devtools-v109-4.8.1.jar;C:\Users\Satya\.m2\repository\org\seleniumhq\selenium\selenium-devtools-v110\4.8.1\selenium-devtools-v110-4.8.1.jar;C:\Users\Satya\.m2\repository\org\seleniumhq\selenium\selenium-devtools-v85\4.8.1\selenium-devtools-v85-4.8.1.jar;C:\Users\Satya\.m2\repository\org\seleniumhq\selenium\selenium-edge-driver\4.8.1\selenium-edge-driver-4.8.1.jar;C:\Users\Satya\.m2\repository\org\seleniumhq\selenium\selenium-firefox-driver\4.8.1\selenium-firefox-driver-4.8.1.jar;C:\Users\Satya\.m2\repository\org\seleniumhq\selenium\selenium-http\4.8.1\selenium-http-4.8.1.jar;C:\Users\Satya\.m2\repository\dev\failsafe\failsafe\3.3.0\failsafe-3.3.0.jar;C:\Users\Satya\.m2\repository\org\seleniumhq\selenium\selenium-ie-driver\4.8.1\selenium-ie-driver-4.8.1.jar;C:\Users\Satya\.m2\repository\org\seleniumhq\selenium\selenium-remote-driver\4.8.1\selenium-remote-driver-4.8.1.jar;C:\Users\Satya\.m2\repository\io\netty\netty-buffer\4.1.87.Final\netty-buffer-4.1.87.Final.jar;C:\Users\Satya\.m2\repository\io\netty\netty-codec-http\4.1.87.Final\netty-codec-http-4.1.87.Final.jar;C:\Users\Satya\.m2\repository\io\netty\netty-codec\4.1.87.Final\netty-codec-4.1.87.Final.jar;C:\Users\Satya\.m2\repository\io\netty\netty-handler\4.1.87.Final\netty-handler-4.1.87.Final.jar;C:\Users\Satya\.m2\repository\io\netty\netty-common\4.1.87.Final\netty-common-4.1.87.Final.jar;C:\Users\Satya\.m2\repository\io\netty\netty-transport-classes-epoll\4.1.87.Final\netty-transport-classes-epoll-4.1.87.Final.jar;C:\Users\Satya\.m2\repository\io\netty\netty-transport-classes-kqueue\4.1.87.Final\netty-transport-classes-kqueue-4.1.87.Final.jar;C:\Users\Satya\.m2\repository\io\netty\netty-transport-native-epoll\4.1.87.Final\netty-transport-native-epoll-4.1.87.Final.jar;C:\Users\Satya\.m2\repository\io\netty\netty-transport-native-kqueue\4.1.87.Final\netty-transport-native-kqueue-4.1.87.Final.jar;C:\Users\Satya\.m2\repository\io\netty\netty-transport-native-unix-common\4.1.87.Final\netty-transport-native-unix-common-4.1.87.Final.jar;C:\Users\Satya\.m2\repository\io\netty\netty-transport\4.1.87.Final\netty-transport-4.1.87.Final.jar;C:\Users\Satya\.m2\repository\io\netty\netty-resolver\4.1.87.Final\netty-resolver-4.1.87.Final.jar;C:\Users\Satya\.m2\repository\io\opentelemetry\opentelemetry-api\1.22.0\opentelemetry-api-1.22.0.jar;C:\Users\Satya\.m2\repository\io\opentelemetry\opentelemetry-context\1.22.0\opentelemetry-context-1.22.0.jar;C:\Users\Satya\.m2\repository\io\opentelemetry\opentelemetry-exporter-logging\1.22.0\opentelemetry-exporter-logging-1.22.0.jar;C:\Users\Satya\.m2\repository\io\opentelemetry\opentelemetry-sdk-metrics\1.22.0\opentelemetry-sdk-metrics-1.22.0.jar;C:\Users\Satya\.m2\repository\io\opentelemetry\opentelemetry-sdk-logs\1.22.0-alpha\opentelemetry-sdk-logs-1.22.0-alpha.jar;C:\Users\Satya\.m2\repository\io\opentelemetry\opentelemetry-api-logs\1.22.0-alpha\opentelemetry-api-logs-1.22.0-alpha.jar;C:\Users\Satya\.m2\repository\io\opentelemetry\opentelemetry-sdk-common\1.22.0\opentelemetry-sdk-common-1.22.0.jar;C:\Users\Satya\.m2\repository\io\opentelemetry\opentelemetry-sdk-extension-autoconfigure-spi\1.22.0\opentelemetry-sdk-extension-autoconfigure-spi-1.22.0.jar;C:\Users\Satya\.m2\repository\io\opentelemetry\opentelemetry-sdk-extension-autoconfigure\1.22.0-alpha\opentelemetry-sdk-extension-autoconfigure-1.22.0-alpha.jar;C:\Users\Satya\.m2\repository\io\opentelemetry\opentelemetry-sdk-trace\1.22.0\opentelemetry-sdk-trace-1.22.0.jar;C:\Users\Satya\.m2\repository\io\opentelemetry\opentelemetry-sdk\1.22.0\opentelemetry-sdk-1.22.0.jar;C:\Users\Satya\.m2\repository\io\opentelemetry\opentelemetry-semconv\1.22.0-alpha\opentelemetry-semconv-1.22.0-alpha.jar;C:\Users\Satya\.m2\repository\io\ous\jtoml\2.0.0\jtoml-2.0.0.jar;C:\Users\Satya\.m2\repository\net\bytebuddy\byte-buddy\1.12.22\byte-buddy-1.12.22.jar;C:\Users\Satya\.m2\repository\org\apache\commons\commons-exec\1.3\commons-exec-1.3.jar;C:\Users\Satya\.m2\repository\org\asynchttpclient\async-http-client\2.12.3\async-http-client-2.12.3.jar;C:\Users\Satya\.m2\repository\org\asynchttpclient\async-http-client-netty-utils\2.12.3\async-http-client-netty-utils-2.12.3.jar;C:\Users\Satya\.m2\repository\io\netty\netty-codec-socks\4.1.60.Final\netty-codec-socks-4.1.60.Final.jar;C:\Users\Satya\.m2\repository\io\netty\netty-handler-proxy\4.1.60.Final\netty-handler-proxy-4.1.60.Final.jar;C:\Users\Satya\.m2\repository\io\netty\netty-transport-native-epoll\4.1.60.Final\netty-transport-native-epoll-4.1.60.Final-linux-x86_64.jar;C:\Users\Satya\.m2\repository\io\netty\netty-transport-native-kqueue\4.1.60.Final\netty-transport-native-kqueue-4.1.60.Final-osx-x86_64.jar;C:\Users\Satya\.m2\repository\org\reactivestreams\reactive-streams\1.0.3\reactive-streams-1.0.3.jar;C:\Users\Satya\.m2\repository\com\typesafe\netty\netty-reactive-streams\2.0.4\netty-reactive-streams-2.0.4.jar;C:\Users\Satya\.m2\repository\com\sun\activation\jakarta.activation\1.2.2\jakarta.activation-1.2.2.jar;C:\Users\Satya\.m2\repository\org\seleniumhq\selenium\selenium-manager\4.8.1\selenium-manager-4.8.1.jar;C:\Users\Satya\.m2\repository\org\seleniumhq\selenium\selenium-safari-driver\4.8.1\selenium-safari-driver-4.8.1.jar;C:\Users\Satya\.m2\repository\org\seleniumhq\selenium\selenium-support\4.8.1\selenium-support-4.8.1.jar;C:\Users\Satya\.m2\repository\org\testng\testng\7.7.1\testng-7.7.1.jar;C:\Users\Satya\.m2\repository\org\slf4j\slf4j-api\1.7.36\slf4j-api-1.7.36.jar;C:\Users\Satya\.m2\repository\com\beust\jcommander\1.82\jcommander-1.82.jar;C:\Users\Satya\.m2\repository\org\webjars\jquery\3.6.1\jquery-3.6.1.jar;C:\Users\Satya\.m2\repository\com\googlecode\json-simple\json-simple\1.1.1\json-simple-1.1.1.jar;C:\Users\Satya\.m2\repository\net\masterthought\cucumber-reporting\5.7.5\cucumber-reporting-5.7.5.jar;C:\Users\Satya\.m2\repository\com\fasterxml\jackson\core\jackson-databind\2.13.2.2\jackson-databind-2.13.2.2.jar;C:\Users\Satya\.m2\repository\com\fasterxml\jackson\core\jackson-annotations\2.13.2\jackson-annotations-2.13.2.jar;C:\Users\Satya\.m2\repository\com\fasterxml\jackson\core\jackson-core\2.13.2\jackson-core-2.13.2.jar;C:\Users\Satya\.m2\repository\com\fasterxml\jackson\datatype\jackson-datatype-jsr310\2.13.2\jackson-datatype-jsr310-2.13.2.jar;C:\Users\Satya\.m2\repository\org\apache\velocity\velocity-engine-core\2.3\velocity-engine-core-2.3.jar;C:\Users\Satya\.m2\repository\org\apache\commons\commons-collections4\4.4\commons-collections4-4.4.jar;C:\Users\Satya\.m2\repository\joda-time\joda-time\2.12.2\joda-time-2.12.2.jar;C:\Users\Satya\.m2\repository\commons-io\commons-io\2.7\commons-io-2.7.jar;C:\Users\Satya\.m2\repository\org\codehaus\plexus\plexus-utils\3.5.0\plexus-utils-3.5.0.jar;C:\Users\Satya\.m2\repository\org\jsoup\jsoup\1.15.4\jsoup-1.15.4.jar;C:\Users\Satya\.m2\repository\com\googlecode\owasp-java-html-sanitizer\owasp-java-html-sanitizer\20220608.1\owasp-java-html-sanitizer-20220608.1.jar;C:\Users\Satya\.m2\repository\commons-configuration\commons-configuration\1.10\commons-configuration-1.10.jar;C:\Users\Satya\.m2\repository\commons-lang\commons-lang\2.6\commons-lang-2.6.jar;"/>
    <property name="sun.cpu.endian" value="little"/>
    <property name="user.home" value="C:\Users\Satya"/>
    <property name="user.language" value="en"/>
    <property name="java.specification.vendor" value="Oracle Corporation"/>
    <property name="java.version.date" value="2023-01-17"/>
    <property name="java.home" value="C:\Program Files\Java\jdk-11"/>
    <property name="file.separator" value="\"/>
    <property name="basedir" value="C:\Users\Suvendu\Nana\framework\Assignment"/>
    <property name="java.vm.compressedOopsMode" value="32-bit"/>
    <property name="line.separator" value="&#10;"/>
    <property name="java.specification.name" value="Java Platform API Specification"/>
    <property name="java.vm.specification.vendor" value="Oracle Corporation"/>
    <property name="java.awt.graphicsenv" value="sun.awt.Win32GraphicsEnvironment"/>
    <property name="surefire.real.class.path" value="C:\Users\Satya\AppData\Local\Temp\surefire521806531993733690\surefirebooter-20230310153046024_3.jar"/>
    <property name="user.script" value=""/>
    <property name="sun.management.compiler" value="HotSpot 64-Bit Tiered Compilers"/>
    <property name="java.runtime.version" value="11.0.18+9-LTS-195"/>
    <property name="user.name" value="Satya"/>
    <property name="path.separator" value=";"/>
    <property name="os.version" value="10.0"/>
    <property name="java.runtime.name" value="Java(TM) SE Runtime Environment"/>
    <property name="file.encoding" value="Cp1252"/>
    <property name="java.vm.name" value="Java HotSpot(TM) 64-Bit Server VM"/>
    <property name="java.vendor.version" value="18.9"/>
    <property name="localRepository" value="C:\Users\Satya\.m2\repository"/>
    <property name="java.vendor.url.bug" value="https://bugreport.java.com/bugreport/"/>
    <property name="java.io.tmpdir" value="C:\Users\Satya\AppData\Local\Temp\"/>
    <property name="java.version" value="11.0.18"/>
    <property name="user.dir" value="C:\Users\Suvendu\Nana\framework\Assignment"/>
    <property name="os.arch" value="amd64"/>
    <property name="java.vm.specification.name" value="Java Virtual Machine Specification"/>
    <property name="java.awt.printerjob" value="sun.awt.windows.WPrinterJob"/>
    <property name="sun.os.patch.level" value=""/>
    <property name="java.library.path" value="C:\Program Files\Java\jdk-11\bin;C:\WINDOWS\Sun\Java\bin;C:\WINDOWS\system32;C:\WINDOWS;C:\Program Files\Common Files\Oracle\Java\javapath;C:\WINDOWS\system32;C:\WINDOWS;C:\WINDOWS\System32\Wbem;C:\WINDOWS\System32\WindowsPowerShell\v1.0\;C:\WINDOWS\System32\OpenSSH\;C:\Program Files (x86)\PuTTY\;C:\Program Files\dotnet\;C:\Program Files\Java\jdk-11\bin;C:\Program Files\apache-maven-3.9.0\bin;C:\Users\Satya\AppData\Local\Microsoft\WindowsApps;;."/>
    <property name="java.vendor" value="Oracle Corporation"/>
    <property name="java.vm.info" value="mixed mode"/>
    <property name="java.vm.version" value="11.0.18+9-LTS-195"/>
    <property name="sun.io.unicode.encoding" value="UnicodeLittle"/>
    <property name="java.class.version" value="55.0"/>
  </properties>
  <testcase name="run" classname="com.test.runner.TestRunner" time="0.017">
    <system-err><![CDATA[SLF4J: Failed to load class "org.slf4j.impl.StaticLoggerBinder".
SLF4J: Defaulting to no-operation (NOP) logger implementation
SLF4J: See http://www.slf4j.org/codes.html#StaticLoggerBinder for further details.
]]></system-err>
  </testcase>
  <testcase name="runScenario[&quot;This is to test create booking request in restful-booker&quot;, &quot;API documentation for restful-booker&quot;](1)" classname="com.test.runner.TestRunner" time="6.795">
    <system-out><![CDATA[Created
{
    "bookingid": 8976,
    "booking": {
        "firstname": "Suvendu",
        "lastname": "Brown",
        "totalprice": 111,
        "depositpaid": true,
        "bookingdates": {
            "checkin": "2023-05-01",
            "checkout": "2023-05-02"
        },
        "additionalneeds": "Breakfast"
    }
}
8976
]]></system-out>
  </testcase>
  <testcase name="runScenario[&quot;This is to test get booking ids request in restful-booker&quot;, &quot;API documentation for restful-booker&quot;](2)" classname="com.test.runner.TestRunner" time="3.868">
    <system-out><![CDATA[Created
[
    {
        "bookingid": 4613
    },
    {
        "bookingid": 561
    },
    {
        "bookingid": 4843
    },
    {
        "bookingid": 4406
    },
    {
        "bookingid": 654
    },
    {
        "bookingid": 5363
    },
    {
        "bookingid": 1873
    },
    {
        "bookingid": 3182
    },
    {
        "bookingid": 2766
    },
    {
        "bookingid": 2027
    },
    {
        "bookingid": 8384
    },
    {
        "bookingid": 6820
    },
    {
        "bookingid": 122
    },
    {
        "bookingid": 1433
    },
    {
        "bookingid": 5808
    },
    {
        "bookingid": 6494
    },
    {
        "bookingid": 6008
    },
    {
        "bookingid": 8322
    },
    {
        "bookingid": 7135
    },
    {
        "bookingid": 4229
    },
    {
        "bookingid": 4352
    },
    {
        "bookingid": 1645
    },
    {
        "bookingid": 1487
    },
    {
        "bookingid": 3518
    },
    {
        "bookingid": 1995
    },
    {
        "bookingid": 3379
    },
    {
        "bookingid": 1318
    },
    {
        "bookingid": 4440
    },
    {
        "bookingid": 515
    },
    {
        "bookingid": 6967
    },
    {
        "bookingid": 3674
    },
    {
        "bookingid": 9025
    },
    {
        "bookingid": 1659
    },
    {
        "bookingid": 3437
    },
    {
        "bookingid": 6240
    },
    {
        "bookingid": 6749
    },
    {
        "bookingid": 8939
    },
    {
        "bookingid": 977
    },
    {
        "bookingid": 2903
    },
    {
        "bookingid": 8490
    },
    {
        "bookingid": 2006
    },
    {
        "bookingid": 7058
    },
    {
        "bookingid": 7443
    },
    {
        "bookingid": 6435
    },
    {
        "bookingid": 1545
    },
    {
        "bookingid": 2287
    },
    {
        "bookingid": 7232
    },
    {
        "bookingid": 4704
    },
    {
        "bookingid": 729
    },
    {
        "bookingid": 7195
    },
    {
        "bookingid": 9016
    },
    {
        "bookingid": 492
    },
    {
        "bookingid": 8425
    },
    {
        "bookingid": 5407
    },
    {
        "bookingid": 8447
    },
    {
        "bookingid": 207
    },
    {
        "bookingid": 3627
    },
    {
        "bookingid": 3301
    },
    {
        "bookingid": 7688
    },
    {
        "bookingid": 8483
    },
    {
        "bookingid": 8110
    },
    {
        "bookingid": 4424
    },
    {
        "bookingid": 6035
    },
    {
        "bookingid": 6587
    },
    {
        "bookingid": 8700
    },
    {
        "bookingid": 7728
    },
    {
        "bookingid": 1954
    },
    {
        "bookingid": 6898
    },
    {
        "bookingid": 4427
    },
    {
        "bookingid": 3921
    },
    {
        "bookingid": 8699
    },
    {
        "bookingid": 4131
    },
    {
        "bookingid": 396
    },
    {
        "bookingid": 6821
    },
    {
        "bookingid": 3581
    },
    {
        "bookingid": 748
    },
    {
        "bookingid": 679
    },
    {
        "bookingid": 3593
    },
    {
        "bookingid": 2514
    },
    {
        "bookingid": 7122
    },
    {
        "bookingid": 6520
    },
    {
        "bookingid": 7206
    },
    {
        "bookingid": 3985
    },
    {
        "bookingid": 1554
    },
    {
        "bookingid": 5630
    },
    {
        "bookingid": 6875
    },
    {
        "bookingid": 8908
    },
    {
        "bookingid": 8602
    },
    {
        "bookingid": 8922
    },
    {
        "bookingid": 3991
    },
    {
        "bookingid": 4672
    },
    {
        "bookingid": 4881
    },
    {
        "bookingid": 54
    },
    {
        "bookingid": 7240
    },
    {
        "bookingid": 2345
    },
    {
        "bookingid": 3102
    },
    {
        "bookingid": 3663
    },
    {
        "bookingid": 3174
    },
    {
        "bookingid": 7666
    },
    {
        "bookingid": 4814
    },
    {
        "bookingid": 7958
    },
    {
        "bookingid": 5807
    },
    {
        "bookingid": 2753
    },
    {
        "bookingid": 4553
    },
    {
        "bookingid": 9086
    },
    {
        "bookingid": 8997
    },
    {
        "bookingid": 7797
    },
    {
        "bookingid": 2353
    },
    {
        "bookingid": 455
    },
    {
        "bookingid": 6698
    },
    {
        "bookingid": 296
    },
    {
        "bookingid": 2019
    },
    {
        "bookingid": 9095
    },
    {
        "bookingid": 5165
    },
    {
        "bookingid": 8072
    },
    {
        "bookingid": 5334
    },
    {
        "bookingid": 8544
    },
    {
        "bookingid": 6953
    },
    {
        "bookingid": 1679
    },
    {
        "bookingid": 1141
    },
    {
        "bookingid": 6013
    },
    {
        "bookingid": 7280
    },
    {
        "bookingid": 450
    },
    {
        "bookingid": 6197
    },
    {
        "bookingid": 5143
    },
    {
        "bookingid": 3395
    },
    {
        "bookingid": 6095
    },
    {
        "bookingid": 6488
    },
    {
        "bookingid": 1581
    },
    {
        "bookingid": 3946
    },
    {
        "bookingid": 5105
    },
    {
        "bookingid": 905
    },
    {
        "bookingid": 1363
    },
    {
        "bookingid": 8059
    },
    {
        "bookingid": 1967
    },
    {
        "bookingid": 2149
    },
    {
        "bookingid": 1040
    },
    {
        "bookingid": 3928
    },
    {
        "bookingid": 6317
    },
    {
        "bookingid": 3294
    },
    {
        "bookingid": 8379
    },
    {
        "bookingid": 5809
    },
    {
        "bookingid": 2108
    },
    {
        "bookingid": 2433
    },
    {
        "bookingid": 6912
    },
    {
        "bookingid": 7589
    },
    {
        "bookingid": 994
    },
    {
        "bookingid": 2460
    },
    {
        "bookingid": 102
    },
    {
        "bookingid": 4461
    },
    {
        "bookingid": 425
    },
    {
        "bookingid": 6037
    },
    {
        "bookingid": 7350
    },
    {
        "bookingid": 4124
    },
    {
        "bookingid": 7459
    },
    {
        "bookingid": 1883
    },
    {
        "bookingid": 2607
    },
    {
        "bookingid": 7764
    },
    {
        "bookingid": 6673
    },
    {
        "bookingid": 714
    },
    {
        "bookingid": 3498
    },
    {
        "bookingid": 7307
    },
    {
        "bookingid": 1272
    },
    {
        "bookingid": 5370
    },
    {
        "bookingid": 267
    },
    {
        "bookingid": 8534
    },
    {
        "bookingid": 3880
    },
    {
        "bookingid": 8836
    },
    {
        "bookingid": 2952
    },
    {
        "bookingid": 6131
    },
    {
        "bookingid": 4110
    },
    {
        "bookingid": 5309
    },
    {
        "bookingid": 241
    },
    {
        "bookingid": 598
    },
    {
        "bookingid": 7513
    },
    {
        "bookingid": 1362
    },
    {
        "bookingid": 4300
    },
    {
        "bookingid": 7045
    },
    {
        "bookingid": 5171
    },
    {
        "bookingid": 4531
    },
    {
        "bookingid": 1085
    },
    {
        "bookingid": 4775
    },
    {
        "bookingid": 3740
    },
    {
        "bookingid": 5068
    },
    {
        "bookingid": 507
    },
    {
        "bookingid": 3966
    },
    {
        "bookingid": 4703
    },
    {
        "bookingid": 5219
    },
    {
        "bookingid": 2440
    },
    {
        "bookingid": 886
    },
    {
        "bookingid": 6806
    },
    {
        "bookingid": 3783
    },
    {
        "bookingid": 7923
    },
    {
        "bookingid": 6576
    },
    {
        "bookingid": 8965
    },
    {
        "bookingid": 20
    },
    {
        "bookingid": 3031
    },
    {
        "bookingid": 4721
    },
    {
        "bookingid": 4870
    },
    {
        "bookingid": 1801
    },
    {
        "bookingid": 2186
    },
    {
        "bookingid": 1361
    },
    {
        "bookingid": 6752
    },
    {
        "bookingid": 6354
    },
    {
        "bookingid": 4446
    },
    {
        "bookingid": 1657
    },
    {
        "bookingid": 188
    },
    {
        "bookingid": 728
    },
    {
        "bookingid": 8271
    },
    {
        "bookingid": 3483
    },
    {
        "bookingid": 5876
    },
    {
        "bookingid": 8431
    },
    {
        "bookingid": 528
    },
    {
        "bookingid": 5875
    },
    {
        "bookingid": 6176
    },
    {
        "bookingid": 2166
    },
    {
        "bookingid": 832
    },
    {
        "bookingid": 1917
    },
    {
        "bookingid": 2185
    },
    {
        "bookingid": 4191
    },
    {
        "bookingid": 2873
    },
    {
        "bookingid": 942
    },
    {
        "bookingid": 1165
    },
    {
        "bookingid": 3862
    },
    {
        "bookingid": 3919
    },
    {
        "bookingid": 5906
    },
    {
        "bookingid": 687
    },
    {
        "bookingid": 2135
    },
    {
        "bookingid": 1681
    },
    {
        "bookingid": 1446
    },
    {
        "bookingid": 6039
    },
    {
        "bookingid": 160
    },
    {
        "bookingid": 1000
    },
    {
        "bookingid": 8566
    },
    {
        "bookingid": 3303
    },
    {
        "bookingid": 6824
    },
    {
        "bookingid": 1916
    },
    {
        "bookingid": 8056
    },
    {
        "bookingid": 3150
    },
    {
        "bookingid": 5743
    },
    {
        "bookingid": 8889
    },
    {
        "bookingid": 2229
    },
    {
        "bookingid": 8198
    },
    {
        "bookingid": 703
    },
    {
        "bookingid": 1160
    },
    {
        "bookingid": 7354
    },
    {
        "bookingid": 8625
    },
    {
        "bookingid": 5571
    },
    {
        "bookingid": 9011
    },
    {
        "bookingid": 5213
    },
    {
        "bookingid": 3999
    },
    {
        "bookingid": 3532
    },
    {
        "bookingid": 43
    },
    {
        "bookingid": 627
    },
    {
        "bookingid": 1015
    },
    {
        "bookingid": 1288
    },
    {
        "bookingid": 3313
    },
    {
        "bookingid": 7952
    },
    {
        "bookingid": 1605
    },
    {
        "bookingid": 2533
    },
    {
        "bookingid": 6021
    },
    {
        "bookingid": 8227
    },
    {
        "bookingid": 2315
    },
    {
        "bookingid": 7033
    },
    {
        "bookingid": 7323
    },
    {
        "bookingid": 1713
    },
    {
        "bookingid": 8778
    },
    {
        "bookingid": 7689
    },
    {
        "bookingid": 112
    },
    {
        "bookingid": 6774
    },
    {
        "bookingid": 2069
    },
    {
        "bookingid": 2816
    },
    {
        "bookingid": 2414
    },
    {
        "bookingid": 2805
    },
    {
        "bookingid": 892
    },
    {
        "bookingid": 1912
    },
    {
        "bookingid": 429
    },
    {
        "bookingid": 6697
    },
    {
        "bookingid": 4953
    },
    {
        "bookingid": 7628
    },
    {
        "bookingid": 8031
    },
    {
        "bookingid": 8878
    },
    {
        "bookingid": 75
    },
    {
        "bookingid": 705
    },
    {
        "bookingid": 4095
    },
    {
        "bookingid": 4626
    },
    {
        "bookingid": 5223
    },
    {
        "bookingid": 1999
    },
    {
        "bookingid": 2097
    },
    {
        "bookingid": 8805
    },
    {
        "bookingid": 8357
    },
    {
        "bookingid": 3162
    },
    {
        "bookingid": 100
    },
    {
        "bookingid": 195
    },
    {
        "bookingid": 7325
    },
    {
        "bookingid": 9099
    },
    {
        "bookingid": 1442
    },
    {
        "bookingid": 2519
    },
    {
        "bookingid": 7526
    },
    {
        "bookingid": 3881
    },
    {
        "bookingid": 3350
    },
    {
        "bookingid": 850
    },
    {
        "bookingid": 4307
    },
    {
        "bookingid": 464
    },
    {
        "bookingid": 21
    },
    {
        "bookingid": 2902
    },
    {
        "bookingid": 266
    },
    {
        "bookingid": 257
    },
    {
        "bookingid": 5760
    },
    {
        "bookingid": 5142
    },
    {
        "bookingid": 6532
    },
    {
        "bookingid": 5570
    },
    {
        "bookingid": 6793
    },
    {
        "bookingid": 6766
    },
    {
        "bookingid": 8796
    },
    {
        "bookingid": 6465
    },
    {
        "bookingid": 1488
    },
    {
        "bookingid": 7362
    },
    {
        "bookingid": 537
    },
    {
        "bookingid": 4740
    },
    {
        "bookingid": 5447
    },
    {
        "bookingid": 6319
    },
    {
        "bookingid": 2220
    },
    {
        "bookingid": 6066
    },
    {
        "bookingid": 5023
    },
    {
        "bookingid": 9001
    },
    {
        "bookingid": 7987
    },
    {
        "bookingid": 8990
    },
    {
        "bookingid": 701
    },
    {
        "bookingid": 8153
    },
    {
        "bookingid": 1426
    },
    {
        "bookingid": 900
    },
    {
        "bookingid": 1771
    },
    {
        "bookingid": 2865
    },
    {
        "bookingid": 3773
    },
    {
        "bookingid": 3801
    },
    {
        "bookingid": 3487
    },
    {
        "bookingid": 2507
    },
    {
        "bookingid": 3391
    },
    {
        "bookingid": 6361
    },
    {
        "bookingid": 5594
    },
    {
        "bookingid": 5510
    },
    {
        "bookingid": 1262
    },
    {
        "bookingid": 8502
    },
    {
        "bookingid": 5190
    },
    {
        "bookingid": 1204
    },
    {
        "bookingid": 7936
    },
    {
        "bookingid": 7971
    },
    {
        "bookingid": 6179
    },
    {
        "bookingid": 8074
    },
    {
        "bookingid": 90
    },
    {
        "bookingid": 4083
    },
    {
        "bookingid": 2506
    },
    {
        "bookingid": 7658
    },
    {
        "bookingid": 3137
    },
    {
        "bookingid": 1751
    },
    {
        "bookingid": 5354
    },
    {
        "bookingid": 7891
    },
    {
        "bookingid": 3695
    },
    {
        "bookingid": 8256
    },
    {
        "bookingid": 7075
    },
    {
        "bookingid": 3004
    },
    {
        "bookingid": 5432
    },
    {
        "bookingid": 1593
    },
    {
        "bookingid": 8207
    },
    {
        "bookingid": 5662
    },
    {
        "bookingid": 2795
    },
    {
        "bookingid": 6848
    },
    {
        "bookingid": 7893
    },
    {
        "bookingid": 8204
    },
    {
        "bookingid": 6099
    },
    {
        "bookingid": 7632
    },
    {
        "bookingid": 7635
    },
    {
        "bookingid": 4742
    },
    {
        "bookingid": 2349
    },
    {
        "bookingid": 8312
    },
    {
        "bookingid": 8456
    },
    {
        "bookingid": 716
    },
    {
        "bookingid": 4717
    },
    {
        "bookingid": 5625
    },
    {
        "bookingid": 2103
    },
    {
        "bookingid": 4620
    },
    {
        "bookingid": 85
    },
    {
        "bookingid": 4243
    },
    {
        "bookingid": 6798
    },
    {
        "bookingid": 8364
    },
    {
        "bookingid": 3884
    },
    {
        "bookingid": 7627
    },
    {
        "bookingid": 7465
    },
    {
        "bookingid": 6810
    },
    {
        "bookingid": 1339
    },
    {
        "bookingid": 3882
    },
    {
        "bookingid": 5781
    },
    {
        "bookingid": 6350
    },
    {
        "bookingid": 341
    },
    {
        "bookingid": 2704
    },
    {
        "bookingid": 695
    },
    {
        "bookingid": 6462
    },
    {
        "bookingid": 2236
    },
    {
        "bookingid": 5359
    },
    {
        "bookingid": 5426
    },
    {
        "bookingid": 1950
    },
    {
        "bookingid": 7951
    },
    {
        "bookingid": 1425
    },
    {
        "bookingid": 8930
    },
    {
        "bookingid": 219
    },
    {
        "bookingid": 1368
    },
    {
        "bookingid": 366
    },
    {
        "bookingid": 205
    },
    {
        "bookingid": 9103
    },
    {
        "bookingid": 2845
    },
    {
        "bookingid": 2256
    },
    {
        "bookingid": 4966
    },
    {
        "bookingid": 3873
    },
    {
        "bookingid": 1946
    },
    {
        "bookingid": 4796
    },
    {
        "bookingid": 5794
    },
    {
        "bookingid": 7814
    },
    {
        "bookingid": 8000
    },
    {
        "bookingid": 4733
    },
    {
        "bookingid": 7768
    },
    {
        "bookingid": 1816
    },
    {
        "bookingid": 7792
    },
    {
        "bookingid": 7665
    },
    {
        "bookingid": 7305
    },
    {
        "bookingid": 5600
    },
    {
        "bookingid": 3870
    },
    {
        "bookingid": 6725
    },
    {
        "bookingid": 3904
    },
    {
        "bookingid": 1330
    },
    {
        "bookingid": 2462
    },
    {
        "bookingid": 3866
    },
    {
        "bookingid": 3073
    },
    {
        "bookingid": 5672
    },
    {
        "bookingid": 6123
    },
    {
        "bookingid": 304
    },
    {
        "bookingid": 4140
    },
    {
        "bookingid": 7899
    },
    {
        "bookingid": 5182
    },
    {
        "bookingid": 2609
    },
    {
        "bookingid": 2208
    },
    {
        "bookingid": 782
    },
    {
        "bookingid": 2464
    },
    {
        "bookingid": 4125
    },
    {
        "bookingid": 7277
    },
    {
        "bookingid": 8976
    },
    {
        "bookingid": 5104
    },
    {
        "bookingid": 7040
    },
    {
        "bookingid": 4937
    },
    {
        "bookingid": 8719
    },
    {
        "bookingid": 7405
    },
    {
        "bookingid": 6108
    },
    {
        "bookingid": 6777
    },
    {
        "bookingid": 3050
    },
    {
        "bookingid": 2043
    },
    {
        "bookingid": 5880
    },
    {
        "bookingid": 8868
    },
    {
        "bookingid": 5080
    },
    {
        "bookingid": 7056
    },
    {
        "bookingid": 7709
    },
    {
        "bookingid": 3468
    },
    {
        "bookingid": 3706
    },
    {
        "bookingid": 7687
    },
    {
        "bookingid": 2170
    },
    {
        "bookingid": 2803
    },
    {
        "bookingid": 6290
    },
    {
        "bookingid": 3797
    },
    {
        "bookingid": 6007
    },
    {
        "bookingid": 5311
    },
    {
        "bookingid": 66
    },
    {
        "bookingid": 3601
    },
    {
        "bookingid": 7993
    },
    {
        "bookingid": 3183
    },
    {
        "bookingid": 8745
    },
    {
        "bookingid": 856
    },
    {
        "bookingid": 4494
    },
    {
        "bookingid": 1070
    },
    {
        "bookingid": 2021
    },
    {
        "bookingid": 6704
    },
    {
        "bookingid": 139
    },
    {
        "bookingid": 4465
    },
    {
        "bookingid": 1506
    },
    {
        "bookingid": 3347
    },
    {
        "bookingid": 4583
    },
    {
        "bookingid": 3000
    },
    {
        "bookingid": 2687
    },
    {
        "bookingid": 1603
    },
    {
        "bookingid": 922
    },
    {
        "bookingid": 362
    },
    {
        "bookingid": 5186
    },
    {
        "bookingid": 397
    },
    {
        "bookingid": 5705
    },
    {
        "bookingid": 8257
    },
    {
        "bookingid": 306
    },
    {
        "bookingid": 4628
    },
    {
        "bookingid": 8246
    },
    {
        "bookingid": 4392
    },
    {
        "bookingid": 8845
    },
    {
        "bookingid": 6326
    },
    {
        "bookingid": 3697
    },
    {
        "bookingid": 6339
    },
    {
        "bookingid": 7136
    },
    {
        "bookingid": 613
    },
    {
        "bookingid": 8725
    },
    {
        "bookingid": 7691
    },
    {
        "bookingid": 3757
    },
    {
        "bookingid": 72
    },
    {
        "bookingid": 3539
    },
    {
        "bookingid": 8071
    },
    {
        "bookingid": 2132
    },
    {
        "bookingid": 8121
    },
    {
        "bookingid": 259
    },
    {
        "bookingid": 8215
    },
    {
        "bookingid": 3710
    },
    {
        "bookingid": 7876
    },
    {
        "bookingid": 5098
    },
    {
        "bookingid": 3780
    },
    {
        "bookingid": 3973
    },
    {
        "bookingid": 4050
    },
    {
        "bookingid": 580
    },
    {
        "bookingid": 7829
    },
    {
        "bookingid": 2685
    },
    {
        "bookingid": 2292
    },
    {
        "bookingid": 6383
    },
    {
        "bookingid": 8385
    },
    {
        "bookingid": 7236
    },
    {
        "bookingid": 6831
    },
    {
        "bookingid": 968
    },
    {
        "bookingid": 4982
    },
    {
        "bookingid": 2087
    },
    {
        "bookingid": 3831
    },
    {
        "bookingid": 7161
    },
    {
        "bookingid": 1462
    },
    {
        "bookingid": 4329
    },
    {
        "bookingid": 7183
    },
    {
        "bookingid": 5656
    },
    {
        "bookingid": 5230
    },
    {
        "bookingid": 1815
    },
    {
        "bookingid": 3085
    },
    {
        "bookingid": 7646
    },
    {
        "bookingid": 331
    },
    {
        "bookingid": 467
    },
    {
        "bookingid": 7552
    },
    {
        "bookingid": 1405
    },
    {
        "bookingid": 5479
    },
    {
        "bookingid": 5677
    },
    {
        "bookingid": 6553
    },
    {
        "bookingid": 6381
    },
    {
        "bookingid": 857
    },
    {
        "bookingid": 5523
    },
    {
        "bookingid": 4676
    },
    {
        "bookingid": 2901
    },
    {
        "bookingid": 6076
    },
    {
        "bookingid": 6036
    },
    {
        "bookingid": 2121
    },
    {
        "bookingid": 5998
    },
    {
        "bookingid": 789
    },
    {
        "bookingid": 2761
    },
    {
        "bookingid": 6840
    },
    {
        "bookingid": 2681
    },
    {
        "bookingid": 7522
    },
    {
        "bookingid": 8183
    },
    {
        "bookingid": 8337
    },
    {
        "bookingid": 1351
    },
    {
        "bookingid": 4303
    },
    {
        "bookingid": 1413
    },
    {
        "bookingid": 6783
    },
    {
        "bookingid": 4268
    },
    {
        "bookingid": 2910
    },
    {
        "bookingid": 936
    },
    {
        "bookingid": 1334
    },
    {
        "bookingid": 6246
    },
    {
        "bookingid": 2829
    },
    {
        "bookingid": 80
    },
    {
        "bookingid": 141
    },
    {
        "bookingid": 490
    },
    {
        "bookingid": 2581
    },
    {
        "bookingid": 41
    },
    {
        "bookingid": 5402
    },
    {
        "bookingid": 1179
    },
    {
        "bookingid": 4504
    },
    {
        "bookingid": 3129
    },
    {
        "bookingid": 1135
    },
    {
        "bookingid": 2618
    },
    {
        "bookingid": 494
    },
    {
        "bookingid": 1027
    },
    {
        "bookingid": 1158
    },
    {
        "bookingid": 1997
    },
    {
        "bookingid": 5769
    },
    {
        "bookingid": 2201
    },
    {
        "bookingid": 7767
    },
    {
        "bookingid": 5982
    },
    {
        "bookingid": 3484
    },
    {
        "bookingid": 9037
    },
    {
        "bookingid": 647
    },
    {
        "bookingid": 4836
    },
    {
        "bookingid": 235
    },
    {
        "bookingid": 6888
    },
    {
        "bookingid": 35
    },
    {
        "bookingid": 6147
    },
    {
        "bookingid": 5316
    },
    {
        "bookingid": 3445
    },
    {
        "bookingid": 1212
    },
    {
        "bookingid": 8944
    },
    {
        "bookingid": 7889
    },
    {
        "bookingid": 5533
    },
    {
        "bookingid": 1417
    },
    {
        "bookingid": 5430
    },
    {
        "bookingid": 8148
    },
    {
        "bookingid": 8149
    },
    {
        "bookingid": 3315
    },
    {
        "bookingid": 8263
    },
    {
        "bookingid": 3128
    },
    {
        "bookingid": 3283
    },
    {
        "bookingid": 4236
    },
    {
        "bookingid": 3649
    },
    {
        "bookingid": 2327
    },
    {
        "bookingid": 5005
    },
    {
        "bookingid": 5726
    },
    {
        "bookingid": 7668
    },
    {
        "bookingid": 6298
    },
    {
        "bookingid": 588
    },
    {
        "bookingid": 2032
    },
    {
        "bookingid": 2885
    },
    {
        "bookingid": 3055
    },
    {
        "bookingid": 5064
    },
    {
        "bookingid": 8707
    },
    {
        "bookingid": 1475
    },
    {
        "bookingid": 4590
    },
    {
        "bookingid": 7593
    },
    {
        "bookingid": 3979
    },
    {
        "bookingid": 5864
    },
    {
        "bookingid": 7964
    },
    {
        "bookingid": 2856
    },
    {
        "bookingid": 2110
    },
    {
        "bookingid": 2492
    },
    {
        "bookingid": 7836
    },
    {
        "bookingid": 357
    },
    {
        "bookingid": 5283
    },
    {
        "bookingid": 8448
    },
    {
        "bookingid": 4227
    },
    {
        "bookingid": 1956
    },
    {
        "bookingid": 6569
    },
    {
        "bookingid": 2210
    },
    {
        "bookingid": 5095
    },
    {
        "bookingid": 8013
    },
    {
        "bookingid": 1578
    },
    {
        "bookingid": 1512
    },
    {
        "bookingid": 8169
    },
    {
        "bookingid": 8856
    },
    {
        "bookingid": 3548
    },
    {
        "bookingid": 7237
    },
    {
        "bookingid": 8969
    },
    {
        "bookingid": 9004
    },
    {
        "bookingid": 5193
    },
    {
        "bookingid": 3136
    },
    {
        "bookingid": 7298
    },
    {
        "bookingid": 5282
    },
    {
        "bookingid": 5434
    },
    {
        "bookingid": 2393
    },
    {
        "bookingid": 446
    },
    {
        "bookingid": 3439
    },
    {
        "bookingid": 6759
    },
    {
        "bookingid": 145
    },
    {
        "bookingid": 1321
    },
    {
        "bookingid": 3480
    },
    {
        "bookingid": 7038
    },
    {
        "bookingid": 2471
    },
    {
        "bookingid": 3700
    },
    {
        "bookingid": 3652
    },
    {
        "bookingid": 1206
    },
    {
        "bookingid": 4129
    },
    {
        "bookingid": 7188
    },
    {
        "bookingid": 8159
    },
    {
        "bookingid": 7498
    },
    {
        "bookingid": 2556
    },
    {
        "bookingid": 1326
    },
    {
        "bookingid": 3681
    },
    {
        "bookingid": 4316
    },
    {
        "bookingid": 6424
    },
    {
        "bookingid": 7095
    },
    {
        "bookingid": 939
    },
    {
        "bookingid": 7229
    },
    {
        "bookingid": 2963
    },
    {
        "bookingid": 1499
    },
    {
        "bookingid": 8866
    },
    {
        "bookingid": 2875
    },
    {
        "bookingid": 7151
    },
    {
        "bookingid": 2664
    },
    {
        "bookingid": 4106
    },
    {
        "bookingid": 4969
    },
    {
        "bookingid": 8096
    },
    {
        "bookingid": 8434
    },
    {
        "bookingid": 3258
    },
    {
        "bookingid": 8887
    },
    {
        "bookingid": 6882
    },
    {
        "bookingid": 4053
    },
    {
        "bookingid": 6139
    },
    {
        "bookingid": 4454
    },
    {
        "bookingid": 982
    },
    {
        "bookingid": 4552
    },
    {
        "bookingid": 6419
    },
    {
        "bookingid": 6253
    },
    {
        "bookingid": 4075
    },
    {
        "bookingid": 4399
    },
    {
        "bookingid": 9087
    },
    {
        "bookingid": 6023
    },
    {
        "bookingid": 1760
    },
    {
        "bookingid": 6504
    },
    {
        "bookingid": 5441
    },
    {
        "bookingid": 4913
    },
    {
        "bookingid": 5079
    },
    {
        "bookingid": 2642
    },
    {
        "bookingid": 1178
    },
    {
        "bookingid": 8920
    },
    {
        "bookingid": 4165
    },
    {
        "bookingid": 454
    },
    {
        "bookingid": 719
    },
    {
        "bookingid": 1060
    },
    {
        "bookingid": 8340
    },
    {
        "bookingid": 7061
    },
    {
        "bookingid": 3224
    },
    {
        "bookingid": 4542
    },
    {
        "bookingid": 2115
    },
    {
        "bookingid": 893
    },
    {
        "bookingid": 2610
    },
    {
        "bookingid": 8213
    },
    {
        "bookingid": 199
    },
    {
        "bookingid": 5306
    },
    {
        "bookingid": 7639
    },
    {
        "bookingid": 4938
    },
    {
        "bookingid": 2254
    },
    {
        "bookingid": 4064
    },
    {
        "bookingid": 7817
    },
    {
        "bookingid": 2008
    },
    {
        "bookingid": 6911
    },
    {
        "bookingid": 8247
    },
    {
        "bookingid": 8224
    },
    {
        "bookingid": 6671
    },
    {
        "bookingid": 4622
    },
    {
        "bookingid": 6809
    },
    {
        "bookingid": 9008
    },
    {
        "bookingid": 6442
    },
    {
        "bookingid": 1457
    },
    {
        "bookingid": 1942
    },
    {
        "bookingid": 3623
    },
    {
        "bookingid": 2923
    },
    {
        "bookingid": 2590
    },
    {
        "bookingid": 678
    },
    {
        "bookingid": 1795
    },
    {
        "bookingid": 802
    },
    {
        "bookingid": 3110
    },
    {
        "bookingid": 787
    },
    {
        "bookingid": 4855
    },
    {
        "bookingid": 6366
    },
    {
        "bookingid": 1964
    },
    {
        "bookingid": 8358
    },
    {
        "bookingid": 8233
    },
    {
        "bookingid": 8355
    },
    {
        "bookingid": 1726
    },
    {
        "bookingid": 7109
    },
    {
        "bookingid": 8276
    },
    {
        "bookingid": 7200
    },
    {
        "bookingid": 5567
    },
    {
        "bookingid": 7469
    },
    {
        "bookingid": 6700
    },
    {
        "bookingid": 3469
    },
    {
        "bookingid": 4497
    },
    {
        "bookingid": 7179
    },
    {
        "bookingid": 5118
    },
    {
        "bookingid": 958
    },
    {
        "bookingid": 360
    },
    {
        "bookingid": 4642
    },
    {
        "bookingid": 3419
    },
    {
        "bookingid": 3108
    },
    {
        "bookingid": 5935
    },
    {
        "bookingid": 4225
    },
    {
        "bookingid": 6584
    },
    {
        "bookingid": 7447
    },
    {
        "bookingid": 4581
    },
    {
        "bookingid": 1517
    },
    {
        "bookingid": 4800
    },
    {
        "bookingid": 5886
    },
    {
        "bookingid": 1290
    },
    {
        "bookingid": 2957
    },
    {
        "bookingid": 4878
    },
    {
        "bookingid": 5436
    },
    {
        "bookingid": 5156
    },
    {
        "bookingid": 452
    },
    {
        "bookingid": 2928
    },
    {
        "bookingid": 1422
    },
    {
        "bookingid": 8911
    },
    {
        "bookingid": 946
    },
    {
        "bookingid": 3104
    },
    {
        "bookingid": 6530
    },
    {
        "bookingid": 6977
    },
    {
        "bookingid": 245
    },
    {
        "bookingid": 3404
    },
    {
        "bookingid": 8277
    },
    {
        "bookingid": 6992
    },
    {
        "bookingid": 6956
    },
    {
        "bookingid": 1032
    },
    {
        "bookingid": 7556
    },
    {
        "bookingid": 2023
    },
    {
        "bookingid": 2987
    },
    {
        "bookingid": 8552
    },
    {
        "bookingid": 1571
    },
    {
        "bookingid": 1669
    },
    {
        "bookingid": 497
    },
    {
        "bookingid": 7332
    },
    {
        "bookingid": 2646
    },
    {
        "bookingid": 5732
    },
    {
        "bookingid": 4989
    },
    {
        "bookingid": 8687
    },
    {
        "bookingid": 8297
    },
    {
        "bookingid": 8363
    },
    {
        "bookingid": 5029
    },
    {
        "bookingid": 4719
    },
    {
        "bookingid": 2447
    },
    {
        "bookingid": 2116
    },
    {
        "bookingid": 1680
    },
    {
        "bookingid": 3304
    },
    {
        "bookingid": 3451
    },
    {
        "bookingid": 1865
    },
    {
        "bookingid": 6144
    },
    {
        "bookingid": 190
    },
    {
        "bookingid": 7742
    },
    {
        "bookingid": 7403
    },
    {
        "bookingid": 5747
    },
    {
        "bookingid": 5243
    },
    {
        "bookingid": 8589
    },
    {
        "bookingid": 77
    },
    {
        "bookingid": 3574
    },
    {
        "bookingid": 8251
    },
    {
        "bookingid": 2808
    },
    {
        "bookingid": 7871
    },
    {
        "bookingid": 8885
    },
    {
        "bookingid": 31
    },
    {
        "bookingid": 3935
    },
    {
        "bookingid": 5847
    },
    {
        "bookingid": 1245
    },
    {
        "bookingid": 1023
    },
    {
        "bookingid": 4842
    },
    {
        "bookingid": 2718
    },
    {
        "bookingid": 8209
    },
    {
        "bookingid": 6181
    },
    {
        "bookingid": 5073
    },
    {
        "bookingid": 2500
    },
    {
        "bookingid": 6276
    },
    {
        "bookingid": 1733
    },
    {
        "bookingid": 2025
    },
    {
        "bookingid": 3165
    },
    {
        "bookingid": 5480
    },
    {
        "bookingid": 463
    },
    {
        "bookingid": 1110
    },
    {
        "bookingid": 4726
    },
    {
        "bookingid": 5276
    },
    {
        "bookingid": 7770
    },
    {
        "bookingid": 3992
    },
    {
        "bookingid": 149
    },
    {
        "bookingid": 3971
    },
    {
        "bookingid": 2038
    },
    {
        "bookingid": 4942
    },
    {
        "bookingid": 3173
    },
    {
        "bookingid": 4923
    },
    {
        "bookingid": 8615
    },
    {
        "bookingid": 2728
    },
    {
        "bookingid": 8487
    },
    {
        "bookingid": 5933
    },
    {
        "bookingid": 5710
    },
    {
        "bookingid": 4576
    },
    {
        "bookingid": 4777
    },
    {
        "bookingid": 5655
    },
    {
        "bookingid": 8352
    },
    {
        "bookingid": 4217
    },
    {
        "bookingid": 572
    },
    {
        "bookingid": 953
    },
    {
        "bookingid": 5737
    },
    {
        "bookingid": 3216
    },
    {
        "bookingid": 224
    },
    {
        "bookingid": 8006
    },
    {
        "bookingid": 1002
    },
    {
        "bookingid": 2463
    },
    {
        "bookingid": 6961
    },
    {
        "bookingid": 6966
    },
    {
        "bookingid": 2441
    },
    {
        "bookingid": 7207
    },
    {
        "bookingid": 6369
    },
    {
        "bookingid": 8508
    },
    {
        "bookingid": 2570
    },
    {
        "bookingid": 7427
    },
    {
        "bookingid": 6342
    },
    {
        "bookingid": 4930
    },
    {
        "bookingid": 2409
    },
    {
        "bookingid": 8821
    },
    {
        "bookingid": 1911
    },
    {
        "bookingid": 5216
    },
    {
        "bookingid": 3791
    },
    {
        "bookingid": 8522
    },
    {
        "bookingid": 7053
    },
    {
        "bookingid": 3917
    },
    {
        "bookingid": 7292
    },
    {
        "bookingid": 8170
    },
    {
        "bookingid": 3762
    },
    {
        "bookingid": 6455
    },
    {
        "bookingid": 7497
    },
    {
        "bookingid": 1977
    },
    {
        "bookingid": 7961
    },
    {
        "bookingid": 3415
    },
    {
        "bookingid": 8265
    },
    {
        "bookingid": 120
    },
    {
        "bookingid": 6044
    },
    {
        "bookingid": 960
    },
    {
        "bookingid": 7146
    },
    {
        "bookingid": 2691
    },
    {
        "bookingid": 3127
    },
    {
        "bookingid": 3905
    },
    {
        "bookingid": 5168
    },
    {
        "bookingid": 7551
    },
    {
        "bookingid": 3552
    },
    {
        "bookingid": 1098
    },
    {
        "bookingid": 7714
    },
    {
        "bookingid": 393
    },
    {
        "bookingid": 8926
    },
    {
        "bookingid": 3089
    },
    {
        "bookingid": 8088
    },
    {
        "bookingid": 4763
    },
    {
        "bookingid": 1544
    },
    {
        "bookingid": 7626
    },
    {
        "bookingid": 2098
    },
    {
        "bookingid": 2153
    },
    {
        "bookingid": 8812
    },
    {
        "bookingid": 5688
    },
    {
        "bookingid": 6683
    },
    {
        "bookingid": 3680
    },
    {
        "bookingid": 4128
    },
    {
        "bookingid": 7772
    },
    {
        "bookingid": 4296
    },
    {
        "bookingid": 8660
    },
    {
        "bookingid": 7490
    },
    {
        "bookingid": 1156
    },
    {
        "bookingid": 5075
    },
    {
        "bookingid": 2274
    },
    {
        "bookingid": 2143
    },
    {
        "bookingid": 1168
    },
    {
        "bookingid": 6188
    },
    {
        "bookingid": 466
    },
    {
        "bookingid": 3444
    },
    {
        "bookingid": 392
    },
    {
        "bookingid": 1014
    },
    {
        "bookingid": 662
    },
    {
        "bookingid": 5530
    },
    {
        "bookingid": 3572
    },
    {
        "bookingid": 804
    },
    {
        "bookingid": 3101
    },
    {
        "bookingid": 8927
    },
    {
        "bookingid": 2088
    },
    {
        "bookingid": 2992
    },
    {
        "bookingid": 324
    },
    {
        "bookingid": 6268
    },
    {
        "bookingid": 7291
    },
    {
        "bookingid": 116
    },
    {
        "bookingid": 1411
    },
    {
        "bookingid": 6784
    },
    {
        "bookingid": 7155
    },
    {
        "bookingid": 5049
    },
    {
        "bookingid": 3764
    },
    {
        "bookingid": 197
    },
    {
        "bookingid": 7042
    },
    {
        "bookingid": 1621
    },
    {
        "bookingid": 6703
    },
    {
        "bookingid": 3330
    },
    {
        "bookingid": 4516
    },
    {
        "bookingid": 7847
    },
    {
        "bookingid": 8445
    },
    {
        "bookingid": 5259
    },
    {
        "bookingid": 6421
    },
    {
        "bookingid": 6526
    },
    {
        "bookingid": 9067
    },
    {
        "bookingid": 8563
    },
    {
        "bookingid": 8228
    },
    {
        "bookingid": 7603
    },
    {
        "bookingid": 5294
    },
    {
        "bookingid": 8740
    },
    {
        "bookingid": 8155
    },
    {
        "bookingid": 7384
    },
    {
        "bookingid": 1671
    },
    {
        "bookingid": 7057
    },
    {
        "bookingid": 3584
    },
    {
        "bookingid": 1268
    },
    {
        "bookingid": 2063
    },
    {
        "bookingid": 1807
    },
    {
        "bookingid": 2467
    },
    {
        "bookingid": 2864
    },
    {
        "bookingid": 8218
    },
    {
        "bookingid": 2033
    },
    {
        "bookingid": 3715
    },
    {
        "bookingid": 6447
    },
    {
        "bookingid": 8698
    },
    {
        "bookingid": 8871
    },
    {
        "bookingid": 7845
    },
    {
        "bookingid": 5697
    },
    {
        "bookingid": 4435
    },
    {
        "bookingid": 70
    },
    {
        "bookingid": 4388
    },
    {
        "bookingid": 3490
    },
    {
        "bookingid": 4146
    },
    {
        "bookingid": 5945
    },
    {
        "bookingid": 9023
    },
    {
        "bookingid": 6346
    },
    {
        "bookingid": 7254
    },
    {
        "bookingid": 8115
    },
    {
        "bookingid": 1572
    },
    {
        "bookingid": 8594
    },
    {
        "bookingid": 7753
    },
    {
        "bookingid": 3056
    },
    {
        "bookingid": 1989
    },
    {
        "bookingid": 2018
    },
    {
        "bookingid": 7475
    },
    {
        "bookingid": 8181
    },
    {
        "bookingid": 1300
    },
    {
        "bookingid": 6453
    },
    {
        "bookingid": 6178
    },
    {
        "bookingid": 7812
    },
    {
        "bookingid": 3671
    },
    {
        "bookingid": 7528
    },
    {
        "bookingid": 426
    },
    {
        "bookingid": 8695
    },
    {
        "bookingid": 4045
    },
    {
        "bookingid": 3154
    },
    {
        "bookingid": 761
    },
    {
        "bookingid": 5706
    },
    {
        "bookingid": 2374
    },
    {
        "bookingid": 4695
    },
    {
        "bookingid": 8187
    },
    {
        "bookingid": 4309
    },
    {
        "bookingid": 2410
    },
    {
        "bookingid": 8048
    },
    {
        "bookingid": 1877
    },
    {
        "bookingid": 756
    },
    {
        "bookingid": 7276
    },
    {
        "bookingid": 5926
    },
    {
        "bookingid": 7004
    },
    {
        "bookingid": 2783
    },
    {
        "bookingid": 7013
    },
    {
        "bookingid": 4450
    },
    {
        "bookingid": 3377
    },
    {
        "bookingid": 5934
    },
    {
        "bookingid": 4086
    },
    {
        "bookingid": 5821
    },
    {
        "bookingid": 1584
    },
    {
        "bookingid": 8289
    },
    {
        "bookingid": 6304
    },
    {
        "bookingid": 4611
    },
    {
        "bookingid": 742
    },
    {
        "bookingid": 8009
    },
    {
        "bookingid": 4284
    },
    {
        "bookingid": 609
    },
    {
        "bookingid": 7349
    },
    {
        "bookingid": 9005
    },
    {
        "bookingid": 8362
    },
    {
        "bookingid": 399
    },
    {
        "bookingid": 394
    },
    {
        "bookingid": 6254
    },
    {
        "bookingid": 3615
    },
    {
        "bookingid": 4756
    },
    {
        "bookingid": 6528
    },
    {
        "bookingid": 5199
    },
    {
        "bookingid": 5106
    },
    {
        "bookingid": 6492
    },
    {
        "bookingid": 7758
    },
    {
        "bookingid": 1758
    },
    {
        "bookingid": 1225
    },
    {
        "bookingid": 3046
    },
    {
        "bookingid": 71
    },
    {
        "bookingid": 7654
    },
    {
        "bookingid": 2420
    },
    {
        "bookingid": 2048
    },
    {
        "bookingid": 3962
    },
    {
        "bookingid": 4657
    },
    {
        "bookingid": 648
    },
    {
        "bookingid": 8764
    },
    {
        "bookingid": 3894
    },
    {
        "bookingid": 3197
    },
    {
        "bookingid": 6632
    },
    {
        "bookingid": 6194
    },
    {
        "bookingid": 7986
    },
    {
        "bookingid": 3519
    },
    {
        "bookingid": 8791
    },
    {
        "bookingid": 5531
    },
    {
        "bookingid": 2423
    },
    {
        "bookingid": 5589
    },
    {
        "bookingid": 5547
    },
    {
        "bookingid": 3835
    },
    {
        "bookingid": 5949
    },
    {
        "bookingid": 3436
    },
    {
        "bookingid": 7448
    },
    {
        "bookingid": 8070
    },
    {
        "bookingid": 7844
    },
    {
        "bookingid": 5346
    },
    {
        "bookingid": 2678
    },
    {
        "bookingid": 5896
    },
    {
        "bookingid": 5895
    },
    {
        "bookingid": 6161
    },
    {
        "bookingid": 5802
    },
    {
        "bookingid": 9052
    },
    {
        "bookingid": 8252
    },
    {
        "bookingid": 1694
    },
    {
        "bookingid": 4897
    },
    {
        "bookingid": 3298
    },
    {
        "bookingid": 5606
    },
    {
        "bookingid": 7030
    },
    {
        "bookingid": 5491
    },
    {
        "bookingid": 4230
    },
    {
        "bookingid": 4308
    },
    {
        "bookingid": 585
    },
    {
        "bookingid": 2072
    },
    {
        "bookingid": 6658
    },
    {
        "bookingid": 1001
    },
    {
        "bookingid": 575
    },
    {
        "bookingid": 1359
    },
    {
        "bookingid": 5521
    },
    {
        "bookingid": 1234
    },
    {
        "bookingid": 6471
    },
    {
        "bookingid": 3895
    },
    {
        "bookingid": 1377
    },
    {
        "bookingid": 2722
    },
    {
        "bookingid": 6858
    },
    {
        "bookingid": 3435
    },
    {
        "bookingid": 1173
    },
    {
        "bookingid": 8219
    },
    {
        "bookingid": 7967
    },
    {
        "bookingid": 2782
    },
    {
        "bookingid": 4360
    },
    {
        "bookingid": 7500
    },
    {
        "bookingid": 7918
    },
    {
        "bookingid": 1712
    },
    {
        "bookingid": 227
    },
    {
        "bookingid": 6938
    },
    {
        "bookingid": 1714
    },
    {
        "bookingid": 8161
    },
    {
        "bookingid": 7473
    },
    {
        "bookingid": 2665
    },
    {
        "bookingid": 6804
    },
    {
        "bookingid": 5997
    },
    {
        "bookingid": 1174
    },
    {
        "bookingid": 1019
    },
    {
        "bookingid": 262
    },
    {
        "bookingid": 7941
    },
    {
        "bookingid": 530
    },
    {
        "bookingid": 2079
    },
    {
        "bookingid": 6588
    },
    {
        "bookingid": 6466
    },
    {
        "bookingid": 7780
    },
    {
        "bookingid": 5944
    },
    {
        "bookingid": 9014
    },
    {
        "bookingid": 3039
    },
    {
        "bookingid": 4432
    },
    {
        "bookingid": 7525
    },
    {
        "bookingid": 3683
    },
    {
        "bookingid": 5981
    },
    {
        "bookingid": 4117
    },
    {
        "bookingid": 6158
    },
    {
        "bookingid": 1920
    },
    {
        "bookingid": 6229
    },
    {
        "bookingid": 3202
    },
    {
        "bookingid": 6285
    },
    {
        "bookingid": 634
    },
    {
        "bookingid": 3566
    },
    {
        "bookingid": 5708
    },
    {
        "bookingid": 8147
    },
    {
        "bookingid": 8934
    },
    {
        "bookingid": 6604
    },
    {
        "bookingid": 8795
    },
    {
        "bookingid": 7341
    },
    {
        "bookingid": 3678
    },
    {
        "bookingid": 6184
    },
    {
        "bookingid": 5500
    },
    {
        "bookingid": 5260
    },
    {
        "bookingid": 671
    },
    {
        "bookingid": 3567
    },
    {
        "bookingid": 2713
    },
    {
        "bookingid": 6634
    },
    {
        "bookingid": 8317
    },
    {
        "bookingid": 3843
    },
    {
        "bookingid": 4265
    },
    {
        "bookingid": 1209
    },
    {
        "bookingid": 3534
    },
    {
        "bookingid": 8848
    },
    {
        "bookingid": 2960
    },
    {
        "bookingid": 8735
    },
    {
        "bookingid": 3193
    },
    {
        "bookingid": 2640
    },
    {
        "bookingid": 7066
    },
    {
        "bookingid": 7725
    },
    {
        "bookingid": 4886
    },
    {
        "bookingid": 7118
    },
    {
        "bookingid": 7191
    },
    {
        "bookingid": 7715
    },
    {
        "bookingid": 1534
    },
    {
        "bookingid": 8517
    },
    {
        "bookingid": 7948
    },
    {
        "bookingid": 4126
    },
    {
        "bookingid": 686
    },
    {
        "bookingid": 4812
    },
    {
        "bookingid": 8240
    },
    {
        "bookingid": 4078
    },
    {
        "bookingid": 877
    },
    {
        "bookingid": 1787
    },
    {
        "bookingid": 1043
    },
    {
        "bookingid": 917
    },
    {
        "bookingid": 971
    },
    {
        "bookingid": 4002
    },
    {
        "bookingid": 1062
    },
    {
        "bookingid": 8285
    },
    {
        "bookingid": 8499
    },
    {
        "bookingid": 7410
    },
    {
        "bookingid": 772
    },
    {
        "bookingid": 4521
    },
    {
        "bookingid": 713
    },
    {
        "bookingid": 8777
    },
    {
        "bookingid": 4649
    },
    {
        "bookingid": 8877
    },
    {
        "bookingid": 7685
    },
    {
        "bookingid": 7778
    },
    {
        "bookingid": 6490
    },
    {
        "bookingid": 2517
    },
    {
        "bookingid": 2068
    },
    {
        "bookingid": 7816
    },
    {
        "bookingid": 3475
    },
    {
        "bookingid": 1
    },
    {
        "bookingid": 8044
    },
    {
        "bookingid": 2381
    },
    {
        "bookingid": 5089
    },
    {
        "bookingid": 642
    },
    {
        "bookingid": 4685
    },
    {
        "bookingid": 7950
    },
    {
        "bookingid": 659
    },
    {
        "bookingid": 1031
    },
    {
        "bookingid": 3285
    },
    {
        "bookingid": 567
    },
    {
        "bookingid": 2200
    },
    {
        "bookingid": 6552
    },
    {
        "bookingid": 1052
    },
    {
        "bookingid": 5838
    },
    {
        "bookingid": 5227
    },
    {
        "bookingid": 2942
    },
    {
        "bookingid": 8347
    },
    {
        "bookingid": 3576
    },
    {
        "bookingid": 8266
    },
    {
        "bookingid": 1790
    },
    {
        "bookingid": 1274
    },
    {
        "bookingid": 7766
    },
    {
        "bookingid": 4419
    },
    {
        "bookingid": 983
    },
    {
        "bookingid": 9081
    },
    {
        "bookingid": 4826
    },
    {
        "bookingid": 7703
    },
    {
        "bookingid": 1860
    },
    {
        "bookingid": 8086
    },
    {
        "bookingid": 8328
    },
    {
        "bookingid": 1810
    },
    {
        "bookingid": 8956
    },
    {
        "bookingid": 7686
    },
    {
        "bookingid": 3586
    },
    {
        "bookingid": 4579
    },
    {
        "bookingid": 2130
    },
    {
        "bookingid": 7787
    },
    {
        "bookingid": 1253
    },
    {
        "bookingid": 8023
    },
    {
        "bookingid": 3402
    },
    {
        "bookingid": 7848
    },
    {
        "bookingid": 5074
    },
    {
        "bookingid": 5486
    },
    {
        "bookingid": 1360
    },
    {
        "bookingid": 8867
    },
    {
        "bookingid": 3426
    },
    {
        "bookingid": 5484
    },
    {
        "bookingid": 8648
    },
    {
        "bookingid": 3057
    },
    {
        "bookingid": 6905
    },
    {
        "bookingid": 218
    },
    {
        "bookingid": 6247
    },
    {
        "bookingid": 9083
    },
    {
        "bookingid": 8309
    },
    {
        "bookingid": 4648
    },
    {
        "bookingid": 5369
    },
    {
        "bookingid": 8375
    },
    {
        "bookingid": 1838
    },
    {
        "bookingid": 3540
    },
    {
        "bookingid": 3434
    },
    {
        "bookingid": 6054
    },
    {
        "bookingid": 228
    },
    {
        "bookingid": 184
    },
    {
        "bookingid": 196
    },
    {
        "bookingid": 8038
    },
    {
        "bookingid": 6947
    },
    {
        "bookingid": 822
    },
    {
        "bookingid": 8675
    },
    {
        "bookingid": 628
    },
    {
        "bookingid": 234
    },
    {
        "bookingid": 5263
    },
    {
        "bookingid": 4511
    },
    {
        "bookingid": 7432
    },
    {
        "bookingid": 4901
    },
    {
        "bookingid": 5021
    },
    {
        "bookingid": 3270
    },
    {
        "bookingid": 4111
    },
    {
        "bookingid": 8814
    },
    {
        "bookingid": 1435
    },
    {
        "bookingid": 1830
    },
    {
        "bookingid": 2769
    },
    {
        "bookingid": 8694
    },
    {
        "bookingid": 6472
    },
    {
        "bookingid": 6728
    },
    {
        "bookingid": 5166
    },
    {
        "bookingid": 4744
    },
    {
        "bookingid": 6718
    },
    {
        "bookingid": 3899
    },
    {
        "bookingid": 5819
    },
    {
        "bookingid": 1005
    },
    {
        "bookingid": 4689
    },
    {
        "bookingid": 3424
    },
    {
        "bookingid": 3312
    },
    {
        "bookingid": 5427
    },
    {
        "bookingid": 5925
    },
    {
        "bookingid": 4474
    },
    {
        "bookingid": 5044
    },
    {
        "bookingid": 624
    },
    {
        "bookingid": 6201
    },
    {
        "bookingid": 8489
    },
    {
        "bookingid": 4745
    },
    {
        "bookingid": 5689
    },
    {
        "bookingid": 2418
    },
    {
        "bookingid": 788
    },
    {
        "bookingid": 542
    },
    {
        "bookingid": 6367
    },
    {
        "bookingid": 64
    },
    {
        "bookingid": 5620
    },
    {
        "bookingid": 1270
    },
    {
        "bookingid": 4156
    },
    {
        "bookingid": 6598
    },
    {
        "bookingid": 4484
    },
    {
        "bookingid": 4530
    },
    {
        "bookingid": 6496
    },
    {
        "bookingid": 4591
    },
    {
        "bookingid": 5368
    },
    {
        "bookingid": 4829
    },
    {
        "bookingid": 9080
    },
    {
        "bookingid": 435
    },
    {
        "bookingid": 1819
    },
    {
        "bookingid": 7508
    },
    {
        "bookingid": 2323
    },
    {
        "bookingid": 4366
    },
    {
        "bookingid": 2013
    },
    {
        "bookingid": 2813
    },
    {
        "bookingid": 1441
    },
    {
        "bookingid": 2717
    },
    {
        "bookingid": 914
    },
    {
        "bookingid": 5032
    },
    {
        "bookingid": 6330
    },
    {
        "bookingid": 652
    },
    {
        "bookingid": 173
    },
    {
        "bookingid": 7238
    },
    {
        "bookingid": 2240
    },
    {
        "bookingid": 2710
    },
    {
        "bookingid": 8408
    },
    {
        "bookingid": 7920
    },
    {
        "bookingid": 3246
    },
    {
        "bookingid": 3743
    },
    {
        "bookingid": 7460
    },
    {
        "bookingid": 8003
    },
    {
        "bookingid": 7231
    },
    {
        "bookingid": 4430
    },
    {
        "bookingid": 7568
    },
    {
        "bookingid": 4570
    },
    {
        "bookingid": 4279
    },
    {
        "bookingid": 4413
    },
    {
        "bookingid": 321
    },
    {
        "bookingid": 1888
    },
    {
        "bookingid": 254
    },
    {
        "bookingid": 718
    },
    {
        "bookingid": 3119
    },
    {
        "bookingid": 8078
    },
    {
        "bookingid": 3505
    },
    {
        "bookingid": 5709
    },
    {
        "bookingid": 2313
    },
    {
        "bookingid": 7981
    },
    {
        "bookingid": 2740
    },
    {
        "bookingid": 76
    },
    {
        "bookingid": 2279
    },
    {
        "bookingid": 6635
    },
    {
        "bookingid": 2165
    },
    {
        "bookingid": 7565
    },
    {
        "bookingid": 7637
    },
    {
        "bookingid": 6742
    },
    {
        "bookingid": 6149
    },
    {
        "bookingid": 2146
    },
    {
        "bookingid": 4235
    },
    {
        "bookingid": 4831
    },
    {
        "bookingid": 1634
    },
    {
        "bookingid": 6702
    },
    {
        "bookingid": 1611
    },
    {
        "bookingid": 1957
    },
    {
        "bookingid": 6854
    },
    {
        "bookingid": 7214
    },
    {
        "bookingid": 4490
    },
    {
        "bookingid": 555
    },
    {
        "bookingid": 5062
    },
    {
        "bookingid": 1683
    },
    {
        "bookingid": 7757
    },
    {
        "bookingid": 1608
    },
    {
        "bookingid": 6687
    },
    {
        "bookingid": 844
    },
    {
        "bookingid": 8211
    },
    {
        "bookingid": 908
    },
    {
        "bookingid": 2209
    },
    {
        "bookingid": 7249
    },
    {
        "bookingid": 8540
    },
    {
        "bookingid": 4864
    },
    {
        "bookingid": 3660
    },
    {
        "bookingid": 5741
    },
    {
        "bookingid": 4185
    },
    {
        "bookingid": 8547
    },
    {
        "bookingid": 7353
    },
    {
        "bookingid": 4996
    },
    {
        "bookingid": 2629
    },
    {
        "bookingid": 416
    },
    {
        "bookingid": 4263
    },
    {
        "bookingid": 8662
    },
    {
        "bookingid": 5240
    },
    {
        "bookingid": 6216
    },
    {
        "bookingid": 7296
    },
    {
        "bookingid": 3036
    },
    {
        "bookingid": 6597
    },
    {
        "bookingid": 2360
    },
    {
        "bookingid": 504
    },
    {
        "bookingid": 6640
    },
    {
        "bookingid": 8422
    },
    {
        "bookingid": 8346
    },
    {
        "bookingid": 8026
    },
    {
        "bookingid": 4248
    },
    {
        "bookingid": 2954
    },
    {
        "bookingid": 356
    },
    {
        "bookingid": 6006
    },
    {
        "bookingid": 816
    },
    {
        "bookingid": 5715
    },
    {
        "bookingid": 9043
    },
    {
        "bookingid": 5565
    },
    {
        "bookingid": 3781
    },
    {
        "bookingid": 4639
    },
    {
        "bookingid": 3060
    },
    {
        "bookingid": 8558
    },
    {
        "bookingid": 204
    },
    {
        "bookingid": 6838
    },
    {
        "bookingid": 4353
    },
    {
        "bookingid": 4811
    },
    {
        "bookingid": 28
    },
    {
        "bookingid": 5724
    },
    {
        "bookingid": 4171
    },
    {
        "bookingid": 8367
    },
    {
        "bookingid": 7102
    },
    {
        "bookingid": 2161
    },
    {
        "bookingid": 8290
    },
    {
        "bookingid": 1722
    },
    {
        "bookingid": 8763
    },
    {
        "bookingid": 6098
    },
    {
        "bookingid": 2554
    },
    {
        "bookingid": 2285
    },
    {
        "bookingid": 3212
    },
    {
        "bookingid": 6668
    },
    {
        "bookingid": 1104
    },
    {
        "bookingid": 8726
    },
    {
        "bookingid": 4625
    },
    {
        "bookingid": 6583
    },
    {
        "bookingid": 8360
    },
    {
        "bookingid": 138
    },
    {
        "bookingid": 690
    },
    {
        "bookingid": 2092
    },
    {
        "bookingid": 3252
    },
    {
        "bookingid": 8394
    },
    {
        "bookingid": 3130
    },
    {
        "bookingid": 5889
    },
    {
        "bookingid": 2626
    },
    {
        "bookingid": 7533
    },
    {
        "bookingid": 3620
    },
    {
        "bookingid": 6617
    },
    {
        "bookingid": 615
    },
    {
        "bookingid": 6125
    },
    {
        "bookingid": 5636
    },
    {
        "bookingid": 6805
    },
    {
        "bookingid": 8550
    },
    {
        "bookingid": 3887
    },
    {
        "bookingid": 6134
    },
    {
        "bookingid": 4096
    },
    {
        "bookingid": 6746
    },
    {
        "bookingid": 3100
    },
    {
        "bookingid": 2559
    },
    {
        "bookingid": 5301
    },
    {
        "bookingid": 3520
    },
    {
        "bookingid": 177
    },
    {
        "bookingid": 1707
    },
    {
        "bookingid": 3288
    },
    {
        "bookingid": 4457
    },
    {
        "bookingid": 8302
    },
    {
        "bookingid": 6879
    },
    {
        "bookingid": 3614
    },
    {
        "bookingid": 8697
    },
    {
        "bookingid": 2731
    },
    {
        "bookingid": 6993
    },
    {
        "bookingid": 3714
    },
    {
        "bookingid": 8504
    },
    {
        "bookingid": 8979
    },
    {
        "bookingid": 7012
    },
    {
        "bookingid": 4838
    },
    {
        "bookingid": 1287
    },
    {
        "bookingid": 2968
    },
    {
        "bookingid": 7413
    },
    {
        "bookingid": 2869
    },
    {
        "bookingid": 564
    },
    {
        "bookingid": 6277
    },
    {
        "bookingid": 3358
    },
    {
        "bookingid": 96
    },
    {
        "bookingid": 351
    },
    {
        "bookingid": 6137
    },
    {
        "bookingid": 5448
    },
    {
        "bookingid": 4509
    },
    {
        "bookingid": 1430
    },
    {
        "bookingid": 4931
    },
    {
        "bookingid": 7681
    },
    {
        "bookingid": 8612
    },
    {
        "bookingid": 6562
    },
    {
        "bookingid": 6265
    },
    {
        "bookingid": 2421
    },
    {
        "bookingid": 7342
    },
    {
        "bookingid": 5615
    },
    {
        "bookingid": 1296
    },
    {
        "bookingid": 8470
    },
    {
        "bookingid": 3914
    },
    {
        "bookingid": 8617
    },
    {
        "bookingid": 5094
    },
    {
        "bookingid": 8853
    },
    {
        "bookingid": 5096
    },
    {
        "bookingid": 3172
    },
    {
        "bookingid": 3390
    },
    {
        "bookingid": 2258
    },
    {
        "bookingid": 2589
    },
    {
        "bookingid": 386
    },
    {
        "bookingid": 330
    },
    {
        "bookingid": 5572
    },
    {
        "bookingid": 5440
    },
    {
        "bookingid": 4231
    },
    {
        "bookingid": 6059
    },
    {
        "bookingid": 2973
    },
    {
        "bookingid": 1765
    },
    {
        "bookingid": 6347
    },
    {
        "bookingid": 8984
    },
    {
        "bookingid": 6550
    },
    {
        "bookingid": 1666
    },
    {
        "bookingid": 1730
    },
    {
        "bookingid": 6936
    },
    {
        "bookingid": 4573
    },
    {
        "bookingid": 1312
    },
    {
        "bookingid": 5932
    },
    {
        "bookingid": 8081
    },
    {
        "bookingid": 329
    },
    {
        "bookingid": 8614
    },
    {
        "bookingid": 8064
    },
    {
        "bookingid": 1699
    },
    {
        "bookingid": 7966
    },
    {
        "bookingid": 387
    },
    {
        "bookingid": 7078
    },
    {
        "bookingid": 3070
    },
    {
        "bookingid": 3228
    },
    {
        "bookingid": 73
    },
    {
        "bookingid": 172
    },
    {
        "bookingid": 2853
    },
    {
        "bookingid": 4190
    },
    {
        "bookingid": 395
    },
    {
        "bookingid": 2458
    },
    {
        "bookingid": 7652
    },
    {
        "bookingid": 2411
    },
    {
        "bookingid": 3840
    },
    {
        "bookingid": 2432
    },
    {
        "bookingid": 1097
    },
    {
        "bookingid": 1928
    },
    {
        "bookingid": 5825
    },
    {
        "bookingid": 2226
    },
    {
        "bookingid": 5552
    },
    {
        "bookingid": 7310
    },
    {
        "bookingid": 8963
    },
    {
        "bookingid": 9024
    },
    {
        "bookingid": 6480
    },
    {
        "bookingid": 7019
    },
    {
        "bookingid": 8423
    },
    {
        "bookingid": 3221
    },
    {
        "bookingid": 33
    },
    {
        "bookingid": 7672
    },
    {
        "bookingid": 6567
    },
    {
        "bookingid": 6873
    },
    {
        "bookingid": 277
    },
    {
        "bookingid": 3578
    },
    {
        "bookingid": 4716
    },
    {
        "bookingid": 6509
    },
    {
        "bookingid": 7063
    },
    {
        "bookingid": 7098
    },
    {
        "bookingid": 2790
    },
    {
        "bookingid": 3034
    },
    {
        "bookingid": 4381
    },
    {
        "bookingid": 1786
    },
    {
        "bookingid": 4203
    },
    {
        "bookingid": 8453
    },
    {
        "bookingid": 5674
    },
    {
        "bookingid": 560
    },
    {
        "bookingid": 2160
    },
    {
        "bookingid": 8428
    },
    {
        "bookingid": 2806
    },
    {
        "bookingid": 846
    },
    {
        "bookingid": 1839
    },
    {
        "bookingid": 1774
    },
    {
        "bookingid": 230
    },
    {
        "bookingid": 4321
    },
    {
        "bookingid": 8321
    },
    {
        "bookingid": 3360
    },
    {
        "bookingid": 5839
    },
    {
        "bookingid": 5232
    },
    {
        "bookingid": 4617
    },
    {
        "bookingid": 3875
    },
    {
        "bookingid": 784
    },
    {
        "bookingid": 5608
    },
    {
        "bookingid": 6510
    },
    {
        "bookingid": 168
    },
    {
        "bookingid": 1594
    },
    {
        "bookingid": 6618
    },
    {
        "bookingid": 314
    },
    {
        "bookingid": 2786
    },
    {
        "bookingid": 7288
    },
    {
        "bookingid": 8492
    },
    {
        "bookingid": 592
    },
    {
        "bookingid": 6408
    },
    {
        "bookingid": 3752
    },
    {
        "bookingid": 5755
    },
    {
        "bookingid": 8592
    },
    {
        "bookingid": 6856
    },
    {
        "bookingid": 2071
    },
    {
        "bookingid": 3090
    },
    {
        "bookingid": 5415
    },
    {
        "bookingid": 8646
    },
    {
        "bookingid": 1893
    },
    {
        "bookingid": 4336
    },
    {
        "bookingid": 517
    },
    {
        "bookingid": 8762
    },
    {
        "bookingid": 2190
    },
    {
        "bookingid": 6119
    },
    {
        "bookingid": 3645
    },
    {
        "bookingid": 6406
    },
    {
        "bookingid": 7794
    },
    {
        "bookingid": 6409
    },
    {
        "bookingid": 8620
    },
    {
        "bookingid": 406
    },
    {
        "bookingid": 2395
    },
    {
        "bookingid": 2543
    },
    {
        "bookingid": 4433
    },
    {
        "bookingid": 5878
    },
    {
        "bookingid": 833
    },
    {
        "bookingid": 6190
    },
    {
        "bookingid": 6148
    },
    {
        "bookingid": 336
    },
    {
        "bookingid": 5588
    },
    {
        "bookingid": 5431
    },
    {
        "bookingid": 3953
    },
    {
        "bookingid": 5761
    },
    {
        "bookingid": 3323
    },
    {
        "bookingid": 8859
    },
    {
        "bookingid": 8386
    },
    {
        "bookingid": 9028
    },
    {
        "bookingid": 881
    },
    {
        "bookingid": 1643
    },
    {
        "bookingid": 6111
    },
    {
        "bookingid": 2446
    },
    {
        "bookingid": 1844
    },
    {
        "bookingid": 1547
    },
    {
        "bookingid": 7976
    },
    {
        "bookingid": 4582
    },
    {
        "bookingid": 2286
    },
    {
        "bookingid": 2270
    },
    {
        "bookingid": 4439
    },
    {
        "bookingid": 734
    },
    {
        "bookingid": 5560
    },
    {
        "bookingid": 7306
    },
    {
        "bookingid": 2627
    },
    {
        "bookingid": 7538
    },
    {
        "bookingid": 4971
    },
    {
        "bookingid": 8395
    },
    {
        "bookingid": 1157
    },
    {
        "bookingid": 5564
    },
    {
        "bookingid": 5490
    },
    {
        "bookingid": 8175
    },
    {
        "bookingid": 3769
    },
    {
        "bookingid": 2340
    },
    {
        "bookingid": 1835
    },
    {
        "bookingid": 8945
    },
    {
        "bookingid": 433
    },
    {
        "bookingid": 2693
    },
    {
        "bookingid": 1762
    },
    {
        "bookingid": 617
    },
    {
        "bookingid": 2314
    },
    {
        "bookingid": 3853
    },
    {
        "bookingid": 8573
    },
    {
        "bookingid": 5252
    },
    {
        "bookingid": 1275
    },
    {
        "bookingid": 6559
    },
    {
        "bookingid": 2437
    },
    {
        "bookingid": 1477
    },
    {
        "bookingid": 7409
    },
    {
        "bookingid": 2961
    },
    {
        "bookingid": 3847
    },
    {
        "bookingid": 6714
    },
    {
        "bookingid": 3964
    },
    {
        "bookingid": 2823
    },
    {
        "bookingid": 3998
    },
    {
        "bookingid": 7121
    },
    {
        "bookingid": 4797
    },
    {
        "bookingid": 1979
    },
    {
        "bookingid": 2436
    },
    {
        "bookingid": 6800
    },
    {
        "bookingid": 7633
    },
    {
        "bookingid": 3666
    },
    {
        "bookingid": 2659
    },
    {
        "bookingid": 6393
    },
    {
        "bookingid": 1470
    },
    {
        "bookingid": 3758
    },
    {
        "bookingid": 3011
    },
    {
        "bookingid": 8154
    },
    {
        "bookingid": 2788
    },
    {
        "bookingid": 6716
    },
    {
        "bookingid": 7084
    },
    {
        "bookingid": 7246
    },
    {
        "bookingid": 8670
    },
    {
        "bookingid": 8971
    },
    {
        "bookingid": 2260
    },
    {
        "bookingid": 1191
    },
    {
        "bookingid": 3890
    },
    {
        "bookingid": 8172
    },
    {
        "bookingid": 5654
    },
    {
        "bookingid": 1966
    },
    {
        "bookingid": 4715
    },
    {
        "bookingid": 5043
    },
    {
        "bookingid": 5424
    },
    {
        "bookingid": 6461
    },
    {
        "bookingid": 5578
    },
    {
        "bookingid": 4584
    },
    {
        "bookingid": 4918
    },
    {
        "bookingid": 5623
    },
    {
        "bookingid": 707
    },
    {
        "bookingid": 5457
    },
    {
        "bookingid": 1850
    },
    {
        "bookingid": 1640
    },
    {
        "bookingid": 6541
    },
    {
        "bookingid": 3016
    },
    {
        "bookingid": 8982
    },
    {
        "bookingid": 8330
    },
    {
        "bookingid": 194
    },
    {
        "bookingid": 1467
    },
    {
        "bookingid": 5518
    },
    {
        "bookingid": 5762
    },
    {
        "bookingid": 29
    },
    {
        "bookingid": 4470
    },
    {
        "bookingid": 1289
    },
    {
        "bookingid": 4349
    },
    {
        "bookingid": 3811
    },
    {
        "bookingid": 3286
    },
    {
        "bookingid": 7378
    },
    {
        "bookingid": 460
    },
    {
        "bookingid": 7824
    },
    {
        "bookingid": 439
    },
    {
        "bookingid": 2290
    },
    {
        "bookingid": 5169
    },
    {
        "bookingid": 5537
    },
    {
        "bookingid": 8673
    },
    {
        "bookingid": 3750
    },
    {
        "bookingid": 4545
    },
    {
        "bookingid": 2896
    },
    {
        "bookingid": 4967
    },
    {
        "bookingid": 7426
    },
    {
        "bookingid": 5904
    },
    {
        "bookingid": 6377
    },
    {
        "bookingid": 6861
    },
    {
        "bookingid": 67
    },
    {
        "bookingid": 4839
    },
    {
        "bookingid": 6015
    },
    {
        "bookingid": 3028
    },
    {
        "bookingid": 1757
    },
    {
        "bookingid": 8835
    },
    {
        "bookingid": 2481
    },
    {
        "bookingid": 3745
    },
    {
        "bookingid": 4181
    },
    {
        "bookingid": 6791
    },
    {
        "bookingid": 456
    },
    {
        "bookingid": 7180
    },
    {
        "bookingid": 6655
    },
    {
        "bookingid": 2906
    },
    {
        "bookingid": 2152
    },
    {
        "bookingid": 1391
    },
    {
        "bookingid": 6686
    },
    {
        "bookingid": 8640
    },
    {
        "bookingid": 5394
    },
    {
        "bookingid": 8636
    },
    {
        "bookingid": 2182
    },
    {
        "bookingid": 206
    },
    {
        "bookingid": 3276
    },
    {
        "bookingid": 4103
    },
    {
        "bookingid": 5159
    },
    {
        "bookingid": 1800
    },
    {
        "bookingid": 8706
    },
    {
        "bookingid": 1553
    },
    {
        "bookingid": 7457
    },
    {
        "bookingid": 525
    },
    {
        "bookingid": 6079
    },
    {
        "bookingid": 299
    },
    {
        "bookingid": 7571
    },
    {
        "bookingid": 954
    },
    {
        "bookingid": 6000
    },
    {
        "bookingid": 1884
    },
    {
        "bookingid": 803
    },
    {
        "bookingid": 183
    },
    {
        "bookingid": 9066
    },
    {
        "bookingid": 1310
    },
    {
        "bookingid": 5008
    },
    {
        "bookingid": 3529
    },
    {
        "bookingid": 7369
    },
    {
        "bookingid": 6151
    },
    {
        "bookingid": 4035
    },
    {
        "bookingid": 951
    },
    {
        "bookingid": 376
    },
    {
        "bookingid": 1455
    },
    {
        "bookingid": 7380
    },
    {
        "bookingid": 1575
    },
    {
        "bookingid": 1164
    },
    {
        "bookingid": 6167
    },
    {
        "bookingid": 7282
    },
    {
        "bookingid": 5242
    },
    {
        "bookingid": 6672
    },
    {
        "bookingid": 7618
    },
    {
        "bookingid": 203
    },
    {
        "bookingid": 2905
    },
    {
        "bookingid": 8039
    },
    {
        "bookingid": 4779
    },
    {
        "bookingid": 415
    },
    {
        "bookingid": 30
    },
    {
        "bookingid": 7648
    },
    {
        "bookingid": 8234
    },
    {
        "bookingid": 8128
    },
    {
        "bookingid": 1246
    },
    {
        "bookingid": 4755
    },
    {
        "bookingid": 1265
    },
    {
        "bookingid": 339
    },
    {
        "bookingid": 7863
    },
    {
        "bookingid": 597
    },
    {
        "bookingid": 7418
    },
    {
        "bookingid": 7318
    },
    {
        "bookingid": 1568
    },
    {
        "bookingid": 8
    },
    {
        "bookingid": 2311
    },
    {
        "bookingid": 7907
    },
    {
        "bookingid": 5909
    },
    {
        "bookingid": 2046
    },
    {
        "bookingid": 5961
    },
    {
        "bookingid": 6107
    },
    {
        "bookingid": 201
    },
    {
        "bookingid": 4452
    },
    {
        "bookingid": 1241
    },
    {
        "bookingid": 5103
    },
    {
        "bookingid": 4097
    },
    {
        "bookingid": 2457
    },
    {
        "bookingid": 271
    },
    {
        "bookingid": 2337
    },
    {
        "bookingid": 5745
    },
    {
        "bookingid": 4633
    },
    {
        "bookingid": 7101
    },
    {
        "bookingid": 8314
    },
    {
        "bookingid": 7524
    },
    {
        "bookingid": 2056
    },
    {
        "bookingid": 233
    },
    {
        "bookingid": 2657
    },
    {
        "bookingid": 3818
    },
    {
        "bookingid": 2051
    },
    {
        "bookingid": 9058
    },
    {
        "bookingid": 1859
    },
    {
        "bookingid": 2415
    },
    {
        "bookingid": 3158
    },
    {
        "bookingid": 3146
    },
    {
        "bookingid": 7470
    },
    {
        "bookingid": 5798
    },
    {
        "bookingid": 424
    },
    {
        "bookingid": 7132
    },
    {
        "bookingid": 487
    },
    {
        "bookingid": 12
    },
    {
        "bookingid": 3348
    },
    {
        "bookingid": 7879
    },
    {
        "bookingid": 8208
    },
    {
        "bookingid": 1725
    },
    {
        "bookingid": 865
    },
    {
        "bookingid": 7592
    },
    {
        "bookingid": 4074
    },
    {
        "bookingid": 8107
    },
    {
        "bookingid": 5822
    },
    {
        "bookingid": 921
    },
    {
        "bookingid": 1257
    },
    {
        "bookingid": 5323
    },
    {
        "bookingid": 8021
    },
    {
        "bookingid": 6413
    },
    {
        "bookingid": 4722
    },
    {
        "bookingid": 2614
    },
    {
        "bookingid": 1409
    },
    {
        "bookingid": 3251
    },
    {
        "bookingid": 264
    },
    {
        "bookingid": 5356
    },
    {
        "bookingid": 1421
    },
    {
        "bookingid": 7808
    },
    {
        "bookingid": 191
    },
    {
        "bookingid": 4077
    },
    {
        "bookingid": 6122
    },
    {
        "bookingid": 4555
    },
    {
        "bookingid": 8865
    },
    {
        "bookingid": 6929
    },
    {
        "bookingid": 8278
    },
    {
        "bookingid": 1003
    },
    {
        "bookingid": 223
    },
    {
        "bookingid": 7097
    },
    {
        "bookingid": 4551
    },
    {
        "bookingid": 1044
    },
    {
        "bookingid": 211
    },
    {
        "bookingid": 3121
    },
    {
        "bookingid": 1181
    },
    {
        "bookingid": 187
    },
    {
        "bookingid": 8112
    },
    {
        "bookingid": 870
    },
    {
        "bookingid": 6210
    },
    {
        "bookingid": 5173
    },
    {
        "bookingid": 7580
    },
    {
        "bookingid": 6025
    },
    {
        "bookingid": 3621
    },
    {
        "bookingid": 6370
    },
    {
        "bookingid": 7138
    },
    {
        "bookingid": 4151
    },
    {
        "bookingid": 3035
    },
    {
        "bookingid": 3597
    },
    {
        "bookingid": 2846
    },
    {
        "bookingid": 3066
    },
    {
        "bookingid": 1483
    },
    {
        "bookingid": 5033
    },
    {
        "bookingid": 4428
    },
    {
        "bookingid": 1827
    },
    {
        "bookingid": 3318
    },
    {
        "bookingid": 838
    },
    {
        "bookingid": 4482
    },
    {
        "bookingid": 7573
    },
    {
        "bookingid": 4186
    },
    {
        "bookingid": 6252
    },
    {
        "bookingid": 8177
    },
    {
        "bookingid": 7486
    },
    {
        "bookingid": 1294
    },
    {
        "bookingid": 4346
    },
    {
        "bookingid": 5840
    },
    {
        "bookingid": 8800
    },
    {
        "bookingid": 1116
    },
    {
        "bookingid": 6234
    },
    {
        "bookingid": 5680
    },
    {
        "bookingid": 6159
    },
    {
        "bookingid": 3827
    },
    {
        "bookingid": 2295
    },
    {
        "bookingid": 461
    },
    {
        "bookingid": 4686
    },
    {
        "bookingid": 1772
    },
    {
        "bookingid": 7219
    },
    {
        "bookingid": 1986
    },
    {
        "bookingid": 3618
    },
    {
        "bookingid": 4673
    },
    {
        "bookingid": 7054
    },
    {
        "bookingid": 6069
    },
    {
        "bookingid": 7374
    },
    {
        "bookingid": 5332
    },
    {
        "bookingid": 4166
    },
    {
        "bookingid": 7741
    },
    {
        "bookingid": 8370
    },
    {
        "bookingid": 5387
    },
    {
        "bookingid": 3148
    },
    {
        "bookingid": 4865
    },
    {
        "bookingid": 2114
    },
    {
        "bookingid": 3
    },
    {
        "bookingid": 1899
    },
    {
        "bookingid": 7382
    },
    {
        "bookingid": 6312
    },
    {
        "bookingid": 4013
    },
    {
        "bookingid": 6508
    },
    {
        "bookingid": 635
    },
    {
        "bookingid": 6417
    },
    {
        "bookingid": 5587
    },
    {
        "bookingid": 6486
    },
    {
        "bookingid": 2734
    },
    {
        "bookingid": 7351
    },
    {
        "bookingid": 8216
    },
    {
        "bookingid": 3277
    },
    {
        "bookingid": 5391
    },
    {
        "bookingid": 6272
    },
    {
        "bookingid": 3670
    },
    {
        "bookingid": 6732
    },
    {
        "bookingid": 5248
    },
    {
        "bookingid": 6605
    },
    {
        "bookingid": 7260
    },
    {
        "bookingid": 4476
    },
    {
        "bookingid": 5833
    },
    {
        "bookingid": 1538
    },
    {
        "bookingid": 6433
    },
    {
        "bookingid": 3738
    },
    {
        "bookingid": 7982
    },
    {
        "bookingid": 253
    },
    {
        "bookingid": 3747
    },
    {
        "bookingid": 6105
    },
    {
        "bookingid": 8475
    },
    {
        "bookingid": 7175
    },
    {
        "bookingid": 2317
    },
    {
        "bookingid": 57
    },
    {
        "bookingid": 3685
    },
    {
        "bookingid": 8820
    },
    {
        "bookingid": 2532
    },
    {
        "bookingid": 8538
    },
    {
        "bookingid": 5723
    },
    {
        "bookingid": 7359
    },
    {
        "bookingid": 4292
    },
    {
        "bookingid": 858
    },
    {
        "bookingid": 3945
    },
    {
        "bookingid": 7726
    },
    {
        "bookingid": 1074
    },
    {
        "bookingid": 3865
    },
    {
        "bookingid": 3587
    },
    {
        "bookingid": 6537
    },
    {
        "bookingid": 3570
    },
    {
        "bookingid": 2776
    },
    {
        "bookingid": 8335
    },
    {
        "bookingid": 7074
    },
    {
        "bookingid": 3210
    },
    {
        "bookingid": 284
    },
    {
        "bookingid": 915
    },
    {
        "bookingid": 8503
    },
    {
        "bookingid": 2456
    },
    {
        "bookingid": 6896
    },
    {
        "bookingid": 220
    },
    {
        "bookingid": 6271
    },
    {
        "bookingid": 2619
    },
    {
        "bookingid": 3898
    },
    {
        "bookingid": 8477
    },
    {
        "bookingid": 6646
    },
    {
        "bookingid": 1137
    },
    {
        "bookingid": 5812
    },
    {
        "bookingid": 9060
    },
    {
        "bookingid": 210
    },
    {
        "bookingid": 2277
    },
    {
        "bookingid": 934
    },
    {
        "bookingid": 6699
    },
    {
        "bookingid": 5637
    },
    {
        "bookingid": 791
    },
    {
        "bookingid": 1965
    },
    {
        "bookingid": 176
    },
    {
        "bookingid": 8755
    },
    {
        "bookingid": 6998
    },
    {
        "bookingid": 15
    },
    {
        "bookingid": 5645
    },
    {
        "bookingid": 1325
    },
    {
        "bookingid": 2403
    },
    {
        "bookingid": 442
    },
    {
        "bookingid": 4093
    },
    {
        "bookingid": 3909
    },
    {
        "bookingid": 5720
    },
    {
        "bookingid": 8882
    },
    {
        "bookingid": 5739
    },
    {
        "bookingid": 1628
    },
    {
        "bookingid": 302
    },
    {
        "bookingid": 6221
    },
    {
        "bookingid": 8899
    },
    {
        "bookingid": 3536
    },
    {
        "bookingid": 605
    },
    {
        "bookingid": 8520
    },
    {
        "bookingid": 3949
    },
    {
        "bookingid": 6566
    },
    {
        "bookingid": 7869
    },
    {
        "bookingid": 3640
    },
    {
        "bookingid": 7398
    },
    {
        "bookingid": 8406
    },
    {
        "bookingid": 8124
    },
    {
        "bookingid": 753
    },
    {
        "bookingid": 3082
    },
    {
        "bookingid": 5220
    },
    {
        "bookingid": 3634
    },
    {
        "bookingid": 7014
    },
    {
        "bookingid": 6012
    },
    {
        "bookingid": 3166
    },
    {
        "bookingid": 5158
    },
    {
        "bookingid": 5610
    },
    {
        "bookingid": 5746
    },
    {
        "bookingid": 2810
    },
    {
        "bookingid": 472
    },
    {
        "bookingid": 8869
    },
    {
        "bookingid": 6224
    },
    {
        "bookingid": 180
    },
    {
        "bookingid": 2839
    },
    {
        "bookingid": 9064
    },
    {
        "bookingid": 7543
    },
    {
        "bookingid": 1900
    },
    {
        "bookingid": 7125
    },
    {
        "bookingid": 6444
    },
    {
        "bookingid": 5453
    },
    {
        "bookingid": 124
    },
    {
        "bookingid": 93
    },
    {
        "bookingid": 4789
    },
    {
        "bookingid": 5344
    },
    {
        "bookingid": 7892
    },
    {
        "bookingid": 7128
    },
    {
        "bookingid": 2486
    },
    {
        "bookingid": 2268
    },
    {
        "bookingid": 4501
    },
    {
        "bookingid": 619
    },
    {
        "bookingid": 5899
    },
    {
        "bookingid": 3398
    },
    {
        "bookingid": 3019
    },
    {
        "bookingid": 3264
    },
    {
        "bookingid": 4477
    },
    {
        "bookingid": 7866
    },
    {
        "bookingid": 3989
    },
    {
        "bookingid": 3619
    },
    {
        "bookingid": 8310
    },
    {
        "bookingid": 1627
    },
    {
        "bookingid": 660
    },
    {
        "bookingid": 1089
    },
    {
        "bookingid": 8656
    },
    {
        "bookingid": 2680
    },
    {
        "bookingid": 2297
    },
    {
        "bookingid": 4757
    },
    {
        "bookingid": 8197
    },
    {
        "bookingid": 817
    },
    {
        "bookingid": 5372
    },
    {
        "bookingid": 6314
    },
    {
        "bookingid": 8190
    },
    {
        "bookingid": 7512
    },
    {
        "bookingid": 709
    },
    {
        "bookingid": 8298
    },
    {
        "bookingid": 295
    },
    {
        "bookingid": 8057
    },
    {
        "bookingid": 1293
    },
    {
        "bookingid": 3559
    },
    {
        "bookingid": 6165
    },
    {
        "bookingid": 7806
    },
    {
        "bookingid": 4371
    },
    {
        "bookingid": 2563
    },
    {
        "bookingid": 7746
    },
    {
        "bookingid": 8711
    },
    {
        "bookingid": 5018
    },
    {
        "bookingid": 9041
    },
    {
        "bookingid": 7
    },
    {
        "bookingid": 1026
    },
    {
        "bookingid": 7089
    },
    {
        "bookingid": 5404
    },
    {
        "bookingid": 6670
    },
    {
        "bookingid": 8030
    },
    {
        "bookingid": 3186
    },
    {
        "bookingid": 1537
    },
    {
        "bookingid": 5596
    },
    {
        "bookingid": 6286
    },
    {
        "bookingid": 2510
    },
    {
        "bookingid": 935
    },
    {
        "bookingid": 2389
    },
    {
        "bookingid": 1223
    },
    {
        "bookingid": 4810
    },
    {
        "bookingid": 9019
    },
    {
        "bookingid": 2102
    },
    {
        "bookingid": 2391
    },
    {
        "bookingid": 3628
    },
    {
        "bookingid": 4972
    },
    {
        "bookingid": 5559
    },
    {
        "bookingid": 7870
    },
    {
        "bookingid": 2338
    },
    {
        "bookingid": 6463
    },
    {
        "bookingid": 7422
    },
    {
        "bookingid": 161
    },
    {
        "bookingid": 5414
    },
    {
        "bookingid": 2592
    },
    {
        "bookingid": 2833
    },
    {
        "bookingid": 8998
    },
    {
        "bookingid": 3995
    },
    {
        "bookingid": 826
    },
    {
        "bookingid": 8286
    },
    {
        "bookingid": 7676
    },
    {
        "bookingid": 987
    },
    {
        "bookingid": 7704
    },
    {
        "bookingid": 3105
    },
    {
        "bookingid": 6427
    },
    {
        "bookingid": 371
    },
    {
        "bookingid": 4421
    },
    {
        "bookingid": 8142
    },
    {
        "bookingid": 1937
    },
    {
        "bookingid": 7539
    },
    {
        "bookingid": 2926
    },
    {
        "bookingid": 9054
    },
    {
        "bookingid": 4249
    },
    {
        "bookingid": 328
    },
    {
        "bookingid": 658
    },
    {
        "bookingid": 2974
    },
    {
        "bookingid": 5673
    },
    {
        "bookingid": 5083
    },
    {
        "bookingid": 1783
    },
    {
        "bookingid": 367
    },
    {
        "bookingid": 621
    },
    {
        "bookingid": 8910
    },
    {
        "bookingid": 3633
    },
    {
        "bookingid": 4218
    },
    {
        "bookingid": 412
    },
    {
        "bookingid": 99
    },
    {
        "bookingid": 5652
    },
    {
        "bookingid": 7134
    },
    {
        "bookingid": 405
    },
    {
        "bookingid": 3806
    },
    {
        "bookingid": 4022
    },
    {
        "bookingid": 2065
    },
    {
        "bookingid": 3650
    },
    {
        "bookingid": 3485
    },
    {
        "bookingid": 3556
    },
    {
        "bookingid": 8606
    },
    {
        "bookingid": 5891
    },
    {
        "bookingid": 249
    },
    {
        "bookingid": 7402
    },
    {
        "bookingid": 1861
    },
    {
        "bookingid": 5748
    },
    {
        "bookingid": 655
    },
    {
        "bookingid": 2373
    },
    {
        "bookingid": 4558
    },
    {
        "bookingid": 1494
    },
    {
        "bookingid": 5638
    },
    {
        "bookingid": 7010
    },
    {
        "bookingid": 849
    },
    {
        "bookingid": 290
    },
    {
        "bookingid": 5303
    },
    {
        "bookingid": 4232
    },
    {
        "bookingid": 973
    },
    {
        "bookingid": 6554
    },
    {
        "bookingid": 6758
    },
    {
        "bookingid": 7223
    },
    {
        "bookingid": 964
    },
    {
        "bookingid": 7481
    },
    {
        "bookingid": 1239
    },
    {
        "bookingid": 4546
    },
    {
        "bookingid": 8029
    },
    {
        "bookingid": 6379
    },
    {
        "bookingid": 7071
    },
    {
        "bookingid": 2965
    },
    {
        "bookingid": 693
    },
    {
        "bookingid": 3690
    },
    {
        "bookingid": 4885
    },
    {
        "bookingid": 6425
    },
    {
        "bookingid": 7937
    },
    {
        "bookingid": 3387
    },
    {
        "bookingid": 5793
    },
    {
        "bookingid": 8195
    },
    {
        "bookingid": 2239
    },
    {
        "bookingid": 3043
    },
    {
        "bookingid": 8455
    },
    {
        "bookingid": 3420
    },
    {
        "bookingid": 752
    },
    {
        "bookingid": 2883
    },
    {
        "bookingid": 5249
    },
    {
        "bookingid": 1789
    },
    {
        "bookingid": 4451
    },
    {
        "bookingid": 1033
    },
    {
        "bookingid": 6715
    },
    {
        "bookingid": 4241
    },
    {
        "bookingid": 1017
    },
    {
        "bookingid": 1662
    },
    {
        "bookingid": 495
    },
    {
        "bookingid": 3405
    },
    {
        "bookingid": 2351
    },
    {
        "bookingid": 5693
    },
    {
        "bookingid": 4411
    },
    {
        "bookingid": 1777
    },
    {
        "bookingid": 7831
    },
    {
        "bookingid": 3849
    },
    {
        "bookingid": 6070
    },
    {
        "bookingid": 1138
    },
    {
        "bookingid": 8461
    },
    {
        "bookingid": 65
    },
    {
        "bookingid": 3915
    },
    {
        "bookingid": 3609
    },
    {
        "bookingid": 6613
    },
    {
        "bookingid": 5281
    },
    {
        "bookingid": 5472
    },
    {
        "bookingid": 1406
    },
    {
        "bookingid": 3564
    },
    {
        "bookingid": 8001
    },
    {
        "bookingid": 638
    },
    {
        "bookingid": 7169
    },
    {
        "bookingid": 1336
    },
    {
        "bookingid": 8341
    },
    {
        "bookingid": 1622
    },
    {
        "bookingid": 2882
    },
    {
        "bookingid": 3798
    },
    {
        "bookingid": 5211
    },
    {
        "bookingid": 4374
    },
    {
        "bookingid": 4412
    },
    {
        "bookingid": 3115
    },
    {
        "bookingid": 3939
    },
    {
        "bookingid": 146
    },
    {
        "bookingid": 4660
    },
    {
        "bookingid": 3941
    },
    {
        "bookingid": 8932
    },
    {
        "bookingid": 1059
    },
    {
        "bookingid": 5595
    },
    {
        "bookingid": 7978
    },
    {
        "bookingid": 1180
    },
    {
        "bookingid": 2179
    },
    {
        "bookingid": 8281
    },
    {
        "bookingid": 8555
    },
    {
        "bookingid": 5562
    },
    {
        "bookingid": 1051
    },
    {
        "bookingid": 3975
    },
    {
        "bookingid": 5733
    },
    {
        "bookingid": 1894
    },
    {
        "bookingid": 8343
    },
    {
        "bookingid": 4645
    },
    {
        "bookingid": 3677
    },
    {
        "bookingid": 6538
    },
    {
        "bookingid": 7798
    },
    {
        "bookingid": 3249
    },
    {
        "bookingid": 9035
    },
    {
        "bookingid": 5700
    },
    {
        "bookingid": 3370
    },
    {
        "bookingid": 1543
    },
    {
        "bookingid": 8671
    },
    {
        "bookingid": 6589
    },
    {
        "bookingid": 6897
    },
    {
        "bookingid": 1449
    },
    {
        "bookingid": 1243
    },
    {
        "bookingid": 6972
    },
    {
        "bookingid": 2371
    },
    {
        "bookingid": 400
    },
    {
        "bookingid": 5868
    },
    {
        "bookingid": 3756
    },
    {
        "bookingid": 4073
    },
    {
        "bookingid": 1140
    },
    {
        "bookingid": 4274
    },
    {
        "bookingid": 2613
    },
    {
        "bookingid": 6631
    },
    {
        "bookingid": 3025
    },
    {
        "bookingid": 5953
    },
    {
        "bookingid": 3213
    },
    {
        "bookingid": 8407
    },
    {
        "bookingid": 2309
    },
    {
        "bookingid": 8529
    },
    {
        "bookingid": 7944
    },
    {
        "bookingid": 505
    },
    {
        "bookingid": 6523
    },
    {
        "bookingid": 6196
    },
    {
        "bookingid": 5122
    },
    {
        "bookingid": 6005
    },
    {
        "bookingid": 5136
    },
    {
        "bookingid": 653
    },
    {
        "bookingid": 6362
    },
    {
        "bookingid": 5702
    },
    {
        "bookingid": 239
    },
    {
        "bookingid": 1974
    },
    {
        "bookingid": 7702
    },
    {
        "bookingid": 6282
    },
    {
        "bookingid": 7333
    },
    {
        "bookingid": 309
    },
    {
        "bookingid": 1513
    },
    {
        "bookingid": 4031
    },
    {
        "bookingid": 4237
    },
    {
        "bookingid": 418
    },
    {
        "bookingid": 3497
    },
    {
        "bookingid": 4101
    },
    {
        "bookingid": 6863
    },
    {
        "bookingid": 6772
    },
    {
        "bookingid": 6518
    },
    {
        "bookingid": 8828
    },
    {
        "bookingid": 378
    },
    {
        "bookingid": 477
    },
    {
        "bookingid": 891
    },
    {
        "bookingid": 6203
    },
    {
        "bookingid": 2050
    },
    {
        "bookingid": 2536
    },
    {
        "bookingid": 5352
    },
    {
        "bookingid": 727
    },
    {
        "bookingid": 7120
    },
    {
        "bookingid": 5614
    },
    {
        "bookingid": 3293
    },
    {
        "bookingid": 4054
    },
    {
        "bookingid": 4708
    },
    {
        "bookingid": 5731
    },
    {
        "bookingid": 4246
    },
    {
        "bookingid": 6053
    },
    {
        "bookingid": 3164
    },
    {
        "bookingid": 8460
    },
    {
        "bookingid": 2496
    },
    {
        "bookingid": 984
    },
    {
        "bookingid": 5980
    },
    {
        "bookingid": 8404
    },
    {
        "bookingid": 890
    },
    {
        "bookingid": 1314
    },
    {
        "bookingid": 4770
    },
    {
        "bookingid": 7446
    },
    {
        "bookingid": 382
    },
    {
        "bookingid": 91
    },
    {
        "bookingid": 4665
    },
    {
        "bookingid": 513
    },
    {
        "bookingid": 1895
    },
    {
        "bookingid": 3721
    },
    {
        "bookingid": 2696
    },
    {
        "bookingid": 3021
    },
    {
        "bookingid": 3328
    },
    {
        "bookingid": 625
    },
    {
        "bookingid": 7507
    },
    {
        "bookingid": 998
    },
    {
        "bookingid": 7114
    },
    {
        "bookingid": 1235
    },
    {
        "bookingid": 5943
    },
    {
        "bookingid": 841
    },
    {
        "bookingid": 4464
    },
    {
        "bookingid": 5035
    },
    {
        "bookingid": 8284
    },
    {
        "bookingid": 7020
    },
    {
        "bookingid": 5851
    },
    {
        "bookingid": 6834
    },
    {
        "bookingid": 8995
    },
    {
        "bookingid": 4518
    },
    {
        "bookingid": 2283
    },
    {
        "bookingid": 1755
    },
    {
        "bookingid": 4589
    },
    {
        "bookingid": 503
    },
    {
        "bookingid": 4034
    },
    {
        "bookingid": 978
    },
    {
        "bookingid": 2169
    },
    {
        "bookingid": 2539
    },
    {
        "bookingid": 3272
    },
    {
        "bookingid": 6077
    },
    {
        "bookingid": 4987
    },
    {
        "bookingid": 4621
    },
    {
        "bookingid": 1952
    },
    {
        "bookingid": 2940
    },
    {
        "bookingid": 6931
    },
    {
        "bookingid": 1021
    },
    {
        "bookingid": 8769
    },
    {
        "bookingid": 974
    },
    {
        "bookingid": 5358
    },
    {
        "bookingid": 8809
    },
    {
        "bookingid": 2648
    },
    {
        "bookingid": 2489
    },
    {
        "bookingid": 4478
    },
    {
        "bookingid": 3820
    },
    {
        "bookingid": 3812
    },
    {
        "bookingid": 606
    },
    {
        "bookingid": 8165
    },
    {
        "bookingid": 4609
    },
    {
        "bookingid": 8783
    },
    {
        "bookingid": 2244
    },
    {
        "bookingid": 5231
    },
    {
        "bookingid": 5983
    },
    {
        "bookingid": 5958
    },
    {
        "bookingid": 2090
    },
    {
        "bookingid": 3477
    },
    {
        "bookingid": 3397
    },
    {
        "bookingid": 3155
    },
    {
        "bookingid": 1869
    },
    {
        "bookingid": 8570
    },
    {
        "bookingid": 2948
    },
    {
        "bookingid": 353
    },
    {
        "bookingid": 3290
    },
    {
        "bookingid": 8014
    },
    {
        "bookingid": 1286
    },
    {
        "bookingid": 6731
    },
    {
        "bookingid": 7706
    },
    {
        "bookingid": 3010
    },
    {
        "bookingid": 6990
    },
    {
        "bookingid": 1082
    },
    {
        "bookingid": 9091
    },
    {
        "bookingid": 6857
    },
    {
        "bookingid": 7641
    },
    {
        "bookingid": 808
    },
    {
        "bookingid": 885
    },
    {
        "bookingid": 4503
    },
    {
        "bookingid": 4173
    },
    {
        "bookingid": 6327
    },
    {
        "bookingid": 3656
    },
    {
        "bookingid": 8676
    },
    {
        "bookingid": 4288
    },
    {
        "bookingid": 6609
    },
    {
        "bookingid": 1947
    },
    {
        "bookingid": 3617
    },
    {
        "bookingid": 6355
    },
    {
        "bookingid": 4298
    },
    {
        "bookingid": 1949
    },
    {
        "bookingid": 818
    },
    {
        "bookingid": 8432
    },
    {
        "bookingid": 8949
    },
    {
        "bookingid": 8501
    },
    {
        "bookingid": 2958
    },
    {
        "bookingid": 5027
    },
    {
        "bookingid": 4157
    },
    {
        "bookingid": 4049
    },
    {
        "bookingid": 8258
    },
    {
        "bookingid": 8750
    },
    {
        "bookingid": 2690
    },
    {
        "bookingid": 4928
    },
    {
        "bookingid": 51
    },
    {
        "bookingid": 5337
    },
    {
        "bookingid": 5307
    },
    {
        "bookingid": 551
    },
    {
        "bookingid": 4021
    },
    {
        "bookingid": 2339
    },
    {
        "bookingid": 2516
    },
    {
        "bookingid": 2993
    },
    {
        "bookingid": 1159
    },
    {
        "bookingid": 423
    },
    {
        "bookingid": 4382
    },
    {
        "bookingid": 4904
    },
    {
        "bookingid": 3603
    },
    {
        "bookingid": 2249
    },
    {
        "bookingid": 1905
    },
    {
        "bookingid": 1932
    },
    {
        "bookingid": 2643
    },
    {
        "bookingid": 8376
    },
    {
        "bookingid": 4845
    },
    {
        "bookingid": 2375
    },
    {
        "bookingid": 237
    },
    {
        "bookingid": 8630
    },
    {
        "bookingid": 6899
    },
    {
        "bookingid": 3267
    },
    {
        "bookingid": 6859
    },
    {
        "bookingid": 2250
    },
    {
        "bookingid": 5419
    },
    {
        "bookingid": 4098
    },
    {
        "bookingid": 3474
    },
    {
        "bookingid": 6217
    },
    {
        "bookingid": 4143
    },
    {
        "bookingid": 1793
    },
    {
        "bookingid": 6467
    },
    {
        "bookingid": 2316
    },
    {
        "bookingid": 8326
    },
    {
        "bookingid": 8145
    },
    {
        "bookingid": 2397
    },
    {
        "bookingid": 11
    },
    {
        "bookingid": 8478
    },
    {
        "bookingid": 7712
    },
    {
        "bookingid": 5022
    },
    {
        "bookingid": 5208
    },
    {
        "bookingid": 6192
    },
    {
        "bookingid": 1993
    },
    {
        "bookingid": 5664
    },
    {
        "bookingid": 3817
    },
    {
        "bookingid": 3501
    },
    {
        "bookingid": 3253
    },
    {
        "bookingid": 4784
    },
    {
        "bookingid": 6336
    },
    {
        "bookingid": 1782
    },
    {
        "bookingid": 8837
    },
    {
        "bookingid": 5185
    },
    {
        "bookingid": 2328
    },
    {
        "bookingid": 1107
    },
    {
        "bookingid": 6250
    },
    {
        "bookingid": 3639
    },
    {
        "bookingid": 133
    },
    {
        "bookingid": 2616
    },
    {
        "bookingid": 8454
    },
    {
        "bookingid": 2895
    },
    {
        "bookingid": 3841
    },
    {
        "bookingid": 4980
    },
    {
        "bookingid": 402
    },
    {
        "bookingid": 2644
    },
    {
        "bookingid": 127
    },
    {
        "bookingid": 3950
    },
    {
        "bookingid": 3268
    },
    {
        "bookingid": 6754
    },
    {
        "bookingid": 165
    },
    {
        "bookingid": 8987
    },
    {
        "bookingid": 3080
    },
    {
        "bookingid": 4369
    },
    {
        "bookingid": 7842
    },
    {
        "bookingid": 6094
    },
    {
        "bookingid": 8062
    },
    {
        "bookingid": 8780
    },
    {
        "bookingid": 1009
    },
    {
        "bookingid": 3495
    },
    {
        "bookingid": 5528
    },
    {
        "bookingid": 9074
    },
    {
        "bookingid": 23
    },
    {
        "bookingid": 4194
    },
    {
        "bookingid": 1582
    },
    {
        "bookingid": 5890
    },
    {
        "bookingid": 3099
    },
    {
        "bookingid": 831
    },
    {
        "bookingid": 1987
    },
    {
        "bookingid": 6775
    },
    {
        "bookingid": 7164
    },
    {
        "bookingid": 5120
    },
    {
        "bookingid": 5771
    },
    {
        "bookingid": 3052
    },
    {
        "bookingid": 688
    },
    {
        "bookingid": 4567
    },
    {
        "bookingid": 1595
    },
    {
        "bookingid": 4863
    },
    {
        "bookingid": 2369
    },
    {
        "bookingid": 5787
    },
    {
        "bookingid": 5633
    },
    {
        "bookingid": 4747
    },
    {
        "bookingid": 4697
    },
    {
        "bookingid": 2915
    },
    {
        "bookingid": 7000
    },
    {
        "bookingid": 7785
    },
    {
        "bookingid": 3760
    },
    {
        "bookingid": 5310
    },
    {
        "bookingid": 8136
    },
    {
        "bookingid": 7881
    },
    {
        "bookingid": 281
    },
    {
        "bookingid": 2854
    },
    {
        "bookingid": 7560
    },
    {
        "bookingid": 6063
    },
    {
        "bookingid": 4920
    },
    {
        "bookingid": 1509
    },
    {
        "bookingid": 14
    },
    {
        "bookingid": 717
    },
    {
        "bookingid": 6211
    },
    {
        "bookingid": 8095
    },
    {
        "bookingid": 8847
    },
    {
        "bookingid": 8931
    },
    {
        "bookingid": 2800
    },
    {
        "bookingid": 1806
    },
    {
        "bookingid": 7365
    },
    {
        "bookingid": 2120
    },
    {
        "bookingid": 2266
    },
    {
        "bookingid": 6841
    },
    {
        "bookingid": 8822
    },
    {
        "bookingid": 1493
    },
    {
        "bookingid": 322
    },
    {
        "bookingid": 3180
    },
    {
        "bookingid": 1083
    },
    {
        "bookingid": 6906
    },
    {
        "bookingid": 5374
    },
    {
        "bookingid": 3892
    },
    {
        "bookingid": 8126
    },
    {
        "bookingid": 8757
    },
    {
        "bookingid": 2296
    },
    {
        "bookingid": 3302
    },
    {
        "bookingid": 6770
    },
    {
        "bookingid": 1233
    },
    {
        "bookingid": 108
    },
    {
        "bookingid": 4272
    },
    {
        "bookingid": 2535
    },
    {
        "bookingid": 2658
    },
    {
        "bookingid": 5
    },
    {
        "bookingid": 7331
    },
    {
        "bookingid": 2416
    },
    {
        "bookingid": 2469
    },
    {
        "bookingid": 3113
    },
    {
        "bookingid": 225
    },
    {
        "bookingid": 5661
    },
    {
        "bookingid": 3355
    },
    {
        "bookingid": 508
    },
    {
        "bookingid": 2347
    },
    {
        "bookingid": 3842
    },
    {
        "bookingid": 7980
    },
    {
        "bookingid": 6776
    },
    {
        "bookingid": 7588
    },
    {
        "bookingid": 5412
    },
    {
        "bookingid": 8442
    },
    {
        "bookingid": 4468
    },
    {
        "bookingid": 9050
    },
    {
        "bookingid": 1852
    },
    {
        "bookingid": 69
    },
    {
        "bookingid": 8267
    },
    {
        "bookingid": 2777
    },
    {
        "bookingid": 7820
    },
    {
        "bookingid": 1904
    },
    {
        "bookingid": 8582
    },
    {
        "bookingid": 516
    },
    {
        "bookingid": 8929
    },
    {
        "bookingid": 5245
    },
    {
        "bookingid": 5938
    },
    {
        "bookingid": 8275
    },
    {
        "bookingid": 7815
    },
    {
        "bookingid": 4339
    },
    {
        "bookingid": 2760
    },
    {
        "bookingid": 3630
    },
    {
        "bookingid": 5495
    },
    {
        "bookingid": 5813
    },
    {
        "bookingid": 2262
    },
    {
        "bookingid": 3117
    },
    {
        "bookingid": 174
    },
    {
        "bookingid": 3389
    },
    {
        "bookingid": 1703
    },
    {
        "bookingid": 3416
    },
    {
        "bookingid": 5717
    },
    {
        "bookingid": 3163
    },
    {
        "bookingid": 1471
    },
    {
        "bookingid": 288
    },
    {
        "bookingid": 8723
    },
    {
        "bookingid": 8054
    },
    {
        "bookingid": 5845
    },
    {
        "bookingid": 9002
    },
    {
        "bookingid": 5274
    },
    {
        "bookingid": 3961
    },
    {
        "bookingid": 8622
    },
    {
        "bookingid": 2746
    },
    {
        "bookingid": 8102
    },
    {
        "bookingid": 7025
    },
    {
        "bookingid": 5176
    },
    {
        "bookingid": 1065
    },
    {
        "bookingid": 896
    },
    {
        "bookingid": 9007
    },
    {
        "bookingid": 1633
    },
    {
        "bookingid": 7550
    },
    {
        "bookingid": 5036
    },
    {
        "bookingid": 6322
    },
    {
        "bookingid": 925
    },
    {
        "bookingid": 4144
    },
    {
        "bookingid": 6788
    },
    {
        "bookingid": 790
    },
    {
        "bookingid": 7878
    },
    {
        "bookingid": 6226
    },
    {
        "bookingid": 4819
    },
    {
        "bookingid": 2654
    },
    {
        "bookingid": 488
    },
    {
        "bookingid": 5931
    },
    {
        "bookingid": 6667
    },
    {
        "bookingid": 5384
    },
    {
        "bookingid": 5257
    },
    {
        "bookingid": 408
    },
    {
        "bookingid": 5097
    },
    {
        "bookingid": 1969
    },
    {
        "bookingid": 1746
    },
    {
        "bookingid": 1804
    },
    {
        "bookingid": 3279
    },
    {
        "bookingid": 970
    },
    {
        "bookingid": 8864
    },
    {
        "bookingid": 9102
    },
    {
        "bookingid": 5411
    },
    {
        "bookingid": 2028
    },
    {
        "bookingid": 3022
    },
    {
        "bookingid": 3897
    },
    {
        "bookingid": 6071
    },
    {
        "bookingid": 6522
    },
    {
        "bookingid": 1480
    },
    {
        "bookingid": 8158
    },
    {
        "bookingid": 5233
    },
    {
        "bookingid": 691
    },
    {
        "bookingid": 8500
    },
    {
        "bookingid": 7701
    },
    {
        "bookingid": 1565
    },
    {
        "bookingid": 3722
    },
    {
        "bookingid": 7653
    },
    {
        "bookingid": 8485
    },
    {
        "bookingid": 6662
    },
    {
        "bookingid": 8897
    },
    {
        "bookingid": 5317
    },
    {
        "bookingid": 8164
    },
    {
        "bookingid": 364
    },
    {
        "bookingid": 3958
    },
    {
        "bookingid": 229
    },
    {
        "bookingid": 6454
    },
    {
        "bookingid": 4880
    },
    {
        "bookingid": 2576
    },
    {
        "bookingid": 4687
    },
    {
        "bookingid": 8928
    },
    {
        "bookingid": 956
    },
    {
        "bookingid": 6745
    },
    {
        "bookingid": 1424
    },
    {
        "bookingid": 2661
    },
    {
        "bookingid": 5153
    },
    {
        "bookingid": 8104
    },
    {
        "bookingid": 6943
    },
    {
        "bookingid": 4025
    },
    {
        "bookingid": 216
    },
    {
        "bookingid": 2752
    },
    {
        "bookingid": 7762
    },
    {
        "bookingid": 8651
    },
    {
        "bookingid": 5247
    },
    {
        "bookingid": 5267
    },
    {
        "bookingid": 7600
    },
    {
        "bookingid": 1847
    },
    {
        "bookingid": 3770
    },
    {
        "bookingid": 8667
    },
    {
        "bookingid": 1498
    },
    {
        "bookingid": 2975
    },
    {
        "bookingid": 1038
    },
    {
        "bookingid": 3167
    },
    {
        "bookingid": 6903
    },
    {
        "bookingid": 6140
    },
    {
        "bookingid": 8720
    },
    {
        "bookingid": 3373
    },
    {
        "bookingid": 1149
    },
    {
        "bookingid": 3638
    },
    {
        "bookingid": 1520
    },
    {
        "bookingid": 5082
    },
    {
        "bookingid": 2385
    },
    {
        "bookingid": 3850
    },
    {
        "bookingid": 1770
    },
    {
        "bookingid": 3821
    },
    {
        "bookingid": 7737
    },
    {
        "bookingid": 5936
    },
    {
        "bookingid": 8643
    },
    {
        "bookingid": 3737
    },
    {
        "bookingid": 448
    },
    {
        "bookingid": 859
    },
    {
        "bookingid": 1106
    },
    {
        "bookingid": 268
    },
    {
        "bookingid": 4706
    },
    {
        "bookingid": 5815
    },
    {
        "bookingid": 4597
    },
    {
        "bookingid": 2406
    },
    {
        "bookingid": 1317
    },
    {
        "bookingid": 5924
    },
    {
        "bookingid": 8568
    },
    {
        "bookingid": 8768
    },
    {
        "bookingid": 8259
    },
    {
        "bookingid": 8296
    },
    {
        "bookingid": 3994
    },
    {
        "bookingid": 2843
    },
    {
        "bookingid": 6088
    },
    {
        "bookingid": 1658
    },
    {
        "bookingid": 2422
    },
    {
        "bookingid": 6157
    },
    {
        "bookingid": 7541
    },
    {
        "bookingid": 1213
    },
    {
        "bookingid": 4469
    },
    {
        "bookingid": 5752
    },
    {
        "bookingid": 2197
    },
    {
        "bookingid": 6611
    },
    {
        "bookingid": 7872
    },
    {
        "bookingid": 1540
    },
    {
        "bookingid": 4266
    },
    {
        "bookingid": 991
    },
    {
        "bookingid": 923
    },
    {
        "bookingid": 8377
    },
    {
        "bookingid": 7018
    },
    {
        "bookingid": 3688
    },
    {
        "bookingid": 8414
    },
    {
        "bookingid": 3749
    },
    {
        "bookingid": 2663
    },
    {
        "bookingid": 777
    },
    {
        "bookingid": 7895
    },
    {
        "bookingid": 3464
    },
    {
        "bookingid": 3983
    },
    {
        "bookingid": 7092
    },
    {
        "bookingid": 1675
    },
    {
        "bookingid": 9110
    },
    {
        "bookingid": 7127
    },
    {
        "bookingid": 44
    },
    {
        "bookingid": 244
    },
    {
        "bookingid": 6075
    },
    {
        "bookingid": 2392
    },
    {
        "bookingid": 6506
    },
    {
        "bookingid": 4364
    },
    {
        "bookingid": 4743
    },
    {
        "bookingid": 6308
    },
    {
        "bookingid": 1447
    },
    {
        "bookingid": 5716
    },
    {
        "bookingid": 1105
    },
    {
        "bookingid": 4929
    },
    {
        "bookingid": 3696
    },
    {
        "bookingid": 13
    },
    {
        "bookingid": 143
    },
    {
        "bookingid": 8918
    },
    {
        "bookingid": 6430
    },
    {
        "bookingid": 8222
    },
    {
        "bookingid": 8900
    },
    {
        "bookingid": 6889
    },
    {
        "bookingid": 370
    },
    {
        "bookingid": 3907
    },
    {
        "bookingid": 5367
    },
    {
        "bookingid": 8790
    },
    {
        "bookingid": 440
    },
    {
        "bookingid": 4903
    },
    {
        "bookingid": 8937
    },
    {
        "bookingid": 4356
    },
    {
        "bookingid": 961
    },
    {
        "bookingid": 4512
    },
    {
        "bookingid": 375
    },
    {
        "bookingid": 3457
    },
    {
        "bookingid": 2807
    },
    {
        "bookingid": 1365
    },
    {
        "bookingid": 5751
    },
    {
        "bookingid": 1452
    },
    {
        "bookingid": 4637
    },
    {
        "bookingid": 7926
    },
    {
        "bookingid": 3492
    },
    {
        "bookingid": 2719
    },
    {
        "bookingid": 3465
    },
    {
        "bookingid": 4627
    },
    {
        "bookingid": 3152
    },
    {
        "bookingid": 5626
    },
    {
        "bookingid": 6860
    },
    {
        "bookingid": 3871
    },
    {
        "bookingid": 16
    },
    {
        "bookingid": 3012
    },
    {
        "bookingid": 1504
    },
    {
        "bookingid": 7789
    },
    {
        "bookingid": 4852
    },
    {
        "bookingid": 3720
    },
    {
        "bookingid": 7147
    },
    {
        "bookingid": 1636
    },
    {
        "bookingid": 6925
    },
    {
        "bookingid": 518
    },
    {
        "bookingid": 3200
    },
    {
        "bookingid": 3702
    },
    {
        "bookingid": 6146
    },
    {
        "bookingid": 9113
    },
    {
        "bookingid": 1053
    },
    {
        "bookingid": 8274
    },
    {
        "bookingid": 8773
    },
    {
        "bookingid": 7361
    },
    {
        "bookingid": 1747
    },
    {
        "bookingid": 4596
    },
    {
        "bookingid": 6636
    },
    {
        "bookingid": 1639
    },
    {
        "bookingid": 5918
    },
    {
        "bookingid": 6225
    },
    {
        "bookingid": 7253
    },
    {
        "bookingid": 3744
    },
    {
        "bookingid": 1654
    },
    {
        "bookingid": 8040
    },
    {
        "bookingid": 7008
    },
    {
        "bookingid": 4571
    },
    {
        "bookingid": 6231
    },
    {
        "bookingid": 7759
    },
    {
        "bookingid": 4216
    },
    {
        "bookingid": 3467
    },
    {
        "bookingid": 1394
    },
    {
        "bookingid": 5682
    },
    {
        "bookingid": 3704
    },
    {
        "bookingid": 8415
    },
    {
        "bookingid": 8645
    },
    {
        "bookingid": 3122
    },
    {
        "bookingid": 6074
    },
    {
        "bookingid": 8907
    },
    {
        "bookingid": 6755
    },
    {
        "bookingid": 2232
    },
    {
        "bookingid": 5271
    },
    {
        "bookingid": 2387
    },
    {
        "bookingid": 34
    },
    {
        "bookingid": 4825
    },
    {
        "bookingid": 8166
    },
    {
        "bookingid": 4198
    },
    {
        "bookingid": 7069
    },
    {
        "bookingid": 4926
    },
    {
        "bookingid": 3378
    },
    {
        "bookingid": 1542
    },
    {
        "bookingid": 5543
    },
    {
        "bookingid": 2538
    },
    {
        "bookingid": 7308
    },
    {
        "bookingid": 3425
    },
    {
        "bookingid": 3903
    },
    {
        "bookingid": 1277
    },
    {
        "bookingid": 586
    },
    {
        "bookingid": 8469
    },
    {
        "bookingid": 4324
    },
    {
        "bookingid": 7554
    },
    {
        "bookingid": 1341
    },
    {
        "bookingid": 6154
    },
    {
        "bookingid": 2639
    },
    {
        "bookingid": 3997
    },
    {
        "bookingid": 5180
    },
    {
        "bookingid": 8264
    },
    {
        "bookingid": 8205
    },
    {
        "bookingid": 4868
    },
    {
        "bookingid": 1152
    },
    {
        "bookingid": 7321
    },
    {
        "bookingid": 1601
    },
    {
        "bookingid": 9088
    },
    {
        "bookingid": 5782
    },
    {
        "bookingid": 3460
    },
    {
        "bookingid": 5954
    },
    {
        "bookingid": 3109
    },
    {
        "bookingid": 7576
    },
    {
        "bookingid": 9117
    },
    {
        "bookingid": 4761
    },
    {
        "bookingid": 5513
    },
    {
        "bookingid": 36
    },
    {
        "bookingid": 5254
    },
    {
        "bookingid": 3371
    },
    {
        "bookingid": 1342
    },
    {
        "bookingid": 1597
    },
    {
        "bookingid": 2306
    },
    {
        "bookingid": 1854
    },
    {
        "bookingid": 5978
    },
    {
        "bookingid": 1263
    },
    {
        "bookingid": 6174
    },
    {
        "bookingid": 5834
    },
    {
        "bookingid": 4978
    },
    {
        "bookingid": 1248
    },
    {
        "bookingid": 6685
    },
    {
        "bookingid": 6202
    },
    {
        "bookingid": 7502
    },
    {
        "bookingid": 212
    },
    {
        "bookingid": 3466
    },
    {
        "bookingid": 2577
    },
    {
        "bookingid": 238
    },
    {
        "bookingid": 7684
    },
    {
        "bookingid": 4528
    },
    {
        "bookingid": 1193
    },
    {
        "bookingid": 2438
    },
    {
        "bookingid": 3067
    },
    {
        "bookingid": 8041
    },
    {
        "bookingid": 5269
    },
    {
        "bookingid": 6009
    },
    {
        "bookingid": 8787
    },
    {
        "bookingid": 6548
    },
    {
        "bookingid": 4817
    },
    {
        "bookingid": 1292
    },
    {
        "bookingid": 6373
    },
    {
        "bookingid": 3785
    },
    {
        "bookingid": 8767
    },
    {
        "bookingid": 8591
    },
    {
        "bookingid": 7261
    },
    {
        "bookingid": 5577
    },
    {
        "bookingid": 4854
    },
    {
        "bookingid": 736
    },
    {
        "bookingid": 6786
    },
    {
        "bookingid": 1378
    },
    {
        "bookingid": 8476
    },
    {
        "bookingid": 6321
    },
    {
        "bookingid": 4070
    },
    {
        "bookingid": 5828
    },
    {
        "bookingid": 988
    },
    {
        "bookingid": 7790
    },
    {
        "bookingid": 7458
    },
    {
        "bookingid": 3810
    },
    {
        "bookingid": 1518
    },
    {
        "bookingid": 4154
    },
    {
        "bookingid": 1929
    },
    {
        "bookingid": 3653
    },
    {
        "bookingid": 128
    },
    {
        "bookingid": 4702
    },
    {
        "bookingid": 5129
    },
    {
        "bookingid": 6452
    },
    {
        "bookingid": 6705
    },
    {
        "bookingid": 6175
    },
    {
        "bookingid": 1486
    },
    {
        "bookingid": 7561
    },
    {
        "bookingid": 1889
    },
    {
        "bookingid": 2553
    },
    {
        "bookingid": 8225
    },
    {
        "bookingid": 7383
    },
    {
        "bookingid": 489
    },
    {
        "bookingid": 5835
    },
    {
        "bookingid": 2939
    },
    {
        "bookingid": 2461
    },
    {
        "bookingid": 8712
    },
    {
        "bookingid": 7695
    },
    {
        "bookingid": 6995
    },
    {
        "bookingid": 579
    },
    {
        "bookingid": 2591
    },
    {
        "bookingid": 8753
    },
    {
        "bookingid": 5198
    },
    {
        "bookingid": 7414
    },
    {
        "bookingid": 6690
    },
    {
        "bookingid": 3054
    },
    {
        "bookingid": 2459
    },
    {
        "bookingid": 186
    },
    {
        "bookingid": 1833
    },
    {
        "bookingid": 7763
    },
    {
        "bookingid": 5993
    },
    {
        "bookingid": 5127
    },
    {
        "bookingid": 4618
    },
    {
        "bookingid": 5758
    },
    {
        "bookingid": 6738
    },
    {
        "bookingid": 3411
    },
    {
        "bookingid": 1366
    },
    {
        "bookingid": 8437
    },
    {
        "bookingid": 1453
    },
    {
        "bookingid": 4866
    },
    {
        "bookingid": 5635
    },
    {
        "bookingid": 6464
    },
    {
        "bookingid": 1071
    },
    {
        "bookingid": 3075
    },
    {
        "bookingid": 749
    },
    {
        "bookingid": 1018
    },
    {
        "bookingid": 2310
    },
    {
        "bookingid": 7392
    },
    {
        "bookingid": 7157
    },
    {
        "bookingid": 2177
    },
    {
        "bookingid": 1215
    },
    {
        "bookingid": 8556
    },
    {
        "bookingid": 1077
    },
    {
        "bookingid": 7613
    },
    {
        "bookingid": 4202
    },
    {
        "bookingid": 7250
    },
    {
        "bookingid": 6169
    },
    {
        "bookingid": 7813
    },
    {
        "bookingid": 5525
    },
    {
        "bookingid": 3590
    },
    {
        "bookingid": 2455
    },
    {
        "bookingid": 7581
    },
    {
        "bookingid": 779
    },
    {
        "bookingid": 8666
    },
    {
        "bookingid": 1129
    },
    {
        "bookingid": 4486
    },
    {
        "bookingid": 2085
    },
    {
        "bookingid": 4510
    },
    {
        "bookingid": 7659
    },
    {
        "bookingid": 2174
    },
    {
        "bookingid": 9108
    },
    {
        "bookingid": 1550
    },
    {
        "bookingid": 4572
    },
    {
        "bookingid": 8130
    },
    {
        "bookingid": 1145
    },
    {
        "bookingid": 8533
    },
    {
        "bookingid": 3408
    },
    {
        "bookingid": 5045
    },
    {
        "bookingid": 5464
    },
    {
        "bookingid": 6056
    },
    {
        "bookingid": 3184
    },
    {
        "bookingid": 8744
    },
    {
        "bookingid": 7343
    },
    {
        "bookingid": 6303
    },
    {
        "bookingid": 4782
    },
    {
        "bookingid": 7557
    },
    {
        "bookingid": 6403
    },
    {
        "bookingid": 3838
    },
    {
        "bookingid": 511
    },
    {
        "bookingid": 5962
    },
    {
        "bookingid": 5203
    },
    {
        "bookingid": 2400
    },
    {
        "bookingid": 7220
    },
    {
        "bookingid": 4585
    },
    {
        "bookingid": 5357
    },
    {
        "bookingid": 1399
    },
    {
        "bookingid": 3030
    },
    {
        "bookingid": 5986
    },
    {
        "bookingid": 1345
    },
    {
        "bookingid": 6661
    },
    {
        "bookingid": 121
    },
    {
        "bookingid": 746
    },
    {
        "bookingid": 1715
    },
    {
        "bookingid": 5599
    },
    {
        "bookingid": 7007
    },
    {
        "bookingid": 2941
    },
    {
        "bookingid": 7553
    },
    {
        "bookingid": 3661
    },
    {
        "bookingid": 7251
    },
    {
        "bookingid": 5085
    },
    {
        "bookingid": 8943
    },
    {
        "bookingid": 9079
    },
    {
        "bookingid": 5278
    },
    {
        "bookingid": 7954
    },
    {
        "bookingid": 3199
    },
    {
        "bookingid": 1189
    },
    {
        "bookingid": 2251
    },
    {
        "bookingid": 3447
    },
    {
        "bookingid": 8881
    },
    {
        "bookingid": 8596
    },
    {
        "bookingid": 1613
    },
    {
        "bookingid": 2509
    },
    {
        "bookingid": 1327
    },
    {
        "bookingid": 1130
    },
    {
        "bookingid": 2435
    },
    {
        "bookingid": 5618
    },
    {
        "bookingid": 8679
    },
    {
        "bookingid": 4837
    },
    {
        "bookingid": 8391
    },
    {
        "bookingid": 5462
    },
    {
        "bookingid": 1184
    },
    {
        "bookingid": 6195
    },
    {
        "bookingid": 2388
    },
    {
        "bookingid": 4927
    },
    {
        "bookingid": 6503
    },
    {
        "bookingid": 631
    },
    {
        "bookingid": 4375
    },
    {
        "bookingid": 9085
    },
    {
        "bookingid": 4664
    },
    {
        "bookingid": 3867
    },
    {
        "bookingid": 6287
    },
    {
        "bookingid": 9092
    },
    {
        "bookingid": 437
    },
    {
        "bookingid": 2359
    },
    {
        "bookingid": 2872
    },
    {
        "bookingid": 623
    },
    {
        "bookingid": 6761
    },
    {
        "bookingid": 5196
    },
    {
        "bookingid": 1252
    },
    {
        "bookingid": 9057
    },
    {
        "bookingid": 7433
    },
    {
        "bookingid": 4538
    },
    {
        "bookingid": 4258
    },
    {
        "bookingid": 7751
    },
    {
        "bookingid": 6199
    },
    {
        "bookingid": 5773
    },
    {
        "bookingid": 6964
    },
    {
        "bookingid": 6614
    },
    {
        "bookingid": 7536
    },
    {
        "bookingid": 8435
    },
    {
        "bookingid": 6024
    },
    {
        "bookingid": 6650
    },
    {
        "bookingid": 7267
    },
    {
        "bookingid": 7499
    },
    {
        "bookingid": 4104
    },
    {
        "bookingid": 6616
    },
    {
        "bookingid": 3605
    },
    {
        "bookingid": 667
    },
    {
        "bookingid": 232
    },
    {
        "bookingid": 1727
    },
    {
        "bookingid": 2125
    },
    {
        "bookingid": 6395
    },
    {
        "bookingid": 3947
    },
    {
        "bookingid": 2925
    },
    {
        "bookingid": 3335
    },
    {
        "bookingid": 2809
    },
    {
        "bookingid": 5067
    },
    {
        "bookingid": 1079
    },
    {
        "bookingid": 3381
    },
    {
        "bookingid": 444
    },
    {
        "bookingid": 7142
    },
    {
        "bookingid": 6457
    },
    {
        "bookingid": 1403
    },
    {
        "bookingid": 6792
    },
    {
        "bookingid": 2482
    },
    {
        "bookingid": 4417
    },
    {
        "bookingid": 7140
    },
    {
        "bookingid": 8781
    },
    {
        "bookingid": 471
    },
    {
        "bookingid": 4491
    },
    {
        "bookingid": 3372
    },
    {
        "bookingid": 5397
    },
    {
        "bookingid": 2555
    },
    {
        "bookingid": 8270
    },
    {
        "bookingid": 7558
    },
    {
        "bookingid": 4361
    },
    {
        "bookingid": 3341
    },
    {
        "bookingid": 948
    },
    {
        "bookingid": 5692
    },
    {
        "bookingid": 2057
    },
    {
        "bookingid": 1738
    },
    {
        "bookingid": 8090
    },
    {
        "bookingid": 3068
    },
    {
        "bookingid": 1619
    },
    {
        "bookingid": 313
    },
    {
        "bookingid": 565
    },
    {
        "bookingid": 4652
    },
    {
        "bookingid": 3118
    },
    {
        "bookingid": 6255
    },
    {
        "bookingid": 4000
    },
    {
        "bookingid": 4658
    },
    {
        "bookingid": 3380
    },
    {
        "bookingid": 1688
    },
    {
        "bookingid": 8966
    },
    {
        "bookingid": 5963
    },
    {
        "bookingid": 6171
    },
    {
        "bookingid": 1923
    },
    {
        "bookingid": 1709
    },
    {
        "bookingid": 7186
    },
    {
        "bookingid": 6186
    },
    {
        "bookingid": 1369
    },
    {
        "bookingid": 8279
    },
    {
        "bookingid": 2059
    },
    {
        "bookingid": 8307
    },
    {
        "bookingid": 4209
    },
    {
        "bookingid": 283
    },
    {
        "bookingid": 6065
    },
    {
        "bookingid": 8372
    },
    {
        "bookingid": 2159
    },
    {
        "bookingid": 8779
    },
    {
        "bookingid": 732
    },
    {
        "bookingid": 5698
    },
    {
        "bookingid": 1354
    },
    {
        "bookingid": 8875
    },
    {
        "bookingid": 972
    },
    {
        "bookingid": 2720
    },
    {
        "bookingid": 5195
    },
    {
        "bookingid": 4638
    },
    {
        "bookingid": 3222
    },
    {
        "bookingid": 5116
    },
    {
        "bookingid": 2784
    },
    {
        "bookingid": 3093
    },
    {
        "bookingid": 8951
    },
    {
        "bookingid": 2814
    },
    {
        "bookingid": 2029
    },
    {
        "bookingid": 6680
    },
    {
        "bookingid": 7679
    },
    {
        "bookingid": 4099
    },
    {
        "bookingid": 3179
    },
    {
        "bookingid": 8975
    },
    {
        "bookingid": 8888
    },
    {
        "bookingid": 2257
    },
    {
        "bookingid": 2493
    },
    {
        "bookingid": 6577
    },
    {
        "bookingid": 3555
    },
    {
        "bookingid": 7177
    },
    {
        "bookingid": 3007
    },
    {
        "bookingid": 6090
    },
    {
        "bookingid": 9059
    },
    {
        "bookingid": 4610
    },
    {
        "bookingid": 5051
    },
    {
        "bookingid": 8894
    },
    {
        "bookingid": 1788
    },
    {
        "bookingid": 5041
    },
    {
        "bookingid": 1064
    },
    {
        "bookingid": 6547
    },
    {
        "bookingid": 1991
    },
    {
        "bookingid": 820
    },
    {
        "bookingid": 7477
    },
    {
        "bookingid": 8761
    },
    {
        "bookingid": 345
    },
    {
        "bookingid": 8167
    },
    {
        "bookingid": 4632
    },
    {
        "bookingid": 1748
    },
    {
        "bookingid": 5622
    },
    {
        "bookingid": 7415
    },
    {
        "bookingid": 2222
    },
    {
        "bookingid": 5152
    },
    {
        "bookingid": 5678
    },
    {
        "bookingid": 8545
    },
    {
        "bookingid": 2545
    },
    {
        "bookingid": 7479
    },
    {
        "bookingid": 5238
    },
    {
        "bookingid": 6340
    },
    {
        "bookingid": 7925
    },
    {
        "bookingid": 2630
    },
    {
        "bookingid": 531
    },
    {
        "bookingid": 4732
    },
    {
        "bookingid": 6280
    },
    {
        "bookingid": 6593
    },
    {
        "bookingid": 3792
    },
    {
        "bookingid": 1444
    },
    {
        "bookingid": 4215
    },
    {
        "bookingid": 3608
    },
    {
        "bookingid": 533
    },
    {
        "bookingid": 4977
    },
    {
        "bookingid": 6087
    },
    {
        "bookingid": 5887
    },
    {
        "bookingid": 3530
    },
    {
        "bookingid": 1007
    },
    {
        "bookingid": 941
    },
    {
        "bookingid": 2034
    },
    {
        "bookingid": 5187
    },
    {
        "bookingid": 7255
    },
    {
        "bookingid": 6801
    },
    {
        "bookingid": 5788
    },
    {
        "bookingid": 8621
    },
    {
        "bookingid": 5099
    },
    {
        "bookingid": 6578
    },
    {
        "bookingid": 952
    },
    {
        "bookingid": 8902
    },
    {
        "bookingid": 1704
    },
    {
        "bookingid": 2127
    },
    {
        "bookingid": 1131
    },
    {
        "bookingid": 1963
    },
    {
        "bookingid": 2858
    },
    {
        "bookingid": 3561
    },
    {
        "bookingid": 4044
    },
    {
        "bookingid": 18
    },
    {
        "bookingid": 7531
    },
    {
        "bookingid": 6989
    },
    {
        "bookingid": 5163
    },
    {
        "bookingid": 5445
    },
    {
        "bookingid": 7838
    },
    {
        "bookingid": 3777
    },
    {
        "bookingid": 3918
    },
    {
        "bookingid": 7609
    },
    {
        "bookingid": 8079
    },
    {
        "bookingid": 2944
    },
    {
        "bookingid": 3789
    },
    {
        "bookingid": 7472
    },
    {
        "bookingid": 3235
    },
    {
        "bookingid": 1095
    },
    {
        "bookingid": 2060
    },
    {
        "bookingid": 4105
    },
    {
        "bookingid": 759
    },
    {
        "bookingid": 6426
    },
    {
        "bookingid": 7727
    },
    {
        "bookingid": 4580
    },
    {
        "bookingid": 5279
    },
    {
        "bookingid": 4254
    },
    {
        "bookingid": 4368
    },
    {
        "bookingid": 5507
    },
    {
        "bookingid": 3500
    },
    {
        "bookingid": 3993
    },
    {
        "bookingid": 3334
    },
    {
        "bookingid": 8438
    },
    {
        "bookingid": 5579
    },
    {
        "bookingid": 2603
    },
    {
        "bookingid": 5970
    },
    {
        "bookingid": 2880
    },
    {
        "bookingid": 8235
    },
    {
        "bookingid": 861
    },
    {
        "bookingid": 5804
    },
    {
        "bookingid": 3516
    },
    {
        "bookingid": 5505
    },
    {
        "bookingid": 8736
    },
    {
        "bookingid": 7320
    },
    {
        "bookingid": 1614
    },
    {
        "bookingid": 6318
    },
    {
        "bookingid": 6963
    },
    {
        "bookingid": 273
    },
    {
        "bookingid": 7289
    },
    {
        "bookingid": 5972
    },
    {
        "bookingid": 6867
    },
    {
        "bookingid": 5046
    },
    {
        "bookingid": 4675
    },
    {
        "bookingid": 8846
    },
    {
        "bookingid": 8334
    },
    {
        "bookingid": 1813
    },
    {
        "bookingid": 6470
    },
    {
        "bookingid": 5915
    },
    {
        "bookingid": 5341
    },
    {
        "bookingid": 8027
    },
    {
        "bookingid": 5483
    },
    {
        "bookingid": 3243
    },
    {
        "bookingid": 4557
    },
    {
        "bookingid": 6986
    },
    {
        "bookingid": 4069
    },
    {
        "bookingid": 8576
    },
    {
        "bookingid": 7922
    },
    {
        "bookingid": 8953
    },
    {
        "bookingid": 3170
    },
    {
        "bookingid": 8914
    },
    {
        "bookingid": 5632
    },
    {
        "bookingid": 3486
    },
    {
        "bookingid": 7898
    },
    {
        "bookingid": 5130
    },
    {
        "bookingid": 2682
    },
    {
        "bookingid": 5947
    },
    {
        "bookingid": 7530
    },
    {
        "bookingid": 6814
    },
    {
        "bookingid": 6753
    },
    {
        "bookingid": 2562
    },
    {
        "bookingid": 8634
    },
    {
        "bookingid": 1526
    },
    {
        "bookingid": 4908
    },
    {
        "bookingid": 74
    },
    {
        "bookingid": 4331
    },
    {
        "bookingid": 781
    },
    {
        "bookingid": 4884
    },
    {
        "bookingid": 6924
    },
    {
        "bookingid": 7096
    },
    {
        "bookingid": 3342
    },
    {
        "bookingid": 208
    },
    {
        "bookingid": 5179
    },
    {
        "bookingid": 5744
    },
    {
        "bookingid": 5302
    },
    {
        "bookingid": 4115
    },
    {
        "bookingid": 4015
    },
    {
        "bookingid": 1931
    },
    {
        "bookingid": 6389
    },
    {
        "bookingid": 5144
    },
    {
        "bookingid": 8638
    },
    {
        "bookingid": 8024
    },
    {
        "bookingid": 8844
    },
    {
        "bookingid": 4214
    },
    {
        "bookingid": 670
    },
    {
        "bookingid": 126
    },
    {
        "bookingid": 6996
    },
    {
        "bookingid": 1641
    },
    {
        "bookingid": 4641
    },
    {
        "bookingid": 4520
    },
    {
        "bookingid": 1821
    },
    {
        "bookingid": 8827
    },
    {
        "bookingid": 6928
    },
    {
        "bookingid": 2356
    },
    {
        "bookingid": 1892
    },
    {
        "bookingid": 4005
    },
    {
        "bookingid": 4605
    },
    {
        "bookingid": 6958
    },
    {
        "bookingid": 2779
    },
    {
        "bookingid": 2598
    },
    {
        "bookingid": 6781
    },
    {
        "bookingid": 4270
    },
    {
        "bookingid": 4500
    },
    {
        "bookingid": 8194
    },
    {
        "bookingid": 9027
    },
    {
        "bookingid": 3607
    },
    {
        "bookingid": 5178
    },
    {
        "bookingid": 8373
    },
    {
        "bookingid": 3005
    },
    {
        "bookingid": 3832
    },
    {
        "bookingid": 9090
    },
    {
        "bookingid": 7795
    },
    {
        "bookingid": 6020
    },
    {
        "bookingid": 1878
    },
    {
        "bookingid": 3362
    },
    {
        "bookingid": 6891
    },
    {
        "bookingid": 7858
    },
    {
        "bookingid": 3504
    },
    {
        "bookingid": 4042
    },
    {
        "bookingid": 1114
    },
    {
        "bookingid": 2909
    },
    {
        "bookingid": 40
    },
    {
        "bookingid": 7529
    },
    {
        "bookingid": 5420
    },
    {
        "bookingid": 4985
    },
    {
        "bookingid": 82
    },
    {
        "bookingid": 6580
    },
    {
        "bookingid": 5327
    },
    {
        "bookingid": 5973
    },
    {
        "bookingid": 4289
    },
    {
        "bookingid": 1390
    },
    {
        "bookingid": 1834
    },
    {
        "bookingid": 603
    },
    {
        "bookingid": 3816
    },
    {
        "bookingid": 7467
    },
    {
        "bookingid": 3314
    },
    {
        "bookingid": 2361
    },
    {
        "bookingid": 5852
    },
    {
        "bookingid": 4444
    },
    {
        "bookingid": 1401
    },
    {
        "bookingid": 3851
    },
    {
        "bookingid": 327
    },
    {
        "bookingid": 3329
    },
    {
        "bookingid": 2111
    },
    {
        "bookingid": 6260
    },
    {
        "bookingid": 3343
    },
    {
        "bookingid": 3369
    },
    {
        "bookingid": 4635
    },
    {
        "bookingid": 4256
    },
    {
        "bookingid": 6987
    },
    {
        "bookingid": 5928
    },
    {
        "bookingid": 189
    },
    {
        "bookingid": 6529
    },
    {
        "bookingid": 7399
    },
    {
        "bookingid": 7400
    },
    {
        "bookingid": 401
    },
    {
        "bookingid": 5581
    },
    {
        "bookingid": 3974
    },
    {
        "bookingid": 7983
    },
    {
        "bookingid": 547
    },
    {
        "bookingid": 7227
    },
    {
        "bookingid": 6191
    },
    {
        "bookingid": 4119
    },
    {
        "bookingid": 6057
    },
    {
        "bookingid": 809
    },
    {
        "bookingid": 694
    },
    {
        "bookingid": 269
    },
    {
        "bookingid": 4304
    },
    {
        "bookingid": 6206
    },
    {
        "bookingid": 5971
    },
    {
        "bookingid": 7209
    },
    {
        "bookingid": 8287
    },
    {
        "bookingid": 8463
    },
    {
        "bookingid": 1939
    },
    {
        "bookingid": 2787
    },
    {
        "bookingid": 1372
    },
    {
        "bookingid": 3245
    },
    {
        "bookingid": 5956
    },
    {
        "bookingid": 8543
    },
    {
        "bookingid": 661
    },
    {
        "bookingid": 962
    },
    {
        "bookingid": 1682
    },
    {
        "bookingid": 8560
    },
    {
        "bookingid": 7630
    },
    {
        "bookingid": 2597
    },
    {
        "bookingid": 2396
    },
    {
        "bookingid": 1162
    },
    {
        "bookingid": 7471
    },
    {
        "bookingid": 4600
    },
    {
        "bookingid": 7501
    },
    {
        "bookingid": 8842
    },
    {
        "bookingid": 1562
    },
    {
        "bookingid": 4991
    },
    {
        "bookingid": 2089
    },
    {
        "bookingid": 84
    },
    {
        "bookingid": 6251
    },
    {
        "bookingid": 3632
    },
    {
        "bookingid": 1557
    },
    {
        "bookingid": 2579
    },
    {
        "bookingid": 8925
    },
    {
        "bookingid": 2859
    },
    {
        "bookingid": 1280
    },
    {
        "bookingid": 8690
    },
    {
        "bookingid": 8861
    },
    {
        "bookingid": 6064
    },
    {
        "bookingid": 1100
    },
    {
        "bookingid": 6028
    },
    {
        "bookingid": 3546
    },
    {
        "bookingid": 7608
    },
    {
        "bookingid": 4058
    },
    {
        "bookingid": 868
    },
    {
        "bookingid": 9036
    },
    {
        "bookingid": 814
    },
    {
        "bookingid": 5575
    },
    {
        "bookingid": 1664
    },
    {
        "bookingid": 7730
    },
    {
        "bookingid": 1067
    },
    {
        "bookingid": 221
    },
    {
        "bookingid": 7732
    },
    {
        "bookingid": 540
    },
    {
        "bookingid": 6957
    },
    {
        "bookingid": 7965
    },
    {
        "bookingid": 3449
    },
    {
        "bookingid": 414
    },
    {
        "bookingid": 2305
    },
    {
        "bookingid": 593
    },
    {
        "bookingid": 5799
    },
    {
        "bookingid": 744
    },
    {
        "bookingid": 5293
    },
    {
        "bookingid": 8506
    },
    {
        "bookingid": 5377
    },
    {
        "bookingid": 7719
    },
    {
        "bookingid": 8348
    },
    {
        "bookingid": 5467
    },
    {
        "bookingid": 7819
    },
    {
        "bookingid": 2573
    },
    {
        "bookingid": 2164
    },
    {
        "bookingid": 4379
    },
    {
        "bookingid": 5670
    },
    {
        "bookingid": 7671
    },
    {
        "bookingid": 4801
    },
    {
        "bookingid": 4669
    },
    {
        "bookingid": 2490
    },
    {
        "bookingid": 2611
    },
    {
        "bookingid": 6259
    },
    {
        "bookingid": 7466
    },
    {
        "bookingid": 7316
    },
    {
        "bookingid": 2402
    },
    {
        "bookingid": 1872
    },
    {
        "bookingid": 6735
    },
    {
        "bookingid": 4882
    },
    {
        "bookingid": 8909
    },
    {
        "bookingid": 6645
    },
    {
        "bookingid": 582
    },
    {
        "bookingid": 3861
    },
    {
        "bookingid": 7339
    },
    {
        "bookingid": 735
    },
    {
        "bookingid": 2767
    },
    {
        "bookingid": 2026
    },
    {
        "bookingid": 2608
    },
    {
        "bookingid": 5093
    },
    {
        "bookingid": 5236
    },
    {
        "bookingid": 7940
    },
    {
        "bookingid": 7419
    },
    {
        "bookingid": 8474
    },
    {
        "bookingid": 9111
    },
    {
        "bookingid": 3139
    },
    {
        "bookingid": 7894
    },
    {
        "bookingid": 8542
    },
    {
        "bookingid": 1464
    },
    {
        "bookingid": 8972
    },
    {
        "bookingid": 7356
    },
    {
        "bookingid": 1047
    },
    {
        "bookingid": 3138
    },
    {
        "bookingid": 5757
    },
    {
        "bookingid": 5487
    },
    {
        "bookingid": 3354
    },
    {
        "bookingid": 5506
    },
    {
        "bookingid": 2522
    },
    {
        "bookingid": 3081
    },
    {
        "bookingid": 7504
    },
    {
        "bookingid": 1922
    },
    {
        "bookingid": 8217
    },
    {
        "bookingid": 7235
    },
    {
        "bookingid": 3237
    },
    {
        "bookingid": 1555
    },
    {
        "bookingid": 5088
    },
    {
        "bookingid": 887
    },
    {
        "bookingid": 4765
    },
    {
        "bookingid": 3458
    },
    {
        "bookingid": 8985
    },
    {
        "bookingid": 8484
    },
    {
        "bookingid": 3869
    },
    {
        "bookingid": 1202
    },
    {
        "bookingid": 381
    },
    {
        "bookingid": 4959
    },
    {
        "bookingid": 5134
    },
    {
        "bookingid": 9114
    },
    {
        "bookingid": 2743
    },
    {
        "bookingid": 4475
    },
    {
        "bookingid": 451
    },
    {
        "bookingid": 2932
    },
    {
        "bookingid": 8076
    },
    {
        "bookingid": 2100
    },
    {
        "bookingid": 7517
    },
    {
        "bookingid": 6922
    },
    {
        "bookingid": 19
    },
    {
        "bookingid": 202
    },
    {
        "bookingid": 4934
    },
    {
        "bookingid": 669
    },
    {
        "bookingid": 3641
    },
    {
        "bookingid": 7578
    },
    {
        "bookingid": 3299
    },
    {
        "bookingid": 4259
    },
    {
        "bookingid": 7340
    },
    {
        "bookingid": 3431
    },
    {
        "bookingid": 6638
    },
    {
        "bookingid": 9109
    },
    {
        "bookingid": 4559
    },
    {
        "bookingid": 6310
    },
    {
        "bookingid": 722
    },
    {
        "bookingid": 482
    },
    {
        "bookingid": 7145
    },
    {
        "bookingid": 5901
    },
    {
        "bookingid": 7620
    },
    {
        "bookingid": 2789
    },
    {
        "bookingid": 3959
    },
    {
        "bookingid": 2379
    },
    {
        "bookingid": 8069
    },
    {
        "bookingid": 4462
    },
    {
        "bookingid": 1624
    },
    {
        "bookingid": 6150
    },
    {
        "bookingid": 6659
    },
    {
        "bookingid": 7809
    },
    {
        "bookingid": 5611
    },
    {
        "bookingid": 1716
    },
    {
        "bookingid": 2443
    },
    {
        "bookingid": 1958
    },
    {
        "bookingid": 4849
    },
    {
        "bookingid": 6521
    },
    {
        "bookingid": 2515
    },
    {
        "bookingid": 8099
    },
    {
        "bookingid": 1456
    },
    {
        "bookingid": 8103
    },
    {
        "bookingid": 8564
    },
    {
        "bookingid": 8598
    },
    {
        "bookingid": 4594
    },
    {
        "bookingid": 7322
    },
    {
        "bookingid": 4168
    },
    {
        "bookingid": 250
    },
    {
        "bookingid": 1539
    },
    {
        "bookingid": 97
    },
    {
        "bookingid": 1652
    },
    {
        "bookingid": 83
    },
    {
        "bookingid": 8236
    },
    {
        "bookingid": 7423
    },
    {
        "bookingid": 5772
    },
    {
        "bookingid": 1267
    },
    {
        "bookingid": 8739
    },
    {
        "bookingid": 7492
    },
    {
        "bookingid": 305
    },
    {
        "bookingid": 7837
    },
    {
        "bookingid": 7028
    },
    {
        "bookingid": 2918
    },
    {
        "bookingid": 8119
    },
    {
        "bookingid": 2601
    },
    {
        "bookingid": 6405
    },
    {
        "bookingid": 5685
    },
    {
        "bookingid": 7450
    },
    {
        "bookingid": 3648
    },
    {
        "bookingid": 6117
    },
    {
        "bookingid": 4306
    },
    {
        "bookingid": 1653
    },
    {
        "bookingid": 2470
    },
    {
        "bookingid": 2485
    },
    {
        "bookingid": 1231
    },
    {
        "bookingid": 8446
    },
    {
        "bookingid": 545
    },
    {
        "bookingid": 7721
    },
    {
        "bookingid": 5719
    },
    {
        "bookingid": 969
    },
    {
        "bookingid": 2304
    },
    {
        "bookingid": 6717
    },
    {
        "bookingid": 5820
    },
    {
        "bookingid": 4958
    },
    {
        "bookingid": 768
    },
    {
        "bookingid": 8316
    },
    {
        "bookingid": 200
    },
    {
        "bookingid": 156
    },
    {
        "bookingid": 7748
    },
    {
        "bookingid": 5476
    },
    {
        "bookingid": 1618
    },
    {
        "bookingid": 5580
    },
    {
        "bookingid": 6022
    },
    {
        "bookingid": 1205
    },
    {
        "bookingid": 7297
    },
    {
        "bookingid": 8292
    },
    {
        "bookingid": 3920
    },
    {
        "bookingid": 2995
    },
    {
        "bookingid": 5455
    },
    {
        "bookingid": 1552
    },
    {
        "bookingid": 1505
    },
    {
        "bookingid": 175
    },
    {
        "bookingid": 6348
    },
    {
        "bookingid": 3665
    },
    {
        "bookingid": 3356
    },
    {
        "bookingid": 5268
    },
    {
        "bookingid": 6869
    },
    {
        "bookingid": 506
    },
    {
        "bookingid": 1898
    },
    {
        "bookingid": 422
    },
    {
        "bookingid": 5527
    },
    {
        "bookingid": 7234
    },
    {
        "bookingid": 8117
    },
    {
        "bookingid": 1503
    },
    {
        "bookingid": 7269
    },
    {
        "bookingid": 6432
    },
    {
        "bookingid": 1501
    },
    {
        "bookingid": 2105
    },
    {
        "bookingid": 2683
    },
    {
        "bookingid": 9104
    },
    {
        "bookingid": 9031
    },
    {
        "bookingid": 1655
    },
    {
        "bookingid": 7729
    },
    {
        "bookingid": 1473
    },
    {
        "bookingid": 7312
    },
    {
        "bookingid": 1705
    },
    {
        "bookingid": 163
    },
    {
        "bookingid": 7463
    },
    {
        "bookingid": 132
    },
    {
        "bookingid": 2321
    },
    {
        "bookingid": 5955
    },
    {
        "bookingid": 4121
    },
    {
        "bookingid": 135
    },
    {
        "bookingid": 556
    },
    {
        "bookingid": 7900
    },
    {
        "bookingid": 4177
    },
    {
        "bookingid": 6682
    },
    {
        "bookingid": 5189
    },
    {
        "bookingid": 5264
    },
    {
        "bookingid": 1489
    },
    {
        "bookingid": 2670
    },
    {
        "bookingid": 8587
    },
    {
        "bookingid": 7428
    },
    {
        "bookingid": 5764
    },
    {
        "bookingid": 7082
    },
    {
        "bookingid": 7510
    },
    {
        "bookingid": 8727
    },
    {
        "bookingid": 7347
    },
    {
        "bookingid": 4515
    },
    {
        "bookingid": 912
    },
    {
        "bookingid": 178
    },
    {
        "bookingid": 3433
    },
    {
        "bookingid": 5992
    },
    {
        "bookingid": 1454
    },
    {
        "bookingid": 462
    },
    {
        "bookingid": 7849
    },
    {
        "bookingid": 2660
    },
    {
        "bookingid": 2158
    },
    {
        "bookingid": 4398
    },
    {
        "bookingid": 4472
    },
    {
        "bookingid": 7955
    },
    {
        "bookingid": 7371
    },
    {
        "bookingid": 8992
    },
    {
        "bookingid": 6335
    },
    {
        "bookingid": 6612
    },
    {
        "bookingid": 7643
    },
    {
        "bookingid": 1901
    },
    {
        "bookingid": 119
    },
    {
        "bookingid": 590
    },
    {
        "bookingid": 1620
    },
    {
        "bookingid": 6141
    },
    {
        "bookingid": 2363
    },
    {
        "bookingid": 315
    },
    {
        "bookingid": 3491
    },
    {
        "bookingid": 3837
    },
    {
        "bookingid": 3815
    },
    {
        "bookingid": 8601
    },
    {
        "bookingid": 1933
    },
    {
        "bookingid": 8692
    },
    {
        "bookingid": 4816
    },
    {
        "bookingid": 8405
    },
    {
        "bookingid": 3473
    },
    {
        "bookingid": 2655
    },
    {
        "bookingid": 4748
    },
    {
        "bookingid": 2770
    },
    {
        "bookingid": 7417
    },
    {
        "bookingid": 7154
    },
    {
        "bookingid": 4956
    },
    {
        "bookingid": 7317
    },
    {
        "bookingid": 4051
    },
    {
        "bookingid": 2714
    },
    {
        "bookingid": 2235
    },
    {
        "bookingid": 6324
    },
    {
        "bookingid": 4149
    },
    {
        "bookingid": 4315
    },
    {
        "bookingid": 88
    },
    {
        "bookingid": 8708
    },
    {
        "bookingid": 3965
    },
    {
        "bookingid": 4244
    },
    {
        "bookingid": 5353
    },
    {
        "bookingid": 6790
    },
    {
        "bookingid": 3924
    },
    {
        "bookingid": 3226
    },
    {
        "bookingid": 4968
    },
    {
        "bookingid": 8400
    },
    {
        "bookingid": 5687
    },
    {
        "bookingid": 8418
    },
    {
        "bookingid": 1720
    },
    {
        "bookingid": 6913
    },
    {
        "bookingid": 5734
    },
    {
        "bookingid": 1016
    },
    {
        "bookingid": 8952
    },
    {
        "bookingid": 1139
    },
    {
        "bookingid": 1183
    },
    {
        "bookingid": 6136
    },
    {
        "bookingid": 1154
    },
    {
        "bookingid": 6622
    },
    {
        "bookingid": 8043
    },
    {
        "bookingid": 3503
    },
    {
        "bookingid": 6892
    },
    {
        "bookingid": 7390
    },
    {
        "bookingid": 1698
    },
    {
        "bookingid": 1111
    },
    {
        "bookingid": 5811
    },
    {
        "bookingid": 3963
    },
    {
        "bookingid": 7605
    },
    {
        "bookingid": 4153
    },
    {
        "bookingid": 6010
    },
    {
        "bookingid": 7683
    },
    {
        "bookingid": 6979
    },
    {
        "bookingid": 4385
    },
    {
        "bookingid": 2319
    },
    {
        "bookingid": 7451
    },
    {
        "bookingid": 6384
    },
    {
        "bookingid": 4471
    },
    {
        "bookingid": 4871
    },
    {
        "bookingid": 1056
    },
    {
        "bookingid": 6129
    },
    {
        "bookingid": 1724
    },
    {
        "bookingid": 5054
    },
    {
        "bookingid": 1906
    },
    {
        "bookingid": 1210
    },
    {
        "bookingid": 1258
    },
    {
        "bookingid": 1087
    },
    {
        "bookingid": 725
    },
    {
        "bookingid": 3368
    },
    {
        "bookingid": 2537
    },
    {
        "bookingid": 3459
    },
    {
        "bookingid": 5846
    },
    {
        "bookingid": 6166
    },
    {
        "bookingid": 4047
    },
    {
        "bookingid": 3396
    },
    {
        "bookingid": 7047
    },
    {
        "bookingid": 3759
    },
    {
        "bookingid": 1214
    },
    {
        "bookingid": 4667
    },
    {
        "bookingid": 8955
    },
    {
        "bookingid": 1692
    },
    {
        "bookingid": 8306
    },
    {
        "bookingid": 8004
    },
    {
        "bookingid": 4059
    },
    {
        "bookingid": 1525
    },
    {
        "bookingid": 4677
    },
    {
        "bookingid": 3549
    },
    {
        "bookingid": 8510
    },
    {
        "bookingid": 6121
    },
    {
        "bookingid": 2342
    },
    {
        "bookingid": 4084
    },
    {
        "bookingid": 7367
    },
    {
        "bookingid": 3209
    },
    {
        "bookingid": 1228
    },
    {
        "bookingid": 1576
    },
    {
        "bookingid": 95
    },
    {
        "bookingid": 105
    },
    {
        "bookingid": 2697
    },
    {
        "bookingid": 373
    },
    {
        "bookingid": 4071
    },
    {
        "bookingid": 1519
    },
    {
        "bookingid": 4395
    },
    {
        "bookingid": 8562
    },
    {
        "bookingid": 7043
    },
    {
        "bookingid": 7723
    },
    {
        "bookingid": 664
    },
    {
        "bookingid": 8890
    },
    {
        "bookingid": 3361
    },
    {
        "bookingid": 715
    },
    {
        "bookingid": 8409
    },
    {
        "bookingid": 2994
    },
    {
        "bookingid": 1874
    },
    {
        "bookingid": 291
    },
    {
        "bookingid": 7290
    },
    {
        "bookingid": 8139
    },
    {
        "bookingid": 6591
    },
    {
        "bookingid": 5452
    },
    {
        "bookingid": 1723
    },
    {
        "bookingid": 3232
    },
    {
        "bookingid": 1414
    },
    {
        "bookingid": 1393
    },
    {
        "bookingid": 8967
    },
    {
        "bookingid": 6011
    },
    {
        "bookingid": 4204
    },
    {
        "bookingid": 6112
    },
    {
        "bookingid": 8007
    },
    {
        "bookingid": 7791
    },
    {
        "bookingid": 4541
    },
    {
        "bookingid": 9034
    },
    {
        "bookingid": 828
    },
    {
        "bookingid": 5241
    },
    {
        "bookingid": 7549
    },
    {
        "bookingid": 361
    },
    {
        "bookingid": 22
    },
    {
        "bookingid": 3535
    },
    {
        "bookingid": 4944
    },
    {
        "bookingid": 6691
    },
    {
        "bookingid": 6923
    },
    {
        "bookingid": 3765
    },
    {
        "bookingid": 7228
    },
    {
        "bookingid": 4400
    },
    {
        "bookingid": 2666
    },
    {
        "bookingid": 5016
    },
    {
        "bookingid": 2247
    },
    {
        "bookingid": 192
    },
    {
        "bookingid": 676
    },
    {
        "bookingid": 7031
    },
    {
        "bookingid": 6100
    },
    {
        "bookingid": 3208
    },
    {
        "bookingid": 526
    },
    {
        "bookingid": 5871
    },
    {
        "bookingid": 1175
    },
    {
        "bookingid": 1913
    },
    {
        "bookingid": 2625
    },
    {
        "bookingid": 1886
    },
    {
        "bookingid": 3423
    },
    {
        "bookingid": 8553
    },
    {
        "bookingid": 3846
    },
    {
        "bookingid": 5378
    },
    {
        "bookingid": 2
    },
    {
        "bookingid": 5640
    },
    {
        "bookingid": 8058
    },
    {
        "bookingid": 7774
    },
    {
        "bookingid": 7801
    },
    {
        "bookingid": 5459
    },
    {
        "bookingid": 5853
    },
    {
        "bookingid": 7023
    },
    {
        "bookingid": 1121
    },
    {
        "bookingid": 4827
    },
    {
        "bookingid": 5837
    },
    {
        "bookingid": 5576
    },
    {
        "bookingid": 1817
    },
    {
        "bookingid": 2444
    },
    {
        "bookingid": 2736
    },
    {
        "bookingid": 2412
    },
    {
        "bookingid": 2588
    },
    {
        "bookingid": 4713
    },
    {
        "bookingid": 4561
    },
    {
        "bookingid": 4020
    },
    {
        "bookingid": 576
    },
    {
        "bookingid": 6173
    },
    {
        "bookingid": 1951
    },
    {
        "bookingid": 2561
    },
    {
        "bookingid": 4301
    },
    {
        "bookingid": 4900
    },
    {
        "bookingid": 7771
    },
    {
        "bookingid": 3135
    },
    {
        "bookingid": 398
    },
    {
        "bookingid": 2035
    },
    {
        "bookingid": 3324
    },
    {
        "bookingid": 6826
    },
    {
        "bookingid": 5253
    },
    {
        "bookingid": 1805
    },
    {
        "bookingid": 2768
    },
    {
        "bookingid": 118
    },
    {
        "bookingid": 7315
    },
    {
        "bookingid": 2904
    },
    {
        "bookingid": 7624
    },
    {
        "bookingid": 343
    },
    {
        "bookingid": 2007
    },
    {
        "bookingid": 6918
    },
    {
        "bookingid": 8608
    },
    {
        "bookingid": 1125
    },
    {
        "bookingid": 1970
    },
    {
        "bookingid": 8808
    },
    {
        "bookingid": 1849
    },
    {
        "bookingid": 3876
    },
    {
        "bookingid": 1822
    },
    {
        "bookingid": 1133
    },
    {
        "bookingid": 6555
    },
    {
        "bookingid": 1523
    },
    {
        "bookingid": 4188
    },
    {
        "bookingid": 63
    },
    {
        "bookingid": 8964
    },
    {
        "bookingid": 1803
    },
    {
        "bookingid": 4688
    },
    {
        "bookingid": 2929
    },
    {
        "bookingid": 1201
    },
    {
        "bookingid": 7739
    },
    {
        "bookingid": 2044
    },
    {
        "bookingid": 5107
    },
    {
        "bookingid": 2632
    },
    {
        "bookingid": 3269
    },
    {
        "bookingid": 2487
    },
    {
        "bookingid": 7404
    },
    {
        "bookingid": 4048
    },
    {
        "bookingid": 49
    },
    {
        "bookingid": 7851
    },
    {
        "bookingid": 6878
    },
    {
        "bookingid": 1981
    },
    {
        "bookingid": 430
    },
    {
        "bookingid": 3522
    },
    {
        "bookingid": 5790
    },
    {
        "bookingid": 4273
    },
    {
        "bookingid": 8530
    },
    {
        "bookingid": 5902
    },
    {
        "bookingid": 278
    },
    {
        "bookingid": 855
    },
    {
        "bookingid": 3147
    },
    {
        "bookingid": 8123
    },
    {
        "bookingid": 1767
    },
    {
        "bookingid": 9051
    },
    {
        "bookingid": 242
    },
    {
        "bookingid": 4169
    },
    {
        "bookingid": 5549
    },
    {
        "bookingid": 6085
    },
    {
        "bookingid": 4524
    },
    {
        "bookingid": 4023
    },
    {
        "bookingid": 848
    },
    {
        "bookingid": 4046
    },
    {
        "bookingid": 1516
    },
    {
        "bookingid": 682
    },
    {
        "bookingid": 5721
    },
    {
        "bookingid": 113
    },
    {
        "bookingid": 6534
    },
    {
        "bookingid": 5765
    },
    {
        "bookingid": 2951
    },
    {
        "bookingid": 2981
    },
    {
        "bookingid": 5174
    },
    {
        "bookingid": 7187
    },
    {
        "bookingid": 5056
    },
    {
        "bookingid": 6223
    },
    {
        "bookingid": 5050
    },
    {
        "bookingid": 7124
    },
    {
        "bookingid": 6493
    },
    {
        "bookingid": 5714
    },
    {
        "bookingid": 8817
    },
    {
        "bookingid": 7050
    },
    {
        "bookingid": 4404
    },
    {
        "bookingid": 2475
    },
    {
        "bookingid": 4998
    },
    {
        "bookingid": 117
    },
    {
        "bookingid": 1177
    },
    {
        "bookingid": 3872
    },
    {
        "bookingid": 470
    },
    {
        "bookingid": 428
    },
    {
        "bookingid": 441
    },
    {
        "bookingid": 6712
    },
    {
        "bookingid": 6934
    },
    {
        "bookingid": 510
    },
    {
        "bookingid": 8658
    },
    {
        "bookingid": 4815
    },
    {
        "bookingid": 7503
    },
    {
        "bookingid": 1729
    },
    {
        "bookingid": 640
    },
    {
        "bookingid": 3926
    },
    {
        "bookingid": 3531
    },
    {
        "bookingid": 445
    },
    {
        "bookingid": 8883
    },
    {
        "bookingid": 8585
    },
    {
        "bookingid": 2147
    },
    {
        "bookingid": 106
    },
    {
        "bookingid": 2419
    },
    {
        "bookingid": 8471
    },
    {
        "bookingid": 3111
    },
    {
        "bookingid": 2759
    },
    {
        "bookingid": 9
    },
    {
        "bookingid": 7773
    },
    {
        "bookingid": 1818
    },
    {
        "bookingid": 8733
    },
    {
        "bookingid": 4999
    },
    {
        "bookingid": 6942
    },
    {
        "bookingid": 2585
    },
    {
        "bookingid": 7908
    },
    {
        "bookingid": 379
    },
    {
        "bookingid": 6950
    },
    {
        "bookingid": 1240
    },
    {
        "bookingid": 527
    },
    {
        "bookingid": 3602
    },
    {
        "bookingid": 6378
    },
    {
        "bookingid": 5783
    },
    {
        "bookingid": 5111
    },
    {
        "bookingid": 4905
    },
    {
        "bookingid": 3937
    },
    {
        "bookingid": 1599
    },
    {
        "bookingid": 4853
    },
    {
        "bookingid": 5696
    },
    {
        "bookingid": 4325
    },
    {
        "bookingid": 4699
    },
    {
        "bookingid": 7595
    },
    {
        "bookingid": 3910
    },
    {
        "bookingid": 134
    },
    {
        "bookingid": 5485
    },
    {
        "bookingid": 7909
    },
    {
        "bookingid": 8689
    },
    {
        "bookingid": 6808
    },
    {
        "bookingid": 947
    },
    {
        "bookingid": 5849
    },
    {
        "bookingid": 3262
    },
    {
        "bookingid": 4394
    },
    {
        "bookingid": 2544
    },
    {
        "bookingid": 4383
    },
    {
        "bookingid": 5149
    },
    {
        "bookingid": 5399
    },
    {
        "bookingid": 7048
    },
    {
        "bookingid": 5251
    },
    {
        "bookingid": 4213
    },
    {
        "bookingid": 159
    },
    {
        "bookingid": 807
    },
    {
        "bookingid": 1091
    },
    {
        "bookingid": 4606
    },
    {
        "bookingid": 2335
    },
    {
        "bookingid": 3684
    },
    {
        "bookingid": 5855
    },
    {
        "bookingid": 6959
    },
    {
        "bookingid": 9055
    },
    {
        "bookingid": 7611
    },
    {
        "bookingid": 5100
    },
    {
        "bookingid": 529
    },
    {
        "bookingid": 4970
    },
    {
        "bookingid": 3291
    },
    {
        "bookingid": 2566
    },
    {
        "bookingid": 7216
    },
    {
        "bookingid": 5329
    },
    {
        "bookingid": 7607
    },
    {
        "bookingid": 6907
    },
    {
        "bookingid": 8668
    },
    {
        "bookingid": 843
    },
    {
        "bookingid": 6397
    },
    {
        "bookingid": 1408
    },
    {
        "bookingid": 4707
    },
    {
        "bookingid": 2984
    },
    {
        "bookingid": 8109
    },
    {
        "bookingid": 5209
    },
    {
        "bookingid": 246
    },
    {
        "bookingid": 2821
    },
    {
        "bookingid": 4335
    },
    {
        "bookingid": 821
    },
    {
        "bookingid": 4674
    },
    {
        "bookingid": 6084
    },
    {
        "bookingid": 4941
    },
    {
        "bookingid": 8806
    },
    {
        "bookingid": 297
    },
    {
        "bookingid": 1102
    },
    {
        "bookingid": 8106
    },
    {
        "bookingid": 4201
    },
    {
        "bookingid": 6295
    },
    {
        "bookingid": 8758
    },
    {
        "bookingid": 1264
    },
    {
        "bookingid": 5382
    },
    {
        "bookingid": 222
    },
    {
        "bookingid": 5776
    },
    {
        "bookingid": 7818
    },
    {
        "bookingid": 6519
    },
    {
        "bookingid": 6500
    },
    {
        "bookingid": 2937
    },
    {
        "bookingid": 3014
    },
    {
        "bookingid": 5667
    },
    {
        "bookingid": 6941
    },
    {
        "bookingid": 924
    },
    {
        "bookingid": 704
    },
    {
        "bookingid": 4333
    },
    {
        "bookingid": 6391
    },
    {
        "bookingid": 4841
    },
    {
        "bookingid": 3033
    },
    {
        "bookingid": 7910
    },
    {
        "bookingid": 3513
    },
    {
        "bookingid": 8283
    },
    {
        "bookingid": 300
    },
    {
        "bookingid": 352
    },
    {
        "bookingid": 1773
    },
    {
        "bookingid": 4495
    },
    {
        "bookingid": 7411
    },
    {
        "bookingid": 420
    },
    {
        "bookingid": 4857
    },
    {
        "bookingid": 8647
    },
    {
        "bookingid": 1887
    },
    {
        "bookingid": 3306
    },
    {
        "bookingid": 2491
    },
    {
        "bookingid": 5004
    },
    {
        "bookingid": 8756
    },
    {
        "bookingid": 2669
    },
    {
        "bookingid": 8201
    },
    {
        "bookingid": 3344
    },
    {
        "bookingid": 7823
    },
    {
        "bookingid": 7567
    },
    {
        "bookingid": 904
    },
    {
        "bookingid": 1187
    },
    {
        "bookingid": 534
    },
    {
        "bookingid": 3753
    },
    {
        "bookingid": 6097
    },
    {
        "bookingid": 8610
    },
    {
        "bookingid": 6400
    },
    {
        "bookingid": 7139
    },
    {
        "bookingid": 285
    },
    {
        "bookingid": 1648
    },
    {
        "bookingid": 4459
    },
    {
        "bookingid": 1606
    },
    {
        "bookingid": 5393
    },
    {
        "bookingid": 1459
    },
    {
        "bookingid": 986
    },
    {
        "bookingid": 7645
    },
    {
        "bookingid": 3156
    },
    {
        "bookingid": 4608
    },
    {
        "bookingid": 4224
    },
    {
        "bookingid": 4337
    },
    {
        "bookingid": 2123
    },
    {
        "bookingid": 2082
    },
    {
        "bookingid": 1510
    },
    {
        "bookingid": 2599
    },
    {
        "bookingid": 2656
    },
    {
        "bookingid": 1387
    },
    {
        "bookingid": 8223
    },
    {
        "bookingid": 9075
    },
    {
        "bookingid": 1218
    },
    {
        "bookingid": 2764
    },
    {
        "bookingid": 769
    },
    {
        "bookingid": 6955
    },
    {
        "bookingid": 8061
    },
    {
        "bookingid": 1443
    },
    {
        "bookingid": 4305
    },
    {
        "bookingid": 3911
    },
    {
        "bookingid": 3826
    },
    {
        "bookingid": 4370
    },
    {
        "bookingid": 5390
    },
    {
        "bookingid": 7172
    },
    {
        "bookingid": 2301
    },
    {
        "bookingid": 7890
    },
    {
        "bookingid": 4889
    },
    {
        "bookingid": 4848
    },
    {
        "bookingid": 6539
    },
    {
        "bookingid": 2054
    },
    {
        "bookingid": 1144
    },
    {
        "bookingid": 8118
    },
    {
        "bookingid": 1208
    },
    {
        "bookingid": 2040
    },
    {
        "bookingid": 1672
    },
    {
        "bookingid": 7252
    },
    {
        "bookingid": 1461
    },
    {
        "bookingid": 1693
    },
    {
        "bookingid": 5583
    },
    {
        "bookingid": 2580
    },
    {
        "bookingid": 8519
    },
    {
        "bookingid": 7984
    },
    {
        "bookingid": 1836
    },
    {
        "bookingid": 7674
    },
    {
        "bookingid": 7945
    },
    {
        "bookingid": 78
    },
    {
        "bookingid": 4019
    },
    {
        "bookingid": 1383
    },
    {
        "bookingid": 7366
    },
    {
        "bookingid": 1776
    },
    {
        "bookingid": 2265
    },
    {
        "bookingid": 5001
    },
    {
        "bookingid": 2139
    },
    {
        "bookingid": 3432
    },
    {
        "bookingid": 7786
    },
    {
        "bookingid": 2735
    },
    {
        "bookingid": 1745
    },
    {
        "bookingid": 2488
    },
    {
        "bookingid": 2802
    },
    {
        "bookingid": 3233
    },
    {
        "bookingid": 764
    },
    {
        "bookingid": 1302
    },
    {
        "bookingid": 2689
    },
    {
        "bookingid": 4684
    },
    {
        "bookingid": 6901
    },
    {
        "bookingid": 4655
    },
    {
        "bookingid": 7856
    },
    {
        "bookingid": 1734
    },
    {
        "bookingid": 1309
    },
    {
        "bookingid": 3558
    },
    {
        "bookingid": 3553
    },
    {
        "bookingid": 6549
    },
    {
        "bookingid": 6297
    },
    {
        "bookingid": 4727
    },
    {
        "bookingid": 1941
    },
    {
        "bookingid": 4287
    },
    {
        "bookingid": 5791
    },
    {
        "bookingid": 5379
    },
    {
        "bookingid": 8410
    },
    {
        "bookingid": 7376
    },
    {
        "bookingid": 2083
    },
    {
        "bookingid": 1460
    },
    {
        "bookingid": 5071
    },
    {
        "bookingid": 6126
    },
    {
        "bookingid": 2248
    },
    {
        "bookingid": 4481
    },
    {
        "bookingid": 5995
    },
    {
        "bookingid": 3594
    },
    {
        "bookingid": 2911
    },
    {
        "bookingid": 4975
    },
    {
        "bookingid": 550
    },
    {
        "bookingid": 5586
    },
    {
        "bookingid": 9056
    },
    {
        "bookingid": 6842
    },
    {
        "bookingid": 871
    },
    {
        "bookingid": 4024
    },
    {
        "bookingid": 2596
    },
    {
        "bookingid": 9000
    },
    {
        "bookingid": 5545
    },
    {
        "bookingid": 2173
    },
    {
        "bookingid": 4341
    },
    {
        "bookingid": 148
    },
    {
        "bookingid": 1020
    },
    {
        "bookingid": 2106
    },
    {
        "bookingid": 1739
    },
    {
        "bookingid": 50
    },
    {
        "bookingid": 5265
    },
    {
        "bookingid": 157
    },
    {
        "bookingid": 4750
    },
    {
        "bookingid": 3227
    },
    {
        "bookingid": 7974
    },
    {
        "bookingid": 8444
    },
    {
        "bookingid": 792
    },
    {
        "bookingid": 7854
    },
    {
        "bookingid": 673
    },
    {
        "bookingid": 5860
    },
    {
        "bookingid": 1829
    },
    {
        "bookingid": 4910
    },
    {
        "bookingid": 5829
    },
    {
        "bookingid": 3669
    },
    {
        "bookingid": 6270
    },
    {
        "bookingid": 668
    },
    {
        "bookingid": 1497
    },
    {
        "bookingid": 1061
    },
    {
        "bookingid": 2888
    },
    {
        "bookingid": 8486
    },
    {
        "bookingid": 8173
    },
    {
        "bookingid": 4018
    },
    {
        "bookingid": 6332
    },
    {
        "bookingid": 3190
    },
    {
        "bookingid": 8833
    },
    {
        "bookingid": 3701
    },
    {
        "bookingid": 7700
    },
    {
        "bookingid": 7874
    },
    {
        "bookingid": 3960
    },
    {
        "bookingid": 581
    },
    {
        "bookingid": 2219
    },
    {
        "bookingid": 2473
    },
    {
        "bookingid": 5019
    },
    {
        "bookingid": 10
    },
    {
        "bookingid": 8724
    },
    {
        "bookingid": 5315
    },
    {
        "bookingid": 7108
    },
    {
        "bookingid": 8300
    },
    {
        "bookingid": 1113
    },
    {
        "bookingid": 7442
    },
    {
        "bookingid": 520
    },
    {
        "bookingid": 2221
    },
    {
        "bookingid": 3309
    },
    {
        "bookingid": 3198
    },
    {
        "bookingid": 298
    },
    {
        "bookingid": 8421
    },
    {
        "bookingid": 7046
    },
    {
        "bookingid": 8138
    },
    {
        "bookingid": 574
    },
    {
        "bookingid": 876
    },
    {
        "bookingid": 7015
    },
    {
        "bookingid": 3573
    },
    {
        "bookingid": 3647
    },
    {
        "bookingid": 536
    },
    {
        "bookingid": 9040
    },
    {
        "bookingid": 1427
    },
    {
        "bookingid": 7846
    },
    {
        "bookingid": 310
    },
    {
        "bookingid": 6365
    },
    {
        "bookingid": 1589
    },
    {
        "bookingid": 5598
    },
    {
        "bookingid": 6423
    },
    {
        "bookingid": 1798
    },
    {
        "bookingid": 2067
    },
    {
        "bookingid": 154
    },
    {
        "bookingid": 8702
    },
    {
        "bookingid": 700
    },
    {
        "bookingid": 342
    },
    {
        "bookingid": 7395
    },
    {
        "bookingid": 5013
    },
    {
        "bookingid": 3349
    },
    {
        "bookingid": 8210
    },
    {
        "bookingid": 5593
    },
    {
        "bookingid": 3709
    },
    {
        "bookingid": 8693
    },
    {
        "bookingid": 1695
    },
    {
        "bookingid": 4526
    },
    {
        "bookingid": 3542
    },
    {
        "bookingid": 56
    },
    {
        "bookingid": 2744
    },
    {
        "bookingid": 3932
    },
    {
        "bookingid": 7934
    },
    {
        "bookingid": 6756
    },
    {
        "bookingid": 5946
    },
    {
        "bookingid": 2015
    },
    {
        "bookingid": 6228
    },
    {
        "bookingid": 137
    },
    {
        "bookingid": 252
    },
    {
        "bookingid": 8022
    },
    {
        "bookingid": 4410
    },
    {
        "bookingid": 3205
    },
    {
        "bookingid": 4598
    },
    {
        "bookingid": 1050
    },
    {
        "bookingid": 3455
    },
    {
        "bookingid": 5882
    },
    {
        "bookingid": 7482
    },
    {
        "bookingid": 4993
    },
    {
        "bookingid": 945
    },
    {
        "bookingid": 7921
    },
    {
        "bookingid": 7379
    },
    {
        "bookingid": 3112
    },
    {
        "bookingid": 8789
    },
    {
        "bookingid": 1978
    },
    {
        "bookingid": 913
    },
    {
        "bookingid": 1122
    },
    {
        "bookingid": 8091
    },
    {
        "bookingid": 32
    },
    {
        "bookingid": 311
    },
    {
        "bookingid": 6825
    },
    {
        "bookingid": 5072
    },
    {
        "bookingid": 6047
    },
    {
        "bookingid": 4072
    },
    {
        "bookingid": 5766
    },
    {
        "bookingid": 2634
    },
    {
        "bookingid": 6116
    },
    {
        "bookingid": 2822
    },
    {
        "bookingid": 3496
    },
    {
        "bookingid": 614
    },
    {
        "bookingid": 8962
    },
    {
        "bookingid": 7202
    },
    {
        "bookingid": 5417
    },
    {
        "bookingid": 2333
    },
    {
        "bookingid": 5146
    },
    {
        "bookingid": 4947
    },
    {
        "bookingid": 2367
    },
    {
        "bookingid": 1084
    },
    {
        "bookingid": 4735
    },
    {
        "bookingid": 3790
    },
    {
        "bookingid": 333
    },
    {
        "bookingid": 2668
    },
    {
        "bookingid": 8532
    },
    {
        "bookingid": 7662
    },
    {
        "bookingid": 478
    },
    {
        "bookingid": 4358
    },
    {
        "bookingid": 5048
    },
    {
        "bookingid": 2012
    },
    {
        "bookingid": 834
    },
    {
        "bookingid": 3729
    },
    {
        "bookingid": 4441
    },
    {
        "bookingid": 385
    },
    {
        "bookingid": 1753
    },
    {
        "bookingid": 5509
    },
    {
        "bookingid": 3407
    },
    {
        "bookingid": 7875
    },
    {
        "bookingid": 9093
    },
    {
        "bookingid": 7707
    },
    {
        "bookingid": 4544
    },
    {
        "bookingid": 1961
    },
    {
        "bookingid": 4709
    },
    {
        "bookingid": 7563
    },
    {
        "bookingid": 7610
    },
    {
        "bookingid": 3550
    },
    {
        "bookingid": 5350
    },
    {
        "bookingid": 6334
    },
    {
        "bookingid": 2183
    },
    {
        "bookingid": 9106
    },
    {
        "bookingid": 5854
    },
    {
        "bookingid": 4883
    },
    {
        "bookingid": 3049
    },
    {
        "bookingid": 335
    },
    {
        "bookingid": 7364
    },
    {
        "bookingid": 8607
    },
    {
        "bookingid": 3719
    },
    {
        "bookingid": 7822
    },
    {
        "bookingid": 1784
    },
    {
        "bookingid": 4653
    },
    {
        "bookingid": 2891
    },
    {
        "bookingid": 6904
    },
    {
        "bookingid": 6476
    },
    {
        "bookingid": 4725
    },
    {
        "bookingid": 8754
    },
    {
        "bookingid": 4197
    },
    {
        "bookingid": 2851
    },
    {
        "bookingid": 5423
    },
    {
        "bookingid": 3078
    },
    {
        "bookingid": 3925
    },
    {
        "bookingid": 5898
    },
    {
        "bookingid": 4319
    },
    {
        "bookingid": 2377
    },
    {
        "bookingid": 7055
    },
    {
        "bookingid": 8678
    },
    {
        "bookingid": 2513
    },
    {
        "bookingid": 7387
    },
    {
        "bookingid": 7584
    },
    {
        "bookingid": 2431
    },
    {
        "bookingid": 6852
    },
    {
        "bookingid": 317
    },
    {
        "bookingid": 3051
    },
    {
        "bookingid": 7441
    },
    {
        "bookingid": 438
    },
    {
        "bookingid": 303
    },
    {
        "bookingid": 5121
    },
    {
        "bookingid": 6572
    },
    {
        "bookingid": 2575
    },
    {
        "bookingid": 1768
    },
    {
        "bookingid": 5017
    },
    {
        "bookingid": 8644
    },
    {
        "bookingid": 4027
    },
    {
        "bookingid": 3679
    },
    {
        "bookingid": 8886
    },
    {
        "bookingid": 3771
    },
    {
        "bookingid": 4081
    },
    {
        "bookingid": 6794
    },
    {
        "bookingid": 337
    },
    {
        "bookingid": 1567
    },
    {
        "bookingid": 847
    },
    {
        "bookingid": 3604
    },
    {
        "bookingid": 7086
    },
    {
        "bookingid": 5827
    },
    {
        "bookingid": 6262
    },
    {
        "bookingid": 7670
    },
    {
        "bookingid": 1418
    },
    {
        "bookingid": 4592
    },
    {
        "bookingid": 8488
    },
    {
        "bookingid": 323
    },
    {
        "bookingid": 265
    },
    {
        "bookingid": 2617
    },
    {
        "bookingid": 7198
    },
    {
        "bookingid": 6041
    },
    {
        "bookingid": 7959
    },
    {
        "bookingid": 5964
    },
    {
        "bookingid": 348
    },
    {
        "bookingid": 6329
    },
    {
        "bookingid": 2042
    },
    {
        "bookingid": 6885
    },
    {
        "bookingid": 7604
    },
    {
        "bookingid": 2921
    },
    {
        "bookingid": 2935
    },
    {
        "bookingid": 955
    },
    {
        "bookingid": 3725
    },
    {
        "bookingid": 6415
    },
    {
        "bookingid": 3413
    },
    {
        "bookingid": 4384
    },
    {
        "bookingid": 6045
    },
    {
        "bookingid": 3388
    },
    {
        "bookingid": 2168
    },
    {
        "bookingid": 1574
    },
    {
        "bookingid": 8046
    },
    {
        "bookingid": 4192
    },
    {
        "bookingid": 7915
    },
    {
        "bookingid": 4808
    },
    {
        "bookingid": 3528
    },
    {
        "bookingid": 2741
    },
    {
        "bookingid": 7906
    },
    {
        "bookingid": 2801
    },
    {
        "bookingid": 279
    },
    {
        "bookingid": 1313
    },
    {
        "bookingid": 1358
    },
    {
        "bookingid": 2188
    },
    {
        "bookingid": 8192
    },
    {
        "bookingid": 2996
    },
    {
        "bookingid": 8329
    },
    {
        "bookingid": 3691
    },
    {
        "bookingid": 1255
    },
    {
        "bookingid": 2005
    },
    {
        "bookingid": 4525
    },
    {
        "bookingid": 8351
    },
    {
        "bookingid": 8017
    },
    {
        "bookingid": 2964
    },
    {
        "bookingid": 434
    },
    {
        "bookingid": 5911
    },
    {
        "bookingid": 785
    },
    {
        "bookingid": 1186
    },
    {
        "bookingid": 2238
    },
    {
        "bookingid": 750
    },
    {
        "bookingid": 42
    },
    {
        "bookingid": 2877
    },
    {
        "bookingid": 3742
    },
    {
        "bookingid": 2716
    },
    {
        "bookingid": 7523
    },
    {
        "bookingid": 6055
    },
    {
        "bookingid": 7452
    },
    {
        "bookingid": 4068
    },
    {
        "bookingid": 5031
    },
    {
        "bookingid": 2442
    },
    {
        "bookingid": 4223
    },
    {
        "bookingid": 8467
    },
    {
        "bookingid": 5330
    },
    {
        "bookingid": 7368
    },
    {
        "bookingid": 5298
    },
    {
        "bookingid": 6468
    },
    {
        "bookingid": 2978
    },
    {
        "bookingid": 829
    },
    {
        "bookingid": 1826
    },
    {
        "bookingid": 5215
    },
    {
        "bookingid": 4640
    },
    {
        "bookingid": 1921
    },
    {
        "bookingid": 502
    },
    {
        "bookingid": 4323
    },
    {
        "bookingid": 7453
    },
    {
        "bookingid": 410
    },
    {
        "bookingid": 4768
    },
    {
        "bookingid": 595
    },
    {
        "bookingid": 1188
    },
    {
        "bookingid": 5465
    },
    {
        "bookingid": 1687
    },
    {
        "bookingid": 1303
    },
    {
        "bookingid": 280
    },
    {
        "bookingid": 2933
    },
    {
        "bookingid": 2541
    },
    {
        "bookingid": 4595
    },
    {
        "bookingid": 2413
    },
    {
        "bookingid": 185
    },
    {
        "bookingid": 6163
    },
    {
        "bookingid": 9006
    },
    {
        "bookingid": 8782
    },
    {
        "bookingid": 3977
    },
    {
        "bookingid": 7262
    },
    {
        "bookingid": 4995
    },
    {
        "bookingid": 1868
    },
    {
        "bookingid": 4527
    },
    {
        "bookingid": 1227
    },
    {
        "bookingid": 2272
    },
    {
        "bookingid": 2763
    },
    {
        "bookingid": 1930
    },
    {
        "bookingid": 616
    },
    {
        "bookingid": 5977
    },
    {
        "bookingid": 1566
    },
    {
        "bookingid": 4867
    },
    {
        "bookingid": 7705
    },
    {
        "bookingid": 2218
    },
    {
        "bookingid": 4211
    },
    {
        "bookingid": 8652
    },
    {
        "bookingid": 967
    },
    {
        "bookingid": 6733
    },
    {
        "bookingid": 8523
    },
    {
        "bookingid": 5515
    },
    {
        "bookingid": 6027
    },
    {
        "bookingid": 4741
    },
    {
        "bookingid": 3795
    },
    {
        "bookingid": 8396
    },
    {
        "bookingid": 3699
    },
    {
        "bookingid": 5300
    },
    {
        "bookingid": 58
    },
    {
        "bookingid": 681
    },
    {
        "bookingid": 8860
    },
    {
        "bookingid": 1529
    },
    {
        "bookingid": 7073
    },
    {
        "bookingid": 1615
    },
    {
        "bookingid": 6410
    },
    {
        "bookingid": 7651
    },
    {
        "bookingid": 1710
    },
    {
        "bookingid": 1407
    },
    {
        "bookingid": 7039
    },
    {
        "bookingid": 1740
    },
    {
        "bookingid": 3015
    },
    {
        "bookingid": 6527
    },
    {
        "bookingid": 6093
    },
    {
        "bookingid": 1072
    },
    {
        "bookingid": 6601
    },
    {
        "bookingid": 2712
    },
    {
        "bookingid": 5658
    },
    {
        "bookingid": 2912
    },
    {
        "bookingid": 5612
    },
    {
        "bookingid": 702
    },
    {
        "bookingid": 7963
    },
    {
        "bookingid": 5774
    },
    {
        "bookingid": 4028
    },
    {
        "bookingid": 6392
    },
    {
        "bookingid": 906
    },
    {
        "bookingid": 3951
    },
    {
        "bookingid": 4809
    },
    {
        "bookingid": 1229
    },
    {
        "bookingid": 2791
    },
    {
        "bookingid": 7081
    },
    {
        "bookingid": 8810
    },
    {
        "bookingid": 5979
    },
    {
        "bookingid": 4694
    },
    {
        "bookingid": 8531
    },
    {
        "bookingid": 5403
    },
    {
        "bookingid": 3537
    },
    {
        "bookingid": 5784
    },
    {
        "bookingid": 4199
    },
    {
        "bookingid": 8751
    },
    {
        "bookingid": 150
    },
    {
        "bookingid": 5331
    },
    {
        "bookingid": 7166
    },
    {
        "bookingid": 6711
    },
    {
        "bookingid": 2113
    },
    {
        "bookingid": 3048
    },
    {
        "bookingid": 8388
    },
    {
        "bookingid": 6624
    },
    {
        "bookingid": 7032
    },
    {
        "bookingid": 7933
    },
    {
        "bookingid": 115
    },
    {
        "bookingid": 7335
    },
    {
        "bookingid": 1384
    },
    {
        "bookingid": 2300
    },
    {
        "bookingid": 167
    },
    {
        "bookingid": 4730
    },
    {
        "bookingid": 8199
    },
    {
        "bookingid": 4299
    },
    {
        "bookingid": 2837
    },
    {
        "bookingid": 2647
    },
    {
        "bookingid": 79
    },
    {
        "bookingid": 7935
    },
    {
        "bookingid": 7022
    },
    {
        "bookingid": 4604
    },
    {
        "bookingid": 2593
    },
    {
        "bookingid": 7245
    },
    {
        "bookingid": 5197
    },
    {
        "bookingid": 6608
    },
    {
        "bookingid": 5355
    },
    {
        "bookingid": 6524
    },
    {
        "bookingid": 2512
    },
    {
        "bookingid": 46
    },
    {
        "bookingid": 4055
    },
    {
        "bookingid": 7939
    },
    {
        "bookingid": 5014
    },
    {
        "bookingid": 4437
    },
    {
        "bookingid": 2192
    },
    {
        "bookingid": 8731
    },
    {
        "bookingid": 8818
    },
    {
        "bookingid": 5740
    },
    {
        "bookingid": 1879
    },
    {
        "bookingid": 2715
    },
    {
        "bookingid": 5722
    },
    {
        "bookingid": 8784
    },
    {
        "bookingid": 7257
    },
    {
        "bookingid": 8619
    },
    {
        "bookingid": 6844
    },
    {
        "bookingid": 457
    },
    {
        "bookingid": 1332
    },
    {
        "bookingid": 8759
    },
    {
        "bookingid": 3319
    },
    {
        "bookingid": 4896
    },
    {
        "bookingid": 7537
    },
    {
        "bookingid": 131
    },
    {
        "bookingid": 2062
    },
    {
        "bookingid": 8722
    },
    {
        "bookingid": 4122
    },
    {
        "bookingid": 5147
    },
    {
        "bookingid": 4133
    },
    {
        "bookingid": 4183
    },
    {
        "bookingid": 182
    },
    {
        "bookingid": 765
    },
    {
        "bookingid": 4539
    },
    {
        "bookingid": 6968
    },
    {
        "bookingid": 5651
    },
    {
        "bookingid": 6445
    },
    {
        "bookingid": 3675
    },
    {
        "bookingid": 1632
    },
    {
        "bookingid": 5937
    },
    {
        "bookingid": 3651
    },
    {
        "bookingid": 6789
    },
    {
        "bookingid": 4322
    },
    {
        "bookingid": 5952
    },
    {
        "bookingid": 6884
    },
    {
        "bookingid": 9032
    },
    {
        "bookingid": 5040
    },
    {
        "bookingid": 1998
    },
    {
        "bookingid": 6573
    },
    {
        "bookingid": 3204
    },
    {
        "bookingid": 9029
    },
    {
        "bookingid": 7159
    },
    {
        "bookingid": 1380
    },
    {
        "bookingid": 7416
    },
    {
        "bookingid": 6390
    },
    {
        "bookingid": 3878
    },
    {
        "bookingid": 3854
    },
    {
        "bookingid": 5888
    },
    {
        "bookingid": 8338
    },
    {
        "bookingid": 538
    },
    {
        "bookingid": 5806
    },
    {
        "bookingid": 3032
    },
    {
        "bookingid": 7270
    },
    {
        "bookingid": 541
    },
    {
        "bookingid": 7119
    },
    {
        "bookingid": 5148
    },
    {
        "bookingid": 1123
    },
    {
        "bookingid": 8999
    },
    {
        "bookingid": 3727
    },
    {
        "bookingid": 8785
    },
    {
        "bookingid": 4283
    },
    {
        "bookingid": 548
    },
    {
        "bookingid": 8811
    },
    {
        "bookingid": 5386
    },
    {
        "bookingid": 1119
    },
    {
        "bookingid": 6757
    },
    {
        "bookingid": 7440
    },
    {
        "bookingid": 6293
    },
    {
        "bookingid": 2334
    },
    {
        "bookingid": 5532
    },
    {
        "bookingid": 2870
    },
    {
        "bookingid": 4781
    },
    {
        "bookingid": 6344
    },
    {
        "bookingid": 5325
    },
    {
        "bookingid": 2565
    },
    {
        "bookingid": 9070
    },
    {
        "bookingid": 5155
    },
    {
        "bookingid": 7201
    },
    {
        "bookingid": 4856
    },
    {
        "bookingid": 5966
    },
    {
        "bookingid": 8525
    },
    {
        "bookingid": 2986
    },
    {
        "bookingid": 5202
    },
    {
        "bookingid": 4320
    },
    {
        "bookingid": 5206
    },
    {
        "bookingid": 4532
    },
    {
        "bookingid": 8505
    },
    {
        "bookingid": 2825
    },
    {
        "bookingid": 1281
    },
    {
        "bookingid": 7614
    },
    {
        "bookingid": 1468
    },
    {
        "bookingid": 8551
    },
    {
        "bookingid": 2686
    },
    {
        "bookingid": 1756
    },
    {
        "bookingid": 3191
    },
    {
        "bookingid": 2976
    },
    {
        "bookingid": 4563
    },
    {
        "bookingid": 8876
    },
    {
        "bookingid": 8794
    },
    {
        "bookingid": 4076
    },
    {
        "bookingid": 4818
    },
    {
        "bookingid": 6676
    },
    {
        "bookingid": 773
    },
    {
        "bookingid": 780
    },
    {
        "bookingid": 3823
    },
    {
        "bookingid": 2225
    },
    {
        "bookingid": 6491
    },
    {
        "bookingid": 8393
    },
    {
        "bookingid": 7329
    },
    {
        "bookingid": 5648
    },
    {
        "bookingid": 5061
    },
    {
        "bookingid": 1320
    },
    {
        "bookingid": 8586
    },
    {
        "bookingid": 3403
    },
    {
        "bookingid": 3616
    },
    {
        "bookingid": 5900
    },
    {
        "bookingid": 9013
    },
    {
        "bookingid": 2278
    },
    {
        "bookingid": 8978
    },
    {
        "bookingid": 5221
    },
    {
        "bookingid": 888
    },
    {
        "bookingid": 990
    },
    {
        "bookingid": 1076
    },
    {
        "bookingid": 8521
    },
    {
        "bookingid": 7710
    },
    {
        "bookingid": 1880
    },
    {
        "bookingid": 6917
    },
    {
        "bookingid": 1925
    },
    {
        "bookingid": 6212
    },
    {
        "bookingid": 104
    },
    {
        "bookingid": 6767
    },
    {
        "bookingid": 600
    },
    {
        "bookingid": 6561
    },
    {
        "bookingid": 6162
    },
    {
        "bookingid": 7990
    },
    {
        "bookingid": 8288
    },
    {
        "bookingid": 639
    },
    {
        "bookingid": 6208
    },
    {
        "bookingid": 6843
    },
    {
        "bookingid": 7962
    },
    {
        "bookingid": 1350
    },
    {
        "bookingid": 8595
    },
    {
        "bookingid": 6497
    },
    {
        "bookingid": 7735
    },
    {
        "bookingid": 476
    },
    {
        "bookingid": 5285
    },
    {
        "bookingid": 8715
    },
    {
        "bookingid": 3189
    },
    {
        "bookingid": 6544
    },
    {
        "bookingid": 1668
    },
    {
        "bookingid": 5488
    },
    {
        "bookingid": 2276
    },
    {
        "bookingid": 2465
    },
    {
        "bookingid": 4014
    },
    {
        "bookingid": 801
    },
    {
        "bookingid": 2267
    },
    {
        "bookingid": 3364
    },
    {
        "bookingid": 872
    },
    {
        "bookingid": 4280
    },
    {
        "bookingid": 571
    },
    {
        "bookingid": 2920
    },
    {
        "bookingid": 2631
    },
    {
        "bookingid": 3735
    },
    {
        "bookingid": 7173
    },
    {
        "bookingid": 799
    },
    {
        "bookingid": 8832
    },
    {
        "bookingid": 4317
    },
    {
        "bookingid": 2417
    },
    {
        "bookingid": 3124
    },
    {
        "bookingid": 646
    },
    {
        "bookingid": 2364
    },
    {
        "bookingid": 7211
    },
    {
        "bookingid": 3386
    },
    {
        "bookingid": 8311
    },
    {
        "bookingid": 1976
    },
    {
        "bookingid": 7738
    },
    {
        "bookingid": 6720
    },
    {
        "bookingid": 3844
    },
    {
        "bookingid": 889
    },
    {
        "bookingid": 5778
    },
    {
        "bookingid": 6062
    },
    {
        "bookingid": 2199
    },
    {
        "bookingid": 6730
    },
    {
        "bookingid": 1631
    },
    {
        "bookingid": 3278
    },
    {
        "bookingid": 8917
    },
    {
        "bookingid": 2946
    },
    {
        "bookingid": 8134
    },
    {
        "bookingid": 2889
    },
    {
        "bookingid": 2352
    },
    {
        "bookingid": 8579
    },
    {
        "bookingid": 5504
    },
    {
        "bookingid": 7840
    },
    {
        "bookingid": 6565
    },
    {
        "bookingid": 6328
    },
    {
        "bookingid": 4176
    },
    {
        "bookingid": 9063
    },
    {
        "bookingid": 17
    },
    {
        "bookingid": 1335
    },
    {
        "bookingid": 6935
    },
    {
        "bookingid": 8913
    },
    {
        "bookingid": 8683
    },
    {
        "bookingid": 3414
    },
    {
        "bookingid": 5874
    },
    {
        "bookingid": 123
    },
    {
        "bookingid": 8958
    },
    {
        "bookingid": 7283
    },
    {
        "bookingid": 6665
    },
    {
        "bookingid": 5643
    },
    {
        "bookingid": 5360
    },
    {
        "bookingid": 2171
    },
    {
        "bookingid": 6485
    },
    {
        "bookingid": 8681
    },
    {
        "bookingid": 6299
    },
    {
        "bookingid": 7123
    },
    {
        "bookingid": 5336
    },
    {
        "bookingid": 109
    },
    {
        "bookingid": 8221
    },
    {
        "bookingid": 2439
    },
    {
        "bookingid": 5792
    },
    {
        "bookingid": 3353
    },
    {
        "bookingid": 3211
    },
    {
        "bookingid": 4414
    },
    {
        "bookingid": 6411
    },
    {
        "bookingid": 4136
    },
    {
        "bookingid": 8417
    },
    {
        "bookingid": 4393
    },
    {
        "bookingid": 2233
    },
    {
        "bookingid": 903
    },
    {
        "bookingid": 294
    },
    {
        "bookingid": 9115
    },
    {
        "bookingid": 4100
    },
    {
        "bookingid": 4787
    },
    {
        "bookingid": 5642
    },
    {
        "bookingid": 6089
    },
    {
        "bookingid": 6441
    },
    {
        "bookingid": 7583
    },
    {
        "bookingid": 7579
    },
    {
        "bookingid": 4914
    },
    {
        "bookingid": 6245
    },
    {
        "bookingid": 6647
    },
    {
        "bookingid": 4780
    },
    {
        "bookingid": 340
    },
    {
        "bookingid": 7664
    },
    {
        "bookingid": 4892
    },
    {
        "bookingid": 6729
    },
    {
        "bookingid": 3807
    },
    {
        "bookingid": 349
    },
    {
        "bookingid": 6302
    },
    {
        "bookingid": 5729
    },
    {
        "bookingid": 1691
    },
    {
        "bookingid": 68
    },
    {
        "bookingid": 8045
    },
    {
        "bookingid": 6864
    },
    {
        "bookingid": 2765
    },
    {
        "bookingid": 8839
    },
    {
        "bookingid": 1416
    },
    {
        "bookingid": 2645
    },
    {
        "bookingid": 4206
    },
    {
        "bookingid": 1511
    },
    {
        "bookingid": 8946
    },
    {
        "bookingid": 2294
    },
    {
        "bookingid": 902
    },
    {
        "bookingid": 3712
    },
    {
        "bookingid": 1625
    },
    {
        "bookingid": 3126
    },
    {
        "bookingid": 5321
    },
    {
        "bookingid": 2931
    },
    {
        "bookingid": 3091
    },
    {
        "bookingid": 3157
    },
    {
        "bookingid": 3596
    },
    {
        "bookingid": 8717
    },
    {
        "bookingid": 1283
    },
    {
        "bookingid": 61
    },
    {
        "bookingid": 3970
    },
    {
        "bookingid": 485
    },
    {
        "bookingid": 8635
    },
    {
        "bookingid": 4773
    },
    {
        "bookingid": 6109
    },
    {
        "bookingid": 8349
    },
    {
        "bookingid": 5405
    },
    {
        "bookingid": 5542
    },
    {
        "bookingid": 9048
    },
    {
        "bookingid": 5974
    },
    {
        "bookingid": 318
    },
    {
        "bookingid": 6895
    },
    {
        "bookingid": 8604
    },
    {
        "bookingid": 7006
    },
    {
        "bookingid": 1338
    },
    {
        "bookingid": 8803
    },
    {
        "bookingid": 7431
    },
    {
        "bookingid": 7669
    },
    {
        "bookingid": 4907
    },
    {
        "bookingid": 1585
    },
    {
        "bookingid": 334
    },
    {
        "bookingid": 2066
    },
    {
        "bookingid": 7515
    },
    {
        "bookingid": 4986
    },
    {
        "bookingid": 5401
    },
    {
        "bookingid": 3096
    },
    {
        "bookingid": 6238
    },
    {
        "bookingid": 6236
    },
    {
        "bookingid": 2530
    },
    {
        "bookingid": 5867
    },
    {
        "bookingid": 5984
    },
    {
        "bookingid": 8325
    },
    {
        "bookingid": 3813
    },
    {
        "bookingid": 7182
    },
    {
        "bookingid": 6872
    },
    {
        "bookingid": 2076
    },
    {
        "bookingid": 6669
    },
    {
        "bookingid": 4405
    },
    {
        "bookingid": 2020
    },
    {
        "bookingid": 6301
    },
    {
        "bookingid": 6828
    },
    {
        "bookingid": 2834
    },
    {
        "bookingid": 4523
    },
    {
        "bookingid": 8427
    },
    {
        "bookingid": 3171
    },
    {
        "bookingid": 2376
    },
    {
        "bookingid": 7034
    },
    {
        "bookingid": 4723
    },
    {
        "bookingid": 1370
    },
    {
        "bookingid": 3196
    },
    {
        "bookingid": 5385
    },
    {
        "bookingid": 5312
    },
    {
        "bookingid": 3365
    },
    {
        "bookingid": 594
    },
    {
        "bookingid": 3728
    },
    {
        "bookingid": 7825
    },
    {
        "bookingid": 1561
    },
    {
        "bookingid": 9062
    },
    {
        "bookingid": 774
    },
    {
        "bookingid": 5078
    },
    {
        "bookingid": 7163
    },
    {
        "bookingid": 171
    },
    {
        "bookingid": 6273
    },
    {
        "bookingid": 7301
    },
    {
        "bookingid": 2246
    },
    {
        "bookingid": 2980
    },
    {
        "bookingid": 4240
    },
    {
        "bookingid": 2726
    },
    {
        "bookingid": 6727
    },
    {
        "bookingid": 6919
    },
    {
        "bookingid": 3629
    },
    {
        "bookingid": 3053
    },
    {
        "bookingid": 933
    },
    {
        "bookingid": 4936
    },
    {
        "bookingid": 4139
    },
    {
        "bookingid": 5475
    },
    {
        "bookingid": 2030
    },
    {
        "bookingid": 1124
    },
    {
        "bookingid": 1259
    },
    {
        "bookingid": 217
    },
    {
        "bookingid": 2357
    },
    {
        "bookingid": 4644
    },
    {
        "bookingid": 39
    },
    {
        "bookingid": 1596
    },
    {
        "bookingid": 940
    },
    {
        "bookingid": 5628
    },
    {
        "bookingid": 2194
    },
    {
        "bookingid": 8466
    },
    {
        "bookingid": 6965
    },
    {
        "bookingid": 7268
    },
    {
        "bookingid": 8613
    },
    {
        "bookingid": 2136
    },
    {
        "bookingid": 5235
    },
    {
        "bookingid": 1086
    },
    {
        "bookingid": 6829
    },
    {
        "bookingid": 7068
    },
    {
        "bookingid": 7582
    },
    {
        "bookingid": 1870
    },
    {
        "bookingid": 6437
    },
    {
        "bookingid": 421
    },
    {
        "bookingid": 4906
    },
    {
        "bookingid": 1959
    },
    {
        "bookingid": 5735
    },
    {
        "bookingid": 107
    },
    {
        "bookingid": 2662
    },
    {
        "bookingid": 8729
    },
    {
        "bookingid": 151
    },
    {
        "bookingid": 1646
    },
    {
        "bookingid": 8176
    },
    {
        "bookingid": 5546
    },
    {
        "bookingid": 7193
    },
    {
        "bookingid": 8834
    },
    {
        "bookingid": 4221
    },
    {
        "bookingid": 5841
    },
    {
        "bookingid": 2998
    },
    {
        "bookingid": 8011
    },
    {
        "bookingid": 6657
    },
    {
        "bookingid": 7272
    },
    {
        "bookingid": 1700
    },
    {
        "bookingid": 7485
    },
    {
        "bookingid": 5292
    },
    {
        "bookingid": 3176
    },
    {
        "bookingid": 1337
    },
    {
        "bookingid": 272
    },
    {
        "bookingid": 247
    },
    {
        "bookingid": 7016
    },
    {
        "bookingid": 6980
    },
    {
        "bookingid": 6046
    },
    {
        "bookingid": 3002
    },
    {
        "bookingid": 775
    },
    {
        "bookingid": 3282
    },
    {
        "bookingid": 4123
    },
    {
        "bookingid": 8374
    },
    {
        "bookingid": 879
    },
    {
        "bookingid": 2842
    },
    {
        "bookingid": 4377
    },
    {
        "bookingid": 8319
    },
    {
        "bookingid": 8186
    },
    {
        "bookingid": 7087
    },
    {
        "bookingid": 7586
    },
    {
        "bookingid": 8513
    },
    {
        "bookingid": 7192
    },
    {
        "bookingid": 4135
    },
    {
        "bookingid": 8050
    },
    {
        "bookingid": 7995
    },
    {
        "bookingid": 3514
    },
    {
        "bookingid": 4940
    },
    {
        "bookingid": 209
    },
    {
        "bookingid": 5922
    },
    {
        "bookingid": 3225
    },
    {
        "bookingid": 8896
    },
    {
        "bookingid": 4771
    },
    {
        "bookingid": 8696
    },
    {
        "bookingid": 1346
    },
    {
        "bookingid": 1885
    },
    {
        "bookingid": 6619
    },
    {
        "bookingid": 7210
    },
    {
        "bookingid": 4485
    },
    {
        "bookingid": 6695
    },
    {
        "bookingid": 6811
    },
    {
        "bookingid": 2045
    },
    {
        "bookingid": 3782
    },
    {
        "bookingid": 8819
    },
    {
        "bookingid": 8858
    },
    {
        "bookingid": 4556
    },
    {
        "bookingid": 6803
    },
    {
        "bookingid": 6740
    },
    {
        "bookingid": 7555
    },
    {
        "bookingid": 8019
    },
    {
        "bookingid": 4793
    },
    {
        "bookingid": 3845
    },
    {
        "bookingid": 8655
    },
    {
        "bookingid": 3901
    },
    {
        "bookingid": 4798
    },
    {
        "bookingid": 5712
    },
    {
        "bookingid": 1823
    },
    {
        "bookingid": 7999
    },
    {
        "bookingid": 369
    },
    {
        "bookingid": 4569
    },
    {
        "bookingid": 1068
    },
    {
        "bookingid": 2991
    },
    {
        "bookingid": 4517
    },
    {
        "bookingid": 2894
    },
    {
        "bookingid": 4533
    },
    {
        "bookingid": 4946
    },
    {
        "bookingid": 2193
    },
    {
        "bookingid": 3580
    },
    {
        "bookingid": 7590
    },
    {
        "bookingid": 8786
    },
    {
        "bookingid": 480
    },
    {
        "bookingid": 5517
    },
    {
        "bookingid": 2936
    },
    {
        "bookingid": 6607
    },
    {
        "bookingid": 7864
    },
    {
        "bookingid": 8880
    },
    {
        "bookingid": 4767
    },
    {
        "bookingid": 2830
    },
    {
        "bookingid": 4174
    },
    {
        "bookingid": 7396
    },
    {
        "bookingid": 7330
    },
    {
        "bookingid": 6078
    },
    {
        "bookingid": 2557
    },
    {
        "bookingid": 3595
    },
    {
        "bookingid": 6570
    },
    {
        "bookingid": 8654
    },
    {
        "bookingid": 4916
    },
    {
        "bookingid": 8574
    },
    {
        "bookingid": 2692
    },
    {
        "bookingid": 7843
    },
    {
        "bookingid": 806
    },
    {
        "bookingid": 5058
    },
    {
        "bookingid": 3084
    },
    {
        "bookingid": 8575
    },
    {
        "bookingid": 3523
    },
    {
        "bookingid": 6388
    },
    {
        "bookingid": 3809
    },
    {
        "bookingid": 8324
    },
    {
        "bookingid": 38
    },
    {
        "bookingid": 4351
    },
    {
        "bookingid": 6543
    },
    {
        "bookingid": 5416
    },
    {
        "bookingid": 2890
    },
    {
        "bookingid": 4085
    },
    {
        "bookingid": 1685
    },
    {
        "bookingid": 5679
    },
    {
        "bookingid": 1940
    },
    {
        "bookingid": 6763
    },
    {
        "bookingid": 5217
    },
    {
        "bookingid": 6837
    },
    {
        "bookingid": 8491
    },
    {
        "bookingid": 2797
    },
    {
        "bookingid": 6736
    },
    {
        "bookingid": 166
    },
    {
        "bookingid": 359
    },
    {
        "bookingid": 9077
    },
    {
        "bookingid": 4282
    },
    {
        "bookingid": 5365
    },
    {
        "bookingid": 3071
    },
    {
        "bookingid": 5862
    },
    {
        "bookingid": 8244
    },
    {
        "bookingid": 4662
    },
    {
        "bookingid": 2466
    },
    {
        "bookingid": 5473
    },
    {
        "bookingid": 1398
    },
    {
        "bookingid": 3860
    },
    {
        "bookingid": 7850
    },
    {
        "bookingid": 1057
    },
    {
        "bookingid": 6962
    },
    {
        "bookingid": 4286
    },
    {
        "bookingid": 8479
    },
    {
        "bookingid": 1379
    },
    {
        "bookingid": 6916
    },
    {
        "bookingid": 7348
    },
    {
        "bookingid": 377
    },
    {
        "bookingid": 5777
    },
    {
        "bookingid": 5996
    },
    {
        "bookingid": 2841
    },
    {
        "bookingid": 7708
    },
    {
        "bookingid": 6973
    },
    {
        "bookingid": 649
    },
    {
        "bookingid": 1434
    },
    {
        "bookingid": 3635
    },
    {
        "bookingid": 7793
    },
    {
        "bookingid": 8135
    },
    {
        "bookingid": 110
    },
    {
        "bookingid": 1832
    },
    {
        "bookingid": 7110
    },
    {
        "bookingid": 2148
    },
    {
        "bookingid": 5544
    },
    {
        "bookingid": 2977
    },
    {
        "bookingid": 8066
    },
    {
        "bookingid": 3515
    },
    {
        "bookingid": 7853
    },
    {
        "bookingid": 1570
    },
    {
        "bookingid": 3856
    },
    {
        "bookingid": 8230
    },
    {
        "bookingid": 867
    },
    {
        "bookingid": 7080
    },
    {
        "bookingid": 3037
    },
    {
        "bookingid": 7527
    },
    {
        "bookingid": 7152
    },
    {
        "bookingid": 8184
    },
    {
        "bookingid": 8632
    },
    {
        "bookingid": 6440
    },
    {
        "bookingid": 276
    },
    {
        "bookingid": 4803
    },
    {
        "bookingid": 7534
    },
    {
        "bookingid": 1938
    },
    {
        "bookingid": 5126
    },
    {
        "bookingid": 5442
    },
    {
        "bookingid": 1035
    },
    {
        "bookingid": 3144
    },
    {
        "bookingid": 757
    },
    {
        "bookingid": 4011
    },
    {
        "bookingid": 8852
    },
    {
        "bookingid": 2150
    },
    {
        "bookingid": 4260
    },
    {
        "bookingid": 643
    },
    {
        "bookingid": 3438
    },
    {
        "bookingid": 839
    },
    {
        "bookingid": 3766
    },
    {
        "bookingid": 5850
    },
    {
        "bookingid": 6823
    },
    {
        "bookingid": 6881
    },
    {
        "bookingid": 524
    },
    {
        "bookingid": 8315
    },
    {
        "bookingid": 985
    },
    {
        "bookingid": 4342
    },
    {
        "bookingid": 6102
    },
    {
        "bookingid": 805
    },
    {
        "bookingid": 6600
    },
    {
        "bookingid": 2745
    },
    {
        "bookingid": 3622
    },
    {
        "bookingid": 1382
    },
    {
        "bookingid": 3409
    },
    {
        "bookingid": 449
    },
    {
        "bookingid": 6606
    },
    {
        "bookingid": 7111
    },
    {
        "bookingid": 1598
    },
    {
        "bookingid": 5861
    },
    {
        "bookingid": 8082
    },
    {
        "bookingid": 5184
    },
    {
        "bookingid": 6168
    },
    {
        "bookingid": 1207
    },
    {
        "bookingid": 8749
    },
    {
        "bookingid": 326
    },
    {
        "bookingid": 319
    },
    {
        "bookingid": 6218
    },
    {
        "bookingid": 8366
    },
    {
        "bookingid": 8462
    },
    {
        "bookingid": 1136
    },
    {
        "bookingid": 3040
    },
    {
        "bookingid": 432
    },
    {
        "bookingid": 7439
    },
    {
        "bookingid": 4120
    },
    {
        "bookingid": 4148
    },
    {
        "bookingid": 307
    },
    {
        "bookingid": 8105
    },
    {
        "bookingid": 1151
    },
    {
        "bookingid": 684
    },
    {
        "bookingid": 4340
    },
    {
        "bookingid": 3600
    },
    {
        "bookingid": 255
    },
    {
        "bookingid": 8339
    },
    {
        "bookingid": 6707
    },
    {
        "bookingid": 2211
    },
    {
        "bookingid": 26
    },
    {
        "bookingid": 1301
    },
    {
        "bookingid": 1851
    },
    {
        "bookingid": 8436
    },
    {
        "bookingid": 1988
    },
    {
        "bookingid": 7224
    },
    {
        "bookingid": 8672
    },
    {
        "bookingid": 2871
    },
    {
        "bookingid": 129
    },
    {
        "bookingid": 6654
    },
    {
        "bookingid": 8253
    },
    {
        "bookingid": 2706
    },
    {
        "bookingid": 3220
    },
    {
        "bookingid": 2324
    },
    {
        "bookingid": 7150
    },
    {
        "bookingid": 3013
    },
    {
        "bookingid": 403
    },
    {
        "bookingid": 4869
    },
    {
        "bookingid": 5025
    },
    {
        "bookingid": 726
    },
    {
        "bookingid": 6358
    },
    {
        "bookingid": 5496
    },
    {
        "bookingid": 3990
    },
    {
        "bookingid": 6684
    },
    {
        "bookingid": 7212
    },
    {
        "bookingid": 610
    },
    {
        "bookingid": 6460
    },
    {
        "bookingid": 6031
    },
    {
        "bookingid": 2887
    },
    {
        "bookingid": 1914
    },
    {
        "bookingid": 3788
    },
    {
        "bookingid": 4252
    },
    {
        "bookingid": 8232
    },
    {
        "bookingid": 793
    },
    {
        "bookingid": 2849
    },
    {
        "bookingid": 2811
    },
    {
        "bookingid": 473
    },
    {
        "bookingid": 152
    },
    {
        "bookingid": 5128
    },
    {
        "bookingid": 5228
    },
    {
        "bookingid": 6213
    },
    {
        "bookingid": 2913
    },
    {
        "bookingid": 3582
    },
    {
        "bookingid": 5644
    },
    {
        "bookingid": 7394
    },
    {
        "bookingid": 2552
    },
    {
        "bookingid": 1211
    },
    {
        "bookingid": 8036
    },
    {
        "bookingid": 755
    },
    {
        "bookingid": 2140
    },
    {
        "bookingid": 4835
    },
    {
        "bookingid": 7309
    },
    {
        "bookingid": 2331
    },
    {
        "bookingid": 384
    },
    {
        "bookingid": 25
    },
    {
        "bookingid": 9061
    },
    {
        "bookingid": 469
    },
    {
        "bookingid": 2738
    },
    {
        "bookingid": 7425
    },
    {
        "bookingid": 8402
    },
    {
        "bookingid": 2862
    },
    {
        "bookingid": 8600
    },
    {
        "bookingid": 5124
    },
    {
        "bookingid": 8518
    },
    {
        "bookingid": 2548
    },
    {
        "bookingid": 4438
    },
    {
        "bookingid": 2582
    },
    {
        "bookingid": 1041
    },
    {
        "bookingid": 3297
    },
    {
        "bookingid": 1316
    },
    {
        "bookingid": 6984
    },
    {
        "bookingid": 4536
    },
    {
        "bookingid": 7782
    },
    {
        "bookingid": 4
    },
    {
        "bookingid": 6026
    },
    {
        "bookingid": 389
    },
    {
        "bookingid": 916
    },
    {
        "bookingid": 4145
    },
    {
        "bookingid": 7505
    },
    {
        "bookingid": 3238
    },
    {
        "bookingid": 5070
    },
    {
        "bookingid": 2252
    },
    {
        "bookingid": 1237
    },
    {
        "bookingid": 6773
    },
    {
        "bookingid": 179
    },
    {
        "bookingid": 7171
    },
    {
        "bookingid": 7279
    },
    {
        "bookingid": 7281
    },
    {
        "bookingid": 6353
    },
    {
        "bookingid": 4952
    },
    {
        "bookingid": 8180
    },
    {
        "bookingid": 6048
    },
    {
        "bookingid": 52
    },
    {
        "bookingid": 866
    },
    {
        "bookingid": 7444
    },
    {
        "bookingid": 7386
    },
    {
        "bookingid": 1644
    },
    {
        "bookingid": 7919
    },
    {
        "bookingid": 569
    },
    {
        "bookingid": 1120
    },
    {
        "bookingid": 4415
    },
    {
        "bookingid": 5699
    },
    {
        "bookingid": 2234
    },
    {
        "bookingid": 6
    },
    {
        "bookingid": 4026
    },
    {
        "bookingid": 8904
    },
    {
        "bookingid": 1478
    },
    {
        "bookingid": 7112
    },
    {
        "bookingid": 7991
    },
    {
        "bookingid": 1438
    },
    {
        "bookingid": 7731
    },
    {
        "bookingid": 3399
    },
    {
        "bookingid": 7088
    },
    {
        "bookingid": 2621
    },
    {
        "bookingid": 1548
    },
    {
        "bookingid": 8450
    },
    {
        "bookingid": 2077
    },
    {
        "bookingid": 8669
    },
    {
        "bookingid": 8703
    },
    {
        "bookingid": 5042
    },
    {
        "bookingid": 2495
    },
    {
        "bookingid": 6110
    },
    {
        "bookingid": 608
    },
    {
        "bookingid": 720
    },
    {
        "bookingid": 2521
    },
    {
        "bookingid": 1907
    },
    {
        "bookingid": 350
    },
    {
        "bookingid": 4992
    },
    {
        "bookingid": 4334
    },
    {
        "bookingid": 5516
    },
    {
        "bookingid": 3506
    },
    {
        "bookingid": 8303
    },
    {
        "bookingid": 3456
    },
    {
        "bookingid": 5917
    },
    {
        "bookingid": 6142
    },
    {
        "bookingid": 1910
    },
    {
        "bookingid": 7601
    },
    {
        "bookingid": 4338
    },
    {
        "bookingid": 5477
    },
    {
        "bookingid": 6930
    },
    {
        "bookingid": 8241
    },
    {
        "bookingid": 5015
    },
    {
        "bookingid": 6948
    },
    {
        "bookingid": 4363
    },
    {
        "bookingid": 6307
    },
    {
        "bookingid": 383
    },
    {
        "bookingid": 4467
    },
    {
        "bookingid": 8073
    },
    {
        "bookingid": 8912
    },
    {
        "bookingid": 1155
    },
    {
        "bookingid": 1396
    },
    {
        "bookingid": 1482
    },
    {
        "bookingid": 6719
    },
    {
        "bookingid": 7167
    },
    {
        "bookingid": 7468
    },
    {
        "bookingid": 6368
    },
    {
        "bookingid": 1864
    },
    {
        "bookingid": 549
    },
    {
        "bookingid": 4758
    },
    {
        "bookingid": 3336
    },
    {
        "bookingid": 3250
    },
    {
        "bookingid": 5965
    },
    {
        "bookingid": 7474
    },
    {
        "bookingid": 4184
    },
    {
        "bookingid": 3730
    },
    {
        "bookingid": 739
    },
    {
        "bookingid": 819
    },
    {
        "bookingid": 7218
    },
    {
        "bookingid": 7244
    },
    {
        "bookingid": 2628
    },
    {
        "bookingid": 5498
    },
    {
        "bookingid": 7352
    },
    {
        "bookingid": 5866
    },
    {
        "bookingid": 5512
    },
    {
        "bookingid": 878
    },
    {
        "bookingid": 5994
    },
    {
        "bookingid": 1238
    },
    {
        "bookingid": 4426
    },
    {
        "bookingid": 8993
    },
    {
        "bookingid": 5865
    },
    {
        "bookingid": 4251
    },
    {
        "bookingid": 4788
    },
    {
        "bookingid": 589
    },
    {
        "bookingid": 3796
    },
    {
        "bookingid": 698
    },
    {
        "bookingid": 8140
    },
    {
        "bookingid": 5145
    },
    {
        "bookingid": 1796
    },
    {
        "bookingid": 8734
    },
    {
        "bookingid": 2156
    },
    {
        "bookingid": 7602
    },
    {
        "bookingid": 6886
    },
    {
        "bookingid": 3824
    },
    {
        "bookingid": 2828
    },
    {
        "bookingid": 901
    },
    {
        "bookingid": 214
    },
    {
        "bookingid": 6449
    },
    {
        "bookingid": 930
    },
    {
        "bookingid": 4387
    },
    {
        "bookingid": 358
    },
    {
        "bookingid": 8387
    },
    {
        "bookingid": 4696
    },
    {
        "bookingid": 4290
    },
    {
        "bookingid": 5167
    },
    {
        "bookingid": 7204
    },
    {
        "bookingid": 3478
    },
    {
        "bookingid": 8401
    },
    {
        "bookingid": 8037
    },
    {
        "bookingid": 3097
    },
    {
        "bookingid": 763
    },
    {
        "bookingid": 2281
    },
    {
        "bookingid": 103
    },
    {
        "bookingid": 8055
    },
    {
        "bookingid": 1386
    },
    {
        "bookingid": 5990
    },
    {
        "bookingid": 4455
    },
    {
        "bookingid": 5624
    },
    {
        "bookingid": 6689
    },
    {
        "bookingid": 142
    },
    {
        "bookingid": 3733
    },
    {
        "bookingid": 3562
    },
    {
        "bookingid": 2695
    },
    {
        "bookingid": 8718
    },
    {
        "bookingid": 374
    },
    {
        "bookingid": 8146
    },
    {
        "bookingid": 3726
    },
    {
        "bookingid": 8807
    },
    {
        "bookingid": 453
    },
    {
        "bookingid": 2216
    },
    {
        "bookingid": 8728
    },
    {
        "bookingid": 6847
    },
    {
        "bookingid": 496
    },
    {
        "bookingid": 3708
    },
    {
        "bookingid": 4984
    },
    {
        "bookingid": 8680
    },
    {
        "bookingid": 4654
    },
    {
        "bookingid": 8970
    },
    {
        "bookingid": 3321
    },
    {
        "bookingid": 8991
    },
    {
        "bookingid": 270
    },
    {
        "bookingid": 5289
    },
    {
        "bookingid": 4949
    },
    {
        "bookingid": 4247
    },
    {
        "bookingid": 5425
    },
    {
        "bookingid": 9084
    },
    {
        "bookingid": 5470
    },
    {
        "bookingid": 5326
    },
    {
        "bookingid": 1182
    },
    {
        "bookingid": 7997
    },
    {
        "bookingid": 5797
    },
    {
        "bookingid": 2827
    },
    {
        "bookingid": 2531
    },
    {
        "bookingid": 6180
    },
    {
        "bookingid": 4769
    },
    {
        "bookingid": 6451
    },
    {
        "bookingid": 4267
    },
    {
        "bookingid": 4407
    },
    {
        "bookingid": 6585
    },
    {
        "bookingid": 5287
    },
    {
        "bookingid": 6981
    },
    {
        "bookingid": 6257
    },
    {
        "bookingid": 1295
    },
    {
        "bookingid": 3739
    },
    {
        "bookingid": 3261
    },
    {
        "bookingid": 8536
    },
    {
        "bookingid": 7736
    },
    {
        "bookingid": 409
    },
    {
        "bookingid": 2723
    },
    {
        "bookingid": 5923
    },
    {
        "bookingid": 6241
    },
    {
        "bookingid": 1580
    },
    {
        "bookingid": 5381
    },
    {
        "bookingid": 3929
    },
    {
        "bookingid": 566
    },
    {
        "bookingid": 3664
    },
    {
        "bookingid": 3194
    },
    {
        "bookingid": 5468
    },
    {
        "bookingid": 3017
    },
    {
        "bookingid": 3142
    },
    {
        "bookingid": 8133
    },
    {
        "bookingid": 251
    },
    {
        "bookingid": 2703
    },
    {
        "bookingid": 8973
    },
    {
        "bookingid": 287
    },
    {
        "bookingid": 8627
    },
    {
        "bookingid": 1752
    },
    {
        "bookingid": 2684
    },
    {
        "bookingid": 4874
    },
    {
        "bookingid": 1551
    },
    {
        "bookingid": 3339
    },
    {
        "bookingid": 4507
    },
    {
        "bookingid": 7868
    },
    {
        "bookingid": 3207
    },
    {
        "bookingid": 301
    },
    {
        "bookingid": 2003
    },
    {
        "bookingid": 6910
    },
    {
        "bookingid": 344
    },
    {
        "bookingid": 8935
    },
    {
        "bookingid": 3563
    },
    {
        "bookingid": 7636
    },
    {
        "bookingid": 5239
    },
    {
        "bookingid": 6038
    },
    {
        "bookingid": 3077
    },
    {
        "bookingid": 7153
    },
    {
        "bookingid": 2956
    },
    {
        "bookingid": 1153
    },
    {
        "bookingid": 5826
    },
    {
        "bookingid": 4680
    },
    {
        "bookingid": 2794
    },
    {
        "bookingid": 1167
    },
    {
        "bookingid": 677
    },
    {
        "bookingid": 3214
    },
    {
        "bookingid": 5536
    },
    {
        "bookingid": 2346
    },
    {
        "bookingid": 4851
    },
    {
        "bookingid": 3410
    },
    {
        "bookingid": 7696
    },
    {
        "bookingid": 7788
    },
    {
        "bookingid": 6294
    },
    {
        "bookingid": 2365
    },
    {
        "bookingid": 4496
    },
    {
        "bookingid": 1973
    },
    {
        "bookingid": 136
    },
    {
        "bookingid": 842
    },
    {
        "bookingid": 7300
    },
    {
        "bookingid": 2126
    },
    {
        "bookingid": 2953
    },
    {
        "bookingid": 6475
    },
    {
        "bookingid": 6558
    },
    {
        "bookingid": 275
    },
    {
        "bookingid": 4911
    },
    {
        "bookingid": 7656
    },
    {
        "bookingid": 1049
    },
    {
        "bookingid": 1960
    },
    {
        "bookingid": 7905
    },
    {
        "bookingid": 1485
    },
    {
        "bookingid": 2189
    },
    {
        "bookingid": 3069
    },
    {
        "bookingid": 6275
    },
    {
        "bookingid": 4158
    },
    {
        "bookingid": 215
    },
    {
        "bookingid": 5201
    },
    {
        "bookingid": 1011
    },
    {
        "bookingid": 9033
    },
    {
        "bookingid": 3956
    },
    {
        "bookingid": 3547
    },
    {
        "bookingid": 1750
    },
    {
        "bookingid": 153
    },
    {
        "bookingid": 3942
    },
    {
        "bookingid": 7436
    },
    {
        "bookingid": 3310
    },
    {
        "bookingid": 7887
    },
    {
        "bookingid": 4738
    },
    {
        "bookingid": 6289
    },
    {
        "bookingid": 5879
    },
    {
        "bookingid": 5055
    },
    {
        "bookingid": 2523
    },
    {
        "bookingid": 3218
    },
    {
        "bookingid": 7197
    },
    {
        "bookingid": 6477
    },
    {
        "bookingid": 5660
    },
    {
        "bookingid": 4448
    },
    {
        "bookingid": 3499
    },
    {
        "bookingid": 7888
    },
    {
        "bookingid": 5009
    },
    {
        "bookingid": 3422
    },
    {
        "bookingid": 6652
    },
    {
        "bookingid": 363
    },
    {
        "bookingid": 3718
    },
    {
        "bookingid": 45
    },
    {
        "bookingid": 4065
    },
    {
        "bookingid": 4840
    },
    {
        "bookingid": 3940
    },
    {
        "bookingid": 8947
    },
    {
        "bookingid": 7265
    },
    {
        "bookingid": 7184
    },
    {
        "bookingid": 407
    },
    {
        "bookingid": 8160
    },
    {
        "bookingid": 6501
    },
    {
        "bookingid": 4275
    },
    {
        "bookingid": 3969
    },
    {
        "bookingid": 2093
    },
    {
        "bookingid": 6479
    },
    {
        "bookingid": 2558
    },
    {
        "bookingid": 2231
    },
    {
        "bookingid": 7496
    },
    {
        "bookingid": 7649
    },
    {
        "bookingid": 7137
    },
    {
        "bookingid": 5873
    },
    {
        "bookingid": 7062
    },
    {
        "bookingid": 6946
    },
    {
        "bookingid": 4109
    },
    {
        "bookingid": 3281
    },
    {
        "bookingid": 708
    },
    {
        "bookingid": 830
    },
    {
        "bookingid": 5119
    },
    {
        "bookingid": 7975
    },
    {
        "bookingid": 6376
    },
    {
        "bookingid": 4791
    },
    {
        "bookingid": 8127
    },
    {
        "bookingid": 2511
    },
    {
        "bookingid": 6502
    },
    {
        "bookingid": 1996
    },
    {
        "bookingid": 5668
    },
    {
        "bookingid": 4170
    },
    {
        "bookingid": 6124
    },
    {
        "bookingid": 7287
    },
    {
        "bookingid": 5605
    },
    {
        "bookingid": 7562
    },
    {
        "bookingid": 258
    },
    {
        "bookingid": 4678
    },
    {
        "bookingid": 1848
    },
    {
        "bookingid": 8350
    },
    {
        "bookingid": 6778
    },
    {
        "bookingid": 4753
    },
    {
        "bookingid": 5340
    },
    {
        "bookingid": 9116
    },
    {
        "bookingid": 558
    },
    {
        "bookingid": 4423
    },
    {
        "bookingid": 4460
    },
    {
        "bookingid": 2094
    },
    {
        "bookingid": 2014
    },
    {
        "bookingid": 4693
    },
    {
        "bookingid": 62
    },
    {
        "bookingid": 3255
    },
    {
        "bookingid": 6269
    },
    {
        "bookingid": 4160
    },
    {
        "bookingid": 1096
    },
    {
        "bookingid": 3659
    },
    {
        "bookingid": 7100
    },
    {
        "bookingid": 5675
    },
    {
        "bookingid": 6242
    },
    {
        "bookingid": 7001
    },
    {
        "bookingid": 5897
    },
    {
        "bookingid": 8089
    },
    {
        "bookingid": 1875
    },
    {
        "bookingid": 1004
    },
    {
        "bookingid": 6232
    },
    {
        "bookingid": 169
    },
    {
        "bookingid": 3931
    },
    {
        "bookingid": 6513
    },
    {
        "bookingid": 7682
    },
    {
        "bookingid": 2985
    },
    {
        "bookingid": 8507
    },
    {
        "bookingid": 7299
    },
    {
        "bookingid": 4922
    },
    {
        "bookingid": 8571
    },
    {
        "bookingid": 1185
    },
    {
        "bookingid": 7381
    },
    {
        "bookingid": 1845
    },
    {
        "bookingid": 4372
    },
    {
        "bookingid": 3583
    },
    {
        "bookingid": 5817
    },
    {
        "bookingid": 1862
    },
    {
        "bookingid": 6556
    },
    {
        "bookingid": 6396
    },
    {
        "bookingid": 6737
    },
    {
        "bookingid": 6356
    },
    {
        "bookingid": 1198
    },
    {
        "bookingid": 5410
    },
    {
        "bookingid": 5991
    },
    {
        "bookingid": 4824
    },
    {
        "bookingid": 5123
    },
    {
        "bookingid": 368
    },
    {
        "bookingid": 101
    },
    {
        "bookingid": 8002
    },
    {
        "bookingid": 5649
    },
    {
        "bookingid": 8628
    },
    {
        "bookingid": 3778
    },
    {
        "bookingid": 4955
    },
    {
        "bookingid": 8857
    },
    {
        "bookingid": 3382
    },
    {
        "bookingid": 6220
    },
    {
        "bookingid": 766
    },
    {
        "bookingid": 2483
    },
    {
        "bookingid": 2390
    },
    {
        "bookingid": 27
    },
    {
        "bookingid": 5690
    },
    {
        "bookingid": 4807
    },
    {
        "bookingid": 8189
    },
    {
        "bookingid": 6822
    },
    {
        "bookingid": 4040
    },
    {
        "bookingid": 3325
    },
    {
        "bookingid": 8948
    },
    {
        "bookingid": 8459
    },
    {
        "bookingid": 7221
    },
    {
        "bookingid": 5139
    },
    {
        "bookingid": 7491
    },
    {
        "bookingid": 94
    },
    {
        "bookingid": 4502
    },
    {
        "bookingid": 1490
    },
    {
        "bookingid": 8272
    },
    {
        "bookingid": 632
    },
    {
        "bookingid": 6130
    },
    {
        "bookingid": 5069
    },
    {
        "bookingid": 6999
    },
    {
        "bookingid": 3098
    },
    {
        "bookingid": 320
    },
    {
        "bookingid": 4378
    },
    {
        "bookingid": 1432
    },
    {
        "bookingid": 4161
    },
    {
        "bookingid": 5299
    },
    {
        "bookingid": 5141
    },
    {
        "bookingid": 8397
    },
    {
        "bookingid": 8629
    },
    {
        "bookingid": 4729
    },
    {
        "bookingid": 5304
    },
    {
        "bookingid": 8032
    },
    {
        "bookingid": 3260
    },
    {
        "bookingid": 5563
    },
    {
        "bookingid": 4666
    },
    {
        "bookingid": 7401
    },
    {
        "bookingid": 87
    },
    {
        "bookingid": 47
    },
    {
        "bookingid": 2202
    },
    {
        "bookingid": 5439
    },
    {
        "bookingid": 3938
    },
    {
        "bookingid": 6970
    },
    {
        "bookingid": 2378
    },
    {
        "bookingid": 1109
    },
    {
        "bookingid": 6248
    },
    {
        "bookingid": 2141
    },
    {
        "bookingid": 1315
    },
    {
        "bookingid": 3996
    },
    {
        "bookingid": 1322
    },
    {
        "bookingid": 1042
    },
    {
        "bookingid": 7911
    },
    {
        "bookingid": 140
    },
    {
        "bookingid": 240
    },
    {
        "bookingid": 7807
    },
    {
        "bookingid": 5112
    },
    {
        "bookingid": 5461
    },
    {
        "bookingid": 7239
    },
    {
        "bookingid": 3988
    },
    {
        "bookingid": 4859
    },
    {
        "bookingid": 8085
    },
    {
        "bookingid": 5207
    },
    {
        "bookingid": 4962
    },
    {
        "bookingid": 2747
    },
    {
        "bookingid": 3133
    },
    {
        "bookingid": 4616
    },
    {
        "bookingid": 4540
    },
    {
        "bookingid": 2876
    },
    {
        "bookingid": 5003
    },
    {
        "bookingid": 7027
    },
    {
        "bookingid": 1232
    },
    {
        "bookingid": 8087
    },
    {
        "bookingid": 5493
    },
    {
        "bookingid": 6639
    },
    {
        "bookingid": 6836
    },
    {
        "bookingid": 4354
    },
    {
        "bookingid": 3693
    },
    {
        "bookingid": 6890
    },
    {
        "bookingid": 1721
    },
    {
        "bookingid": 6629
    },
    {
        "bookingid": 7930
    },
    {
        "bookingid": 8094
    },
    {
        "bookingid": 312
    },
    {
        "bookingid": 2224
    },
    {
        "bookingid": 4899
    },
    {
        "bookingid": 6641
    },
    {
        "bookingid": 8430
    },
    {
        "bookingid": 4458
    },
    {
        "bookingid": 1667
    },
    {
        "bookingid": 5454
    },
    {
        "bookingid": 1388
    },
    {
        "bookingid": 6595
    },
    {
        "bookingid": 3525
    },
    {
        "bookingid": 155
    },
    {
        "bookingid": 5561
    },
    {
        "bookingid": 2350
    },
    {
        "bookingid": 9030
    },
    {
        "bookingid": 8584
    },
    {
        "bookingid": 3271
    },
    {
        "bookingid": 6374
    },
    {
        "bookingid": 2329
    },
    {
        "bookingid": 2303
    },
    {
        "bookingid": 2394
    },
    {
        "bookingid": 6874
    },
    {
        "bookingid": 2574
    },
    {
        "bookingid": 8580
    },
    {
        "bookingid": 60
    },
    {
        "bookingid": 6627
    },
    {
        "bookingid": 4790
    },
    {
        "bookingid": 5214
    },
    {
        "bookingid": 391
    },
    {
        "bookingid": 2205
    },
    {
        "bookingid": 553
    },
    {
        "bookingid": 2679
    },
    {
        "bookingid": 6434
    },
    {
        "bookingid": 1143
    },
    {
        "bookingid": 7743
    },
    {
        "bookingid": 1674
    },
    {
        "bookingid": 4890
    },
    {
        "bookingid": 8250
    },
    {
        "bookingid": 770
    },
    {
        "bookingid": 2997
    },
    {
        "bookingid": 3145
    },
    {
        "bookingid": 1508
    },
    {
        "bookingid": 6713
    },
    {
        "bookingid": 5273
    },
    {
        "bookingid": 6807
    },
    {
        "bookingid": 332
    },
    {
        "bookingid": 1604
    },
    {
        "bookingid": 4554
    },
    {
        "bookingid": 1093
    },
    {
        "bookingid": 557
    },
    {
        "bookingid": 7623
    },
    {
        "bookingid": 3984
    },
    {
        "bookingid": 3476
    },
    {
        "bookingid": 2595
    },
    {
        "bookingid": 8262
    },
    {
        "bookingid": 8229
    },
    {
        "bookingid": 4052
    },
    {
        "bookingid": 2855
    },
    {
        "bookingid": 7338
    },
    {
        "bookingid": 4933
    },
    {
        "bookingid": 2772
    },
    {
        "bookingid": 1260
    },
    {
        "bookingid": 4568
    },
    {
        "bookingid": 8152
    },
    {
        "bookingid": 3427
    },
    {
        "bookingid": 2212
    },
    {
        "bookingid": 5914
    },
    {
        "bookingid": 3877
    },
    {
        "bookingid": 1665
    },
    {
        "bookingid": 626
    },
    {
        "bookingid": 4029
    },
    {
        "bookingid": 4008
    },
    {
        "bookingid": 4447
    },
    {
        "bookingid": 286
    },
    {
        "bookingid": 2758
    },
    {
        "bookingid": 81
    },
    {
        "bookingid": 3266
    },
    {
        "bookingid": 4879
    },
    {
        "bookingid": 8295
    },
    {
        "bookingid": 1347
    },
    {
        "bookingid": 1579
    },
    {
        "bookingid": 2688
    },
    {
        "bookingid": 59
    },
    {
        "bookingid": 8371
    },
    {
        "bookingid": 1440
    },
    {
        "bookingid": 3508
    },
    {
        "bookingid": 1732
    },
    {
        "bookingid": 6974
    },
    {
        "bookingid": 293
    },
    {
        "bookingid": 5474
    },
    {
        "bookingid": 7026
    },
    {
        "bookingid": 3259
    },
    {
        "bookingid": 427
    },
    {
        "bookingid": 5272
    },
    {
        "bookingid": 3234
    },
    {
        "bookingid": 1780
    },
    {
        "bookingid": 6351
    },
    {
        "bookingid": 4233
    },
    {
        "bookingid": 2950
    },
    {
        "bookingid": 24
    },
    {
        "bookingid": 8243
    },
    {
        "bookingid": 5548
    },
    {
        "bookingid": 4759
    },
    {
        "bookingid": 2831
    },
    {
        "bookingid": 7083
    },
    {
        "bookingid": 5435
    },
    {
        "bookingid": 2498
    },
    {
        "bookingid": 1980
    },
    {
        "bookingid": 6114
    },
    {
        "bookingid": 5780
    },
    {
        "bookingid": 3292
    },
    {
        "bookingid": 4887
    },
    {
        "bookingid": 2641
    },
    {
        "bookingid": 7929
    },
    {
        "bookingid": 2534
    },
    {
        "bookingid": 5597
    },
    {
        "bookingid": 6050
    },
    {
        "bookingid": 6855
    },
    {
        "bookingid": 3776
    },
    {
        "bookingid": 6313
    },
    {
        "bookingid": 8144
    },
    {
        "bookingid": 730
    },
    {
        "bookingid": 2074
    },
    {
        "bookingid": 8891
    },
    {
        "bookingid": 860
    },
    {
        "bookingid": 6643
    },
    {
        "bookingid": 633
    },
    {
        "bookingid": 712
    },
    {
        "bookingid": 1034
    },
    {
        "bookingid": 5912
    },
    {
        "bookingid": 3244
    },
    {
        "bookingid": 346
    },
    {
        "bookingid": 999
    },
    {
        "bookingid": 4291
    },
    {
        "bookingid": 162
    },
    {
        "bookingid": 2434
    },
    {
        "bookingid": 6364
    },
    {
        "bookingid": 2860
    },
    {
        "bookingid": 1522
    },
    {
        "bookingid": 98
    },
    {
        "bookingid": 4804
    },
    {
        "bookingid": 7615
    },
    {
        "bookingid": 1706
    },
    {
        "bookingid": 2180
    },
    {
        "bookingid": 3802
    },
    {
        "bookingid": 2866
    },
    {
        "bookingid": 1374
    },
    {
        "bookingid": 243
    },
    {
        "bookingid": 4850
    },
    {
        "bookingid": 2203
    },
    {
        "bookingid": 5913
    },
    {
        "bookingid": 5796
    },
    {
        "bookingid": 5460
    },
    {
        "bookingid": 7765
    },
    {
        "bookingid": 7070
    },
    {
        "bookingid": 926
    },
    {
        "bookingid": 6072
    },
    {
        "bookingid": 5647
    },
    {
        "bookingid": 4728
    },
    {
        "bookingid": 5345
    },
    {
        "bookingid": 4799
    },
    {
        "bookingid": 3240
    },
    {
        "bookingid": 1975
    },
    {
        "bookingid": 5541
    },
    {
        "bookingid": 2897
    },
    {
        "bookingid": 4163
    },
    {
        "bookingid": 8826
    },
    {
        "bookingid": 1344
    },
    {
        "bookingid": 5117
    },
    {
        "bookingid": 3814
    },
    {
        "bookingid": 2755
    },
    {
        "bookingid": 3655
    },
    {
        "bookingid": 7105
    },
    {
        "bookingid": 8664
    },
    {
        "bookingid": 4102
    },
    {
        "bookingid": 3448
    },
    {
        "bookingid": 2117
    },
    {
        "bookingid": 2137
    },
    {
        "bookingid": 5328
    },
    {
        "bookingid": 1356
    },
    {
        "bookingid": 413
    },
    {
        "bookingid": 2129
    },
    {
        "bookingid": 2004
    },
    {
        "bookingid": 5449
    },
    {
        "bookingid": 4401
    },
    {
        "bookingid": 48
    },
    {
        "bookingid": 365
    },
    {
        "bookingid": 2916
    },
    {
        "bookingid": 4629
    },
    {
        "bookingid": 7266
    },
    {
        "bookingid": 3333
    },
    {
        "bookingid": 4210
    },
    {
        "bookingid": 1846
    },
    {
        "bookingid": 8831
    },
    {
        "bookingid": 4957
    },
    {
        "bookingid": 7733
    },
    {
        "bookingid": 5607
    },
    {
        "bookingid": 4973
    },
    {
        "bookingid": 8498
    },
    {
        "bookingid": 6739
    },
    {
        "bookingid": 6839
    },
    {
        "bookingid": 2844
    },
    {
        "bookingid": 7826
    },
    {
        "bookingid": 4389
    },
    {
        "bookingid": 8977
    },
    {
        "bookingid": 743
    },
    {
        "bookingid": 1811
    },
    {
        "bookingid": 8132
    },
    {
        "bookingid": 493
    },
    {
        "bookingid": 5601
    },
    {
        "bookingid": 3450
    },
    {
        "bookingid": 2742
    },
    {
        "bookingid": 1266
    },
    {
        "bookingid": 261
    },
    {
        "bookingid": 794
    },
    {
        "bookingid": 6443
    },
    {
        "bookingid": 2711
    },
    {
        "bookingid": 4711
    },
    {
        "bookingid": 6675
    },
    {
        "bookingid": 2031
    },
    {
        "bookingid": 6418
    },
    {
        "bookingid": 6398
    },
    {
        "bookingid": 8561
    },
    {
        "bookingid": 55
    },
    {
        "bookingid": 4951
    },
    {
        "bookingid": 3886
    },
    {
        "bookingid": 6138
    },
    {
        "bookingid": 1291
    },
    {
        "bookingid": 6951
    },
    {
        "bookingid": 2080
    },
    {
        "bookingid": 2288
    },
    {
        "bookingid": 7631
    },
    {
        "bookingid": 4079
    },
    {
        "bookingid": 2134
    },
    {
        "bookingid": 4963
    },
    {
        "bookingid": 5339
    },
    {
        "bookingid": 7969
    },
    {
        "bookingid": 5553
    },
    {
        "bookingid": 3575
    },
    {
        "bookingid": 8641
    },
    {
        "bookingid": 927
    },
    {
        "bookingid": 7747
    },
    {
        "bookingid": 1521
    },
    {
        "bookingid": 3322
    },
    {
        "bookingid": 1219
    },
    {
        "bookingid": 7699
    },
    {
        "bookingid": 7873
    },
    {
        "bookingid": 3059
    },
    {
        "bookingid": 6205
    },
    {
        "bookingid": 5727
    },
    {
        "bookingid": 2739
    },
    {
        "bookingid": 7914
    },
    {
        "bookingid": 641
    },
    {
        "bookingid": 2213
    },
    {
        "bookingid": 2508
    },
    {
        "bookingid": 474
    },
    {
        "bookingid": 147
    },
    {
        "bookingid": 6940
    },
    {
        "bookingid": 5666
    },
    {
        "bookingid": 6284
    },
    {
        "bookingid": 7949
    },
    {
        "bookingid": 7107
    },
    {
        "bookingid": 7979
    },
    {
        "bookingid": 6954
    },
    {
        "bookingid": 9112
    },
    {
        "bookingid": 880
    },
    {
        "bookingid": 4180
    },
    {
        "bookingid": 5554
    },
    {
        "bookingid": 6582
    },
    {
        "bookingid": 6819
    },
    {
        "bookingid": 6498
    },
    {
        "bookingid": 501
    },
    {
        "bookingid": 3088
    }
]
]]></system-out>
  </testcase>
  <testcase name="runScenario[&quot;This is to test get booking by id request in restful-booker&quot;, &quot;API documentation for restful-booker&quot;](3)" classname="com.test.runner.TestRunner" time="4.743">
    <system-out><![CDATA[Created
[
    {
        "bookingid": 4613
    },
    {
        "bookingid": 561
    },
    {
        "bookingid": 4843
    },
    {
        "bookingid": 4406
    },
    {
        "bookingid": 654
    },
    {
        "bookingid": 5363
    },
    {
        "bookingid": 1873
    },
    {
        "bookingid": 3182
    },
    {
        "bookingid": 2766
    },
    {
        "bookingid": 2027
    },
    {
        "bookingid": 8384
    },
    {
        "bookingid": 6820
    },
    {
        "bookingid": 122
    },
    {
        "bookingid": 1433
    },
    {
        "bookingid": 5808
    },
    {
        "bookingid": 6494
    },
    {
        "bookingid": 6008
    },
    {
        "bookingid": 8322
    },
    {
        "bookingid": 7135
    },
    {
        "bookingid": 4229
    },
    {
        "bookingid": 4352
    },
    {
        "bookingid": 1645
    },
    {
        "bookingid": 1487
    },
    {
        "bookingid": 3518
    },
    {
        "bookingid": 1995
    },
    {
        "bookingid": 3379
    },
    {
        "bookingid": 1318
    },
    {
        "bookingid": 4440
    },
    {
        "bookingid": 515
    },
    {
        "bookingid": 6967
    },
    {
        "bookingid": 3674
    },
    {
        "bookingid": 9025
    },
    {
        "bookingid": 1659
    },
    {
        "bookingid": 3437
    },
    {
        "bookingid": 6240
    },
    {
        "bookingid": 9185
    },
    {
        "bookingid": 6749
    },
    {
        "bookingid": 8939
    },
    {
        "bookingid": 977
    },
    {
        "bookingid": 2903
    },
    {
        "bookingid": 8490
    },
    {
        "bookingid": 2006
    },
    {
        "bookingid": 7058
    },
    {
        "bookingid": 7443
    },
    {
        "bookingid": 6435
    },
    {
        "bookingid": 1545
    },
    {
        "bookingid": 2287
    },
    {
        "bookingid": 7232
    },
    {
        "bookingid": 4704
    },
    {
        "bookingid": 729
    },
    {
        "bookingid": 7195
    },
    {
        "bookingid": 9016
    },
    {
        "bookingid": 492
    },
    {
        "bookingid": 8425
    },
    {
        "bookingid": 5407
    },
    {
        "bookingid": 8447
    },
    {
        "bookingid": 207
    },
    {
        "bookingid": 3627
    },
    {
        "bookingid": 3301
    },
    {
        "bookingid": 7688
    },
    {
        "bookingid": 8483
    },
    {
        "bookingid": 8110
    },
    {
        "bookingid": 4424
    },
    {
        "bookingid": 6035
    },
    {
        "bookingid": 6587
    },
    {
        "bookingid": 8700
    },
    {
        "bookingid": 7728
    },
    {
        "bookingid": 1954
    },
    {
        "bookingid": 6898
    },
    {
        "bookingid": 4427
    },
    {
        "bookingid": 3921
    },
    {
        "bookingid": 8699
    },
    {
        "bookingid": 4131
    },
    {
        "bookingid": 396
    },
    {
        "bookingid": 6821
    },
    {
        "bookingid": 3581
    },
    {
        "bookingid": 748
    },
    {
        "bookingid": 679
    },
    {
        "bookingid": 3593
    },
    {
        "bookingid": 2514
    },
    {
        "bookingid": 7122
    },
    {
        "bookingid": 6520
    },
    {
        "bookingid": 7206
    },
    {
        "bookingid": 3985
    },
    {
        "bookingid": 1554
    },
    {
        "bookingid": 5630
    },
    {
        "bookingid": 6875
    },
    {
        "bookingid": 8908
    },
    {
        "bookingid": 8602
    },
    {
        "bookingid": 8922
    },
    {
        "bookingid": 3991
    },
    {
        "bookingid": 4672
    },
    {
        "bookingid": 4881
    },
    {
        "bookingid": 54
    },
    {
        "bookingid": 7240
    },
    {
        "bookingid": 2345
    },
    {
        "bookingid": 3102
    },
    {
        "bookingid": 3663
    },
    {
        "bookingid": 3174
    },
    {
        "bookingid": 7666
    },
    {
        "bookingid": 4814
    },
    {
        "bookingid": 7958
    },
    {
        "bookingid": 5807
    },
    {
        "bookingid": 2753
    },
    {
        "bookingid": 4553
    },
    {
        "bookingid": 9086
    },
    {
        "bookingid": 8997
    },
    {
        "bookingid": 7797
    },
    {
        "bookingid": 2353
    },
    {
        "bookingid": 455
    },
    {
        "bookingid": 6698
    },
    {
        "bookingid": 296
    },
    {
        "bookingid": 2019
    },
    {
        "bookingid": 9095
    },
    {
        "bookingid": 5165
    },
    {
        "bookingid": 8072
    },
    {
        "bookingid": 5334
    },
    {
        "bookingid": 8544
    },
    {
        "bookingid": 6953
    },
    {
        "bookingid": 1679
    },
    {
        "bookingid": 1141
    },
    {
        "bookingid": 6013
    },
    {
        "bookingid": 7280
    },
    {
        "bookingid": 450
    },
    {
        "bookingid": 6197
    },
    {
        "bookingid": 5143
    },
    {
        "bookingid": 3395
    },
    {
        "bookingid": 6095
    },
    {
        "bookingid": 6488
    },
    {
        "bookingid": 1581
    },
    {
        "bookingid": 3946
    },
    {
        "bookingid": 5105
    },
    {
        "bookingid": 905
    },
    {
        "bookingid": 1363
    },
    {
        "bookingid": 8059
    },
    {
        "bookingid": 1967
    },
    {
        "bookingid": 2149
    },
    {
        "bookingid": 1040
    },
    {
        "bookingid": 3928
    },
    {
        "bookingid": 6317
    },
    {
        "bookingid": 3294
    },
    {
        "bookingid": 8379
    },
    {
        "bookingid": 5809
    },
    {
        "bookingid": 2108
    },
    {
        "bookingid": 2433
    },
    {
        "bookingid": 6912
    },
    {
        "bookingid": 7589
    },
    {
        "bookingid": 994
    },
    {
        "bookingid": 2460
    },
    {
        "bookingid": 102
    },
    {
        "bookingid": 4461
    },
    {
        "bookingid": 425
    },
    {
        "bookingid": 6037
    },
    {
        "bookingid": 7350
    },
    {
        "bookingid": 4124
    },
    {
        "bookingid": 7459
    },
    {
        "bookingid": 9155
    },
    {
        "bookingid": 1883
    },
    {
        "bookingid": 2607
    },
    {
        "bookingid": 7764
    },
    {
        "bookingid": 6673
    },
    {
        "bookingid": 714
    },
    {
        "bookingid": 3498
    },
    {
        "bookingid": 7307
    },
    {
        "bookingid": 1272
    },
    {
        "bookingid": 5370
    },
    {
        "bookingid": 267
    },
    {
        "bookingid": 8534
    },
    {
        "bookingid": 3880
    },
    {
        "bookingid": 8836
    },
    {
        "bookingid": 2952
    },
    {
        "bookingid": 6131
    },
    {
        "bookingid": 4110
    },
    {
        "bookingid": 5309
    },
    {
        "bookingid": 241
    },
    {
        "bookingid": 598
    },
    {
        "bookingid": 7513
    },
    {
        "bookingid": 1362
    },
    {
        "bookingid": 4300
    },
    {
        "bookingid": 7045
    },
    {
        "bookingid": 5171
    },
    {
        "bookingid": 4531
    },
    {
        "bookingid": 1085
    },
    {
        "bookingid": 4775
    },
    {
        "bookingid": 3740
    },
    {
        "bookingid": 5068
    },
    {
        "bookingid": 507
    },
    {
        "bookingid": 3966
    },
    {
        "bookingid": 4703
    },
    {
        "bookingid": 5219
    },
    {
        "bookingid": 2440
    },
    {
        "bookingid": 886
    },
    {
        "bookingid": 6806
    },
    {
        "bookingid": 3783
    },
    {
        "bookingid": 7923
    },
    {
        "bookingid": 6576
    },
    {
        "bookingid": 8965
    },
    {
        "bookingid": 20
    },
    {
        "bookingid": 3031
    },
    {
        "bookingid": 4721
    },
    {
        "bookingid": 4870
    },
    {
        "bookingid": 1801
    },
    {
        "bookingid": 2186
    },
    {
        "bookingid": 1361
    },
    {
        "bookingid": 6752
    },
    {
        "bookingid": 6354
    },
    {
        "bookingid": 4446
    },
    {
        "bookingid": 1657
    },
    {
        "bookingid": 188
    },
    {
        "bookingid": 728
    },
    {
        "bookingid": 8271
    },
    {
        "bookingid": 3483
    },
    {
        "bookingid": 5876
    },
    {
        "bookingid": 8431
    },
    {
        "bookingid": 528
    },
    {
        "bookingid": 5875
    },
    {
        "bookingid": 6176
    },
    {
        "bookingid": 2166
    },
    {
        "bookingid": 832
    },
    {
        "bookingid": 1917
    },
    {
        "bookingid": 2185
    },
    {
        "bookingid": 4191
    },
    {
        "bookingid": 2873
    },
    {
        "bookingid": 942
    },
    {
        "bookingid": 1165
    },
    {
        "bookingid": 3862
    },
    {
        "bookingid": 3919
    },
    {
        "bookingid": 5906
    },
    {
        "bookingid": 687
    },
    {
        "bookingid": 2135
    },
    {
        "bookingid": 1681
    },
    {
        "bookingid": 1446
    },
    {
        "bookingid": 6039
    },
    {
        "bookingid": 160
    },
    {
        "bookingid": 1000
    },
    {
        "bookingid": 9131
    },
    {
        "bookingid": 8566
    },
    {
        "bookingid": 3303
    },
    {
        "bookingid": 6824
    },
    {
        "bookingid": 1916
    },
    {
        "bookingid": 8056
    },
    {
        "bookingid": 3150
    },
    {
        "bookingid": 5743
    },
    {
        "bookingid": 8889
    },
    {
        "bookingid": 2229
    },
    {
        "bookingid": 8198
    },
    {
        "bookingid": 703
    },
    {
        "bookingid": 1160
    },
    {
        "bookingid": 7354
    },
    {
        "bookingid": 8625
    },
    {
        "bookingid": 5571
    },
    {
        "bookingid": 9011
    },
    {
        "bookingid": 5213
    },
    {
        "bookingid": 3999
    },
    {
        "bookingid": 3532
    },
    {
        "bookingid": 43
    },
    {
        "bookingid": 627
    },
    {
        "bookingid": 1015
    },
    {
        "bookingid": 1288
    },
    {
        "bookingid": 3313
    },
    {
        "bookingid": 7952
    },
    {
        "bookingid": 1605
    },
    {
        "bookingid": 2533
    },
    {
        "bookingid": 6021
    },
    {
        "bookingid": 8227
    },
    {
        "bookingid": 2315
    },
    {
        "bookingid": 7033
    },
    {
        "bookingid": 7323
    },
    {
        "bookingid": 1713
    },
    {
        "bookingid": 8778
    },
    {
        "bookingid": 7689
    },
    {
        "bookingid": 112
    },
    {
        "bookingid": 6774
    },
    {
        "bookingid": 2069
    },
    {
        "bookingid": 2816
    },
    {
        "bookingid": 2414
    },
    {
        "bookingid": 2805
    },
    {
        "bookingid": 892
    },
    {
        "bookingid": 1912
    },
    {
        "bookingid": 429
    },
    {
        "bookingid": 6697
    },
    {
        "bookingid": 4953
    },
    {
        "bookingid": 7628
    },
    {
        "bookingid": 8031
    },
    {
        "bookingid": 8878
    },
    {
        "bookingid": 75
    },
    {
        "bookingid": 705
    },
    {
        "bookingid": 4095
    },
    {
        "bookingid": 4626
    },
    {
        "bookingid": 5223
    },
    {
        "bookingid": 1999
    },
    {
        "bookingid": 2097
    },
    {
        "bookingid": 8805
    },
    {
        "bookingid": 8357
    },
    {
        "bookingid": 3162
    },
    {
        "bookingid": 100
    },
    {
        "bookingid": 195
    },
    {
        "bookingid": 7325
    },
    {
        "bookingid": 9099
    },
    {
        "bookingid": 1442
    },
    {
        "bookingid": 2519
    },
    {
        "bookingid": 7526
    },
    {
        "bookingid": 3881
    },
    {
        "bookingid": 3350
    },
    {
        "bookingid": 850
    },
    {
        "bookingid": 4307
    },
    {
        "bookingid": 464
    },
    {
        "bookingid": 21
    },
    {
        "bookingid": 2902
    },
    {
        "bookingid": 266
    },
    {
        "bookingid": 257
    },
    {
        "bookingid": 5760
    },
    {
        "bookingid": 5142
    },
    {
        "bookingid": 6532
    },
    {
        "bookingid": 5570
    },
    {
        "bookingid": 6793
    },
    {
        "bookingid": 6766
    },
    {
        "bookingid": 8796
    },
    {
        "bookingid": 6465
    },
    {
        "bookingid": 1488
    },
    {
        "bookingid": 7362
    },
    {
        "bookingid": 537
    },
    {
        "bookingid": 4740
    },
    {
        "bookingid": 5447
    },
    {
        "bookingid": 6319
    },
    {
        "bookingid": 2220
    },
    {
        "bookingid": 6066
    },
    {
        "bookingid": 5023
    },
    {
        "bookingid": 9001
    },
    {
        "bookingid": 7987
    },
    {
        "bookingid": 8990
    },
    {
        "bookingid": 701
    },
    {
        "bookingid": 8153
    },
    {
        "bookingid": 1426
    },
    {
        "bookingid": 900
    },
    {
        "bookingid": 1771
    },
    {
        "bookingid": 2865
    },
    {
        "bookingid": 3773
    },
    {
        "bookingid": 3801
    },
    {
        "bookingid": 3487
    },
    {
        "bookingid": 2507
    },
    {
        "bookingid": 3391
    },
    {
        "bookingid": 6361
    },
    {
        "bookingid": 5594
    },
    {
        "bookingid": 5510
    },
    {
        "bookingid": 1262
    },
    {
        "bookingid": 8502
    },
    {
        "bookingid": 5190
    },
    {
        "bookingid": 1204
    },
    {
        "bookingid": 7936
    },
    {
        "bookingid": 7971
    },
    {
        "bookingid": 6179
    },
    {
        "bookingid": 8074
    },
    {
        "bookingid": 90
    },
    {
        "bookingid": 4083
    },
    {
        "bookingid": 2506
    },
    {
        "bookingid": 7658
    },
    {
        "bookingid": 3137
    },
    {
        "bookingid": 1751
    },
    {
        "bookingid": 5354
    },
    {
        "bookingid": 7891
    },
    {
        "bookingid": 3695
    },
    {
        "bookingid": 8256
    },
    {
        "bookingid": 7075
    },
    {
        "bookingid": 3004
    },
    {
        "bookingid": 5432
    },
    {
        "bookingid": 1593
    },
    {
        "bookingid": 8207
    },
    {
        "bookingid": 5662
    },
    {
        "bookingid": 2795
    },
    {
        "bookingid": 6848
    },
    {
        "bookingid": 7893
    },
    {
        "bookingid": 8204
    },
    {
        "bookingid": 6099
    },
    {
        "bookingid": 7632
    },
    {
        "bookingid": 7635
    },
    {
        "bookingid": 4742
    },
    {
        "bookingid": 2349
    },
    {
        "bookingid": 8312
    },
    {
        "bookingid": 8456
    },
    {
        "bookingid": 716
    },
    {
        "bookingid": 4717
    },
    {
        "bookingid": 5625
    },
    {
        "bookingid": 2103
    },
    {
        "bookingid": 4620
    },
    {
        "bookingid": 85
    },
    {
        "bookingid": 4243
    },
    {
        "bookingid": 6798
    },
    {
        "bookingid": 8364
    },
    {
        "bookingid": 3884
    },
    {
        "bookingid": 7627
    },
    {
        "bookingid": 7465
    },
    {
        "bookingid": 6810
    },
    {
        "bookingid": 1339
    },
    {
        "bookingid": 3882
    },
    {
        "bookingid": 5781
    },
    {
        "bookingid": 6350
    },
    {
        "bookingid": 341
    },
    {
        "bookingid": 2704
    },
    {
        "bookingid": 9156
    },
    {
        "bookingid": 695
    },
    {
        "bookingid": 6462
    },
    {
        "bookingid": 2236
    },
    {
        "bookingid": 5359
    },
    {
        "bookingid": 5426
    },
    {
        "bookingid": 1950
    },
    {
        "bookingid": 7951
    },
    {
        "bookingid": 1425
    },
    {
        "bookingid": 8930
    },
    {
        "bookingid": 219
    },
    {
        "bookingid": 1368
    },
    {
        "bookingid": 366
    },
    {
        "bookingid": 205
    },
    {
        "bookingid": 9103
    },
    {
        "bookingid": 2845
    },
    {
        "bookingid": 2256
    },
    {
        "bookingid": 4966
    },
    {
        "bookingid": 3873
    },
    {
        "bookingid": 1946
    },
    {
        "bookingid": 4796
    },
    {
        "bookingid": 5794
    },
    {
        "bookingid": 7814
    },
    {
        "bookingid": 8000
    },
    {
        "bookingid": 4733
    },
    {
        "bookingid": 7768
    },
    {
        "bookingid": 1816
    },
    {
        "bookingid": 7792
    },
    {
        "bookingid": 7665
    },
    {
        "bookingid": 7305
    },
    {
        "bookingid": 5600
    },
    {
        "bookingid": 3870
    },
    {
        "bookingid": 6725
    },
    {
        "bookingid": 3904
    },
    {
        "bookingid": 1330
    },
    {
        "bookingid": 2462
    },
    {
        "bookingid": 3866
    },
    {
        "bookingid": 3073
    },
    {
        "bookingid": 5672
    },
    {
        "bookingid": 6123
    },
    {
        "bookingid": 304
    },
    {
        "bookingid": 4140
    },
    {
        "bookingid": 7899
    },
    {
        "bookingid": 5182
    },
    {
        "bookingid": 2609
    },
    {
        "bookingid": 2208
    },
    {
        "bookingid": 782
    },
    {
        "bookingid": 2464
    },
    {
        "bookingid": 4125
    },
    {
        "bookingid": 7277
    },
    {
        "bookingid": 8976
    },
    {
        "bookingid": 5104
    },
    {
        "bookingid": 7040
    },
    {
        "bookingid": 4937
    },
    {
        "bookingid": 8719
    },
    {
        "bookingid": 7405
    },
    {
        "bookingid": 6108
    },
    {
        "bookingid": 6777
    },
    {
        "bookingid": 3050
    },
    {
        "bookingid": 2043
    },
    {
        "bookingid": 5880
    },
    {
        "bookingid": 8868
    },
    {
        "bookingid": 5080
    },
    {
        "bookingid": 7056
    },
    {
        "bookingid": 7709
    },
    {
        "bookingid": 3468
    },
    {
        "bookingid": 3706
    },
    {
        "bookingid": 7687
    },
    {
        "bookingid": 2170
    },
    {
        "bookingid": 2803
    },
    {
        "bookingid": 6290
    },
    {
        "bookingid": 3797
    },
    {
        "bookingid": 6007
    },
    {
        "bookingid": 5311
    },
    {
        "bookingid": 66
    },
    {
        "bookingid": 3601
    },
    {
        "bookingid": 7993
    },
    {
        "bookingid": 3183
    },
    {
        "bookingid": 8745
    },
    {
        "bookingid": 856
    },
    {
        "bookingid": 4494
    },
    {
        "bookingid": 1070
    },
    {
        "bookingid": 2021
    },
    {
        "bookingid": 6704
    },
    {
        "bookingid": 139
    },
    {
        "bookingid": 4465
    },
    {
        "bookingid": 1506
    },
    {
        "bookingid": 3347
    },
    {
        "bookingid": 4583
    },
    {
        "bookingid": 3000
    },
    {
        "bookingid": 2687
    },
    {
        "bookingid": 1603
    },
    {
        "bookingid": 922
    },
    {
        "bookingid": 362
    },
    {
        "bookingid": 5186
    },
    {
        "bookingid": 397
    },
    {
        "bookingid": 5705
    },
    {
        "bookingid": 8257
    },
    {
        "bookingid": 306
    },
    {
        "bookingid": 4628
    },
    {
        "bookingid": 8246
    },
    {
        "bookingid": 4392
    },
    {
        "bookingid": 8845
    },
    {
        "bookingid": 6326
    },
    {
        "bookingid": 3697
    },
    {
        "bookingid": 6339
    },
    {
        "bookingid": 7136
    },
    {
        "bookingid": 613
    },
    {
        "bookingid": 8725
    },
    {
        "bookingid": 7691
    },
    {
        "bookingid": 3757
    },
    {
        "bookingid": 72
    },
    {
        "bookingid": 3539
    },
    {
        "bookingid": 8071
    },
    {
        "bookingid": 2132
    },
    {
        "bookingid": 8121
    },
    {
        "bookingid": 259
    },
    {
        "bookingid": 8215
    },
    {
        "bookingid": 3710
    },
    {
        "bookingid": 7876
    },
    {
        "bookingid": 5098
    },
    {
        "bookingid": 3780
    },
    {
        "bookingid": 3973
    },
    {
        "bookingid": 4050
    },
    {
        "bookingid": 580
    },
    {
        "bookingid": 7829
    },
    {
        "bookingid": 2685
    },
    {
        "bookingid": 2292
    },
    {
        "bookingid": 6383
    },
    {
        "bookingid": 8385
    },
    {
        "bookingid": 7236
    },
    {
        "bookingid": 6831
    },
    {
        "bookingid": 968
    },
    {
        "bookingid": 4982
    },
    {
        "bookingid": 2087
    },
    {
        "bookingid": 3831
    },
    {
        "bookingid": 7161
    },
    {
        "bookingid": 1462
    },
    {
        "bookingid": 4329
    },
    {
        "bookingid": 7183
    },
    {
        "bookingid": 5656
    },
    {
        "bookingid": 5230
    },
    {
        "bookingid": 1815
    },
    {
        "bookingid": 3085
    },
    {
        "bookingid": 7646
    },
    {
        "bookingid": 331
    },
    {
        "bookingid": 467
    },
    {
        "bookingid": 7552
    },
    {
        "bookingid": 1405
    },
    {
        "bookingid": 5479
    },
    {
        "bookingid": 5677
    },
    {
        "bookingid": 6553
    },
    {
        "bookingid": 6381
    },
    {
        "bookingid": 857
    },
    {
        "bookingid": 5523
    },
    {
        "bookingid": 4676
    },
    {
        "bookingid": 2901
    },
    {
        "bookingid": 6076
    },
    {
        "bookingid": 6036
    },
    {
        "bookingid": 2121
    },
    {
        "bookingid": 5998
    },
    {
        "bookingid": 789
    },
    {
        "bookingid": 2761
    },
    {
        "bookingid": 6840
    },
    {
        "bookingid": 2681
    },
    {
        "bookingid": 7522
    },
    {
        "bookingid": 8183
    },
    {
        "bookingid": 8337
    },
    {
        "bookingid": 1351
    },
    {
        "bookingid": 4303
    },
    {
        "bookingid": 1413
    },
    {
        "bookingid": 6783
    },
    {
        "bookingid": 4268
    },
    {
        "bookingid": 2910
    },
    {
        "bookingid": 936
    },
    {
        "bookingid": 1334
    },
    {
        "bookingid": 9197
    },
    {
        "bookingid": 6246
    },
    {
        "bookingid": 2829
    },
    {
        "bookingid": 80
    },
    {
        "bookingid": 141
    },
    {
        "bookingid": 490
    },
    {
        "bookingid": 2581
    },
    {
        "bookingid": 41
    },
    {
        "bookingid": 5402
    },
    {
        "bookingid": 1179
    },
    {
        "bookingid": 4504
    },
    {
        "bookingid": 3129
    },
    {
        "bookingid": 9138
    },
    {
        "bookingid": 1135
    },
    {
        "bookingid": 2618
    },
    {
        "bookingid": 494
    },
    {
        "bookingid": 1027
    },
    {
        "bookingid": 1158
    },
    {
        "bookingid": 1997
    },
    {
        "bookingid": 5769
    },
    {
        "bookingid": 2201
    },
    {
        "bookingid": 7767
    },
    {
        "bookingid": 5982
    },
    {
        "bookingid": 3484
    },
    {
        "bookingid": 9037
    },
    {
        "bookingid": 647
    },
    {
        "bookingid": 4836
    },
    {
        "bookingid": 235
    },
    {
        "bookingid": 6888
    },
    {
        "bookingid": 35
    },
    {
        "bookingid": 6147
    },
    {
        "bookingid": 5316
    },
    {
        "bookingid": 3445
    },
    {
        "bookingid": 1212
    },
    {
        "bookingid": 8944
    },
    {
        "bookingid": 7889
    },
    {
        "bookingid": 5533
    },
    {
        "bookingid": 1417
    },
    {
        "bookingid": 5430
    },
    {
        "bookingid": 8148
    },
    {
        "bookingid": 8149
    },
    {
        "bookingid": 3315
    },
    {
        "bookingid": 8263
    },
    {
        "bookingid": 3128
    },
    {
        "bookingid": 3283
    },
    {
        "bookingid": 9198
    },
    {
        "bookingid": 4236
    },
    {
        "bookingid": 3649
    },
    {
        "bookingid": 2327
    },
    {
        "bookingid": 5005
    },
    {
        "bookingid": 5726
    },
    {
        "bookingid": 7668
    },
    {
        "bookingid": 6298
    },
    {
        "bookingid": 588
    },
    {
        "bookingid": 2032
    },
    {
        "bookingid": 2885
    },
    {
        "bookingid": 3055
    },
    {
        "bookingid": 5064
    },
    {
        "bookingid": 8707
    },
    {
        "bookingid": 1475
    },
    {
        "bookingid": 4590
    },
    {
        "bookingid": 7593
    },
    {
        "bookingid": 3979
    },
    {
        "bookingid": 5864
    },
    {
        "bookingid": 7964
    },
    {
        "bookingid": 2856
    },
    {
        "bookingid": 2110
    },
    {
        "bookingid": 2492
    },
    {
        "bookingid": 7836
    },
    {
        "bookingid": 357
    },
    {
        "bookingid": 5283
    },
    {
        "bookingid": 8448
    },
    {
        "bookingid": 4227
    },
    {
        "bookingid": 1956
    },
    {
        "bookingid": 6569
    },
    {
        "bookingid": 2210
    },
    {
        "bookingid": 5095
    },
    {
        "bookingid": 8013
    },
    {
        "bookingid": 1578
    },
    {
        "bookingid": 1512
    },
    {
        "bookingid": 8169
    },
    {
        "bookingid": 8856
    },
    {
        "bookingid": 3548
    },
    {
        "bookingid": 7237
    },
    {
        "bookingid": 8969
    },
    {
        "bookingid": 9004
    },
    {
        "bookingid": 5193
    },
    {
        "bookingid": 3136
    },
    {
        "bookingid": 7298
    },
    {
        "bookingid": 5282
    },
    {
        "bookingid": 5434
    },
    {
        "bookingid": 2393
    },
    {
        "bookingid": 446
    },
    {
        "bookingid": 3439
    },
    {
        "bookingid": 6759
    },
    {
        "bookingid": 145
    },
    {
        "bookingid": 1321
    },
    {
        "bookingid": 3480
    },
    {
        "bookingid": 7038
    },
    {
        "bookingid": 2471
    },
    {
        "bookingid": 3700
    },
    {
        "bookingid": 3652
    },
    {
        "bookingid": 1206
    },
    {
        "bookingid": 4129
    },
    {
        "bookingid": 7188
    },
    {
        "bookingid": 8159
    },
    {
        "bookingid": 7498
    },
    {
        "bookingid": 2556
    },
    {
        "bookingid": 1326
    },
    {
        "bookingid": 3681
    },
    {
        "bookingid": 4316
    },
    {
        "bookingid": 6424
    },
    {
        "bookingid": 7095
    },
    {
        "bookingid": 939
    },
    {
        "bookingid": 7229
    },
    {
        "bookingid": 2963
    },
    {
        "bookingid": 1499
    },
    {
        "bookingid": 8866
    },
    {
        "bookingid": 2875
    },
    {
        "bookingid": 7151
    },
    {
        "bookingid": 2664
    },
    {
        "bookingid": 4106
    },
    {
        "bookingid": 4969
    },
    {
        "bookingid": 8096
    },
    {
        "bookingid": 8434
    },
    {
        "bookingid": 3258
    },
    {
        "bookingid": 8887
    },
    {
        "bookingid": 6882
    },
    {
        "bookingid": 4053
    },
    {
        "bookingid": 6139
    },
    {
        "bookingid": 4454
    },
    {
        "bookingid": 982
    },
    {
        "bookingid": 4552
    },
    {
        "bookingid": 6419
    },
    {
        "bookingid": 6253
    },
    {
        "bookingid": 4075
    },
    {
        "bookingid": 4399
    },
    {
        "bookingid": 9087
    },
    {
        "bookingid": 6023
    },
    {
        "bookingid": 1760
    },
    {
        "bookingid": 6504
    },
    {
        "bookingid": 5441
    },
    {
        "bookingid": 4913
    },
    {
        "bookingid": 5079
    },
    {
        "bookingid": 2642
    },
    {
        "bookingid": 1178
    },
    {
        "bookingid": 8920
    },
    {
        "bookingid": 4165
    },
    {
        "bookingid": 454
    },
    {
        "bookingid": 719
    },
    {
        "bookingid": 1060
    },
    {
        "bookingid": 8340
    },
    {
        "bookingid": 7061
    },
    {
        "bookingid": 3224
    },
    {
        "bookingid": 4542
    },
    {
        "bookingid": 2115
    },
    {
        "bookingid": 893
    },
    {
        "bookingid": 2610
    },
    {
        "bookingid": 8213
    },
    {
        "bookingid": 199
    },
    {
        "bookingid": 5306
    },
    {
        "bookingid": 7639
    },
    {
        "bookingid": 4938
    },
    {
        "bookingid": 2254
    },
    {
        "bookingid": 4064
    },
    {
        "bookingid": 7817
    },
    {
        "bookingid": 2008
    },
    {
        "bookingid": 6911
    },
    {
        "bookingid": 8247
    },
    {
        "bookingid": 8224
    },
    {
        "bookingid": 6671
    },
    {
        "bookingid": 4622
    },
    {
        "bookingid": 6809
    },
    {
        "bookingid": 9008
    },
    {
        "bookingid": 6442
    },
    {
        "bookingid": 1457
    },
    {
        "bookingid": 1942
    },
    {
        "bookingid": 3623
    },
    {
        "bookingid": 2923
    },
    {
        "bookingid": 2590
    },
    {
        "bookingid": 678
    },
    {
        "bookingid": 1795
    },
    {
        "bookingid": 802
    },
    {
        "bookingid": 3110
    },
    {
        "bookingid": 787
    },
    {
        "bookingid": 4855
    },
    {
        "bookingid": 6366
    },
    {
        "bookingid": 1964
    },
    {
        "bookingid": 8358
    },
    {
        "bookingid": 8233
    },
    {
        "bookingid": 8355
    },
    {
        "bookingid": 1726
    },
    {
        "bookingid": 7109
    },
    {
        "bookingid": 8276
    },
    {
        "bookingid": 7200
    },
    {
        "bookingid": 5567
    },
    {
        "bookingid": 7469
    },
    {
        "bookingid": 6700
    },
    {
        "bookingid": 3469
    },
    {
        "bookingid": 4497
    },
    {
        "bookingid": 7179
    },
    {
        "bookingid": 5118
    },
    {
        "bookingid": 958
    },
    {
        "bookingid": 360
    },
    {
        "bookingid": 4642
    },
    {
        "bookingid": 3419
    },
    {
        "bookingid": 3108
    },
    {
        "bookingid": 5935
    },
    {
        "bookingid": 4225
    },
    {
        "bookingid": 6584
    },
    {
        "bookingid": 7447
    },
    {
        "bookingid": 4581
    },
    {
        "bookingid": 1517
    },
    {
        "bookingid": 4800
    },
    {
        "bookingid": 5886
    },
    {
        "bookingid": 1290
    },
    {
        "bookingid": 2957
    },
    {
        "bookingid": 4878
    },
    {
        "bookingid": 5436
    },
    {
        "bookingid": 5156
    },
    {
        "bookingid": 452
    },
    {
        "bookingid": 2928
    },
    {
        "bookingid": 1422
    },
    {
        "bookingid": 8911
    },
    {
        "bookingid": 946
    },
    {
        "bookingid": 3104
    },
    {
        "bookingid": 6530
    },
    {
        "bookingid": 6977
    },
    {
        "bookingid": 245
    },
    {
        "bookingid": 3404
    },
    {
        "bookingid": 8277
    },
    {
        "bookingid": 6992
    },
    {
        "bookingid": 6956
    },
    {
        "bookingid": 1032
    },
    {
        "bookingid": 7556
    },
    {
        "bookingid": 2023
    },
    {
        "bookingid": 2987
    },
    {
        "bookingid": 8552
    },
    {
        "bookingid": 1571
    },
    {
        "bookingid": 1669
    },
    {
        "bookingid": 497
    },
    {
        "bookingid": 7332
    },
    {
        "bookingid": 2646
    },
    {
        "bookingid": 5732
    },
    {
        "bookingid": 4989
    },
    {
        "bookingid": 8687
    },
    {
        "bookingid": 8297
    },
    {
        "bookingid": 8363
    },
    {
        "bookingid": 5029
    },
    {
        "bookingid": 4719
    },
    {
        "bookingid": 2447
    },
    {
        "bookingid": 2116
    },
    {
        "bookingid": 1680
    },
    {
        "bookingid": 3304
    },
    {
        "bookingid": 3451
    },
    {
        "bookingid": 1865
    },
    {
        "bookingid": 6144
    },
    {
        "bookingid": 190
    },
    {
        "bookingid": 7742
    },
    {
        "bookingid": 7403
    },
    {
        "bookingid": 5747
    },
    {
        "bookingid": 5243
    },
    {
        "bookingid": 8589
    },
    {
        "bookingid": 77
    },
    {
        "bookingid": 3574
    },
    {
        "bookingid": 8251
    },
    {
        "bookingid": 2808
    },
    {
        "bookingid": 7871
    },
    {
        "bookingid": 8885
    },
    {
        "bookingid": 31
    },
    {
        "bookingid": 3935
    },
    {
        "bookingid": 5847
    },
    {
        "bookingid": 1245
    },
    {
        "bookingid": 1023
    },
    {
        "bookingid": 4842
    },
    {
        "bookingid": 2718
    },
    {
        "bookingid": 8209
    },
    {
        "bookingid": 6181
    },
    {
        "bookingid": 5073
    },
    {
        "bookingid": 2500
    },
    {
        "bookingid": 6276
    },
    {
        "bookingid": 1733
    },
    {
        "bookingid": 2025
    },
    {
        "bookingid": 3165
    },
    {
        "bookingid": 5480
    },
    {
        "bookingid": 463
    },
    {
        "bookingid": 1110
    },
    {
        "bookingid": 4726
    },
    {
        "bookingid": 5276
    },
    {
        "bookingid": 7770
    },
    {
        "bookingid": 3992
    },
    {
        "bookingid": 149
    },
    {
        "bookingid": 3971
    },
    {
        "bookingid": 2038
    },
    {
        "bookingid": 4942
    },
    {
        "bookingid": 3173
    },
    {
        "bookingid": 4923
    },
    {
        "bookingid": 8615
    },
    {
        "bookingid": 2728
    },
    {
        "bookingid": 8487
    },
    {
        "bookingid": 5933
    },
    {
        "bookingid": 5710
    },
    {
        "bookingid": 4576
    },
    {
        "bookingid": 4777
    },
    {
        "bookingid": 5655
    },
    {
        "bookingid": 8352
    },
    {
        "bookingid": 4217
    },
    {
        "bookingid": 572
    },
    {
        "bookingid": 953
    },
    {
        "bookingid": 5737
    },
    {
        "bookingid": 3216
    },
    {
        "bookingid": 224
    },
    {
        "bookingid": 8006
    },
    {
        "bookingid": 1002
    },
    {
        "bookingid": 2463
    },
    {
        "bookingid": 6961
    },
    {
        "bookingid": 6966
    },
    {
        "bookingid": 2441
    },
    {
        "bookingid": 7207
    },
    {
        "bookingid": 6369
    },
    {
        "bookingid": 8508
    },
    {
        "bookingid": 2570
    },
    {
        "bookingid": 7427
    },
    {
        "bookingid": 6342
    },
    {
        "bookingid": 4930
    },
    {
        "bookingid": 2409
    },
    {
        "bookingid": 8821
    },
    {
        "bookingid": 1911
    },
    {
        "bookingid": 5216
    },
    {
        "bookingid": 9167
    },
    {
        "bookingid": 3791
    },
    {
        "bookingid": 8522
    },
    {
        "bookingid": 7053
    },
    {
        "bookingid": 3917
    },
    {
        "bookingid": 7292
    },
    {
        "bookingid": 8170
    },
    {
        "bookingid": 3762
    },
    {
        "bookingid": 6455
    },
    {
        "bookingid": 7497
    },
    {
        "bookingid": 1977
    },
    {
        "bookingid": 7961
    },
    {
        "bookingid": 3415
    },
    {
        "bookingid": 8265
    },
    {
        "bookingid": 120
    },
    {
        "bookingid": 6044
    },
    {
        "bookingid": 960
    },
    {
        "bookingid": 7146
    },
    {
        "bookingid": 2691
    },
    {
        "bookingid": 3127
    },
    {
        "bookingid": 3905
    },
    {
        "bookingid": 5168
    },
    {
        "bookingid": 7551
    },
    {
        "bookingid": 3552
    },
    {
        "bookingid": 1098
    },
    {
        "bookingid": 7714
    },
    {
        "bookingid": 393
    },
    {
        "bookingid": 8926
    },
    {
        "bookingid": 3089
    },
    {
        "bookingid": 8088
    },
    {
        "bookingid": 4763
    },
    {
        "bookingid": 1544
    },
    {
        "bookingid": 7626
    },
    {
        "bookingid": 2098
    },
    {
        "bookingid": 2153
    },
    {
        "bookingid": 8812
    },
    {
        "bookingid": 5688
    },
    {
        "bookingid": 6683
    },
    {
        "bookingid": 3680
    },
    {
        "bookingid": 4128
    },
    {
        "bookingid": 7772
    },
    {
        "bookingid": 4296
    },
    {
        "bookingid": 8660
    },
    {
        "bookingid": 7490
    },
    {
        "bookingid": 1156
    },
    {
        "bookingid": 5075
    },
    {
        "bookingid": 2274
    },
    {
        "bookingid": 2143
    },
    {
        "bookingid": 1168
    },
    {
        "bookingid": 6188
    },
    {
        "bookingid": 466
    },
    {
        "bookingid": 3444
    },
    {
        "bookingid": 392
    },
    {
        "bookingid": 1014
    },
    {
        "bookingid": 662
    },
    {
        "bookingid": 5530
    },
    {
        "bookingid": 3572
    },
    {
        "bookingid": 804
    },
    {
        "bookingid": 3101
    },
    {
        "bookingid": 8927
    },
    {
        "bookingid": 2088
    },
    {
        "bookingid": 2992
    },
    {
        "bookingid": 324
    },
    {
        "bookingid": 6268
    },
    {
        "bookingid": 7291
    },
    {
        "bookingid": 116
    },
    {
        "bookingid": 1411
    },
    {
        "bookingid": 6784
    },
    {
        "bookingid": 7155
    },
    {
        "bookingid": 5049
    },
    {
        "bookingid": 3764
    },
    {
        "bookingid": 197
    },
    {
        "bookingid": 7042
    },
    {
        "bookingid": 1621
    },
    {
        "bookingid": 6703
    },
    {
        "bookingid": 3330
    },
    {
        "bookingid": 4516
    },
    {
        "bookingid": 7847
    },
    {
        "bookingid": 8445
    },
    {
        "bookingid": 5259
    },
    {
        "bookingid": 6421
    },
    {
        "bookingid": 6526
    },
    {
        "bookingid": 9067
    },
    {
        "bookingid": 8563
    },
    {
        "bookingid": 8228
    },
    {
        "bookingid": 7603
    },
    {
        "bookingid": 5294
    },
    {
        "bookingid": 8740
    },
    {
        "bookingid": 8155
    },
    {
        "bookingid": 7384
    },
    {
        "bookingid": 1671
    },
    {
        "bookingid": 9134
    },
    {
        "bookingid": 7057
    },
    {
        "bookingid": 3584
    },
    {
        "bookingid": 1268
    },
    {
        "bookingid": 2063
    },
    {
        "bookingid": 1807
    },
    {
        "bookingid": 2467
    },
    {
        "bookingid": 2864
    },
    {
        "bookingid": 8218
    },
    {
        "bookingid": 2033
    },
    {
        "bookingid": 3715
    },
    {
        "bookingid": 6447
    },
    {
        "bookingid": 8698
    },
    {
        "bookingid": 8871
    },
    {
        "bookingid": 7845
    },
    {
        "bookingid": 5697
    },
    {
        "bookingid": 4435
    },
    {
        "bookingid": 70
    },
    {
        "bookingid": 4388
    },
    {
        "bookingid": 3490
    },
    {
        "bookingid": 4146
    },
    {
        "bookingid": 5945
    },
    {
        "bookingid": 9023
    },
    {
        "bookingid": 6346
    },
    {
        "bookingid": 7254
    },
    {
        "bookingid": 8115
    },
    {
        "bookingid": 1572
    },
    {
        "bookingid": 8594
    },
    {
        "bookingid": 7753
    },
    {
        "bookingid": 3056
    },
    {
        "bookingid": 1989
    },
    {
        "bookingid": 2018
    },
    {
        "bookingid": 7475
    },
    {
        "bookingid": 8181
    },
    {
        "bookingid": 1300
    },
    {
        "bookingid": 6453
    },
    {
        "bookingid": 6178
    },
    {
        "bookingid": 7812
    },
    {
        "bookingid": 3671
    },
    {
        "bookingid": 7528
    },
    {
        "bookingid": 426
    },
    {
        "bookingid": 8695
    },
    {
        "bookingid": 4045
    },
    {
        "bookingid": 3154
    },
    {
        "bookingid": 761
    },
    {
        "bookingid": 5706
    },
    {
        "bookingid": 2374
    },
    {
        "bookingid": 4695
    },
    {
        "bookingid": 8187
    },
    {
        "bookingid": 4309
    },
    {
        "bookingid": 2410
    },
    {
        "bookingid": 8048
    },
    {
        "bookingid": 1877
    },
    {
        "bookingid": 756
    },
    {
        "bookingid": 7276
    },
    {
        "bookingid": 5926
    },
    {
        "bookingid": 7004
    },
    {
        "bookingid": 2783
    },
    {
        "bookingid": 7013
    },
    {
        "bookingid": 4450
    },
    {
        "bookingid": 3377
    },
    {
        "bookingid": 5934
    },
    {
        "bookingid": 4086
    },
    {
        "bookingid": 5821
    },
    {
        "bookingid": 1584
    },
    {
        "bookingid": 8289
    },
    {
        "bookingid": 6304
    },
    {
        "bookingid": 4611
    },
    {
        "bookingid": 742
    },
    {
        "bookingid": 8009
    },
    {
        "bookingid": 4284
    },
    {
        "bookingid": 609
    },
    {
        "bookingid": 7349
    },
    {
        "bookingid": 9005
    },
    {
        "bookingid": 8362
    },
    {
        "bookingid": 399
    },
    {
        "bookingid": 394
    },
    {
        "bookingid": 6254
    },
    {
        "bookingid": 3615
    },
    {
        "bookingid": 4756
    },
    {
        "bookingid": 6528
    },
    {
        "bookingid": 5199
    },
    {
        "bookingid": 5106
    },
    {
        "bookingid": 6492
    },
    {
        "bookingid": 7758
    },
    {
        "bookingid": 1758
    },
    {
        "bookingid": 1225
    },
    {
        "bookingid": 3046
    },
    {
        "bookingid": 71
    },
    {
        "bookingid": 7654
    },
    {
        "bookingid": 2420
    },
    {
        "bookingid": 2048
    },
    {
        "bookingid": 3962
    },
    {
        "bookingid": 4657
    },
    {
        "bookingid": 648
    },
    {
        "bookingid": 8764
    },
    {
        "bookingid": 3894
    },
    {
        "bookingid": 3197
    },
    {
        "bookingid": 6632
    },
    {
        "bookingid": 6194
    },
    {
        "bookingid": 7986
    },
    {
        "bookingid": 3519
    },
    {
        "bookingid": 8791
    },
    {
        "bookingid": 5531
    },
    {
        "bookingid": 2423
    },
    {
        "bookingid": 5589
    },
    {
        "bookingid": 5547
    },
    {
        "bookingid": 3835
    },
    {
        "bookingid": 5949
    },
    {
        "bookingid": 3436
    },
    {
        "bookingid": 7448
    },
    {
        "bookingid": 8070
    },
    {
        "bookingid": 7844
    },
    {
        "bookingid": 5346
    },
    {
        "bookingid": 2678
    },
    {
        "bookingid": 5896
    },
    {
        "bookingid": 5895
    },
    {
        "bookingid": 6161
    },
    {
        "bookingid": 5802
    },
    {
        "bookingid": 9052
    },
    {
        "bookingid": 8252
    },
    {
        "bookingid": 1694
    },
    {
        "bookingid": 4897
    },
    {
        "bookingid": 3298
    },
    {
        "bookingid": 5606
    },
    {
        "bookingid": 7030
    },
    {
        "bookingid": 5491
    },
    {
        "bookingid": 4230
    },
    {
        "bookingid": 4308
    },
    {
        "bookingid": 585
    },
    {
        "bookingid": 2072
    },
    {
        "bookingid": 6658
    },
    {
        "bookingid": 1001
    },
    {
        "bookingid": 575
    },
    {
        "bookingid": 1359
    },
    {
        "bookingid": 5521
    },
    {
        "bookingid": 1234
    },
    {
        "bookingid": 6471
    },
    {
        "bookingid": 3895
    },
    {
        "bookingid": 1377
    },
    {
        "bookingid": 2722
    },
    {
        "bookingid": 6858
    },
    {
        "bookingid": 3435
    },
    {
        "bookingid": 1173
    },
    {
        "bookingid": 8219
    },
    {
        "bookingid": 7967
    },
    {
        "bookingid": 2782
    },
    {
        "bookingid": 4360
    },
    {
        "bookingid": 7500
    },
    {
        "bookingid": 7918
    },
    {
        "bookingid": 1712
    },
    {
        "bookingid": 227
    },
    {
        "bookingid": 6938
    },
    {
        "bookingid": 1714
    },
    {
        "bookingid": 8161
    },
    {
        "bookingid": 7473
    },
    {
        "bookingid": 2665
    },
    {
        "bookingid": 6804
    },
    {
        "bookingid": 5997
    },
    {
        "bookingid": 1174
    },
    {
        "bookingid": 1019
    },
    {
        "bookingid": 262
    },
    {
        "bookingid": 7941
    },
    {
        "bookingid": 530
    },
    {
        "bookingid": 2079
    },
    {
        "bookingid": 6588
    },
    {
        "bookingid": 6466
    },
    {
        "bookingid": 7780
    },
    {
        "bookingid": 5944
    },
    {
        "bookingid": 9014
    },
    {
        "bookingid": 3039
    },
    {
        "bookingid": 4432
    },
    {
        "bookingid": 7525
    },
    {
        "bookingid": 3683
    },
    {
        "bookingid": 5981
    },
    {
        "bookingid": 4117
    },
    {
        "bookingid": 6158
    },
    {
        "bookingid": 1920
    },
    {
        "bookingid": 6229
    },
    {
        "bookingid": 3202
    },
    {
        "bookingid": 9140
    },
    {
        "bookingid": 6285
    },
    {
        "bookingid": 634
    },
    {
        "bookingid": 3566
    },
    {
        "bookingid": 5708
    },
    {
        "bookingid": 8147
    },
    {
        "bookingid": 8934
    },
    {
        "bookingid": 6604
    },
    {
        "bookingid": 8795
    },
    {
        "bookingid": 7341
    },
    {
        "bookingid": 3678
    },
    {
        "bookingid": 6184
    },
    {
        "bookingid": 5500
    },
    {
        "bookingid": 5260
    },
    {
        "bookingid": 671
    },
    {
        "bookingid": 3567
    },
    {
        "bookingid": 2713
    },
    {
        "bookingid": 6634
    },
    {
        "bookingid": 8317
    },
    {
        "bookingid": 3843
    },
    {
        "bookingid": 4265
    },
    {
        "bookingid": 1209
    },
    {
        "bookingid": 3534
    },
    {
        "bookingid": 8848
    },
    {
        "bookingid": 2960
    },
    {
        "bookingid": 8735
    },
    {
        "bookingid": 3193
    },
    {
        "bookingid": 2640
    },
    {
        "bookingid": 7066
    },
    {
        "bookingid": 7725
    },
    {
        "bookingid": 4886
    },
    {
        "bookingid": 7118
    },
    {
        "bookingid": 7191
    },
    {
        "bookingid": 7715
    },
    {
        "bookingid": 1534
    },
    {
        "bookingid": 8517
    },
    {
        "bookingid": 7948
    },
    {
        "bookingid": 4126
    },
    {
        "bookingid": 686
    },
    {
        "bookingid": 4812
    },
    {
        "bookingid": 8240
    },
    {
        "bookingid": 4078
    },
    {
        "bookingid": 877
    },
    {
        "bookingid": 1787
    },
    {
        "bookingid": 1043
    },
    {
        "bookingid": 917
    },
    {
        "bookingid": 971
    },
    {
        "bookingid": 4002
    },
    {
        "bookingid": 1062
    },
    {
        "bookingid": 8285
    },
    {
        "bookingid": 8499
    },
    {
        "bookingid": 7410
    },
    {
        "bookingid": 772
    },
    {
        "bookingid": 4521
    },
    {
        "bookingid": 713
    },
    {
        "bookingid": 8777
    },
    {
        "bookingid": 4649
    },
    {
        "bookingid": 8877
    },
    {
        "bookingid": 7685
    },
    {
        "bookingid": 7778
    },
    {
        "bookingid": 6490
    },
    {
        "bookingid": 2517
    },
    {
        "bookingid": 2068
    },
    {
        "bookingid": 7816
    },
    {
        "bookingid": 3475
    },
    {
        "bookingid": 9183
    },
    {
        "bookingid": 1
    },
    {
        "bookingid": 8044
    },
    {
        "bookingid": 2381
    },
    {
        "bookingid": 5089
    },
    {
        "bookingid": 642
    },
    {
        "bookingid": 4685
    },
    {
        "bookingid": 7950
    },
    {
        "bookingid": 659
    },
    {
        "bookingid": 1031
    },
    {
        "bookingid": 3285
    },
    {
        "bookingid": 567
    },
    {
        "bookingid": 2200
    },
    {
        "bookingid": 6552
    },
    {
        "bookingid": 1052
    },
    {
        "bookingid": 5838
    },
    {
        "bookingid": 5227
    },
    {
        "bookingid": 2942
    },
    {
        "bookingid": 8347
    },
    {
        "bookingid": 3576
    },
    {
        "bookingid": 8266
    },
    {
        "bookingid": 1790
    },
    {
        "bookingid": 1274
    },
    {
        "bookingid": 7766
    },
    {
        "bookingid": 4419
    },
    {
        "bookingid": 983
    },
    {
        "bookingid": 9081
    },
    {
        "bookingid": 4826
    },
    {
        "bookingid": 7703
    },
    {
        "bookingid": 1860
    },
    {
        "bookingid": 8086
    },
    {
        "bookingid": 8328
    },
    {
        "bookingid": 1810
    },
    {
        "bookingid": 8956
    },
    {
        "bookingid": 7686
    },
    {
        "bookingid": 3586
    },
    {
        "bookingid": 4579
    },
    {
        "bookingid": 2130
    },
    {
        "bookingid": 7787
    },
    {
        "bookingid": 1253
    },
    {
        "bookingid": 8023
    },
    {
        "bookingid": 3402
    },
    {
        "bookingid": 7848
    },
    {
        "bookingid": 5074
    },
    {
        "bookingid": 5486
    },
    {
        "bookingid": 1360
    },
    {
        "bookingid": 8867
    },
    {
        "bookingid": 3426
    },
    {
        "bookingid": 5484
    },
    {
        "bookingid": 8648
    },
    {
        "bookingid": 3057
    },
    {
        "bookingid": 6905
    },
    {
        "bookingid": 218
    },
    {
        "bookingid": 6247
    },
    {
        "bookingid": 9083
    },
    {
        "bookingid": 8309
    },
    {
        "bookingid": 4648
    },
    {
        "bookingid": 5369
    },
    {
        "bookingid": 8375
    },
    {
        "bookingid": 1838
    },
    {
        "bookingid": 3540
    },
    {
        "bookingid": 3434
    },
    {
        "bookingid": 6054
    },
    {
        "bookingid": 228
    },
    {
        "bookingid": 184
    },
    {
        "bookingid": 196
    },
    {
        "bookingid": 8038
    },
    {
        "bookingid": 6947
    },
    {
        "bookingid": 822
    },
    {
        "bookingid": 8675
    },
    {
        "bookingid": 628
    },
    {
        "bookingid": 234
    },
    {
        "bookingid": 5263
    },
    {
        "bookingid": 4511
    },
    {
        "bookingid": 7432
    },
    {
        "bookingid": 4901
    },
    {
        "bookingid": 5021
    },
    {
        "bookingid": 3270
    },
    {
        "bookingid": 4111
    },
    {
        "bookingid": 8814
    },
    {
        "bookingid": 1435
    },
    {
        "bookingid": 1830
    },
    {
        "bookingid": 2769
    },
    {
        "bookingid": 8694
    },
    {
        "bookingid": 6472
    },
    {
        "bookingid": 6728
    },
    {
        "bookingid": 5166
    },
    {
        "bookingid": 4744
    },
    {
        "bookingid": 6718
    },
    {
        "bookingid": 3899
    },
    {
        "bookingid": 5819
    },
    {
        "bookingid": 1005
    },
    {
        "bookingid": 4689
    },
    {
        "bookingid": 3424
    },
    {
        "bookingid": 3312
    },
    {
        "bookingid": 5427
    },
    {
        "bookingid": 5925
    },
    {
        "bookingid": 4474
    },
    {
        "bookingid": 5044
    },
    {
        "bookingid": 624
    },
    {
        "bookingid": 6201
    },
    {
        "bookingid": 8489
    },
    {
        "bookingid": 4745
    },
    {
        "bookingid": 5689
    },
    {
        "bookingid": 2418
    },
    {
        "bookingid": 788
    },
    {
        "bookingid": 542
    },
    {
        "bookingid": 6367
    },
    {
        "bookingid": 64
    },
    {
        "bookingid": 5620
    },
    {
        "bookingid": 1270
    },
    {
        "bookingid": 4156
    },
    {
        "bookingid": 6598
    },
    {
        "bookingid": 4484
    },
    {
        "bookingid": 4530
    },
    {
        "bookingid": 6496
    },
    {
        "bookingid": 4591
    },
    {
        "bookingid": 5368
    },
    {
        "bookingid": 4829
    },
    {
        "bookingid": 9080
    },
    {
        "bookingid": 435
    },
    {
        "bookingid": 1819
    },
    {
        "bookingid": 7508
    },
    {
        "bookingid": 2323
    },
    {
        "bookingid": 4366
    },
    {
        "bookingid": 2013
    },
    {
        "bookingid": 2813
    },
    {
        "bookingid": 1441
    },
    {
        "bookingid": 2717
    },
    {
        "bookingid": 914
    },
    {
        "bookingid": 5032
    },
    {
        "bookingid": 6330
    },
    {
        "bookingid": 652
    },
    {
        "bookingid": 173
    },
    {
        "bookingid": 9135
    },
    {
        "bookingid": 7238
    },
    {
        "bookingid": 2240
    },
    {
        "bookingid": 2710
    },
    {
        "bookingid": 8408
    },
    {
        "bookingid": 7920
    },
    {
        "bookingid": 3246
    },
    {
        "bookingid": 3743
    },
    {
        "bookingid": 7460
    },
    {
        "bookingid": 8003
    },
    {
        "bookingid": 7231
    },
    {
        "bookingid": 4430
    },
    {
        "bookingid": 7568
    },
    {
        "bookingid": 4570
    },
    {
        "bookingid": 4279
    },
    {
        "bookingid": 4413
    },
    {
        "bookingid": 321
    },
    {
        "bookingid": 1888
    },
    {
        "bookingid": 254
    },
    {
        "bookingid": 718
    },
    {
        "bookingid": 3119
    },
    {
        "bookingid": 8078
    },
    {
        "bookingid": 3505
    },
    {
        "bookingid": 5709
    },
    {
        "bookingid": 2313
    },
    {
        "bookingid": 7981
    },
    {
        "bookingid": 2740
    },
    {
        "bookingid": 76
    },
    {
        "bookingid": 2279
    },
    {
        "bookingid": 6635
    },
    {
        "bookingid": 2165
    },
    {
        "bookingid": 7565
    },
    {
        "bookingid": 7637
    },
    {
        "bookingid": 6742
    },
    {
        "bookingid": 6149
    },
    {
        "bookingid": 2146
    },
    {
        "bookingid": 4235
    },
    {
        "bookingid": 4831
    },
    {
        "bookingid": 1634
    },
    {
        "bookingid": 6702
    },
    {
        "bookingid": 1611
    },
    {
        "bookingid": 1957
    },
    {
        "bookingid": 6854
    },
    {
        "bookingid": 7214
    },
    {
        "bookingid": 4490
    },
    {
        "bookingid": 555
    },
    {
        "bookingid": 5062
    },
    {
        "bookingid": 1683
    },
    {
        "bookingid": 7757
    },
    {
        "bookingid": 1608
    },
    {
        "bookingid": 6687
    },
    {
        "bookingid": 844
    },
    {
        "bookingid": 8211
    },
    {
        "bookingid": 908
    },
    {
        "bookingid": 2209
    },
    {
        "bookingid": 7249
    },
    {
        "bookingid": 8540
    },
    {
        "bookingid": 4864
    },
    {
        "bookingid": 3660
    },
    {
        "bookingid": 5741
    },
    {
        "bookingid": 4185
    },
    {
        "bookingid": 8547
    },
    {
        "bookingid": 7353
    },
    {
        "bookingid": 4996
    },
    {
        "bookingid": 2629
    },
    {
        "bookingid": 9164
    },
    {
        "bookingid": 416
    },
    {
        "bookingid": 4263
    },
    {
        "bookingid": 8662
    },
    {
        "bookingid": 5240
    },
    {
        "bookingid": 6216
    },
    {
        "bookingid": 7296
    },
    {
        "bookingid": 9149
    },
    {
        "bookingid": 3036
    },
    {
        "bookingid": 6597
    },
    {
        "bookingid": 2360
    },
    {
        "bookingid": 504
    },
    {
        "bookingid": 6640
    },
    {
        "bookingid": 8422
    },
    {
        "bookingid": 8346
    },
    {
        "bookingid": 8026
    },
    {
        "bookingid": 4248
    },
    {
        "bookingid": 2954
    },
    {
        "bookingid": 356
    },
    {
        "bookingid": 6006
    },
    {
        "bookingid": 816
    },
    {
        "bookingid": 5715
    },
    {
        "bookingid": 9043
    },
    {
        "bookingid": 5565
    },
    {
        "bookingid": 3781
    },
    {
        "bookingid": 4639
    },
    {
        "bookingid": 3060
    },
    {
        "bookingid": 8558
    },
    {
        "bookingid": 204
    },
    {
        "bookingid": 6838
    },
    {
        "bookingid": 4353
    },
    {
        "bookingid": 4811
    },
    {
        "bookingid": 28
    },
    {
        "bookingid": 5724
    },
    {
        "bookingid": 4171
    },
    {
        "bookingid": 8367
    },
    {
        "bookingid": 7102
    },
    {
        "bookingid": 2161
    },
    {
        "bookingid": 8290
    },
    {
        "bookingid": 1722
    },
    {
        "bookingid": 8763
    },
    {
        "bookingid": 6098
    },
    {
        "bookingid": 2554
    },
    {
        "bookingid": 2285
    },
    {
        "bookingid": 3212
    },
    {
        "bookingid": 6668
    },
    {
        "bookingid": 1104
    },
    {
        "bookingid": 8726
    },
    {
        "bookingid": 4625
    },
    {
        "bookingid": 6583
    },
    {
        "bookingid": 8360
    },
    {
        "bookingid": 138
    },
    {
        "bookingid": 690
    },
    {
        "bookingid": 2092
    },
    {
        "bookingid": 3252
    },
    {
        "bookingid": 8394
    },
    {
        "bookingid": 3130
    },
    {
        "bookingid": 5889
    },
    {
        "bookingid": 2626
    },
    {
        "bookingid": 7533
    },
    {
        "bookingid": 3620
    },
    {
        "bookingid": 6617
    },
    {
        "bookingid": 615
    },
    {
        "bookingid": 6125
    },
    {
        "bookingid": 5636
    },
    {
        "bookingid": 6805
    },
    {
        "bookingid": 8550
    },
    {
        "bookingid": 3887
    },
    {
        "bookingid": 6134
    },
    {
        "bookingid": 4096
    },
    {
        "bookingid": 6746
    },
    {
        "bookingid": 3100
    },
    {
        "bookingid": 2559
    },
    {
        "bookingid": 5301
    },
    {
        "bookingid": 3520
    },
    {
        "bookingid": 177
    },
    {
        "bookingid": 1707
    },
    {
        "bookingid": 3288
    },
    {
        "bookingid": 4457
    },
    {
        "bookingid": 8302
    },
    {
        "bookingid": 6879
    },
    {
        "bookingid": 3614
    },
    {
        "bookingid": 8697
    },
    {
        "bookingid": 2731
    },
    {
        "bookingid": 6993
    },
    {
        "bookingid": 3714
    },
    {
        "bookingid": 9162
    },
    {
        "bookingid": 8504
    },
    {
        "bookingid": 8979
    },
    {
        "bookingid": 7012
    },
    {
        "bookingid": 4838
    },
    {
        "bookingid": 1287
    },
    {
        "bookingid": 2968
    },
    {
        "bookingid": 7413
    },
    {
        "bookingid": 2869
    },
    {
        "bookingid": 564
    },
    {
        "bookingid": 6277
    },
    {
        "bookingid": 3358
    },
    {
        "bookingid": 96
    },
    {
        "bookingid": 351
    },
    {
        "bookingid": 6137
    },
    {
        "bookingid": 5448
    },
    {
        "bookingid": 4509
    },
    {
        "bookingid": 1430
    },
    {
        "bookingid": 4931
    },
    {
        "bookingid": 7681
    },
    {
        "bookingid": 8612
    },
    {
        "bookingid": 6562
    },
    {
        "bookingid": 6265
    },
    {
        "bookingid": 2421
    },
    {
        "bookingid": 7342
    },
    {
        "bookingid": 5615
    },
    {
        "bookingid": 1296
    },
    {
        "bookingid": 8470
    },
    {
        "bookingid": 3914
    },
    {
        "bookingid": 8617
    },
    {
        "bookingid": 5094
    },
    {
        "bookingid": 8853
    },
    {
        "bookingid": 5096
    },
    {
        "bookingid": 3172
    },
    {
        "bookingid": 3390
    },
    {
        "bookingid": 2258
    },
    {
        "bookingid": 2589
    },
    {
        "bookingid": 386
    },
    {
        "bookingid": 330
    },
    {
        "bookingid": 5572
    },
    {
        "bookingid": 5440
    },
    {
        "bookingid": 4231
    },
    {
        "bookingid": 6059
    },
    {
        "bookingid": 2973
    },
    {
        "bookingid": 1765
    },
    {
        "bookingid": 6347
    },
    {
        "bookingid": 8984
    },
    {
        "bookingid": 6550
    },
    {
        "bookingid": 1666
    },
    {
        "bookingid": 1730
    },
    {
        "bookingid": 6936
    },
    {
        "bookingid": 4573
    },
    {
        "bookingid": 1312
    },
    {
        "bookingid": 5932
    },
    {
        "bookingid": 8081
    },
    {
        "bookingid": 329
    },
    {
        "bookingid": 8614
    },
    {
        "bookingid": 8064
    },
    {
        "bookingid": 1699
    },
    {
        "bookingid": 7966
    },
    {
        "bookingid": 387
    },
    {
        "bookingid": 7078
    },
    {
        "bookingid": 3070
    },
    {
        "bookingid": 3228
    },
    {
        "bookingid": 73
    },
    {
        "bookingid": 172
    },
    {
        "bookingid": 2853
    },
    {
        "bookingid": 4190
    },
    {
        "bookingid": 395
    },
    {
        "bookingid": 2458
    },
    {
        "bookingid": 7652
    },
    {
        "bookingid": 2411
    },
    {
        "bookingid": 3840
    },
    {
        "bookingid": 2432
    },
    {
        "bookingid": 1097
    },
    {
        "bookingid": 1928
    },
    {
        "bookingid": 5825
    },
    {
        "bookingid": 2226
    },
    {
        "bookingid": 5552
    },
    {
        "bookingid": 7310
    },
    {
        "bookingid": 8963
    },
    {
        "bookingid": 9024
    },
    {
        "bookingid": 6480
    },
    {
        "bookingid": 7019
    },
    {
        "bookingid": 8423
    },
    {
        "bookingid": 3221
    },
    {
        "bookingid": 33
    },
    {
        "bookingid": 7672
    },
    {
        "bookingid": 6567
    },
    {
        "bookingid": 6873
    },
    {
        "bookingid": 277
    },
    {
        "bookingid": 3578
    },
    {
        "bookingid": 4716
    },
    {
        "bookingid": 6509
    },
    {
        "bookingid": 7063
    },
    {
        "bookingid": 7098
    },
    {
        "bookingid": 9132
    },
    {
        "bookingid": 2790
    },
    {
        "bookingid": 3034
    },
    {
        "bookingid": 4381
    },
    {
        "bookingid": 1786
    },
    {
        "bookingid": 4203
    },
    {
        "bookingid": 8453
    },
    {
        "bookingid": 5674
    },
    {
        "bookingid": 560
    },
    {
        "bookingid": 2160
    },
    {
        "bookingid": 8428
    },
    {
        "bookingid": 2806
    },
    {
        "bookingid": 846
    },
    {
        "bookingid": 1839
    },
    {
        "bookingid": 1774
    },
    {
        "bookingid": 230
    },
    {
        "bookingid": 4321
    },
    {
        "bookingid": 8321
    },
    {
        "bookingid": 3360
    },
    {
        "bookingid": 5839
    },
    {
        "bookingid": 5232
    },
    {
        "bookingid": 4617
    },
    {
        "bookingid": 3875
    },
    {
        "bookingid": 784
    },
    {
        "bookingid": 5608
    },
    {
        "bookingid": 6510
    },
    {
        "bookingid": 168
    },
    {
        "bookingid": 1594
    },
    {
        "bookingid": 6618
    },
    {
        "bookingid": 314
    },
    {
        "bookingid": 2786
    },
    {
        "bookingid": 7288
    },
    {
        "bookingid": 8492
    },
    {
        "bookingid": 592
    },
    {
        "bookingid": 6408
    },
    {
        "bookingid": 3752
    },
    {
        "bookingid": 5755
    },
    {
        "bookingid": 9169
    },
    {
        "bookingid": 8592
    },
    {
        "bookingid": 6856
    },
    {
        "bookingid": 2071
    },
    {
        "bookingid": 3090
    },
    {
        "bookingid": 5415
    },
    {
        "bookingid": 9163
    },
    {
        "bookingid": 8646
    },
    {
        "bookingid": 1893
    },
    {
        "bookingid": 4336
    },
    {
        "bookingid": 517
    },
    {
        "bookingid": 8762
    },
    {
        "bookingid": 2190
    },
    {
        "bookingid": 6119
    },
    {
        "bookingid": 3645
    },
    {
        "bookingid": 6406
    },
    {
        "bookingid": 7794
    },
    {
        "bookingid": 6409
    },
    {
        "bookingid": 8620
    },
    {
        "bookingid": 406
    },
    {
        "bookingid": 2395
    },
    {
        "bookingid": 2543
    },
    {
        "bookingid": 4433
    },
    {
        "bookingid": 5878
    },
    {
        "bookingid": 9125
    },
    {
        "bookingid": 833
    },
    {
        "bookingid": 6190
    },
    {
        "bookingid": 6148
    },
    {
        "bookingid": 336
    },
    {
        "bookingid": 5588
    },
    {
        "bookingid": 5431
    },
    {
        "bookingid": 3953
    },
    {
        "bookingid": 5761
    },
    {
        "bookingid": 3323
    },
    {
        "bookingid": 8859
    },
    {
        "bookingid": 8386
    },
    {
        "bookingid": 9028
    },
    {
        "bookingid": 881
    },
    {
        "bookingid": 1643
    },
    {
        "bookingid": 6111
    },
    {
        "bookingid": 2446
    },
    {
        "bookingid": 1844
    },
    {
        "bookingid": 1547
    },
    {
        "bookingid": 7976
    },
    {
        "bookingid": 4582
    },
    {
        "bookingid": 2286
    },
    {
        "bookingid": 2270
    },
    {
        "bookingid": 4439
    },
    {
        "bookingid": 734
    },
    {
        "bookingid": 5560
    },
    {
        "bookingid": 7306
    },
    {
        "bookingid": 2627
    },
    {
        "bookingid": 7538
    },
    {
        "bookingid": 4971
    },
    {
        "bookingid": 8395
    },
    {
        "bookingid": 1157
    },
    {
        "bookingid": 5564
    },
    {
        "bookingid": 5490
    },
    {
        "bookingid": 8175
    },
    {
        "bookingid": 9148
    },
    {
        "bookingid": 3769
    },
    {
        "bookingid": 2340
    },
    {
        "bookingid": 1835
    },
    {
        "bookingid": 8945
    },
    {
        "bookingid": 433
    },
    {
        "bookingid": 2693
    },
    {
        "bookingid": 1762
    },
    {
        "bookingid": 617
    },
    {
        "bookingid": 2314
    },
    {
        "bookingid": 3853
    },
    {
        "bookingid": 8573
    },
    {
        "bookingid": 5252
    },
    {
        "bookingid": 1275
    },
    {
        "bookingid": 6559
    },
    {
        "bookingid": 2437
    },
    {
        "bookingid": 1477
    },
    {
        "bookingid": 7409
    },
    {
        "bookingid": 2961
    },
    {
        "bookingid": 3847
    },
    {
        "bookingid": 6714
    },
    {
        "bookingid": 3964
    },
    {
        "bookingid": 2823
    },
    {
        "bookingid": 3998
    },
    {
        "bookingid": 7121
    },
    {
        "bookingid": 4797
    },
    {
        "bookingid": 1979
    },
    {
        "bookingid": 2436
    },
    {
        "bookingid": 6800
    },
    {
        "bookingid": 7633
    },
    {
        "bookingid": 3666
    },
    {
        "bookingid": 2659
    },
    {
        "bookingid": 6393
    },
    {
        "bookingid": 1470
    },
    {
        "bookingid": 3758
    },
    {
        "bookingid": 3011
    },
    {
        "bookingid": 8154
    },
    {
        "bookingid": 2788
    },
    {
        "bookingid": 6716
    },
    {
        "bookingid": 7084
    },
    {
        "bookingid": 9195
    },
    {
        "bookingid": 7246
    },
    {
        "bookingid": 8670
    },
    {
        "bookingid": 8971
    },
    {
        "bookingid": 2260
    },
    {
        "bookingid": 1191
    },
    {
        "bookingid": 3890
    },
    {
        "bookingid": 8172
    },
    {
        "bookingid": 5654
    },
    {
        "bookingid": 1966
    },
    {
        "bookingid": 4715
    },
    {
        "bookingid": 5043
    },
    {
        "bookingid": 5424
    },
    {
        "bookingid": 6461
    },
    {
        "bookingid": 5578
    },
    {
        "bookingid": 4584
    },
    {
        "bookingid": 4918
    },
    {
        "bookingid": 5623
    },
    {
        "bookingid": 707
    },
    {
        "bookingid": 5457
    },
    {
        "bookingid": 1850
    },
    {
        "bookingid": 1640
    },
    {
        "bookingid": 6541
    },
    {
        "bookingid": 3016
    },
    {
        "bookingid": 8982
    },
    {
        "bookingid": 8330
    },
    {
        "bookingid": 194
    },
    {
        "bookingid": 1467
    },
    {
        "bookingid": 5518
    },
    {
        "bookingid": 5762
    },
    {
        "bookingid": 29
    },
    {
        "bookingid": 4470
    },
    {
        "bookingid": 1289
    },
    {
        "bookingid": 4349
    },
    {
        "bookingid": 3811
    },
    {
        "bookingid": 3286
    },
    {
        "bookingid": 7378
    },
    {
        "bookingid": 460
    },
    {
        "bookingid": 7824
    },
    {
        "bookingid": 439
    },
    {
        "bookingid": 2290
    },
    {
        "bookingid": 5169
    },
    {
        "bookingid": 5537
    },
    {
        "bookingid": 8673
    },
    {
        "bookingid": 3750
    },
    {
        "bookingid": 4545
    },
    {
        "bookingid": 2896
    },
    {
        "bookingid": 4967
    },
    {
        "bookingid": 7426
    },
    {
        "bookingid": 5904
    },
    {
        "bookingid": 6377
    },
    {
        "bookingid": 6861
    },
    {
        "bookingid": 67
    },
    {
        "bookingid": 4839
    },
    {
        "bookingid": 6015
    },
    {
        "bookingid": 3028
    },
    {
        "bookingid": 1757
    },
    {
        "bookingid": 8835
    },
    {
        "bookingid": 2481
    },
    {
        "bookingid": 3745
    },
    {
        "bookingid": 4181
    },
    {
        "bookingid": 6791
    },
    {
        "bookingid": 456
    },
    {
        "bookingid": 7180
    },
    {
        "bookingid": 6655
    },
    {
        "bookingid": 2906
    },
    {
        "bookingid": 2152
    },
    {
        "bookingid": 1391
    },
    {
        "bookingid": 6686
    },
    {
        "bookingid": 8640
    },
    {
        "bookingid": 5394
    },
    {
        "bookingid": 8636
    },
    {
        "bookingid": 2182
    },
    {
        "bookingid": 206
    },
    {
        "bookingid": 3276
    },
    {
        "bookingid": 4103
    },
    {
        "bookingid": 5159
    },
    {
        "bookingid": 1800
    },
    {
        "bookingid": 8706
    },
    {
        "bookingid": 1553
    },
    {
        "bookingid": 7457
    },
    {
        "bookingid": 525
    },
    {
        "bookingid": 6079
    },
    {
        "bookingid": 299
    },
    {
        "bookingid": 7571
    },
    {
        "bookingid": 954
    },
    {
        "bookingid": 6000
    },
    {
        "bookingid": 1884
    },
    {
        "bookingid": 803
    },
    {
        "bookingid": 183
    },
    {
        "bookingid": 9066
    },
    {
        "bookingid": 1310
    },
    {
        "bookingid": 5008
    },
    {
        "bookingid": 3529
    },
    {
        "bookingid": 7369
    },
    {
        "bookingid": 6151
    },
    {
        "bookingid": 4035
    },
    {
        "bookingid": 951
    },
    {
        "bookingid": 376
    },
    {
        "bookingid": 1455
    },
    {
        "bookingid": 7380
    },
    {
        "bookingid": 1575
    },
    {
        "bookingid": 1164
    },
    {
        "bookingid": 6167
    },
    {
        "bookingid": 7282
    },
    {
        "bookingid": 5242
    },
    {
        "bookingid": 6672
    },
    {
        "bookingid": 7618
    },
    {
        "bookingid": 203
    },
    {
        "bookingid": 2905
    },
    {
        "bookingid": 8039
    },
    {
        "bookingid": 4779
    },
    {
        "bookingid": 415
    },
    {
        "bookingid": 30
    },
    {
        "bookingid": 7648
    },
    {
        "bookingid": 8234
    },
    {
        "bookingid": 8128
    },
    {
        "bookingid": 1246
    },
    {
        "bookingid": 4755
    },
    {
        "bookingid": 1265
    },
    {
        "bookingid": 339
    },
    {
        "bookingid": 7863
    },
    {
        "bookingid": 597
    },
    {
        "bookingid": 7418
    },
    {
        "bookingid": 7318
    },
    {
        "bookingid": 1568
    },
    {
        "bookingid": 8
    },
    {
        "bookingid": 2311
    },
    {
        "bookingid": 7907
    },
    {
        "bookingid": 5909
    },
    {
        "bookingid": 2046
    },
    {
        "bookingid": 5961
    },
    {
        "bookingid": 6107
    },
    {
        "bookingid": 201
    },
    {
        "bookingid": 4452
    },
    {
        "bookingid": 1241
    },
    {
        "bookingid": 5103
    },
    {
        "bookingid": 4097
    },
    {
        "bookingid": 2457
    },
    {
        "bookingid": 271
    },
    {
        "bookingid": 2337
    },
    {
        "bookingid": 5745
    },
    {
        "bookingid": 4633
    },
    {
        "bookingid": 7101
    },
    {
        "bookingid": 8314
    },
    {
        "bookingid": 7524
    },
    {
        "bookingid": 2056
    },
    {
        "bookingid": 233
    },
    {
        "bookingid": 2657
    },
    {
        "bookingid": 3818
    },
    {
        "bookingid": 2051
    },
    {
        "bookingid": 9058
    },
    {
        "bookingid": 1859
    },
    {
        "bookingid": 2415
    },
    {
        "bookingid": 3158
    },
    {
        "bookingid": 3146
    },
    {
        "bookingid": 7470
    },
    {
        "bookingid": 5798
    },
    {
        "bookingid": 424
    },
    {
        "bookingid": 7132
    },
    {
        "bookingid": 487
    },
    {
        "bookingid": 12
    },
    {
        "bookingid": 3348
    },
    {
        "bookingid": 7879
    },
    {
        "bookingid": 8208
    },
    {
        "bookingid": 1725
    },
    {
        "bookingid": 865
    },
    {
        "bookingid": 7592
    },
    {
        "bookingid": 4074
    },
    {
        "bookingid": 8107
    },
    {
        "bookingid": 5822
    },
    {
        "bookingid": 921
    },
    {
        "bookingid": 1257
    },
    {
        "bookingid": 5323
    },
    {
        "bookingid": 8021
    },
    {
        "bookingid": 6413
    },
    {
        "bookingid": 4722
    },
    {
        "bookingid": 2614
    },
    {
        "bookingid": 1409
    },
    {
        "bookingid": 3251
    },
    {
        "bookingid": 264
    },
    {
        "bookingid": 5356
    },
    {
        "bookingid": 1421
    },
    {
        "bookingid": 7808
    },
    {
        "bookingid": 191
    },
    {
        "bookingid": 4077
    },
    {
        "bookingid": 6122
    },
    {
        "bookingid": 4555
    },
    {
        "bookingid": 8865
    },
    {
        "bookingid": 6929
    },
    {
        "bookingid": 8278
    },
    {
        "bookingid": 1003
    },
    {
        "bookingid": 223
    },
    {
        "bookingid": 7097
    },
    {
        "bookingid": 4551
    },
    {
        "bookingid": 1044
    },
    {
        "bookingid": 211
    },
    {
        "bookingid": 3121
    },
    {
        "bookingid": 1181
    },
    {
        "bookingid": 187
    },
    {
        "bookingid": 8112
    },
    {
        "bookingid": 870
    },
    {
        "bookingid": 6210
    },
    {
        "bookingid": 5173
    },
    {
        "bookingid": 7580
    },
    {
        "bookingid": 6025
    },
    {
        "bookingid": 3621
    },
    {
        "bookingid": 6370
    },
    {
        "bookingid": 7138
    },
    {
        "bookingid": 4151
    },
    {
        "bookingid": 3035
    },
    {
        "bookingid": 3597
    },
    {
        "bookingid": 2846
    },
    {
        "bookingid": 3066
    },
    {
        "bookingid": 1483
    },
    {
        "bookingid": 5033
    },
    {
        "bookingid": 4428
    },
    {
        "bookingid": 1827
    },
    {
        "bookingid": 3318
    },
    {
        "bookingid": 838
    },
    {
        "bookingid": 4482
    },
    {
        "bookingid": 7573
    },
    {
        "bookingid": 4186
    },
    {
        "bookingid": 6252
    },
    {
        "bookingid": 8177
    },
    {
        "bookingid": 7486
    },
    {
        "bookingid": 1294
    },
    {
        "bookingid": 4346
    },
    {
        "bookingid": 5840
    },
    {
        "bookingid": 8800
    },
    {
        "bookingid": 1116
    },
    {
        "bookingid": 6234
    },
    {
        "bookingid": 5680
    },
    {
        "bookingid": 6159
    },
    {
        "bookingid": 3827
    },
    {
        "bookingid": 2295
    },
    {
        "bookingid": 461
    },
    {
        "bookingid": 4686
    },
    {
        "bookingid": 1772
    },
    {
        "bookingid": 7219
    },
    {
        "bookingid": 1986
    },
    {
        "bookingid": 3618
    },
    {
        "bookingid": 4673
    },
    {
        "bookingid": 7054
    },
    {
        "bookingid": 6069
    },
    {
        "bookingid": 7374
    },
    {
        "bookingid": 5332
    },
    {
        "bookingid": 4166
    },
    {
        "bookingid": 7741
    },
    {
        "bookingid": 8370
    },
    {
        "bookingid": 5387
    },
    {
        "bookingid": 3148
    },
    {
        "bookingid": 4865
    },
    {
        "bookingid": 2114
    },
    {
        "bookingid": 3
    },
    {
        "bookingid": 1899
    },
    {
        "bookingid": 7382
    },
    {
        "bookingid": 6312
    },
    {
        "bookingid": 4013
    },
    {
        "bookingid": 6508
    },
    {
        "bookingid": 635
    },
    {
        "bookingid": 6417
    },
    {
        "bookingid": 5587
    },
    {
        "bookingid": 6486
    },
    {
        "bookingid": 2734
    },
    {
        "bookingid": 7351
    },
    {
        "bookingid": 8216
    },
    {
        "bookingid": 3277
    },
    {
        "bookingid": 5391
    },
    {
        "bookingid": 6272
    },
    {
        "bookingid": 3670
    },
    {
        "bookingid": 6732
    },
    {
        "bookingid": 5248
    },
    {
        "bookingid": 6605
    },
    {
        "bookingid": 7260
    },
    {
        "bookingid": 4476
    },
    {
        "bookingid": 5833
    },
    {
        "bookingid": 1538
    },
    {
        "bookingid": 6433
    },
    {
        "bookingid": 3738
    },
    {
        "bookingid": 7982
    },
    {
        "bookingid": 253
    },
    {
        "bookingid": 3747
    },
    {
        "bookingid": 6105
    },
    {
        "bookingid": 8475
    },
    {
        "bookingid": 7175
    },
    {
        "bookingid": 2317
    },
    {
        "bookingid": 57
    },
    {
        "bookingid": 3685
    },
    {
        "bookingid": 8820
    },
    {
        "bookingid": 2532
    },
    {
        "bookingid": 8538
    },
    {
        "bookingid": 5723
    },
    {
        "bookingid": 7359
    },
    {
        "bookingid": 4292
    },
    {
        "bookingid": 858
    },
    {
        "bookingid": 3945
    },
    {
        "bookingid": 7726
    },
    {
        "bookingid": 1074
    },
    {
        "bookingid": 3865
    },
    {
        "bookingid": 3587
    },
    {
        "bookingid": 6537
    },
    {
        "bookingid": 3570
    },
    {
        "bookingid": 2776
    },
    {
        "bookingid": 8335
    },
    {
        "bookingid": 7074
    },
    {
        "bookingid": 3210
    },
    {
        "bookingid": 284
    },
    {
        "bookingid": 915
    },
    {
        "bookingid": 8503
    },
    {
        "bookingid": 2456
    },
    {
        "bookingid": 6896
    },
    {
        "bookingid": 220
    },
    {
        "bookingid": 6271
    },
    {
        "bookingid": 2619
    },
    {
        "bookingid": 3898
    },
    {
        "bookingid": 8477
    },
    {
        "bookingid": 6646
    },
    {
        "bookingid": 1137
    },
    {
        "bookingid": 5812
    },
    {
        "bookingid": 9060
    },
    {
        "bookingid": 210
    },
    {
        "bookingid": 2277
    },
    {
        "bookingid": 934
    },
    {
        "bookingid": 6699
    },
    {
        "bookingid": 5637
    },
    {
        "bookingid": 791
    },
    {
        "bookingid": 1965
    },
    {
        "bookingid": 176
    },
    {
        "bookingid": 8755
    },
    {
        "bookingid": 6998
    },
    {
        "bookingid": 15
    },
    {
        "bookingid": 5645
    },
    {
        "bookingid": 1325
    },
    {
        "bookingid": 2403
    },
    {
        "bookingid": 442
    },
    {
        "bookingid": 4093
    },
    {
        "bookingid": 3909
    },
    {
        "bookingid": 5720
    },
    {
        "bookingid": 8882
    },
    {
        "bookingid": 5739
    },
    {
        "bookingid": 1628
    },
    {
        "bookingid": 302
    },
    {
        "bookingid": 6221
    },
    {
        "bookingid": 8899
    },
    {
        "bookingid": 3536
    },
    {
        "bookingid": 605
    },
    {
        "bookingid": 8520
    },
    {
        "bookingid": 3949
    },
    {
        "bookingid": 6566
    },
    {
        "bookingid": 7869
    },
    {
        "bookingid": 3640
    },
    {
        "bookingid": 7398
    },
    {
        "bookingid": 8406
    },
    {
        "bookingid": 8124
    },
    {
        "bookingid": 753
    },
    {
        "bookingid": 3082
    },
    {
        "bookingid": 5220
    },
    {
        "bookingid": 3634
    },
    {
        "bookingid": 7014
    },
    {
        "bookingid": 6012
    },
    {
        "bookingid": 3166
    },
    {
        "bookingid": 5158
    },
    {
        "bookingid": 5610
    },
    {
        "bookingid": 5746
    },
    {
        "bookingid": 2810
    },
    {
        "bookingid": 472
    },
    {
        "bookingid": 8869
    },
    {
        "bookingid": 6224
    },
    {
        "bookingid": 180
    },
    {
        "bookingid": 2839
    },
    {
        "bookingid": 9064
    },
    {
        "bookingid": 7543
    },
    {
        "bookingid": 1900
    },
    {
        "bookingid": 7125
    },
    {
        "bookingid": 6444
    },
    {
        "bookingid": 5453
    },
    {
        "bookingid": 124
    },
    {
        "bookingid": 93
    },
    {
        "bookingid": 4789
    },
    {
        "bookingid": 5344
    },
    {
        "bookingid": 7892
    },
    {
        "bookingid": 7128
    },
    {
        "bookingid": 2486
    },
    {
        "bookingid": 2268
    },
    {
        "bookingid": 4501
    },
    {
        "bookingid": 619
    },
    {
        "bookingid": 5899
    },
    {
        "bookingid": 3398
    },
    {
        "bookingid": 3019
    },
    {
        "bookingid": 3264
    },
    {
        "bookingid": 4477
    },
    {
        "bookingid": 7866
    },
    {
        "bookingid": 3989
    },
    {
        "bookingid": 3619
    },
    {
        "bookingid": 8310
    },
    {
        "bookingid": 1627
    },
    {
        "bookingid": 660
    },
    {
        "bookingid": 1089
    },
    {
        "bookingid": 8656
    },
    {
        "bookingid": 2680
    },
    {
        "bookingid": 2297
    },
    {
        "bookingid": 4757
    },
    {
        "bookingid": 8197
    },
    {
        "bookingid": 817
    },
    {
        "bookingid": 5372
    },
    {
        "bookingid": 6314
    },
    {
        "bookingid": 8190
    },
    {
        "bookingid": 7512
    },
    {
        "bookingid": 709
    },
    {
        "bookingid": 8298
    },
    {
        "bookingid": 295
    },
    {
        "bookingid": 8057
    },
    {
        "bookingid": 1293
    },
    {
        "bookingid": 3559
    },
    {
        "bookingid": 6165
    },
    {
        "bookingid": 7806
    },
    {
        "bookingid": 4371
    },
    {
        "bookingid": 2563
    },
    {
        "bookingid": 7746
    },
    {
        "bookingid": 8711
    },
    {
        "bookingid": 5018
    },
    {
        "bookingid": 9041
    },
    {
        "bookingid": 7
    },
    {
        "bookingid": 1026
    },
    {
        "bookingid": 7089
    },
    {
        "bookingid": 5404
    },
    {
        "bookingid": 6670
    },
    {
        "bookingid": 8030
    },
    {
        "bookingid": 3186
    },
    {
        "bookingid": 1537
    },
    {
        "bookingid": 5596
    },
    {
        "bookingid": 6286
    },
    {
        "bookingid": 2510
    },
    {
        "bookingid": 935
    },
    {
        "bookingid": 2389
    },
    {
        "bookingid": 1223
    },
    {
        "bookingid": 4810
    },
    {
        "bookingid": 9019
    },
    {
        "bookingid": 2102
    },
    {
        "bookingid": 2391
    },
    {
        "bookingid": 3628
    },
    {
        "bookingid": 4972
    },
    {
        "bookingid": 5559
    },
    {
        "bookingid": 7870
    },
    {
        "bookingid": 2338
    },
    {
        "bookingid": 6463
    },
    {
        "bookingid": 7422
    },
    {
        "bookingid": 161
    },
    {
        "bookingid": 5414
    },
    {
        "bookingid": 2592
    },
    {
        "bookingid": 2833
    },
    {
        "bookingid": 8998
    },
    {
        "bookingid": 3995
    },
    {
        "bookingid": 826
    },
    {
        "bookingid": 8286
    },
    {
        "bookingid": 7676
    },
    {
        "bookingid": 987
    },
    {
        "bookingid": 7704
    },
    {
        "bookingid": 3105
    },
    {
        "bookingid": 6427
    },
    {
        "bookingid": 371
    },
    {
        "bookingid": 4421
    },
    {
        "bookingid": 8142
    },
    {
        "bookingid": 1937
    },
    {
        "bookingid": 7539
    },
    {
        "bookingid": 9191
    },
    {
        "bookingid": 2926
    },
    {
        "bookingid": 9054
    },
    {
        "bookingid": 4249
    },
    {
        "bookingid": 328
    },
    {
        "bookingid": 658
    },
    {
        "bookingid": 2974
    },
    {
        "bookingid": 5673
    },
    {
        "bookingid": 5083
    },
    {
        "bookingid": 1783
    },
    {
        "bookingid": 367
    },
    {
        "bookingid": 621
    },
    {
        "bookingid": 8910
    },
    {
        "bookingid": 3633
    },
    {
        "bookingid": 4218
    },
    {
        "bookingid": 412
    },
    {
        "bookingid": 99
    },
    {
        "bookingid": 5652
    },
    {
        "bookingid": 7134
    },
    {
        "bookingid": 405
    },
    {
        "bookingid": 3806
    },
    {
        "bookingid": 4022
    },
    {
        "bookingid": 2065
    },
    {
        "bookingid": 3650
    },
    {
        "bookingid": 3485
    },
    {
        "bookingid": 3556
    },
    {
        "bookingid": 8606
    },
    {
        "bookingid": 5891
    },
    {
        "bookingid": 249
    },
    {
        "bookingid": 7402
    },
    {
        "bookingid": 1861
    },
    {
        "bookingid": 5748
    },
    {
        "bookingid": 655
    },
    {
        "bookingid": 2373
    },
    {
        "bookingid": 4558
    },
    {
        "bookingid": 1494
    },
    {
        "bookingid": 5638
    },
    {
        "bookingid": 7010
    },
    {
        "bookingid": 849
    },
    {
        "bookingid": 290
    },
    {
        "bookingid": 5303
    },
    {
        "bookingid": 4232
    },
    {
        "bookingid": 973
    },
    {
        "bookingid": 6554
    },
    {
        "bookingid": 6758
    },
    {
        "bookingid": 9181
    },
    {
        "bookingid": 7223
    },
    {
        "bookingid": 964
    },
    {
        "bookingid": 7481
    },
    {
        "bookingid": 1239
    },
    {
        "bookingid": 4546
    },
    {
        "bookingid": 8029
    },
    {
        "bookingid": 6379
    },
    {
        "bookingid": 7071
    },
    {
        "bookingid": 2965
    },
    {
        "bookingid": 693
    },
    {
        "bookingid": 3690
    },
    {
        "bookingid": 4885
    },
    {
        "bookingid": 6425
    },
    {
        "bookingid": 7937
    },
    {
        "bookingid": 3387
    },
    {
        "bookingid": 5793
    },
    {
        "bookingid": 8195
    },
    {
        "bookingid": 2239
    },
    {
        "bookingid": 3043
    },
    {
        "bookingid": 8455
    },
    {
        "bookingid": 3420
    },
    {
        "bookingid": 752
    },
    {
        "bookingid": 2883
    },
    {
        "bookingid": 5249
    },
    {
        "bookingid": 1789
    },
    {
        "bookingid": 4451
    },
    {
        "bookingid": 1033
    },
    {
        "bookingid": 6715
    },
    {
        "bookingid": 4241
    },
    {
        "bookingid": 1017
    },
    {
        "bookingid": 1662
    },
    {
        "bookingid": 495
    },
    {
        "bookingid": 3405
    },
    {
        "bookingid": 2351
    },
    {
        "bookingid": 5693
    },
    {
        "bookingid": 4411
    },
    {
        "bookingid": 1777
    },
    {
        "bookingid": 7831
    },
    {
        "bookingid": 3849
    },
    {
        "bookingid": 6070
    },
    {
        "bookingid": 1138
    },
    {
        "bookingid": 8461
    },
    {
        "bookingid": 65
    },
    {
        "bookingid": 3915
    },
    {
        "bookingid": 3609
    },
    {
        "bookingid": 6613
    },
    {
        "bookingid": 5281
    },
    {
        "bookingid": 5472
    },
    {
        "bookingid": 1406
    },
    {
        "bookingid": 3564
    },
    {
        "bookingid": 8001
    },
    {
        "bookingid": 9196
    },
    {
        "bookingid": 638
    },
    {
        "bookingid": 7169
    },
    {
        "bookingid": 1336
    },
    {
        "bookingid": 8341
    },
    {
        "bookingid": 1622
    },
    {
        "bookingid": 2882
    },
    {
        "bookingid": 3798
    },
    {
        "bookingid": 5211
    },
    {
        "bookingid": 4374
    },
    {
        "bookingid": 4412
    },
    {
        "bookingid": 3115
    },
    {
        "bookingid": 3939
    },
    {
        "bookingid": 146
    },
    {
        "bookingid": 4660
    },
    {
        "bookingid": 3941
    },
    {
        "bookingid": 8932
    },
    {
        "bookingid": 1059
    },
    {
        "bookingid": 5595
    },
    {
        "bookingid": 7978
    },
    {
        "bookingid": 1180
    },
    {
        "bookingid": 2179
    },
    {
        "bookingid": 8281
    },
    {
        "bookingid": 8555
    },
    {
        "bookingid": 5562
    },
    {
        "bookingid": 1051
    },
    {
        "bookingid": 3975
    },
    {
        "bookingid": 5733
    },
    {
        "bookingid": 1894
    },
    {
        "bookingid": 8343
    },
    {
        "bookingid": 4645
    },
    {
        "bookingid": 3677
    },
    {
        "bookingid": 6538
    },
    {
        "bookingid": 7798
    },
    {
        "bookingid": 3249
    },
    {
        "bookingid": 9035
    },
    {
        "bookingid": 5700
    },
    {
        "bookingid": 3370
    },
    {
        "bookingid": 1543
    },
    {
        "bookingid": 8671
    },
    {
        "bookingid": 6589
    },
    {
        "bookingid": 6897
    },
    {
        "bookingid": 1449
    },
    {
        "bookingid": 1243
    },
    {
        "bookingid": 6972
    },
    {
        "bookingid": 2371
    },
    {
        "bookingid": 400
    },
    {
        "bookingid": 5868
    },
    {
        "bookingid": 3756
    },
    {
        "bookingid": 4073
    },
    {
        "bookingid": 1140
    },
    {
        "bookingid": 4274
    },
    {
        "bookingid": 2613
    },
    {
        "bookingid": 6631
    },
    {
        "bookingid": 3025
    },
    {
        "bookingid": 5953
    },
    {
        "bookingid": 3213
    },
    {
        "bookingid": 8407
    },
    {
        "bookingid": 2309
    },
    {
        "bookingid": 8529
    },
    {
        "bookingid": 7944
    },
    {
        "bookingid": 505
    },
    {
        "bookingid": 6523
    },
    {
        "bookingid": 6196
    },
    {
        "bookingid": 5122
    },
    {
        "bookingid": 6005
    },
    {
        "bookingid": 5136
    },
    {
        "bookingid": 653
    },
    {
        "bookingid": 6362
    },
    {
        "bookingid": 5702
    },
    {
        "bookingid": 239
    },
    {
        "bookingid": 1974
    },
    {
        "bookingid": 7702
    },
    {
        "bookingid": 6282
    },
    {
        "bookingid": 7333
    },
    {
        "bookingid": 309
    },
    {
        "bookingid": 1513
    },
    {
        "bookingid": 4031
    },
    {
        "bookingid": 4237
    },
    {
        "bookingid": 418
    },
    {
        "bookingid": 3497
    },
    {
        "bookingid": 4101
    },
    {
        "bookingid": 6863
    },
    {
        "bookingid": 6772
    },
    {
        "bookingid": 6518
    },
    {
        "bookingid": 8828
    },
    {
        "bookingid": 378
    },
    {
        "bookingid": 477
    },
    {
        "bookingid": 891
    },
    {
        "bookingid": 6203
    },
    {
        "bookingid": 2050
    },
    {
        "bookingid": 2536
    },
    {
        "bookingid": 5352
    },
    {
        "bookingid": 727
    },
    {
        "bookingid": 7120
    },
    {
        "bookingid": 5614
    },
    {
        "bookingid": 3293
    },
    {
        "bookingid": 4054
    },
    {
        "bookingid": 4708
    },
    {
        "bookingid": 5731
    },
    {
        "bookingid": 4246
    },
    {
        "bookingid": 6053
    },
    {
        "bookingid": 3164
    },
    {
        "bookingid": 8460
    },
    {
        "bookingid": 2496
    },
    {
        "bookingid": 984
    },
    {
        "bookingid": 5980
    },
    {
        "bookingid": 8404
    },
    {
        "bookingid": 890
    },
    {
        "bookingid": 1314
    },
    {
        "bookingid": 4770
    },
    {
        "bookingid": 7446
    },
    {
        "bookingid": 382
    },
    {
        "bookingid": 91
    },
    {
        "bookingid": 4665
    },
    {
        "bookingid": 513
    },
    {
        "bookingid": 1895
    },
    {
        "bookingid": 3721
    },
    {
        "bookingid": 2696
    },
    {
        "bookingid": 3021
    },
    {
        "bookingid": 3328
    },
    {
        "bookingid": 625
    },
    {
        "bookingid": 7507
    },
    {
        "bookingid": 998
    },
    {
        "bookingid": 7114
    },
    {
        "bookingid": 1235
    },
    {
        "bookingid": 5943
    },
    {
        "bookingid": 841
    },
    {
        "bookingid": 4464
    },
    {
        "bookingid": 5035
    },
    {
        "bookingid": 8284
    },
    {
        "bookingid": 7020
    },
    {
        "bookingid": 5851
    },
    {
        "bookingid": 6834
    },
    {
        "bookingid": 8995
    },
    {
        "bookingid": 4518
    },
    {
        "bookingid": 2283
    },
    {
        "bookingid": 1755
    },
    {
        "bookingid": 4589
    },
    {
        "bookingid": 503
    },
    {
        "bookingid": 4034
    },
    {
        "bookingid": 978
    },
    {
        "bookingid": 2169
    },
    {
        "bookingid": 2539
    },
    {
        "bookingid": 3272
    },
    {
        "bookingid": 6077
    },
    {
        "bookingid": 4987
    },
    {
        "bookingid": 4621
    },
    {
        "bookingid": 1952
    },
    {
        "bookingid": 2940
    },
    {
        "bookingid": 6931
    },
    {
        "bookingid": 1021
    },
    {
        "bookingid": 8769
    },
    {
        "bookingid": 974
    },
    {
        "bookingid": 5358
    },
    {
        "bookingid": 8809
    },
    {
        "bookingid": 2648
    },
    {
        "bookingid": 2489
    },
    {
        "bookingid": 4478
    },
    {
        "bookingid": 3820
    },
    {
        "bookingid": 3812
    },
    {
        "bookingid": 606
    },
    {
        "bookingid": 8165
    },
    {
        "bookingid": 4609
    },
    {
        "bookingid": 8783
    },
    {
        "bookingid": 2244
    },
    {
        "bookingid": 5231
    },
    {
        "bookingid": 5983
    },
    {
        "bookingid": 5958
    },
    {
        "bookingid": 2090
    },
    {
        "bookingid": 3477
    },
    {
        "bookingid": 3397
    },
    {
        "bookingid": 3155
    },
    {
        "bookingid": 1869
    },
    {
        "bookingid": 8570
    },
    {
        "bookingid": 2948
    },
    {
        "bookingid": 353
    },
    {
        "bookingid": 3290
    },
    {
        "bookingid": 8014
    },
    {
        "bookingid": 1286
    },
    {
        "bookingid": 6731
    },
    {
        "bookingid": 7706
    },
    {
        "bookingid": 3010
    },
    {
        "bookingid": 6990
    },
    {
        "bookingid": 1082
    },
    {
        "bookingid": 9091
    },
    {
        "bookingid": 6857
    },
    {
        "bookingid": 7641
    },
    {
        "bookingid": 808
    },
    {
        "bookingid": 885
    },
    {
        "bookingid": 4503
    },
    {
        "bookingid": 4173
    },
    {
        "bookingid": 6327
    },
    {
        "bookingid": 3656
    },
    {
        "bookingid": 8676
    },
    {
        "bookingid": 4288
    },
    {
        "bookingid": 6609
    },
    {
        "bookingid": 1947
    },
    {
        "bookingid": 3617
    },
    {
        "bookingid": 6355
    },
    {
        "bookingid": 4298
    },
    {
        "bookingid": 1949
    },
    {
        "bookingid": 818
    },
    {
        "bookingid": 8432
    },
    {
        "bookingid": 8949
    },
    {
        "bookingid": 8501
    },
    {
        "bookingid": 2958
    },
    {
        "bookingid": 5027
    },
    {
        "bookingid": 4157
    },
    {
        "bookingid": 4049
    },
    {
        "bookingid": 8258
    },
    {
        "bookingid": 8750
    },
    {
        "bookingid": 2690
    },
    {
        "bookingid": 4928
    },
    {
        "bookingid": 51
    },
    {
        "bookingid": 5337
    },
    {
        "bookingid": 5307
    },
    {
        "bookingid": 551
    },
    {
        "bookingid": 4021
    },
    {
        "bookingid": 2339
    },
    {
        "bookingid": 2516
    },
    {
        "bookingid": 2993
    },
    {
        "bookingid": 9184
    },
    {
        "bookingid": 1159
    },
    {
        "bookingid": 423
    },
    {
        "bookingid": 4382
    },
    {
        "bookingid": 4904
    },
    {
        "bookingid": 3603
    },
    {
        "bookingid": 2249
    },
    {
        "bookingid": 1905
    },
    {
        "bookingid": 1932
    },
    {
        "bookingid": 2643
    },
    {
        "bookingid": 8376
    },
    {
        "bookingid": 4845
    },
    {
        "bookingid": 2375
    },
    {
        "bookingid": 237
    },
    {
        "bookingid": 8630
    },
    {
        "bookingid": 6899
    },
    {
        "bookingid": 3267
    },
    {
        "bookingid": 6859
    },
    {
        "bookingid": 2250
    },
    {
        "bookingid": 5419
    },
    {
        "bookingid": 4098
    },
    {
        "bookingid": 3474
    },
    {
        "bookingid": 6217
    },
    {
        "bookingid": 4143
    },
    {
        "bookingid": 1793
    },
    {
        "bookingid": 6467
    },
    {
        "bookingid": 2316
    },
    {
        "bookingid": 8326
    },
    {
        "bookingid": 8145
    },
    {
        "bookingid": 9175
    },
    {
        "bookingid": 2397
    },
    {
        "bookingid": 11
    },
    {
        "bookingid": 8478
    },
    {
        "bookingid": 7712
    },
    {
        "bookingid": 5022
    },
    {
        "bookingid": 5208
    },
    {
        "bookingid": 6192
    },
    {
        "bookingid": 1993
    },
    {
        "bookingid": 5664
    },
    {
        "bookingid": 3817
    },
    {
        "bookingid": 3501
    },
    {
        "bookingid": 3253
    },
    {
        "bookingid": 4784
    },
    {
        "bookingid": 6336
    },
    {
        "bookingid": 1782
    },
    {
        "bookingid": 8837
    },
    {
        "bookingid": 5185
    },
    {
        "bookingid": 2328
    },
    {
        "bookingid": 1107
    },
    {
        "bookingid": 6250
    },
    {
        "bookingid": 3639
    },
    {
        "bookingid": 133
    },
    {
        "bookingid": 2616
    },
    {
        "bookingid": 8454
    },
    {
        "bookingid": 2895
    },
    {
        "bookingid": 3841
    },
    {
        "bookingid": 4980
    },
    {
        "bookingid": 402
    },
    {
        "bookingid": 2644
    },
    {
        "bookingid": 127
    },
    {
        "bookingid": 3950
    },
    {
        "bookingid": 3268
    },
    {
        "bookingid": 6754
    },
    {
        "bookingid": 165
    },
    {
        "bookingid": 8987
    },
    {
        "bookingid": 3080
    },
    {
        "bookingid": 4369
    },
    {
        "bookingid": 7842
    },
    {
        "bookingid": 6094
    },
    {
        "bookingid": 8062
    },
    {
        "bookingid": 8780
    },
    {
        "bookingid": 1009
    },
    {
        "bookingid": 3495
    },
    {
        "bookingid": 5528
    },
    {
        "bookingid": 9074
    },
    {
        "bookingid": 23
    },
    {
        "bookingid": 4194
    },
    {
        "bookingid": 1582
    },
    {
        "bookingid": 5890
    },
    {
        "bookingid": 3099
    },
    {
        "bookingid": 831
    },
    {
        "bookingid": 1987
    },
    {
        "bookingid": 6775
    },
    {
        "bookingid": 7164
    },
    {
        "bookingid": 5120
    },
    {
        "bookingid": 5771
    },
    {
        "bookingid": 3052
    },
    {
        "bookingid": 688
    },
    {
        "bookingid": 4567
    },
    {
        "bookingid": 1595
    },
    {
        "bookingid": 4863
    },
    {
        "bookingid": 2369
    },
    {
        "bookingid": 5787
    },
    {
        "bookingid": 5633
    },
    {
        "bookingid": 4747
    },
    {
        "bookingid": 4697
    },
    {
        "bookingid": 2915
    },
    {
        "bookingid": 7000
    },
    {
        "bookingid": 7785
    },
    {
        "bookingid": 3760
    },
    {
        "bookingid": 5310
    },
    {
        "bookingid": 8136
    },
    {
        "bookingid": 7881
    },
    {
        "bookingid": 281
    },
    {
        "bookingid": 2854
    },
    {
        "bookingid": 7560
    },
    {
        "bookingid": 6063
    },
    {
        "bookingid": 4920
    },
    {
        "bookingid": 1509
    },
    {
        "bookingid": 14
    },
    {
        "bookingid": 717
    },
    {
        "bookingid": 6211
    },
    {
        "bookingid": 8095
    },
    {
        "bookingid": 8847
    },
    {
        "bookingid": 8931
    },
    {
        "bookingid": 2800
    },
    {
        "bookingid": 1806
    },
    {
        "bookingid": 7365
    },
    {
        "bookingid": 2120
    },
    {
        "bookingid": 2266
    },
    {
        "bookingid": 6841
    },
    {
        "bookingid": 8822
    },
    {
        "bookingid": 1493
    },
    {
        "bookingid": 322
    },
    {
        "bookingid": 3180
    },
    {
        "bookingid": 1083
    },
    {
        "bookingid": 6906
    },
    {
        "bookingid": 5374
    },
    {
        "bookingid": 3892
    },
    {
        "bookingid": 8126
    },
    {
        "bookingid": 8757
    },
    {
        "bookingid": 2296
    },
    {
        "bookingid": 3302
    },
    {
        "bookingid": 6770
    },
    {
        "bookingid": 1233
    },
    {
        "bookingid": 108
    },
    {
        "bookingid": 4272
    },
    {
        "bookingid": 2535
    },
    {
        "bookingid": 2658
    },
    {
        "bookingid": 5
    },
    {
        "bookingid": 7331
    },
    {
        "bookingid": 2416
    },
    {
        "bookingid": 2469
    },
    {
        "bookingid": 3113
    },
    {
        "bookingid": 225
    },
    {
        "bookingid": 5661
    },
    {
        "bookingid": 3355
    },
    {
        "bookingid": 508
    },
    {
        "bookingid": 2347
    },
    {
        "bookingid": 3842
    },
    {
        "bookingid": 7980
    },
    {
        "bookingid": 6776
    },
    {
        "bookingid": 7588
    },
    {
        "bookingid": 5412
    },
    {
        "bookingid": 8442
    },
    {
        "bookingid": 4468
    },
    {
        "bookingid": 9050
    },
    {
        "bookingid": 1852
    },
    {
        "bookingid": 69
    },
    {
        "bookingid": 8267
    },
    {
        "bookingid": 2777
    },
    {
        "bookingid": 7820
    },
    {
        "bookingid": 1904
    },
    {
        "bookingid": 8582
    },
    {
        "bookingid": 516
    },
    {
        "bookingid": 8929
    },
    {
        "bookingid": 5245
    },
    {
        "bookingid": 5938
    },
    {
        "bookingid": 8275
    },
    {
        "bookingid": 7815
    },
    {
        "bookingid": 4339
    },
    {
        "bookingid": 2760
    },
    {
        "bookingid": 3630
    },
    {
        "bookingid": 5495
    },
    {
        "bookingid": 5813
    },
    {
        "bookingid": 2262
    },
    {
        "bookingid": 3117
    },
    {
        "bookingid": 174
    },
    {
        "bookingid": 3389
    },
    {
        "bookingid": 1703
    },
    {
        "bookingid": 3416
    },
    {
        "bookingid": 5717
    },
    {
        "bookingid": 3163
    },
    {
        "bookingid": 1471
    },
    {
        "bookingid": 288
    },
    {
        "bookingid": 8723
    },
    {
        "bookingid": 8054
    },
    {
        "bookingid": 5845
    },
    {
        "bookingid": 9002
    },
    {
        "bookingid": 5274
    },
    {
        "bookingid": 3961
    },
    {
        "bookingid": 8622
    },
    {
        "bookingid": 2746
    },
    {
        "bookingid": 8102
    },
    {
        "bookingid": 7025
    },
    {
        "bookingid": 5176
    },
    {
        "bookingid": 1065
    },
    {
        "bookingid": 896
    },
    {
        "bookingid": 9007
    },
    {
        "bookingid": 1633
    },
    {
        "bookingid": 7550
    },
    {
        "bookingid": 5036
    },
    {
        "bookingid": 6322
    },
    {
        "bookingid": 925
    },
    {
        "bookingid": 4144
    },
    {
        "bookingid": 6788
    },
    {
        "bookingid": 790
    },
    {
        "bookingid": 7878
    },
    {
        "bookingid": 6226
    },
    {
        "bookingid": 9122
    },
    {
        "bookingid": 4819
    },
    {
        "bookingid": 2654
    },
    {
        "bookingid": 488
    },
    {
        "bookingid": 5931
    },
    {
        "bookingid": 6667
    },
    {
        "bookingid": 5384
    },
    {
        "bookingid": 5257
    },
    {
        "bookingid": 408
    },
    {
        "bookingid": 5097
    },
    {
        "bookingid": 1969
    },
    {
        "bookingid": 1746
    },
    {
        "bookingid": 1804
    },
    {
        "bookingid": 3279
    },
    {
        "bookingid": 970
    },
    {
        "bookingid": 8864
    },
    {
        "bookingid": 9102
    },
    {
        "bookingid": 5411
    },
    {
        "bookingid": 2028
    },
    {
        "bookingid": 3022
    },
    {
        "bookingid": 3897
    },
    {
        "bookingid": 6071
    },
    {
        "bookingid": 6522
    },
    {
        "bookingid": 1480
    },
    {
        "bookingid": 8158
    },
    {
        "bookingid": 5233
    },
    {
        "bookingid": 691
    },
    {
        "bookingid": 8500
    },
    {
        "bookingid": 7701
    },
    {
        "bookingid": 1565
    },
    {
        "bookingid": 3722
    },
    {
        "bookingid": 7653
    },
    {
        "bookingid": 8485
    },
    {
        "bookingid": 6662
    },
    {
        "bookingid": 8897
    },
    {
        "bookingid": 5317
    },
    {
        "bookingid": 8164
    },
    {
        "bookingid": 364
    },
    {
        "bookingid": 3958
    },
    {
        "bookingid": 229
    },
    {
        "bookingid": 6454
    },
    {
        "bookingid": 4880
    },
    {
        "bookingid": 2576
    },
    {
        "bookingid": 4687
    },
    {
        "bookingid": 8928
    },
    {
        "bookingid": 956
    },
    {
        "bookingid": 6745
    },
    {
        "bookingid": 1424
    },
    {
        "bookingid": 2661
    },
    {
        "bookingid": 5153
    },
    {
        "bookingid": 8104
    },
    {
        "bookingid": 6943
    },
    {
        "bookingid": 4025
    },
    {
        "bookingid": 216
    },
    {
        "bookingid": 2752
    },
    {
        "bookingid": 7762
    },
    {
        "bookingid": 8651
    },
    {
        "bookingid": 5247
    },
    {
        "bookingid": 5267
    },
    {
        "bookingid": 7600
    },
    {
        "bookingid": 1847
    },
    {
        "bookingid": 3770
    },
    {
        "bookingid": 8667
    },
    {
        "bookingid": 1498
    },
    {
        "bookingid": 2975
    },
    {
        "bookingid": 1038
    },
    {
        "bookingid": 3167
    },
    {
        "bookingid": 6903
    },
    {
        "bookingid": 6140
    },
    {
        "bookingid": 8720
    },
    {
        "bookingid": 3373
    },
    {
        "bookingid": 1149
    },
    {
        "bookingid": 3638
    },
    {
        "bookingid": 1520
    },
    {
        "bookingid": 5082
    },
    {
        "bookingid": 2385
    },
    {
        "bookingid": 3850
    },
    {
        "bookingid": 1770
    },
    {
        "bookingid": 3821
    },
    {
        "bookingid": 7737
    },
    {
        "bookingid": 5936
    },
    {
        "bookingid": 8643
    },
    {
        "bookingid": 3737
    },
    {
        "bookingid": 448
    },
    {
        "bookingid": 859
    },
    {
        "bookingid": 1106
    },
    {
        "bookingid": 268
    },
    {
        "bookingid": 4706
    },
    {
        "bookingid": 5815
    },
    {
        "bookingid": 4597
    },
    {
        "bookingid": 2406
    },
    {
        "bookingid": 1317
    },
    {
        "bookingid": 5924
    },
    {
        "bookingid": 8568
    },
    {
        "bookingid": 8768
    },
    {
        "bookingid": 8259
    },
    {
        "bookingid": 8296
    },
    {
        "bookingid": 3994
    },
    {
        "bookingid": 2843
    },
    {
        "bookingid": 6088
    },
    {
        "bookingid": 1658
    },
    {
        "bookingid": 2422
    },
    {
        "bookingid": 6157
    },
    {
        "bookingid": 7541
    },
    {
        "bookingid": 1213
    },
    {
        "bookingid": 9182
    },
    {
        "bookingid": 4469
    },
    {
        "bookingid": 5752
    },
    {
        "bookingid": 2197
    },
    {
        "bookingid": 6611
    },
    {
        "bookingid": 7872
    },
    {
        "bookingid": 1540
    },
    {
        "bookingid": 4266
    },
    {
        "bookingid": 991
    },
    {
        "bookingid": 923
    },
    {
        "bookingid": 8377
    },
    {
        "bookingid": 7018
    },
    {
        "bookingid": 3688
    },
    {
        "bookingid": 8414
    },
    {
        "bookingid": 3749
    },
    {
        "bookingid": 2663
    },
    {
        "bookingid": 777
    },
    {
        "bookingid": 7895
    },
    {
        "bookingid": 3464
    },
    {
        "bookingid": 3983
    },
    {
        "bookingid": 7092
    },
    {
        "bookingid": 1675
    },
    {
        "bookingid": 9110
    },
    {
        "bookingid": 7127
    },
    {
        "bookingid": 44
    },
    {
        "bookingid": 244
    },
    {
        "bookingid": 6075
    },
    {
        "bookingid": 2392
    },
    {
        "bookingid": 6506
    },
    {
        "bookingid": 4364
    },
    {
        "bookingid": 4743
    },
    {
        "bookingid": 6308
    },
    {
        "bookingid": 1447
    },
    {
        "bookingid": 5716
    },
    {
        "bookingid": 1105
    },
    {
        "bookingid": 4929
    },
    {
        "bookingid": 3696
    },
    {
        "bookingid": 13
    },
    {
        "bookingid": 143
    },
    {
        "bookingid": 8918
    },
    {
        "bookingid": 6430
    },
    {
        "bookingid": 8222
    },
    {
        "bookingid": 8900
    },
    {
        "bookingid": 6889
    },
    {
        "bookingid": 370
    },
    {
        "bookingid": 3907
    },
    {
        "bookingid": 5367
    },
    {
        "bookingid": 8790
    },
    {
        "bookingid": 440
    },
    {
        "bookingid": 4903
    },
    {
        "bookingid": 8937
    },
    {
        "bookingid": 4356
    },
    {
        "bookingid": 961
    },
    {
        "bookingid": 4512
    },
    {
        "bookingid": 375
    },
    {
        "bookingid": 3457
    },
    {
        "bookingid": 2807
    },
    {
        "bookingid": 1365
    },
    {
        "bookingid": 5751
    },
    {
        "bookingid": 1452
    },
    {
        "bookingid": 4637
    },
    {
        "bookingid": 7926
    },
    {
        "bookingid": 3492
    },
    {
        "bookingid": 2719
    },
    {
        "bookingid": 3465
    },
    {
        "bookingid": 4627
    },
    {
        "bookingid": 3152
    },
    {
        "bookingid": 5626
    },
    {
        "bookingid": 6860
    },
    {
        "bookingid": 3871
    },
    {
        "bookingid": 16
    },
    {
        "bookingid": 3012
    },
    {
        "bookingid": 1504
    },
    {
        "bookingid": 7789
    },
    {
        "bookingid": 4852
    },
    {
        "bookingid": 3720
    },
    {
        "bookingid": 7147
    },
    {
        "bookingid": 1636
    },
    {
        "bookingid": 6925
    },
    {
        "bookingid": 518
    },
    {
        "bookingid": 3200
    },
    {
        "bookingid": 3702
    },
    {
        "bookingid": 6146
    },
    {
        "bookingid": 9113
    },
    {
        "bookingid": 1053
    },
    {
        "bookingid": 8274
    },
    {
        "bookingid": 8773
    },
    {
        "bookingid": 7361
    },
    {
        "bookingid": 1747
    },
    {
        "bookingid": 4596
    },
    {
        "bookingid": 9194
    },
    {
        "bookingid": 6636
    },
    {
        "bookingid": 1639
    },
    {
        "bookingid": 5918
    },
    {
        "bookingid": 6225
    },
    {
        "bookingid": 7253
    },
    {
        "bookingid": 3744
    },
    {
        "bookingid": 1654
    },
    {
        "bookingid": 8040
    },
    {
        "bookingid": 7008
    },
    {
        "bookingid": 4571
    },
    {
        "bookingid": 6231
    },
    {
        "bookingid": 7759
    },
    {
        "bookingid": 4216
    },
    {
        "bookingid": 3467
    },
    {
        "bookingid": 1394
    },
    {
        "bookingid": 5682
    },
    {
        "bookingid": 3704
    },
    {
        "bookingid": 8415
    },
    {
        "bookingid": 8645
    },
    {
        "bookingid": 3122
    },
    {
        "bookingid": 6074
    },
    {
        "bookingid": 8907
    },
    {
        "bookingid": 6755
    },
    {
        "bookingid": 2232
    },
    {
        "bookingid": 5271
    },
    {
        "bookingid": 2387
    },
    {
        "bookingid": 34
    },
    {
        "bookingid": 4825
    },
    {
        "bookingid": 8166
    },
    {
        "bookingid": 4198
    },
    {
        "bookingid": 7069
    },
    {
        "bookingid": 4926
    },
    {
        "bookingid": 3378
    },
    {
        "bookingid": 1542
    },
    {
        "bookingid": 5543
    },
    {
        "bookingid": 2538
    },
    {
        "bookingid": 7308
    },
    {
        "bookingid": 3425
    },
    {
        "bookingid": 3903
    },
    {
        "bookingid": 1277
    },
    {
        "bookingid": 586
    },
    {
        "bookingid": 8469
    },
    {
        "bookingid": 4324
    },
    {
        "bookingid": 7554
    },
    {
        "bookingid": 1341
    },
    {
        "bookingid": 6154
    },
    {
        "bookingid": 2639
    },
    {
        "bookingid": 3997
    },
    {
        "bookingid": 5180
    },
    {
        "bookingid": 8264
    },
    {
        "bookingid": 8205
    },
    {
        "bookingid": 4868
    },
    {
        "bookingid": 1152
    },
    {
        "bookingid": 7321
    },
    {
        "bookingid": 1601
    },
    {
        "bookingid": 9088
    },
    {
        "bookingid": 5782
    },
    {
        "bookingid": 3460
    },
    {
        "bookingid": 5954
    },
    {
        "bookingid": 3109
    },
    {
        "bookingid": 7576
    },
    {
        "bookingid": 9117
    },
    {
        "bookingid": 4761
    },
    {
        "bookingid": 5513
    },
    {
        "bookingid": 36
    },
    {
        "bookingid": 5254
    },
    {
        "bookingid": 3371
    },
    {
        "bookingid": 1342
    },
    {
        "bookingid": 1597
    },
    {
        "bookingid": 2306
    },
    {
        "bookingid": 1854
    },
    {
        "bookingid": 5978
    },
    {
        "bookingid": 1263
    },
    {
        "bookingid": 6174
    },
    {
        "bookingid": 5834
    },
    {
        "bookingid": 4978
    },
    {
        "bookingid": 1248
    },
    {
        "bookingid": 6685
    },
    {
        "bookingid": 6202
    },
    {
        "bookingid": 7502
    },
    {
        "bookingid": 212
    },
    {
        "bookingid": 3466
    },
    {
        "bookingid": 2577
    },
    {
        "bookingid": 238
    },
    {
        "bookingid": 7684
    },
    {
        "bookingid": 4528
    },
    {
        "bookingid": 1193
    },
    {
        "bookingid": 2438
    },
    {
        "bookingid": 3067
    },
    {
        "bookingid": 8041
    },
    {
        "bookingid": 5269
    },
    {
        "bookingid": 6009
    },
    {
        "bookingid": 8787
    },
    {
        "bookingid": 6548
    },
    {
        "bookingid": 4817
    },
    {
        "bookingid": 1292
    },
    {
        "bookingid": 6373
    },
    {
        "bookingid": 3785
    },
    {
        "bookingid": 8767
    },
    {
        "bookingid": 8591
    },
    {
        "bookingid": 7261
    },
    {
        "bookingid": 5577
    },
    {
        "bookingid": 4854
    },
    {
        "bookingid": 736
    },
    {
        "bookingid": 6786
    },
    {
        "bookingid": 1378
    },
    {
        "bookingid": 8476
    },
    {
        "bookingid": 6321
    },
    {
        "bookingid": 4070
    },
    {
        "bookingid": 5828
    },
    {
        "bookingid": 988
    },
    {
        "bookingid": 7790
    },
    {
        "bookingid": 7458
    },
    {
        "bookingid": 3810
    },
    {
        "bookingid": 1518
    },
    {
        "bookingid": 4154
    },
    {
        "bookingid": 1929
    },
    {
        "bookingid": 3653
    },
    {
        "bookingid": 128
    },
    {
        "bookingid": 4702
    },
    {
        "bookingid": 5129
    },
    {
        "bookingid": 6452
    },
    {
        "bookingid": 6705
    },
    {
        "bookingid": 6175
    },
    {
        "bookingid": 1486
    },
    {
        "bookingid": 7561
    },
    {
        "bookingid": 1889
    },
    {
        "bookingid": 2553
    },
    {
        "bookingid": 8225
    },
    {
        "bookingid": 7383
    },
    {
        "bookingid": 489
    },
    {
        "bookingid": 5835
    },
    {
        "bookingid": 2939
    },
    {
        "bookingid": 2461
    },
    {
        "bookingid": 8712
    },
    {
        "bookingid": 7695
    },
    {
        "bookingid": 6995
    },
    {
        "bookingid": 579
    },
    {
        "bookingid": 2591
    },
    {
        "bookingid": 8753
    },
    {
        "bookingid": 5198
    },
    {
        "bookingid": 7414
    },
    {
        "bookingid": 6690
    },
    {
        "bookingid": 3054
    },
    {
        "bookingid": 2459
    },
    {
        "bookingid": 186
    },
    {
        "bookingid": 1833
    },
    {
        "bookingid": 7763
    },
    {
        "bookingid": 5993
    },
    {
        "bookingid": 5127
    },
    {
        "bookingid": 4618
    },
    {
        "bookingid": 5758
    },
    {
        "bookingid": 6738
    },
    {
        "bookingid": 3411
    },
    {
        "bookingid": 1366
    },
    {
        "bookingid": 8437
    },
    {
        "bookingid": 1453
    },
    {
        "bookingid": 4866
    },
    {
        "bookingid": 5635
    },
    {
        "bookingid": 6464
    },
    {
        "bookingid": 1071
    },
    {
        "bookingid": 3075
    },
    {
        "bookingid": 749
    },
    {
        "bookingid": 1018
    },
    {
        "bookingid": 2310
    },
    {
        "bookingid": 7392
    },
    {
        "bookingid": 7157
    },
    {
        "bookingid": 2177
    },
    {
        "bookingid": 1215
    },
    {
        "bookingid": 8556
    },
    {
        "bookingid": 1077
    },
    {
        "bookingid": 7613
    },
    {
        "bookingid": 4202
    },
    {
        "bookingid": 7250
    },
    {
        "bookingid": 6169
    },
    {
        "bookingid": 7813
    },
    {
        "bookingid": 5525
    },
    {
        "bookingid": 3590
    },
    {
        "bookingid": 2455
    },
    {
        "bookingid": 7581
    },
    {
        "bookingid": 779
    },
    {
        "bookingid": 8666
    },
    {
        "bookingid": 1129
    },
    {
        "bookingid": 4486
    },
    {
        "bookingid": 2085
    },
    {
        "bookingid": 4510
    },
    {
        "bookingid": 7659
    },
    {
        "bookingid": 2174
    },
    {
        "bookingid": 9108
    },
    {
        "bookingid": 1550
    },
    {
        "bookingid": 4572
    },
    {
        "bookingid": 8130
    },
    {
        "bookingid": 1145
    },
    {
        "bookingid": 9154
    },
    {
        "bookingid": 8533
    },
    {
        "bookingid": 3408
    },
    {
        "bookingid": 5045
    },
    {
        "bookingid": 5464
    },
    {
        "bookingid": 6056
    },
    {
        "bookingid": 3184
    },
    {
        "bookingid": 8744
    },
    {
        "bookingid": 7343
    },
    {
        "bookingid": 6303
    },
    {
        "bookingid": 4782
    },
    {
        "bookingid": 7557
    },
    {
        "bookingid": 6403
    },
    {
        "bookingid": 3838
    },
    {
        "bookingid": 511
    },
    {
        "bookingid": 5962
    },
    {
        "bookingid": 5203
    },
    {
        "bookingid": 2400
    },
    {
        "bookingid": 7220
    },
    {
        "bookingid": 4585
    },
    {
        "bookingid": 5357
    },
    {
        "bookingid": 1399
    },
    {
        "bookingid": 3030
    },
    {
        "bookingid": 5986
    },
    {
        "bookingid": 1345
    },
    {
        "bookingid": 6661
    },
    {
        "bookingid": 121
    },
    {
        "bookingid": 746
    },
    {
        "bookingid": 1715
    },
    {
        "bookingid": 5599
    },
    {
        "bookingid": 7007
    },
    {
        "bookingid": 2941
    },
    {
        "bookingid": 7553
    },
    {
        "bookingid": 3661
    },
    {
        "bookingid": 7251
    },
    {
        "bookingid": 5085
    },
    {
        "bookingid": 8943
    },
    {
        "bookingid": 9079
    },
    {
        "bookingid": 5278
    },
    {
        "bookingid": 7954
    },
    {
        "bookingid": 3199
    },
    {
        "bookingid": 1189
    },
    {
        "bookingid": 2251
    },
    {
        "bookingid": 3447
    },
    {
        "bookingid": 8881
    },
    {
        "bookingid": 8596
    },
    {
        "bookingid": 1613
    },
    {
        "bookingid": 2509
    },
    {
        "bookingid": 1327
    },
    {
        "bookingid": 1130
    },
    {
        "bookingid": 2435
    },
    {
        "bookingid": 5618
    },
    {
        "bookingid": 8679
    },
    {
        "bookingid": 4837
    },
    {
        "bookingid": 8391
    },
    {
        "bookingid": 5462
    },
    {
        "bookingid": 1184
    },
    {
        "bookingid": 6195
    },
    {
        "bookingid": 2388
    },
    {
        "bookingid": 4927
    },
    {
        "bookingid": 6503
    },
    {
        "bookingid": 631
    },
    {
        "bookingid": 4375
    },
    {
        "bookingid": 9085
    },
    {
        "bookingid": 4664
    },
    {
        "bookingid": 3867
    },
    {
        "bookingid": 6287
    },
    {
        "bookingid": 9092
    },
    {
        "bookingid": 437
    },
    {
        "bookingid": 2359
    },
    {
        "bookingid": 2872
    },
    {
        "bookingid": 623
    },
    {
        "bookingid": 6761
    },
    {
        "bookingid": 5196
    },
    {
        "bookingid": 1252
    },
    {
        "bookingid": 9057
    },
    {
        "bookingid": 7433
    },
    {
        "bookingid": 4538
    },
    {
        "bookingid": 4258
    },
    {
        "bookingid": 7751
    },
    {
        "bookingid": 6199
    },
    {
        "bookingid": 5773
    },
    {
        "bookingid": 6964
    },
    {
        "bookingid": 6614
    },
    {
        "bookingid": 7536
    },
    {
        "bookingid": 8435
    },
    {
        "bookingid": 6024
    },
    {
        "bookingid": 6650
    },
    {
        "bookingid": 7267
    },
    {
        "bookingid": 7499
    },
    {
        "bookingid": 4104
    },
    {
        "bookingid": 6616
    },
    {
        "bookingid": 3605
    },
    {
        "bookingid": 667
    },
    {
        "bookingid": 232
    },
    {
        "bookingid": 1727
    },
    {
        "bookingid": 2125
    },
    {
        "bookingid": 6395
    },
    {
        "bookingid": 3947
    },
    {
        "bookingid": 2925
    },
    {
        "bookingid": 3335
    },
    {
        "bookingid": 2809
    },
    {
        "bookingid": 5067
    },
    {
        "bookingid": 1079
    },
    {
        "bookingid": 3381
    },
    {
        "bookingid": 444
    },
    {
        "bookingid": 7142
    },
    {
        "bookingid": 6457
    },
    {
        "bookingid": 1403
    },
    {
        "bookingid": 6792
    },
    {
        "bookingid": 2482
    },
    {
        "bookingid": 4417
    },
    {
        "bookingid": 7140
    },
    {
        "bookingid": 8781
    },
    {
        "bookingid": 471
    },
    {
        "bookingid": 4491
    },
    {
        "bookingid": 3372
    },
    {
        "bookingid": 5397
    },
    {
        "bookingid": 2555
    },
    {
        "bookingid": 8270
    },
    {
        "bookingid": 7558
    },
    {
        "bookingid": 4361
    },
    {
        "bookingid": 3341
    },
    {
        "bookingid": 948
    },
    {
        "bookingid": 5692
    },
    {
        "bookingid": 2057
    },
    {
        "bookingid": 1738
    },
    {
        "bookingid": 8090
    },
    {
        "bookingid": 3068
    },
    {
        "bookingid": 1619
    },
    {
        "bookingid": 313
    },
    {
        "bookingid": 565
    },
    {
        "bookingid": 4652
    },
    {
        "bookingid": 3118
    },
    {
        "bookingid": 6255
    },
    {
        "bookingid": 4000
    },
    {
        "bookingid": 4658
    },
    {
        "bookingid": 3380
    },
    {
        "bookingid": 1688
    },
    {
        "bookingid": 8966
    },
    {
        "bookingid": 5963
    },
    {
        "bookingid": 6171
    },
    {
        "bookingid": 1923
    },
    {
        "bookingid": 1709
    },
    {
        "bookingid": 7186
    },
    {
        "bookingid": 6186
    },
    {
        "bookingid": 1369
    },
    {
        "bookingid": 8279
    },
    {
        "bookingid": 2059
    },
    {
        "bookingid": 8307
    },
    {
        "bookingid": 4209
    },
    {
        "bookingid": 283
    },
    {
        "bookingid": 6065
    },
    {
        "bookingid": 8372
    },
    {
        "bookingid": 2159
    },
    {
        "bookingid": 8779
    },
    {
        "bookingid": 732
    },
    {
        "bookingid": 9151
    },
    {
        "bookingid": 5698
    },
    {
        "bookingid": 1354
    },
    {
        "bookingid": 8875
    },
    {
        "bookingid": 972
    },
    {
        "bookingid": 2720
    },
    {
        "bookingid": 5195
    },
    {
        "bookingid": 4638
    },
    {
        "bookingid": 3222
    },
    {
        "bookingid": 5116
    },
    {
        "bookingid": 2784
    },
    {
        "bookingid": 3093
    },
    {
        "bookingid": 8951
    },
    {
        "bookingid": 2814
    },
    {
        "bookingid": 2029
    },
    {
        "bookingid": 6680
    },
    {
        "bookingid": 7679
    },
    {
        "bookingid": 4099
    },
    {
        "bookingid": 3179
    },
    {
        "bookingid": 8975
    },
    {
        "bookingid": 8888
    },
    {
        "bookingid": 2257
    },
    {
        "bookingid": 2493
    },
    {
        "bookingid": 6577
    },
    {
        "bookingid": 3555
    },
    {
        "bookingid": 7177
    },
    {
        "bookingid": 3007
    },
    {
        "bookingid": 6090
    },
    {
        "bookingid": 9059
    },
    {
        "bookingid": 4610
    },
    {
        "bookingid": 5051
    },
    {
        "bookingid": 8894
    },
    {
        "bookingid": 1788
    },
    {
        "bookingid": 5041
    },
    {
        "bookingid": 1064
    },
    {
        "bookingid": 6547
    },
    {
        "bookingid": 1991
    },
    {
        "bookingid": 820
    },
    {
        "bookingid": 7477
    },
    {
        "bookingid": 8761
    },
    {
        "bookingid": 345
    },
    {
        "bookingid": 8167
    },
    {
        "bookingid": 4632
    },
    {
        "bookingid": 1748
    },
    {
        "bookingid": 5622
    },
    {
        "bookingid": 7415
    },
    {
        "bookingid": 2222
    },
    {
        "bookingid": 5152
    },
    {
        "bookingid": 5678
    },
    {
        "bookingid": 8545
    },
    {
        "bookingid": 2545
    },
    {
        "bookingid": 7479
    },
    {
        "bookingid": 5238
    },
    {
        "bookingid": 6340
    },
    {
        "bookingid": 7925
    },
    {
        "bookingid": 2630
    },
    {
        "bookingid": 531
    },
    {
        "bookingid": 4732
    },
    {
        "bookingid": 6280
    },
    {
        "bookingid": 6593
    },
    {
        "bookingid": 3792
    },
    {
        "bookingid": 1444
    },
    {
        "bookingid": 4215
    },
    {
        "bookingid": 3608
    },
    {
        "bookingid": 533
    },
    {
        "bookingid": 4977
    },
    {
        "bookingid": 6087
    },
    {
        "bookingid": 5887
    },
    {
        "bookingid": 3530
    },
    {
        "bookingid": 1007
    },
    {
        "bookingid": 941
    },
    {
        "bookingid": 2034
    },
    {
        "bookingid": 5187
    },
    {
        "bookingid": 7255
    },
    {
        "bookingid": 6801
    },
    {
        "bookingid": 5788
    },
    {
        "bookingid": 8621
    },
    {
        "bookingid": 5099
    },
    {
        "bookingid": 6578
    },
    {
        "bookingid": 952
    },
    {
        "bookingid": 8902
    },
    {
        "bookingid": 1704
    },
    {
        "bookingid": 2127
    },
    {
        "bookingid": 1131
    },
    {
        "bookingid": 1963
    },
    {
        "bookingid": 2858
    },
    {
        "bookingid": 3561
    },
    {
        "bookingid": 4044
    },
    {
        "bookingid": 18
    },
    {
        "bookingid": 7531
    },
    {
        "bookingid": 6989
    },
    {
        "bookingid": 5163
    },
    {
        "bookingid": 5445
    },
    {
        "bookingid": 7838
    },
    {
        "bookingid": 3777
    },
    {
        "bookingid": 3918
    },
    {
        "bookingid": 7609
    },
    {
        "bookingid": 8079
    },
    {
        "bookingid": 2944
    },
    {
        "bookingid": 3789
    },
    {
        "bookingid": 7472
    },
    {
        "bookingid": 3235
    },
    {
        "bookingid": 1095
    },
    {
        "bookingid": 2060
    },
    {
        "bookingid": 4105
    },
    {
        "bookingid": 759
    },
    {
        "bookingid": 6426
    },
    {
        "bookingid": 7727
    },
    {
        "bookingid": 4580
    },
    {
        "bookingid": 5279
    },
    {
        "bookingid": 4254
    },
    {
        "bookingid": 4368
    },
    {
        "bookingid": 5507
    },
    {
        "bookingid": 3500
    },
    {
        "bookingid": 3993
    },
    {
        "bookingid": 3334
    },
    {
        "bookingid": 8438
    },
    {
        "bookingid": 5579
    },
    {
        "bookingid": 2603
    },
    {
        "bookingid": 5970
    },
    {
        "bookingid": 2880
    },
    {
        "bookingid": 8235
    },
    {
        "bookingid": 861
    },
    {
        "bookingid": 5804
    },
    {
        "bookingid": 3516
    },
    {
        "bookingid": 5505
    },
    {
        "bookingid": 8736
    },
    {
        "bookingid": 7320
    },
    {
        "bookingid": 1614
    },
    {
        "bookingid": 6318
    },
    {
        "bookingid": 6963
    },
    {
        "bookingid": 273
    },
    {
        "bookingid": 7289
    },
    {
        "bookingid": 5972
    },
    {
        "bookingid": 6867
    },
    {
        "bookingid": 5046
    },
    {
        "bookingid": 4675
    },
    {
        "bookingid": 8846
    },
    {
        "bookingid": 8334
    },
    {
        "bookingid": 1813
    },
    {
        "bookingid": 6470
    },
    {
        "bookingid": 5915
    },
    {
        "bookingid": 5341
    },
    {
        "bookingid": 8027
    },
    {
        "bookingid": 5483
    },
    {
        "bookingid": 3243
    },
    {
        "bookingid": 4557
    },
    {
        "bookingid": 6986
    },
    {
        "bookingid": 4069
    },
    {
        "bookingid": 8576
    },
    {
        "bookingid": 7922
    },
    {
        "bookingid": 8953
    },
    {
        "bookingid": 3170
    },
    {
        "bookingid": 8914
    },
    {
        "bookingid": 5632
    },
    {
        "bookingid": 3486
    },
    {
        "bookingid": 7898
    },
    {
        "bookingid": 5130
    },
    {
        "bookingid": 2682
    },
    {
        "bookingid": 5947
    },
    {
        "bookingid": 7530
    },
    {
        "bookingid": 6814
    },
    {
        "bookingid": 6753
    },
    {
        "bookingid": 2562
    },
    {
        "bookingid": 8634
    },
    {
        "bookingid": 1526
    },
    {
        "bookingid": 4908
    },
    {
        "bookingid": 74
    },
    {
        "bookingid": 4331
    },
    {
        "bookingid": 781
    },
    {
        "bookingid": 4884
    },
    {
        "bookingid": 6924
    },
    {
        "bookingid": 7096
    },
    {
        "bookingid": 3342
    },
    {
        "bookingid": 208
    },
    {
        "bookingid": 5179
    },
    {
        "bookingid": 5744
    },
    {
        "bookingid": 5302
    },
    {
        "bookingid": 4115
    },
    {
        "bookingid": 4015
    },
    {
        "bookingid": 1931
    },
    {
        "bookingid": 6389
    },
    {
        "bookingid": 5144
    },
    {
        "bookingid": 8638
    },
    {
        "bookingid": 8024
    },
    {
        "bookingid": 8844
    },
    {
        "bookingid": 4214
    },
    {
        "bookingid": 670
    },
    {
        "bookingid": 126
    },
    {
        "bookingid": 6996
    },
    {
        "bookingid": 1641
    },
    {
        "bookingid": 4641
    },
    {
        "bookingid": 4520
    },
    {
        "bookingid": 1821
    },
    {
        "bookingid": 8827
    },
    {
        "bookingid": 6928
    },
    {
        "bookingid": 2356
    },
    {
        "bookingid": 1892
    },
    {
        "bookingid": 4005
    },
    {
        "bookingid": 4605
    },
    {
        "bookingid": 6958
    },
    {
        "bookingid": 2779
    },
    {
        "bookingid": 2598
    },
    {
        "bookingid": 6781
    },
    {
        "bookingid": 4270
    },
    {
        "bookingid": 4500
    },
    {
        "bookingid": 8194
    },
    {
        "bookingid": 9027
    },
    {
        "bookingid": 3607
    },
    {
        "bookingid": 5178
    },
    {
        "bookingid": 8373
    },
    {
        "bookingid": 3005
    },
    {
        "bookingid": 3832
    },
    {
        "bookingid": 9090
    },
    {
        "bookingid": 7795
    },
    {
        "bookingid": 6020
    },
    {
        "bookingid": 1878
    },
    {
        "bookingid": 3362
    },
    {
        "bookingid": 6891
    },
    {
        "bookingid": 7858
    },
    {
        "bookingid": 3504
    },
    {
        "bookingid": 4042
    },
    {
        "bookingid": 1114
    },
    {
        "bookingid": 2909
    },
    {
        "bookingid": 40
    },
    {
        "bookingid": 7529
    },
    {
        "bookingid": 5420
    },
    {
        "bookingid": 4985
    },
    {
        "bookingid": 82
    },
    {
        "bookingid": 6580
    },
    {
        "bookingid": 5327
    },
    {
        "bookingid": 5973
    },
    {
        "bookingid": 4289
    },
    {
        "bookingid": 1390
    },
    {
        "bookingid": 1834
    },
    {
        "bookingid": 603
    },
    {
        "bookingid": 3816
    },
    {
        "bookingid": 7467
    },
    {
        "bookingid": 3314
    },
    {
        "bookingid": 2361
    },
    {
        "bookingid": 5852
    },
    {
        "bookingid": 4444
    },
    {
        "bookingid": 1401
    },
    {
        "bookingid": 3851
    },
    {
        "bookingid": 327
    },
    {
        "bookingid": 3329
    },
    {
        "bookingid": 2111
    },
    {
        "bookingid": 6260
    },
    {
        "bookingid": 3343
    },
    {
        "bookingid": 3369
    },
    {
        "bookingid": 4635
    },
    {
        "bookingid": 4256
    },
    {
        "bookingid": 6987
    },
    {
        "bookingid": 5928
    },
    {
        "bookingid": 189
    },
    {
        "bookingid": 6529
    },
    {
        "bookingid": 7399
    },
    {
        "bookingid": 7400
    },
    {
        "bookingid": 401
    },
    {
        "bookingid": 5581
    },
    {
        "bookingid": 3974
    },
    {
        "bookingid": 7983
    },
    {
        "bookingid": 547
    },
    {
        "bookingid": 7227
    },
    {
        "bookingid": 6191
    },
    {
        "bookingid": 4119
    },
    {
        "bookingid": 6057
    },
    {
        "bookingid": 809
    },
    {
        "bookingid": 694
    },
    {
        "bookingid": 269
    },
    {
        "bookingid": 4304
    },
    {
        "bookingid": 6206
    },
    {
        "bookingid": 5971
    },
    {
        "bookingid": 7209
    },
    {
        "bookingid": 8287
    },
    {
        "bookingid": 8463
    },
    {
        "bookingid": 1939
    },
    {
        "bookingid": 2787
    },
    {
        "bookingid": 1372
    },
    {
        "bookingid": 3245
    },
    {
        "bookingid": 5956
    },
    {
        "bookingid": 8543
    },
    {
        "bookingid": 661
    },
    {
        "bookingid": 962
    },
    {
        "bookingid": 1682
    },
    {
        "bookingid": 8560
    },
    {
        "bookingid": 7630
    },
    {
        "bookingid": 2597
    },
    {
        "bookingid": 2396
    },
    {
        "bookingid": 1162
    },
    {
        "bookingid": 7471
    },
    {
        "bookingid": 4600
    },
    {
        "bookingid": 7501
    },
    {
        "bookingid": 8842
    },
    {
        "bookingid": 1562
    },
    {
        "bookingid": 4991
    },
    {
        "bookingid": 2089
    },
    {
        "bookingid": 84
    },
    {
        "bookingid": 6251
    },
    {
        "bookingid": 3632
    },
    {
        "bookingid": 1557
    },
    {
        "bookingid": 2579
    },
    {
        "bookingid": 8925
    },
    {
        "bookingid": 2859
    },
    {
        "bookingid": 1280
    },
    {
        "bookingid": 8690
    },
    {
        "bookingid": 8861
    },
    {
        "bookingid": 6064
    },
    {
        "bookingid": 1100
    },
    {
        "bookingid": 6028
    },
    {
        "bookingid": 3546
    },
    {
        "bookingid": 7608
    },
    {
        "bookingid": 4058
    },
    {
        "bookingid": 868
    },
    {
        "bookingid": 9036
    },
    {
        "bookingid": 814
    },
    {
        "bookingid": 5575
    },
    {
        "bookingid": 1664
    },
    {
        "bookingid": 7730
    },
    {
        "bookingid": 1067
    },
    {
        "bookingid": 221
    },
    {
        "bookingid": 7732
    },
    {
        "bookingid": 540
    },
    {
        "bookingid": 6957
    },
    {
        "bookingid": 7965
    },
    {
        "bookingid": 3449
    },
    {
        "bookingid": 414
    },
    {
        "bookingid": 2305
    },
    {
        "bookingid": 593
    },
    {
        "bookingid": 5799
    },
    {
        "bookingid": 744
    },
    {
        "bookingid": 5293
    },
    {
        "bookingid": 8506
    },
    {
        "bookingid": 5377
    },
    {
        "bookingid": 7719
    },
    {
        "bookingid": 8348
    },
    {
        "bookingid": 5467
    },
    {
        "bookingid": 7819
    },
    {
        "bookingid": 2573
    },
    {
        "bookingid": 2164
    },
    {
        "bookingid": 4379
    },
    {
        "bookingid": 5670
    },
    {
        "bookingid": 7671
    },
    {
        "bookingid": 4801
    },
    {
        "bookingid": 4669
    },
    {
        "bookingid": 2490
    },
    {
        "bookingid": 2611
    },
    {
        "bookingid": 6259
    },
    {
        "bookingid": 7466
    },
    {
        "bookingid": 7316
    },
    {
        "bookingid": 2402
    },
    {
        "bookingid": 1872
    },
    {
        "bookingid": 6735
    },
    {
        "bookingid": 4882
    },
    {
        "bookingid": 8909
    },
    {
        "bookingid": 6645
    },
    {
        "bookingid": 582
    },
    {
        "bookingid": 3861
    },
    {
        "bookingid": 7339
    },
    {
        "bookingid": 735
    },
    {
        "bookingid": 2767
    },
    {
        "bookingid": 2026
    },
    {
        "bookingid": 2608
    },
    {
        "bookingid": 5093
    },
    {
        "bookingid": 9123
    },
    {
        "bookingid": 5236
    },
    {
        "bookingid": 7940
    },
    {
        "bookingid": 7419
    },
    {
        "bookingid": 8474
    },
    {
        "bookingid": 9111
    },
    {
        "bookingid": 3139
    },
    {
        "bookingid": 7894
    },
    {
        "bookingid": 8542
    },
    {
        "bookingid": 1464
    },
    {
        "bookingid": 8972
    },
    {
        "bookingid": 7356
    },
    {
        "bookingid": 1047
    },
    {
        "bookingid": 3138
    },
    {
        "bookingid": 5757
    },
    {
        "bookingid": 5487
    },
    {
        "bookingid": 3354
    },
    {
        "bookingid": 5506
    },
    {
        "bookingid": 2522
    },
    {
        "bookingid": 3081
    },
    {
        "bookingid": 7504
    },
    {
        "bookingid": 1922
    },
    {
        "bookingid": 8217
    },
    {
        "bookingid": 7235
    },
    {
        "bookingid": 3237
    },
    {
        "bookingid": 1555
    },
    {
        "bookingid": 5088
    },
    {
        "bookingid": 887
    },
    {
        "bookingid": 4765
    },
    {
        "bookingid": 3458
    },
    {
        "bookingid": 8985
    },
    {
        "bookingid": 8484
    },
    {
        "bookingid": 3869
    },
    {
        "bookingid": 1202
    },
    {
        "bookingid": 381
    },
    {
        "bookingid": 4959
    },
    {
        "bookingid": 5134
    },
    {
        "bookingid": 9114
    },
    {
        "bookingid": 2743
    },
    {
        "bookingid": 4475
    },
    {
        "bookingid": 451
    },
    {
        "bookingid": 2932
    },
    {
        "bookingid": 8076
    },
    {
        "bookingid": 2100
    },
    {
        "bookingid": 7517
    },
    {
        "bookingid": 6922
    },
    {
        "bookingid": 19
    },
    {
        "bookingid": 202
    },
    {
        "bookingid": 4934
    },
    {
        "bookingid": 669
    },
    {
        "bookingid": 3641
    },
    {
        "bookingid": 7578
    },
    {
        "bookingid": 3299
    },
    {
        "bookingid": 4259
    },
    {
        "bookingid": 7340
    },
    {
        "bookingid": 3431
    },
    {
        "bookingid": 6638
    },
    {
        "bookingid": 9109
    },
    {
        "bookingid": 4559
    },
    {
        "bookingid": 6310
    },
    {
        "bookingid": 722
    },
    {
        "bookingid": 482
    },
    {
        "bookingid": 7145
    },
    {
        "bookingid": 5901
    },
    {
        "bookingid": 7620
    },
    {
        "bookingid": 2789
    },
    {
        "bookingid": 3959
    },
    {
        "bookingid": 2379
    },
    {
        "bookingid": 8069
    },
    {
        "bookingid": 4462
    },
    {
        "bookingid": 1624
    },
    {
        "bookingid": 6150
    },
    {
        "bookingid": 6659
    },
    {
        "bookingid": 7809
    },
    {
        "bookingid": 5611
    },
    {
        "bookingid": 1716
    },
    {
        "bookingid": 2443
    },
    {
        "bookingid": 1958
    },
    {
        "bookingid": 4849
    },
    {
        "bookingid": 6521
    },
    {
        "bookingid": 2515
    },
    {
        "bookingid": 8099
    },
    {
        "bookingid": 1456
    },
    {
        "bookingid": 8103
    },
    {
        "bookingid": 8564
    },
    {
        "bookingid": 8598
    },
    {
        "bookingid": 4594
    },
    {
        "bookingid": 7322
    },
    {
        "bookingid": 4168
    },
    {
        "bookingid": 250
    },
    {
        "bookingid": 1539
    },
    {
        "bookingid": 97
    },
    {
        "bookingid": 1652
    },
    {
        "bookingid": 83
    },
    {
        "bookingid": 8236
    },
    {
        "bookingid": 7423
    },
    {
        "bookingid": 5772
    },
    {
        "bookingid": 1267
    },
    {
        "bookingid": 8739
    },
    {
        "bookingid": 7492
    },
    {
        "bookingid": 9137
    },
    {
        "bookingid": 305
    },
    {
        "bookingid": 7837
    },
    {
        "bookingid": 7028
    },
    {
        "bookingid": 2918
    },
    {
        "bookingid": 8119
    },
    {
        "bookingid": 2601
    },
    {
        "bookingid": 6405
    },
    {
        "bookingid": 5685
    },
    {
        "bookingid": 7450
    },
    {
        "bookingid": 3648
    },
    {
        "bookingid": 6117
    },
    {
        "bookingid": 4306
    },
    {
        "bookingid": 1653
    },
    {
        "bookingid": 2470
    },
    {
        "bookingid": 2485
    },
    {
        "bookingid": 1231
    },
    {
        "bookingid": 8446
    },
    {
        "bookingid": 545
    },
    {
        "bookingid": 7721
    },
    {
        "bookingid": 5719
    },
    {
        "bookingid": 969
    },
    {
        "bookingid": 2304
    },
    {
        "bookingid": 6717
    },
    {
        "bookingid": 5820
    },
    {
        "bookingid": 4958
    },
    {
        "bookingid": 768
    },
    {
        "bookingid": 8316
    },
    {
        "bookingid": 200
    },
    {
        "bookingid": 156
    },
    {
        "bookingid": 7748
    },
    {
        "bookingid": 5476
    },
    {
        "bookingid": 1618
    },
    {
        "bookingid": 5580
    },
    {
        "bookingid": 6022
    },
    {
        "bookingid": 1205
    },
    {
        "bookingid": 7297
    },
    {
        "bookingid": 8292
    },
    {
        "bookingid": 3920
    },
    {
        "bookingid": 2995
    },
    {
        "bookingid": 5455
    },
    {
        "bookingid": 1552
    },
    {
        "bookingid": 1505
    },
    {
        "bookingid": 175
    },
    {
        "bookingid": 6348
    },
    {
        "bookingid": 3665
    },
    {
        "bookingid": 3356
    },
    {
        "bookingid": 5268
    },
    {
        "bookingid": 6869
    },
    {
        "bookingid": 506
    },
    {
        "bookingid": 1898
    },
    {
        "bookingid": 422
    },
    {
        "bookingid": 5527
    },
    {
        "bookingid": 7234
    },
    {
        "bookingid": 8117
    },
    {
        "bookingid": 1503
    },
    {
        "bookingid": 7269
    },
    {
        "bookingid": 6432
    },
    {
        "bookingid": 1501
    },
    {
        "bookingid": 2105
    },
    {
        "bookingid": 2683
    },
    {
        "bookingid": 9104
    },
    {
        "bookingid": 9031
    },
    {
        "bookingid": 1655
    },
    {
        "bookingid": 7729
    },
    {
        "bookingid": 1473
    },
    {
        "bookingid": 7312
    },
    {
        "bookingid": 1705
    },
    {
        "bookingid": 163
    },
    {
        "bookingid": 7463
    },
    {
        "bookingid": 132
    },
    {
        "bookingid": 2321
    },
    {
        "bookingid": 5955
    },
    {
        "bookingid": 4121
    },
    {
        "bookingid": 135
    },
    {
        "bookingid": 556
    },
    {
        "bookingid": 7900
    },
    {
        "bookingid": 4177
    },
    {
        "bookingid": 6682
    },
    {
        "bookingid": 5189
    },
    {
        "bookingid": 5264
    },
    {
        "bookingid": 1489
    },
    {
        "bookingid": 2670
    },
    {
        "bookingid": 8587
    },
    {
        "bookingid": 7428
    },
    {
        "bookingid": 5764
    },
    {
        "bookingid": 7082
    },
    {
        "bookingid": 7510
    },
    {
        "bookingid": 8727
    },
    {
        "bookingid": 7347
    },
    {
        "bookingid": 4515
    },
    {
        "bookingid": 912
    },
    {
        "bookingid": 178
    },
    {
        "bookingid": 3433
    },
    {
        "bookingid": 5992
    },
    {
        "bookingid": 1454
    },
    {
        "bookingid": 462
    },
    {
        "bookingid": 7849
    },
    {
        "bookingid": 2660
    },
    {
        "bookingid": 2158
    },
    {
        "bookingid": 4398
    },
    {
        "bookingid": 4472
    },
    {
        "bookingid": 7955
    },
    {
        "bookingid": 7371
    },
    {
        "bookingid": 8992
    },
    {
        "bookingid": 6335
    },
    {
        "bookingid": 6612
    },
    {
        "bookingid": 7643
    },
    {
        "bookingid": 1901
    },
    {
        "bookingid": 119
    },
    {
        "bookingid": 590
    },
    {
        "bookingid": 1620
    },
    {
        "bookingid": 6141
    },
    {
        "bookingid": 2363
    },
    {
        "bookingid": 315
    },
    {
        "bookingid": 3491
    },
    {
        "bookingid": 3837
    },
    {
        "bookingid": 3815
    },
    {
        "bookingid": 8601
    },
    {
        "bookingid": 1933
    },
    {
        "bookingid": 8692
    },
    {
        "bookingid": 4816
    },
    {
        "bookingid": 8405
    },
    {
        "bookingid": 3473
    },
    {
        "bookingid": 2655
    },
    {
        "bookingid": 4748
    },
    {
        "bookingid": 2770
    },
    {
        "bookingid": 7417
    },
    {
        "bookingid": 7154
    },
    {
        "bookingid": 4956
    },
    {
        "bookingid": 7317
    },
    {
        "bookingid": 4051
    },
    {
        "bookingid": 2714
    },
    {
        "bookingid": 2235
    },
    {
        "bookingid": 6324
    },
    {
        "bookingid": 9193
    },
    {
        "bookingid": 4149
    },
    {
        "bookingid": 4315
    },
    {
        "bookingid": 88
    },
    {
        "bookingid": 8708
    },
    {
        "bookingid": 3965
    },
    {
        "bookingid": 4244
    },
    {
        "bookingid": 5353
    },
    {
        "bookingid": 6790
    },
    {
        "bookingid": 3924
    },
    {
        "bookingid": 3226
    },
    {
        "bookingid": 4968
    },
    {
        "bookingid": 8400
    },
    {
        "bookingid": 5687
    },
    {
        "bookingid": 8418
    },
    {
        "bookingid": 1720
    },
    {
        "bookingid": 6913
    },
    {
        "bookingid": 5734
    },
    {
        "bookingid": 1016
    },
    {
        "bookingid": 8952
    },
    {
        "bookingid": 1139
    },
    {
        "bookingid": 1183
    },
    {
        "bookingid": 6136
    },
    {
        "bookingid": 1154
    },
    {
        "bookingid": 6622
    },
    {
        "bookingid": 9119
    },
    {
        "bookingid": 8043
    },
    {
        "bookingid": 3503
    },
    {
        "bookingid": 6892
    },
    {
        "bookingid": 7390
    },
    {
        "bookingid": 1698
    },
    {
        "bookingid": 1111
    },
    {
        "bookingid": 5811
    },
    {
        "bookingid": 3963
    },
    {
        "bookingid": 7605
    },
    {
        "bookingid": 4153
    },
    {
        "bookingid": 6010
    },
    {
        "bookingid": 7683
    },
    {
        "bookingid": 6979
    },
    {
        "bookingid": 4385
    },
    {
        "bookingid": 2319
    },
    {
        "bookingid": 7451
    },
    {
        "bookingid": 6384
    },
    {
        "bookingid": 4471
    },
    {
        "bookingid": 4871
    },
    {
        "bookingid": 1056
    },
    {
        "bookingid": 6129
    },
    {
        "bookingid": 1724
    },
    {
        "bookingid": 5054
    },
    {
        "bookingid": 1906
    },
    {
        "bookingid": 1210
    },
    {
        "bookingid": 1258
    },
    {
        "bookingid": 1087
    },
    {
        "bookingid": 725
    },
    {
        "bookingid": 3368
    },
    {
        "bookingid": 2537
    },
    {
        "bookingid": 3459
    },
    {
        "bookingid": 5846
    },
    {
        "bookingid": 6166
    },
    {
        "bookingid": 4047
    },
    {
        "bookingid": 3396
    },
    {
        "bookingid": 7047
    },
    {
        "bookingid": 3759
    },
    {
        "bookingid": 1214
    },
    {
        "bookingid": 4667
    },
    {
        "bookingid": 8955
    },
    {
        "bookingid": 1692
    },
    {
        "bookingid": 8306
    },
    {
        "bookingid": 8004
    },
    {
        "bookingid": 4059
    },
    {
        "bookingid": 1525
    },
    {
        "bookingid": 4677
    },
    {
        "bookingid": 3549
    },
    {
        "bookingid": 8510
    },
    {
        "bookingid": 6121
    },
    {
        "bookingid": 2342
    },
    {
        "bookingid": 4084
    },
    {
        "bookingid": 7367
    },
    {
        "bookingid": 3209
    },
    {
        "bookingid": 1228
    },
    {
        "bookingid": 1576
    },
    {
        "bookingid": 95
    },
    {
        "bookingid": 105
    },
    {
        "bookingid": 2697
    },
    {
        "bookingid": 373
    },
    {
        "bookingid": 4071
    },
    {
        "bookingid": 1519
    },
    {
        "bookingid": 4395
    },
    {
        "bookingid": 8562
    },
    {
        "bookingid": 7043
    },
    {
        "bookingid": 7723
    },
    {
        "bookingid": 664
    },
    {
        "bookingid": 8890
    },
    {
        "bookingid": 3361
    },
    {
        "bookingid": 715
    },
    {
        "bookingid": 8409
    },
    {
        "bookingid": 2994
    },
    {
        "bookingid": 1874
    },
    {
        "bookingid": 291
    },
    {
        "bookingid": 7290
    },
    {
        "bookingid": 8139
    },
    {
        "bookingid": 6591
    },
    {
        "bookingid": 5452
    },
    {
        "bookingid": 1723
    },
    {
        "bookingid": 3232
    },
    {
        "bookingid": 1414
    },
    {
        "bookingid": 1393
    },
    {
        "bookingid": 8967
    },
    {
        "bookingid": 6011
    },
    {
        "bookingid": 4204
    },
    {
        "bookingid": 6112
    },
    {
        "bookingid": 8007
    },
    {
        "bookingid": 7791
    },
    {
        "bookingid": 4541
    },
    {
        "bookingid": 9034
    },
    {
        "bookingid": 828
    },
    {
        "bookingid": 5241
    },
    {
        "bookingid": 7549
    },
    {
        "bookingid": 361
    },
    {
        "bookingid": 22
    },
    {
        "bookingid": 3535
    },
    {
        "bookingid": 4944
    },
    {
        "bookingid": 6691
    },
    {
        "bookingid": 6923
    },
    {
        "bookingid": 3765
    },
    {
        "bookingid": 7228
    },
    {
        "bookingid": 4400
    },
    {
        "bookingid": 2666
    },
    {
        "bookingid": 5016
    },
    {
        "bookingid": 2247
    },
    {
        "bookingid": 192
    },
    {
        "bookingid": 676
    },
    {
        "bookingid": 7031
    },
    {
        "bookingid": 6100
    },
    {
        "bookingid": 3208
    },
    {
        "bookingid": 526
    },
    {
        "bookingid": 5871
    },
    {
        "bookingid": 1175
    },
    {
        "bookingid": 1913
    },
    {
        "bookingid": 2625
    },
    {
        "bookingid": 1886
    },
    {
        "bookingid": 3423
    },
    {
        "bookingid": 8553
    },
    {
        "bookingid": 3846
    },
    {
        "bookingid": 5378
    },
    {
        "bookingid": 2
    },
    {
        "bookingid": 5640
    },
    {
        "bookingid": 8058
    },
    {
        "bookingid": 7774
    },
    {
        "bookingid": 7801
    },
    {
        "bookingid": 5459
    },
    {
        "bookingid": 5853
    },
    {
        "bookingid": 7023
    },
    {
        "bookingid": 1121
    },
    {
        "bookingid": 4827
    },
    {
        "bookingid": 5837
    },
    {
        "bookingid": 5576
    },
    {
        "bookingid": 1817
    },
    {
        "bookingid": 2444
    },
    {
        "bookingid": 2736
    },
    {
        "bookingid": 2412
    },
    {
        "bookingid": 2588
    },
    {
        "bookingid": 4713
    },
    {
        "bookingid": 4561
    },
    {
        "bookingid": 4020
    },
    {
        "bookingid": 576
    },
    {
        "bookingid": 6173
    },
    {
        "bookingid": 1951
    },
    {
        "bookingid": 2561
    },
    {
        "bookingid": 4301
    },
    {
        "bookingid": 4900
    },
    {
        "bookingid": 7771
    },
    {
        "bookingid": 3135
    },
    {
        "bookingid": 398
    },
    {
        "bookingid": 2035
    },
    {
        "bookingid": 3324
    },
    {
        "bookingid": 6826
    },
    {
        "bookingid": 5253
    },
    {
        "bookingid": 1805
    },
    {
        "bookingid": 2768
    },
    {
        "bookingid": 118
    },
    {
        "bookingid": 7315
    },
    {
        "bookingid": 2904
    },
    {
        "bookingid": 7624
    },
    {
        "bookingid": 343
    },
    {
        "bookingid": 2007
    },
    {
        "bookingid": 6918
    },
    {
        "bookingid": 8608
    },
    {
        "bookingid": 1125
    },
    {
        "bookingid": 1970
    },
    {
        "bookingid": 8808
    },
    {
        "bookingid": 1849
    },
    {
        "bookingid": 3876
    },
    {
        "bookingid": 1822
    },
    {
        "bookingid": 1133
    },
    {
        "bookingid": 6555
    },
    {
        "bookingid": 1523
    },
    {
        "bookingid": 4188
    },
    {
        "bookingid": 63
    },
    {
        "bookingid": 8964
    },
    {
        "bookingid": 1803
    },
    {
        "bookingid": 4688
    },
    {
        "bookingid": 2929
    },
    {
        "bookingid": 1201
    },
    {
        "bookingid": 7739
    },
    {
        "bookingid": 2044
    },
    {
        "bookingid": 5107
    },
    {
        "bookingid": 2632
    },
    {
        "bookingid": 3269
    },
    {
        "bookingid": 2487
    },
    {
        "bookingid": 7404
    },
    {
        "bookingid": 4048
    },
    {
        "bookingid": 49
    },
    {
        "bookingid": 7851
    },
    {
        "bookingid": 6878
    },
    {
        "bookingid": 1981
    },
    {
        "bookingid": 430
    },
    {
        "bookingid": 3522
    },
    {
        "bookingid": 5790
    },
    {
        "bookingid": 4273
    },
    {
        "bookingid": 8530
    },
    {
        "bookingid": 5902
    },
    {
        "bookingid": 278
    },
    {
        "bookingid": 855
    },
    {
        "bookingid": 3147
    },
    {
        "bookingid": 8123
    },
    {
        "bookingid": 1767
    },
    {
        "bookingid": 9051
    },
    {
        "bookingid": 242
    },
    {
        "bookingid": 4169
    },
    {
        "bookingid": 5549
    },
    {
        "bookingid": 6085
    },
    {
        "bookingid": 4524
    },
    {
        "bookingid": 4023
    },
    {
        "bookingid": 848
    },
    {
        "bookingid": 4046
    },
    {
        "bookingid": 1516
    },
    {
        "bookingid": 682
    },
    {
        "bookingid": 5721
    },
    {
        "bookingid": 113
    },
    {
        "bookingid": 6534
    },
    {
        "bookingid": 5765
    },
    {
        "bookingid": 2951
    },
    {
        "bookingid": 2981
    },
    {
        "bookingid": 5174
    },
    {
        "bookingid": 7187
    },
    {
        "bookingid": 5056
    },
    {
        "bookingid": 6223
    },
    {
        "bookingid": 5050
    },
    {
        "bookingid": 7124
    },
    {
        "bookingid": 6493
    },
    {
        "bookingid": 5714
    },
    {
        "bookingid": 8817
    },
    {
        "bookingid": 7050
    },
    {
        "bookingid": 4404
    },
    {
        "bookingid": 2475
    },
    {
        "bookingid": 4998
    },
    {
        "bookingid": 117
    },
    {
        "bookingid": 1177
    },
    {
        "bookingid": 3872
    },
    {
        "bookingid": 470
    },
    {
        "bookingid": 428
    },
    {
        "bookingid": 441
    },
    {
        "bookingid": 6712
    },
    {
        "bookingid": 6934
    },
    {
        "bookingid": 510
    },
    {
        "bookingid": 8658
    },
    {
        "bookingid": 4815
    },
    {
        "bookingid": 7503
    },
    {
        "bookingid": 1729
    },
    {
        "bookingid": 640
    },
    {
        "bookingid": 3926
    },
    {
        "bookingid": 3531
    },
    {
        "bookingid": 445
    },
    {
        "bookingid": 8883
    },
    {
        "bookingid": 8585
    },
    {
        "bookingid": 2147
    },
    {
        "bookingid": 106
    },
    {
        "bookingid": 2419
    },
    {
        "bookingid": 8471
    },
    {
        "bookingid": 3111
    },
    {
        "bookingid": 2759
    },
    {
        "bookingid": 9
    },
    {
        "bookingid": 7773
    },
    {
        "bookingid": 1818
    },
    {
        "bookingid": 8733
    },
    {
        "bookingid": 4999
    },
    {
        "bookingid": 6942
    },
    {
        "bookingid": 2585
    },
    {
        "bookingid": 7908
    },
    {
        "bookingid": 379
    },
    {
        "bookingid": 6950
    },
    {
        "bookingid": 1240
    },
    {
        "bookingid": 527
    },
    {
        "bookingid": 3602
    },
    {
        "bookingid": 6378
    },
    {
        "bookingid": 5783
    },
    {
        "bookingid": 9168
    },
    {
        "bookingid": 5111
    },
    {
        "bookingid": 4905
    },
    {
        "bookingid": 3937
    },
    {
        "bookingid": 1599
    },
    {
        "bookingid": 4853
    },
    {
        "bookingid": 5696
    },
    {
        "bookingid": 4325
    },
    {
        "bookingid": 4699
    },
    {
        "bookingid": 7595
    },
    {
        "bookingid": 3910
    },
    {
        "bookingid": 134
    },
    {
        "bookingid": 5485
    },
    {
        "bookingid": 7909
    },
    {
        "bookingid": 8689
    },
    {
        "bookingid": 6808
    },
    {
        "bookingid": 947
    },
    {
        "bookingid": 5849
    },
    {
        "bookingid": 3262
    },
    {
        "bookingid": 4394
    },
    {
        "bookingid": 2544
    },
    {
        "bookingid": 4383
    },
    {
        "bookingid": 5149
    },
    {
        "bookingid": 5399
    },
    {
        "bookingid": 7048
    },
    {
        "bookingid": 5251
    },
    {
        "bookingid": 4213
    },
    {
        "bookingid": 159
    },
    {
        "bookingid": 807
    },
    {
        "bookingid": 1091
    },
    {
        "bookingid": 4606
    },
    {
        "bookingid": 2335
    },
    {
        "bookingid": 3684
    },
    {
        "bookingid": 5855
    },
    {
        "bookingid": 6959
    },
    {
        "bookingid": 9055
    },
    {
        "bookingid": 7611
    },
    {
        "bookingid": 5100
    },
    {
        "bookingid": 529
    },
    {
        "bookingid": 4970
    },
    {
        "bookingid": 3291
    },
    {
        "bookingid": 2566
    },
    {
        "bookingid": 7216
    },
    {
        "bookingid": 5329
    },
    {
        "bookingid": 7607
    },
    {
        "bookingid": 6907
    },
    {
        "bookingid": 8668
    },
    {
        "bookingid": 843
    },
    {
        "bookingid": 6397
    },
    {
        "bookingid": 1408
    },
    {
        "bookingid": 4707
    },
    {
        "bookingid": 2984
    },
    {
        "bookingid": 8109
    },
    {
        "bookingid": 5209
    },
    {
        "bookingid": 246
    },
    {
        "bookingid": 2821
    },
    {
        "bookingid": 4335
    },
    {
        "bookingid": 821
    },
    {
        "bookingid": 4674
    },
    {
        "bookingid": 6084
    },
    {
        "bookingid": 4941
    },
    {
        "bookingid": 8806
    },
    {
        "bookingid": 297
    },
    {
        "bookingid": 1102
    },
    {
        "bookingid": 8106
    },
    {
        "bookingid": 4201
    },
    {
        "bookingid": 6295
    },
    {
        "bookingid": 8758
    },
    {
        "bookingid": 1264
    },
    {
        "bookingid": 5382
    },
    {
        "bookingid": 222
    },
    {
        "bookingid": 5776
    },
    {
        "bookingid": 7818
    },
    {
        "bookingid": 6519
    },
    {
        "bookingid": 6500
    },
    {
        "bookingid": 2937
    },
    {
        "bookingid": 3014
    },
    {
        "bookingid": 5667
    },
    {
        "bookingid": 6941
    },
    {
        "bookingid": 924
    },
    {
        "bookingid": 704
    },
    {
        "bookingid": 4333
    },
    {
        "bookingid": 6391
    },
    {
        "bookingid": 4841
    },
    {
        "bookingid": 3033
    },
    {
        "bookingid": 9199
    },
    {
        "bookingid": 7910
    },
    {
        "bookingid": 3513
    },
    {
        "bookingid": 8283
    },
    {
        "bookingid": 300
    },
    {
        "bookingid": 352
    },
    {
        "bookingid": 1773
    },
    {
        "bookingid": 4495
    },
    {
        "bookingid": 7411
    },
    {
        "bookingid": 420
    },
    {
        "bookingid": 4857
    },
    {
        "bookingid": 8647
    },
    {
        "bookingid": 1887
    },
    {
        "bookingid": 3306
    },
    {
        "bookingid": 2491
    },
    {
        "bookingid": 5004
    },
    {
        "bookingid": 8756
    },
    {
        "bookingid": 2669
    },
    {
        "bookingid": 8201
    },
    {
        "bookingid": 3344
    },
    {
        "bookingid": 7823
    },
    {
        "bookingid": 7567
    },
    {
        "bookingid": 904
    },
    {
        "bookingid": 1187
    },
    {
        "bookingid": 534
    },
    {
        "bookingid": 3753
    },
    {
        "bookingid": 6097
    },
    {
        "bookingid": 8610
    },
    {
        "bookingid": 6400
    },
    {
        "bookingid": 7139
    },
    {
        "bookingid": 285
    },
    {
        "bookingid": 1648
    },
    {
        "bookingid": 4459
    },
    {
        "bookingid": 1606
    },
    {
        "bookingid": 5393
    },
    {
        "bookingid": 1459
    },
    {
        "bookingid": 986
    },
    {
        "bookingid": 7645
    },
    {
        "bookingid": 3156
    },
    {
        "bookingid": 4608
    },
    {
        "bookingid": 4224
    },
    {
        "bookingid": 4337
    },
    {
        "bookingid": 2123
    },
    {
        "bookingid": 2082
    },
    {
        "bookingid": 1510
    },
    {
        "bookingid": 2599
    },
    {
        "bookingid": 2656
    },
    {
        "bookingid": 1387
    },
    {
        "bookingid": 8223
    },
    {
        "bookingid": 9075
    },
    {
        "bookingid": 1218
    },
    {
        "bookingid": 2764
    },
    {
        "bookingid": 769
    },
    {
        "bookingid": 6955
    },
    {
        "bookingid": 8061
    },
    {
        "bookingid": 1443
    },
    {
        "bookingid": 4305
    },
    {
        "bookingid": 3911
    },
    {
        "bookingid": 3826
    },
    {
        "bookingid": 4370
    },
    {
        "bookingid": 5390
    },
    {
        "bookingid": 7172
    },
    {
        "bookingid": 2301
    },
    {
        "bookingid": 7890
    },
    {
        "bookingid": 4889
    },
    {
        "bookingid": 4848
    },
    {
        "bookingid": 6539
    },
    {
        "bookingid": 2054
    },
    {
        "bookingid": 1144
    },
    {
        "bookingid": 8118
    },
    {
        "bookingid": 1208
    },
    {
        "bookingid": 2040
    },
    {
        "bookingid": 1672
    },
    {
        "bookingid": 7252
    },
    {
        "bookingid": 1461
    },
    {
        "bookingid": 1693
    },
    {
        "bookingid": 5583
    },
    {
        "bookingid": 2580
    },
    {
        "bookingid": 8519
    },
    {
        "bookingid": 7984
    },
    {
        "bookingid": 1836
    },
    {
        "bookingid": 7674
    },
    {
        "bookingid": 7945
    },
    {
        "bookingid": 78
    },
    {
        "bookingid": 4019
    },
    {
        "bookingid": 1383
    },
    {
        "bookingid": 7366
    },
    {
        "bookingid": 1776
    },
    {
        "bookingid": 2265
    },
    {
        "bookingid": 5001
    },
    {
        "bookingid": 2139
    },
    {
        "bookingid": 3432
    },
    {
        "bookingid": 7786
    },
    {
        "bookingid": 2735
    },
    {
        "bookingid": 1745
    },
    {
        "bookingid": 2488
    },
    {
        "bookingid": 2802
    },
    {
        "bookingid": 3233
    },
    {
        "bookingid": 764
    },
    {
        "bookingid": 1302
    },
    {
        "bookingid": 2689
    },
    {
        "bookingid": 4684
    },
    {
        "bookingid": 6901
    },
    {
        "bookingid": 4655
    },
    {
        "bookingid": 7856
    },
    {
        "bookingid": 1734
    },
    {
        "bookingid": 1309
    },
    {
        "bookingid": 3558
    },
    {
        "bookingid": 3553
    },
    {
        "bookingid": 6549
    },
    {
        "bookingid": 6297
    },
    {
        "bookingid": 4727
    },
    {
        "bookingid": 1941
    },
    {
        "bookingid": 4287
    },
    {
        "bookingid": 5791
    },
    {
        "bookingid": 5379
    },
    {
        "bookingid": 8410
    },
    {
        "bookingid": 7376
    },
    {
        "bookingid": 2083
    },
    {
        "bookingid": 1460
    },
    {
        "bookingid": 5071
    },
    {
        "bookingid": 6126
    },
    {
        "bookingid": 2248
    },
    {
        "bookingid": 4481
    },
    {
        "bookingid": 5995
    },
    {
        "bookingid": 3594
    },
    {
        "bookingid": 2911
    },
    {
        "bookingid": 4975
    },
    {
        "bookingid": 550
    },
    {
        "bookingid": 5586
    },
    {
        "bookingid": 9056
    },
    {
        "bookingid": 6842
    },
    {
        "bookingid": 871
    },
    {
        "bookingid": 4024
    },
    {
        "bookingid": 2596
    },
    {
        "bookingid": 9000
    },
    {
        "bookingid": 5545
    },
    {
        "bookingid": 2173
    },
    {
        "bookingid": 4341
    },
    {
        "bookingid": 148
    },
    {
        "bookingid": 1020
    },
    {
        "bookingid": 2106
    },
    {
        "bookingid": 1739
    },
    {
        "bookingid": 50
    },
    {
        "bookingid": 5265
    },
    {
        "bookingid": 157
    },
    {
        "bookingid": 4750
    },
    {
        "bookingid": 3227
    },
    {
        "bookingid": 7974
    },
    {
        "bookingid": 8444
    },
    {
        "bookingid": 792
    },
    {
        "bookingid": 7854
    },
    {
        "bookingid": 673
    },
    {
        "bookingid": 5860
    },
    {
        "bookingid": 1829
    },
    {
        "bookingid": 4910
    },
    {
        "bookingid": 5829
    },
    {
        "bookingid": 3669
    },
    {
        "bookingid": 6270
    },
    {
        "bookingid": 668
    },
    {
        "bookingid": 1497
    },
    {
        "bookingid": 1061
    },
    {
        "bookingid": 2888
    },
    {
        "bookingid": 8486
    },
    {
        "bookingid": 8173
    },
    {
        "bookingid": 4018
    },
    {
        "bookingid": 6332
    },
    {
        "bookingid": 3190
    },
    {
        "bookingid": 8833
    },
    {
        "bookingid": 3701
    },
    {
        "bookingid": 7700
    },
    {
        "bookingid": 7874
    },
    {
        "bookingid": 3960
    },
    {
        "bookingid": 581
    },
    {
        "bookingid": 2219
    },
    {
        "bookingid": 2473
    },
    {
        "bookingid": 5019
    },
    {
        "bookingid": 10
    },
    {
        "bookingid": 8724
    },
    {
        "bookingid": 5315
    },
    {
        "bookingid": 7108
    },
    {
        "bookingid": 8300
    },
    {
        "bookingid": 1113
    },
    {
        "bookingid": 7442
    },
    {
        "bookingid": 520
    },
    {
        "bookingid": 2221
    },
    {
        "bookingid": 3309
    },
    {
        "bookingid": 3198
    },
    {
        "bookingid": 298
    },
    {
        "bookingid": 8421
    },
    {
        "bookingid": 7046
    },
    {
        "bookingid": 8138
    },
    {
        "bookingid": 574
    },
    {
        "bookingid": 876
    },
    {
        "bookingid": 7015
    },
    {
        "bookingid": 3573
    },
    {
        "bookingid": 3647
    },
    {
        "bookingid": 536
    },
    {
        "bookingid": 9040
    },
    {
        "bookingid": 1427
    },
    {
        "bookingid": 7846
    },
    {
        "bookingid": 310
    },
    {
        "bookingid": 6365
    },
    {
        "bookingid": 1589
    },
    {
        "bookingid": 5598
    },
    {
        "bookingid": 6423
    },
    {
        "bookingid": 1798
    },
    {
        "bookingid": 2067
    },
    {
        "bookingid": 154
    },
    {
        "bookingid": 8702
    },
    {
        "bookingid": 700
    },
    {
        "bookingid": 342
    },
    {
        "bookingid": 7395
    },
    {
        "bookingid": 5013
    },
    {
        "bookingid": 3349
    },
    {
        "bookingid": 8210
    },
    {
        "bookingid": 5593
    },
    {
        "bookingid": 3709
    },
    {
        "bookingid": 8693
    },
    {
        "bookingid": 1695
    },
    {
        "bookingid": 4526
    },
    {
        "bookingid": 3542
    },
    {
        "bookingid": 56
    },
    {
        "bookingid": 2744
    },
    {
        "bookingid": 3932
    },
    {
        "bookingid": 7934
    },
    {
        "bookingid": 6756
    },
    {
        "bookingid": 5946
    },
    {
        "bookingid": 2015
    },
    {
        "bookingid": 6228
    },
    {
        "bookingid": 9165
    },
    {
        "bookingid": 137
    },
    {
        "bookingid": 252
    },
    {
        "bookingid": 8022
    },
    {
        "bookingid": 4410
    },
    {
        "bookingid": 3205
    },
    {
        "bookingid": 4598
    },
    {
        "bookingid": 1050
    },
    {
        "bookingid": 3455
    },
    {
        "bookingid": 5882
    },
    {
        "bookingid": 7482
    },
    {
        "bookingid": 4993
    },
    {
        "bookingid": 945
    },
    {
        "bookingid": 7921
    },
    {
        "bookingid": 7379
    },
    {
        "bookingid": 3112
    },
    {
        "bookingid": 8789
    },
    {
        "bookingid": 1978
    },
    {
        "bookingid": 913
    },
    {
        "bookingid": 1122
    },
    {
        "bookingid": 8091
    },
    {
        "bookingid": 32
    },
    {
        "bookingid": 311
    },
    {
        "bookingid": 6825
    },
    {
        "bookingid": 5072
    },
    {
        "bookingid": 6047
    },
    {
        "bookingid": 4072
    },
    {
        "bookingid": 5766
    },
    {
        "bookingid": 2634
    },
    {
        "bookingid": 6116
    },
    {
        "bookingid": 2822
    },
    {
        "bookingid": 3496
    },
    {
        "bookingid": 614
    },
    {
        "bookingid": 8962
    },
    {
        "bookingid": 7202
    },
    {
        "bookingid": 5417
    },
    {
        "bookingid": 2333
    },
    {
        "bookingid": 5146
    },
    {
        "bookingid": 4947
    },
    {
        "bookingid": 2367
    },
    {
        "bookingid": 1084
    },
    {
        "bookingid": 4735
    },
    {
        "bookingid": 3790
    },
    {
        "bookingid": 333
    },
    {
        "bookingid": 2668
    },
    {
        "bookingid": 8532
    },
    {
        "bookingid": 7662
    },
    {
        "bookingid": 478
    },
    {
        "bookingid": 4358
    },
    {
        "bookingid": 5048
    },
    {
        "bookingid": 2012
    },
    {
        "bookingid": 834
    },
    {
        "bookingid": 3729
    },
    {
        "bookingid": 4441
    },
    {
        "bookingid": 385
    },
    {
        "bookingid": 1753
    },
    {
        "bookingid": 5509
    },
    {
        "bookingid": 3407
    },
    {
        "bookingid": 7875
    },
    {
        "bookingid": 9093
    },
    {
        "bookingid": 7707
    },
    {
        "bookingid": 4544
    },
    {
        "bookingid": 1961
    },
    {
        "bookingid": 4709
    },
    {
        "bookingid": 7563
    },
    {
        "bookingid": 7610
    },
    {
        "bookingid": 3550
    },
    {
        "bookingid": 5350
    },
    {
        "bookingid": 6334
    },
    {
        "bookingid": 2183
    },
    {
        "bookingid": 9106
    },
    {
        "bookingid": 5854
    },
    {
        "bookingid": 4883
    },
    {
        "bookingid": 3049
    },
    {
        "bookingid": 335
    },
    {
        "bookingid": 7364
    },
    {
        "bookingid": 8607
    },
    {
        "bookingid": 3719
    },
    {
        "bookingid": 7822
    },
    {
        "bookingid": 1784
    },
    {
        "bookingid": 4653
    },
    {
        "bookingid": 2891
    },
    {
        "bookingid": 6904
    },
    {
        "bookingid": 6476
    },
    {
        "bookingid": 4725
    },
    {
        "bookingid": 8754
    },
    {
        "bookingid": 4197
    },
    {
        "bookingid": 2851
    },
    {
        "bookingid": 5423
    },
    {
        "bookingid": 3078
    },
    {
        "bookingid": 3925
    },
    {
        "bookingid": 5898
    },
    {
        "bookingid": 4319
    },
    {
        "bookingid": 2377
    },
    {
        "bookingid": 7055
    },
    {
        "bookingid": 8678
    },
    {
        "bookingid": 2513
    },
    {
        "bookingid": 7387
    },
    {
        "bookingid": 7584
    },
    {
        "bookingid": 2431
    },
    {
        "bookingid": 6852
    },
    {
        "bookingid": 317
    },
    {
        "bookingid": 3051
    },
    {
        "bookingid": 7441
    },
    {
        "bookingid": 438
    },
    {
        "bookingid": 303
    },
    {
        "bookingid": 5121
    },
    {
        "bookingid": 6572
    },
    {
        "bookingid": 2575
    },
    {
        "bookingid": 1768
    },
    {
        "bookingid": 5017
    },
    {
        "bookingid": 8644
    },
    {
        "bookingid": 4027
    },
    {
        "bookingid": 3679
    },
    {
        "bookingid": 8886
    },
    {
        "bookingid": 3771
    },
    {
        "bookingid": 4081
    },
    {
        "bookingid": 6794
    },
    {
        "bookingid": 337
    },
    {
        "bookingid": 1567
    },
    {
        "bookingid": 847
    },
    {
        "bookingid": 3604
    },
    {
        "bookingid": 7086
    },
    {
        "bookingid": 5827
    },
    {
        "bookingid": 6262
    },
    {
        "bookingid": 7670
    },
    {
        "bookingid": 1418
    },
    {
        "bookingid": 4592
    },
    {
        "bookingid": 8488
    },
    {
        "bookingid": 323
    },
    {
        "bookingid": 265
    },
    {
        "bookingid": 2617
    },
    {
        "bookingid": 7198
    },
    {
        "bookingid": 6041
    },
    {
        "bookingid": 7959
    },
    {
        "bookingid": 5964
    },
    {
        "bookingid": 348
    },
    {
        "bookingid": 6329
    },
    {
        "bookingid": 2042
    },
    {
        "bookingid": 6885
    },
    {
        "bookingid": 7604
    },
    {
        "bookingid": 2921
    },
    {
        "bookingid": 2935
    },
    {
        "bookingid": 955
    },
    {
        "bookingid": 3725
    },
    {
        "bookingid": 6415
    },
    {
        "bookingid": 3413
    },
    {
        "bookingid": 4384
    },
    {
        "bookingid": 6045
    },
    {
        "bookingid": 3388
    },
    {
        "bookingid": 2168
    },
    {
        "bookingid": 1574
    },
    {
        "bookingid": 8046
    },
    {
        "bookingid": 4192
    },
    {
        "bookingid": 7915
    },
    {
        "bookingid": 4808
    },
    {
        "bookingid": 3528
    },
    {
        "bookingid": 2741
    },
    {
        "bookingid": 7906
    },
    {
        "bookingid": 9139
    },
    {
        "bookingid": 2801
    },
    {
        "bookingid": 279
    },
    {
        "bookingid": 1313
    },
    {
        "bookingid": 1358
    },
    {
        "bookingid": 2188
    },
    {
        "bookingid": 8192
    },
    {
        "bookingid": 2996
    },
    {
        "bookingid": 8329
    },
    {
        "bookingid": 3691
    },
    {
        "bookingid": 1255
    },
    {
        "bookingid": 2005
    },
    {
        "bookingid": 4525
    },
    {
        "bookingid": 8351
    },
    {
        "bookingid": 8017
    },
    {
        "bookingid": 2964
    },
    {
        "bookingid": 434
    },
    {
        "bookingid": 5911
    },
    {
        "bookingid": 785
    },
    {
        "bookingid": 1186
    },
    {
        "bookingid": 2238
    },
    {
        "bookingid": 750
    },
    {
        "bookingid": 42
    },
    {
        "bookingid": 2877
    },
    {
        "bookingid": 3742
    },
    {
        "bookingid": 2716
    },
    {
        "bookingid": 7523
    },
    {
        "bookingid": 6055
    },
    {
        "bookingid": 7452
    },
    {
        "bookingid": 4068
    },
    {
        "bookingid": 5031
    },
    {
        "bookingid": 2442
    },
    {
        "bookingid": 4223
    },
    {
        "bookingid": 9180
    },
    {
        "bookingid": 8467
    },
    {
        "bookingid": 5330
    },
    {
        "bookingid": 7368
    },
    {
        "bookingid": 5298
    },
    {
        "bookingid": 6468
    },
    {
        "bookingid": 2978
    },
    {
        "bookingid": 829
    },
    {
        "bookingid": 1826
    },
    {
        "bookingid": 5215
    },
    {
        "bookingid": 4640
    },
    {
        "bookingid": 1921
    },
    {
        "bookingid": 502
    },
    {
        "bookingid": 4323
    },
    {
        "bookingid": 7453
    },
    {
        "bookingid": 410
    },
    {
        "bookingid": 4768
    },
    {
        "bookingid": 595
    },
    {
        "bookingid": 1188
    },
    {
        "bookingid": 5465
    },
    {
        "bookingid": 1687
    },
    {
        "bookingid": 1303
    },
    {
        "bookingid": 280
    },
    {
        "bookingid": 2933
    },
    {
        "bookingid": 2541
    },
    {
        "bookingid": 4595
    },
    {
        "bookingid": 2413
    },
    {
        "bookingid": 185
    },
    {
        "bookingid": 6163
    },
    {
        "bookingid": 9006
    },
    {
        "bookingid": 8782
    },
    {
        "bookingid": 3977
    },
    {
        "bookingid": 7262
    },
    {
        "bookingid": 4995
    },
    {
        "bookingid": 1868
    },
    {
        "bookingid": 4527
    },
    {
        "bookingid": 1227
    },
    {
        "bookingid": 2272
    },
    {
        "bookingid": 2763
    },
    {
        "bookingid": 1930
    },
    {
        "bookingid": 616
    },
    {
        "bookingid": 5977
    },
    {
        "bookingid": 1566
    },
    {
        "bookingid": 4867
    },
    {
        "bookingid": 7705
    },
    {
        "bookingid": 2218
    },
    {
        "bookingid": 4211
    },
    {
        "bookingid": 8652
    },
    {
        "bookingid": 967
    },
    {
        "bookingid": 6733
    },
    {
        "bookingid": 8523
    },
    {
        "bookingid": 5515
    },
    {
        "bookingid": 6027
    },
    {
        "bookingid": 4741
    },
    {
        "bookingid": 3795
    },
    {
        "bookingid": 8396
    },
    {
        "bookingid": 3699
    },
    {
        "bookingid": 5300
    },
    {
        "bookingid": 58
    },
    {
        "bookingid": 681
    },
    {
        "bookingid": 8860
    },
    {
        "bookingid": 1529
    },
    {
        "bookingid": 7073
    },
    {
        "bookingid": 1615
    },
    {
        "bookingid": 6410
    },
    {
        "bookingid": 7651
    },
    {
        "bookingid": 1710
    },
    {
        "bookingid": 1407
    },
    {
        "bookingid": 7039
    },
    {
        "bookingid": 1740
    },
    {
        "bookingid": 3015
    },
    {
        "bookingid": 6527
    },
    {
        "bookingid": 6093
    },
    {
        "bookingid": 1072
    },
    {
        "bookingid": 9127
    },
    {
        "bookingid": 6601
    },
    {
        "bookingid": 2712
    },
    {
        "bookingid": 5658
    },
    {
        "bookingid": 2912
    },
    {
        "bookingid": 5612
    },
    {
        "bookingid": 702
    },
    {
        "bookingid": 7963
    },
    {
        "bookingid": 5774
    },
    {
        "bookingid": 4028
    },
    {
        "bookingid": 6392
    },
    {
        "bookingid": 906
    },
    {
        "bookingid": 3951
    },
    {
        "bookingid": 4809
    },
    {
        "bookingid": 1229
    },
    {
        "bookingid": 2791
    },
    {
        "bookingid": 7081
    },
    {
        "bookingid": 8810
    },
    {
        "bookingid": 5979
    },
    {
        "bookingid": 4694
    },
    {
        "bookingid": 8531
    },
    {
        "bookingid": 5403
    },
    {
        "bookingid": 3537
    },
    {
        "bookingid": 5784
    },
    {
        "bookingid": 4199
    },
    {
        "bookingid": 8751
    },
    {
        "bookingid": 150
    },
    {
        "bookingid": 5331
    },
    {
        "bookingid": 7166
    },
    {
        "bookingid": 6711
    },
    {
        "bookingid": 2113
    },
    {
        "bookingid": 3048
    },
    {
        "bookingid": 8388
    },
    {
        "bookingid": 6624
    },
    {
        "bookingid": 7032
    },
    {
        "bookingid": 7933
    },
    {
        "bookingid": 115
    },
    {
        "bookingid": 7335
    },
    {
        "bookingid": 1384
    },
    {
        "bookingid": 2300
    },
    {
        "bookingid": 167
    },
    {
        "bookingid": 4730
    },
    {
        "bookingid": 8199
    },
    {
        "bookingid": 4299
    },
    {
        "bookingid": 2837
    },
    {
        "bookingid": 2647
    },
    {
        "bookingid": 79
    },
    {
        "bookingid": 7935
    },
    {
        "bookingid": 7022
    },
    {
        "bookingid": 4604
    },
    {
        "bookingid": 2593
    },
    {
        "bookingid": 7245
    },
    {
        "bookingid": 5197
    },
    {
        "bookingid": 6608
    },
    {
        "bookingid": 5355
    },
    {
        "bookingid": 6524
    },
    {
        "bookingid": 2512
    },
    {
        "bookingid": 46
    },
    {
        "bookingid": 4055
    },
    {
        "bookingid": 7939
    },
    {
        "bookingid": 5014
    },
    {
        "bookingid": 4437
    },
    {
        "bookingid": 2192
    },
    {
        "bookingid": 9188
    },
    {
        "bookingid": 8731
    },
    {
        "bookingid": 8818
    },
    {
        "bookingid": 5740
    },
    {
        "bookingid": 1879
    },
    {
        "bookingid": 2715
    },
    {
        "bookingid": 5722
    },
    {
        "bookingid": 8784
    },
    {
        "bookingid": 7257
    },
    {
        "bookingid": 8619
    },
    {
        "bookingid": 6844
    },
    {
        "bookingid": 457
    },
    {
        "bookingid": 1332
    },
    {
        "bookingid": 9166
    },
    {
        "bookingid": 8759
    },
    {
        "bookingid": 3319
    },
    {
        "bookingid": 4896
    },
    {
        "bookingid": 7537
    },
    {
        "bookingid": 131
    },
    {
        "bookingid": 2062
    },
    {
        "bookingid": 8722
    },
    {
        "bookingid": 4122
    },
    {
        "bookingid": 5147
    },
    {
        "bookingid": 4133
    },
    {
        "bookingid": 4183
    },
    {
        "bookingid": 182
    },
    {
        "bookingid": 765
    },
    {
        "bookingid": 4539
    },
    {
        "bookingid": 6968
    },
    {
        "bookingid": 5651
    },
    {
        "bookingid": 6445
    },
    {
        "bookingid": 3675
    },
    {
        "bookingid": 1632
    },
    {
        "bookingid": 5937
    },
    {
        "bookingid": 3651
    },
    {
        "bookingid": 6789
    },
    {
        "bookingid": 4322
    },
    {
        "bookingid": 5952
    },
    {
        "bookingid": 6884
    },
    {
        "bookingid": 9032
    },
    {
        "bookingid": 5040
    },
    {
        "bookingid": 1998
    },
    {
        "bookingid": 6573
    },
    {
        "bookingid": 3204
    },
    {
        "bookingid": 9029
    },
    {
        "bookingid": 7159
    },
    {
        "bookingid": 1380
    },
    {
        "bookingid": 7416
    },
    {
        "bookingid": 6390
    },
    {
        "bookingid": 3878
    },
    {
        "bookingid": 3854
    },
    {
        "bookingid": 5888
    },
    {
        "bookingid": 8338
    },
    {
        "bookingid": 538
    },
    {
        "bookingid": 5806
    },
    {
        "bookingid": 3032
    },
    {
        "bookingid": 7270
    },
    {
        "bookingid": 541
    },
    {
        "bookingid": 7119
    },
    {
        "bookingid": 5148
    },
    {
        "bookingid": 1123
    },
    {
        "bookingid": 8999
    },
    {
        "bookingid": 3727
    },
    {
        "bookingid": 8785
    },
    {
        "bookingid": 4283
    },
    {
        "bookingid": 548
    },
    {
        "bookingid": 8811
    },
    {
        "bookingid": 5386
    },
    {
        "bookingid": 1119
    },
    {
        "bookingid": 6757
    },
    {
        "bookingid": 7440
    },
    {
        "bookingid": 6293
    },
    {
        "bookingid": 2334
    },
    {
        "bookingid": 5532
    },
    {
        "bookingid": 2870
    },
    {
        "bookingid": 4781
    },
    {
        "bookingid": 6344
    },
    {
        "bookingid": 5325
    },
    {
        "bookingid": 2565
    },
    {
        "bookingid": 9070
    },
    {
        "bookingid": 5155
    },
    {
        "bookingid": 7201
    },
    {
        "bookingid": 4856
    },
    {
        "bookingid": 5966
    },
    {
        "bookingid": 8525
    },
    {
        "bookingid": 2986
    },
    {
        "bookingid": 5202
    },
    {
        "bookingid": 4320
    },
    {
        "bookingid": 5206
    },
    {
        "bookingid": 4532
    },
    {
        "bookingid": 8505
    },
    {
        "bookingid": 2825
    },
    {
        "bookingid": 1281
    },
    {
        "bookingid": 7614
    },
    {
        "bookingid": 1468
    },
    {
        "bookingid": 8551
    },
    {
        "bookingid": 2686
    },
    {
        "bookingid": 1756
    },
    {
        "bookingid": 3191
    },
    {
        "bookingid": 2976
    },
    {
        "bookingid": 4563
    },
    {
        "bookingid": 8876
    },
    {
        "bookingid": 8794
    },
    {
        "bookingid": 4076
    },
    {
        "bookingid": 4818
    },
    {
        "bookingid": 6676
    },
    {
        "bookingid": 773
    },
    {
        "bookingid": 780
    },
    {
        "bookingid": 3823
    },
    {
        "bookingid": 2225
    },
    {
        "bookingid": 6491
    },
    {
        "bookingid": 8393
    },
    {
        "bookingid": 7329
    },
    {
        "bookingid": 5648
    },
    {
        "bookingid": 5061
    },
    {
        "bookingid": 1320
    },
    {
        "bookingid": 8586
    },
    {
        "bookingid": 3403
    },
    {
        "bookingid": 3616
    },
    {
        "bookingid": 5900
    },
    {
        "bookingid": 9013
    },
    {
        "bookingid": 2278
    },
    {
        "bookingid": 8978
    },
    {
        "bookingid": 5221
    },
    {
        "bookingid": 888
    },
    {
        "bookingid": 990
    },
    {
        "bookingid": 1076
    },
    {
        "bookingid": 8521
    },
    {
        "bookingid": 7710
    },
    {
        "bookingid": 1880
    },
    {
        "bookingid": 6917
    },
    {
        "bookingid": 1925
    },
    {
        "bookingid": 6212
    },
    {
        "bookingid": 104
    },
    {
        "bookingid": 6767
    },
    {
        "bookingid": 600
    },
    {
        "bookingid": 6561
    },
    {
        "bookingid": 6162
    },
    {
        "bookingid": 7990
    },
    {
        "bookingid": 8288
    },
    {
        "bookingid": 639
    },
    {
        "bookingid": 6208
    },
    {
        "bookingid": 6843
    },
    {
        "bookingid": 7962
    },
    {
        "bookingid": 1350
    },
    {
        "bookingid": 8595
    },
    {
        "bookingid": 6497
    },
    {
        "bookingid": 7735
    },
    {
        "bookingid": 476
    },
    {
        "bookingid": 5285
    },
    {
        "bookingid": 8715
    },
    {
        "bookingid": 3189
    },
    {
        "bookingid": 6544
    },
    {
        "bookingid": 1668
    },
    {
        "bookingid": 5488
    },
    {
        "bookingid": 2276
    },
    {
        "bookingid": 2465
    },
    {
        "bookingid": 4014
    },
    {
        "bookingid": 801
    },
    {
        "bookingid": 2267
    },
    {
        "bookingid": 3364
    },
    {
        "bookingid": 872
    },
    {
        "bookingid": 4280
    },
    {
        "bookingid": 571
    },
    {
        "bookingid": 2920
    },
    {
        "bookingid": 2631
    },
    {
        "bookingid": 3735
    },
    {
        "bookingid": 7173
    },
    {
        "bookingid": 799
    },
    {
        "bookingid": 8832
    },
    {
        "bookingid": 4317
    },
    {
        "bookingid": 2417
    },
    {
        "bookingid": 3124
    },
    {
        "bookingid": 646
    },
    {
        "bookingid": 2364
    },
    {
        "bookingid": 9143
    },
    {
        "bookingid": 7211
    },
    {
        "bookingid": 3386
    },
    {
        "bookingid": 9172
    },
    {
        "bookingid": 8311
    },
    {
        "bookingid": 1976
    },
    {
        "bookingid": 7738
    },
    {
        "bookingid": 6720
    },
    {
        "bookingid": 3844
    },
    {
        "bookingid": 889
    },
    {
        "bookingid": 5778
    },
    {
        "bookingid": 6062
    },
    {
        "bookingid": 2199
    },
    {
        "bookingid": 6730
    },
    {
        "bookingid": 1631
    },
    {
        "bookingid": 3278
    },
    {
        "bookingid": 8917
    },
    {
        "bookingid": 2946
    },
    {
        "bookingid": 8134
    },
    {
        "bookingid": 2889
    },
    {
        "bookingid": 2352
    },
    {
        "bookingid": 8579
    },
    {
        "bookingid": 5504
    },
    {
        "bookingid": 7840
    },
    {
        "bookingid": 6565
    },
    {
        "bookingid": 6328
    },
    {
        "bookingid": 4176
    },
    {
        "bookingid": 9063
    },
    {
        "bookingid": 17
    },
    {
        "bookingid": 1335
    },
    {
        "bookingid": 6935
    },
    {
        "bookingid": 8913
    },
    {
        "bookingid": 8683
    },
    {
        "bookingid": 3414
    },
    {
        "bookingid": 5874
    },
    {
        "bookingid": 123
    },
    {
        "bookingid": 8958
    },
    {
        "bookingid": 7283
    },
    {
        "bookingid": 6665
    },
    {
        "bookingid": 5643
    },
    {
        "bookingid": 5360
    },
    {
        "bookingid": 2171
    },
    {
        "bookingid": 6485
    },
    {
        "bookingid": 8681
    },
    {
        "bookingid": 6299
    },
    {
        "bookingid": 7123
    },
    {
        "bookingid": 5336
    },
    {
        "bookingid": 109
    },
    {
        "bookingid": 8221
    },
    {
        "bookingid": 2439
    },
    {
        "bookingid": 5792
    },
    {
        "bookingid": 3353
    },
    {
        "bookingid": 9130
    },
    {
        "bookingid": 3211
    },
    {
        "bookingid": 4414
    },
    {
        "bookingid": 6411
    },
    {
        "bookingid": 4136
    },
    {
        "bookingid": 8417
    },
    {
        "bookingid": 4393
    },
    {
        "bookingid": 9150
    },
    {
        "bookingid": 2233
    },
    {
        "bookingid": 903
    },
    {
        "bookingid": 294
    },
    {
        "bookingid": 9115
    },
    {
        "bookingid": 4100
    },
    {
        "bookingid": 4787
    },
    {
        "bookingid": 5642
    },
    {
        "bookingid": 6089
    },
    {
        "bookingid": 6441
    },
    {
        "bookingid": 7583
    },
    {
        "bookingid": 7579
    },
    {
        "bookingid": 4914
    },
    {
        "bookingid": 6245
    },
    {
        "bookingid": 6647
    },
    {
        "bookingid": 4780
    },
    {
        "bookingid": 340
    },
    {
        "bookingid": 7664
    },
    {
        "bookingid": 4892
    },
    {
        "bookingid": 6729
    },
    {
        "bookingid": 3807
    },
    {
        "bookingid": 349
    },
    {
        "bookingid": 6302
    },
    {
        "bookingid": 5729
    },
    {
        "bookingid": 1691
    },
    {
        "bookingid": 68
    },
    {
        "bookingid": 8045
    },
    {
        "bookingid": 6864
    },
    {
        "bookingid": 2765
    },
    {
        "bookingid": 8839
    },
    {
        "bookingid": 1416
    },
    {
        "bookingid": 2645
    },
    {
        "bookingid": 4206
    },
    {
        "bookingid": 1511
    },
    {
        "bookingid": 8946
    },
    {
        "bookingid": 2294
    },
    {
        "bookingid": 902
    },
    {
        "bookingid": 3712
    },
    {
        "bookingid": 1625
    },
    {
        "bookingid": 3126
    },
    {
        "bookingid": 5321
    },
    {
        "bookingid": 2931
    },
    {
        "bookingid": 3091
    },
    {
        "bookingid": 3157
    },
    {
        "bookingid": 3596
    },
    {
        "bookingid": 8717
    },
    {
        "bookingid": 1283
    },
    {
        "bookingid": 61
    },
    {
        "bookingid": 3970
    },
    {
        "bookingid": 485
    },
    {
        "bookingid": 8635
    },
    {
        "bookingid": 4773
    },
    {
        "bookingid": 6109
    },
    {
        "bookingid": 8349
    },
    {
        "bookingid": 5405
    },
    {
        "bookingid": 5542
    },
    {
        "bookingid": 9048
    },
    {
        "bookingid": 5974
    },
    {
        "bookingid": 318
    },
    {
        "bookingid": 6895
    },
    {
        "bookingid": 8604
    },
    {
        "bookingid": 7006
    },
    {
        "bookingid": 1338
    },
    {
        "bookingid": 8803
    },
    {
        "bookingid": 7431
    },
    {
        "bookingid": 7669
    },
    {
        "bookingid": 4907
    },
    {
        "bookingid": 1585
    },
    {
        "bookingid": 334
    },
    {
        "bookingid": 2066
    },
    {
        "bookingid": 7515
    },
    {
        "bookingid": 4986
    },
    {
        "bookingid": 5401
    },
    {
        "bookingid": 3096
    },
    {
        "bookingid": 6238
    },
    {
        "bookingid": 6236
    },
    {
        "bookingid": 2530
    },
    {
        "bookingid": 5867
    },
    {
        "bookingid": 5984
    },
    {
        "bookingid": 8325
    },
    {
        "bookingid": 3813
    },
    {
        "bookingid": 7182
    },
    {
        "bookingid": 6872
    },
    {
        "bookingid": 2076
    },
    {
        "bookingid": 6669
    },
    {
        "bookingid": 4405
    },
    {
        "bookingid": 2020
    },
    {
        "bookingid": 6301
    },
    {
        "bookingid": 6828
    },
    {
        "bookingid": 2834
    },
    {
        "bookingid": 4523
    },
    {
        "bookingid": 8427
    },
    {
        "bookingid": 3171
    },
    {
        "bookingid": 2376
    },
    {
        "bookingid": 7034
    },
    {
        "bookingid": 4723
    },
    {
        "bookingid": 1370
    },
    {
        "bookingid": 3196
    },
    {
        "bookingid": 5385
    },
    {
        "bookingid": 5312
    },
    {
        "bookingid": 3365
    },
    {
        "bookingid": 594
    },
    {
        "bookingid": 3728
    },
    {
        "bookingid": 7825
    },
    {
        "bookingid": 1561
    },
    {
        "bookingid": 9062
    },
    {
        "bookingid": 774
    },
    {
        "bookingid": 5078
    },
    {
        "bookingid": 7163
    },
    {
        "bookingid": 171
    },
    {
        "bookingid": 6273
    },
    {
        "bookingid": 7301
    },
    {
        "bookingid": 2246
    },
    {
        "bookingid": 2980
    },
    {
        "bookingid": 4240
    },
    {
        "bookingid": 2726
    },
    {
        "bookingid": 6727
    },
    {
        "bookingid": 6919
    },
    {
        "bookingid": 3629
    },
    {
        "bookingid": 3053
    },
    {
        "bookingid": 933
    },
    {
        "bookingid": 4936
    },
    {
        "bookingid": 4139
    },
    {
        "bookingid": 5475
    },
    {
        "bookingid": 2030
    },
    {
        "bookingid": 1124
    },
    {
        "bookingid": 1259
    },
    {
        "bookingid": 217
    },
    {
        "bookingid": 2357
    },
    {
        "bookingid": 4644
    },
    {
        "bookingid": 39
    },
    {
        "bookingid": 1596
    },
    {
        "bookingid": 940
    },
    {
        "bookingid": 5628
    },
    {
        "bookingid": 2194
    },
    {
        "bookingid": 8466
    },
    {
        "bookingid": 6965
    },
    {
        "bookingid": 7268
    },
    {
        "bookingid": 8613
    },
    {
        "bookingid": 9178
    },
    {
        "bookingid": 2136
    },
    {
        "bookingid": 5235
    },
    {
        "bookingid": 1086
    },
    {
        "bookingid": 6829
    },
    {
        "bookingid": 7068
    },
    {
        "bookingid": 7582
    },
    {
        "bookingid": 1870
    },
    {
        "bookingid": 6437
    },
    {
        "bookingid": 421
    },
    {
        "bookingid": 4906
    },
    {
        "bookingid": 1959
    },
    {
        "bookingid": 5735
    },
    {
        "bookingid": 107
    },
    {
        "bookingid": 2662
    },
    {
        "bookingid": 8729
    },
    {
        "bookingid": 151
    },
    {
        "bookingid": 1646
    },
    {
        "bookingid": 8176
    },
    {
        "bookingid": 5546
    },
    {
        "bookingid": 7193
    },
    {
        "bookingid": 8834
    },
    {
        "bookingid": 4221
    },
    {
        "bookingid": 5841
    },
    {
        "bookingid": 2998
    },
    {
        "bookingid": 8011
    },
    {
        "bookingid": 6657
    },
    {
        "bookingid": 7272
    },
    {
        "bookingid": 1700
    },
    {
        "bookingid": 7485
    },
    {
        "bookingid": 5292
    },
    {
        "bookingid": 3176
    },
    {
        "bookingid": 1337
    },
    {
        "bookingid": 9179
    },
    {
        "bookingid": 272
    },
    {
        "bookingid": 247
    },
    {
        "bookingid": 7016
    },
    {
        "bookingid": 6980
    },
    {
        "bookingid": 6046
    },
    {
        "bookingid": 3002
    },
    {
        "bookingid": 775
    },
    {
        "bookingid": 3282
    },
    {
        "bookingid": 4123
    },
    {
        "bookingid": 8374
    },
    {
        "bookingid": 879
    },
    {
        "bookingid": 2842
    },
    {
        "bookingid": 4377
    },
    {
        "bookingid": 8319
    },
    {
        "bookingid": 8186
    },
    {
        "bookingid": 7087
    },
    {
        "bookingid": 7586
    },
    {
        "bookingid": 8513
    },
    {
        "bookingid": 7192
    },
    {
        "bookingid": 4135
    },
    {
        "bookingid": 8050
    },
    {
        "bookingid": 7995
    },
    {
        "bookingid": 3514
    },
    {
        "bookingid": 4940
    },
    {
        "bookingid": 209
    },
    {
        "bookingid": 5922
    },
    {
        "bookingid": 3225
    },
    {
        "bookingid": 8896
    },
    {
        "bookingid": 4771
    },
    {
        "bookingid": 8696
    },
    {
        "bookingid": 1346
    },
    {
        "bookingid": 1885
    },
    {
        "bookingid": 6619
    },
    {
        "bookingid": 7210
    },
    {
        "bookingid": 4485
    },
    {
        "bookingid": 6695
    },
    {
        "bookingid": 6811
    },
    {
        "bookingid": 2045
    },
    {
        "bookingid": 3782
    },
    {
        "bookingid": 8819
    },
    {
        "bookingid": 8858
    },
    {
        "bookingid": 4556
    },
    {
        "bookingid": 6803
    },
    {
        "bookingid": 6740
    },
    {
        "bookingid": 7555
    },
    {
        "bookingid": 8019
    },
    {
        "bookingid": 4793
    },
    {
        "bookingid": 3845
    },
    {
        "bookingid": 8655
    },
    {
        "bookingid": 3901
    },
    {
        "bookingid": 4798
    },
    {
        "bookingid": 5712
    },
    {
        "bookingid": 1823
    },
    {
        "bookingid": 7999
    },
    {
        "bookingid": 369
    },
    {
        "bookingid": 4569
    },
    {
        "bookingid": 1068
    },
    {
        "bookingid": 2991
    },
    {
        "bookingid": 4517
    },
    {
        "bookingid": 2894
    },
    {
        "bookingid": 4533
    },
    {
        "bookingid": 4946
    },
    {
        "bookingid": 2193
    },
    {
        "bookingid": 3580
    },
    {
        "bookingid": 7590
    },
    {
        "bookingid": 8786
    },
    {
        "bookingid": 480
    },
    {
        "bookingid": 5517
    },
    {
        "bookingid": 2936
    },
    {
        "bookingid": 6607
    },
    {
        "bookingid": 7864
    },
    {
        "bookingid": 8880
    },
    {
        "bookingid": 4767
    },
    {
        "bookingid": 2830
    },
    {
        "bookingid": 4174
    },
    {
        "bookingid": 7396
    },
    {
        "bookingid": 7330
    },
    {
        "bookingid": 6078
    },
    {
        "bookingid": 2557
    },
    {
        "bookingid": 3595
    },
    {
        "bookingid": 6570
    },
    {
        "bookingid": 8654
    },
    {
        "bookingid": 4916
    },
    {
        "bookingid": 8574
    },
    {
        "bookingid": 2692
    },
    {
        "bookingid": 7843
    },
    {
        "bookingid": 806
    },
    {
        "bookingid": 5058
    },
    {
        "bookingid": 3084
    },
    {
        "bookingid": 8575
    },
    {
        "bookingid": 3523
    },
    {
        "bookingid": 6388
    },
    {
        "bookingid": 3809
    },
    {
        "bookingid": 8324
    },
    {
        "bookingid": 38
    },
    {
        "bookingid": 4351
    },
    {
        "bookingid": 6543
    },
    {
        "bookingid": 5416
    },
    {
        "bookingid": 2890
    },
    {
        "bookingid": 4085
    },
    {
        "bookingid": 1685
    },
    {
        "bookingid": 5679
    },
    {
        "bookingid": 1940
    },
    {
        "bookingid": 6763
    },
    {
        "bookingid": 5217
    },
    {
        "bookingid": 6837
    },
    {
        "bookingid": 8491
    },
    {
        "bookingid": 9171
    },
    {
        "bookingid": 2797
    },
    {
        "bookingid": 6736
    },
    {
        "bookingid": 166
    },
    {
        "bookingid": 359
    },
    {
        "bookingid": 9077
    },
    {
        "bookingid": 4282
    },
    {
        "bookingid": 5365
    },
    {
        "bookingid": 3071
    },
    {
        "bookingid": 5862
    },
    {
        "bookingid": 8244
    },
    {
        "bookingid": 4662
    },
    {
        "bookingid": 2466
    },
    {
        "bookingid": 5473
    },
    {
        "bookingid": 1398
    },
    {
        "bookingid": 3860
    },
    {
        "bookingid": 7850
    },
    {
        "bookingid": 1057
    },
    {
        "bookingid": 6962
    },
    {
        "bookingid": 4286
    },
    {
        "bookingid": 8479
    },
    {
        "bookingid": 1379
    },
    {
        "bookingid": 6916
    },
    {
        "bookingid": 7348
    },
    {
        "bookingid": 377
    },
    {
        "bookingid": 5777
    },
    {
        "bookingid": 5996
    },
    {
        "bookingid": 2841
    },
    {
        "bookingid": 7708
    },
    {
        "bookingid": 6973
    },
    {
        "bookingid": 649
    },
    {
        "bookingid": 1434
    },
    {
        "bookingid": 3635
    },
    {
        "bookingid": 7793
    },
    {
        "bookingid": 8135
    },
    {
        "bookingid": 110
    },
    {
        "bookingid": 1832
    },
    {
        "bookingid": 7110
    },
    {
        "bookingid": 2148
    },
    {
        "bookingid": 5544
    },
    {
        "bookingid": 2977
    },
    {
        "bookingid": 8066
    },
    {
        "bookingid": 3515
    },
    {
        "bookingid": 7853
    },
    {
        "bookingid": 1570
    },
    {
        "bookingid": 3856
    },
    {
        "bookingid": 8230
    },
    {
        "bookingid": 867
    },
    {
        "bookingid": 7080
    },
    {
        "bookingid": 3037
    },
    {
        "bookingid": 7527
    },
    {
        "bookingid": 7152
    },
    {
        "bookingid": 8184
    },
    {
        "bookingid": 8632
    },
    {
        "bookingid": 6440
    },
    {
        "bookingid": 276
    },
    {
        "bookingid": 4803
    },
    {
        "bookingid": 7534
    },
    {
        "bookingid": 1938
    },
    {
        "bookingid": 5126
    },
    {
        "bookingid": 5442
    },
    {
        "bookingid": 1035
    },
    {
        "bookingid": 3144
    },
    {
        "bookingid": 757
    },
    {
        "bookingid": 4011
    },
    {
        "bookingid": 8852
    },
    {
        "bookingid": 2150
    },
    {
        "bookingid": 4260
    },
    {
        "bookingid": 643
    },
    {
        "bookingid": 3438
    },
    {
        "bookingid": 839
    },
    {
        "bookingid": 3766
    },
    {
        "bookingid": 5850
    },
    {
        "bookingid": 6823
    },
    {
        "bookingid": 6881
    },
    {
        "bookingid": 524
    },
    {
        "bookingid": 8315
    },
    {
        "bookingid": 985
    },
    {
        "bookingid": 4342
    },
    {
        "bookingid": 6102
    },
    {
        "bookingid": 805
    },
    {
        "bookingid": 6600
    },
    {
        "bookingid": 2745
    },
    {
        "bookingid": 3622
    },
    {
        "bookingid": 1382
    },
    {
        "bookingid": 3409
    },
    {
        "bookingid": 449
    },
    {
        "bookingid": 6606
    },
    {
        "bookingid": 7111
    },
    {
        "bookingid": 1598
    },
    {
        "bookingid": 5861
    },
    {
        "bookingid": 8082
    },
    {
        "bookingid": 5184
    },
    {
        "bookingid": 6168
    },
    {
        "bookingid": 1207
    },
    {
        "bookingid": 8749
    },
    {
        "bookingid": 326
    },
    {
        "bookingid": 319
    },
    {
        "bookingid": 9153
    },
    {
        "bookingid": 6218
    },
    {
        "bookingid": 8366
    },
    {
        "bookingid": 8462
    },
    {
        "bookingid": 1136
    },
    {
        "bookingid": 3040
    },
    {
        "bookingid": 432
    },
    {
        "bookingid": 7439
    },
    {
        "bookingid": 4120
    },
    {
        "bookingid": 4148
    },
    {
        "bookingid": 307
    },
    {
        "bookingid": 8105
    },
    {
        "bookingid": 1151
    },
    {
        "bookingid": 684
    },
    {
        "bookingid": 4340
    },
    {
        "bookingid": 3600
    },
    {
        "bookingid": 255
    },
    {
        "bookingid": 8339
    },
    {
        "bookingid": 6707
    },
    {
        "bookingid": 2211
    },
    {
        "bookingid": 26
    },
    {
        "bookingid": 1301
    },
    {
        "bookingid": 1851
    },
    {
        "bookingid": 8436
    },
    {
        "bookingid": 1988
    },
    {
        "bookingid": 7224
    },
    {
        "bookingid": 8672
    },
    {
        "bookingid": 2871
    },
    {
        "bookingid": 129
    },
    {
        "bookingid": 6654
    },
    {
        "bookingid": 8253
    },
    {
        "bookingid": 2706
    },
    {
        "bookingid": 3220
    },
    {
        "bookingid": 2324
    },
    {
        "bookingid": 7150
    },
    {
        "bookingid": 3013
    },
    {
        "bookingid": 403
    },
    {
        "bookingid": 4869
    },
    {
        "bookingid": 5025
    },
    {
        "bookingid": 726
    },
    {
        "bookingid": 6358
    },
    {
        "bookingid": 5496
    },
    {
        "bookingid": 3990
    },
    {
        "bookingid": 6684
    },
    {
        "bookingid": 7212
    },
    {
        "bookingid": 610
    },
    {
        "bookingid": 6460
    },
    {
        "bookingid": 6031
    },
    {
        "bookingid": 2887
    },
    {
        "bookingid": 1914
    },
    {
        "bookingid": 3788
    },
    {
        "bookingid": 4252
    },
    {
        "bookingid": 8232
    },
    {
        "bookingid": 793
    },
    {
        "bookingid": 2849
    },
    {
        "bookingid": 2811
    },
    {
        "bookingid": 473
    },
    {
        "bookingid": 152
    },
    {
        "bookingid": 5128
    },
    {
        "bookingid": 5228
    },
    {
        "bookingid": 6213
    },
    {
        "bookingid": 2913
    },
    {
        "bookingid": 3582
    },
    {
        "bookingid": 5644
    },
    {
        "bookingid": 7394
    },
    {
        "bookingid": 2552
    },
    {
        "bookingid": 1211
    },
    {
        "bookingid": 8036
    },
    {
        "bookingid": 755
    },
    {
        "bookingid": 2140
    },
    {
        "bookingid": 4835
    },
    {
        "bookingid": 7309
    },
    {
        "bookingid": 2331
    },
    {
        "bookingid": 384
    },
    {
        "bookingid": 25
    },
    {
        "bookingid": 9061
    },
    {
        "bookingid": 469
    },
    {
        "bookingid": 2738
    },
    {
        "bookingid": 7425
    },
    {
        "bookingid": 8402
    },
    {
        "bookingid": 2862
    },
    {
        "bookingid": 8600
    },
    {
        "bookingid": 5124
    },
    {
        "bookingid": 8518
    },
    {
        "bookingid": 2548
    },
    {
        "bookingid": 4438
    },
    {
        "bookingid": 2582
    },
    {
        "bookingid": 1041
    },
    {
        "bookingid": 3297
    },
    {
        "bookingid": 1316
    },
    {
        "bookingid": 6984
    },
    {
        "bookingid": 4536
    },
    {
        "bookingid": 7782
    },
    {
        "bookingid": 4
    },
    {
        "bookingid": 6026
    },
    {
        "bookingid": 389
    },
    {
        "bookingid": 916
    },
    {
        "bookingid": 4145
    },
    {
        "bookingid": 7505
    },
    {
        "bookingid": 3238
    },
    {
        "bookingid": 5070
    },
    {
        "bookingid": 2252
    },
    {
        "bookingid": 1237
    },
    {
        "bookingid": 6773
    },
    {
        "bookingid": 179
    },
    {
        "bookingid": 7171
    },
    {
        "bookingid": 7279
    },
    {
        "bookingid": 7281
    },
    {
        "bookingid": 6353
    },
    {
        "bookingid": 4952
    },
    {
        "bookingid": 8180
    },
    {
        "bookingid": 6048
    },
    {
        "bookingid": 52
    },
    {
        "bookingid": 866
    },
    {
        "bookingid": 7444
    },
    {
        "bookingid": 7386
    },
    {
        "bookingid": 1644
    },
    {
        "bookingid": 7919
    },
    {
        "bookingid": 569
    },
    {
        "bookingid": 1120
    },
    {
        "bookingid": 4415
    },
    {
        "bookingid": 5699
    },
    {
        "bookingid": 2234
    },
    {
        "bookingid": 6
    },
    {
        "bookingid": 4026
    },
    {
        "bookingid": 8904
    },
    {
        "bookingid": 1478
    },
    {
        "bookingid": 7112
    },
    {
        "bookingid": 7991
    },
    {
        "bookingid": 1438
    },
    {
        "bookingid": 7731
    },
    {
        "bookingid": 3399
    },
    {
        "bookingid": 7088
    },
    {
        "bookingid": 2621
    },
    {
        "bookingid": 1548
    },
    {
        "bookingid": 8450
    },
    {
        "bookingid": 2077
    },
    {
        "bookingid": 8669
    },
    {
        "bookingid": 8703
    },
    {
        "bookingid": 5042
    },
    {
        "bookingid": 2495
    },
    {
        "bookingid": 6110
    },
    {
        "bookingid": 608
    },
    {
        "bookingid": 720
    },
    {
        "bookingid": 2521
    },
    {
        "bookingid": 1907
    },
    {
        "bookingid": 350
    },
    {
        "bookingid": 4992
    },
    {
        "bookingid": 4334
    },
    {
        "bookingid": 5516
    },
    {
        "bookingid": 3506
    },
    {
        "bookingid": 8303
    },
    {
        "bookingid": 3456
    },
    {
        "bookingid": 5917
    },
    {
        "bookingid": 6142
    },
    {
        "bookingid": 1910
    },
    {
        "bookingid": 7601
    },
    {
        "bookingid": 4338
    },
    {
        "bookingid": 5477
    },
    {
        "bookingid": 6930
    },
    {
        "bookingid": 8241
    },
    {
        "bookingid": 5015
    },
    {
        "bookingid": 6948
    },
    {
        "bookingid": 4363
    },
    {
        "bookingid": 6307
    },
    {
        "bookingid": 383
    },
    {
        "bookingid": 4467
    },
    {
        "bookingid": 8073
    },
    {
        "bookingid": 8912
    },
    {
        "bookingid": 1155
    },
    {
        "bookingid": 1396
    },
    {
        "bookingid": 1482
    },
    {
        "bookingid": 6719
    },
    {
        "bookingid": 7167
    },
    {
        "bookingid": 7468
    },
    {
        "bookingid": 6368
    },
    {
        "bookingid": 1864
    },
    {
        "bookingid": 549
    },
    {
        "bookingid": 4758
    },
    {
        "bookingid": 3336
    },
    {
        "bookingid": 3250
    },
    {
        "bookingid": 5965
    },
    {
        "bookingid": 7474
    },
    {
        "bookingid": 4184
    },
    {
        "bookingid": 3730
    },
    {
        "bookingid": 739
    },
    {
        "bookingid": 819
    },
    {
        "bookingid": 7218
    },
    {
        "bookingid": 7244
    },
    {
        "bookingid": 9142
    },
    {
        "bookingid": 2628
    },
    {
        "bookingid": 5498
    },
    {
        "bookingid": 7352
    },
    {
        "bookingid": 5866
    },
    {
        "bookingid": 5512
    },
    {
        "bookingid": 878
    },
    {
        "bookingid": 5994
    },
    {
        "bookingid": 1238
    },
    {
        "bookingid": 4426
    },
    {
        "bookingid": 8993
    },
    {
        "bookingid": 5865
    },
    {
        "bookingid": 4251
    },
    {
        "bookingid": 4788
    },
    {
        "bookingid": 589
    },
    {
        "bookingid": 3796
    },
    {
        "bookingid": 698
    },
    {
        "bookingid": 8140
    },
    {
        "bookingid": 5145
    },
    {
        "bookingid": 1796
    },
    {
        "bookingid": 8734
    },
    {
        "bookingid": 2156
    },
    {
        "bookingid": 7602
    },
    {
        "bookingid": 6886
    },
    {
        "bookingid": 3824
    },
    {
        "bookingid": 2828
    },
    {
        "bookingid": 901
    },
    {
        "bookingid": 214
    },
    {
        "bookingid": 6449
    },
    {
        "bookingid": 930
    },
    {
        "bookingid": 4387
    },
    {
        "bookingid": 358
    },
    {
        "bookingid": 8387
    },
    {
        "bookingid": 4696
    },
    {
        "bookingid": 4290
    },
    {
        "bookingid": 5167
    },
    {
        "bookingid": 7204
    },
    {
        "bookingid": 3478
    },
    {
        "bookingid": 8401
    },
    {
        "bookingid": 8037
    },
    {
        "bookingid": 3097
    },
    {
        "bookingid": 763
    },
    {
        "bookingid": 2281
    },
    {
        "bookingid": 103
    },
    {
        "bookingid": 8055
    },
    {
        "bookingid": 1386
    },
    {
        "bookingid": 5990
    },
    {
        "bookingid": 4455
    },
    {
        "bookingid": 5624
    },
    {
        "bookingid": 6689
    },
    {
        "bookingid": 142
    },
    {
        "bookingid": 3733
    },
    {
        "bookingid": 3562
    },
    {
        "bookingid": 2695
    },
    {
        "bookingid": 8718
    },
    {
        "bookingid": 374
    },
    {
        "bookingid": 8146
    },
    {
        "bookingid": 3726
    },
    {
        "bookingid": 8807
    },
    {
        "bookingid": 453
    },
    {
        "bookingid": 2216
    },
    {
        "bookingid": 8728
    },
    {
        "bookingid": 6847
    },
    {
        "bookingid": 496
    },
    {
        "bookingid": 3708
    },
    {
        "bookingid": 4984
    },
    {
        "bookingid": 8680
    },
    {
        "bookingid": 4654
    },
    {
        "bookingid": 8970
    },
    {
        "bookingid": 3321
    },
    {
        "bookingid": 8991
    },
    {
        "bookingid": 270
    },
    {
        "bookingid": 5289
    },
    {
        "bookingid": 4949
    },
    {
        "bookingid": 4247
    },
    {
        "bookingid": 5425
    },
    {
        "bookingid": 9084
    },
    {
        "bookingid": 5470
    },
    {
        "bookingid": 5326
    },
    {
        "bookingid": 1182
    },
    {
        "bookingid": 7997
    },
    {
        "bookingid": 5797
    },
    {
        "bookingid": 2827
    },
    {
        "bookingid": 2531
    },
    {
        "bookingid": 6180
    },
    {
        "bookingid": 4769
    },
    {
        "bookingid": 6451
    },
    {
        "bookingid": 4267
    },
    {
        "bookingid": 4407
    },
    {
        "bookingid": 6585
    },
    {
        "bookingid": 5287
    },
    {
        "bookingid": 6981
    },
    {
        "bookingid": 6257
    },
    {
        "bookingid": 1295
    },
    {
        "bookingid": 3739
    },
    {
        "bookingid": 3261
    },
    {
        "bookingid": 8536
    },
    {
        "bookingid": 7736
    },
    {
        "bookingid": 409
    },
    {
        "bookingid": 2723
    },
    {
        "bookingid": 5923
    },
    {
        "bookingid": 6241
    },
    {
        "bookingid": 1580
    },
    {
        "bookingid": 5381
    },
    {
        "bookingid": 3929
    },
    {
        "bookingid": 566
    },
    {
        "bookingid": 3664
    },
    {
        "bookingid": 3194
    },
    {
        "bookingid": 5468
    },
    {
        "bookingid": 3017
    },
    {
        "bookingid": 3142
    },
    {
        "bookingid": 8133
    },
    {
        "bookingid": 251
    },
    {
        "bookingid": 2703
    },
    {
        "bookingid": 8973
    },
    {
        "bookingid": 287
    },
    {
        "bookingid": 8627
    },
    {
        "bookingid": 1752
    },
    {
        "bookingid": 2684
    },
    {
        "bookingid": 4874
    },
    {
        "bookingid": 1551
    },
    {
        "bookingid": 3339
    },
    {
        "bookingid": 4507
    },
    {
        "bookingid": 7868
    },
    {
        "bookingid": 3207
    },
    {
        "bookingid": 301
    },
    {
        "bookingid": 2003
    },
    {
        "bookingid": 6910
    },
    {
        "bookingid": 344
    },
    {
        "bookingid": 8935
    },
    {
        "bookingid": 3563
    },
    {
        "bookingid": 7636
    },
    {
        "bookingid": 5239
    },
    {
        "bookingid": 6038
    },
    {
        "bookingid": 3077
    },
    {
        "bookingid": 7153
    },
    {
        "bookingid": 2956
    },
    {
        "bookingid": 1153
    },
    {
        "bookingid": 5826
    },
    {
        "bookingid": 4680
    },
    {
        "bookingid": 2794
    },
    {
        "bookingid": 1167
    },
    {
        "bookingid": 677
    },
    {
        "bookingid": 3214
    },
    {
        "bookingid": 5536
    },
    {
        "bookingid": 2346
    },
    {
        "bookingid": 4851
    },
    {
        "bookingid": 3410
    },
    {
        "bookingid": 7696
    },
    {
        "bookingid": 7788
    },
    {
        "bookingid": 6294
    },
    {
        "bookingid": 2365
    },
    {
        "bookingid": 4496
    },
    {
        "bookingid": 1973
    },
    {
        "bookingid": 136
    },
    {
        "bookingid": 842
    },
    {
        "bookingid": 7300
    },
    {
        "bookingid": 2126
    },
    {
        "bookingid": 2953
    },
    {
        "bookingid": 6475
    },
    {
        "bookingid": 6558
    },
    {
        "bookingid": 275
    },
    {
        "bookingid": 4911
    },
    {
        "bookingid": 7656
    },
    {
        "bookingid": 1049
    },
    {
        "bookingid": 1960
    },
    {
        "bookingid": 7905
    },
    {
        "bookingid": 1485
    },
    {
        "bookingid": 2189
    },
    {
        "bookingid": 3069
    },
    {
        "bookingid": 6275
    },
    {
        "bookingid": 4158
    },
    {
        "bookingid": 215
    },
    {
        "bookingid": 5201
    },
    {
        "bookingid": 1011
    },
    {
        "bookingid": 9033
    },
    {
        "bookingid": 3956
    },
    {
        "bookingid": 3547
    },
    {
        "bookingid": 1750
    },
    {
        "bookingid": 153
    },
    {
        "bookingid": 3942
    },
    {
        "bookingid": 7436
    },
    {
        "bookingid": 3310
    },
    {
        "bookingid": 7887
    },
    {
        "bookingid": 4738
    },
    {
        "bookingid": 6289
    },
    {
        "bookingid": 5879
    },
    {
        "bookingid": 5055
    },
    {
        "bookingid": 9157
    },
    {
        "bookingid": 2523
    },
    {
        "bookingid": 3218
    },
    {
        "bookingid": 7197
    },
    {
        "bookingid": 6477
    },
    {
        "bookingid": 5660
    },
    {
        "bookingid": 4448
    },
    {
        "bookingid": 3499
    },
    {
        "bookingid": 7888
    },
    {
        "bookingid": 5009
    },
    {
        "bookingid": 3422
    },
    {
        "bookingid": 6652
    },
    {
        "bookingid": 363
    },
    {
        "bookingid": 3718
    },
    {
        "bookingid": 45
    },
    {
        "bookingid": 4065
    },
    {
        "bookingid": 4840
    },
    {
        "bookingid": 3940
    },
    {
        "bookingid": 8947
    },
    {
        "bookingid": 7265
    },
    {
        "bookingid": 7184
    },
    {
        "bookingid": 407
    },
    {
        "bookingid": 8160
    },
    {
        "bookingid": 6501
    },
    {
        "bookingid": 4275
    },
    {
        "bookingid": 3969
    },
    {
        "bookingid": 2093
    },
    {
        "bookingid": 6479
    },
    {
        "bookingid": 2558
    },
    {
        "bookingid": 2231
    },
    {
        "bookingid": 7496
    },
    {
        "bookingid": 7649
    },
    {
        "bookingid": 7137
    },
    {
        "bookingid": 5873
    },
    {
        "bookingid": 7062
    },
    {
        "bookingid": 6946
    },
    {
        "bookingid": 4109
    },
    {
        "bookingid": 3281
    },
    {
        "bookingid": 708
    },
    {
        "bookingid": 830
    },
    {
        "bookingid": 5119
    },
    {
        "bookingid": 7975
    },
    {
        "bookingid": 6376
    },
    {
        "bookingid": 4791
    },
    {
        "bookingid": 8127
    },
    {
        "bookingid": 2511
    },
    {
        "bookingid": 6502
    },
    {
        "bookingid": 1996
    },
    {
        "bookingid": 5668
    },
    {
        "bookingid": 4170
    },
    {
        "bookingid": 6124
    },
    {
        "bookingid": 7287
    },
    {
        "bookingid": 5605
    },
    {
        "bookingid": 7562
    },
    {
        "bookingid": 258
    },
    {
        "bookingid": 4678
    },
    {
        "bookingid": 1848
    },
    {
        "bookingid": 8350
    },
    {
        "bookingid": 6778
    },
    {
        "bookingid": 4753
    },
    {
        "bookingid": 5340
    },
    {
        "bookingid": 9116
    },
    {
        "bookingid": 558
    },
    {
        "bookingid": 4423
    },
    {
        "bookingid": 4460
    },
    {
        "bookingid": 2094
    },
    {
        "bookingid": 2014
    },
    {
        "bookingid": 4693
    },
    {
        "bookingid": 62
    },
    {
        "bookingid": 3255
    },
    {
        "bookingid": 6269
    },
    {
        "bookingid": 4160
    },
    {
        "bookingid": 1096
    },
    {
        "bookingid": 3659
    },
    {
        "bookingid": 7100
    },
    {
        "bookingid": 5675
    },
    {
        "bookingid": 6242
    },
    {
        "bookingid": 7001
    },
    {
        "bookingid": 5897
    },
    {
        "bookingid": 8089
    },
    {
        "bookingid": 1875
    },
    {
        "bookingid": 1004
    },
    {
        "bookingid": 6232
    },
    {
        "bookingid": 169
    },
    {
        "bookingid": 3931
    },
    {
        "bookingid": 6513
    },
    {
        "bookingid": 7682
    },
    {
        "bookingid": 2985
    },
    {
        "bookingid": 8507
    },
    {
        "bookingid": 7299
    },
    {
        "bookingid": 4922
    },
    {
        "bookingid": 8571
    },
    {
        "bookingid": 1185
    },
    {
        "bookingid": 7381
    },
    {
        "bookingid": 1845
    },
    {
        "bookingid": 4372
    },
    {
        "bookingid": 3583
    },
    {
        "bookingid": 5817
    },
    {
        "bookingid": 1862
    },
    {
        "bookingid": 6556
    },
    {
        "bookingid": 6396
    },
    {
        "bookingid": 6737
    },
    {
        "bookingid": 6356
    },
    {
        "bookingid": 1198
    },
    {
        "bookingid": 5410
    },
    {
        "bookingid": 5991
    },
    {
        "bookingid": 4824
    },
    {
        "bookingid": 5123
    },
    {
        "bookingid": 368
    },
    {
        "bookingid": 101
    },
    {
        "bookingid": 8002
    },
    {
        "bookingid": 5649
    },
    {
        "bookingid": 8628
    },
    {
        "bookingid": 3778
    },
    {
        "bookingid": 4955
    },
    {
        "bookingid": 8857
    },
    {
        "bookingid": 3382
    },
    {
        "bookingid": 6220
    },
    {
        "bookingid": 766
    },
    {
        "bookingid": 2483
    },
    {
        "bookingid": 2390
    },
    {
        "bookingid": 27
    },
    {
        "bookingid": 5690
    },
    {
        "bookingid": 4807
    },
    {
        "bookingid": 8189
    },
    {
        "bookingid": 6822
    },
    {
        "bookingid": 4040
    },
    {
        "bookingid": 3325
    },
    {
        "bookingid": 8948
    },
    {
        "bookingid": 8459
    },
    {
        "bookingid": 7221
    },
    {
        "bookingid": 5139
    },
    {
        "bookingid": 7491
    },
    {
        "bookingid": 94
    },
    {
        "bookingid": 4502
    },
    {
        "bookingid": 1490
    },
    {
        "bookingid": 8272
    },
    {
        "bookingid": 632
    },
    {
        "bookingid": 6130
    },
    {
        "bookingid": 5069
    },
    {
        "bookingid": 6999
    },
    {
        "bookingid": 3098
    },
    {
        "bookingid": 320
    },
    {
        "bookingid": 4378
    },
    {
        "bookingid": 1432
    },
    {
        "bookingid": 4161
    },
    {
        "bookingid": 5299
    },
    {
        "bookingid": 5141
    },
    {
        "bookingid": 8397
    },
    {
        "bookingid": 8629
    },
    {
        "bookingid": 4729
    },
    {
        "bookingid": 5304
    },
    {
        "bookingid": 8032
    },
    {
        "bookingid": 3260
    },
    {
        "bookingid": 5563
    },
    {
        "bookingid": 4666
    },
    {
        "bookingid": 7401
    },
    {
        "bookingid": 87
    },
    {
        "bookingid": 47
    },
    {
        "bookingid": 2202
    },
    {
        "bookingid": 5439
    },
    {
        "bookingid": 3938
    },
    {
        "bookingid": 6970
    },
    {
        "bookingid": 2378
    },
    {
        "bookingid": 1109
    },
    {
        "bookingid": 6248
    },
    {
        "bookingid": 2141
    },
    {
        "bookingid": 1315
    },
    {
        "bookingid": 3996
    },
    {
        "bookingid": 1322
    },
    {
        "bookingid": 1042
    },
    {
        "bookingid": 7911
    },
    {
        "bookingid": 140
    },
    {
        "bookingid": 240
    },
    {
        "bookingid": 7807
    },
    {
        "bookingid": 5112
    },
    {
        "bookingid": 5461
    },
    {
        "bookingid": 7239
    },
    {
        "bookingid": 3988
    },
    {
        "bookingid": 4859
    },
    {
        "bookingid": 8085
    },
    {
        "bookingid": 5207
    },
    {
        "bookingid": 4962
    },
    {
        "bookingid": 2747
    },
    {
        "bookingid": 3133
    },
    {
        "bookingid": 4616
    },
    {
        "bookingid": 4540
    },
    {
        "bookingid": 2876
    },
    {
        "bookingid": 5003
    },
    {
        "bookingid": 7027
    },
    {
        "bookingid": 1232
    },
    {
        "bookingid": 8087
    },
    {
        "bookingid": 5493
    },
    {
        "bookingid": 6639
    },
    {
        "bookingid": 6836
    },
    {
        "bookingid": 4354
    },
    {
        "bookingid": 3693
    },
    {
        "bookingid": 6890
    },
    {
        "bookingid": 1721
    },
    {
        "bookingid": 6629
    },
    {
        "bookingid": 7930
    },
    {
        "bookingid": 8094
    },
    {
        "bookingid": 312
    },
    {
        "bookingid": 2224
    },
    {
        "bookingid": 4899
    },
    {
        "bookingid": 6641
    },
    {
        "bookingid": 8430
    },
    {
        "bookingid": 4458
    },
    {
        "bookingid": 1667
    },
    {
        "bookingid": 5454
    },
    {
        "bookingid": 1388
    },
    {
        "bookingid": 6595
    },
    {
        "bookingid": 3525
    },
    {
        "bookingid": 155
    },
    {
        "bookingid": 5561
    },
    {
        "bookingid": 2350
    },
    {
        "bookingid": 9030
    },
    {
        "bookingid": 8584
    },
    {
        "bookingid": 3271
    },
    {
        "bookingid": 6374
    },
    {
        "bookingid": 2329
    },
    {
        "bookingid": 2303
    },
    {
        "bookingid": 2394
    },
    {
        "bookingid": 6874
    },
    {
        "bookingid": 2574
    },
    {
        "bookingid": 8580
    },
    {
        "bookingid": 60
    },
    {
        "bookingid": 6627
    },
    {
        "bookingid": 4790
    },
    {
        "bookingid": 5214
    },
    {
        "bookingid": 391
    },
    {
        "bookingid": 2205
    },
    {
        "bookingid": 553
    },
    {
        "bookingid": 2679
    },
    {
        "bookingid": 6434
    },
    {
        "bookingid": 1143
    },
    {
        "bookingid": 7743
    },
    {
        "bookingid": 1674
    },
    {
        "bookingid": 4890
    },
    {
        "bookingid": 8250
    },
    {
        "bookingid": 770
    },
    {
        "bookingid": 2997
    },
    {
        "bookingid": 3145
    },
    {
        "bookingid": 1508
    },
    {
        "bookingid": 6713
    },
    {
        "bookingid": 5273
    },
    {
        "bookingid": 6807
    },
    {
        "bookingid": 332
    },
    {
        "bookingid": 1604
    },
    {
        "bookingid": 4554
    },
    {
        "bookingid": 1093
    },
    {
        "bookingid": 557
    },
    {
        "bookingid": 7623
    },
    {
        "bookingid": 3984
    },
    {
        "bookingid": 3476
    },
    {
        "bookingid": 2595
    },
    {
        "bookingid": 8262
    },
    {
        "bookingid": 8229
    },
    {
        "bookingid": 4052
    },
    {
        "bookingid": 2855
    },
    {
        "bookingid": 7338
    },
    {
        "bookingid": 4933
    },
    {
        "bookingid": 2772
    },
    {
        "bookingid": 1260
    },
    {
        "bookingid": 4568
    },
    {
        "bookingid": 8152
    },
    {
        "bookingid": 3427
    },
    {
        "bookingid": 2212
    },
    {
        "bookingid": 5914
    },
    {
        "bookingid": 3877
    },
    {
        "bookingid": 1665
    },
    {
        "bookingid": 626
    },
    {
        "bookingid": 4029
    },
    {
        "bookingid": 4008
    },
    {
        "bookingid": 4447
    },
    {
        "bookingid": 286
    },
    {
        "bookingid": 2758
    },
    {
        "bookingid": 81
    },
    {
        "bookingid": 3266
    },
    {
        "bookingid": 4879
    },
    {
        "bookingid": 8295
    },
    {
        "bookingid": 1347
    },
    {
        "bookingid": 1579
    },
    {
        "bookingid": 2688
    },
    {
        "bookingid": 59
    },
    {
        "bookingid": 8371
    },
    {
        "bookingid": 1440
    },
    {
        "bookingid": 3508
    },
    {
        "bookingid": 1732
    },
    {
        "bookingid": 6974
    },
    {
        "bookingid": 293
    },
    {
        "bookingid": 5474
    },
    {
        "bookingid": 7026
    },
    {
        "bookingid": 3259
    },
    {
        "bookingid": 427
    },
    {
        "bookingid": 5272
    },
    {
        "bookingid": 3234
    },
    {
        "bookingid": 1780
    },
    {
        "bookingid": 6351
    },
    {
        "bookingid": 4233
    },
    {
        "bookingid": 2950
    },
    {
        "bookingid": 24
    },
    {
        "bookingid": 8243
    },
    {
        "bookingid": 5548
    },
    {
        "bookingid": 4759
    },
    {
        "bookingid": 2831
    },
    {
        "bookingid": 7083
    },
    {
        "bookingid": 5435
    },
    {
        "bookingid": 2498
    },
    {
        "bookingid": 1980
    },
    {
        "bookingid": 6114
    },
    {
        "bookingid": 5780
    },
    {
        "bookingid": 3292
    },
    {
        "bookingid": 4887
    },
    {
        "bookingid": 2641
    },
    {
        "bookingid": 7929
    },
    {
        "bookingid": 2534
    },
    {
        "bookingid": 5597
    },
    {
        "bookingid": 6050
    },
    {
        "bookingid": 6855
    },
    {
        "bookingid": 3776
    },
    {
        "bookingid": 6313
    },
    {
        "bookingid": 8144
    },
    {
        "bookingid": 730
    },
    {
        "bookingid": 2074
    },
    {
        "bookingid": 8891
    },
    {
        "bookingid": 860
    },
    {
        "bookingid": 6643
    },
    {
        "bookingid": 633
    },
    {
        "bookingid": 712
    },
    {
        "bookingid": 1034
    },
    {
        "bookingid": 5912
    },
    {
        "bookingid": 3244
    },
    {
        "bookingid": 346
    },
    {
        "bookingid": 999
    },
    {
        "bookingid": 4291
    },
    {
        "bookingid": 162
    },
    {
        "bookingid": 2434
    },
    {
        "bookingid": 6364
    },
    {
        "bookingid": 2860
    },
    {
        "bookingid": 1522
    },
    {
        "bookingid": 98
    },
    {
        "bookingid": 4804
    },
    {
        "bookingid": 7615
    },
    {
        "bookingid": 1706
    },
    {
        "bookingid": 2180
    },
    {
        "bookingid": 3802
    },
    {
        "bookingid": 2866
    },
    {
        "bookingid": 1374
    },
    {
        "bookingid": 243
    },
    {
        "bookingid": 4850
    },
    {
        "bookingid": 2203
    },
    {
        "bookingid": 5913
    },
    {
        "bookingid": 5796
    },
    {
        "bookingid": 5460
    },
    {
        "bookingid": 7765
    },
    {
        "bookingid": 7070
    },
    {
        "bookingid": 926
    },
    {
        "bookingid": 6072
    },
    {
        "bookingid": 5647
    },
    {
        "bookingid": 4728
    },
    {
        "bookingid": 5345
    },
    {
        "bookingid": 4799
    },
    {
        "bookingid": 3240
    },
    {
        "bookingid": 1975
    },
    {
        "bookingid": 5541
    },
    {
        "bookingid": 2897
    },
    {
        "bookingid": 4163
    },
    {
        "bookingid": 8826
    },
    {
        "bookingid": 1344
    },
    {
        "bookingid": 5117
    },
    {
        "bookingid": 3814
    },
    {
        "bookingid": 2755
    },
    {
        "bookingid": 3655
    },
    {
        "bookingid": 7105
    },
    {
        "bookingid": 8664
    },
    {
        "bookingid": 4102
    },
    {
        "bookingid": 3448
    },
    {
        "bookingid": 2117
    },
    {
        "bookingid": 2137
    },
    {
        "bookingid": 5328
    },
    {
        "bookingid": 1356
    },
    {
        "bookingid": 413
    },
    {
        "bookingid": 2129
    },
    {
        "bookingid": 2004
    },
    {
        "bookingid": 5449
    },
    {
        "bookingid": 4401
    },
    {
        "bookingid": 48
    },
    {
        "bookingid": 365
    },
    {
        "bookingid": 2916
    },
    {
        "bookingid": 4629
    },
    {
        "bookingid": 7266
    },
    {
        "bookingid": 3333
    },
    {
        "bookingid": 4210
    },
    {
        "bookingid": 1846
    },
    {
        "bookingid": 8831
    },
    {
        "bookingid": 4957
    },
    {
        "bookingid": 7733
    },
    {
        "bookingid": 5607
    },
    {
        "bookingid": 4973
    },
    {
        "bookingid": 8498
    },
    {
        "bookingid": 6739
    },
    {
        "bookingid": 6839
    },
    {
        "bookingid": 2844
    },
    {
        "bookingid": 7826
    },
    {
        "bookingid": 4389
    },
    {
        "bookingid": 8977
    },
    {
        "bookingid": 743
    },
    {
        "bookingid": 1811
    },
    {
        "bookingid": 8132
    },
    {
        "bookingid": 493
    },
    {
        "bookingid": 5601
    },
    {
        "bookingid": 3450
    },
    {
        "bookingid": 2742
    },
    {
        "bookingid": 1266
    },
    {
        "bookingid": 261
    },
    {
        "bookingid": 794
    },
    {
        "bookingid": 6443
    },
    {
        "bookingid": 2711
    },
    {
        "bookingid": 4711
    },
    {
        "bookingid": 6675
    },
    {
        "bookingid": 2031
    },
    {
        "bookingid": 6418
    },
    {
        "bookingid": 6398
    },
    {
        "bookingid": 8561
    },
    {
        "bookingid": 55
    },
    {
        "bookingid": 4951
    },
    {
        "bookingid": 3886
    },
    {
        "bookingid": 6138
    },
    {
        "bookingid": 1291
    },
    {
        "bookingid": 6951
    },
    {
        "bookingid": 2080
    },
    {
        "bookingid": 2288
    },
    {
        "bookingid": 7631
    },
    {
        "bookingid": 4079
    },
    {
        "bookingid": 2134
    },
    {
        "bookingid": 4963
    },
    {
        "bookingid": 5339
    },
    {
        "bookingid": 7969
    },
    {
        "bookingid": 5553
    },
    {
        "bookingid": 3575
    },
    {
        "bookingid": 8641
    },
    {
        "bookingid": 927
    },
    {
        "bookingid": 7747
    },
    {
        "bookingid": 1521
    },
    {
        "bookingid": 3322
    },
    {
        "bookingid": 1219
    },
    {
        "bookingid": 7699
    },
    {
        "bookingid": 7873
    },
    {
        "bookingid": 3059
    },
    {
        "bookingid": 6205
    },
    {
        "bookingid": 5727
    },
    {
        "bookingid": 2739
    },
    {
        "bookingid": 7914
    },
    {
        "bookingid": 641
    },
    {
        "bookingid": 2213
    },
    {
        "bookingid": 2508
    },
    {
        "bookingid": 474
    },
    {
        "bookingid": 147
    },
    {
        "bookingid": 6940
    },
    {
        "bookingid": 5666
    },
    {
        "bookingid": 6284
    },
    {
        "bookingid": 7949
    },
    {
        "bookingid": 7107
    },
    {
        "bookingid": 7979
    },
    {
        "bookingid": 6954
    },
    {
        "bookingid": 9112
    },
    {
        "bookingid": 880
    },
    {
        "bookingid": 4180
    },
    {
        "bookingid": 5554
    },
    {
        "bookingid": 6582
    },
    {
        "bookingid": 6819
    },
    {
        "bookingid": 6498
    },
    {
        "bookingid": 501
    },
    {
        "bookingid": 3088
    }
]
{
    "firstname": "John",
    "lastname": "Smith",
    "totalprice": 111,
    "depositpaid": true,
    "bookingdates": {
        "checkin": "2018-01-01",
        "checkout": "2019-01-01"
    },
    "additionalneeds": "Breakfast"
}
]]></system-out>
  </testcase>
  <testcase name="runScenario[&quot;This is to test partial update booking request in restful-booker&quot;, &quot;API documentation for restful-booker&quot;](4)" classname="com.test.runner.TestRunner" time="7.353">
    <system-out><![CDATA[Created
[
    {
        "bookingid": 4613
    },
    {
        "bookingid": 561
    },
    {
        "bookingid": 4843
    },
    {
        "bookingid": 4406
    },
    {
        "bookingid": 654
    },
    {
        "bookingid": 5363
    },
    {
        "bookingid": 1873
    },
    {
        "bookingid": 3182
    },
    {
        "bookingid": 2766
    },
    {
        "bookingid": 2027
    },
    {
        "bookingid": 8384
    },
    {
        "bookingid": 6820
    },
    {
        "bookingid": 122
    },
    {
        "bookingid": 1433
    },
    {
        "bookingid": 5808
    },
    {
        "bookingid": 6494
    },
    {
        "bookingid": 6008
    },
    {
        "bookingid": 8322
    },
    {
        "bookingid": 7135
    },
    {
        "bookingid": 4229
    },
    {
        "bookingid": 4352
    },
    {
        "bookingid": 1645
    },
    {
        "bookingid": 1487
    },
    {
        "bookingid": 3518
    },
    {
        "bookingid": 1995
    },
    {
        "bookingid": 3379
    },
    {
        "bookingid": 1318
    },
    {
        "bookingid": 4440
    },
    {
        "bookingid": 515
    },
    {
        "bookingid": 6967
    },
    {
        "bookingid": 3674
    },
    {
        "bookingid": 9025
    },
    {
        "bookingid": 1659
    },
    {
        "bookingid": 3437
    },
    {
        "bookingid": 6240
    },
    {
        "bookingid": 9185
    },
    {
        "bookingid": 6749
    },
    {
        "bookingid": 8939
    },
    {
        "bookingid": 977
    },
    {
        "bookingid": 2903
    },
    {
        "bookingid": 8490
    },
    {
        "bookingid": 2006
    },
    {
        "bookingid": 7058
    },
    {
        "bookingid": 7443
    },
    {
        "bookingid": 6435
    },
    {
        "bookingid": 1545
    },
    {
        "bookingid": 2287
    },
    {
        "bookingid": 7232
    },
    {
        "bookingid": 4704
    },
    {
        "bookingid": 729
    },
    {
        "bookingid": 7195
    },
    {
        "bookingid": 9016
    },
    {
        "bookingid": 492
    },
    {
        "bookingid": 8425
    },
    {
        "bookingid": 5407
    },
    {
        "bookingid": 8447
    },
    {
        "bookingid": 207
    },
    {
        "bookingid": 3627
    },
    {
        "bookingid": 3301
    },
    {
        "bookingid": 7688
    },
    {
        "bookingid": 8483
    },
    {
        "bookingid": 8110
    },
    {
        "bookingid": 4424
    },
    {
        "bookingid": 6035
    },
    {
        "bookingid": 6587
    },
    {
        "bookingid": 8700
    },
    {
        "bookingid": 7728
    },
    {
        "bookingid": 1954
    },
    {
        "bookingid": 6898
    },
    {
        "bookingid": 4427
    },
    {
        "bookingid": 3921
    },
    {
        "bookingid": 8699
    },
    {
        "bookingid": 4131
    },
    {
        "bookingid": 396
    },
    {
        "bookingid": 6821
    },
    {
        "bookingid": 3581
    },
    {
        "bookingid": 748
    },
    {
        "bookingid": 9241
    },
    {
        "bookingid": 679
    },
    {
        "bookingid": 3593
    },
    {
        "bookingid": 2514
    },
    {
        "bookingid": 7122
    },
    {
        "bookingid": 6520
    },
    {
        "bookingid": 7206
    },
    {
        "bookingid": 3985
    },
    {
        "bookingid": 1554
    },
    {
        "bookingid": 5630
    },
    {
        "bookingid": 6875
    },
    {
        "bookingid": 8908
    },
    {
        "bookingid": 8602
    },
    {
        "bookingid": 8922
    },
    {
        "bookingid": 3991
    },
    {
        "bookingid": 4672
    },
    {
        "bookingid": 4881
    },
    {
        "bookingid": 54
    },
    {
        "bookingid": 7240
    },
    {
        "bookingid": 2345
    },
    {
        "bookingid": 3102
    },
    {
        "bookingid": 3663
    },
    {
        "bookingid": 3174
    },
    {
        "bookingid": 7666
    },
    {
        "bookingid": 4814
    },
    {
        "bookingid": 7958
    },
    {
        "bookingid": 9218
    },
    {
        "bookingid": 5807
    },
    {
        "bookingid": 2753
    },
    {
        "bookingid": 4553
    },
    {
        "bookingid": 9086
    },
    {
        "bookingid": 8997
    },
    {
        "bookingid": 7797
    },
    {
        "bookingid": 2353
    },
    {
        "bookingid": 455
    },
    {
        "bookingid": 6698
    },
    {
        "bookingid": 296
    },
    {
        "bookingid": 2019
    },
    {
        "bookingid": 9095
    },
    {
        "bookingid": 5165
    },
    {
        "bookingid": 8072
    },
    {
        "bookingid": 5334
    },
    {
        "bookingid": 8544
    },
    {
        "bookingid": 6953
    },
    {
        "bookingid": 1679
    },
    {
        "bookingid": 1141
    },
    {
        "bookingid": 6013
    },
    {
        "bookingid": 7280
    },
    {
        "bookingid": 450
    },
    {
        "bookingid": 6197
    },
    {
        "bookingid": 5143
    },
    {
        "bookingid": 3395
    },
    {
        "bookingid": 6095
    },
    {
        "bookingid": 6488
    },
    {
        "bookingid": 1581
    },
    {
        "bookingid": 3946
    },
    {
        "bookingid": 5105
    },
    {
        "bookingid": 905
    },
    {
        "bookingid": 1363
    },
    {
        "bookingid": 8059
    },
    {
        "bookingid": 1967
    },
    {
        "bookingid": 2149
    },
    {
        "bookingid": 1040
    },
    {
        "bookingid": 3928
    },
    {
        "bookingid": 6317
    },
    {
        "bookingid": 3294
    },
    {
        "bookingid": 8379
    },
    {
        "bookingid": 5809
    },
    {
        "bookingid": 2108
    },
    {
        "bookingid": 2433
    },
    {
        "bookingid": 6912
    },
    {
        "bookingid": 7589
    },
    {
        "bookingid": 994
    },
    {
        "bookingid": 2460
    },
    {
        "bookingid": 102
    },
    {
        "bookingid": 4461
    },
    {
        "bookingid": 425
    },
    {
        "bookingid": 6037
    },
    {
        "bookingid": 7350
    },
    {
        "bookingid": 4124
    },
    {
        "bookingid": 7459
    },
    {
        "bookingid": 9155
    },
    {
        "bookingid": 1883
    },
    {
        "bookingid": 2607
    },
    {
        "bookingid": 7764
    },
    {
        "bookingid": 6673
    },
    {
        "bookingid": 714
    },
    {
        "bookingid": 3498
    },
    {
        "bookingid": 7307
    },
    {
        "bookingid": 1272
    },
    {
        "bookingid": 5370
    },
    {
        "bookingid": 267
    },
    {
        "bookingid": 8534
    },
    {
        "bookingid": 3880
    },
    {
        "bookingid": 8836
    },
    {
        "bookingid": 2952
    },
    {
        "bookingid": 6131
    },
    {
        "bookingid": 4110
    },
    {
        "bookingid": 5309
    },
    {
        "bookingid": 241
    },
    {
        "bookingid": 598
    },
    {
        "bookingid": 7513
    },
    {
        "bookingid": 1362
    },
    {
        "bookingid": 4300
    },
    {
        "bookingid": 7045
    },
    {
        "bookingid": 5171
    },
    {
        "bookingid": 4531
    },
    {
        "bookingid": 1085
    },
    {
        "bookingid": 4775
    },
    {
        "bookingid": 3740
    },
    {
        "bookingid": 5068
    },
    {
        "bookingid": 507
    },
    {
        "bookingid": 3966
    },
    {
        "bookingid": 4703
    },
    {
        "bookingid": 5219
    },
    {
        "bookingid": 2440
    },
    {
        "bookingid": 886
    },
    {
        "bookingid": 6806
    },
    {
        "bookingid": 3783
    },
    {
        "bookingid": 7923
    },
    {
        "bookingid": 6576
    },
    {
        "bookingid": 8965
    },
    {
        "bookingid": 20
    },
    {
        "bookingid": 3031
    },
    {
        "bookingid": 4721
    },
    {
        "bookingid": 4870
    },
    {
        "bookingid": 1801
    },
    {
        "bookingid": 2186
    },
    {
        "bookingid": 1361
    },
    {
        "bookingid": 6752
    },
    {
        "bookingid": 6354
    },
    {
        "bookingid": 4446
    },
    {
        "bookingid": 1657
    },
    {
        "bookingid": 188
    },
    {
        "bookingid": 728
    },
    {
        "bookingid": 8271
    },
    {
        "bookingid": 3483
    },
    {
        "bookingid": 5876
    },
    {
        "bookingid": 8431
    },
    {
        "bookingid": 528
    },
    {
        "bookingid": 5875
    },
    {
        "bookingid": 6176
    },
    {
        "bookingid": 2166
    },
    {
        "bookingid": 832
    },
    {
        "bookingid": 1917
    },
    {
        "bookingid": 2185
    },
    {
        "bookingid": 4191
    },
    {
        "bookingid": 2873
    },
    {
        "bookingid": 942
    },
    {
        "bookingid": 1165
    },
    {
        "bookingid": 3862
    },
    {
        "bookingid": 3919
    },
    {
        "bookingid": 5906
    },
    {
        "bookingid": 687
    },
    {
        "bookingid": 2135
    },
    {
        "bookingid": 1681
    },
    {
        "bookingid": 1446
    },
    {
        "bookingid": 6039
    },
    {
        "bookingid": 160
    },
    {
        "bookingid": 1000
    },
    {
        "bookingid": 9131
    },
    {
        "bookingid": 8566
    },
    {
        "bookingid": 3303
    },
    {
        "bookingid": 6824
    },
    {
        "bookingid": 1916
    },
    {
        "bookingid": 8056
    },
    {
        "bookingid": 3150
    },
    {
        "bookingid": 5743
    },
    {
        "bookingid": 8889
    },
    {
        "bookingid": 2229
    },
    {
        "bookingid": 8198
    },
    {
        "bookingid": 703
    },
    {
        "bookingid": 1160
    },
    {
        "bookingid": 7354
    },
    {
        "bookingid": 8625
    },
    {
        "bookingid": 5571
    },
    {
        "bookingid": 9011
    },
    {
        "bookingid": 5213
    },
    {
        "bookingid": 3999
    },
    {
        "bookingid": 3532
    },
    {
        "bookingid": 43
    },
    {
        "bookingid": 627
    },
    {
        "bookingid": 1015
    },
    {
        "bookingid": 1288
    },
    {
        "bookingid": 3313
    },
    {
        "bookingid": 7952
    },
    {
        "bookingid": 1605
    },
    {
        "bookingid": 9303
    },
    {
        "bookingid": 2533
    },
    {
        "bookingid": 6021
    },
    {
        "bookingid": 8227
    },
    {
        "bookingid": 2315
    },
    {
        "bookingid": 7033
    },
    {
        "bookingid": 7323
    },
    {
        "bookingid": 1713
    },
    {
        "bookingid": 8778
    },
    {
        "bookingid": 9313
    },
    {
        "bookingid": 7689
    },
    {
        "bookingid": 112
    },
    {
        "bookingid": 6774
    },
    {
        "bookingid": 2069
    },
    {
        "bookingid": 2816
    },
    {
        "bookingid": 2414
    },
    {
        "bookingid": 2805
    },
    {
        "bookingid": 892
    },
    {
        "bookingid": 1912
    },
    {
        "bookingid": 429
    },
    {
        "bookingid": 6697
    },
    {
        "bookingid": 4953
    },
    {
        "bookingid": 7628
    },
    {
        "bookingid": 8031
    },
    {
        "bookingid": 8878
    },
    {
        "bookingid": 75
    },
    {
        "bookingid": 705
    },
    {
        "bookingid": 4095
    },
    {
        "bookingid": 4626
    },
    {
        "bookingid": 5223
    },
    {
        "bookingid": 1999
    },
    {
        "bookingid": 2097
    },
    {
        "bookingid": 8805
    },
    {
        "bookingid": 8357
    },
    {
        "bookingid": 3162
    },
    {
        "bookingid": 100
    },
    {
        "bookingid": 195
    },
    {
        "bookingid": 7325
    },
    {
        "bookingid": 9099
    },
    {
        "bookingid": 1442
    },
    {
        "bookingid": 2519
    },
    {
        "bookingid": 7526
    },
    {
        "bookingid": 3881
    },
    {
        "bookingid": 3350
    },
    {
        "bookingid": 9205
    },
    {
        "bookingid": 850
    },
    {
        "bookingid": 4307
    },
    {
        "bookingid": 464
    },
    {
        "bookingid": 21
    },
    {
        "bookingid": 2902
    },
    {
        "bookingid": 266
    },
    {
        "bookingid": 257
    },
    {
        "bookingid": 5760
    },
    {
        "bookingid": 5142
    },
    {
        "bookingid": 6532
    },
    {
        "bookingid": 5570
    },
    {
        "bookingid": 6793
    },
    {
        "bookingid": 6766
    },
    {
        "bookingid": 8796
    },
    {
        "bookingid": 6465
    },
    {
        "bookingid": 1488
    },
    {
        "bookingid": 7362
    },
    {
        "bookingid": 537
    },
    {
        "bookingid": 4740
    },
    {
        "bookingid": 5447
    },
    {
        "bookingid": 6319
    },
    {
        "bookingid": 2220
    },
    {
        "bookingid": 6066
    },
    {
        "bookingid": 5023
    },
    {
        "bookingid": 9001
    },
    {
        "bookingid": 7987
    },
    {
        "bookingid": 8990
    },
    {
        "bookingid": 701
    },
    {
        "bookingid": 8153
    },
    {
        "bookingid": 1426
    },
    {
        "bookingid": 900
    },
    {
        "bookingid": 1771
    },
    {
        "bookingid": 2865
    },
    {
        "bookingid": 3773
    },
    {
        "bookingid": 3801
    },
    {
        "bookingid": 3487
    },
    {
        "bookingid": 2507
    },
    {
        "bookingid": 3391
    },
    {
        "bookingid": 6361
    },
    {
        "bookingid": 5594
    },
    {
        "bookingid": 5510
    },
    {
        "bookingid": 1262
    },
    {
        "bookingid": 8502
    },
    {
        "bookingid": 5190
    },
    {
        "bookingid": 1204
    },
    {
        "bookingid": 7936
    },
    {
        "bookingid": 7971
    },
    {
        "bookingid": 6179
    },
    {
        "bookingid": 8074
    },
    {
        "bookingid": 90
    },
    {
        "bookingid": 4083
    },
    {
        "bookingid": 2506
    },
    {
        "bookingid": 7658
    },
    {
        "bookingid": 3137
    },
    {
        "bookingid": 1751
    },
    {
        "bookingid": 5354
    },
    {
        "bookingid": 7891
    },
    {
        "bookingid": 3695
    },
    {
        "bookingid": 8256
    },
    {
        "bookingid": 7075
    },
    {
        "bookingid": 3004
    },
    {
        "bookingid": 5432
    },
    {
        "bookingid": 1593
    },
    {
        "bookingid": 8207
    },
    {
        "bookingid": 5662
    },
    {
        "bookingid": 2795
    },
    {
        "bookingid": 6848
    },
    {
        "bookingid": 7893
    },
    {
        "bookingid": 8204
    },
    {
        "bookingid": 6099
    },
    {
        "bookingid": 7632
    },
    {
        "bookingid": 7635
    },
    {
        "bookingid": 4742
    },
    {
        "bookingid": 2349
    },
    {
        "bookingid": 8312
    },
    {
        "bookingid": 8456
    },
    {
        "bookingid": 716
    },
    {
        "bookingid": 4717
    },
    {
        "bookingid": 5625
    },
    {
        "bookingid": 2103
    },
    {
        "bookingid": 4620
    },
    {
        "bookingid": 85
    },
    {
        "bookingid": 4243
    },
    {
        "bookingid": 6798
    },
    {
        "bookingid": 8364
    },
    {
        "bookingid": 3884
    },
    {
        "bookingid": 7627
    },
    {
        "bookingid": 7465
    },
    {
        "bookingid": 6810
    },
    {
        "bookingid": 1339
    },
    {
        "bookingid": 3882
    },
    {
        "bookingid": 5781
    },
    {
        "bookingid": 6350
    },
    {
        "bookingid": 341
    },
    {
        "bookingid": 2704
    },
    {
        "bookingid": 9156
    },
    {
        "bookingid": 695
    },
    {
        "bookingid": 6462
    },
    {
        "bookingid": 2236
    },
    {
        "bookingid": 5359
    },
    {
        "bookingid": 5426
    },
    {
        "bookingid": 1950
    },
    {
        "bookingid": 7951
    },
    {
        "bookingid": 1425
    },
    {
        "bookingid": 8930
    },
    {
        "bookingid": 219
    },
    {
        "bookingid": 1368
    },
    {
        "bookingid": 366
    },
    {
        "bookingid": 205
    },
    {
        "bookingid": 9103
    },
    {
        "bookingid": 2845
    },
    {
        "bookingid": 2256
    },
    {
        "bookingid": 4966
    },
    {
        "bookingid": 3873
    },
    {
        "bookingid": 1946
    },
    {
        "bookingid": 4796
    },
    {
        "bookingid": 5794
    },
    {
        "bookingid": 7814
    },
    {
        "bookingid": 8000
    },
    {
        "bookingid": 4733
    },
    {
        "bookingid": 7768
    },
    {
        "bookingid": 1816
    },
    {
        "bookingid": 7792
    },
    {
        "bookingid": 7665
    },
    {
        "bookingid": 9221
    },
    {
        "bookingid": 7305
    },
    {
        "bookingid": 5600
    },
    {
        "bookingid": 3870
    },
    {
        "bookingid": 6725
    },
    {
        "bookingid": 3904
    },
    {
        "bookingid": 1330
    },
    {
        "bookingid": 2462
    },
    {
        "bookingid": 3866
    },
    {
        "bookingid": 3073
    },
    {
        "bookingid": 5672
    },
    {
        "bookingid": 6123
    },
    {
        "bookingid": 304
    },
    {
        "bookingid": 4140
    },
    {
        "bookingid": 7899
    },
    {
        "bookingid": 5182
    },
    {
        "bookingid": 2609
    },
    {
        "bookingid": 2208
    },
    {
        "bookingid": 782
    },
    {
        "bookingid": 2464
    },
    {
        "bookingid": 4125
    },
    {
        "bookingid": 7277
    },
    {
        "bookingid": 8976
    },
    {
        "bookingid": 5104
    },
    {
        "bookingid": 7040
    },
    {
        "bookingid": 4937
    },
    {
        "bookingid": 8719
    },
    {
        "bookingid": 7405
    },
    {
        "bookingid": 6108
    },
    {
        "bookingid": 6777
    },
    {
        "bookingid": 3050
    },
    {
        "bookingid": 2043
    },
    {
        "bookingid": 5880
    },
    {
        "bookingid": 8868
    },
    {
        "bookingid": 5080
    },
    {
        "bookingid": 7056
    },
    {
        "bookingid": 7709
    },
    {
        "bookingid": 3468
    },
    {
        "bookingid": 3706
    },
    {
        "bookingid": 7687
    },
    {
        "bookingid": 2170
    },
    {
        "bookingid": 2803
    },
    {
        "bookingid": 6290
    },
    {
        "bookingid": 3797
    },
    {
        "bookingid": 6007
    },
    {
        "bookingid": 5311
    },
    {
        "bookingid": 66
    },
    {
        "bookingid": 3601
    },
    {
        "bookingid": 7993
    },
    {
        "bookingid": 3183
    },
    {
        "bookingid": 8745
    },
    {
        "bookingid": 856
    },
    {
        "bookingid": 4494
    },
    {
        "bookingid": 1070
    },
    {
        "bookingid": 2021
    },
    {
        "bookingid": 6704
    },
    {
        "bookingid": 139
    },
    {
        "bookingid": 4465
    },
    {
        "bookingid": 1506
    },
    {
        "bookingid": 3347
    },
    {
        "bookingid": 4583
    },
    {
        "bookingid": 3000
    },
    {
        "bookingid": 2687
    },
    {
        "bookingid": 1603
    },
    {
        "bookingid": 922
    },
    {
        "bookingid": 362
    },
    {
        "bookingid": 5186
    },
    {
        "bookingid": 397
    },
    {
        "bookingid": 5705
    },
    {
        "bookingid": 8257
    },
    {
        "bookingid": 306
    },
    {
        "bookingid": 4628
    },
    {
        "bookingid": 8246
    },
    {
        "bookingid": 4392
    },
    {
        "bookingid": 8845
    },
    {
        "bookingid": 6326
    },
    {
        "bookingid": 3697
    },
    {
        "bookingid": 6339
    },
    {
        "bookingid": 7136
    },
    {
        "bookingid": 613
    },
    {
        "bookingid": 8725
    },
    {
        "bookingid": 7691
    },
    {
        "bookingid": 3757
    },
    {
        "bookingid": 72
    },
    {
        "bookingid": 3539
    },
    {
        "bookingid": 8071
    },
    {
        "bookingid": 2132
    },
    {
        "bookingid": 8121
    },
    {
        "bookingid": 259
    },
    {
        "bookingid": 8215
    },
    {
        "bookingid": 3710
    },
    {
        "bookingid": 7876
    },
    {
        "bookingid": 5098
    },
    {
        "bookingid": 3780
    },
    {
        "bookingid": 3973
    },
    {
        "bookingid": 4050
    },
    {
        "bookingid": 580
    },
    {
        "bookingid": 7829
    },
    {
        "bookingid": 2685
    },
    {
        "bookingid": 2292
    },
    {
        "bookingid": 6383
    },
    {
        "bookingid": 8385
    },
    {
        "bookingid": 7236
    },
    {
        "bookingid": 6831
    },
    {
        "bookingid": 968
    },
    {
        "bookingid": 4982
    },
    {
        "bookingid": 2087
    },
    {
        "bookingid": 3831
    },
    {
        "bookingid": 7161
    },
    {
        "bookingid": 1462
    },
    {
        "bookingid": 4329
    },
    {
        "bookingid": 7183
    },
    {
        "bookingid": 5656
    },
    {
        "bookingid": 5230
    },
    {
        "bookingid": 1815
    },
    {
        "bookingid": 3085
    },
    {
        "bookingid": 7646
    },
    {
        "bookingid": 331
    },
    {
        "bookingid": 467
    },
    {
        "bookingid": 7552
    },
    {
        "bookingid": 1405
    },
    {
        "bookingid": 5479
    },
    {
        "bookingid": 5677
    },
    {
        "bookingid": 6553
    },
    {
        "bookingid": 6381
    },
    {
        "bookingid": 857
    },
    {
        "bookingid": 5523
    },
    {
        "bookingid": 4676
    },
    {
        "bookingid": 2901
    },
    {
        "bookingid": 6076
    },
    {
        "bookingid": 6036
    },
    {
        "bookingid": 2121
    },
    {
        "bookingid": 5998
    },
    {
        "bookingid": 789
    },
    {
        "bookingid": 2761
    },
    {
        "bookingid": 6840
    },
    {
        "bookingid": 2681
    },
    {
        "bookingid": 7522
    },
    {
        "bookingid": 8183
    },
    {
        "bookingid": 8337
    },
    {
        "bookingid": 1351
    },
    {
        "bookingid": 4303
    },
    {
        "bookingid": 1413
    },
    {
        "bookingid": 6783
    },
    {
        "bookingid": 4268
    },
    {
        "bookingid": 9268
    },
    {
        "bookingid": 2910
    },
    {
        "bookingid": 936
    },
    {
        "bookingid": 1334
    },
    {
        "bookingid": 9197
    },
    {
        "bookingid": 6246
    },
    {
        "bookingid": 2829
    },
    {
        "bookingid": 80
    },
    {
        "bookingid": 141
    },
    {
        "bookingid": 490
    },
    {
        "bookingid": 2581
    },
    {
        "bookingid": 41
    },
    {
        "bookingid": 5402
    },
    {
        "bookingid": 1179
    },
    {
        "bookingid": 4504
    },
    {
        "bookingid": 3129
    },
    {
        "bookingid": 9138
    },
    {
        "bookingid": 1135
    },
    {
        "bookingid": 2618
    },
    {
        "bookingid": 494
    },
    {
        "bookingid": 1027
    },
    {
        "bookingid": 1158
    },
    {
        "bookingid": 1997
    },
    {
        "bookingid": 5769
    },
    {
        "bookingid": 2201
    },
    {
        "bookingid": 7767
    },
    {
        "bookingid": 5982
    },
    {
        "bookingid": 3484
    },
    {
        "bookingid": 9037
    },
    {
        "bookingid": 647
    },
    {
        "bookingid": 4836
    },
    {
        "bookingid": 235
    },
    {
        "bookingid": 6888
    },
    {
        "bookingid": 35
    },
    {
        "bookingid": 6147
    },
    {
        "bookingid": 5316
    },
    {
        "bookingid": 9304
    },
    {
        "bookingid": 3445
    },
    {
        "bookingid": 1212
    },
    {
        "bookingid": 8944
    },
    {
        "bookingid": 7889
    },
    {
        "bookingid": 5533
    },
    {
        "bookingid": 1417
    },
    {
        "bookingid": 5430
    },
    {
        "bookingid": 8148
    },
    {
        "bookingid": 8149
    },
    {
        "bookingid": 3315
    },
    {
        "bookingid": 8263
    },
    {
        "bookingid": 3128
    },
    {
        "bookingid": 3283
    },
    {
        "bookingid": 9198
    },
    {
        "bookingid": 4236
    },
    {
        "bookingid": 3649
    },
    {
        "bookingid": 2327
    },
    {
        "bookingid": 5005
    },
    {
        "bookingid": 5726
    },
    {
        "bookingid": 7668
    },
    {
        "bookingid": 6298
    },
    {
        "bookingid": 588
    },
    {
        "bookingid": 2032
    },
    {
        "bookingid": 2885
    },
    {
        "bookingid": 3055
    },
    {
        "bookingid": 5064
    },
    {
        "bookingid": 8707
    },
    {
        "bookingid": 1475
    },
    {
        "bookingid": 4590
    },
    {
        "bookingid": 7593
    },
    {
        "bookingid": 3979
    },
    {
        "bookingid": 5864
    },
    {
        "bookingid": 7964
    },
    {
        "bookingid": 2856
    },
    {
        "bookingid": 2110
    },
    {
        "bookingid": 2492
    },
    {
        "bookingid": 7836
    },
    {
        "bookingid": 357
    },
    {
        "bookingid": 5283
    },
    {
        "bookingid": 8448
    },
    {
        "bookingid": 4227
    },
    {
        "bookingid": 1956
    },
    {
        "bookingid": 6569
    },
    {
        "bookingid": 2210
    },
    {
        "bookingid": 5095
    },
    {
        "bookingid": 8013
    },
    {
        "bookingid": 1578
    },
    {
        "bookingid": 1512
    },
    {
        "bookingid": 8169
    },
    {
        "bookingid": 8856
    },
    {
        "bookingid": 3548
    },
    {
        "bookingid": 7237
    },
    {
        "bookingid": 8969
    },
    {
        "bookingid": 9004
    },
    {
        "bookingid": 5193
    },
    {
        "bookingid": 3136
    },
    {
        "bookingid": 7298
    },
    {
        "bookingid": 5282
    },
    {
        "bookingid": 5434
    },
    {
        "bookingid": 2393
    },
    {
        "bookingid": 446
    },
    {
        "bookingid": 3439
    },
    {
        "bookingid": 6759
    },
    {
        "bookingid": 145
    },
    {
        "bookingid": 1321
    },
    {
        "bookingid": 3480
    },
    {
        "bookingid": 7038
    },
    {
        "bookingid": 2471
    },
    {
        "bookingid": 3700
    },
    {
        "bookingid": 3652
    },
    {
        "bookingid": 1206
    },
    {
        "bookingid": 4129
    },
    {
        "bookingid": 7188
    },
    {
        "bookingid": 8159
    },
    {
        "bookingid": 7498
    },
    {
        "bookingid": 2556
    },
    {
        "bookingid": 1326
    },
    {
        "bookingid": 3681
    },
    {
        "bookingid": 4316
    },
    {
        "bookingid": 6424
    },
    {
        "bookingid": 7095
    },
    {
        "bookingid": 939
    },
    {
        "bookingid": 7229
    },
    {
        "bookingid": 2963
    },
    {
        "bookingid": 1499
    },
    {
        "bookingid": 8866
    },
    {
        "bookingid": 2875
    },
    {
        "bookingid": 7151
    },
    {
        "bookingid": 2664
    },
    {
        "bookingid": 4106
    },
    {
        "bookingid": 4969
    },
    {
        "bookingid": 8096
    },
    {
        "bookingid": 8434
    },
    {
        "bookingid": 3258
    },
    {
        "bookingid": 8887
    },
    {
        "bookingid": 6882
    },
    {
        "bookingid": 4053
    },
    {
        "bookingid": 6139
    },
    {
        "bookingid": 4454
    },
    {
        "bookingid": 982
    },
    {
        "bookingid": 4552
    },
    {
        "bookingid": 6419
    },
    {
        "bookingid": 6253
    },
    {
        "bookingid": 4075
    },
    {
        "bookingid": 4399
    },
    {
        "bookingid": 9087
    },
    {
        "bookingid": 6023
    },
    {
        "bookingid": 1760
    },
    {
        "bookingid": 6504
    },
    {
        "bookingid": 5441
    },
    {
        "bookingid": 4913
    },
    {
        "bookingid": 5079
    },
    {
        "bookingid": 2642
    },
    {
        "bookingid": 1178
    },
    {
        "bookingid": 8920
    },
    {
        "bookingid": 4165
    },
    {
        "bookingid": 454
    },
    {
        "bookingid": 719
    },
    {
        "bookingid": 1060
    },
    {
        "bookingid": 8340
    },
    {
        "bookingid": 7061
    },
    {
        "bookingid": 3224
    },
    {
        "bookingid": 4542
    },
    {
        "bookingid": 2115
    },
    {
        "bookingid": 893
    },
    {
        "bookingid": 2610
    },
    {
        "bookingid": 8213
    },
    {
        "bookingid": 199
    },
    {
        "bookingid": 5306
    },
    {
        "bookingid": 7639
    },
    {
        "bookingid": 4938
    },
    {
        "bookingid": 2254
    },
    {
        "bookingid": 4064
    },
    {
        "bookingid": 7817
    },
    {
        "bookingid": 2008
    },
    {
        "bookingid": 6911
    },
    {
        "bookingid": 8247
    },
    {
        "bookingid": 8224
    },
    {
        "bookingid": 6671
    },
    {
        "bookingid": 4622
    },
    {
        "bookingid": 6809
    },
    {
        "bookingid": 9008
    },
    {
        "bookingid": 6442
    },
    {
        "bookingid": 1457
    },
    {
        "bookingid": 1942
    },
    {
        "bookingid": 3623
    },
    {
        "bookingid": 2923
    },
    {
        "bookingid": 2590
    },
    {
        "bookingid": 678
    },
    {
        "bookingid": 1795
    },
    {
        "bookingid": 802
    },
    {
        "bookingid": 3110
    },
    {
        "bookingid": 787
    },
    {
        "bookingid": 4855
    },
    {
        "bookingid": 6366
    },
    {
        "bookingid": 1964
    },
    {
        "bookingid": 8358
    },
    {
        "bookingid": 8233
    },
    {
        "bookingid": 8355
    },
    {
        "bookingid": 1726
    },
    {
        "bookingid": 7109
    },
    {
        "bookingid": 8276
    },
    {
        "bookingid": 7200
    },
    {
        "bookingid": 5567
    },
    {
        "bookingid": 7469
    },
    {
        "bookingid": 6700
    },
    {
        "bookingid": 3469
    },
    {
        "bookingid": 4497
    },
    {
        "bookingid": 7179
    },
    {
        "bookingid": 5118
    },
    {
        "bookingid": 958
    },
    {
        "bookingid": 360
    },
    {
        "bookingid": 4642
    },
    {
        "bookingid": 3419
    },
    {
        "bookingid": 3108
    },
    {
        "bookingid": 5935
    },
    {
        "bookingid": 4225
    },
    {
        "bookingid": 6584
    },
    {
        "bookingid": 7447
    },
    {
        "bookingid": 4581
    },
    {
        "bookingid": 1517
    },
    {
        "bookingid": 4800
    },
    {
        "bookingid": 5886
    },
    {
        "bookingid": 1290
    },
    {
        "bookingid": 2957
    },
    {
        "bookingid": 4878
    },
    {
        "bookingid": 5436
    },
    {
        "bookingid": 5156
    },
    {
        "bookingid": 452
    },
    {
        "bookingid": 2928
    },
    {
        "bookingid": 1422
    },
    {
        "bookingid": 8911
    },
    {
        "bookingid": 946
    },
    {
        "bookingid": 3104
    },
    {
        "bookingid": 9320
    },
    {
        "bookingid": 6530
    },
    {
        "bookingid": 6977
    },
    {
        "bookingid": 245
    },
    {
        "bookingid": 3404
    },
    {
        "bookingid": 8277
    },
    {
        "bookingid": 6992
    },
    {
        "bookingid": 6956
    },
    {
        "bookingid": 1032
    },
    {
        "bookingid": 7556
    },
    {
        "bookingid": 2023
    },
    {
        "bookingid": 2987
    },
    {
        "bookingid": 8552
    },
    {
        "bookingid": 1571
    },
    {
        "bookingid": 1669
    },
    {
        "bookingid": 497
    },
    {
        "bookingid": 7332
    },
    {
        "bookingid": 2646
    },
    {
        "bookingid": 5732
    },
    {
        "bookingid": 4989
    },
    {
        "bookingid": 8687
    },
    {
        "bookingid": 8297
    },
    {
        "bookingid": 8363
    },
    {
        "bookingid": 5029
    },
    {
        "bookingid": 4719
    },
    {
        "bookingid": 2447
    },
    {
        "bookingid": 2116
    },
    {
        "bookingid": 1680
    },
    {
        "bookingid": 3304
    },
    {
        "bookingid": 3451
    },
    {
        "bookingid": 1865
    },
    {
        "bookingid": 6144
    },
    {
        "bookingid": 190
    },
    {
        "bookingid": 7742
    },
    {
        "bookingid": 7403
    },
    {
        "bookingid": 5747
    },
    {
        "bookingid": 5243
    },
    {
        "bookingid": 8589
    },
    {
        "bookingid": 77
    },
    {
        "bookingid": 3574
    },
    {
        "bookingid": 9209
    },
    {
        "bookingid": 8251
    },
    {
        "bookingid": 2808
    },
    {
        "bookingid": 7871
    },
    {
        "bookingid": 8885
    },
    {
        "bookingid": 31
    },
    {
        "bookingid": 3935
    },
    {
        "bookingid": 5847
    },
    {
        "bookingid": 1245
    },
    {
        "bookingid": 1023
    },
    {
        "bookingid": 4842
    },
    {
        "bookingid": 2718
    },
    {
        "bookingid": 8209
    },
    {
        "bookingid": 6181
    },
    {
        "bookingid": 5073
    },
    {
        "bookingid": 2500
    },
    {
        "bookingid": 6276
    },
    {
        "bookingid": 1733
    },
    {
        "bookingid": 2025
    },
    {
        "bookingid": 3165
    },
    {
        "bookingid": 5480
    },
    {
        "bookingid": 463
    },
    {
        "bookingid": 1110
    },
    {
        "bookingid": 4726
    },
    {
        "bookingid": 5276
    },
    {
        "bookingid": 7770
    },
    {
        "bookingid": 3992
    },
    {
        "bookingid": 149
    },
    {
        "bookingid": 3971
    },
    {
        "bookingid": 2038
    },
    {
        "bookingid": 4942
    },
    {
        "bookingid": 3173
    },
    {
        "bookingid": 4923
    },
    {
        "bookingid": 8615
    },
    {
        "bookingid": 2728
    },
    {
        "bookingid": 8487
    },
    {
        "bookingid": 5933
    },
    {
        "bookingid": 5710
    },
    {
        "bookingid": 4576
    },
    {
        "bookingid": 4777
    },
    {
        "bookingid": 5655
    },
    {
        "bookingid": 8352
    },
    {
        "bookingid": 4217
    },
    {
        "bookingid": 572
    },
    {
        "bookingid": 953
    },
    {
        "bookingid": 9229
    },
    {
        "bookingid": 5737
    },
    {
        "bookingid": 3216
    },
    {
        "bookingid": 224
    },
    {
        "bookingid": 8006
    },
    {
        "bookingid": 1002
    },
    {
        "bookingid": 2463
    },
    {
        "bookingid": 6961
    },
    {
        "bookingid": 6966
    },
    {
        "bookingid": 2441
    },
    {
        "bookingid": 7207
    },
    {
        "bookingid": 6369
    },
    {
        "bookingid": 8508
    },
    {
        "bookingid": 2570
    },
    {
        "bookingid": 7427
    },
    {
        "bookingid": 6342
    },
    {
        "bookingid": 4930
    },
    {
        "bookingid": 2409
    },
    {
        "bookingid": 8821
    },
    {
        "bookingid": 1911
    },
    {
        "bookingid": 5216
    },
    {
        "bookingid": 9167
    },
    {
        "bookingid": 3791
    },
    {
        "bookingid": 8522
    },
    {
        "bookingid": 7053
    },
    {
        "bookingid": 3917
    },
    {
        "bookingid": 7292
    },
    {
        "bookingid": 8170
    },
    {
        "bookingid": 3762
    },
    {
        "bookingid": 6455
    },
    {
        "bookingid": 7497
    },
    {
        "bookingid": 1977
    },
    {
        "bookingid": 7961
    },
    {
        "bookingid": 3415
    },
    {
        "bookingid": 8265
    },
    {
        "bookingid": 120
    },
    {
        "bookingid": 6044
    },
    {
        "bookingid": 960
    },
    {
        "bookingid": 7146
    },
    {
        "bookingid": 2691
    },
    {
        "bookingid": 3127
    },
    {
        "bookingid": 3905
    },
    {
        "bookingid": 5168
    },
    {
        "bookingid": 7551
    },
    {
        "bookingid": 3552
    },
    {
        "bookingid": 1098
    },
    {
        "bookingid": 7714
    },
    {
        "bookingid": 393
    },
    {
        "bookingid": 8926
    },
    {
        "bookingid": 3089
    },
    {
        "bookingid": 8088
    },
    {
        "bookingid": 4763
    },
    {
        "bookingid": 1544
    },
    {
        "bookingid": 7626
    },
    {
        "bookingid": 2098
    },
    {
        "bookingid": 2153
    },
    {
        "bookingid": 8812
    },
    {
        "bookingid": 5688
    },
    {
        "bookingid": 6683
    },
    {
        "bookingid": 3680
    },
    {
        "bookingid": 4128
    },
    {
        "bookingid": 7772
    },
    {
        "bookingid": 4296
    },
    {
        "bookingid": 8660
    },
    {
        "bookingid": 7490
    },
    {
        "bookingid": 1156
    },
    {
        "bookingid": 5075
    },
    {
        "bookingid": 2274
    },
    {
        "bookingid": 2143
    },
    {
        "bookingid": 1168
    },
    {
        "bookingid": 6188
    },
    {
        "bookingid": 466
    },
    {
        "bookingid": 3444
    },
    {
        "bookingid": 392
    },
    {
        "bookingid": 1014
    },
    {
        "bookingid": 662
    },
    {
        "bookingid": 5530
    },
    {
        "bookingid": 3572
    },
    {
        "bookingid": 804
    },
    {
        "bookingid": 3101
    },
    {
        "bookingid": 8927
    },
    {
        "bookingid": 2088
    },
    {
        "bookingid": 2992
    },
    {
        "bookingid": 324
    },
    {
        "bookingid": 6268
    },
    {
        "bookingid": 7291
    },
    {
        "bookingid": 116
    },
    {
        "bookingid": 1411
    },
    {
        "bookingid": 6784
    },
    {
        "bookingid": 7155
    },
    {
        "bookingid": 5049
    },
    {
        "bookingid": 3764
    },
    {
        "bookingid": 197
    },
    {
        "bookingid": 7042
    },
    {
        "bookingid": 1621
    },
    {
        "bookingid": 6703
    },
    {
        "bookingid": 3330
    },
    {
        "bookingid": 4516
    },
    {
        "bookingid": 7847
    },
    {
        "bookingid": 8445
    },
    {
        "bookingid": 5259
    },
    {
        "bookingid": 6421
    },
    {
        "bookingid": 6526
    },
    {
        "bookingid": 9067
    },
    {
        "bookingid": 8563
    },
    {
        "bookingid": 8228
    },
    {
        "bookingid": 7603
    },
    {
        "bookingid": 5294
    },
    {
        "bookingid": 8740
    },
    {
        "bookingid": 8155
    },
    {
        "bookingid": 7384
    },
    {
        "bookingid": 1671
    },
    {
        "bookingid": 9134
    },
    {
        "bookingid": 7057
    },
    {
        "bookingid": 3584
    },
    {
        "bookingid": 1268
    },
    {
        "bookingid": 2063
    },
    {
        "bookingid": 1807
    },
    {
        "bookingid": 2467
    },
    {
        "bookingid": 2864
    },
    {
        "bookingid": 9293
    },
    {
        "bookingid": 8218
    },
    {
        "bookingid": 2033
    },
    {
        "bookingid": 3715
    },
    {
        "bookingid": 6447
    },
    {
        "bookingid": 8698
    },
    {
        "bookingid": 8871
    },
    {
        "bookingid": 7845
    },
    {
        "bookingid": 5697
    },
    {
        "bookingid": 4435
    },
    {
        "bookingid": 70
    },
    {
        "bookingid": 4388
    },
    {
        "bookingid": 3490
    },
    {
        "bookingid": 4146
    },
    {
        "bookingid": 5945
    },
    {
        "bookingid": 9023
    },
    {
        "bookingid": 6346
    },
    {
        "bookingid": 7254
    },
    {
        "bookingid": 8115
    },
    {
        "bookingid": 1572
    },
    {
        "bookingid": 8594
    },
    {
        "bookingid": 7753
    },
    {
        "bookingid": 3056
    },
    {
        "bookingid": 1989
    },
    {
        "bookingid": 2018
    },
    {
        "bookingid": 7475
    },
    {
        "bookingid": 8181
    },
    {
        "bookingid": 1300
    },
    {
        "bookingid": 6453
    },
    {
        "bookingid": 6178
    },
    {
        "bookingid": 7812
    },
    {
        "bookingid": 3671
    },
    {
        "bookingid": 7528
    },
    {
        "bookingid": 426
    },
    {
        "bookingid": 8695
    },
    {
        "bookingid": 4045
    },
    {
        "bookingid": 3154
    },
    {
        "bookingid": 761
    },
    {
        "bookingid": 5706
    },
    {
        "bookingid": 2374
    },
    {
        "bookingid": 4695
    },
    {
        "bookingid": 8187
    },
    {
        "bookingid": 4309
    },
    {
        "bookingid": 2410
    },
    {
        "bookingid": 8048
    },
    {
        "bookingid": 1877
    },
    {
        "bookingid": 756
    },
    {
        "bookingid": 7276
    },
    {
        "bookingid": 5926
    },
    {
        "bookingid": 7004
    },
    {
        "bookingid": 2783
    },
    {
        "bookingid": 7013
    },
    {
        "bookingid": 4450
    },
    {
        "bookingid": 3377
    },
    {
        "bookingid": 5934
    },
    {
        "bookingid": 4086
    },
    {
        "bookingid": 5821
    },
    {
        "bookingid": 1584
    },
    {
        "bookingid": 8289
    },
    {
        "bookingid": 6304
    },
    {
        "bookingid": 4611
    },
    {
        "bookingid": 742
    },
    {
        "bookingid": 8009
    },
    {
        "bookingid": 4284
    },
    {
        "bookingid": 609
    },
    {
        "bookingid": 7349
    },
    {
        "bookingid": 9005
    },
    {
        "bookingid": 8362
    },
    {
        "bookingid": 399
    },
    {
        "bookingid": 394
    },
    {
        "bookingid": 6254
    },
    {
        "bookingid": 3615
    },
    {
        "bookingid": 4756
    },
    {
        "bookingid": 6528
    },
    {
        "bookingid": 5199
    },
    {
        "bookingid": 5106
    },
    {
        "bookingid": 6492
    },
    {
        "bookingid": 7758
    },
    {
        "bookingid": 1758
    },
    {
        "bookingid": 1225
    },
    {
        "bookingid": 3046
    },
    {
        "bookingid": 71
    },
    {
        "bookingid": 7654
    },
    {
        "bookingid": 2420
    },
    {
        "bookingid": 2048
    },
    {
        "bookingid": 3962
    },
    {
        "bookingid": 4657
    },
    {
        "bookingid": 648
    },
    {
        "bookingid": 8764
    },
    {
        "bookingid": 3894
    },
    {
        "bookingid": 3197
    },
    {
        "bookingid": 6632
    },
    {
        "bookingid": 6194
    },
    {
        "bookingid": 7986
    },
    {
        "bookingid": 3519
    },
    {
        "bookingid": 8791
    },
    {
        "bookingid": 5531
    },
    {
        "bookingid": 2423
    },
    {
        "bookingid": 5589
    },
    {
        "bookingid": 5547
    },
    {
        "bookingid": 3835
    },
    {
        "bookingid": 5949
    },
    {
        "bookingid": 3436
    },
    {
        "bookingid": 7448
    },
    {
        "bookingid": 8070
    },
    {
        "bookingid": 7844
    },
    {
        "bookingid": 5346
    },
    {
        "bookingid": 2678
    },
    {
        "bookingid": 5896
    },
    {
        "bookingid": 5895
    },
    {
        "bookingid": 6161
    },
    {
        "bookingid": 5802
    },
    {
        "bookingid": 9052
    },
    {
        "bookingid": 8252
    },
    {
        "bookingid": 1694
    },
    {
        "bookingid": 4897
    },
    {
        "bookingid": 3298
    },
    {
        "bookingid": 5606
    },
    {
        "bookingid": 7030
    },
    {
        "bookingid": 5491
    },
    {
        "bookingid": 4230
    },
    {
        "bookingid": 4308
    },
    {
        "bookingid": 585
    },
    {
        "bookingid": 2072
    },
    {
        "bookingid": 6658
    },
    {
        "bookingid": 1001
    },
    {
        "bookingid": 575
    },
    {
        "bookingid": 1359
    },
    {
        "bookingid": 5521
    },
    {
        "bookingid": 1234
    },
    {
        "bookingid": 6471
    },
    {
        "bookingid": 3895
    },
    {
        "bookingid": 1377
    },
    {
        "bookingid": 2722
    },
    {
        "bookingid": 6858
    },
    {
        "bookingid": 3435
    },
    {
        "bookingid": 1173
    },
    {
        "bookingid": 8219
    },
    {
        "bookingid": 7967
    },
    {
        "bookingid": 2782
    },
    {
        "bookingid": 4360
    },
    {
        "bookingid": 7500
    },
    {
        "bookingid": 7918
    },
    {
        "bookingid": 1712
    },
    {
        "bookingid": 227
    },
    {
        "bookingid": 6938
    },
    {
        "bookingid": 1714
    },
    {
        "bookingid": 8161
    },
    {
        "bookingid": 7473
    },
    {
        "bookingid": 2665
    },
    {
        "bookingid": 6804
    },
    {
        "bookingid": 5997
    },
    {
        "bookingid": 1174
    },
    {
        "bookingid": 1019
    },
    {
        "bookingid": 262
    },
    {
        "bookingid": 7941
    },
    {
        "bookingid": 530
    },
    {
        "bookingid": 2079
    },
    {
        "bookingid": 6588
    },
    {
        "bookingid": 6466
    },
    {
        "bookingid": 7780
    },
    {
        "bookingid": 5944
    },
    {
        "bookingid": 9014
    },
    {
        "bookingid": 3039
    },
    {
        "bookingid": 4432
    },
    {
        "bookingid": 7525
    },
    {
        "bookingid": 3683
    },
    {
        "bookingid": 5981
    },
    {
        "bookingid": 4117
    },
    {
        "bookingid": 6158
    },
    {
        "bookingid": 1920
    },
    {
        "bookingid": 6229
    },
    {
        "bookingid": 3202
    },
    {
        "bookingid": 9140
    },
    {
        "bookingid": 6285
    },
    {
        "bookingid": 634
    },
    {
        "bookingid": 3566
    },
    {
        "bookingid": 5708
    },
    {
        "bookingid": 8147
    },
    {
        "bookingid": 8934
    },
    {
        "bookingid": 6604
    },
    {
        "bookingid": 8795
    },
    {
        "bookingid": 7341
    },
    {
        "bookingid": 3678
    },
    {
        "bookingid": 6184
    },
    {
        "bookingid": 5500
    },
    {
        "bookingid": 5260
    },
    {
        "bookingid": 671
    },
    {
        "bookingid": 3567
    },
    {
        "bookingid": 2713
    },
    {
        "bookingid": 6634
    },
    {
        "bookingid": 8317
    },
    {
        "bookingid": 3843
    },
    {
        "bookingid": 4265
    },
    {
        "bookingid": 1209
    },
    {
        "bookingid": 3534
    },
    {
        "bookingid": 8848
    },
    {
        "bookingid": 2960
    },
    {
        "bookingid": 8735
    },
    {
        "bookingid": 3193
    },
    {
        "bookingid": 2640
    },
    {
        "bookingid": 7066
    },
    {
        "bookingid": 7725
    },
    {
        "bookingid": 4886
    },
    {
        "bookingid": 7118
    },
    {
        "bookingid": 7191
    },
    {
        "bookingid": 7715
    },
    {
        "bookingid": 1534
    },
    {
        "bookingid": 8517
    },
    {
        "bookingid": 7948
    },
    {
        "bookingid": 4126
    },
    {
        "bookingid": 686
    },
    {
        "bookingid": 4812
    },
    {
        "bookingid": 8240
    },
    {
        "bookingid": 4078
    },
    {
        "bookingid": 877
    },
    {
        "bookingid": 1787
    },
    {
        "bookingid": 1043
    },
    {
        "bookingid": 917
    },
    {
        "bookingid": 971
    },
    {
        "bookingid": 4002
    },
    {
        "bookingid": 1062
    },
    {
        "bookingid": 8285
    },
    {
        "bookingid": 8499
    },
    {
        "bookingid": 7410
    },
    {
        "bookingid": 772
    },
    {
        "bookingid": 4521
    },
    {
        "bookingid": 713
    },
    {
        "bookingid": 8777
    },
    {
        "bookingid": 4649
    },
    {
        "bookingid": 8877
    },
    {
        "bookingid": 7685
    },
    {
        "bookingid": 7778
    },
    {
        "bookingid": 6490
    },
    {
        "bookingid": 2517
    },
    {
        "bookingid": 2068
    },
    {
        "bookingid": 7816
    },
    {
        "bookingid": 3475
    },
    {
        "bookingid": 9183
    },
    {
        "bookingid": 1
    },
    {
        "bookingid": 8044
    },
    {
        "bookingid": 2381
    },
    {
        "bookingid": 5089
    },
    {
        "bookingid": 642
    },
    {
        "bookingid": 4685
    },
    {
        "bookingid": 7950
    },
    {
        "bookingid": 659
    },
    {
        "bookingid": 1031
    },
    {
        "bookingid": 3285
    },
    {
        "bookingid": 567
    },
    {
        "bookingid": 2200
    },
    {
        "bookingid": 6552
    },
    {
        "bookingid": 1052
    },
    {
        "bookingid": 5838
    },
    {
        "bookingid": 5227
    },
    {
        "bookingid": 2942
    },
    {
        "bookingid": 8347
    },
    {
        "bookingid": 3576
    },
    {
        "bookingid": 8266
    },
    {
        "bookingid": 1790
    },
    {
        "bookingid": 1274
    },
    {
        "bookingid": 7766
    },
    {
        "bookingid": 4419
    },
    {
        "bookingid": 983
    },
    {
        "bookingid": 9081
    },
    {
        "bookingid": 4826
    },
    {
        "bookingid": 7703
    },
    {
        "bookingid": 1860
    },
    {
        "bookingid": 8086
    },
    {
        "bookingid": 8328
    },
    {
        "bookingid": 1810
    },
    {
        "bookingid": 8956
    },
    {
        "bookingid": 7686
    },
    {
        "bookingid": 3586
    },
    {
        "bookingid": 4579
    },
    {
        "bookingid": 2130
    },
    {
        "bookingid": 7787
    },
    {
        "bookingid": 1253
    },
    {
        "bookingid": 8023
    },
    {
        "bookingid": 3402
    },
    {
        "bookingid": 7848
    },
    {
        "bookingid": 5074
    },
    {
        "bookingid": 5486
    },
    {
        "bookingid": 1360
    },
    {
        "bookingid": 9325
    },
    {
        "bookingid": 8867
    },
    {
        "bookingid": 3426
    },
    {
        "bookingid": 5484
    },
    {
        "bookingid": 8648
    },
    {
        "bookingid": 3057
    },
    {
        "bookingid": 9315
    },
    {
        "bookingid": 6905
    },
    {
        "bookingid": 218
    },
    {
        "bookingid": 6247
    },
    {
        "bookingid": 9083
    },
    {
        "bookingid": 8309
    },
    {
        "bookingid": 4648
    },
    {
        "bookingid": 5369
    },
    {
        "bookingid": 8375
    },
    {
        "bookingid": 1838
    },
    {
        "bookingid": 3540
    },
    {
        "bookingid": 3434
    },
    {
        "bookingid": 6054
    },
    {
        "bookingid": 228
    },
    {
        "bookingid": 184
    },
    {
        "bookingid": 196
    },
    {
        "bookingid": 8038
    },
    {
        "bookingid": 6947
    },
    {
        "bookingid": 822
    },
    {
        "bookingid": 8675
    },
    {
        "bookingid": 628
    },
    {
        "bookingid": 234
    },
    {
        "bookingid": 5263
    },
    {
        "bookingid": 4511
    },
    {
        "bookingid": 7432
    },
    {
        "bookingid": 4901
    },
    {
        "bookingid": 5021
    },
    {
        "bookingid": 3270
    },
    {
        "bookingid": 4111
    },
    {
        "bookingid": 8814
    },
    {
        "bookingid": 1435
    },
    {
        "bookingid": 1830
    },
    {
        "bookingid": 2769
    },
    {
        "bookingid": 8694
    },
    {
        "bookingid": 6472
    },
    {
        "bookingid": 6728
    },
    {
        "bookingid": 5166
    },
    {
        "bookingid": 4744
    },
    {
        "bookingid": 6718
    },
    {
        "bookingid": 3899
    },
    {
        "bookingid": 5819
    },
    {
        "bookingid": 1005
    },
    {
        "bookingid": 4689
    },
    {
        "bookingid": 3424
    },
    {
        "bookingid": 3312
    },
    {
        "bookingid": 5427
    },
    {
        "bookingid": 5925
    },
    {
        "bookingid": 4474
    },
    {
        "bookingid": 5044
    },
    {
        "bookingid": 624
    },
    {
        "bookingid": 6201
    },
    {
        "bookingid": 8489
    },
    {
        "bookingid": 4745
    },
    {
        "bookingid": 5689
    },
    {
        "bookingid": 2418
    },
    {
        "bookingid": 788
    },
    {
        "bookingid": 542
    },
    {
        "bookingid": 6367
    },
    {
        "bookingid": 64
    },
    {
        "bookingid": 5620
    },
    {
        "bookingid": 1270
    },
    {
        "bookingid": 4156
    },
    {
        "bookingid": 6598
    },
    {
        "bookingid": 4484
    },
    {
        "bookingid": 4530
    },
    {
        "bookingid": 6496
    },
    {
        "bookingid": 4591
    },
    {
        "bookingid": 5368
    },
    {
        "bookingid": 4829
    },
    {
        "bookingid": 9080
    },
    {
        "bookingid": 435
    },
    {
        "bookingid": 1819
    },
    {
        "bookingid": 7508
    },
    {
        "bookingid": 2323
    },
    {
        "bookingid": 4366
    },
    {
        "bookingid": 2013
    },
    {
        "bookingid": 2813
    },
    {
        "bookingid": 1441
    },
    {
        "bookingid": 2717
    },
    {
        "bookingid": 914
    },
    {
        "bookingid": 5032
    },
    {
        "bookingid": 6330
    },
    {
        "bookingid": 652
    },
    {
        "bookingid": 173
    },
    {
        "bookingid": 9135
    },
    {
        "bookingid": 7238
    },
    {
        "bookingid": 2240
    },
    {
        "bookingid": 2710
    },
    {
        "bookingid": 8408
    },
    {
        "bookingid": 7920
    },
    {
        "bookingid": 3246
    },
    {
        "bookingid": 3743
    },
    {
        "bookingid": 7460
    },
    {
        "bookingid": 8003
    },
    {
        "bookingid": 7231
    },
    {
        "bookingid": 4430
    },
    {
        "bookingid": 7568
    },
    {
        "bookingid": 4570
    },
    {
        "bookingid": 4279
    },
    {
        "bookingid": 4413
    },
    {
        "bookingid": 321
    },
    {
        "bookingid": 1888
    },
    {
        "bookingid": 254
    },
    {
        "bookingid": 718
    },
    {
        "bookingid": 3119
    },
    {
        "bookingid": 8078
    },
    {
        "bookingid": 3505
    },
    {
        "bookingid": 5709
    },
    {
        "bookingid": 2313
    },
    {
        "bookingid": 7981
    },
    {
        "bookingid": 2740
    },
    {
        "bookingid": 76
    },
    {
        "bookingid": 2279
    },
    {
        "bookingid": 6635
    },
    {
        "bookingid": 2165
    },
    {
        "bookingid": 7565
    },
    {
        "bookingid": 7637
    },
    {
        "bookingid": 6742
    },
    {
        "bookingid": 9249
    },
    {
        "bookingid": 6149
    },
    {
        "bookingid": 2146
    },
    {
        "bookingid": 4235
    },
    {
        "bookingid": 4831
    },
    {
        "bookingid": 1634
    },
    {
        "bookingid": 6702
    },
    {
        "bookingid": 1611
    },
    {
        "bookingid": 1957
    },
    {
        "bookingid": 6854
    },
    {
        "bookingid": 7214
    },
    {
        "bookingid": 4490
    },
    {
        "bookingid": 555
    },
    {
        "bookingid": 5062
    },
    {
        "bookingid": 1683
    },
    {
        "bookingid": 7757
    },
    {
        "bookingid": 1608
    },
    {
        "bookingid": 6687
    },
    {
        "bookingid": 844
    },
    {
        "bookingid": 8211
    },
    {
        "bookingid": 908
    },
    {
        "bookingid": 2209
    },
    {
        "bookingid": 7249
    },
    {
        "bookingid": 8540
    },
    {
        "bookingid": 4864
    },
    {
        "bookingid": 3660
    },
    {
        "bookingid": 5741
    },
    {
        "bookingid": 4185
    },
    {
        "bookingid": 8547
    },
    {
        "bookingid": 7353
    },
    {
        "bookingid": 4996
    },
    {
        "bookingid": 2629
    },
    {
        "bookingid": 9164
    },
    {
        "bookingid": 416
    },
    {
        "bookingid": 4263
    },
    {
        "bookingid": 8662
    },
    {
        "bookingid": 5240
    },
    {
        "bookingid": 6216
    },
    {
        "bookingid": 7296
    },
    {
        "bookingid": 9149
    },
    {
        "bookingid": 3036
    },
    {
        "bookingid": 6597
    },
    {
        "bookingid": 2360
    },
    {
        "bookingid": 504
    },
    {
        "bookingid": 6640
    },
    {
        "bookingid": 8422
    },
    {
        "bookingid": 8346
    },
    {
        "bookingid": 8026
    },
    {
        "bookingid": 4248
    },
    {
        "bookingid": 2954
    },
    {
        "bookingid": 356
    },
    {
        "bookingid": 6006
    },
    {
        "bookingid": 816
    },
    {
        "bookingid": 5715
    },
    {
        "bookingid": 9043
    },
    {
        "bookingid": 5565
    },
    {
        "bookingid": 3781
    },
    {
        "bookingid": 4639
    },
    {
        "bookingid": 3060
    },
    {
        "bookingid": 8558
    },
    {
        "bookingid": 204
    },
    {
        "bookingid": 6838
    },
    {
        "bookingid": 4353
    },
    {
        "bookingid": 4811
    },
    {
        "bookingid": 28
    },
    {
        "bookingid": 5724
    },
    {
        "bookingid": 4171
    },
    {
        "bookingid": 8367
    },
    {
        "bookingid": 7102
    },
    {
        "bookingid": 2161
    },
    {
        "bookingid": 8290
    },
    {
        "bookingid": 1722
    },
    {
        "bookingid": 8763
    },
    {
        "bookingid": 6098
    },
    {
        "bookingid": 2554
    },
    {
        "bookingid": 2285
    },
    {
        "bookingid": 3212
    },
    {
        "bookingid": 6668
    },
    {
        "bookingid": 1104
    },
    {
        "bookingid": 8726
    },
    {
        "bookingid": 4625
    },
    {
        "bookingid": 6583
    },
    {
        "bookingid": 8360
    },
    {
        "bookingid": 138
    },
    {
        "bookingid": 690
    },
    {
        "bookingid": 2092
    },
    {
        "bookingid": 3252
    },
    {
        "bookingid": 8394
    },
    {
        "bookingid": 3130
    },
    {
        "bookingid": 5889
    },
    {
        "bookingid": 2626
    },
    {
        "bookingid": 7533
    },
    {
        "bookingid": 3620
    },
    {
        "bookingid": 6617
    },
    {
        "bookingid": 615
    },
    {
        "bookingid": 6125
    },
    {
        "bookingid": 5636
    },
    {
        "bookingid": 6805
    },
    {
        "bookingid": 8550
    },
    {
        "bookingid": 3887
    },
    {
        "bookingid": 9208
    },
    {
        "bookingid": 6134
    },
    {
        "bookingid": 4096
    },
    {
        "bookingid": 6746
    },
    {
        "bookingid": 3100
    },
    {
        "bookingid": 2559
    },
    {
        "bookingid": 5301
    },
    {
        "bookingid": 3520
    },
    {
        "bookingid": 177
    },
    {
        "bookingid": 1707
    },
    {
        "bookingid": 3288
    },
    {
        "bookingid": 4457
    },
    {
        "bookingid": 8302
    },
    {
        "bookingid": 6879
    },
    {
        "bookingid": 3614
    },
    {
        "bookingid": 8697
    },
    {
        "bookingid": 2731
    },
    {
        "bookingid": 6993
    },
    {
        "bookingid": 3714
    },
    {
        "bookingid": 9162
    },
    {
        "bookingid": 8504
    },
    {
        "bookingid": 8979
    },
    {
        "bookingid": 7012
    },
    {
        "bookingid": 4838
    },
    {
        "bookingid": 1287
    },
    {
        "bookingid": 2968
    },
    {
        "bookingid": 7413
    },
    {
        "bookingid": 2869
    },
    {
        "bookingid": 564
    },
    {
        "bookingid": 6277
    },
    {
        "bookingid": 3358
    },
    {
        "bookingid": 96
    },
    {
        "bookingid": 351
    },
    {
        "bookingid": 6137
    },
    {
        "bookingid": 5448
    },
    {
        "bookingid": 4509
    },
    {
        "bookingid": 1430
    },
    {
        "bookingid": 4931
    },
    {
        "bookingid": 7681
    },
    {
        "bookingid": 8612
    },
    {
        "bookingid": 6562
    },
    {
        "bookingid": 6265
    },
    {
        "bookingid": 2421
    },
    {
        "bookingid": 7342
    },
    {
        "bookingid": 9261
    },
    {
        "bookingid": 5615
    },
    {
        "bookingid": 1296
    },
    {
        "bookingid": 8470
    },
    {
        "bookingid": 3914
    },
    {
        "bookingid": 8617
    },
    {
        "bookingid": 5094
    },
    {
        "bookingid": 8853
    },
    {
        "bookingid": 5096
    },
    {
        "bookingid": 3172
    },
    {
        "bookingid": 3390
    },
    {
        "bookingid": 2258
    },
    {
        "bookingid": 2589
    },
    {
        "bookingid": 386
    },
    {
        "bookingid": 330
    },
    {
        "bookingid": 5572
    },
    {
        "bookingid": 5440
    },
    {
        "bookingid": 4231
    },
    {
        "bookingid": 6059
    },
    {
        "bookingid": 2973
    },
    {
        "bookingid": 1765
    },
    {
        "bookingid": 6347
    },
    {
        "bookingid": 8984
    },
    {
        "bookingid": 6550
    },
    {
        "bookingid": 1666
    },
    {
        "bookingid": 1730
    },
    {
        "bookingid": 6936
    },
    {
        "bookingid": 4573
    },
    {
        "bookingid": 1312
    },
    {
        "bookingid": 5932
    },
    {
        "bookingid": 8081
    },
    {
        "bookingid": 329
    },
    {
        "bookingid": 8614
    },
    {
        "bookingid": 8064
    },
    {
        "bookingid": 1699
    },
    {
        "bookingid": 7966
    },
    {
        "bookingid": 387
    },
    {
        "bookingid": 7078
    },
    {
        "bookingid": 3070
    },
    {
        "bookingid": 3228
    },
    {
        "bookingid": 73
    },
    {
        "bookingid": 172
    },
    {
        "bookingid": 2853
    },
    {
        "bookingid": 4190
    },
    {
        "bookingid": 395
    },
    {
        "bookingid": 2458
    },
    {
        "bookingid": 7652
    },
    {
        "bookingid": 2411
    },
    {
        "bookingid": 3840
    },
    {
        "bookingid": 2432
    },
    {
        "bookingid": 1097
    },
    {
        "bookingid": 1928
    },
    {
        "bookingid": 5825
    },
    {
        "bookingid": 2226
    },
    {
        "bookingid": 5552
    },
    {
        "bookingid": 7310
    },
    {
        "bookingid": 8963
    },
    {
        "bookingid": 9024
    },
    {
        "bookingid": 6480
    },
    {
        "bookingid": 7019
    },
    {
        "bookingid": 8423
    },
    {
        "bookingid": 3221
    },
    {
        "bookingid": 33
    },
    {
        "bookingid": 7672
    },
    {
        "bookingid": 6567
    },
    {
        "bookingid": 6873
    },
    {
        "bookingid": 277
    },
    {
        "bookingid": 3578
    },
    {
        "bookingid": 4716
    },
    {
        "bookingid": 6509
    },
    {
        "bookingid": 7063
    },
    {
        "bookingid": 7098
    },
    {
        "bookingid": 9132
    },
    {
        "bookingid": 2790
    },
    {
        "bookingid": 3034
    },
    {
        "bookingid": 4381
    },
    {
        "bookingid": 1786
    },
    {
        "bookingid": 4203
    },
    {
        "bookingid": 8453
    },
    {
        "bookingid": 5674
    },
    {
        "bookingid": 9275
    },
    {
        "bookingid": 560
    },
    {
        "bookingid": 2160
    },
    {
        "bookingid": 8428
    },
    {
        "bookingid": 2806
    },
    {
        "bookingid": 846
    },
    {
        "bookingid": 1839
    },
    {
        "bookingid": 1774
    },
    {
        "bookingid": 230
    },
    {
        "bookingid": 4321
    },
    {
        "bookingid": 8321
    },
    {
        "bookingid": 3360
    },
    {
        "bookingid": 5839
    },
    {
        "bookingid": 5232
    },
    {
        "bookingid": 4617
    },
    {
        "bookingid": 3875
    },
    {
        "bookingid": 784
    },
    {
        "bookingid": 5608
    },
    {
        "bookingid": 6510
    },
    {
        "bookingid": 168
    },
    {
        "bookingid": 1594
    },
    {
        "bookingid": 6618
    },
    {
        "bookingid": 314
    },
    {
        "bookingid": 2786
    },
    {
        "bookingid": 7288
    },
    {
        "bookingid": 8492
    },
    {
        "bookingid": 592
    },
    {
        "bookingid": 6408
    },
    {
        "bookingid": 3752
    },
    {
        "bookingid": 5755
    },
    {
        "bookingid": 9169
    },
    {
        "bookingid": 8592
    },
    {
        "bookingid": 6856
    },
    {
        "bookingid": 2071
    },
    {
        "bookingid": 3090
    },
    {
        "bookingid": 5415
    },
    {
        "bookingid": 9163
    },
    {
        "bookingid": 8646
    },
    {
        "bookingid": 1893
    },
    {
        "bookingid": 4336
    },
    {
        "bookingid": 517
    },
    {
        "bookingid": 8762
    },
    {
        "bookingid": 2190
    },
    {
        "bookingid": 6119
    },
    {
        "bookingid": 3645
    },
    {
        "bookingid": 6406
    },
    {
        "bookingid": 7794
    },
    {
        "bookingid": 6409
    },
    {
        "bookingid": 8620
    },
    {
        "bookingid": 9256
    },
    {
        "bookingid": 9217
    },
    {
        "bookingid": 406
    },
    {
        "bookingid": 2395
    },
    {
        "bookingid": 2543
    },
    {
        "bookingid": 4433
    },
    {
        "bookingid": 5878
    },
    {
        "bookingid": 9125
    },
    {
        "bookingid": 833
    },
    {
        "bookingid": 6190
    },
    {
        "bookingid": 6148
    },
    {
        "bookingid": 336
    },
    {
        "bookingid": 5588
    },
    {
        "bookingid": 5431
    },
    {
        "bookingid": 3953
    },
    {
        "bookingid": 5761
    },
    {
        "bookingid": 3323
    },
    {
        "bookingid": 8859
    },
    {
        "bookingid": 8386
    },
    {
        "bookingid": 9028
    },
    {
        "bookingid": 881
    },
    {
        "bookingid": 1643
    },
    {
        "bookingid": 6111
    },
    {
        "bookingid": 2446
    },
    {
        "bookingid": 1844
    },
    {
        "bookingid": 1547
    },
    {
        "bookingid": 7976
    },
    {
        "bookingid": 4582
    },
    {
        "bookingid": 2286
    },
    {
        "bookingid": 2270
    },
    {
        "bookingid": 4439
    },
    {
        "bookingid": 734
    },
    {
        "bookingid": 5560
    },
    {
        "bookingid": 7306
    },
    {
        "bookingid": 2627
    },
    {
        "bookingid": 7538
    },
    {
        "bookingid": 4971
    },
    {
        "bookingid": 8395
    },
    {
        "bookingid": 1157
    },
    {
        "bookingid": 5564
    },
    {
        "bookingid": 5490
    },
    {
        "bookingid": 8175
    },
    {
        "bookingid": 9148
    },
    {
        "bookingid": 3769
    },
    {
        "bookingid": 2340
    },
    {
        "bookingid": 1835
    },
    {
        "bookingid": 8945
    },
    {
        "bookingid": 433
    },
    {
        "bookingid": 2693
    },
    {
        "bookingid": 1762
    },
    {
        "bookingid": 617
    },
    {
        "bookingid": 2314
    },
    {
        "bookingid": 3853
    },
    {
        "bookingid": 8573
    },
    {
        "bookingid": 5252
    },
    {
        "bookingid": 1275
    },
    {
        "bookingid": 6559
    },
    {
        "bookingid": 2437
    },
    {
        "bookingid": 1477
    },
    {
        "bookingid": 7409
    },
    {
        "bookingid": 2961
    },
    {
        "bookingid": 9246
    },
    {
        "bookingid": 3847
    },
    {
        "bookingid": 6714
    },
    {
        "bookingid": 3964
    },
    {
        "bookingid": 2823
    },
    {
        "bookingid": 3998
    },
    {
        "bookingid": 7121
    },
    {
        "bookingid": 4797
    },
    {
        "bookingid": 1979
    },
    {
        "bookingid": 2436
    },
    {
        "bookingid": 6800
    },
    {
        "bookingid": 7633
    },
    {
        "bookingid": 3666
    },
    {
        "bookingid": 2659
    },
    {
        "bookingid": 6393
    },
    {
        "bookingid": 1470
    },
    {
        "bookingid": 3758
    },
    {
        "bookingid": 3011
    },
    {
        "bookingid": 8154
    },
    {
        "bookingid": 2788
    },
    {
        "bookingid": 6716
    },
    {
        "bookingid": 7084
    },
    {
        "bookingid": 9195
    },
    {
        "bookingid": 7246
    },
    {
        "bookingid": 8670
    },
    {
        "bookingid": 8971
    },
    {
        "bookingid": 2260
    },
    {
        "bookingid": 1191
    },
    {
        "bookingid": 3890
    },
    {
        "bookingid": 8172
    },
    {
        "bookingid": 5654
    },
    {
        "bookingid": 1966
    },
    {
        "bookingid": 4715
    },
    {
        "bookingid": 5043
    },
    {
        "bookingid": 5424
    },
    {
        "bookingid": 6461
    },
    {
        "bookingid": 5578
    },
    {
        "bookingid": 4584
    },
    {
        "bookingid": 4918
    },
    {
        "bookingid": 5623
    },
    {
        "bookingid": 707
    },
    {
        "bookingid": 5457
    },
    {
        "bookingid": 1850
    },
    {
        "bookingid": 1640
    },
    {
        "bookingid": 6541
    },
    {
        "bookingid": 3016
    },
    {
        "bookingid": 8982
    },
    {
        "bookingid": 8330
    },
    {
        "bookingid": 194
    },
    {
        "bookingid": 1467
    },
    {
        "bookingid": 5518
    },
    {
        "bookingid": 5762
    },
    {
        "bookingid": 29
    },
    {
        "bookingid": 9251
    },
    {
        "bookingid": 4470
    },
    {
        "bookingid": 1289
    },
    {
        "bookingid": 4349
    },
    {
        "bookingid": 3811
    },
    {
        "bookingid": 3286
    },
    {
        "bookingid": 9207
    },
    {
        "bookingid": 9223
    },
    {
        "bookingid": 7378
    },
    {
        "bookingid": 460
    },
    {
        "bookingid": 7824
    },
    {
        "bookingid": 439
    },
    {
        "bookingid": 2290
    },
    {
        "bookingid": 5169
    },
    {
        "bookingid": 5537
    },
    {
        "bookingid": 8673
    },
    {
        "bookingid": 3750
    },
    {
        "bookingid": 4545
    },
    {
        "bookingid": 2896
    },
    {
        "bookingid": 4967
    },
    {
        "bookingid": 7426
    },
    {
        "bookingid": 5904
    },
    {
        "bookingid": 6377
    },
    {
        "bookingid": 6861
    },
    {
        "bookingid": 67
    },
    {
        "bookingid": 4839
    },
    {
        "bookingid": 6015
    },
    {
        "bookingid": 3028
    },
    {
        "bookingid": 1757
    },
    {
        "bookingid": 8835
    },
    {
        "bookingid": 2481
    },
    {
        "bookingid": 3745
    },
    {
        "bookingid": 4181
    },
    {
        "bookingid": 6791
    },
    {
        "bookingid": 456
    },
    {
        "bookingid": 7180
    },
    {
        "bookingid": 6655
    },
    {
        "bookingid": 2906
    },
    {
        "bookingid": 2152
    },
    {
        "bookingid": 1391
    },
    {
        "bookingid": 6686
    },
    {
        "bookingid": 8640
    },
    {
        "bookingid": 5394
    },
    {
        "bookingid": 8636
    },
    {
        "bookingid": 2182
    },
    {
        "bookingid": 206
    },
    {
        "bookingid": 3276
    },
    {
        "bookingid": 4103
    },
    {
        "bookingid": 5159
    },
    {
        "bookingid": 1800
    },
    {
        "bookingid": 8706
    },
    {
        "bookingid": 1553
    },
    {
        "bookingid": 7457
    },
    {
        "bookingid": 525
    },
    {
        "bookingid": 6079
    },
    {
        "bookingid": 299
    },
    {
        "bookingid": 7571
    },
    {
        "bookingid": 954
    },
    {
        "bookingid": 6000
    },
    {
        "bookingid": 1884
    },
    {
        "bookingid": 803
    },
    {
        "bookingid": 183
    },
    {
        "bookingid": 9066
    },
    {
        "bookingid": 1310
    },
    {
        "bookingid": 5008
    },
    {
        "bookingid": 3529
    },
    {
        "bookingid": 7369
    },
    {
        "bookingid": 6151
    },
    {
        "bookingid": 4035
    },
    {
        "bookingid": 951
    },
    {
        "bookingid": 376
    },
    {
        "bookingid": 1455
    },
    {
        "bookingid": 7380
    },
    {
        "bookingid": 1575
    },
    {
        "bookingid": 1164
    },
    {
        "bookingid": 6167
    },
    {
        "bookingid": 7282
    },
    {
        "bookingid": 5242
    },
    {
        "bookingid": 6672
    },
    {
        "bookingid": 7618
    },
    {
        "bookingid": 203
    },
    {
        "bookingid": 2905
    },
    {
        "bookingid": 8039
    },
    {
        "bookingid": 4779
    },
    {
        "bookingid": 415
    },
    {
        "bookingid": 30
    },
    {
        "bookingid": 7648
    },
    {
        "bookingid": 8234
    },
    {
        "bookingid": 8128
    },
    {
        "bookingid": 1246
    },
    {
        "bookingid": 4755
    },
    {
        "bookingid": 1265
    },
    {
        "bookingid": 339
    },
    {
        "bookingid": 7863
    },
    {
        "bookingid": 597
    },
    {
        "bookingid": 7418
    },
    {
        "bookingid": 7318
    },
    {
        "bookingid": 1568
    },
    {
        "bookingid": 8
    },
    {
        "bookingid": 2311
    },
    {
        "bookingid": 7907
    },
    {
        "bookingid": 5909
    },
    {
        "bookingid": 2046
    },
    {
        "bookingid": 5961
    },
    {
        "bookingid": 6107
    },
    {
        "bookingid": 201
    },
    {
        "bookingid": 4452
    },
    {
        "bookingid": 1241
    },
    {
        "bookingid": 5103
    },
    {
        "bookingid": 4097
    },
    {
        "bookingid": 2457
    },
    {
        "bookingid": 271
    },
    {
        "bookingid": 2337
    },
    {
        "bookingid": 5745
    },
    {
        "bookingid": 4633
    },
    {
        "bookingid": 7101
    },
    {
        "bookingid": 8314
    },
    {
        "bookingid": 7524
    },
    {
        "bookingid": 2056
    },
    {
        "bookingid": 233
    },
    {
        "bookingid": 2657
    },
    {
        "bookingid": 3818
    },
    {
        "bookingid": 2051
    },
    {
        "bookingid": 9058
    },
    {
        "bookingid": 1859
    },
    {
        "bookingid": 2415
    },
    {
        "bookingid": 3158
    },
    {
        "bookingid": 3146
    },
    {
        "bookingid": 7470
    },
    {
        "bookingid": 5798
    },
    {
        "bookingid": 424
    },
    {
        "bookingid": 7132
    },
    {
        "bookingid": 487
    },
    {
        "bookingid": 12
    },
    {
        "bookingid": 3348
    },
    {
        "bookingid": 7879
    },
    {
        "bookingid": 8208
    },
    {
        "bookingid": 1725
    },
    {
        "bookingid": 865
    },
    {
        "bookingid": 7592
    },
    {
        "bookingid": 4074
    },
    {
        "bookingid": 8107
    },
    {
        "bookingid": 5822
    },
    {
        "bookingid": 921
    },
    {
        "bookingid": 1257
    },
    {
        "bookingid": 5323
    },
    {
        "bookingid": 8021
    },
    {
        "bookingid": 6413
    },
    {
        "bookingid": 4722
    },
    {
        "bookingid": 2614
    },
    {
        "bookingid": 1409
    },
    {
        "bookingid": 3251
    },
    {
        "bookingid": 264
    },
    {
        "bookingid": 5356
    },
    {
        "bookingid": 1421
    },
    {
        "bookingid": 7808
    },
    {
        "bookingid": 191
    },
    {
        "bookingid": 4077
    },
    {
        "bookingid": 6122
    },
    {
        "bookingid": 4555
    },
    {
        "bookingid": 8865
    },
    {
        "bookingid": 6929
    },
    {
        "bookingid": 8278
    },
    {
        "bookingid": 1003
    },
    {
        "bookingid": 223
    },
    {
        "bookingid": 7097
    },
    {
        "bookingid": 4551
    },
    {
        "bookingid": 1044
    },
    {
        "bookingid": 211
    },
    {
        "bookingid": 3121
    },
    {
        "bookingid": 1181
    },
    {
        "bookingid": 187
    },
    {
        "bookingid": 8112
    },
    {
        "bookingid": 870
    },
    {
        "bookingid": 6210
    },
    {
        "bookingid": 5173
    },
    {
        "bookingid": 7580
    },
    {
        "bookingid": 6025
    },
    {
        "bookingid": 3621
    },
    {
        "bookingid": 6370
    },
    {
        "bookingid": 7138
    },
    {
        "bookingid": 4151
    },
    {
        "bookingid": 3035
    },
    {
        "bookingid": 3597
    },
    {
        "bookingid": 2846
    },
    {
        "bookingid": 3066
    },
    {
        "bookingid": 1483
    },
    {
        "bookingid": 5033
    },
    {
        "bookingid": 4428
    },
    {
        "bookingid": 1827
    },
    {
        "bookingid": 3318
    },
    {
        "bookingid": 838
    },
    {
        "bookingid": 4482
    },
    {
        "bookingid": 7573
    },
    {
        "bookingid": 4186
    },
    {
        "bookingid": 6252
    },
    {
        "bookingid": 8177
    },
    {
        "bookingid": 7486
    },
    {
        "bookingid": 1294
    },
    {
        "bookingid": 4346
    },
    {
        "bookingid": 5840
    },
    {
        "bookingid": 8800
    },
    {
        "bookingid": 1116
    },
    {
        "bookingid": 6234
    },
    {
        "bookingid": 5680
    },
    {
        "bookingid": 6159
    },
    {
        "bookingid": 3827
    },
    {
        "bookingid": 2295
    },
    {
        "bookingid": 9324
    },
    {
        "bookingid": 461
    },
    {
        "bookingid": 4686
    },
    {
        "bookingid": 1772
    },
    {
        "bookingid": 7219
    },
    {
        "bookingid": 1986
    },
    {
        "bookingid": 3618
    },
    {
        "bookingid": 4673
    },
    {
        "bookingid": 7054
    },
    {
        "bookingid": 6069
    },
    {
        "bookingid": 7374
    },
    {
        "bookingid": 5332
    },
    {
        "bookingid": 4166
    },
    {
        "bookingid": 7741
    },
    {
        "bookingid": 8370
    },
    {
        "bookingid": 5387
    },
    {
        "bookingid": 3148
    },
    {
        "bookingid": 4865
    },
    {
        "bookingid": 2114
    },
    {
        "bookingid": 3
    },
    {
        "bookingid": 1899
    },
    {
        "bookingid": 7382
    },
    {
        "bookingid": 6312
    },
    {
        "bookingid": 4013
    },
    {
        "bookingid": 6508
    },
    {
        "bookingid": 635
    },
    {
        "bookingid": 6417
    },
    {
        "bookingid": 5587
    },
    {
        "bookingid": 6486
    },
    {
        "bookingid": 2734
    },
    {
        "bookingid": 7351
    },
    {
        "bookingid": 8216
    },
    {
        "bookingid": 3277
    },
    {
        "bookingid": 5391
    },
    {
        "bookingid": 6272
    },
    {
        "bookingid": 3670
    },
    {
        "bookingid": 6732
    },
    {
        "bookingid": 5248
    },
    {
        "bookingid": 6605
    },
    {
        "bookingid": 7260
    },
    {
        "bookingid": 4476
    },
    {
        "bookingid": 5833
    },
    {
        "bookingid": 1538
    },
    {
        "bookingid": 6433
    },
    {
        "bookingid": 3738
    },
    {
        "bookingid": 7982
    },
    {
        "bookingid": 253
    },
    {
        "bookingid": 3747
    },
    {
        "bookingid": 6105
    },
    {
        "bookingid": 8475
    },
    {
        "bookingid": 7175
    },
    {
        "bookingid": 2317
    },
    {
        "bookingid": 57
    },
    {
        "bookingid": 3685
    },
    {
        "bookingid": 8820
    },
    {
        "bookingid": 2532
    },
    {
        "bookingid": 8538
    },
    {
        "bookingid": 5723
    },
    {
        "bookingid": 7359
    },
    {
        "bookingid": 4292
    },
    {
        "bookingid": 858
    },
    {
        "bookingid": 3945
    },
    {
        "bookingid": 7726
    },
    {
        "bookingid": 1074
    },
    {
        "bookingid": 3865
    },
    {
        "bookingid": 3587
    },
    {
        "bookingid": 6537
    },
    {
        "bookingid": 3570
    },
    {
        "bookingid": 2776
    },
    {
        "bookingid": 8335
    },
    {
        "bookingid": 7074
    },
    {
        "bookingid": 3210
    },
    {
        "bookingid": 284
    },
    {
        "bookingid": 915
    },
    {
        "bookingid": 8503
    },
    {
        "bookingid": 2456
    },
    {
        "bookingid": 6896
    },
    {
        "bookingid": 220
    },
    {
        "bookingid": 6271
    },
    {
        "bookingid": 2619
    },
    {
        "bookingid": 3898
    },
    {
        "bookingid": 8477
    },
    {
        "bookingid": 6646
    },
    {
        "bookingid": 1137
    },
    {
        "bookingid": 5812
    },
    {
        "bookingid": 9060
    },
    {
        "bookingid": 210
    },
    {
        "bookingid": 2277
    },
    {
        "bookingid": 934
    },
    {
        "bookingid": 6699
    },
    {
        "bookingid": 5637
    },
    {
        "bookingid": 791
    },
    {
        "bookingid": 1965
    },
    {
        "bookingid": 176
    },
    {
        "bookingid": 8755
    },
    {
        "bookingid": 6998
    },
    {
        "bookingid": 15
    },
    {
        "bookingid": 5645
    },
    {
        "bookingid": 1325
    },
    {
        "bookingid": 2403
    },
    {
        "bookingid": 442
    },
    {
        "bookingid": 4093
    },
    {
        "bookingid": 3909
    },
    {
        "bookingid": 5720
    },
    {
        "bookingid": 8882
    },
    {
        "bookingid": 5739
    },
    {
        "bookingid": 1628
    },
    {
        "bookingid": 302
    },
    {
        "bookingid": 6221
    },
    {
        "bookingid": 8899
    },
    {
        "bookingid": 3536
    },
    {
        "bookingid": 605
    },
    {
        "bookingid": 8520
    },
    {
        "bookingid": 3949
    },
    {
        "bookingid": 6566
    },
    {
        "bookingid": 9264
    },
    {
        "bookingid": 7869
    },
    {
        "bookingid": 3640
    },
    {
        "bookingid": 7398
    },
    {
        "bookingid": 8406
    },
    {
        "bookingid": 8124
    },
    {
        "bookingid": 753
    },
    {
        "bookingid": 3082
    },
    {
        "bookingid": 5220
    },
    {
        "bookingid": 3634
    },
    {
        "bookingid": 7014
    },
    {
        "bookingid": 6012
    },
    {
        "bookingid": 3166
    },
    {
        "bookingid": 5158
    },
    {
        "bookingid": 5610
    },
    {
        "bookingid": 5746
    },
    {
        "bookingid": 2810
    },
    {
        "bookingid": 472
    },
    {
        "bookingid": 8869
    },
    {
        "bookingid": 9297
    },
    {
        "bookingid": 6224
    },
    {
        "bookingid": 180
    },
    {
        "bookingid": 2839
    },
    {
        "bookingid": 9064
    },
    {
        "bookingid": 7543
    },
    {
        "bookingid": 1900
    },
    {
        "bookingid": 7125
    },
    {
        "bookingid": 6444
    },
    {
        "bookingid": 5453
    },
    {
        "bookingid": 124
    },
    {
        "bookingid": 93
    },
    {
        "bookingid": 4789
    },
    {
        "bookingid": 5344
    },
    {
        "bookingid": 7892
    },
    {
        "bookingid": 7128
    },
    {
        "bookingid": 2486
    },
    {
        "bookingid": 2268
    },
    {
        "bookingid": 4501
    },
    {
        "bookingid": 619
    },
    {
        "bookingid": 5899
    },
    {
        "bookingid": 3398
    },
    {
        "bookingid": 3019
    },
    {
        "bookingid": 3264
    },
    {
        "bookingid": 4477
    },
    {
        "bookingid": 7866
    },
    {
        "bookingid": 3989
    },
    {
        "bookingid": 3619
    },
    {
        "bookingid": 8310
    },
    {
        "bookingid": 1627
    },
    {
        "bookingid": 660
    },
    {
        "bookingid": 1089
    },
    {
        "bookingid": 8656
    },
    {
        "bookingid": 2680
    },
    {
        "bookingid": 2297
    },
    {
        "bookingid": 4757
    },
    {
        "bookingid": 8197
    },
    {
        "bookingid": 817
    },
    {
        "bookingid": 5372
    },
    {
        "bookingid": 6314
    },
    {
        "bookingid": 8190
    },
    {
        "bookingid": 7512
    },
    {
        "bookingid": 709
    },
    {
        "bookingid": 8298
    },
    {
        "bookingid": 295
    },
    {
        "bookingid": 8057
    },
    {
        "bookingid": 1293
    },
    {
        "bookingid": 3559
    },
    {
        "bookingid": 6165
    },
    {
        "bookingid": 7806
    },
    {
        "bookingid": 4371
    },
    {
        "bookingid": 2563
    },
    {
        "bookingid": 7746
    },
    {
        "bookingid": 8711
    },
    {
        "bookingid": 5018
    },
    {
        "bookingid": 9041
    },
    {
        "bookingid": 7
    },
    {
        "bookingid": 1026
    },
    {
        "bookingid": 7089
    },
    {
        "bookingid": 5404
    },
    {
        "bookingid": 6670
    },
    {
        "bookingid": 8030
    },
    {
        "bookingid": 3186
    },
    {
        "bookingid": 1537
    },
    {
        "bookingid": 5596
    },
    {
        "bookingid": 6286
    },
    {
        "bookingid": 2510
    },
    {
        "bookingid": 935
    },
    {
        "bookingid": 2389
    },
    {
        "bookingid": 1223
    },
    {
        "bookingid": 4810
    },
    {
        "bookingid": 9019
    },
    {
        "bookingid": 2102
    },
    {
        "bookingid": 2391
    },
    {
        "bookingid": 3628
    },
    {
        "bookingid": 4972
    },
    {
        "bookingid": 5559
    },
    {
        "bookingid": 7870
    },
    {
        "bookingid": 2338
    },
    {
        "bookingid": 6463
    },
    {
        "bookingid": 7422
    },
    {
        "bookingid": 161
    },
    {
        "bookingid": 5414
    },
    {
        "bookingid": 2592
    },
    {
        "bookingid": 2833
    },
    {
        "bookingid": 8998
    },
    {
        "bookingid": 3995
    },
    {
        "bookingid": 826
    },
    {
        "bookingid": 8286
    },
    {
        "bookingid": 7676
    },
    {
        "bookingid": 987
    },
    {
        "bookingid": 7704
    },
    {
        "bookingid": 3105
    },
    {
        "bookingid": 6427
    },
    {
        "bookingid": 371
    },
    {
        "bookingid": 4421
    },
    {
        "bookingid": 8142
    },
    {
        "bookingid": 1937
    },
    {
        "bookingid": 9290
    },
    {
        "bookingid": 7539
    },
    {
        "bookingid": 9191
    },
    {
        "bookingid": 2926
    },
    {
        "bookingid": 9054
    },
    {
        "bookingid": 4249
    },
    {
        "bookingid": 328
    },
    {
        "bookingid": 658
    },
    {
        "bookingid": 2974
    },
    {
        "bookingid": 5673
    },
    {
        "bookingid": 5083
    },
    {
        "bookingid": 1783
    },
    {
        "bookingid": 367
    },
    {
        "bookingid": 621
    },
    {
        "bookingid": 8910
    },
    {
        "bookingid": 3633
    },
    {
        "bookingid": 4218
    },
    {
        "bookingid": 412
    },
    {
        "bookingid": 99
    },
    {
        "bookingid": 5652
    },
    {
        "bookingid": 7134
    },
    {
        "bookingid": 405
    },
    {
        "bookingid": 3806
    },
    {
        "bookingid": 4022
    },
    {
        "bookingid": 2065
    },
    {
        "bookingid": 3650
    },
    {
        "bookingid": 3485
    },
    {
        "bookingid": 3556
    },
    {
        "bookingid": 8606
    },
    {
        "bookingid": 5891
    },
    {
        "bookingid": 249
    },
    {
        "bookingid": 7402
    },
    {
        "bookingid": 1861
    },
    {
        "bookingid": 5748
    },
    {
        "bookingid": 655
    },
    {
        "bookingid": 2373
    },
    {
        "bookingid": 4558
    },
    {
        "bookingid": 1494
    },
    {
        "bookingid": 5638
    },
    {
        "bookingid": 7010
    },
    {
        "bookingid": 849
    },
    {
        "bookingid": 290
    },
    {
        "bookingid": 5303
    },
    {
        "bookingid": 4232
    },
    {
        "bookingid": 973
    },
    {
        "bookingid": 6554
    },
    {
        "bookingid": 6758
    },
    {
        "bookingid": 9181
    },
    {
        "bookingid": 7223
    },
    {
        "bookingid": 964
    },
    {
        "bookingid": 7481
    },
    {
        "bookingid": 1239
    },
    {
        "bookingid": 4546
    },
    {
        "bookingid": 8029
    },
    {
        "bookingid": 6379
    },
    {
        "bookingid": 7071
    },
    {
        "bookingid": 2965
    },
    {
        "bookingid": 693
    },
    {
        "bookingid": 3690
    },
    {
        "bookingid": 4885
    },
    {
        "bookingid": 6425
    },
    {
        "bookingid": 7937
    },
    {
        "bookingid": 3387
    },
    {
        "bookingid": 5793
    },
    {
        "bookingid": 8195
    },
    {
        "bookingid": 2239
    },
    {
        "bookingid": 3043
    },
    {
        "bookingid": 8455
    },
    {
        "bookingid": 3420
    },
    {
        "bookingid": 752
    },
    {
        "bookingid": 9300
    },
    {
        "bookingid": 2883
    },
    {
        "bookingid": 5249
    },
    {
        "bookingid": 1789
    },
    {
        "bookingid": 4451
    },
    {
        "bookingid": 1033
    },
    {
        "bookingid": 6715
    },
    {
        "bookingid": 4241
    },
    {
        "bookingid": 1017
    },
    {
        "bookingid": 1662
    },
    {
        "bookingid": 495
    },
    {
        "bookingid": 9238
    },
    {
        "bookingid": 3405
    },
    {
        "bookingid": 2351
    },
    {
        "bookingid": 5693
    },
    {
        "bookingid": 4411
    },
    {
        "bookingid": 1777
    },
    {
        "bookingid": 7831
    },
    {
        "bookingid": 3849
    },
    {
        "bookingid": 6070
    },
    {
        "bookingid": 1138
    },
    {
        "bookingid": 8461
    },
    {
        "bookingid": 65
    },
    {
        "bookingid": 3915
    },
    {
        "bookingid": 3609
    },
    {
        "bookingid": 6613
    },
    {
        "bookingid": 5281
    },
    {
        "bookingid": 5472
    },
    {
        "bookingid": 1406
    },
    {
        "bookingid": 3564
    },
    {
        "bookingid": 8001
    },
    {
        "bookingid": 9196
    },
    {
        "bookingid": 638
    },
    {
        "bookingid": 7169
    },
    {
        "bookingid": 1336
    },
    {
        "bookingid": 8341
    },
    {
        "bookingid": 1622
    },
    {
        "bookingid": 2882
    },
    {
        "bookingid": 3798
    },
    {
        "bookingid": 5211
    },
    {
        "bookingid": 4374
    },
    {
        "bookingid": 4412
    },
    {
        "bookingid": 3115
    },
    {
        "bookingid": 3939
    },
    {
        "bookingid": 146
    },
    {
        "bookingid": 4660
    },
    {
        "bookingid": 3941
    },
    {
        "bookingid": 8932
    },
    {
        "bookingid": 1059
    },
    {
        "bookingid": 5595
    },
    {
        "bookingid": 7978
    },
    {
        "bookingid": 1180
    },
    {
        "bookingid": 2179
    },
    {
        "bookingid": 8281
    },
    {
        "bookingid": 8555
    },
    {
        "bookingid": 5562
    },
    {
        "bookingid": 1051
    },
    {
        "bookingid": 3975
    },
    {
        "bookingid": 5733
    },
    {
        "bookingid": 1894
    },
    {
        "bookingid": 8343
    },
    {
        "bookingid": 4645
    },
    {
        "bookingid": 3677
    },
    {
        "bookingid": 6538
    },
    {
        "bookingid": 7798
    },
    {
        "bookingid": 3249
    },
    {
        "bookingid": 9035
    },
    {
        "bookingid": 5700
    },
    {
        "bookingid": 3370
    },
    {
        "bookingid": 1543
    },
    {
        "bookingid": 8671
    },
    {
        "bookingid": 6589
    },
    {
        "bookingid": 6897
    },
    {
        "bookingid": 1449
    },
    {
        "bookingid": 1243
    },
    {
        "bookingid": 6972
    },
    {
        "bookingid": 2371
    },
    {
        "bookingid": 400
    },
    {
        "bookingid": 5868
    },
    {
        "bookingid": 3756
    },
    {
        "bookingid": 4073
    },
    {
        "bookingid": 1140
    },
    {
        "bookingid": 4274
    },
    {
        "bookingid": 2613
    },
    {
        "bookingid": 9321
    },
    {
        "bookingid": 6631
    },
    {
        "bookingid": 3025
    },
    {
        "bookingid": 5953
    },
    {
        "bookingid": 3213
    },
    {
        "bookingid": 8407
    },
    {
        "bookingid": 2309
    },
    {
        "bookingid": 8529
    },
    {
        "bookingid": 7944
    },
    {
        "bookingid": 505
    },
    {
        "bookingid": 6523
    },
    {
        "bookingid": 6196
    },
    {
        "bookingid": 5122
    },
    {
        "bookingid": 6005
    },
    {
        "bookingid": 5136
    },
    {
        "bookingid": 653
    },
    {
        "bookingid": 6362
    },
    {
        "bookingid": 5702
    },
    {
        "bookingid": 239
    },
    {
        "bookingid": 1974
    },
    {
        "bookingid": 7702
    },
    {
        "bookingid": 6282
    },
    {
        "bookingid": 7333
    },
    {
        "bookingid": 309
    },
    {
        "bookingid": 1513
    },
    {
        "bookingid": 4031
    },
    {
        "bookingid": 4237
    },
    {
        "bookingid": 418
    },
    {
        "bookingid": 3497
    },
    {
        "bookingid": 4101
    },
    {
        "bookingid": 6863
    },
    {
        "bookingid": 6772
    },
    {
        "bookingid": 6518
    },
    {
        "bookingid": 8828
    },
    {
        "bookingid": 378
    },
    {
        "bookingid": 477
    },
    {
        "bookingid": 891
    },
    {
        "bookingid": 6203
    },
    {
        "bookingid": 2050
    },
    {
        "bookingid": 2536
    },
    {
        "bookingid": 5352
    },
    {
        "bookingid": 9279
    },
    {
        "bookingid": 727
    },
    {
        "bookingid": 7120
    },
    {
        "bookingid": 5614
    },
    {
        "bookingid": 3293
    },
    {
        "bookingid": 4054
    },
    {
        "bookingid": 4708
    },
    {
        "bookingid": 5731
    },
    {
        "bookingid": 4246
    },
    {
        "bookingid": 6053
    },
    {
        "bookingid": 3164
    },
    {
        "bookingid": 8460
    },
    {
        "bookingid": 2496
    },
    {
        "bookingid": 984
    },
    {
        "bookingid": 5980
    },
    {
        "bookingid": 8404
    },
    {
        "bookingid": 890
    },
    {
        "bookingid": 1314
    },
    {
        "bookingid": 4770
    },
    {
        "bookingid": 7446
    },
    {
        "bookingid": 382
    },
    {
        "bookingid": 91
    },
    {
        "bookingid": 4665
    },
    {
        "bookingid": 513
    },
    {
        "bookingid": 1895
    },
    {
        "bookingid": 3721
    },
    {
        "bookingid": 2696
    },
    {
        "bookingid": 3021
    },
    {
        "bookingid": 3328
    },
    {
        "bookingid": 625
    },
    {
        "bookingid": 7507
    },
    {
        "bookingid": 998
    },
    {
        "bookingid": 7114
    },
    {
        "bookingid": 1235
    },
    {
        "bookingid": 5943
    },
    {
        "bookingid": 841
    },
    {
        "bookingid": 4464
    },
    {
        "bookingid": 5035
    },
    {
        "bookingid": 8284
    },
    {
        "bookingid": 7020
    },
    {
        "bookingid": 5851
    },
    {
        "bookingid": 6834
    },
    {
        "bookingid": 8995
    },
    {
        "bookingid": 4518
    },
    {
        "bookingid": 2283
    },
    {
        "bookingid": 1755
    },
    {
        "bookingid": 4589
    },
    {
        "bookingid": 503
    },
    {
        "bookingid": 4034
    },
    {
        "bookingid": 978
    },
    {
        "bookingid": 2169
    },
    {
        "bookingid": 2539
    },
    {
        "bookingid": 3272
    },
    {
        "bookingid": 6077
    },
    {
        "bookingid": 4987
    },
    {
        "bookingid": 4621
    },
    {
        "bookingid": 1952
    },
    {
        "bookingid": 2940
    },
    {
        "bookingid": 6931
    },
    {
        "bookingid": 1021
    },
    {
        "bookingid": 8769
    },
    {
        "bookingid": 974
    },
    {
        "bookingid": 5358
    },
    {
        "bookingid": 8809
    },
    {
        "bookingid": 2648
    },
    {
        "bookingid": 2489
    },
    {
        "bookingid": 4478
    },
    {
        "bookingid": 3820
    },
    {
        "bookingid": 3812
    },
    {
        "bookingid": 606
    },
    {
        "bookingid": 8165
    },
    {
        "bookingid": 4609
    },
    {
        "bookingid": 8783
    },
    {
        "bookingid": 2244
    },
    {
        "bookingid": 5231
    },
    {
        "bookingid": 5983
    },
    {
        "bookingid": 5958
    },
    {
        "bookingid": 2090
    },
    {
        "bookingid": 3477
    },
    {
        "bookingid": 3397
    },
    {
        "bookingid": 3155
    },
    {
        "bookingid": 1869
    },
    {
        "bookingid": 8570
    },
    {
        "bookingid": 2948
    },
    {
        "bookingid": 353
    },
    {
        "bookingid": 3290
    },
    {
        "bookingid": 8014
    },
    {
        "bookingid": 1286
    },
    {
        "bookingid": 6731
    },
    {
        "bookingid": 7706
    },
    {
        "bookingid": 3010
    },
    {
        "bookingid": 6990
    },
    {
        "bookingid": 1082
    },
    {
        "bookingid": 9091
    },
    {
        "bookingid": 6857
    },
    {
        "bookingid": 7641
    },
    {
        "bookingid": 808
    },
    {
        "bookingid": 885
    },
    {
        "bookingid": 4503
    },
    {
        "bookingid": 4173
    },
    {
        "bookingid": 6327
    },
    {
        "bookingid": 3656
    },
    {
        "bookingid": 8676
    },
    {
        "bookingid": 4288
    },
    {
        "bookingid": 6609
    },
    {
        "bookingid": 1947
    },
    {
        "bookingid": 3617
    },
    {
        "bookingid": 6355
    },
    {
        "bookingid": 4298
    },
    {
        "bookingid": 9257
    },
    {
        "bookingid": 1949
    },
    {
        "bookingid": 818
    },
    {
        "bookingid": 8432
    },
    {
        "bookingid": 8949
    },
    {
        "bookingid": 8501
    },
    {
        "bookingid": 2958
    },
    {
        "bookingid": 5027
    },
    {
        "bookingid": 4157
    },
    {
        "bookingid": 4049
    },
    {
        "bookingid": 8258
    },
    {
        "bookingid": 8750
    },
    {
        "bookingid": 2690
    },
    {
        "bookingid": 4928
    },
    {
        "bookingid": 51
    },
    {
        "bookingid": 5337
    },
    {
        "bookingid": 5307
    },
    {
        "bookingid": 551
    },
    {
        "bookingid": 4021
    },
    {
        "bookingid": 2339
    },
    {
        "bookingid": 2516
    },
    {
        "bookingid": 2993
    },
    {
        "bookingid": 9184
    },
    {
        "bookingid": 1159
    },
    {
        "bookingid": 423
    },
    {
        "bookingid": 4382
    },
    {
        "bookingid": 4904
    },
    {
        "bookingid": 3603
    },
    {
        "bookingid": 2249
    },
    {
        "bookingid": 1905
    },
    {
        "bookingid": 1932
    },
    {
        "bookingid": 2643
    },
    {
        "bookingid": 8376
    },
    {
        "bookingid": 4845
    },
    {
        "bookingid": 2375
    },
    {
        "bookingid": 237
    },
    {
        "bookingid": 8630
    },
    {
        "bookingid": 6899
    },
    {
        "bookingid": 3267
    },
    {
        "bookingid": 6859
    },
    {
        "bookingid": 2250
    },
    {
        "bookingid": 5419
    },
    {
        "bookingid": 4098
    },
    {
        "bookingid": 3474
    },
    {
        "bookingid": 6217
    },
    {
        "bookingid": 4143
    },
    {
        "bookingid": 1793
    },
    {
        "bookingid": 6467
    },
    {
        "bookingid": 2316
    },
    {
        "bookingid": 8326
    },
    {
        "bookingid": 8145
    },
    {
        "bookingid": 9175
    },
    {
        "bookingid": 2397
    },
    {
        "bookingid": 11
    },
    {
        "bookingid": 8478
    },
    {
        "bookingid": 7712
    },
    {
        "bookingid": 5022
    },
    {
        "bookingid": 5208
    },
    {
        "bookingid": 6192
    },
    {
        "bookingid": 1993
    },
    {
        "bookingid": 5664
    },
    {
        "bookingid": 3817
    },
    {
        "bookingid": 3501
    },
    {
        "bookingid": 3253
    },
    {
        "bookingid": 4784
    },
    {
        "bookingid": 6336
    },
    {
        "bookingid": 1782
    },
    {
        "bookingid": 8837
    },
    {
        "bookingid": 5185
    },
    {
        "bookingid": 2328
    },
    {
        "bookingid": 1107
    },
    {
        "bookingid": 6250
    },
    {
        "bookingid": 3639
    },
    {
        "bookingid": 133
    },
    {
        "bookingid": 2616
    },
    {
        "bookingid": 8454
    },
    {
        "bookingid": 2895
    },
    {
        "bookingid": 3841
    },
    {
        "bookingid": 4980
    },
    {
        "bookingid": 402
    },
    {
        "bookingid": 2644
    },
    {
        "bookingid": 127
    },
    {
        "bookingid": 3950
    },
    {
        "bookingid": 3268
    },
    {
        "bookingid": 6754
    },
    {
        "bookingid": 165
    },
    {
        "bookingid": 8987
    },
    {
        "bookingid": 3080
    },
    {
        "bookingid": 4369
    },
    {
        "bookingid": 7842
    },
    {
        "bookingid": 6094
    },
    {
        "bookingid": 8062
    },
    {
        "bookingid": 8780
    },
    {
        "bookingid": 1009
    },
    {
        "bookingid": 3495
    },
    {
        "bookingid": 5528
    },
    {
        "bookingid": 9074
    },
    {
        "bookingid": 23
    },
    {
        "bookingid": 4194
    },
    {
        "bookingid": 1582
    },
    {
        "bookingid": 5890
    },
    {
        "bookingid": 3099
    },
    {
        "bookingid": 831
    },
    {
        "bookingid": 1987
    },
    {
        "bookingid": 6775
    },
    {
        "bookingid": 7164
    },
    {
        "bookingid": 5120
    },
    {
        "bookingid": 5771
    },
    {
        "bookingid": 3052
    },
    {
        "bookingid": 688
    },
    {
        "bookingid": 4567
    },
    {
        "bookingid": 1595
    },
    {
        "bookingid": 4863
    },
    {
        "bookingid": 2369
    },
    {
        "bookingid": 5787
    },
    {
        "bookingid": 5633
    },
    {
        "bookingid": 4747
    },
    {
        "bookingid": 4697
    },
    {
        "bookingid": 2915
    },
    {
        "bookingid": 7000
    },
    {
        "bookingid": 7785
    },
    {
        "bookingid": 3760
    },
    {
        "bookingid": 5310
    },
    {
        "bookingid": 8136
    },
    {
        "bookingid": 7881
    },
    {
        "bookingid": 281
    },
    {
        "bookingid": 2854
    },
    {
        "bookingid": 7560
    },
    {
        "bookingid": 6063
    },
    {
        "bookingid": 9277
    },
    {
        "bookingid": 4920
    },
    {
        "bookingid": 1509
    },
    {
        "bookingid": 14
    },
    {
        "bookingid": 717
    },
    {
        "bookingid": 6211
    },
    {
        "bookingid": 8095
    },
    {
        "bookingid": 8847
    },
    {
        "bookingid": 8931
    },
    {
        "bookingid": 2800
    },
    {
        "bookingid": 1806
    },
    {
        "bookingid": 7365
    },
    {
        "bookingid": 2120
    },
    {
        "bookingid": 2266
    },
    {
        "bookingid": 6841
    },
    {
        "bookingid": 8822
    },
    {
        "bookingid": 1493
    },
    {
        "bookingid": 322
    },
    {
        "bookingid": 3180
    },
    {
        "bookingid": 1083
    },
    {
        "bookingid": 6906
    },
    {
        "bookingid": 5374
    },
    {
        "bookingid": 3892
    },
    {
        "bookingid": 8126
    },
    {
        "bookingid": 8757
    },
    {
        "bookingid": 2296
    },
    {
        "bookingid": 3302
    },
    {
        "bookingid": 6770
    },
    {
        "bookingid": 1233
    },
    {
        "bookingid": 108
    },
    {
        "bookingid": 4272
    },
    {
        "bookingid": 2535
    },
    {
        "bookingid": 2658
    },
    {
        "bookingid": 5
    },
    {
        "bookingid": 7331
    },
    {
        "bookingid": 2416
    },
    {
        "bookingid": 2469
    },
    {
        "bookingid": 3113
    },
    {
        "bookingid": 225
    },
    {
        "bookingid": 5661
    },
    {
        "bookingid": 3355
    },
    {
        "bookingid": 508
    },
    {
        "bookingid": 2347
    },
    {
        "bookingid": 3842
    },
    {
        "bookingid": 7980
    },
    {
        "bookingid": 6776
    },
    {
        "bookingid": 7588
    },
    {
        "bookingid": 5412
    },
    {
        "bookingid": 8442
    },
    {
        "bookingid": 4468
    },
    {
        "bookingid": 9050
    },
    {
        "bookingid": 1852
    },
    {
        "bookingid": 69
    },
    {
        "bookingid": 8267
    },
    {
        "bookingid": 2777
    },
    {
        "bookingid": 7820
    },
    {
        "bookingid": 1904
    },
    {
        "bookingid": 8582
    },
    {
        "bookingid": 516
    },
    {
        "bookingid": 8929
    },
    {
        "bookingid": 5245
    },
    {
        "bookingid": 5938
    },
    {
        "bookingid": 8275
    },
    {
        "bookingid": 7815
    },
    {
        "bookingid": 4339
    },
    {
        "bookingid": 2760
    },
    {
        "bookingid": 3630
    },
    {
        "bookingid": 5495
    },
    {
        "bookingid": 5813
    },
    {
        "bookingid": 2262
    },
    {
        "bookingid": 3117
    },
    {
        "bookingid": 174
    },
    {
        "bookingid": 3389
    },
    {
        "bookingid": 1703
    },
    {
        "bookingid": 3416
    },
    {
        "bookingid": 5717
    },
    {
        "bookingid": 3163
    },
    {
        "bookingid": 1471
    },
    {
        "bookingid": 288
    },
    {
        "bookingid": 9258
    },
    {
        "bookingid": 8723
    },
    {
        "bookingid": 8054
    },
    {
        "bookingid": 5845
    },
    {
        "bookingid": 9002
    },
    {
        "bookingid": 5274
    },
    {
        "bookingid": 3961
    },
    {
        "bookingid": 8622
    },
    {
        "bookingid": 2746
    },
    {
        "bookingid": 8102
    },
    {
        "bookingid": 7025
    },
    {
        "bookingid": 5176
    },
    {
        "bookingid": 1065
    },
    {
        "bookingid": 896
    },
    {
        "bookingid": 9007
    },
    {
        "bookingid": 1633
    },
    {
        "bookingid": 7550
    },
    {
        "bookingid": 5036
    },
    {
        "bookingid": 6322
    },
    {
        "bookingid": 925
    },
    {
        "bookingid": 4144
    },
    {
        "bookingid": 6788
    },
    {
        "bookingid": 790
    },
    {
        "bookingid": 7878
    },
    {
        "bookingid": 6226
    },
    {
        "bookingid": 9122
    },
    {
        "bookingid": 4819
    },
    {
        "bookingid": 2654
    },
    {
        "bookingid": 488
    },
    {
        "bookingid": 5931
    },
    {
        "bookingid": 6667
    },
    {
        "bookingid": 5384
    },
    {
        "bookingid": 5257
    },
    {
        "bookingid": 408
    },
    {
        "bookingid": 5097
    },
    {
        "bookingid": 1969
    },
    {
        "bookingid": 1746
    },
    {
        "bookingid": 1804
    },
    {
        "bookingid": 3279
    },
    {
        "bookingid": 970
    },
    {
        "bookingid": 8864
    },
    {
        "bookingid": 9102
    },
    {
        "bookingid": 5411
    },
    {
        "bookingid": 2028
    },
    {
        "bookingid": 3022
    },
    {
        "bookingid": 3897
    },
    {
        "bookingid": 6071
    },
    {
        "bookingid": 6522
    },
    {
        "bookingid": 1480
    },
    {
        "bookingid": 8158
    },
    {
        "bookingid": 5233
    },
    {
        "bookingid": 691
    },
    {
        "bookingid": 8500
    },
    {
        "bookingid": 9211
    },
    {
        "bookingid": 7701
    },
    {
        "bookingid": 1565
    },
    {
        "bookingid": 3722
    },
    {
        "bookingid": 7653
    },
    {
        "bookingid": 8485
    },
    {
        "bookingid": 6662
    },
    {
        "bookingid": 8897
    },
    {
        "bookingid": 5317
    },
    {
        "bookingid": 8164
    },
    {
        "bookingid": 364
    },
    {
        "bookingid": 3958
    },
    {
        "bookingid": 229
    },
    {
        "bookingid": 6454
    },
    {
        "bookingid": 4880
    },
    {
        "bookingid": 2576
    },
    {
        "bookingid": 4687
    },
    {
        "bookingid": 8928
    },
    {
        "bookingid": 956
    },
    {
        "bookingid": 6745
    },
    {
        "bookingid": 1424
    },
    {
        "bookingid": 2661
    },
    {
        "bookingid": 5153
    },
    {
        "bookingid": 8104
    },
    {
        "bookingid": 6943
    },
    {
        "bookingid": 4025
    },
    {
        "bookingid": 216
    },
    {
        "bookingid": 2752
    },
    {
        "bookingid": 7762
    },
    {
        "bookingid": 8651
    },
    {
        "bookingid": 5247
    },
    {
        "bookingid": 5267
    },
    {
        "bookingid": 7600
    },
    {
        "bookingid": 1847
    },
    {
        "bookingid": 3770
    },
    {
        "bookingid": 8667
    },
    {
        "bookingid": 1498
    },
    {
        "bookingid": 2975
    },
    {
        "bookingid": 1038
    },
    {
        "bookingid": 3167
    },
    {
        "bookingid": 6903
    },
    {
        "bookingid": 6140
    },
    {
        "bookingid": 8720
    },
    {
        "bookingid": 3373
    },
    {
        "bookingid": 1149
    },
    {
        "bookingid": 3638
    },
    {
        "bookingid": 1520
    },
    {
        "bookingid": 5082
    },
    {
        "bookingid": 2385
    },
    {
        "bookingid": 3850
    },
    {
        "bookingid": 1770
    },
    {
        "bookingid": 3821
    },
    {
        "bookingid": 7737
    },
    {
        "bookingid": 5936
    },
    {
        "bookingid": 8643
    },
    {
        "bookingid": 3737
    },
    {
        "bookingid": 448
    },
    {
        "bookingid": 859
    },
    {
        "bookingid": 1106
    },
    {
        "bookingid": 268
    },
    {
        "bookingid": 4706
    },
    {
        "bookingid": 5815
    },
    {
        "bookingid": 4597
    },
    {
        "bookingid": 2406
    },
    {
        "bookingid": 1317
    },
    {
        "bookingid": 5924
    },
    {
        "bookingid": 8568
    },
    {
        "bookingid": 8768
    },
    {
        "bookingid": 8259
    },
    {
        "bookingid": 8296
    },
    {
        "bookingid": 3994
    },
    {
        "bookingid": 2843
    },
    {
        "bookingid": 6088
    },
    {
        "bookingid": 1658
    },
    {
        "bookingid": 2422
    },
    {
        "bookingid": 6157
    },
    {
        "bookingid": 7541
    },
    {
        "bookingid": 1213
    },
    {
        "bookingid": 9182
    },
    {
        "bookingid": 4469
    },
    {
        "bookingid": 5752
    },
    {
        "bookingid": 2197
    },
    {
        "bookingid": 6611
    },
    {
        "bookingid": 7872
    },
    {
        "bookingid": 1540
    },
    {
        "bookingid": 4266
    },
    {
        "bookingid": 9219
    },
    {
        "bookingid": 991
    },
    {
        "bookingid": 923
    },
    {
        "bookingid": 8377
    },
    {
        "bookingid": 7018
    },
    {
        "bookingid": 3688
    },
    {
        "bookingid": 8414
    },
    {
        "bookingid": 3749
    },
    {
        "bookingid": 2663
    },
    {
        "bookingid": 777
    },
    {
        "bookingid": 7895
    },
    {
        "bookingid": 3464
    },
    {
        "bookingid": 3983
    },
    {
        "bookingid": 7092
    },
    {
        "bookingid": 1675
    },
    {
        "bookingid": 9110
    },
    {
        "bookingid": 9311
    },
    {
        "bookingid": 7127
    },
    {
        "bookingid": 44
    },
    {
        "bookingid": 244
    },
    {
        "bookingid": 6075
    },
    {
        "bookingid": 9222
    },
    {
        "bookingid": 2392
    },
    {
        "bookingid": 6506
    },
    {
        "bookingid": 4364
    },
    {
        "bookingid": 4743
    },
    {
        "bookingid": 6308
    },
    {
        "bookingid": 1447
    },
    {
        "bookingid": 5716
    },
    {
        "bookingid": 1105
    },
    {
        "bookingid": 4929
    },
    {
        "bookingid": 3696
    },
    {
        "bookingid": 13
    },
    {
        "bookingid": 143
    },
    {
        "bookingid": 8918
    },
    {
        "bookingid": 6430
    },
    {
        "bookingid": 8222
    },
    {
        "bookingid": 8900
    },
    {
        "bookingid": 6889
    },
    {
        "bookingid": 370
    },
    {
        "bookingid": 3907
    },
    {
        "bookingid": 5367
    },
    {
        "bookingid": 8790
    },
    {
        "bookingid": 440
    },
    {
        "bookingid": 4903
    },
    {
        "bookingid": 8937
    },
    {
        "bookingid": 4356
    },
    {
        "bookingid": 961
    },
    {
        "bookingid": 4512
    },
    {
        "bookingid": 375
    },
    {
        "bookingid": 9210
    },
    {
        "bookingid": 3457
    },
    {
        "bookingid": 2807
    },
    {
        "bookingid": 1365
    },
    {
        "bookingid": 5751
    },
    {
        "bookingid": 1452
    },
    {
        "bookingid": 4637
    },
    {
        "bookingid": 7926
    },
    {
        "bookingid": 3492
    },
    {
        "bookingid": 2719
    },
    {
        "bookingid": 3465
    },
    {
        "bookingid": 4627
    },
    {
        "bookingid": 3152
    },
    {
        "bookingid": 5626
    },
    {
        "bookingid": 6860
    },
    {
        "bookingid": 3871
    },
    {
        "bookingid": 16
    },
    {
        "bookingid": 3012
    },
    {
        "bookingid": 1504
    },
    {
        "bookingid": 7789
    },
    {
        "bookingid": 4852
    },
    {
        "bookingid": 3720
    },
    {
        "bookingid": 7147
    },
    {
        "bookingid": 1636
    },
    {
        "bookingid": 6925
    },
    {
        "bookingid": 518
    },
    {
        "bookingid": 3200
    },
    {
        "bookingid": 3702
    },
    {
        "bookingid": 6146
    },
    {
        "bookingid": 9113
    },
    {
        "bookingid": 1053
    },
    {
        "bookingid": 8274
    },
    {
        "bookingid": 8773
    },
    {
        "bookingid": 7361
    },
    {
        "bookingid": 1747
    },
    {
        "bookingid": 4596
    },
    {
        "bookingid": 9194
    },
    {
        "bookingid": 6636
    },
    {
        "bookingid": 1639
    },
    {
        "bookingid": 5918
    },
    {
        "bookingid": 6225
    },
    {
        "bookingid": 7253
    },
    {
        "bookingid": 3744
    },
    {
        "bookingid": 1654
    },
    {
        "bookingid": 8040
    },
    {
        "bookingid": 7008
    },
    {
        "bookingid": 4571
    },
    {
        "bookingid": 6231
    },
    {
        "bookingid": 7759
    },
    {
        "bookingid": 4216
    },
    {
        "bookingid": 3467
    },
    {
        "bookingid": 1394
    },
    {
        "bookingid": 5682
    },
    {
        "bookingid": 3704
    },
    {
        "bookingid": 8415
    },
    {
        "bookingid": 8645
    },
    {
        "bookingid": 3122
    },
    {
        "bookingid": 6074
    },
    {
        "bookingid": 8907
    },
    {
        "bookingid": 6755
    },
    {
        "bookingid": 2232
    },
    {
        "bookingid": 5271
    },
    {
        "bookingid": 2387
    },
    {
        "bookingid": 34
    },
    {
        "bookingid": 4825
    },
    {
        "bookingid": 8166
    },
    {
        "bookingid": 4198
    },
    {
        "bookingid": 7069
    },
    {
        "bookingid": 4926
    },
    {
        "bookingid": 3378
    },
    {
        "bookingid": 1542
    },
    {
        "bookingid": 5543
    },
    {
        "bookingid": 2538
    },
    {
        "bookingid": 7308
    },
    {
        "bookingid": 3425
    },
    {
        "bookingid": 3903
    },
    {
        "bookingid": 1277
    },
    {
        "bookingid": 586
    },
    {
        "bookingid": 8469
    },
    {
        "bookingid": 4324
    },
    {
        "bookingid": 7554
    },
    {
        "bookingid": 1341
    },
    {
        "bookingid": 6154
    },
    {
        "bookingid": 2639
    },
    {
        "bookingid": 3997
    },
    {
        "bookingid": 5180
    },
    {
        "bookingid": 8264
    },
    {
        "bookingid": 8205
    },
    {
        "bookingid": 4868
    },
    {
        "bookingid": 1152
    },
    {
        "bookingid": 7321
    },
    {
        "bookingid": 1601
    },
    {
        "bookingid": 9088
    },
    {
        "bookingid": 5782
    },
    {
        "bookingid": 3460
    },
    {
        "bookingid": 5954
    },
    {
        "bookingid": 3109
    },
    {
        "bookingid": 7576
    },
    {
        "bookingid": 9117
    },
    {
        "bookingid": 4761
    },
    {
        "bookingid": 5513
    },
    {
        "bookingid": 36
    },
    {
        "bookingid": 5254
    },
    {
        "bookingid": 3371
    },
    {
        "bookingid": 1342
    },
    {
        "bookingid": 1597
    },
    {
        "bookingid": 2306
    },
    {
        "bookingid": 1854
    },
    {
        "bookingid": 5978
    },
    {
        "bookingid": 1263
    },
    {
        "bookingid": 6174
    },
    {
        "bookingid": 5834
    },
    {
        "bookingid": 4978
    },
    {
        "bookingid": 1248
    },
    {
        "bookingid": 6685
    },
    {
        "bookingid": 6202
    },
    {
        "bookingid": 7502
    },
    {
        "bookingid": 212
    },
    {
        "bookingid": 3466
    },
    {
        "bookingid": 9242
    },
    {
        "bookingid": 2577
    },
    {
        "bookingid": 238
    },
    {
        "bookingid": 7684
    },
    {
        "bookingid": 4528
    },
    {
        "bookingid": 1193
    },
    {
        "bookingid": 2438
    },
    {
        "bookingid": 3067
    },
    {
        "bookingid": 8041
    },
    {
        "bookingid": 5269
    },
    {
        "bookingid": 6009
    },
    {
        "bookingid": 8787
    },
    {
        "bookingid": 6548
    },
    {
        "bookingid": 4817
    },
    {
        "bookingid": 1292
    },
    {
        "bookingid": 6373
    },
    {
        "bookingid": 3785
    },
    {
        "bookingid": 8767
    },
    {
        "bookingid": 8591
    },
    {
        "bookingid": 7261
    },
    {
        "bookingid": 5577
    },
    {
        "bookingid": 4854
    },
    {
        "bookingid": 736
    },
    {
        "bookingid": 6786
    },
    {
        "bookingid": 1378
    },
    {
        "bookingid": 8476
    },
    {
        "bookingid": 6321
    },
    {
        "bookingid": 4070
    },
    {
        "bookingid": 5828
    },
    {
        "bookingid": 988
    },
    {
        "bookingid": 7790
    },
    {
        "bookingid": 7458
    },
    {
        "bookingid": 9318
    },
    {
        "bookingid": 3810
    },
    {
        "bookingid": 1518
    },
    {
        "bookingid": 4154
    },
    {
        "bookingid": 1929
    },
    {
        "bookingid": 3653
    },
    {
        "bookingid": 128
    },
    {
        "bookingid": 4702
    },
    {
        "bookingid": 5129
    },
    {
        "bookingid": 6452
    },
    {
        "bookingid": 6705
    },
    {
        "bookingid": 6175
    },
    {
        "bookingid": 1486
    },
    {
        "bookingid": 7561
    },
    {
        "bookingid": 1889
    },
    {
        "bookingid": 2553
    },
    {
        "bookingid": 8225
    },
    {
        "bookingid": 7383
    },
    {
        "bookingid": 489
    },
    {
        "bookingid": 5835
    },
    {
        "bookingid": 2939
    },
    {
        "bookingid": 2461
    },
    {
        "bookingid": 8712
    },
    {
        "bookingid": 7695
    },
    {
        "bookingid": 6995
    },
    {
        "bookingid": 579
    },
    {
        "bookingid": 2591
    },
    {
        "bookingid": 8753
    },
    {
        "bookingid": 5198
    },
    {
        "bookingid": 7414
    },
    {
        "bookingid": 6690
    },
    {
        "bookingid": 3054
    },
    {
        "bookingid": 2459
    },
    {
        "bookingid": 186
    },
    {
        "bookingid": 1833
    },
    {
        "bookingid": 7763
    },
    {
        "bookingid": 5993
    },
    {
        "bookingid": 5127
    },
    {
        "bookingid": 4618
    },
    {
        "bookingid": 5758
    },
    {
        "bookingid": 6738
    },
    {
        "bookingid": 3411
    },
    {
        "bookingid": 1366
    },
    {
        "bookingid": 8437
    },
    {
        "bookingid": 1453
    },
    {
        "bookingid": 4866
    },
    {
        "bookingid": 5635
    },
    {
        "bookingid": 6464
    },
    {
        "bookingid": 1071
    },
    {
        "bookingid": 3075
    },
    {
        "bookingid": 749
    },
    {
        "bookingid": 1018
    },
    {
        "bookingid": 2310
    },
    {
        "bookingid": 7392
    },
    {
        "bookingid": 7157
    },
    {
        "bookingid": 2177
    },
    {
        "bookingid": 1215
    },
    {
        "bookingid": 8556
    },
    {
        "bookingid": 1077
    },
    {
        "bookingid": 7613
    },
    {
        "bookingid": 4202
    },
    {
        "bookingid": 7250
    },
    {
        "bookingid": 6169
    },
    {
        "bookingid": 7813
    },
    {
        "bookingid": 5525
    },
    {
        "bookingid": 3590
    },
    {
        "bookingid": 2455
    },
    {
        "bookingid": 7581
    },
    {
        "bookingid": 779
    },
    {
        "bookingid": 8666
    },
    {
        "bookingid": 1129
    },
    {
        "bookingid": 4486
    },
    {
        "bookingid": 2085
    },
    {
        "bookingid": 4510
    },
    {
        "bookingid": 7659
    },
    {
        "bookingid": 2174
    },
    {
        "bookingid": 9108
    },
    {
        "bookingid": 1550
    },
    {
        "bookingid": 4572
    },
    {
        "bookingid": 8130
    },
    {
        "bookingid": 1145
    },
    {
        "bookingid": 9154
    },
    {
        "bookingid": 8533
    },
    {
        "bookingid": 3408
    },
    {
        "bookingid": 5045
    },
    {
        "bookingid": 5464
    },
    {
        "bookingid": 6056
    },
    {
        "bookingid": 3184
    },
    {
        "bookingid": 8744
    },
    {
        "bookingid": 7343
    },
    {
        "bookingid": 6303
    },
    {
        "bookingid": 4782
    },
    {
        "bookingid": 7557
    },
    {
        "bookingid": 6403
    },
    {
        "bookingid": 3838
    },
    {
        "bookingid": 511
    },
    {
        "bookingid": 5962
    },
    {
        "bookingid": 5203
    },
    {
        "bookingid": 2400
    },
    {
        "bookingid": 7220
    },
    {
        "bookingid": 4585
    },
    {
        "bookingid": 5357
    },
    {
        "bookingid": 1399
    },
    {
        "bookingid": 3030
    },
    {
        "bookingid": 5986
    },
    {
        "bookingid": 1345
    },
    {
        "bookingid": 6661
    },
    {
        "bookingid": 121
    },
    {
        "bookingid": 746
    },
    {
        "bookingid": 1715
    },
    {
        "bookingid": 5599
    },
    {
        "bookingid": 7007
    },
    {
        "bookingid": 2941
    },
    {
        "bookingid": 7553
    },
    {
        "bookingid": 3661
    },
    {
        "bookingid": 7251
    },
    {
        "bookingid": 5085
    },
    {
        "bookingid": 8943
    },
    {
        "bookingid": 9079
    },
    {
        "bookingid": 5278
    },
    {
        "bookingid": 7954
    },
    {
        "bookingid": 3199
    },
    {
        "bookingid": 1189
    },
    {
        "bookingid": 2251
    },
    {
        "bookingid": 3447
    },
    {
        "bookingid": 8881
    },
    {
        "bookingid": 8596
    },
    {
        "bookingid": 1613
    },
    {
        "bookingid": 2509
    },
    {
        "bookingid": 1327
    },
    {
        "bookingid": 1130
    },
    {
        "bookingid": 2435
    },
    {
        "bookingid": 5618
    },
    {
        "bookingid": 8679
    },
    {
        "bookingid": 4837
    },
    {
        "bookingid": 8391
    },
    {
        "bookingid": 5462
    },
    {
        "bookingid": 1184
    },
    {
        "bookingid": 6195
    },
    {
        "bookingid": 2388
    },
    {
        "bookingid": 4927
    },
    {
        "bookingid": 6503
    },
    {
        "bookingid": 631
    },
    {
        "bookingid": 4375
    },
    {
        "bookingid": 9085
    },
    {
        "bookingid": 4664
    },
    {
        "bookingid": 3867
    },
    {
        "bookingid": 6287
    },
    {
        "bookingid": 9092
    },
    {
        "bookingid": 437
    },
    {
        "bookingid": 2359
    },
    {
        "bookingid": 2872
    },
    {
        "bookingid": 623
    },
    {
        "bookingid": 6761
    },
    {
        "bookingid": 5196
    },
    {
        "bookingid": 1252
    },
    {
        "bookingid": 9057
    },
    {
        "bookingid": 7433
    },
    {
        "bookingid": 4538
    },
    {
        "bookingid": 4258
    },
    {
        "bookingid": 7751
    },
    {
        "bookingid": 6199
    },
    {
        "bookingid": 5773
    },
    {
        "bookingid": 6964
    },
    {
        "bookingid": 6614
    },
    {
        "bookingid": 7536
    },
    {
        "bookingid": 8435
    },
    {
        "bookingid": 6024
    },
    {
        "bookingid": 6650
    },
    {
        "bookingid": 7267
    },
    {
        "bookingid": 7499
    },
    {
        "bookingid": 4104
    },
    {
        "bookingid": 6616
    },
    {
        "bookingid": 3605
    },
    {
        "bookingid": 667
    },
    {
        "bookingid": 232
    },
    {
        "bookingid": 1727
    },
    {
        "bookingid": 2125
    },
    {
        "bookingid": 6395
    },
    {
        "bookingid": 3947
    },
    {
        "bookingid": 2925
    },
    {
        "bookingid": 3335
    },
    {
        "bookingid": 2809
    },
    {
        "bookingid": 5067
    },
    {
        "bookingid": 1079
    },
    {
        "bookingid": 3381
    },
    {
        "bookingid": 444
    },
    {
        "bookingid": 7142
    },
    {
        "bookingid": 6457
    },
    {
        "bookingid": 1403
    },
    {
        "bookingid": 6792
    },
    {
        "bookingid": 2482
    },
    {
        "bookingid": 4417
    },
    {
        "bookingid": 7140
    },
    {
        "bookingid": 8781
    },
    {
        "bookingid": 471
    },
    {
        "bookingid": 4491
    },
    {
        "bookingid": 3372
    },
    {
        "bookingid": 5397
    },
    {
        "bookingid": 2555
    },
    {
        "bookingid": 8270
    },
    {
        "bookingid": 7558
    },
    {
        "bookingid": 4361
    },
    {
        "bookingid": 3341
    },
    {
        "bookingid": 948
    },
    {
        "bookingid": 5692
    },
    {
        "bookingid": 2057
    },
    {
        "bookingid": 1738
    },
    {
        "bookingid": 8090
    },
    {
        "bookingid": 3068
    },
    {
        "bookingid": 1619
    },
    {
        "bookingid": 313
    },
    {
        "bookingid": 565
    },
    {
        "bookingid": 4652
    },
    {
        "bookingid": 3118
    },
    {
        "bookingid": 6255
    },
    {
        "bookingid": 4000
    },
    {
        "bookingid": 4658
    },
    {
        "bookingid": 3380
    },
    {
        "bookingid": 1688
    },
    {
        "bookingid": 8966
    },
    {
        "bookingid": 5963
    },
    {
        "bookingid": 6171
    },
    {
        "bookingid": 1923
    },
    {
        "bookingid": 1709
    },
    {
        "bookingid": 7186
    },
    {
        "bookingid": 6186
    },
    {
        "bookingid": 1369
    },
    {
        "bookingid": 8279
    },
    {
        "bookingid": 2059
    },
    {
        "bookingid": 8307
    },
    {
        "bookingid": 4209
    },
    {
        "bookingid": 283
    },
    {
        "bookingid": 6065
    },
    {
        "bookingid": 8372
    },
    {
        "bookingid": 2159
    },
    {
        "bookingid": 8779
    },
    {
        "bookingid": 732
    },
    {
        "bookingid": 9151
    },
    {
        "bookingid": 5698
    },
    {
        "bookingid": 1354
    },
    {
        "bookingid": 8875
    },
    {
        "bookingid": 972
    },
    {
        "bookingid": 2720
    },
    {
        "bookingid": 5195
    },
    {
        "bookingid": 4638
    },
    {
        "bookingid": 3222
    },
    {
        "bookingid": 5116
    },
    {
        "bookingid": 2784
    },
    {
        "bookingid": 3093
    },
    {
        "bookingid": 8951
    },
    {
        "bookingid": 2814
    },
    {
        "bookingid": 2029
    },
    {
        "bookingid": 6680
    },
    {
        "bookingid": 7679
    },
    {
        "bookingid": 4099
    },
    {
        "bookingid": 3179
    },
    {
        "bookingid": 8975
    },
    {
        "bookingid": 8888
    },
    {
        "bookingid": 2257
    },
    {
        "bookingid": 2493
    },
    {
        "bookingid": 6577
    },
    {
        "bookingid": 3555
    },
    {
        "bookingid": 7177
    },
    {
        "bookingid": 3007
    },
    {
        "bookingid": 6090
    },
    {
        "bookingid": 9059
    },
    {
        "bookingid": 4610
    },
    {
        "bookingid": 5051
    },
    {
        "bookingid": 8894
    },
    {
        "bookingid": 1788
    },
    {
        "bookingid": 5041
    },
    {
        "bookingid": 1064
    },
    {
        "bookingid": 6547
    },
    {
        "bookingid": 1991
    },
    {
        "bookingid": 820
    },
    {
        "bookingid": 7477
    },
    {
        "bookingid": 8761
    },
    {
        "bookingid": 345
    },
    {
        "bookingid": 8167
    },
    {
        "bookingid": 4632
    },
    {
        "bookingid": 1748
    },
    {
        "bookingid": 5622
    },
    {
        "bookingid": 7415
    },
    {
        "bookingid": 2222
    },
    {
        "bookingid": 5152
    },
    {
        "bookingid": 5678
    },
    {
        "bookingid": 8545
    },
    {
        "bookingid": 2545
    },
    {
        "bookingid": 7479
    },
    {
        "bookingid": 5238
    },
    {
        "bookingid": 6340
    },
    {
        "bookingid": 7925
    },
    {
        "bookingid": 2630
    },
    {
        "bookingid": 531
    },
    {
        "bookingid": 4732
    },
    {
        "bookingid": 6280
    },
    {
        "bookingid": 6593
    },
    {
        "bookingid": 3792
    },
    {
        "bookingid": 1444
    },
    {
        "bookingid": 4215
    },
    {
        "bookingid": 3608
    },
    {
        "bookingid": 533
    },
    {
        "bookingid": 4977
    },
    {
        "bookingid": 6087
    },
    {
        "bookingid": 5887
    },
    {
        "bookingid": 3530
    },
    {
        "bookingid": 1007
    },
    {
        "bookingid": 941
    },
    {
        "bookingid": 2034
    },
    {
        "bookingid": 5187
    },
    {
        "bookingid": 7255
    },
    {
        "bookingid": 6801
    },
    {
        "bookingid": 5788
    },
    {
        "bookingid": 8621
    },
    {
        "bookingid": 5099
    },
    {
        "bookingid": 6578
    },
    {
        "bookingid": 952
    },
    {
        "bookingid": 8902
    },
    {
        "bookingid": 1704
    },
    {
        "bookingid": 2127
    },
    {
        "bookingid": 1131
    },
    {
        "bookingid": 1963
    },
    {
        "bookingid": 2858
    },
    {
        "bookingid": 3561
    },
    {
        "bookingid": 4044
    },
    {
        "bookingid": 18
    },
    {
        "bookingid": 7531
    },
    {
        "bookingid": 6989
    },
    {
        "bookingid": 5163
    },
    {
        "bookingid": 5445
    },
    {
        "bookingid": 7838
    },
    {
        "bookingid": 3777
    },
    {
        "bookingid": 3918
    },
    {
        "bookingid": 7609
    },
    {
        "bookingid": 8079
    },
    {
        "bookingid": 2944
    },
    {
        "bookingid": 3789
    },
    {
        "bookingid": 7472
    },
    {
        "bookingid": 3235
    },
    {
        "bookingid": 1095
    },
    {
        "bookingid": 2060
    },
    {
        "bookingid": 4105
    },
    {
        "bookingid": 759
    },
    {
        "bookingid": 6426
    },
    {
        "bookingid": 7727
    },
    {
        "bookingid": 4580
    },
    {
        "bookingid": 5279
    },
    {
        "bookingid": 4254
    },
    {
        "bookingid": 4368
    },
    {
        "bookingid": 5507
    },
    {
        "bookingid": 3500
    },
    {
        "bookingid": 3993
    },
    {
        "bookingid": 3334
    },
    {
        "bookingid": 8438
    },
    {
        "bookingid": 5579
    },
    {
        "bookingid": 2603
    },
    {
        "bookingid": 5970
    },
    {
        "bookingid": 2880
    },
    {
        "bookingid": 8235
    },
    {
        "bookingid": 861
    },
    {
        "bookingid": 5804
    },
    {
        "bookingid": 3516
    },
    {
        "bookingid": 5505
    },
    {
        "bookingid": 8736
    },
    {
        "bookingid": 7320
    },
    {
        "bookingid": 1614
    },
    {
        "bookingid": 6318
    },
    {
        "bookingid": 6963
    },
    {
        "bookingid": 273
    },
    {
        "bookingid": 7289
    },
    {
        "bookingid": 5972
    },
    {
        "bookingid": 6867
    },
    {
        "bookingid": 5046
    },
    {
        "bookingid": 4675
    },
    {
        "bookingid": 8846
    },
    {
        "bookingid": 8334
    },
    {
        "bookingid": 1813
    },
    {
        "bookingid": 6470
    },
    {
        "bookingid": 5915
    },
    {
        "bookingid": 5341
    },
    {
        "bookingid": 8027
    },
    {
        "bookingid": 5483
    },
    {
        "bookingid": 3243
    },
    {
        "bookingid": 4557
    },
    {
        "bookingid": 6986
    },
    {
        "bookingid": 4069
    },
    {
        "bookingid": 8576
    },
    {
        "bookingid": 7922
    },
    {
        "bookingid": 8953
    },
    {
        "bookingid": 3170
    },
    {
        "bookingid": 8914
    },
    {
        "bookingid": 5632
    },
    {
        "bookingid": 3486
    },
    {
        "bookingid": 7898
    },
    {
        "bookingid": 5130
    },
    {
        "bookingid": 2682
    },
    {
        "bookingid": 5947
    },
    {
        "bookingid": 7530
    },
    {
        "bookingid": 6814
    },
    {
        "bookingid": 6753
    },
    {
        "bookingid": 2562
    },
    {
        "bookingid": 8634
    },
    {
        "bookingid": 1526
    },
    {
        "bookingid": 4908
    },
    {
        "bookingid": 74
    },
    {
        "bookingid": 4331
    },
    {
        "bookingid": 781
    },
    {
        "bookingid": 4884
    },
    {
        "bookingid": 6924
    },
    {
        "bookingid": 9273
    },
    {
        "bookingid": 7096
    },
    {
        "bookingid": 3342
    },
    {
        "bookingid": 208
    },
    {
        "bookingid": 5179
    },
    {
        "bookingid": 5744
    },
    {
        "bookingid": 5302
    },
    {
        "bookingid": 4115
    },
    {
        "bookingid": 4015
    },
    {
        "bookingid": 1931
    },
    {
        "bookingid": 6389
    },
    {
        "bookingid": 5144
    },
    {
        "bookingid": 8638
    },
    {
        "bookingid": 8024
    },
    {
        "bookingid": 8844
    },
    {
        "bookingid": 4214
    },
    {
        "bookingid": 670
    },
    {
        "bookingid": 126
    },
    {
        "bookingid": 6996
    },
    {
        "bookingid": 1641
    },
    {
        "bookingid": 4641
    },
    {
        "bookingid": 4520
    },
    {
        "bookingid": 1821
    },
    {
        "bookingid": 8827
    },
    {
        "bookingid": 6928
    },
    {
        "bookingid": 2356
    },
    {
        "bookingid": 1892
    },
    {
        "bookingid": 4005
    },
    {
        "bookingid": 4605
    },
    {
        "bookingid": 6958
    },
    {
        "bookingid": 2779
    },
    {
        "bookingid": 2598
    },
    {
        "bookingid": 6781
    },
    {
        "bookingid": 4270
    },
    {
        "bookingid": 4500
    },
    {
        "bookingid": 8194
    },
    {
        "bookingid": 9216
    },
    {
        "bookingid": 9027
    },
    {
        "bookingid": 3607
    },
    {
        "bookingid": 5178
    },
    {
        "bookingid": 8373
    },
    {
        "bookingid": 3005
    },
    {
        "bookingid": 3832
    },
    {
        "bookingid": 9090
    },
    {
        "bookingid": 7795
    },
    {
        "bookingid": 6020
    },
    {
        "bookingid": 1878
    },
    {
        "bookingid": 3362
    },
    {
        "bookingid": 6891
    },
    {
        "bookingid": 7858
    },
    {
        "bookingid": 3504
    },
    {
        "bookingid": 4042
    },
    {
        "bookingid": 1114
    },
    {
        "bookingid": 2909
    },
    {
        "bookingid": 40
    },
    {
        "bookingid": 7529
    },
    {
        "bookingid": 5420
    },
    {
        "bookingid": 4985
    },
    {
        "bookingid": 82
    },
    {
        "bookingid": 6580
    },
    {
        "bookingid": 5327
    },
    {
        "bookingid": 5973
    },
    {
        "bookingid": 4289
    },
    {
        "bookingid": 1390
    },
    {
        "bookingid": 1834
    },
    {
        "bookingid": 603
    },
    {
        "bookingid": 3816
    },
    {
        "bookingid": 7467
    },
    {
        "bookingid": 3314
    },
    {
        "bookingid": 2361
    },
    {
        "bookingid": 5852
    },
    {
        "bookingid": 4444
    },
    {
        "bookingid": 1401
    },
    {
        "bookingid": 3851
    },
    {
        "bookingid": 327
    },
    {
        "bookingid": 3329
    },
    {
        "bookingid": 2111
    },
    {
        "bookingid": 6260
    },
    {
        "bookingid": 3343
    },
    {
        "bookingid": 3369
    },
    {
        "bookingid": 4635
    },
    {
        "bookingid": 4256
    },
    {
        "bookingid": 6987
    },
    {
        "bookingid": 5928
    },
    {
        "bookingid": 189
    },
    {
        "bookingid": 6529
    },
    {
        "bookingid": 7399
    },
    {
        "bookingid": 7400
    },
    {
        "bookingid": 401
    },
    {
        "bookingid": 5581
    },
    {
        "bookingid": 3974
    },
    {
        "bookingid": 7983
    },
    {
        "bookingid": 547
    },
    {
        "bookingid": 7227
    },
    {
        "bookingid": 6191
    },
    {
        "bookingid": 4119
    },
    {
        "bookingid": 6057
    },
    {
        "bookingid": 809
    },
    {
        "bookingid": 694
    },
    {
        "bookingid": 269
    },
    {
        "bookingid": 4304
    },
    {
        "bookingid": 6206
    },
    {
        "bookingid": 5971
    },
    {
        "bookingid": 7209
    },
    {
        "bookingid": 8287
    },
    {
        "bookingid": 8463
    },
    {
        "bookingid": 1939
    },
    {
        "bookingid": 2787
    },
    {
        "bookingid": 1372
    },
    {
        "bookingid": 3245
    },
    {
        "bookingid": 5956
    },
    {
        "bookingid": 8543
    },
    {
        "bookingid": 661
    },
    {
        "bookingid": 962
    },
    {
        "bookingid": 1682
    },
    {
        "bookingid": 8560
    },
    {
        "bookingid": 7630
    },
    {
        "bookingid": 2597
    },
    {
        "bookingid": 2396
    },
    {
        "bookingid": 1162
    },
    {
        "bookingid": 7471
    },
    {
        "bookingid": 4600
    },
    {
        "bookingid": 7501
    },
    {
        "bookingid": 8842
    },
    {
        "bookingid": 1562
    },
    {
        "bookingid": 4991
    },
    {
        "bookingid": 2089
    },
    {
        "bookingid": 84
    },
    {
        "bookingid": 6251
    },
    {
        "bookingid": 3632
    },
    {
        "bookingid": 1557
    },
    {
        "bookingid": 2579
    },
    {
        "bookingid": 8925
    },
    {
        "bookingid": 2859
    },
    {
        "bookingid": 1280
    },
    {
        "bookingid": 8690
    },
    {
        "bookingid": 8861
    },
    {
        "bookingid": 6064
    },
    {
        "bookingid": 1100
    },
    {
        "bookingid": 6028
    },
    {
        "bookingid": 3546
    },
    {
        "bookingid": 7608
    },
    {
        "bookingid": 4058
    },
    {
        "bookingid": 868
    },
    {
        "bookingid": 9036
    },
    {
        "bookingid": 814
    },
    {
        "bookingid": 5575
    },
    {
        "bookingid": 1664
    },
    {
        "bookingid": 7730
    },
    {
        "bookingid": 1067
    },
    {
        "bookingid": 221
    },
    {
        "bookingid": 7732
    },
    {
        "bookingid": 540
    },
    {
        "bookingid": 6957
    },
    {
        "bookingid": 7965
    },
    {
        "bookingid": 3449
    },
    {
        "bookingid": 414
    },
    {
        "bookingid": 2305
    },
    {
        "bookingid": 593
    },
    {
        "bookingid": 5799
    },
    {
        "bookingid": 744
    },
    {
        "bookingid": 5293
    },
    {
        "bookingid": 8506
    },
    {
        "bookingid": 5377
    },
    {
        "bookingid": 7719
    },
    {
        "bookingid": 8348
    },
    {
        "bookingid": 5467
    },
    {
        "bookingid": 7819
    },
    {
        "bookingid": 2573
    },
    {
        "bookingid": 2164
    },
    {
        "bookingid": 4379
    },
    {
        "bookingid": 5670
    },
    {
        "bookingid": 7671
    },
    {
        "bookingid": 4801
    },
    {
        "bookingid": 4669
    },
    {
        "bookingid": 2490
    },
    {
        "bookingid": 2611
    },
    {
        "bookingid": 6259
    },
    {
        "bookingid": 7466
    },
    {
        "bookingid": 7316
    },
    {
        "bookingid": 2402
    },
    {
        "bookingid": 1872
    },
    {
        "bookingid": 6735
    },
    {
        "bookingid": 4882
    },
    {
        "bookingid": 8909
    },
    {
        "bookingid": 6645
    },
    {
        "bookingid": 582
    },
    {
        "bookingid": 3861
    },
    {
        "bookingid": 7339
    },
    {
        "bookingid": 735
    },
    {
        "bookingid": 2767
    },
    {
        "bookingid": 2026
    },
    {
        "bookingid": 2608
    },
    {
        "bookingid": 5093
    },
    {
        "bookingid": 9123
    },
    {
        "bookingid": 5236
    },
    {
        "bookingid": 7940
    },
    {
        "bookingid": 7419
    },
    {
        "bookingid": 8474
    },
    {
        "bookingid": 9111
    },
    {
        "bookingid": 3139
    },
    {
        "bookingid": 7894
    },
    {
        "bookingid": 8542
    },
    {
        "bookingid": 1464
    },
    {
        "bookingid": 8972
    },
    {
        "bookingid": 7356
    },
    {
        "bookingid": 1047
    },
    {
        "bookingid": 3138
    },
    {
        "bookingid": 5757
    },
    {
        "bookingid": 5487
    },
    {
        "bookingid": 3354
    },
    {
        "bookingid": 5506
    },
    {
        "bookingid": 2522
    },
    {
        "bookingid": 3081
    },
    {
        "bookingid": 7504
    },
    {
        "bookingid": 1922
    },
    {
        "bookingid": 8217
    },
    {
        "bookingid": 7235
    },
    {
        "bookingid": 3237
    },
    {
        "bookingid": 1555
    },
    {
        "bookingid": 5088
    },
    {
        "bookingid": 887
    },
    {
        "bookingid": 4765
    },
    {
        "bookingid": 3458
    },
    {
        "bookingid": 8985
    },
    {
        "bookingid": 8484
    },
    {
        "bookingid": 3869
    },
    {
        "bookingid": 1202
    },
    {
        "bookingid": 381
    },
    {
        "bookingid": 4959
    },
    {
        "bookingid": 9239
    },
    {
        "bookingid": 5134
    },
    {
        "bookingid": 9114
    },
    {
        "bookingid": 2743
    },
    {
        "bookingid": 4475
    },
    {
        "bookingid": 451
    },
    {
        "bookingid": 2932
    },
    {
        "bookingid": 8076
    },
    {
        "bookingid": 2100
    },
    {
        "bookingid": 7517
    },
    {
        "bookingid": 6922
    },
    {
        "bookingid": 19
    },
    {
        "bookingid": 202
    },
    {
        "bookingid": 4934
    },
    {
        "bookingid": 669
    },
    {
        "bookingid": 3641
    },
    {
        "bookingid": 7578
    },
    {
        "bookingid": 3299
    },
    {
        "bookingid": 4259
    },
    {
        "bookingid": 7340
    },
    {
        "bookingid": 3431
    },
    {
        "bookingid": 6638
    },
    {
        "bookingid": 9109
    },
    {
        "bookingid": 4559
    },
    {
        "bookingid": 6310
    },
    {
        "bookingid": 722
    },
    {
        "bookingid": 482
    },
    {
        "bookingid": 7145
    },
    {
        "bookingid": 5901
    },
    {
        "bookingid": 7620
    },
    {
        "bookingid": 2789
    },
    {
        "bookingid": 3959
    },
    {
        "bookingid": 2379
    },
    {
        "bookingid": 8069
    },
    {
        "bookingid": 4462
    },
    {
        "bookingid": 1624
    },
    {
        "bookingid": 6150
    },
    {
        "bookingid": 6659
    },
    {
        "bookingid": 7809
    },
    {
        "bookingid": 5611
    },
    {
        "bookingid": 1716
    },
    {
        "bookingid": 2443
    },
    {
        "bookingid": 1958
    },
    {
        "bookingid": 4849
    },
    {
        "bookingid": 6521
    },
    {
        "bookingid": 2515
    },
    {
        "bookingid": 8099
    },
    {
        "bookingid": 1456
    },
    {
        "bookingid": 8103
    },
    {
        "bookingid": 8564
    },
    {
        "bookingid": 8598
    },
    {
        "bookingid": 4594
    },
    {
        "bookingid": 7322
    },
    {
        "bookingid": 4168
    },
    {
        "bookingid": 250
    },
    {
        "bookingid": 1539
    },
    {
        "bookingid": 97
    },
    {
        "bookingid": 1652
    },
    {
        "bookingid": 83
    },
    {
        "bookingid": 8236
    },
    {
        "bookingid": 7423
    },
    {
        "bookingid": 5772
    },
    {
        "bookingid": 1267
    },
    {
        "bookingid": 8739
    },
    {
        "bookingid": 7492
    },
    {
        "bookingid": 9137
    },
    {
        "bookingid": 305
    },
    {
        "bookingid": 7837
    },
    {
        "bookingid": 7028
    },
    {
        "bookingid": 2918
    },
    {
        "bookingid": 8119
    },
    {
        "bookingid": 2601
    },
    {
        "bookingid": 6405
    },
    {
        "bookingid": 5685
    },
    {
        "bookingid": 7450
    },
    {
        "bookingid": 3648
    },
    {
        "bookingid": 6117
    },
    {
        "bookingid": 4306
    },
    {
        "bookingid": 1653
    },
    {
        "bookingid": 2470
    },
    {
        "bookingid": 2485
    },
    {
        "bookingid": 1231
    },
    {
        "bookingid": 8446
    },
    {
        "bookingid": 545
    },
    {
        "bookingid": 7721
    },
    {
        "bookingid": 5719
    },
    {
        "bookingid": 969
    },
    {
        "bookingid": 2304
    },
    {
        "bookingid": 6717
    },
    {
        "bookingid": 5820
    },
    {
        "bookingid": 4958
    },
    {
        "bookingid": 768
    },
    {
        "bookingid": 8316
    },
    {
        "bookingid": 200
    },
    {
        "bookingid": 156
    },
    {
        "bookingid": 7748
    },
    {
        "bookingid": 5476
    },
    {
        "bookingid": 1618
    },
    {
        "bookingid": 5580
    },
    {
        "bookingid": 6022
    },
    {
        "bookingid": 1205
    },
    {
        "bookingid": 9228
    },
    {
        "bookingid": 7297
    },
    {
        "bookingid": 8292
    },
    {
        "bookingid": 3920
    },
    {
        "bookingid": 2995
    },
    {
        "bookingid": 5455
    },
    {
        "bookingid": 1552
    },
    {
        "bookingid": 1505
    },
    {
        "bookingid": 175
    },
    {
        "bookingid": 6348
    },
    {
        "bookingid": 9278
    },
    {
        "bookingid": 3665
    },
    {
        "bookingid": 3356
    },
    {
        "bookingid": 5268
    },
    {
        "bookingid": 6869
    },
    {
        "bookingid": 506
    },
    {
        "bookingid": 1898
    },
    {
        "bookingid": 422
    },
    {
        "bookingid": 5527
    },
    {
        "bookingid": 7234
    },
    {
        "bookingid": 9314
    },
    {
        "bookingid": 8117
    },
    {
        "bookingid": 1503
    },
    {
        "bookingid": 7269
    },
    {
        "bookingid": 6432
    },
    {
        "bookingid": 1501
    },
    {
        "bookingid": 2105
    },
    {
        "bookingid": 2683
    },
    {
        "bookingid": 9104
    },
    {
        "bookingid": 9031
    },
    {
        "bookingid": 1655
    },
    {
        "bookingid": 7729
    },
    {
        "bookingid": 1473
    },
    {
        "bookingid": 7312
    },
    {
        "bookingid": 1705
    },
    {
        "bookingid": 163
    },
    {
        "bookingid": 7463
    },
    {
        "bookingid": 132
    },
    {
        "bookingid": 2321
    },
    {
        "bookingid": 5955
    },
    {
        "bookingid": 4121
    },
    {
        "bookingid": 135
    },
    {
        "bookingid": 556
    },
    {
        "bookingid": 7900
    },
    {
        "bookingid": 4177
    },
    {
        "bookingid": 6682
    },
    {
        "bookingid": 5189
    },
    {
        "bookingid": 5264
    },
    {
        "bookingid": 1489
    },
    {
        "bookingid": 2670
    },
    {
        "bookingid": 8587
    },
    {
        "bookingid": 7428
    },
    {
        "bookingid": 5764
    },
    {
        "bookingid": 7082
    },
    {
        "bookingid": 7510
    },
    {
        "bookingid": 8727
    },
    {
        "bookingid": 7347
    },
    {
        "bookingid": 4515
    },
    {
        "bookingid": 912
    },
    {
        "bookingid": 178
    },
    {
        "bookingid": 3433
    },
    {
        "bookingid": 5992
    },
    {
        "bookingid": 1454
    },
    {
        "bookingid": 462
    },
    {
        "bookingid": 9232
    },
    {
        "bookingid": 7849
    },
    {
        "bookingid": 2660
    },
    {
        "bookingid": 2158
    },
    {
        "bookingid": 4398
    },
    {
        "bookingid": 4472
    },
    {
        "bookingid": 7955
    },
    {
        "bookingid": 7371
    },
    {
        "bookingid": 8992
    },
    {
        "bookingid": 6335
    },
    {
        "bookingid": 6612
    },
    {
        "bookingid": 7643
    },
    {
        "bookingid": 1901
    },
    {
        "bookingid": 119
    },
    {
        "bookingid": 590
    },
    {
        "bookingid": 1620
    },
    {
        "bookingid": 6141
    },
    {
        "bookingid": 2363
    },
    {
        "bookingid": 315
    },
    {
        "bookingid": 3491
    },
    {
        "bookingid": 3837
    },
    {
        "bookingid": 3815
    },
    {
        "bookingid": 8601
    },
    {
        "bookingid": 1933
    },
    {
        "bookingid": 8692
    },
    {
        "bookingid": 4816
    },
    {
        "bookingid": 8405
    },
    {
        "bookingid": 3473
    },
    {
        "bookingid": 2655
    },
    {
        "bookingid": 4748
    },
    {
        "bookingid": 2770
    },
    {
        "bookingid": 7417
    },
    {
        "bookingid": 7154
    },
    {
        "bookingid": 4956
    },
    {
        "bookingid": 7317
    },
    {
        "bookingid": 4051
    },
    {
        "bookingid": 2714
    },
    {
        "bookingid": 2235
    },
    {
        "bookingid": 6324
    },
    {
        "bookingid": 9193
    },
    {
        "bookingid": 4149
    },
    {
        "bookingid": 4315
    },
    {
        "bookingid": 88
    },
    {
        "bookingid": 8708
    },
    {
        "bookingid": 3965
    },
    {
        "bookingid": 4244
    },
    {
        "bookingid": 5353
    },
    {
        "bookingid": 6790
    },
    {
        "bookingid": 3924
    },
    {
        "bookingid": 3226
    },
    {
        "bookingid": 4968
    },
    {
        "bookingid": 8400
    },
    {
        "bookingid": 5687
    },
    {
        "bookingid": 8418
    },
    {
        "bookingid": 1720
    },
    {
        "bookingid": 6913
    },
    {
        "bookingid": 5734
    },
    {
        "bookingid": 1016
    },
    {
        "bookingid": 8952
    },
    {
        "bookingid": 1139
    },
    {
        "bookingid": 1183
    },
    {
        "bookingid": 6136
    },
    {
        "bookingid": 1154
    },
    {
        "bookingid": 6622
    },
    {
        "bookingid": 9119
    },
    {
        "bookingid": 8043
    },
    {
        "bookingid": 3503
    },
    {
        "bookingid": 6892
    },
    {
        "bookingid": 7390
    },
    {
        "bookingid": 1698
    },
    {
        "bookingid": 1111
    },
    {
        "bookingid": 5811
    },
    {
        "bookingid": 3963
    },
    {
        "bookingid": 7605
    },
    {
        "bookingid": 4153
    },
    {
        "bookingid": 6010
    },
    {
        "bookingid": 7683
    },
    {
        "bookingid": 6979
    },
    {
        "bookingid": 4385
    },
    {
        "bookingid": 2319
    },
    {
        "bookingid": 7451
    },
    {
        "bookingid": 6384
    },
    {
        "bookingid": 4471
    },
    {
        "bookingid": 4871
    },
    {
        "bookingid": 1056
    },
    {
        "bookingid": 6129
    },
    {
        "bookingid": 1724
    },
    {
        "bookingid": 5054
    },
    {
        "bookingid": 1906
    },
    {
        "bookingid": 1210
    },
    {
        "bookingid": 1258
    },
    {
        "bookingid": 1087
    },
    {
        "bookingid": 725
    },
    {
        "bookingid": 3368
    },
    {
        "bookingid": 2537
    },
    {
        "bookingid": 3459
    },
    {
        "bookingid": 5846
    },
    {
        "bookingid": 6166
    },
    {
        "bookingid": 4047
    },
    {
        "bookingid": 3396
    },
    {
        "bookingid": 7047
    },
    {
        "bookingid": 3759
    },
    {
        "bookingid": 1214
    },
    {
        "bookingid": 4667
    },
    {
        "bookingid": 8955
    },
    {
        "bookingid": 1692
    },
    {
        "bookingid": 8306
    },
    {
        "bookingid": 8004
    },
    {
        "bookingid": 4059
    },
    {
        "bookingid": 1525
    },
    {
        "bookingid": 4677
    },
    {
        "bookingid": 3549
    },
    {
        "bookingid": 8510
    },
    {
        "bookingid": 6121
    },
    {
        "bookingid": 2342
    },
    {
        "bookingid": 4084
    },
    {
        "bookingid": 7367
    },
    {
        "bookingid": 3209
    },
    {
        "bookingid": 1228
    },
    {
        "bookingid": 1576
    },
    {
        "bookingid": 95
    },
    {
        "bookingid": 105
    },
    {
        "bookingid": 2697
    },
    {
        "bookingid": 373
    },
    {
        "bookingid": 4071
    },
    {
        "bookingid": 1519
    },
    {
        "bookingid": 4395
    },
    {
        "bookingid": 8562
    },
    {
        "bookingid": 7043
    },
    {
        "bookingid": 7723
    },
    {
        "bookingid": 664
    },
    {
        "bookingid": 8890
    },
    {
        "bookingid": 3361
    },
    {
        "bookingid": 715
    },
    {
        "bookingid": 8409
    },
    {
        "bookingid": 2994
    },
    {
        "bookingid": 1874
    },
    {
        "bookingid": 291
    },
    {
        "bookingid": 7290
    },
    {
        "bookingid": 8139
    },
    {
        "bookingid": 6591
    },
    {
        "bookingid": 5452
    },
    {
        "bookingid": 1723
    },
    {
        "bookingid": 3232
    },
    {
        "bookingid": 1414
    },
    {
        "bookingid": 1393
    },
    {
        "bookingid": 8967
    },
    {
        "bookingid": 6011
    },
    {
        "bookingid": 4204
    },
    {
        "bookingid": 6112
    },
    {
        "bookingid": 8007
    },
    {
        "bookingid": 7791
    },
    {
        "bookingid": 4541
    },
    {
        "bookingid": 9034
    },
    {
        "bookingid": 828
    },
    {
        "bookingid": 9284
    },
    {
        "bookingid": 5241
    },
    {
        "bookingid": 7549
    },
    {
        "bookingid": 361
    },
    {
        "bookingid": 22
    },
    {
        "bookingid": 3535
    },
    {
        "bookingid": 4944
    },
    {
        "bookingid": 9323
    },
    {
        "bookingid": 6691
    },
    {
        "bookingid": 6923
    },
    {
        "bookingid": 3765
    },
    {
        "bookingid": 7228
    },
    {
        "bookingid": 4400
    },
    {
        "bookingid": 2666
    },
    {
        "bookingid": 5016
    },
    {
        "bookingid": 2247
    },
    {
        "bookingid": 192
    },
    {
        "bookingid": 676
    },
    {
        "bookingid": 7031
    },
    {
        "bookingid": 6100
    },
    {
        "bookingid": 3208
    },
    {
        "bookingid": 526
    },
    {
        "bookingid": 5871
    },
    {
        "bookingid": 1175
    },
    {
        "bookingid": 1913
    },
    {
        "bookingid": 2625
    },
    {
        "bookingid": 1886
    },
    {
        "bookingid": 3423
    },
    {
        "bookingid": 8553
    },
    {
        "bookingid": 3846
    },
    {
        "bookingid": 5378
    },
    {
        "bookingid": 2
    },
    {
        "bookingid": 5640
    },
    {
        "bookingid": 8058
    },
    {
        "bookingid": 7774
    },
    {
        "bookingid": 7801
    },
    {
        "bookingid": 5459
    },
    {
        "bookingid": 5853
    },
    {
        "bookingid": 7023
    },
    {
        "bookingid": 1121
    },
    {
        "bookingid": 4827
    },
    {
        "bookingid": 5837
    },
    {
        "bookingid": 5576
    },
    {
        "bookingid": 1817
    },
    {
        "bookingid": 2444
    },
    {
        "bookingid": 2736
    },
    {
        "bookingid": 2412
    },
    {
        "bookingid": 2588
    },
    {
        "bookingid": 4713
    },
    {
        "bookingid": 4561
    },
    {
        "bookingid": 4020
    },
    {
        "bookingid": 576
    },
    {
        "bookingid": 6173
    },
    {
        "bookingid": 1951
    },
    {
        "bookingid": 2561
    },
    {
        "bookingid": 4301
    },
    {
        "bookingid": 4900
    },
    {
        "bookingid": 7771
    },
    {
        "bookingid": 3135
    },
    {
        "bookingid": 398
    },
    {
        "bookingid": 2035
    },
    {
        "bookingid": 3324
    },
    {
        "bookingid": 6826
    },
    {
        "bookingid": 5253
    },
    {
        "bookingid": 1805
    },
    {
        "bookingid": 2768
    },
    {
        "bookingid": 118
    },
    {
        "bookingid": 7315
    },
    {
        "bookingid": 2904
    },
    {
        "bookingid": 7624
    },
    {
        "bookingid": 343
    },
    {
        "bookingid": 2007
    },
    {
        "bookingid": 6918
    },
    {
        "bookingid": 8608
    },
    {
        "bookingid": 1125
    },
    {
        "bookingid": 1970
    },
    {
        "bookingid": 8808
    },
    {
        "bookingid": 1849
    },
    {
        "bookingid": 3876
    },
    {
        "bookingid": 1822
    },
    {
        "bookingid": 1133
    },
    {
        "bookingid": 6555
    },
    {
        "bookingid": 1523
    },
    {
        "bookingid": 4188
    },
    {
        "bookingid": 63
    },
    {
        "bookingid": 8964
    },
    {
        "bookingid": 1803
    },
    {
        "bookingid": 4688
    },
    {
        "bookingid": 2929
    },
    {
        "bookingid": 1201
    },
    {
        "bookingid": 7739
    },
    {
        "bookingid": 2044
    },
    {
        "bookingid": 5107
    },
    {
        "bookingid": 2632
    },
    {
        "bookingid": 3269
    },
    {
        "bookingid": 2487
    },
    {
        "bookingid": 7404
    },
    {
        "bookingid": 4048
    },
    {
        "bookingid": 49
    },
    {
        "bookingid": 7851
    },
    {
        "bookingid": 6878
    },
    {
        "bookingid": 1981
    },
    {
        "bookingid": 430
    },
    {
        "bookingid": 3522
    },
    {
        "bookingid": 5790
    },
    {
        "bookingid": 4273
    },
    {
        "bookingid": 8530
    },
    {
        "bookingid": 5902
    },
    {
        "bookingid": 278
    },
    {
        "bookingid": 855
    },
    {
        "bookingid": 3147
    },
    {
        "bookingid": 8123
    },
    {
        "bookingid": 1767
    },
    {
        "bookingid": 9051
    },
    {
        "bookingid": 242
    },
    {
        "bookingid": 4169
    },
    {
        "bookingid": 5549
    },
    {
        "bookingid": 6085
    },
    {
        "bookingid": 4524
    },
    {
        "bookingid": 4023
    },
    {
        "bookingid": 848
    },
    {
        "bookingid": 4046
    },
    {
        "bookingid": 1516
    },
    {
        "bookingid": 682
    },
    {
        "bookingid": 5721
    },
    {
        "bookingid": 113
    },
    {
        "bookingid": 6534
    },
    {
        "bookingid": 5765
    },
    {
        "bookingid": 2951
    },
    {
        "bookingid": 2981
    },
    {
        "bookingid": 5174
    },
    {
        "bookingid": 7187
    },
    {
        "bookingid": 5056
    },
    {
        "bookingid": 6223
    },
    {
        "bookingid": 5050
    },
    {
        "bookingid": 7124
    },
    {
        "bookingid": 6493
    },
    {
        "bookingid": 5714
    },
    {
        "bookingid": 8817
    },
    {
        "bookingid": 7050
    },
    {
        "bookingid": 4404
    },
    {
        "bookingid": 2475
    },
    {
        "bookingid": 4998
    },
    {
        "bookingid": 117
    },
    {
        "bookingid": 1177
    },
    {
        "bookingid": 3872
    },
    {
        "bookingid": 470
    },
    {
        "bookingid": 428
    },
    {
        "bookingid": 441
    },
    {
        "bookingid": 6712
    },
    {
        "bookingid": 6934
    },
    {
        "bookingid": 510
    },
    {
        "bookingid": 8658
    },
    {
        "bookingid": 4815
    },
    {
        "bookingid": 7503
    },
    {
        "bookingid": 9309
    },
    {
        "bookingid": 1729
    },
    {
        "bookingid": 640
    },
    {
        "bookingid": 3926
    },
    {
        "bookingid": 3531
    },
    {
        "bookingid": 445
    },
    {
        "bookingid": 8883
    },
    {
        "bookingid": 8585
    },
    {
        "bookingid": 2147
    },
    {
        "bookingid": 106
    },
    {
        "bookingid": 2419
    },
    {
        "bookingid": 8471
    },
    {
        "bookingid": 3111
    },
    {
        "bookingid": 2759
    },
    {
        "bookingid": 9
    },
    {
        "bookingid": 7773
    },
    {
        "bookingid": 1818
    },
    {
        "bookingid": 8733
    },
    {
        "bookingid": 4999
    },
    {
        "bookingid": 6942
    },
    {
        "bookingid": 2585
    },
    {
        "bookingid": 7908
    },
    {
        "bookingid": 379
    },
    {
        "bookingid": 6950
    },
    {
        "bookingid": 1240
    },
    {
        "bookingid": 527
    },
    {
        "bookingid": 3602
    },
    {
        "bookingid": 6378
    },
    {
        "bookingid": 5783
    },
    {
        "bookingid": 9168
    },
    {
        "bookingid": 5111
    },
    {
        "bookingid": 4905
    },
    {
        "bookingid": 3937
    },
    {
        "bookingid": 1599
    },
    {
        "bookingid": 4853
    },
    {
        "bookingid": 5696
    },
    {
        "bookingid": 4325
    },
    {
        "bookingid": 4699
    },
    {
        "bookingid": 7595
    },
    {
        "bookingid": 3910
    },
    {
        "bookingid": 134
    },
    {
        "bookingid": 5485
    },
    {
        "bookingid": 7909
    },
    {
        "bookingid": 8689
    },
    {
        "bookingid": 6808
    },
    {
        "bookingid": 947
    },
    {
        "bookingid": 5849
    },
    {
        "bookingid": 3262
    },
    {
        "bookingid": 4394
    },
    {
        "bookingid": 2544
    },
    {
        "bookingid": 4383
    },
    {
        "bookingid": 5149
    },
    {
        "bookingid": 5399
    },
    {
        "bookingid": 7048
    },
    {
        "bookingid": 5251
    },
    {
        "bookingid": 4213
    },
    {
        "bookingid": 159
    },
    {
        "bookingid": 807
    },
    {
        "bookingid": 1091
    },
    {
        "bookingid": 4606
    },
    {
        "bookingid": 2335
    },
    {
        "bookingid": 3684
    },
    {
        "bookingid": 5855
    },
    {
        "bookingid": 6959
    },
    {
        "bookingid": 9055
    },
    {
        "bookingid": 7611
    },
    {
        "bookingid": 5100
    },
    {
        "bookingid": 529
    },
    {
        "bookingid": 4970
    },
    {
        "bookingid": 3291
    },
    {
        "bookingid": 2566
    },
    {
        "bookingid": 7216
    },
    {
        "bookingid": 5329
    },
    {
        "bookingid": 7607
    },
    {
        "bookingid": 6907
    },
    {
        "bookingid": 8668
    },
    {
        "bookingid": 843
    },
    {
        "bookingid": 6397
    },
    {
        "bookingid": 1408
    },
    {
        "bookingid": 4707
    },
    {
        "bookingid": 2984
    },
    {
        "bookingid": 8109
    },
    {
        "bookingid": 5209
    },
    {
        "bookingid": 246
    },
    {
        "bookingid": 2821
    },
    {
        "bookingid": 4335
    },
    {
        "bookingid": 821
    },
    {
        "bookingid": 4674
    },
    {
        "bookingid": 6084
    },
    {
        "bookingid": 4941
    },
    {
        "bookingid": 8806
    },
    {
        "bookingid": 297
    },
    {
        "bookingid": 1102
    },
    {
        "bookingid": 8106
    },
    {
        "bookingid": 4201
    },
    {
        "bookingid": 6295
    },
    {
        "bookingid": 8758
    },
    {
        "bookingid": 1264
    },
    {
        "bookingid": 5382
    },
    {
        "bookingid": 222
    },
    {
        "bookingid": 5776
    },
    {
        "bookingid": 7818
    },
    {
        "bookingid": 9225
    },
    {
        "bookingid": 6519
    },
    {
        "bookingid": 6500
    },
    {
        "bookingid": 2937
    },
    {
        "bookingid": 3014
    },
    {
        "bookingid": 5667
    },
    {
        "bookingid": 6941
    },
    {
        "bookingid": 924
    },
    {
        "bookingid": 704
    },
    {
        "bookingid": 4333
    },
    {
        "bookingid": 6391
    },
    {
        "bookingid": 4841
    },
    {
        "bookingid": 3033
    },
    {
        "bookingid": 9199
    },
    {
        "bookingid": 7910
    },
    {
        "bookingid": 3513
    },
    {
        "bookingid": 8283
    },
    {
        "bookingid": 300
    },
    {
        "bookingid": 352
    },
    {
        "bookingid": 1773
    },
    {
        "bookingid": 4495
    },
    {
        "bookingid": 7411
    },
    {
        "bookingid": 420
    },
    {
        "bookingid": 4857
    },
    {
        "bookingid": 8647
    },
    {
        "bookingid": 1887
    },
    {
        "bookingid": 3306
    },
    {
        "bookingid": 2491
    },
    {
        "bookingid": 5004
    },
    {
        "bookingid": 8756
    },
    {
        "bookingid": 2669
    },
    {
        "bookingid": 8201
    },
    {
        "bookingid": 3344
    },
    {
        "bookingid": 7823
    },
    {
        "bookingid": 7567
    },
    {
        "bookingid": 904
    },
    {
        "bookingid": 1187
    },
    {
        "bookingid": 534
    },
    {
        "bookingid": 3753
    },
    {
        "bookingid": 6097
    },
    {
        "bookingid": 8610
    },
    {
        "bookingid": 6400
    },
    {
        "bookingid": 7139
    },
    {
        "bookingid": 285
    },
    {
        "bookingid": 1648
    },
    {
        "bookingid": 4459
    },
    {
        "bookingid": 1606
    },
    {
        "bookingid": 5393
    },
    {
        "bookingid": 1459
    },
    {
        "bookingid": 986
    },
    {
        "bookingid": 7645
    },
    {
        "bookingid": 3156
    },
    {
        "bookingid": 4608
    },
    {
        "bookingid": 4224
    },
    {
        "bookingid": 4337
    },
    {
        "bookingid": 2123
    },
    {
        "bookingid": 2082
    },
    {
        "bookingid": 1510
    },
    {
        "bookingid": 2599
    },
    {
        "bookingid": 2656
    },
    {
        "bookingid": 1387
    },
    {
        "bookingid": 8223
    },
    {
        "bookingid": 9075
    },
    {
        "bookingid": 1218
    },
    {
        "bookingid": 2764
    },
    {
        "bookingid": 769
    },
    {
        "bookingid": 6955
    },
    {
        "bookingid": 8061
    },
    {
        "bookingid": 1443
    },
    {
        "bookingid": 4305
    },
    {
        "bookingid": 3911
    },
    {
        "bookingid": 3826
    },
    {
        "bookingid": 4370
    },
    {
        "bookingid": 5390
    },
    {
        "bookingid": 7172
    },
    {
        "bookingid": 2301
    },
    {
        "bookingid": 7890
    },
    {
        "bookingid": 4889
    },
    {
        "bookingid": 4848
    },
    {
        "bookingid": 9306
    },
    {
        "bookingid": 6539
    },
    {
        "bookingid": 2054
    },
    {
        "bookingid": 1144
    },
    {
        "bookingid": 8118
    },
    {
        "bookingid": 1208
    },
    {
        "bookingid": 2040
    },
    {
        "bookingid": 1672
    },
    {
        "bookingid": 7252
    },
    {
        "bookingid": 1461
    },
    {
        "bookingid": 1693
    },
    {
        "bookingid": 5583
    },
    {
        "bookingid": 2580
    },
    {
        "bookingid": 8519
    },
    {
        "bookingid": 7984
    },
    {
        "bookingid": 1836
    },
    {
        "bookingid": 7674
    },
    {
        "bookingid": 7945
    },
    {
        "bookingid": 78
    },
    {
        "bookingid": 4019
    },
    {
        "bookingid": 1383
    },
    {
        "bookingid": 7366
    },
    {
        "bookingid": 1776
    },
    {
        "bookingid": 2265
    },
    {
        "bookingid": 5001
    },
    {
        "bookingid": 2139
    },
    {
        "bookingid": 3432
    },
    {
        "bookingid": 7786
    },
    {
        "bookingid": 2735
    },
    {
        "bookingid": 1745
    },
    {
        "bookingid": 2488
    },
    {
        "bookingid": 2802
    },
    {
        "bookingid": 3233
    },
    {
        "bookingid": 764
    },
    {
        "bookingid": 1302
    },
    {
        "bookingid": 2689
    },
    {
        "bookingid": 9283
    },
    {
        "bookingid": 4684
    },
    {
        "bookingid": 6901
    },
    {
        "bookingid": 4655
    },
    {
        "bookingid": 7856
    },
    {
        "bookingid": 1734
    },
    {
        "bookingid": 1309
    },
    {
        "bookingid": 3558
    },
    {
        "bookingid": 3553
    },
    {
        "bookingid": 6549
    },
    {
        "bookingid": 6297
    },
    {
        "bookingid": 4727
    },
    {
        "bookingid": 1941
    },
    {
        "bookingid": 4287
    },
    {
        "bookingid": 5791
    },
    {
        "bookingid": 5379
    },
    {
        "bookingid": 8410
    },
    {
        "bookingid": 7376
    },
    {
        "bookingid": 2083
    },
    {
        "bookingid": 1460
    },
    {
        "bookingid": 5071
    },
    {
        "bookingid": 6126
    },
    {
        "bookingid": 9286
    },
    {
        "bookingid": 2248
    },
    {
        "bookingid": 4481
    },
    {
        "bookingid": 5995
    },
    {
        "bookingid": 3594
    },
    {
        "bookingid": 2911
    },
    {
        "bookingid": 4975
    },
    {
        "bookingid": 550
    },
    {
        "bookingid": 5586
    },
    {
        "bookingid": 9056
    },
    {
        "bookingid": 6842
    },
    {
        "bookingid": 871
    },
    {
        "bookingid": 4024
    },
    {
        "bookingid": 2596
    },
    {
        "bookingid": 9000
    },
    {
        "bookingid": 5545
    },
    {
        "bookingid": 2173
    },
    {
        "bookingid": 4341
    },
    {
        "bookingid": 148
    },
    {
        "bookingid": 1020
    },
    {
        "bookingid": 2106
    },
    {
        "bookingid": 1739
    },
    {
        "bookingid": 50
    },
    {
        "bookingid": 5265
    },
    {
        "bookingid": 157
    },
    {
        "bookingid": 4750
    },
    {
        "bookingid": 3227
    },
    {
        "bookingid": 7974
    },
    {
        "bookingid": 8444
    },
    {
        "bookingid": 792
    },
    {
        "bookingid": 7854
    },
    {
        "bookingid": 673
    },
    {
        "bookingid": 5860
    },
    {
        "bookingid": 1829
    },
    {
        "bookingid": 4910
    },
    {
        "bookingid": 5829
    },
    {
        "bookingid": 3669
    },
    {
        "bookingid": 6270
    },
    {
        "bookingid": 668
    },
    {
        "bookingid": 1497
    },
    {
        "bookingid": 1061
    },
    {
        "bookingid": 2888
    },
    {
        "bookingid": 8486
    },
    {
        "bookingid": 8173
    },
    {
        "bookingid": 4018
    },
    {
        "bookingid": 6332
    },
    {
        "bookingid": 9224
    },
    {
        "bookingid": 3190
    },
    {
        "bookingid": 8833
    },
    {
        "bookingid": 3701
    },
    {
        "bookingid": 7700
    },
    {
        "bookingid": 7874
    },
    {
        "bookingid": 3960
    },
    {
        "bookingid": 581
    },
    {
        "bookingid": 2219
    },
    {
        "bookingid": 2473
    },
    {
        "bookingid": 5019
    },
    {
        "bookingid": 10
    },
    {
        "bookingid": 8724
    },
    {
        "bookingid": 5315
    },
    {
        "bookingid": 7108
    },
    {
        "bookingid": 8300
    },
    {
        "bookingid": 1113
    },
    {
        "bookingid": 7442
    },
    {
        "bookingid": 520
    },
    {
        "bookingid": 2221
    },
    {
        "bookingid": 3309
    },
    {
        "bookingid": 3198
    },
    {
        "bookingid": 298
    },
    {
        "bookingid": 8421
    },
    {
        "bookingid": 7046
    },
    {
        "bookingid": 8138
    },
    {
        "bookingid": 574
    },
    {
        "bookingid": 876
    },
    {
        "bookingid": 7015
    },
    {
        "bookingid": 3573
    },
    {
        "bookingid": 3647
    },
    {
        "bookingid": 536
    },
    {
        "bookingid": 9040
    },
    {
        "bookingid": 1427
    },
    {
        "bookingid": 7846
    },
    {
        "bookingid": 310
    },
    {
        "bookingid": 6365
    },
    {
        "bookingid": 1589
    },
    {
        "bookingid": 5598
    },
    {
        "bookingid": 6423
    },
    {
        "bookingid": 1798
    },
    {
        "bookingid": 2067
    },
    {
        "bookingid": 154
    },
    {
        "bookingid": 8702
    },
    {
        "bookingid": 700
    },
    {
        "bookingid": 342
    },
    {
        "bookingid": 7395
    },
    {
        "bookingid": 5013
    },
    {
        "bookingid": 3349
    },
    {
        "bookingid": 8210
    },
    {
        "bookingid": 5593
    },
    {
        "bookingid": 3709
    },
    {
        "bookingid": 8693
    },
    {
        "bookingid": 1695
    },
    {
        "bookingid": 4526
    },
    {
        "bookingid": 3542
    },
    {
        "bookingid": 56
    },
    {
        "bookingid": 2744
    },
    {
        "bookingid": 3932
    },
    {
        "bookingid": 7934
    },
    {
        "bookingid": 6756
    },
    {
        "bookingid": 5946
    },
    {
        "bookingid": 2015
    },
    {
        "bookingid": 6228
    },
    {
        "bookingid": 9165
    },
    {
        "bookingid": 137
    },
    {
        "bookingid": 252
    },
    {
        "bookingid": 8022
    },
    {
        "bookingid": 4410
    },
    {
        "bookingid": 3205
    },
    {
        "bookingid": 4598
    },
    {
        "bookingid": 1050
    },
    {
        "bookingid": 3455
    },
    {
        "bookingid": 5882
    },
    {
        "bookingid": 7482
    },
    {
        "bookingid": 4993
    },
    {
        "bookingid": 945
    },
    {
        "bookingid": 7921
    },
    {
        "bookingid": 7379
    },
    {
        "bookingid": 3112
    },
    {
        "bookingid": 8789
    },
    {
        "bookingid": 1978
    },
    {
        "bookingid": 913
    },
    {
        "bookingid": 1122
    },
    {
        "bookingid": 8091
    },
    {
        "bookingid": 32
    },
    {
        "bookingid": 311
    },
    {
        "bookingid": 6825
    },
    {
        "bookingid": 5072
    },
    {
        "bookingid": 6047
    },
    {
        "bookingid": 4072
    },
    {
        "bookingid": 5766
    },
    {
        "bookingid": 2634
    },
    {
        "bookingid": 6116
    },
    {
        "bookingid": 2822
    },
    {
        "bookingid": 3496
    },
    {
        "bookingid": 614
    },
    {
        "bookingid": 8962
    },
    {
        "bookingid": 7202
    },
    {
        "bookingid": 5417
    },
    {
        "bookingid": 2333
    },
    {
        "bookingid": 5146
    },
    {
        "bookingid": 4947
    },
    {
        "bookingid": 2367
    },
    {
        "bookingid": 1084
    },
    {
        "bookingid": 4735
    },
    {
        "bookingid": 3790
    },
    {
        "bookingid": 333
    },
    {
        "bookingid": 2668
    },
    {
        "bookingid": 8532
    },
    {
        "bookingid": 7662
    },
    {
        "bookingid": 478
    },
    {
        "bookingid": 4358
    },
    {
        "bookingid": 5048
    },
    {
        "bookingid": 2012
    },
    {
        "bookingid": 834
    },
    {
        "bookingid": 3729
    },
    {
        "bookingid": 4441
    },
    {
        "bookingid": 385
    },
    {
        "bookingid": 1753
    },
    {
        "bookingid": 5509
    },
    {
        "bookingid": 3407
    },
    {
        "bookingid": 7875
    },
    {
        "bookingid": 9093
    },
    {
        "bookingid": 7707
    },
    {
        "bookingid": 4544
    },
    {
        "bookingid": 1961
    },
    {
        "bookingid": 4709
    },
    {
        "bookingid": 7563
    },
    {
        "bookingid": 7610
    },
    {
        "bookingid": 3550
    },
    {
        "bookingid": 5350
    },
    {
        "bookingid": 6334
    },
    {
        "bookingid": 2183
    },
    {
        "bookingid": 9106
    },
    {
        "bookingid": 5854
    },
    {
        "bookingid": 4883
    },
    {
        "bookingid": 3049
    },
    {
        "bookingid": 335
    },
    {
        "bookingid": 7364
    },
    {
        "bookingid": 8607
    },
    {
        "bookingid": 3719
    },
    {
        "bookingid": 7822
    },
    {
        "bookingid": 1784
    },
    {
        "bookingid": 4653
    },
    {
        "bookingid": 2891
    },
    {
        "bookingid": 6904
    },
    {
        "bookingid": 6476
    },
    {
        "bookingid": 4725
    },
    {
        "bookingid": 8754
    },
    {
        "bookingid": 4197
    },
    {
        "bookingid": 2851
    },
    {
        "bookingid": 5423
    },
    {
        "bookingid": 3078
    },
    {
        "bookingid": 3925
    },
    {
        "bookingid": 5898
    },
    {
        "bookingid": 4319
    },
    {
        "bookingid": 2377
    },
    {
        "bookingid": 7055
    },
    {
        "bookingid": 8678
    },
    {
        "bookingid": 9245
    },
    {
        "bookingid": 2513
    },
    {
        "bookingid": 7387
    },
    {
        "bookingid": 7584
    },
    {
        "bookingid": 2431
    },
    {
        "bookingid": 6852
    },
    {
        "bookingid": 317
    },
    {
        "bookingid": 3051
    },
    {
        "bookingid": 7441
    },
    {
        "bookingid": 438
    },
    {
        "bookingid": 303
    },
    {
        "bookingid": 5121
    },
    {
        "bookingid": 6572
    },
    {
        "bookingid": 2575
    },
    {
        "bookingid": 1768
    },
    {
        "bookingid": 5017
    },
    {
        "bookingid": 8644
    },
    {
        "bookingid": 4027
    },
    {
        "bookingid": 3679
    },
    {
        "bookingid": 8886
    },
    {
        "bookingid": 3771
    },
    {
        "bookingid": 4081
    },
    {
        "bookingid": 6794
    },
    {
        "bookingid": 337
    },
    {
        "bookingid": 1567
    },
    {
        "bookingid": 847
    },
    {
        "bookingid": 3604
    },
    {
        "bookingid": 7086
    },
    {
        "bookingid": 5827
    },
    {
        "bookingid": 6262
    },
    {
        "bookingid": 7670
    },
    {
        "bookingid": 1418
    },
    {
        "bookingid": 4592
    },
    {
        "bookingid": 8488
    },
    {
        "bookingid": 323
    },
    {
        "bookingid": 265
    },
    {
        "bookingid": 9267
    },
    {
        "bookingid": 2617
    },
    {
        "bookingid": 7198
    },
    {
        "bookingid": 6041
    },
    {
        "bookingid": 7959
    },
    {
        "bookingid": 5964
    },
    {
        "bookingid": 348
    },
    {
        "bookingid": 6329
    },
    {
        "bookingid": 2042
    },
    {
        "bookingid": 6885
    },
    {
        "bookingid": 7604
    },
    {
        "bookingid": 2921
    },
    {
        "bookingid": 2935
    },
    {
        "bookingid": 955
    },
    {
        "bookingid": 3725
    },
    {
        "bookingid": 6415
    },
    {
        "bookingid": 3413
    },
    {
        "bookingid": 4384
    },
    {
        "bookingid": 6045
    },
    {
        "bookingid": 3388
    },
    {
        "bookingid": 2168
    },
    {
        "bookingid": 1574
    },
    {
        "bookingid": 8046
    },
    {
        "bookingid": 4192
    },
    {
        "bookingid": 7915
    },
    {
        "bookingid": 4808
    },
    {
        "bookingid": 3528
    },
    {
        "bookingid": 2741
    },
    {
        "bookingid": 7906
    },
    {
        "bookingid": 9139
    },
    {
        "bookingid": 2801
    },
    {
        "bookingid": 279
    },
    {
        "bookingid": 1313
    },
    {
        "bookingid": 1358
    },
    {
        "bookingid": 2188
    },
    {
        "bookingid": 8192
    },
    {
        "bookingid": 2996
    },
    {
        "bookingid": 8329
    },
    {
        "bookingid": 3691
    },
    {
        "bookingid": 1255
    },
    {
        "bookingid": 2005
    },
    {
        "bookingid": 4525
    },
    {
        "bookingid": 8351
    },
    {
        "bookingid": 8017
    },
    {
        "bookingid": 2964
    },
    {
        "bookingid": 434
    },
    {
        "bookingid": 5911
    },
    {
        "bookingid": 785
    },
    {
        "bookingid": 1186
    },
    {
        "bookingid": 2238
    },
    {
        "bookingid": 750
    },
    {
        "bookingid": 42
    },
    {
        "bookingid": 2877
    },
    {
        "bookingid": 3742
    },
    {
        "bookingid": 2716
    },
    {
        "bookingid": 7523
    },
    {
        "bookingid": 6055
    },
    {
        "bookingid": 7452
    },
    {
        "bookingid": 4068
    },
    {
        "bookingid": 5031
    },
    {
        "bookingid": 2442
    },
    {
        "bookingid": 4223
    },
    {
        "bookingid": 9180
    },
    {
        "bookingid": 8467
    },
    {
        "bookingid": 5330
    },
    {
        "bookingid": 7368
    },
    {
        "bookingid": 5298
    },
    {
        "bookingid": 6468
    },
    {
        "bookingid": 2978
    },
    {
        "bookingid": 829
    },
    {
        "bookingid": 1826
    },
    {
        "bookingid": 5215
    },
    {
        "bookingid": 4640
    },
    {
        "bookingid": 1921
    },
    {
        "bookingid": 502
    },
    {
        "bookingid": 4323
    },
    {
        "bookingid": 7453
    },
    {
        "bookingid": 410
    },
    {
        "bookingid": 4768
    },
    {
        "bookingid": 595
    },
    {
        "bookingid": 1188
    },
    {
        "bookingid": 5465
    },
    {
        "bookingid": 1687
    },
    {
        "bookingid": 1303
    },
    {
        "bookingid": 280
    },
    {
        "bookingid": 2933
    },
    {
        "bookingid": 2541
    },
    {
        "bookingid": 4595
    },
    {
        "bookingid": 2413
    },
    {
        "bookingid": 185
    },
    {
        "bookingid": 6163
    },
    {
        "bookingid": 9006
    },
    {
        "bookingid": 8782
    },
    {
        "bookingid": 3977
    },
    {
        "bookingid": 7262
    },
    {
        "bookingid": 4995
    },
    {
        "bookingid": 1868
    },
    {
        "bookingid": 4527
    },
    {
        "bookingid": 1227
    },
    {
        "bookingid": 2272
    },
    {
        "bookingid": 2763
    },
    {
        "bookingid": 1930
    },
    {
        "bookingid": 616
    },
    {
        "bookingid": 5977
    },
    {
        "bookingid": 1566
    },
    {
        "bookingid": 4867
    },
    {
        "bookingid": 7705
    },
    {
        "bookingid": 2218
    },
    {
        "bookingid": 4211
    },
    {
        "bookingid": 8652
    },
    {
        "bookingid": 967
    },
    {
        "bookingid": 6733
    },
    {
        "bookingid": 8523
    },
    {
        "bookingid": 5515
    },
    {
        "bookingid": 6027
    },
    {
        "bookingid": 4741
    },
    {
        "bookingid": 3795
    },
    {
        "bookingid": 8396
    },
    {
        "bookingid": 3699
    },
    {
        "bookingid": 5300
    },
    {
        "bookingid": 58
    },
    {
        "bookingid": 681
    },
    {
        "bookingid": 8860
    },
    {
        "bookingid": 1529
    },
    {
        "bookingid": 7073
    },
    {
        "bookingid": 1615
    },
    {
        "bookingid": 6410
    },
    {
        "bookingid": 7651
    },
    {
        "bookingid": 1710
    },
    {
        "bookingid": 1407
    },
    {
        "bookingid": 7039
    },
    {
        "bookingid": 1740
    },
    {
        "bookingid": 3015
    },
    {
        "bookingid": 6527
    },
    {
        "bookingid": 6093
    },
    {
        "bookingid": 1072
    },
    {
        "bookingid": 9127
    },
    {
        "bookingid": 6601
    },
    {
        "bookingid": 2712
    },
    {
        "bookingid": 5658
    },
    {
        "bookingid": 2912
    },
    {
        "bookingid": 5612
    },
    {
        "bookingid": 702
    },
    {
        "bookingid": 7963
    },
    {
        "bookingid": 5774
    },
    {
        "bookingid": 4028
    },
    {
        "bookingid": 6392
    },
    {
        "bookingid": 906
    },
    {
        "bookingid": 3951
    },
    {
        "bookingid": 4809
    },
    {
        "bookingid": 1229
    },
    {
        "bookingid": 2791
    },
    {
        "bookingid": 9235
    },
    {
        "bookingid": 7081
    },
    {
        "bookingid": 8810
    },
    {
        "bookingid": 5979
    },
    {
        "bookingid": 4694
    },
    {
        "bookingid": 8531
    },
    {
        "bookingid": 5403
    },
    {
        "bookingid": 3537
    },
    {
        "bookingid": 5784
    },
    {
        "bookingid": 4199
    },
    {
        "bookingid": 8751
    },
    {
        "bookingid": 150
    },
    {
        "bookingid": 5331
    },
    {
        "bookingid": 7166
    },
    {
        "bookingid": 6711
    },
    {
        "bookingid": 2113
    },
    {
        "bookingid": 3048
    },
    {
        "bookingid": 8388
    },
    {
        "bookingid": 6624
    },
    {
        "bookingid": 7032
    },
    {
        "bookingid": 7933
    },
    {
        "bookingid": 115
    },
    {
        "bookingid": 7335
    },
    {
        "bookingid": 1384
    },
    {
        "bookingid": 2300
    },
    {
        "bookingid": 167
    },
    {
        "bookingid": 4730
    },
    {
        "bookingid": 8199
    },
    {
        "bookingid": 4299
    },
    {
        "bookingid": 2837
    },
    {
        "bookingid": 2647
    },
    {
        "bookingid": 79
    },
    {
        "bookingid": 7935
    },
    {
        "bookingid": 7022
    },
    {
        "bookingid": 4604
    },
    {
        "bookingid": 2593
    },
    {
        "bookingid": 7245
    },
    {
        "bookingid": 5197
    },
    {
        "bookingid": 6608
    },
    {
        "bookingid": 5355
    },
    {
        "bookingid": 6524
    },
    {
        "bookingid": 2512
    },
    {
        "bookingid": 46
    },
    {
        "bookingid": 4055
    },
    {
        "bookingid": 7939
    },
    {
        "bookingid": 5014
    },
    {
        "bookingid": 4437
    },
    {
        "bookingid": 2192
    },
    {
        "bookingid": 9188
    },
    {
        "bookingid": 9307
    },
    {
        "bookingid": 8731
    },
    {
        "bookingid": 8818
    },
    {
        "bookingid": 5740
    },
    {
        "bookingid": 1879
    },
    {
        "bookingid": 2715
    },
    {
        "bookingid": 5722
    },
    {
        "bookingid": 8784
    },
    {
        "bookingid": 7257
    },
    {
        "bookingid": 8619
    },
    {
        "bookingid": 6844
    },
    {
        "bookingid": 457
    },
    {
        "bookingid": 1332
    },
    {
        "bookingid": 9166
    },
    {
        "bookingid": 8759
    },
    {
        "bookingid": 3319
    },
    {
        "bookingid": 4896
    },
    {
        "bookingid": 7537
    },
    {
        "bookingid": 131
    },
    {
        "bookingid": 2062
    },
    {
        "bookingid": 8722
    },
    {
        "bookingid": 4122
    },
    {
        "bookingid": 5147
    },
    {
        "bookingid": 4133
    },
    {
        "bookingid": 4183
    },
    {
        "bookingid": 182
    },
    {
        "bookingid": 765
    },
    {
        "bookingid": 4539
    },
    {
        "bookingid": 6968
    },
    {
        "bookingid": 5651
    },
    {
        "bookingid": 6445
    },
    {
        "bookingid": 3675
    },
    {
        "bookingid": 1632
    },
    {
        "bookingid": 5937
    },
    {
        "bookingid": 3651
    },
    {
        "bookingid": 6789
    },
    {
        "bookingid": 4322
    },
    {
        "bookingid": 5952
    },
    {
        "bookingid": 6884
    },
    {
        "bookingid": 9032
    },
    {
        "bookingid": 5040
    },
    {
        "bookingid": 1998
    },
    {
        "bookingid": 6573
    },
    {
        "bookingid": 3204
    },
    {
        "bookingid": 9262
    },
    {
        "bookingid": 9029
    },
    {
        "bookingid": 7159
    },
    {
        "bookingid": 1380
    },
    {
        "bookingid": 7416
    },
    {
        "bookingid": 6390
    },
    {
        "bookingid": 3878
    },
    {
        "bookingid": 3854
    },
    {
        "bookingid": 5888
    },
    {
        "bookingid": 8338
    },
    {
        "bookingid": 538
    },
    {
        "bookingid": 5806
    },
    {
        "bookingid": 3032
    },
    {
        "bookingid": 7270
    },
    {
        "bookingid": 541
    },
    {
        "bookingid": 7119
    },
    {
        "bookingid": 5148
    },
    {
        "bookingid": 1123
    },
    {
        "bookingid": 8999
    },
    {
        "bookingid": 3727
    },
    {
        "bookingid": 8785
    },
    {
        "bookingid": 4283
    },
    {
        "bookingid": 548
    },
    {
        "bookingid": 8811
    },
    {
        "bookingid": 5386
    },
    {
        "bookingid": 1119
    },
    {
        "bookingid": 6757
    },
    {
        "bookingid": 7440
    },
    {
        "bookingid": 6293
    },
    {
        "bookingid": 2334
    },
    {
        "bookingid": 5532
    },
    {
        "bookingid": 2870
    },
    {
        "bookingid": 4781
    },
    {
        "bookingid": 6344
    },
    {
        "bookingid": 5325
    },
    {
        "bookingid": 2565
    },
    {
        "bookingid": 9070
    },
    {
        "bookingid": 5155
    },
    {
        "bookingid": 7201
    },
    {
        "bookingid": 4856
    },
    {
        "bookingid": 5966
    },
    {
        "bookingid": 8525
    },
    {
        "bookingid": 2986
    },
    {
        "bookingid": 5202
    },
    {
        "bookingid": 4320
    },
    {
        "bookingid": 5206
    },
    {
        "bookingid": 4532
    },
    {
        "bookingid": 8505
    },
    {
        "bookingid": 2825
    },
    {
        "bookingid": 1281
    },
    {
        "bookingid": 7614
    },
    {
        "bookingid": 1468
    },
    {
        "bookingid": 8551
    },
    {
        "bookingid": 2686
    },
    {
        "bookingid": 1756
    },
    {
        "bookingid": 3191
    },
    {
        "bookingid": 2976
    },
    {
        "bookingid": 4563
    },
    {
        "bookingid": 8876
    },
    {
        "bookingid": 8794
    },
    {
        "bookingid": 4076
    },
    {
        "bookingid": 4818
    },
    {
        "bookingid": 6676
    },
    {
        "bookingid": 773
    },
    {
        "bookingid": 780
    },
    {
        "bookingid": 3823
    },
    {
        "bookingid": 2225
    },
    {
        "bookingid": 6491
    },
    {
        "bookingid": 8393
    },
    {
        "bookingid": 7329
    },
    {
        "bookingid": 5648
    },
    {
        "bookingid": 5061
    },
    {
        "bookingid": 1320
    },
    {
        "bookingid": 8586
    },
    {
        "bookingid": 3403
    },
    {
        "bookingid": 3616
    },
    {
        "bookingid": 5900
    },
    {
        "bookingid": 9013
    },
    {
        "bookingid": 2278
    },
    {
        "bookingid": 8978
    },
    {
        "bookingid": 5221
    },
    {
        "bookingid": 888
    },
    {
        "bookingid": 990
    },
    {
        "bookingid": 1076
    },
    {
        "bookingid": 8521
    },
    {
        "bookingid": 7710
    },
    {
        "bookingid": 1880
    },
    {
        "bookingid": 6917
    },
    {
        "bookingid": 1925
    },
    {
        "bookingid": 6212
    },
    {
        "bookingid": 104
    },
    {
        "bookingid": 6767
    },
    {
        "bookingid": 600
    },
    {
        "bookingid": 6561
    },
    {
        "bookingid": 6162
    },
    {
        "bookingid": 7990
    },
    {
        "bookingid": 8288
    },
    {
        "bookingid": 639
    },
    {
        "bookingid": 6208
    },
    {
        "bookingid": 6843
    },
    {
        "bookingid": 7962
    },
    {
        "bookingid": 1350
    },
    {
        "bookingid": 8595
    },
    {
        "bookingid": 6497
    },
    {
        "bookingid": 7735
    },
    {
        "bookingid": 476
    },
    {
        "bookingid": 5285
    },
    {
        "bookingid": 8715
    },
    {
        "bookingid": 3189
    },
    {
        "bookingid": 6544
    },
    {
        "bookingid": 1668
    },
    {
        "bookingid": 5488
    },
    {
        "bookingid": 2276
    },
    {
        "bookingid": 2465
    },
    {
        "bookingid": 4014
    },
    {
        "bookingid": 801
    },
    {
        "bookingid": 2267
    },
    {
        "bookingid": 3364
    },
    {
        "bookingid": 872
    },
    {
        "bookingid": 4280
    },
    {
        "bookingid": 571
    },
    {
        "bookingid": 2920
    },
    {
        "bookingid": 2631
    },
    {
        "bookingid": 3735
    },
    {
        "bookingid": 7173
    },
    {
        "bookingid": 799
    },
    {
        "bookingid": 8832
    },
    {
        "bookingid": 4317
    },
    {
        "bookingid": 2417
    },
    {
        "bookingid": 3124
    },
    {
        "bookingid": 646
    },
    {
        "bookingid": 2364
    },
    {
        "bookingid": 9253
    },
    {
        "bookingid": 9143
    },
    {
        "bookingid": 7211
    },
    {
        "bookingid": 3386
    },
    {
        "bookingid": 9172
    },
    {
        "bookingid": 8311
    },
    {
        "bookingid": 1976
    },
    {
        "bookingid": 7738
    },
    {
        "bookingid": 6720
    },
    {
        "bookingid": 3844
    },
    {
        "bookingid": 889
    },
    {
        "bookingid": 5778
    },
    {
        "bookingid": 6062
    },
    {
        "bookingid": 2199
    },
    {
        "bookingid": 6730
    },
    {
        "bookingid": 1631
    },
    {
        "bookingid": 3278
    },
    {
        "bookingid": 8917
    },
    {
        "bookingid": 2946
    },
    {
        "bookingid": 8134
    },
    {
        "bookingid": 2889
    },
    {
        "bookingid": 2352
    },
    {
        "bookingid": 8579
    },
    {
        "bookingid": 9319
    },
    {
        "bookingid": 5504
    },
    {
        "bookingid": 7840
    },
    {
        "bookingid": 6565
    },
    {
        "bookingid": 6328
    },
    {
        "bookingid": 4176
    },
    {
        "bookingid": 9063
    },
    {
        "bookingid": 17
    },
    {
        "bookingid": 1335
    },
    {
        "bookingid": 6935
    },
    {
        "bookingid": 8913
    },
    {
        "bookingid": 8683
    },
    {
        "bookingid": 3414
    },
    {
        "bookingid": 5874
    },
    {
        "bookingid": 123
    },
    {
        "bookingid": 8958
    },
    {
        "bookingid": 7283
    },
    {
        "bookingid": 6665
    },
    {
        "bookingid": 5643
    },
    {
        "bookingid": 5360
    },
    {
        "bookingid": 2171
    },
    {
        "bookingid": 6485
    },
    {
        "bookingid": 8681
    },
    {
        "bookingid": 6299
    },
    {
        "bookingid": 7123
    },
    {
        "bookingid": 5336
    },
    {
        "bookingid": 109
    },
    {
        "bookingid": 8221
    },
    {
        "bookingid": 2439
    },
    {
        "bookingid": 5792
    },
    {
        "bookingid": 3353
    },
    {
        "bookingid": 9130
    },
    {
        "bookingid": 3211
    },
    {
        "bookingid": 4414
    },
    {
        "bookingid": 6411
    },
    {
        "bookingid": 4136
    },
    {
        "bookingid": 8417
    },
    {
        "bookingid": 9301
    },
    {
        "bookingid": 4393
    },
    {
        "bookingid": 9150
    },
    {
        "bookingid": 2233
    },
    {
        "bookingid": 903
    },
    {
        "bookingid": 294
    },
    {
        "bookingid": 9115
    },
    {
        "bookingid": 4100
    },
    {
        "bookingid": 4787
    },
    {
        "bookingid": 5642
    },
    {
        "bookingid": 6089
    },
    {
        "bookingid": 6441
    },
    {
        "bookingid": 7583
    },
    {
        "bookingid": 7579
    },
    {
        "bookingid": 4914
    },
    {
        "bookingid": 6245
    },
    {
        "bookingid": 6647
    },
    {
        "bookingid": 4780
    },
    {
        "bookingid": 340
    },
    {
        "bookingid": 7664
    },
    {
        "bookingid": 4892
    },
    {
        "bookingid": 6729
    },
    {
        "bookingid": 3807
    },
    {
        "bookingid": 349
    },
    {
        "bookingid": 6302
    },
    {
        "bookingid": 5729
    },
    {
        "bookingid": 1691
    },
    {
        "bookingid": 68
    },
    {
        "bookingid": 8045
    },
    {
        "bookingid": 6864
    },
    {
        "bookingid": 2765
    },
    {
        "bookingid": 8839
    },
    {
        "bookingid": 1416
    },
    {
        "bookingid": 2645
    },
    {
        "bookingid": 4206
    },
    {
        "bookingid": 1511
    },
    {
        "bookingid": 8946
    },
    {
        "bookingid": 2294
    },
    {
        "bookingid": 902
    },
    {
        "bookingid": 3712
    },
    {
        "bookingid": 1625
    },
    {
        "bookingid": 3126
    },
    {
        "bookingid": 5321
    },
    {
        "bookingid": 2931
    },
    {
        "bookingid": 3091
    },
    {
        "bookingid": 3157
    },
    {
        "bookingid": 3596
    },
    {
        "bookingid": 8717
    },
    {
        "bookingid": 1283
    },
    {
        "bookingid": 61
    },
    {
        "bookingid": 3970
    },
    {
        "bookingid": 485
    },
    {
        "bookingid": 8635
    },
    {
        "bookingid": 4773
    },
    {
        "bookingid": 6109
    },
    {
        "bookingid": 8349
    },
    {
        "bookingid": 5405
    },
    {
        "bookingid": 5542
    },
    {
        "bookingid": 9048
    },
    {
        "bookingid": 5974
    },
    {
        "bookingid": 318
    },
    {
        "bookingid": 6895
    },
    {
        "bookingid": 8604
    },
    {
        "bookingid": 7006
    },
    {
        "bookingid": 1338
    },
    {
        "bookingid": 8803
    },
    {
        "bookingid": 7431
    },
    {
        "bookingid": 7669
    },
    {
        "bookingid": 4907
    },
    {
        "bookingid": 1585
    },
    {
        "bookingid": 334
    },
    {
        "bookingid": 2066
    },
    {
        "bookingid": 7515
    },
    {
        "bookingid": 4986
    },
    {
        "bookingid": 5401
    },
    {
        "bookingid": 3096
    },
    {
        "bookingid": 6238
    },
    {
        "bookingid": 6236
    },
    {
        "bookingid": 2530
    },
    {
        "bookingid": 5867
    },
    {
        "bookingid": 5984
    },
    {
        "bookingid": 8325
    },
    {
        "bookingid": 3813
    },
    {
        "bookingid": 7182
    },
    {
        "bookingid": 6872
    },
    {
        "bookingid": 2076
    },
    {
        "bookingid": 6669
    },
    {
        "bookingid": 4405
    },
    {
        "bookingid": 2020
    },
    {
        "bookingid": 6301
    },
    {
        "bookingid": 6828
    },
    {
        "bookingid": 2834
    },
    {
        "bookingid": 4523
    },
    {
        "bookingid": 8427
    },
    {
        "bookingid": 3171
    },
    {
        "bookingid": 2376
    },
    {
        "bookingid": 7034
    },
    {
        "bookingid": 4723
    },
    {
        "bookingid": 1370
    },
    {
        "bookingid": 3196
    },
    {
        "bookingid": 5385
    },
    {
        "bookingid": 5312
    },
    {
        "bookingid": 3365
    },
    {
        "bookingid": 594
    },
    {
        "bookingid": 3728
    },
    {
        "bookingid": 7825
    },
    {
        "bookingid": 1561
    },
    {
        "bookingid": 9062
    },
    {
        "bookingid": 774
    },
    {
        "bookingid": 5078
    },
    {
        "bookingid": 7163
    },
    {
        "bookingid": 171
    },
    {
        "bookingid": 6273
    },
    {
        "bookingid": 7301
    },
    {
        "bookingid": 2246
    },
    {
        "bookingid": 2980
    },
    {
        "bookingid": 4240
    },
    {
        "bookingid": 2726
    },
    {
        "bookingid": 6727
    },
    {
        "bookingid": 6919
    },
    {
        "bookingid": 3629
    },
    {
        "bookingid": 3053
    },
    {
        "bookingid": 933
    },
    {
        "bookingid": 4936
    },
    {
        "bookingid": 4139
    },
    {
        "bookingid": 5475
    },
    {
        "bookingid": 2030
    },
    {
        "bookingid": 1124
    },
    {
        "bookingid": 1259
    },
    {
        "bookingid": 217
    },
    {
        "bookingid": 2357
    },
    {
        "bookingid": 4644
    },
    {
        "bookingid": 39
    },
    {
        "bookingid": 1596
    },
    {
        "bookingid": 940
    },
    {
        "bookingid": 5628
    },
    {
        "bookingid": 2194
    },
    {
        "bookingid": 8466
    },
    {
        "bookingid": 6965
    },
    {
        "bookingid": 7268
    },
    {
        "bookingid": 8613
    },
    {
        "bookingid": 9178
    },
    {
        "bookingid": 2136
    },
    {
        "bookingid": 5235
    },
    {
        "bookingid": 1086
    },
    {
        "bookingid": 6829
    },
    {
        "bookingid": 7068
    },
    {
        "bookingid": 7582
    },
    {
        "bookingid": 1870
    },
    {
        "bookingid": 6437
    },
    {
        "bookingid": 421
    },
    {
        "bookingid": 4906
    },
    {
        "bookingid": 1959
    },
    {
        "bookingid": 5735
    },
    {
        "bookingid": 107
    },
    {
        "bookingid": 2662
    },
    {
        "bookingid": 8729
    },
    {
        "bookingid": 9236
    },
    {
        "bookingid": 151
    },
    {
        "bookingid": 1646
    },
    {
        "bookingid": 8176
    },
    {
        "bookingid": 5546
    },
    {
        "bookingid": 7193
    },
    {
        "bookingid": 8834
    },
    {
        "bookingid": 4221
    },
    {
        "bookingid": 5841
    },
    {
        "bookingid": 2998
    },
    {
        "bookingid": 8011
    },
    {
        "bookingid": 6657
    },
    {
        "bookingid": 7272
    },
    {
        "bookingid": 1700
    },
    {
        "bookingid": 7485
    },
    {
        "bookingid": 5292
    },
    {
        "bookingid": 3176
    },
    {
        "bookingid": 1337
    },
    {
        "bookingid": 9179
    },
    {
        "bookingid": 272
    },
    {
        "bookingid": 247
    },
    {
        "bookingid": 7016
    },
    {
        "bookingid": 6980
    },
    {
        "bookingid": 6046
    },
    {
        "bookingid": 3002
    },
    {
        "bookingid": 775
    },
    {
        "bookingid": 3282
    },
    {
        "bookingid": 4123
    },
    {
        "bookingid": 8374
    },
    {
        "bookingid": 879
    },
    {
        "bookingid": 2842
    },
    {
        "bookingid": 9288
    },
    {
        "bookingid": 4377
    },
    {
        "bookingid": 8319
    },
    {
        "bookingid": 8186
    },
    {
        "bookingid": 7087
    },
    {
        "bookingid": 7586
    },
    {
        "bookingid": 8513
    },
    {
        "bookingid": 7192
    },
    {
        "bookingid": 4135
    },
    {
        "bookingid": 8050
    },
    {
        "bookingid": 7995
    },
    {
        "bookingid": 3514
    },
    {
        "bookingid": 4940
    },
    {
        "bookingid": 209
    },
    {
        "bookingid": 5922
    },
    {
        "bookingid": 3225
    },
    {
        "bookingid": 8896
    },
    {
        "bookingid": 4771
    },
    {
        "bookingid": 8696
    },
    {
        "bookingid": 1346
    },
    {
        "bookingid": 1885
    },
    {
        "bookingid": 6619
    },
    {
        "bookingid": 7210
    },
    {
        "bookingid": 4485
    },
    {
        "bookingid": 6695
    },
    {
        "bookingid": 6811
    },
    {
        "bookingid": 2045
    },
    {
        "bookingid": 3782
    },
    {
        "bookingid": 8819
    },
    {
        "bookingid": 8858
    },
    {
        "bookingid": 4556
    },
    {
        "bookingid": 6803
    },
    {
        "bookingid": 6740
    },
    {
        "bookingid": 7555
    },
    {
        "bookingid": 8019
    },
    {
        "bookingid": 4793
    },
    {
        "bookingid": 3845
    },
    {
        "bookingid": 8655
    },
    {
        "bookingid": 9254
    },
    {
        "bookingid": 3901
    },
    {
        "bookingid": 4798
    },
    {
        "bookingid": 5712
    },
    {
        "bookingid": 1823
    },
    {
        "bookingid": 7999
    },
    {
        "bookingid": 369
    },
    {
        "bookingid": 4569
    },
    {
        "bookingid": 1068
    },
    {
        "bookingid": 2991
    },
    {
        "bookingid": 4517
    },
    {
        "bookingid": 2894
    },
    {
        "bookingid": 4533
    },
    {
        "bookingid": 4946
    },
    {
        "bookingid": 2193
    },
    {
        "bookingid": 3580
    },
    {
        "bookingid": 7590
    },
    {
        "bookingid": 8786
    },
    {
        "bookingid": 480
    },
    {
        "bookingid": 5517
    },
    {
        "bookingid": 2936
    },
    {
        "bookingid": 6607
    },
    {
        "bookingid": 7864
    },
    {
        "bookingid": 8880
    },
    {
        "bookingid": 4767
    },
    {
        "bookingid": 2830
    },
    {
        "bookingid": 4174
    },
    {
        "bookingid": 7396
    },
    {
        "bookingid": 7330
    },
    {
        "bookingid": 6078
    },
    {
        "bookingid": 2557
    },
    {
        "bookingid": 3595
    },
    {
        "bookingid": 6570
    },
    {
        "bookingid": 8654
    },
    {
        "bookingid": 4916
    },
    {
        "bookingid": 8574
    },
    {
        "bookingid": 2692
    },
    {
        "bookingid": 7843
    },
    {
        "bookingid": 806
    },
    {
        "bookingid": 5058
    },
    {
        "bookingid": 3084
    },
    {
        "bookingid": 8575
    },
    {
        "bookingid": 3523
    },
    {
        "bookingid": 6388
    },
    {
        "bookingid": 3809
    },
    {
        "bookingid": 8324
    },
    {
        "bookingid": 38
    },
    {
        "bookingid": 9270
    },
    {
        "bookingid": 4351
    },
    {
        "bookingid": 6543
    },
    {
        "bookingid": 5416
    },
    {
        "bookingid": 2890
    },
    {
        "bookingid": 4085
    },
    {
        "bookingid": 1685
    },
    {
        "bookingid": 5679
    },
    {
        "bookingid": 1940
    },
    {
        "bookingid": 6763
    },
    {
        "bookingid": 5217
    },
    {
        "bookingid": 6837
    },
    {
        "bookingid": 8491
    },
    {
        "bookingid": 9171
    },
    {
        "bookingid": 2797
    },
    {
        "bookingid": 6736
    },
    {
        "bookingid": 166
    },
    {
        "bookingid": 359
    },
    {
        "bookingid": 9077
    },
    {
        "bookingid": 4282
    },
    {
        "bookingid": 5365
    },
    {
        "bookingid": 3071
    },
    {
        "bookingid": 5862
    },
    {
        "bookingid": 9294
    },
    {
        "bookingid": 8244
    },
    {
        "bookingid": 4662
    },
    {
        "bookingid": 2466
    },
    {
        "bookingid": 5473
    },
    {
        "bookingid": 1398
    },
    {
        "bookingid": 3860
    },
    {
        "bookingid": 7850
    },
    {
        "bookingid": 1057
    },
    {
        "bookingid": 6962
    },
    {
        "bookingid": 4286
    },
    {
        "bookingid": 8479
    },
    {
        "bookingid": 1379
    },
    {
        "bookingid": 6916
    },
    {
        "bookingid": 7348
    },
    {
        "bookingid": 377
    },
    {
        "bookingid": 5777
    },
    {
        "bookingid": 5996
    },
    {
        "bookingid": 2841
    },
    {
        "bookingid": 7708
    },
    {
        "bookingid": 6973
    },
    {
        "bookingid": 649
    },
    {
        "bookingid": 1434
    },
    {
        "bookingid": 3635
    },
    {
        "bookingid": 7793
    },
    {
        "bookingid": 8135
    },
    {
        "bookingid": 110
    },
    {
        "bookingid": 1832
    },
    {
        "bookingid": 7110
    },
    {
        "bookingid": 2148
    },
    {
        "bookingid": 5544
    },
    {
        "bookingid": 2977
    },
    {
        "bookingid": 8066
    },
    {
        "bookingid": 3515
    },
    {
        "bookingid": 7853
    },
    {
        "bookingid": 1570
    },
    {
        "bookingid": 3856
    },
    {
        "bookingid": 8230
    },
    {
        "bookingid": 867
    },
    {
        "bookingid": 7080
    },
    {
        "bookingid": 3037
    },
    {
        "bookingid": 7527
    },
    {
        "bookingid": 7152
    },
    {
        "bookingid": 8184
    },
    {
        "bookingid": 8632
    },
    {
        "bookingid": 6440
    },
    {
        "bookingid": 276
    },
    {
        "bookingid": 4803
    },
    {
        "bookingid": 7534
    },
    {
        "bookingid": 1938
    },
    {
        "bookingid": 5126
    },
    {
        "bookingid": 5442
    },
    {
        "bookingid": 1035
    },
    {
        "bookingid": 3144
    },
    {
        "bookingid": 757
    },
    {
        "bookingid": 4011
    },
    {
        "bookingid": 8852
    },
    {
        "bookingid": 2150
    },
    {
        "bookingid": 4260
    },
    {
        "bookingid": 643
    },
    {
        "bookingid": 3438
    },
    {
        "bookingid": 839
    },
    {
        "bookingid": 3766
    },
    {
        "bookingid": 5850
    },
    {
        "bookingid": 6823
    },
    {
        "bookingid": 6881
    },
    {
        "bookingid": 524
    },
    {
        "bookingid": 8315
    },
    {
        "bookingid": 985
    },
    {
        "bookingid": 4342
    },
    {
        "bookingid": 6102
    },
    {
        "bookingid": 805
    },
    {
        "bookingid": 6600
    },
    {
        "bookingid": 2745
    },
    {
        "bookingid": 3622
    },
    {
        "bookingid": 1382
    },
    {
        "bookingid": 3409
    },
    {
        "bookingid": 449
    },
    {
        "bookingid": 6606
    },
    {
        "bookingid": 7111
    },
    {
        "bookingid": 1598
    },
    {
        "bookingid": 5861
    },
    {
        "bookingid": 8082
    },
    {
        "bookingid": 5184
    },
    {
        "bookingid": 6168
    },
    {
        "bookingid": 1207
    },
    {
        "bookingid": 8749
    },
    {
        "bookingid": 326
    },
    {
        "bookingid": 319
    },
    {
        "bookingid": 9153
    },
    {
        "bookingid": 6218
    },
    {
        "bookingid": 8366
    },
    {
        "bookingid": 8462
    },
    {
        "bookingid": 1136
    },
    {
        "bookingid": 3040
    },
    {
        "bookingid": 432
    },
    {
        "bookingid": 7439
    },
    {
        "bookingid": 4120
    },
    {
        "bookingid": 4148
    },
    {
        "bookingid": 307
    },
    {
        "bookingid": 8105
    },
    {
        "bookingid": 1151
    },
    {
        "bookingid": 684
    },
    {
        "bookingid": 4340
    },
    {
        "bookingid": 3600
    },
    {
        "bookingid": 255
    },
    {
        "bookingid": 8339
    },
    {
        "bookingid": 6707
    },
    {
        "bookingid": 2211
    },
    {
        "bookingid": 26
    },
    {
        "bookingid": 1301
    },
    {
        "bookingid": 1851
    },
    {
        "bookingid": 8436
    },
    {
        "bookingid": 1988
    },
    {
        "bookingid": 7224
    },
    {
        "bookingid": 8672
    },
    {
        "bookingid": 2871
    },
    {
        "bookingid": 129
    },
    {
        "bookingid": 6654
    },
    {
        "bookingid": 8253
    },
    {
        "bookingid": 2706
    },
    {
        "bookingid": 3220
    },
    {
        "bookingid": 2324
    },
    {
        "bookingid": 7150
    },
    {
        "bookingid": 3013
    },
    {
        "bookingid": 403
    },
    {
        "bookingid": 4869
    },
    {
        "bookingid": 5025
    },
    {
        "bookingid": 726
    },
    {
        "bookingid": 6358
    },
    {
        "bookingid": 5496
    },
    {
        "bookingid": 3990
    },
    {
        "bookingid": 6684
    },
    {
        "bookingid": 7212
    },
    {
        "bookingid": 610
    },
    {
        "bookingid": 6460
    },
    {
        "bookingid": 9291
    },
    {
        "bookingid": 6031
    },
    {
        "bookingid": 2887
    },
    {
        "bookingid": 1914
    },
    {
        "bookingid": 3788
    },
    {
        "bookingid": 4252
    },
    {
        "bookingid": 8232
    },
    {
        "bookingid": 793
    },
    {
        "bookingid": 2849
    },
    {
        "bookingid": 2811
    },
    {
        "bookingid": 9243
    },
    {
        "bookingid": 473
    },
    {
        "bookingid": 152
    },
    {
        "bookingid": 5128
    },
    {
        "bookingid": 5228
    },
    {
        "bookingid": 6213
    },
    {
        "bookingid": 2913
    },
    {
        "bookingid": 3582
    },
    {
        "bookingid": 5644
    },
    {
        "bookingid": 7394
    },
    {
        "bookingid": 2552
    },
    {
        "bookingid": 1211
    },
    {
        "bookingid": 8036
    },
    {
        "bookingid": 755
    },
    {
        "bookingid": 2140
    },
    {
        "bookingid": 4835
    },
    {
        "bookingid": 7309
    },
    {
        "bookingid": 2331
    },
    {
        "bookingid": 384
    },
    {
        "bookingid": 25
    },
    {
        "bookingid": 9061
    },
    {
        "bookingid": 469
    },
    {
        "bookingid": 2738
    },
    {
        "bookingid": 7425
    },
    {
        "bookingid": 8402
    },
    {
        "bookingid": 2862
    },
    {
        "bookingid": 8600
    },
    {
        "bookingid": 5124
    },
    {
        "bookingid": 8518
    },
    {
        "bookingid": 2548
    },
    {
        "bookingid": 4438
    },
    {
        "bookingid": 2582
    },
    {
        "bookingid": 1041
    },
    {
        "bookingid": 3297
    },
    {
        "bookingid": 1316
    },
    {
        "bookingid": 6984
    },
    {
        "bookingid": 4536
    },
    {
        "bookingid": 7782
    },
    {
        "bookingid": 4
    },
    {
        "bookingid": 6026
    },
    {
        "bookingid": 389
    },
    {
        "bookingid": 916
    },
    {
        "bookingid": 4145
    },
    {
        "bookingid": 7505
    },
    {
        "bookingid": 3238
    },
    {
        "bookingid": 5070
    },
    {
        "bookingid": 2252
    },
    {
        "bookingid": 1237
    },
    {
        "bookingid": 6773
    },
    {
        "bookingid": 179
    },
    {
        "bookingid": 7171
    },
    {
        "bookingid": 7279
    },
    {
        "bookingid": 7281
    },
    {
        "bookingid": 6353
    },
    {
        "bookingid": 4952
    },
    {
        "bookingid": 8180
    },
    {
        "bookingid": 6048
    },
    {
        "bookingid": 52
    },
    {
        "bookingid": 866
    },
    {
        "bookingid": 7444
    },
    {
        "bookingid": 7386
    },
    {
        "bookingid": 1644
    },
    {
        "bookingid": 7919
    },
    {
        "bookingid": 569
    },
    {
        "bookingid": 1120
    },
    {
        "bookingid": 4415
    },
    {
        "bookingid": 5699
    },
    {
        "bookingid": 2234
    },
    {
        "bookingid": 6
    },
    {
        "bookingid": 4026
    },
    {
        "bookingid": 8904
    },
    {
        "bookingid": 1478
    },
    {
        "bookingid": 7112
    },
    {
        "bookingid": 7991
    },
    {
        "bookingid": 1438
    },
    {
        "bookingid": 7731
    },
    {
        "bookingid": 3399
    },
    {
        "bookingid": 7088
    },
    {
        "bookingid": 2621
    },
    {
        "bookingid": 1548
    },
    {
        "bookingid": 8450
    },
    {
        "bookingid": 2077
    },
    {
        "bookingid": 8669
    },
    {
        "bookingid": 8703
    },
    {
        "bookingid": 5042
    },
    {
        "bookingid": 2495
    },
    {
        "bookingid": 6110
    },
    {
        "bookingid": 608
    },
    {
        "bookingid": 720
    },
    {
        "bookingid": 2521
    },
    {
        "bookingid": 1907
    },
    {
        "bookingid": 350
    },
    {
        "bookingid": 4992
    },
    {
        "bookingid": 4334
    },
    {
        "bookingid": 5516
    },
    {
        "bookingid": 3506
    },
    {
        "bookingid": 8303
    },
    {
        "bookingid": 3456
    },
    {
        "bookingid": 5917
    },
    {
        "bookingid": 6142
    },
    {
        "bookingid": 1910
    },
    {
        "bookingid": 7601
    },
    {
        "bookingid": 4338
    },
    {
        "bookingid": 5477
    },
    {
        "bookingid": 6930
    },
    {
        "bookingid": 8241
    },
    {
        "bookingid": 5015
    },
    {
        "bookingid": 6948
    },
    {
        "bookingid": 4363
    },
    {
        "bookingid": 6307
    },
    {
        "bookingid": 9227
    },
    {
        "bookingid": 383
    },
    {
        "bookingid": 4467
    },
    {
        "bookingid": 8073
    },
    {
        "bookingid": 8912
    },
    {
        "bookingid": 1155
    },
    {
        "bookingid": 1396
    },
    {
        "bookingid": 1482
    },
    {
        "bookingid": 6719
    },
    {
        "bookingid": 7167
    },
    {
        "bookingid": 7468
    },
    {
        "bookingid": 6368
    },
    {
        "bookingid": 1864
    },
    {
        "bookingid": 549
    },
    {
        "bookingid": 4758
    },
    {
        "bookingid": 3336
    },
    {
        "bookingid": 3250
    },
    {
        "bookingid": 5965
    },
    {
        "bookingid": 7474
    },
    {
        "bookingid": 4184
    },
    {
        "bookingid": 3730
    },
    {
        "bookingid": 739
    },
    {
        "bookingid": 819
    },
    {
        "bookingid": 7218
    },
    {
        "bookingid": 7244
    },
    {
        "bookingid": 9142
    },
    {
        "bookingid": 2628
    },
    {
        "bookingid": 5498
    },
    {
        "bookingid": 7352
    },
    {
        "bookingid": 5866
    },
    {
        "bookingid": 5512
    },
    {
        "bookingid": 878
    },
    {
        "bookingid": 5994
    },
    {
        "bookingid": 1238
    },
    {
        "bookingid": 4426
    },
    {
        "bookingid": 8993
    },
    {
        "bookingid": 5865
    },
    {
        "bookingid": 4251
    },
    {
        "bookingid": 4788
    },
    {
        "bookingid": 589
    },
    {
        "bookingid": 3796
    },
    {
        "bookingid": 698
    },
    {
        "bookingid": 8140
    },
    {
        "bookingid": 5145
    },
    {
        "bookingid": 1796
    },
    {
        "bookingid": 8734
    },
    {
        "bookingid": 2156
    },
    {
        "bookingid": 7602
    },
    {
        "bookingid": 6886
    },
    {
        "bookingid": 3824
    },
    {
        "bookingid": 2828
    },
    {
        "bookingid": 901
    },
    {
        "bookingid": 214
    },
    {
        "bookingid": 6449
    },
    {
        "bookingid": 930
    },
    {
        "bookingid": 4387
    },
    {
        "bookingid": 358
    },
    {
        "bookingid": 8387
    },
    {
        "bookingid": 4696
    },
    {
        "bookingid": 4290
    },
    {
        "bookingid": 5167
    },
    {
        "bookingid": 7204
    },
    {
        "bookingid": 3478
    },
    {
        "bookingid": 8401
    },
    {
        "bookingid": 8037
    },
    {
        "bookingid": 3097
    },
    {
        "bookingid": 763
    },
    {
        "bookingid": 2281
    },
    {
        "bookingid": 103
    },
    {
        "bookingid": 8055
    },
    {
        "bookingid": 9252
    },
    {
        "bookingid": 1386
    },
    {
        "bookingid": 5990
    },
    {
        "bookingid": 4455
    },
    {
        "bookingid": 5624
    },
    {
        "bookingid": 6689
    },
    {
        "bookingid": 142
    },
    {
        "bookingid": 3733
    },
    {
        "bookingid": 3562
    },
    {
        "bookingid": 2695
    },
    {
        "bookingid": 8718
    },
    {
        "bookingid": 374
    },
    {
        "bookingid": 8146
    },
    {
        "bookingid": 3726
    },
    {
        "bookingid": 8807
    },
    {
        "bookingid": 453
    },
    {
        "bookingid": 2216
    },
    {
        "bookingid": 8728
    },
    {
        "bookingid": 6847
    },
    {
        "bookingid": 496
    },
    {
        "bookingid": 3708
    },
    {
        "bookingid": 9296
    },
    {
        "bookingid": 4984
    },
    {
        "bookingid": 8680
    },
    {
        "bookingid": 4654
    },
    {
        "bookingid": 8970
    },
    {
        "bookingid": 3321
    },
    {
        "bookingid": 8991
    },
    {
        "bookingid": 270
    },
    {
        "bookingid": 5289
    },
    {
        "bookingid": 4949
    },
    {
        "bookingid": 4247
    },
    {
        "bookingid": 5425
    },
    {
        "bookingid": 9084
    },
    {
        "bookingid": 5470
    },
    {
        "bookingid": 5326
    },
    {
        "bookingid": 1182
    },
    {
        "bookingid": 7997
    },
    {
        "bookingid": 5797
    },
    {
        "bookingid": 2827
    },
    {
        "bookingid": 2531
    },
    {
        "bookingid": 6180
    },
    {
        "bookingid": 4769
    },
    {
        "bookingid": 6451
    },
    {
        "bookingid": 4267
    },
    {
        "bookingid": 4407
    },
    {
        "bookingid": 6585
    },
    {
        "bookingid": 5287
    },
    {
        "bookingid": 6981
    },
    {
        "bookingid": 6257
    },
    {
        "bookingid": 1295
    },
    {
        "bookingid": 3739
    },
    {
        "bookingid": 3261
    },
    {
        "bookingid": 8536
    },
    {
        "bookingid": 7736
    },
    {
        "bookingid": 409
    },
    {
        "bookingid": 2723
    },
    {
        "bookingid": 5923
    },
    {
        "bookingid": 6241
    },
    {
        "bookingid": 1580
    },
    {
        "bookingid": 5381
    },
    {
        "bookingid": 3929
    },
    {
        "bookingid": 566
    },
    {
        "bookingid": 3664
    },
    {
        "bookingid": 3194
    },
    {
        "bookingid": 5468
    },
    {
        "bookingid": 3017
    },
    {
        "bookingid": 3142
    },
    {
        "bookingid": 8133
    },
    {
        "bookingid": 251
    },
    {
        "bookingid": 2703
    },
    {
        "bookingid": 8973
    },
    {
        "bookingid": 287
    },
    {
        "bookingid": 8627
    },
    {
        "bookingid": 1752
    },
    {
        "bookingid": 2684
    },
    {
        "bookingid": 4874
    },
    {
        "bookingid": 1551
    },
    {
        "bookingid": 3339
    },
    {
        "bookingid": 4507
    },
    {
        "bookingid": 7868
    },
    {
        "bookingid": 3207
    },
    {
        "bookingid": 301
    },
    {
        "bookingid": 2003
    },
    {
        "bookingid": 6910
    },
    {
        "bookingid": 344
    },
    {
        "bookingid": 8935
    },
    {
        "bookingid": 3563
    },
    {
        "bookingid": 7636
    },
    {
        "bookingid": 5239
    },
    {
        "bookingid": 6038
    },
    {
        "bookingid": 3077
    },
    {
        "bookingid": 7153
    },
    {
        "bookingid": 2956
    },
    {
        "bookingid": 1153
    },
    {
        "bookingid": 5826
    },
    {
        "bookingid": 4680
    },
    {
        "bookingid": 2794
    },
    {
        "bookingid": 1167
    },
    {
        "bookingid": 677
    },
    {
        "bookingid": 3214
    },
    {
        "bookingid": 5536
    },
    {
        "bookingid": 2346
    },
    {
        "bookingid": 4851
    },
    {
        "bookingid": 3410
    },
    {
        "bookingid": 7696
    },
    {
        "bookingid": 7788
    },
    {
        "bookingid": 6294
    },
    {
        "bookingid": 2365
    },
    {
        "bookingid": 4496
    },
    {
        "bookingid": 1973
    },
    {
        "bookingid": 136
    },
    {
        "bookingid": 842
    },
    {
        "bookingid": 9322
    },
    {
        "bookingid": 7300
    },
    {
        "bookingid": 2126
    },
    {
        "bookingid": 2953
    },
    {
        "bookingid": 6475
    },
    {
        "bookingid": 6558
    },
    {
        "bookingid": 275
    },
    {
        "bookingid": 4911
    },
    {
        "bookingid": 7656
    },
    {
        "bookingid": 1049
    },
    {
        "bookingid": 1960
    },
    {
        "bookingid": 7905
    },
    {
        "bookingid": 1485
    },
    {
        "bookingid": 2189
    },
    {
        "bookingid": 3069
    },
    {
        "bookingid": 6275
    },
    {
        "bookingid": 4158
    },
    {
        "bookingid": 215
    },
    {
        "bookingid": 5201
    },
    {
        "bookingid": 1011
    },
    {
        "bookingid": 9033
    },
    {
        "bookingid": 3956
    },
    {
        "bookingid": 3547
    },
    {
        "bookingid": 1750
    },
    {
        "bookingid": 153
    },
    {
        "bookingid": 3942
    },
    {
        "bookingid": 7436
    },
    {
        "bookingid": 3310
    },
    {
        "bookingid": 7887
    },
    {
        "bookingid": 4738
    },
    {
        "bookingid": 6289
    },
    {
        "bookingid": 5879
    },
    {
        "bookingid": 5055
    },
    {
        "bookingid": 9157
    },
    {
        "bookingid": 2523
    },
    {
        "bookingid": 3218
    },
    {
        "bookingid": 7197
    },
    {
        "bookingid": 6477
    },
    {
        "bookingid": 5660
    },
    {
        "bookingid": 4448
    },
    {
        "bookingid": 3499
    },
    {
        "bookingid": 7888
    },
    {
        "bookingid": 5009
    },
    {
        "bookingid": 3422
    },
    {
        "bookingid": 6652
    },
    {
        "bookingid": 363
    },
    {
        "bookingid": 3718
    },
    {
        "bookingid": 45
    },
    {
        "bookingid": 4065
    },
    {
        "bookingid": 4840
    },
    {
        "bookingid": 3940
    },
    {
        "bookingid": 9274
    },
    {
        "bookingid": 8947
    },
    {
        "bookingid": 7265
    },
    {
        "bookingid": 7184
    },
    {
        "bookingid": 407
    },
    {
        "bookingid": 8160
    },
    {
        "bookingid": 6501
    },
    {
        "bookingid": 4275
    },
    {
        "bookingid": 3969
    },
    {
        "bookingid": 2093
    },
    {
        "bookingid": 6479
    },
    {
        "bookingid": 2558
    },
    {
        "bookingid": 2231
    },
    {
        "bookingid": 7496
    },
    {
        "bookingid": 7649
    },
    {
        "bookingid": 7137
    },
    {
        "bookingid": 5873
    },
    {
        "bookingid": 7062
    },
    {
        "bookingid": 6946
    },
    {
        "bookingid": 4109
    },
    {
        "bookingid": 3281
    },
    {
        "bookingid": 708
    },
    {
        "bookingid": 830
    },
    {
        "bookingid": 5119
    },
    {
        "bookingid": 7975
    },
    {
        "bookingid": 6376
    },
    {
        "bookingid": 4791
    },
    {
        "bookingid": 8127
    },
    {
        "bookingid": 2511
    },
    {
        "bookingid": 6502
    },
    {
        "bookingid": 1996
    },
    {
        "bookingid": 5668
    },
    {
        "bookingid": 4170
    },
    {
        "bookingid": 6124
    },
    {
        "bookingid": 7287
    },
    {
        "bookingid": 5605
    },
    {
        "bookingid": 7562
    },
    {
        "bookingid": 258
    },
    {
        "bookingid": 4678
    },
    {
        "bookingid": 1848
    },
    {
        "bookingid": 8350
    },
    {
        "bookingid": 6778
    },
    {
        "bookingid": 4753
    },
    {
        "bookingid": 5340
    },
    {
        "bookingid": 9116
    },
    {
        "bookingid": 558
    },
    {
        "bookingid": 4423
    },
    {
        "bookingid": 4460
    },
    {
        "bookingid": 2094
    },
    {
        "bookingid": 2014
    },
    {
        "bookingid": 4693
    },
    {
        "bookingid": 62
    },
    {
        "bookingid": 3255
    },
    {
        "bookingid": 9289
    },
    {
        "bookingid": 6269
    },
    {
        "bookingid": 4160
    },
    {
        "bookingid": 1096
    },
    {
        "bookingid": 3659
    },
    {
        "bookingid": 7100
    },
    {
        "bookingid": 5675
    },
    {
        "bookingid": 6242
    },
    {
        "bookingid": 7001
    },
    {
        "bookingid": 5897
    },
    {
        "bookingid": 8089
    },
    {
        "bookingid": 1875
    },
    {
        "bookingid": 1004
    },
    {
        "bookingid": 6232
    },
    {
        "bookingid": 169
    },
    {
        "bookingid": 3931
    },
    {
        "bookingid": 6513
    },
    {
        "bookingid": 7682
    },
    {
        "bookingid": 2985
    },
    {
        "bookingid": 8507
    },
    {
        "bookingid": 7299
    },
    {
        "bookingid": 4922
    },
    {
        "bookingid": 8571
    },
    {
        "bookingid": 1185
    },
    {
        "bookingid": 7381
    },
    {
        "bookingid": 1845
    },
    {
        "bookingid": 4372
    },
    {
        "bookingid": 3583
    },
    {
        "bookingid": 5817
    },
    {
        "bookingid": 1862
    },
    {
        "bookingid": 6556
    },
    {
        "bookingid": 6396
    },
    {
        "bookingid": 6737
    },
    {
        "bookingid": 6356
    },
    {
        "bookingid": 1198
    },
    {
        "bookingid": 5410
    },
    {
        "bookingid": 5991
    },
    {
        "bookingid": 4824
    },
    {
        "bookingid": 5123
    },
    {
        "bookingid": 368
    },
    {
        "bookingid": 101
    },
    {
        "bookingid": 8002
    },
    {
        "bookingid": 5649
    },
    {
        "bookingid": 8628
    },
    {
        "bookingid": 3778
    },
    {
        "bookingid": 4955
    },
    {
        "bookingid": 8857
    },
    {
        "bookingid": 3382
    },
    {
        "bookingid": 6220
    },
    {
        "bookingid": 766
    },
    {
        "bookingid": 2483
    },
    {
        "bookingid": 2390
    },
    {
        "bookingid": 27
    },
    {
        "bookingid": 5690
    },
    {
        "bookingid": 4807
    },
    {
        "bookingid": 8189
    },
    {
        "bookingid": 6822
    },
    {
        "bookingid": 4040
    },
    {
        "bookingid": 3325
    },
    {
        "bookingid": 8948
    },
    {
        "bookingid": 8459
    },
    {
        "bookingid": 7221
    },
    {
        "bookingid": 5139
    },
    {
        "bookingid": 7491
    },
    {
        "bookingid": 94
    },
    {
        "bookingid": 4502
    },
    {
        "bookingid": 1490
    },
    {
        "bookingid": 8272
    },
    {
        "bookingid": 632
    },
    {
        "bookingid": 6130
    },
    {
        "bookingid": 5069
    },
    {
        "bookingid": 6999
    },
    {
        "bookingid": 3098
    },
    {
        "bookingid": 320
    },
    {
        "bookingid": 4378
    },
    {
        "bookingid": 1432
    },
    {
        "bookingid": 4161
    },
    {
        "bookingid": 5299
    },
    {
        "bookingid": 5141
    },
    {
        "bookingid": 8397
    },
    {
        "bookingid": 8629
    },
    {
        "bookingid": 4729
    },
    {
        "bookingid": 5304
    },
    {
        "bookingid": 8032
    },
    {
        "bookingid": 3260
    },
    {
        "bookingid": 5563
    },
    {
        "bookingid": 4666
    },
    {
        "bookingid": 7401
    },
    {
        "bookingid": 87
    },
    {
        "bookingid": 47
    },
    {
        "bookingid": 2202
    },
    {
        "bookingid": 5439
    },
    {
        "bookingid": 9220
    },
    {
        "bookingid": 3938
    },
    {
        "bookingid": 6970
    },
    {
        "bookingid": 2378
    },
    {
        "bookingid": 1109
    },
    {
        "bookingid": 6248
    },
    {
        "bookingid": 2141
    },
    {
        "bookingid": 1315
    },
    {
        "bookingid": 3996
    },
    {
        "bookingid": 1322
    },
    {
        "bookingid": 1042
    },
    {
        "bookingid": 7911
    },
    {
        "bookingid": 140
    },
    {
        "bookingid": 240
    },
    {
        "bookingid": 7807
    },
    {
        "bookingid": 5112
    },
    {
        "bookingid": 5461
    },
    {
        "bookingid": 7239
    },
    {
        "bookingid": 3988
    },
    {
        "bookingid": 4859
    },
    {
        "bookingid": 8085
    },
    {
        "bookingid": 5207
    },
    {
        "bookingid": 4962
    },
    {
        "bookingid": 2747
    },
    {
        "bookingid": 3133
    },
    {
        "bookingid": 4616
    },
    {
        "bookingid": 4540
    },
    {
        "bookingid": 2876
    },
    {
        "bookingid": 5003
    },
    {
        "bookingid": 7027
    },
    {
        "bookingid": 1232
    },
    {
        "bookingid": 8087
    },
    {
        "bookingid": 5493
    },
    {
        "bookingid": 6639
    },
    {
        "bookingid": 6836
    },
    {
        "bookingid": 4354
    },
    {
        "bookingid": 9206
    },
    {
        "bookingid": 3693
    },
    {
        "bookingid": 6890
    },
    {
        "bookingid": 1721
    },
    {
        "bookingid": 6629
    },
    {
        "bookingid": 7930
    },
    {
        "bookingid": 8094
    },
    {
        "bookingid": 312
    },
    {
        "bookingid": 2224
    },
    {
        "bookingid": 4899
    },
    {
        "bookingid": 6641
    },
    {
        "bookingid": 8430
    },
    {
        "bookingid": 4458
    },
    {
        "bookingid": 1667
    },
    {
        "bookingid": 5454
    },
    {
        "bookingid": 1388
    },
    {
        "bookingid": 6595
    },
    {
        "bookingid": 3525
    },
    {
        "bookingid": 155
    },
    {
        "bookingid": 5561
    },
    {
        "bookingid": 2350
    },
    {
        "bookingid": 9030
    },
    {
        "bookingid": 8584
    },
    {
        "bookingid": 3271
    },
    {
        "bookingid": 6374
    },
    {
        "bookingid": 2329
    },
    {
        "bookingid": 2303
    },
    {
        "bookingid": 2394
    },
    {
        "bookingid": 6874
    },
    {
        "bookingid": 2574
    },
    {
        "bookingid": 8580
    },
    {
        "bookingid": 60
    },
    {
        "bookingid": 9310
    },
    {
        "bookingid": 6627
    },
    {
        "bookingid": 4790
    },
    {
        "bookingid": 5214
    },
    {
        "bookingid": 391
    },
    {
        "bookingid": 2205
    },
    {
        "bookingid": 553
    },
    {
        "bookingid": 2679
    },
    {
        "bookingid": 6434
    },
    {
        "bookingid": 1143
    },
    {
        "bookingid": 7743
    },
    {
        "bookingid": 1674
    },
    {
        "bookingid": 4890
    },
    {
        "bookingid": 8250
    },
    {
        "bookingid": 770
    },
    {
        "bookingid": 2997
    },
    {
        "bookingid": 3145
    },
    {
        "bookingid": 1508
    },
    {
        "bookingid": 6713
    },
    {
        "bookingid": 5273
    },
    {
        "bookingid": 6807
    },
    {
        "bookingid": 332
    },
    {
        "bookingid": 1604
    },
    {
        "bookingid": 4554
    },
    {
        "bookingid": 1093
    },
    {
        "bookingid": 557
    },
    {
        "bookingid": 7623
    },
    {
        "bookingid": 3984
    },
    {
        "bookingid": 3476
    },
    {
        "bookingid": 2595
    },
    {
        "bookingid": 8262
    },
    {
        "bookingid": 8229
    },
    {
        "bookingid": 4052
    },
    {
        "bookingid": 2855
    },
    {
        "bookingid": 7338
    },
    {
        "bookingid": 4933
    },
    {
        "bookingid": 2772
    },
    {
        "bookingid": 1260
    },
    {
        "bookingid": 4568
    },
    {
        "bookingid": 8152
    },
    {
        "bookingid": 3427
    },
    {
        "bookingid": 2212
    },
    {
        "bookingid": 5914
    },
    {
        "bookingid": 3877
    },
    {
        "bookingid": 1665
    },
    {
        "bookingid": 626
    },
    {
        "bookingid": 4029
    },
    {
        "bookingid": 4008
    },
    {
        "bookingid": 4447
    },
    {
        "bookingid": 286
    },
    {
        "bookingid": 2758
    },
    {
        "bookingid": 81
    },
    {
        "bookingid": 3266
    },
    {
        "bookingid": 4879
    },
    {
        "bookingid": 8295
    },
    {
        "bookingid": 1347
    },
    {
        "bookingid": 1579
    },
    {
        "bookingid": 2688
    },
    {
        "bookingid": 59
    },
    {
        "bookingid": 8371
    },
    {
        "bookingid": 1440
    },
    {
        "bookingid": 3508
    },
    {
        "bookingid": 9263
    },
    {
        "bookingid": 1732
    },
    {
        "bookingid": 6974
    },
    {
        "bookingid": 293
    },
    {
        "bookingid": 5474
    },
    {
        "bookingid": 7026
    },
    {
        "bookingid": 3259
    },
    {
        "bookingid": 427
    },
    {
        "bookingid": 5272
    },
    {
        "bookingid": 3234
    },
    {
        "bookingid": 1780
    },
    {
        "bookingid": 6351
    },
    {
        "bookingid": 4233
    },
    {
        "bookingid": 2950
    },
    {
        "bookingid": 24
    },
    {
        "bookingid": 8243
    },
    {
        "bookingid": 5548
    },
    {
        "bookingid": 4759
    },
    {
        "bookingid": 2831
    },
    {
        "bookingid": 7083
    },
    {
        "bookingid": 5435
    },
    {
        "bookingid": 2498
    },
    {
        "bookingid": 1980
    },
    {
        "bookingid": 6114
    },
    {
        "bookingid": 5780
    },
    {
        "bookingid": 3292
    },
    {
        "bookingid": 4887
    },
    {
        "bookingid": 2641
    },
    {
        "bookingid": 7929
    },
    {
        "bookingid": 2534
    },
    {
        "bookingid": 5597
    },
    {
        "bookingid": 6050
    },
    {
        "bookingid": 6855
    },
    {
        "bookingid": 3776
    },
    {
        "bookingid": 6313
    },
    {
        "bookingid": 8144
    },
    {
        "bookingid": 730
    },
    {
        "bookingid": 2074
    },
    {
        "bookingid": 8891
    },
    {
        "bookingid": 860
    },
    {
        "bookingid": 6643
    },
    {
        "bookingid": 633
    },
    {
        "bookingid": 712
    },
    {
        "bookingid": 1034
    },
    {
        "bookingid": 5912
    },
    {
        "bookingid": 3244
    },
    {
        "bookingid": 346
    },
    {
        "bookingid": 999
    },
    {
        "bookingid": 4291
    },
    {
        "bookingid": 162
    },
    {
        "bookingid": 2434
    },
    {
        "bookingid": 6364
    },
    {
        "bookingid": 2860
    },
    {
        "bookingid": 1522
    },
    {
        "bookingid": 98
    },
    {
        "bookingid": 4804
    },
    {
        "bookingid": 7615
    },
    {
        "bookingid": 1706
    },
    {
        "bookingid": 2180
    },
    {
        "bookingid": 3802
    },
    {
        "bookingid": 2866
    },
    {
        "bookingid": 1374
    },
    {
        "bookingid": 243
    },
    {
        "bookingid": 4850
    },
    {
        "bookingid": 2203
    },
    {
        "bookingid": 5913
    },
    {
        "bookingid": 5796
    },
    {
        "bookingid": 5460
    },
    {
        "bookingid": 7765
    },
    {
        "bookingid": 7070
    },
    {
        "bookingid": 926
    },
    {
        "bookingid": 9260
    },
    {
        "bookingid": 6072
    },
    {
        "bookingid": 5647
    },
    {
        "bookingid": 4728
    },
    {
        "bookingid": 5345
    },
    {
        "bookingid": 4799
    },
    {
        "bookingid": 3240
    },
    {
        "bookingid": 1975
    },
    {
        "bookingid": 5541
    },
    {
        "bookingid": 2897
    },
    {
        "bookingid": 4163
    },
    {
        "bookingid": 8826
    },
    {
        "bookingid": 1344
    },
    {
        "bookingid": 5117
    },
    {
        "bookingid": 3814
    },
    {
        "bookingid": 2755
    },
    {
        "bookingid": 3655
    },
    {
        "bookingid": 7105
    },
    {
        "bookingid": 8664
    },
    {
        "bookingid": 4102
    },
    {
        "bookingid": 3448
    },
    {
        "bookingid": 2117
    },
    {
        "bookingid": 2137
    },
    {
        "bookingid": 5328
    },
    {
        "bookingid": 1356
    },
    {
        "bookingid": 413
    },
    {
        "bookingid": 2129
    },
    {
        "bookingid": 2004
    },
    {
        "bookingid": 5449
    },
    {
        "bookingid": 4401
    },
    {
        "bookingid": 48
    },
    {
        "bookingid": 365
    },
    {
        "bookingid": 2916
    },
    {
        "bookingid": 4629
    },
    {
        "bookingid": 7266
    },
    {
        "bookingid": 3333
    },
    {
        "bookingid": 4210
    },
    {
        "bookingid": 1846
    },
    {
        "bookingid": 8831
    },
    {
        "bookingid": 4957
    },
    {
        "bookingid": 7733
    },
    {
        "bookingid": 5607
    },
    {
        "bookingid": 4973
    },
    {
        "bookingid": 8498
    },
    {
        "bookingid": 6739
    },
    {
        "bookingid": 9204
    },
    {
        "bookingid": 6839
    },
    {
        "bookingid": 2844
    },
    {
        "bookingid": 7826
    },
    {
        "bookingid": 4389
    },
    {
        "bookingid": 8977
    },
    {
        "bookingid": 743
    },
    {
        "bookingid": 1811
    },
    {
        "bookingid": 8132
    },
    {
        "bookingid": 493
    },
    {
        "bookingid": 5601
    },
    {
        "bookingid": 3450
    },
    {
        "bookingid": 2742
    },
    {
        "bookingid": 1266
    },
    {
        "bookingid": 261
    },
    {
        "bookingid": 794
    },
    {
        "bookingid": 6443
    },
    {
        "bookingid": 2711
    },
    {
        "bookingid": 4711
    },
    {
        "bookingid": 6675
    },
    {
        "bookingid": 2031
    },
    {
        "bookingid": 6418
    },
    {
        "bookingid": 6398
    },
    {
        "bookingid": 8561
    },
    {
        "bookingid": 55
    },
    {
        "bookingid": 4951
    },
    {
        "bookingid": 3886
    },
    {
        "bookingid": 6138
    },
    {
        "bookingid": 1291
    },
    {
        "bookingid": 6951
    },
    {
        "bookingid": 2080
    },
    {
        "bookingid": 2288
    },
    {
        "bookingid": 7631
    },
    {
        "bookingid": 4079
    },
    {
        "bookingid": 2134
    },
    {
        "bookingid": 4963
    },
    {
        "bookingid": 5339
    },
    {
        "bookingid": 7969
    },
    {
        "bookingid": 5553
    },
    {
        "bookingid": 3575
    },
    {
        "bookingid": 8641
    },
    {
        "bookingid": 927
    },
    {
        "bookingid": 7747
    },
    {
        "bookingid": 1521
    },
    {
        "bookingid": 3322
    },
    {
        "bookingid": 1219
    },
    {
        "bookingid": 9285
    },
    {
        "bookingid": 7699
    },
    {
        "bookingid": 7873
    },
    {
        "bookingid": 3059
    },
    {
        "bookingid": 6205
    },
    {
        "bookingid": 5727
    },
    {
        "bookingid": 2739
    },
    {
        "bookingid": 7914
    },
    {
        "bookingid": 641
    },
    {
        "bookingid": 2213
    },
    {
        "bookingid": 2508
    },
    {
        "bookingid": 474
    },
    {
        "bookingid": 147
    },
    {
        "bookingid": 6940
    },
    {
        "bookingid": 5666
    },
    {
        "bookingid": 6284
    },
    {
        "bookingid": 7949
    },
    {
        "bookingid": 7107
    },
    {
        "bookingid": 7979
    },
    {
        "bookingid": 6954
    },
    {
        "bookingid": 9112
    },
    {
        "bookingid": 880
    },
    {
        "bookingid": 4180
    },
    {
        "bookingid": 5554
    },
    {
        "bookingid": 6582
    },
    {
        "bookingid": 6819
    },
    {
        "bookingid": 6498
    },
    {
        "bookingid": 501
    },
    {
        "bookingid": 3088
    }
]
{
    "token": "ec215b160af00fb"
}
{
    "firstname": "Suvendu",
    "lastname": "Mohanty",
    "totalprice": 111,
    "depositpaid": true,
    "bookingdates": {
        "checkin": "2018-01-01",
        "checkout": "2019-01-01"
    },
    "additionalneeds": "Breakfast"
}
]]></system-out>
  </testcase>
  <testcase name="runScenario[&quot;This is to test delete booking request in restful-booker&quot;, &quot;API documentation for restful-booker&quot;](5)" classname="com.test.runner.TestRunner" time="8.828">
    <system-out><![CDATA[Created
[
    {
        "bookingid": 4613
    },
    {
        "bookingid": 561
    },
    {
        "bookingid": 4843
    },
    {
        "bookingid": 4406
    },
    {
        "bookingid": 654
    },
    {
        "bookingid": 5363
    },
    {
        "bookingid": 1873
    },
    {
        "bookingid": 3182
    },
    {
        "bookingid": 2766
    },
    {
        "bookingid": 2027
    },
    {
        "bookingid": 8384
    },
    {
        "bookingid": 6820
    },
    {
        "bookingid": 122
    },
    {
        "bookingid": 1433
    },
    {
        "bookingid": 5808
    },
    {
        "bookingid": 6494
    },
    {
        "bookingid": 6008
    },
    {
        "bookingid": 8322
    },
    {
        "bookingid": 7135
    },
    {
        "bookingid": 4229
    },
    {
        "bookingid": 4352
    },
    {
        "bookingid": 1645
    },
    {
        "bookingid": 1487
    },
    {
        "bookingid": 3518
    },
    {
        "bookingid": 1995
    },
    {
        "bookingid": 3379
    },
    {
        "bookingid": 1318
    },
    {
        "bookingid": 4440
    },
    {
        "bookingid": 515
    },
    {
        "bookingid": 6967
    },
    {
        "bookingid": 3674
    },
    {
        "bookingid": 9025
    },
    {
        "bookingid": 1659
    },
    {
        "bookingid": 3437
    },
    {
        "bookingid": 6240
    },
    {
        "bookingid": 9185
    },
    {
        "bookingid": 6749
    },
    {
        "bookingid": 8939
    },
    {
        "bookingid": 9378
    },
    {
        "bookingid": 977
    },
    {
        "bookingid": 2903
    },
    {
        "bookingid": 8490
    },
    {
        "bookingid": 2006
    },
    {
        "bookingid": 7058
    },
    {
        "bookingid": 7443
    },
    {
        "bookingid": 6435
    },
    {
        "bookingid": 1545
    },
    {
        "bookingid": 2287
    },
    {
        "bookingid": 7232
    },
    {
        "bookingid": 4704
    },
    {
        "bookingid": 729
    },
    {
        "bookingid": 7195
    },
    {
        "bookingid": 9016
    },
    {
        "bookingid": 492
    },
    {
        "bookingid": 8425
    },
    {
        "bookingid": 5407
    },
    {
        "bookingid": 8447
    },
    {
        "bookingid": 207
    },
    {
        "bookingid": 3627
    },
    {
        "bookingid": 3301
    },
    {
        "bookingid": 7688
    },
    {
        "bookingid": 8483
    },
    {
        "bookingid": 8110
    },
    {
        "bookingid": 4424
    },
    {
        "bookingid": 6035
    },
    {
        "bookingid": 6587
    },
    {
        "bookingid": 8700
    },
    {
        "bookingid": 7728
    },
    {
        "bookingid": 1954
    },
    {
        "bookingid": 6898
    },
    {
        "bookingid": 4427
    },
    {
        "bookingid": 3921
    },
    {
        "bookingid": 8699
    },
    {
        "bookingid": 4131
    },
    {
        "bookingid": 396
    },
    {
        "bookingid": 6821
    },
    {
        "bookingid": 3581
    },
    {
        "bookingid": 748
    },
    {
        "bookingid": 9241
    },
    {
        "bookingid": 679
    },
    {
        "bookingid": 3593
    },
    {
        "bookingid": 2514
    },
    {
        "bookingid": 7122
    },
    {
        "bookingid": 6520
    },
    {
        "bookingid": 7206
    },
    {
        "bookingid": 3985
    },
    {
        "bookingid": 1554
    },
    {
        "bookingid": 5630
    },
    {
        "bookingid": 6875
    },
    {
        "bookingid": 8908
    },
    {
        "bookingid": 8602
    },
    {
        "bookingid": 8922
    },
    {
        "bookingid": 3991
    },
    {
        "bookingid": 4672
    },
    {
        "bookingid": 4881
    },
    {
        "bookingid": 54
    },
    {
        "bookingid": 7240
    },
    {
        "bookingid": 2345
    },
    {
        "bookingid": 3102
    },
    {
        "bookingid": 3663
    },
    {
        "bookingid": 3174
    },
    {
        "bookingid": 7666
    },
    {
        "bookingid": 4814
    },
    {
        "bookingid": 7958
    },
    {
        "bookingid": 9218
    },
    {
        "bookingid": 5807
    },
    {
        "bookingid": 2753
    },
    {
        "bookingid": 4553
    },
    {
        "bookingid": 9086
    },
    {
        "bookingid": 8997
    },
    {
        "bookingid": 7797
    },
    {
        "bookingid": 2353
    },
    {
        "bookingid": 455
    },
    {
        "bookingid": 6698
    },
    {
        "bookingid": 296
    },
    {
        "bookingid": 2019
    },
    {
        "bookingid": 9095
    },
    {
        "bookingid": 5165
    },
    {
        "bookingid": 8072
    },
    {
        "bookingid": 5334
    },
    {
        "bookingid": 8544
    },
    {
        "bookingid": 6953
    },
    {
        "bookingid": 9344
    },
    {
        "bookingid": 1679
    },
    {
        "bookingid": 1141
    },
    {
        "bookingid": 6013
    },
    {
        "bookingid": 7280
    },
    {
        "bookingid": 450
    },
    {
        "bookingid": 6197
    },
    {
        "bookingid": 5143
    },
    {
        "bookingid": 3395
    },
    {
        "bookingid": 6095
    },
    {
        "bookingid": 6488
    },
    {
        "bookingid": 1581
    },
    {
        "bookingid": 3946
    },
    {
        "bookingid": 5105
    },
    {
        "bookingid": 905
    },
    {
        "bookingid": 1363
    },
    {
        "bookingid": 8059
    },
    {
        "bookingid": 1967
    },
    {
        "bookingid": 2149
    },
    {
        "bookingid": 1040
    },
    {
        "bookingid": 3928
    },
    {
        "bookingid": 6317
    },
    {
        "bookingid": 3294
    },
    {
        "bookingid": 8379
    },
    {
        "bookingid": 5809
    },
    {
        "bookingid": 2108
    },
    {
        "bookingid": 2433
    },
    {
        "bookingid": 6912
    },
    {
        "bookingid": 7589
    },
    {
        "bookingid": 994
    },
    {
        "bookingid": 2460
    },
    {
        "bookingid": 102
    },
    {
        "bookingid": 4461
    },
    {
        "bookingid": 425
    },
    {
        "bookingid": 6037
    },
    {
        "bookingid": 7350
    },
    {
        "bookingid": 4124
    },
    {
        "bookingid": 7459
    },
    {
        "bookingid": 9155
    },
    {
        "bookingid": 1883
    },
    {
        "bookingid": 2607
    },
    {
        "bookingid": 7764
    },
    {
        "bookingid": 6673
    },
    {
        "bookingid": 714
    },
    {
        "bookingid": 3498
    },
    {
        "bookingid": 7307
    },
    {
        "bookingid": 1272
    },
    {
        "bookingid": 5370
    },
    {
        "bookingid": 267
    },
    {
        "bookingid": 8534
    },
    {
        "bookingid": 3880
    },
    {
        "bookingid": 8836
    },
    {
        "bookingid": 2952
    },
    {
        "bookingid": 6131
    },
    {
        "bookingid": 4110
    },
    {
        "bookingid": 5309
    },
    {
        "bookingid": 241
    },
    {
        "bookingid": 598
    },
    {
        "bookingid": 7513
    },
    {
        "bookingid": 1362
    },
    {
        "bookingid": 4300
    },
    {
        "bookingid": 7045
    },
    {
        "bookingid": 5171
    },
    {
        "bookingid": 4531
    },
    {
        "bookingid": 1085
    },
    {
        "bookingid": 4775
    },
    {
        "bookingid": 3740
    },
    {
        "bookingid": 5068
    },
    {
        "bookingid": 507
    },
    {
        "bookingid": 3966
    },
    {
        "bookingid": 4703
    },
    {
        "bookingid": 9418
    },
    {
        "bookingid": 5219
    },
    {
        "bookingid": 2440
    },
    {
        "bookingid": 886
    },
    {
        "bookingid": 6806
    },
    {
        "bookingid": 3783
    },
    {
        "bookingid": 7923
    },
    {
        "bookingid": 6576
    },
    {
        "bookingid": 8965
    },
    {
        "bookingid": 20
    },
    {
        "bookingid": 3031
    },
    {
        "bookingid": 4721
    },
    {
        "bookingid": 4870
    },
    {
        "bookingid": 1801
    },
    {
        "bookingid": 2186
    },
    {
        "bookingid": 1361
    },
    {
        "bookingid": 6752
    },
    {
        "bookingid": 6354
    },
    {
        "bookingid": 4446
    },
    {
        "bookingid": 1657
    },
    {
        "bookingid": 188
    },
    {
        "bookingid": 728
    },
    {
        "bookingid": 8271
    },
    {
        "bookingid": 3483
    },
    {
        "bookingid": 5876
    },
    {
        "bookingid": 8431
    },
    {
        "bookingid": 528
    },
    {
        "bookingid": 5875
    },
    {
        "bookingid": 6176
    },
    {
        "bookingid": 2166
    },
    {
        "bookingid": 832
    },
    {
        "bookingid": 1917
    },
    {
        "bookingid": 2185
    },
    {
        "bookingid": 4191
    },
    {
        "bookingid": 2873
    },
    {
        "bookingid": 942
    },
    {
        "bookingid": 1165
    },
    {
        "bookingid": 3862
    },
    {
        "bookingid": 3919
    },
    {
        "bookingid": 5906
    },
    {
        "bookingid": 687
    },
    {
        "bookingid": 2135
    },
    {
        "bookingid": 1681
    },
    {
        "bookingid": 1446
    },
    {
        "bookingid": 6039
    },
    {
        "bookingid": 160
    },
    {
        "bookingid": 1000
    },
    {
        "bookingid": 9131
    },
    {
        "bookingid": 9406
    },
    {
        "bookingid": 8566
    },
    {
        "bookingid": 3303
    },
    {
        "bookingid": 6824
    },
    {
        "bookingid": 1916
    },
    {
        "bookingid": 8056
    },
    {
        "bookingid": 3150
    },
    {
        "bookingid": 5743
    },
    {
        "bookingid": 8889
    },
    {
        "bookingid": 2229
    },
    {
        "bookingid": 8198
    },
    {
        "bookingid": 703
    },
    {
        "bookingid": 1160
    },
    {
        "bookingid": 7354
    },
    {
        "bookingid": 8625
    },
    {
        "bookingid": 5571
    },
    {
        "bookingid": 9011
    },
    {
        "bookingid": 5213
    },
    {
        "bookingid": 3999
    },
    {
        "bookingid": 3532
    },
    {
        "bookingid": 9376
    },
    {
        "bookingid": 43
    },
    {
        "bookingid": 627
    },
    {
        "bookingid": 1015
    },
    {
        "bookingid": 1288
    },
    {
        "bookingid": 3313
    },
    {
        "bookingid": 7952
    },
    {
        "bookingid": 1605
    },
    {
        "bookingid": 9303
    },
    {
        "bookingid": 2533
    },
    {
        "bookingid": 6021
    },
    {
        "bookingid": 8227
    },
    {
        "bookingid": 2315
    },
    {
        "bookingid": 7033
    },
    {
        "bookingid": 7323
    },
    {
        "bookingid": 1713
    },
    {
        "bookingid": 8778
    },
    {
        "bookingid": 9313
    },
    {
        "bookingid": 7689
    },
    {
        "bookingid": 112
    },
    {
        "bookingid": 6774
    },
    {
        "bookingid": 2069
    },
    {
        "bookingid": 2816
    },
    {
        "bookingid": 2414
    },
    {
        "bookingid": 2805
    },
    {
        "bookingid": 892
    },
    {
        "bookingid": 1912
    },
    {
        "bookingid": 429
    },
    {
        "bookingid": 6697
    },
    {
        "bookingid": 4953
    },
    {
        "bookingid": 7628
    },
    {
        "bookingid": 8031
    },
    {
        "bookingid": 8878
    },
    {
        "bookingid": 75
    },
    {
        "bookingid": 705
    },
    {
        "bookingid": 4095
    },
    {
        "bookingid": 4626
    },
    {
        "bookingid": 5223
    },
    {
        "bookingid": 1999
    },
    {
        "bookingid": 2097
    },
    {
        "bookingid": 8805
    },
    {
        "bookingid": 8357
    },
    {
        "bookingid": 3162
    },
    {
        "bookingid": 100
    },
    {
        "bookingid": 195
    },
    {
        "bookingid": 7325
    },
    {
        "bookingid": 9099
    },
    {
        "bookingid": 1442
    },
    {
        "bookingid": 2519
    },
    {
        "bookingid": 7526
    },
    {
        "bookingid": 3881
    },
    {
        "bookingid": 3350
    },
    {
        "bookingid": 9205
    },
    {
        "bookingid": 850
    },
    {
        "bookingid": 4307
    },
    {
        "bookingid": 464
    },
    {
        "bookingid": 21
    },
    {
        "bookingid": 2902
    },
    {
        "bookingid": 266
    },
    {
        "bookingid": 257
    },
    {
        "bookingid": 5760
    },
    {
        "bookingid": 5142
    },
    {
        "bookingid": 6532
    },
    {
        "bookingid": 5570
    },
    {
        "bookingid": 6793
    },
    {
        "bookingid": 6766
    },
    {
        "bookingid": 8796
    },
    {
        "bookingid": 6465
    },
    {
        "bookingid": 1488
    },
    {
        "bookingid": 7362
    },
    {
        "bookingid": 537
    },
    {
        "bookingid": 4740
    },
    {
        "bookingid": 5447
    },
    {
        "bookingid": 6319
    },
    {
        "bookingid": 2220
    },
    {
        "bookingid": 6066
    },
    {
        "bookingid": 5023
    },
    {
        "bookingid": 9001
    },
    {
        "bookingid": 9355
    },
    {
        "bookingid": 7987
    },
    {
        "bookingid": 8990
    },
    {
        "bookingid": 701
    },
    {
        "bookingid": 8153
    },
    {
        "bookingid": 1426
    },
    {
        "bookingid": 900
    },
    {
        "bookingid": 1771
    },
    {
        "bookingid": 2865
    },
    {
        "bookingid": 3773
    },
    {
        "bookingid": 3801
    },
    {
        "bookingid": 3487
    },
    {
        "bookingid": 2507
    },
    {
        "bookingid": 3391
    },
    {
        "bookingid": 6361
    },
    {
        "bookingid": 5594
    },
    {
        "bookingid": 5510
    },
    {
        "bookingid": 1262
    },
    {
        "bookingid": 8502
    },
    {
        "bookingid": 5190
    },
    {
        "bookingid": 1204
    },
    {
        "bookingid": 9331
    },
    {
        "bookingid": 7936
    },
    {
        "bookingid": 7971
    },
    {
        "bookingid": 6179
    },
    {
        "bookingid": 8074
    },
    {
        "bookingid": 90
    },
    {
        "bookingid": 4083
    },
    {
        "bookingid": 2506
    },
    {
        "bookingid": 7658
    },
    {
        "bookingid": 3137
    },
    {
        "bookingid": 1751
    },
    {
        "bookingid": 5354
    },
    {
        "bookingid": 7891
    },
    {
        "bookingid": 3695
    },
    {
        "bookingid": 8256
    },
    {
        "bookingid": 7075
    },
    {
        "bookingid": 3004
    },
    {
        "bookingid": 5432
    },
    {
        "bookingid": 1593
    },
    {
        "bookingid": 8207
    },
    {
        "bookingid": 5662
    },
    {
        "bookingid": 2795
    },
    {
        "bookingid": 6848
    },
    {
        "bookingid": 7893
    },
    {
        "bookingid": 8204
    },
    {
        "bookingid": 6099
    },
    {
        "bookingid": 7632
    },
    {
        "bookingid": 7635
    },
    {
        "bookingid": 4742
    },
    {
        "bookingid": 2349
    },
    {
        "bookingid": 8312
    },
    {
        "bookingid": 8456
    },
    {
        "bookingid": 716
    },
    {
        "bookingid": 4717
    },
    {
        "bookingid": 5625
    },
    {
        "bookingid": 2103
    },
    {
        "bookingid": 4620
    },
    {
        "bookingid": 85
    },
    {
        "bookingid": 4243
    },
    {
        "bookingid": 6798
    },
    {
        "bookingid": 8364
    },
    {
        "bookingid": 3884
    },
    {
        "bookingid": 7627
    },
    {
        "bookingid": 7465
    },
    {
        "bookingid": 6810
    },
    {
        "bookingid": 1339
    },
    {
        "bookingid": 3882
    },
    {
        "bookingid": 5781
    },
    {
        "bookingid": 6350
    },
    {
        "bookingid": 341
    },
    {
        "bookingid": 2704
    },
    {
        "bookingid": 9156
    },
    {
        "bookingid": 695
    },
    {
        "bookingid": 9383
    },
    {
        "bookingid": 6462
    },
    {
        "bookingid": 2236
    },
    {
        "bookingid": 5359
    },
    {
        "bookingid": 5426
    },
    {
        "bookingid": 1950
    },
    {
        "bookingid": 7951
    },
    {
        "bookingid": 1425
    },
    {
        "bookingid": 8930
    },
    {
        "bookingid": 219
    },
    {
        "bookingid": 1368
    },
    {
        "bookingid": 366
    },
    {
        "bookingid": 205
    },
    {
        "bookingid": 9103
    },
    {
        "bookingid": 2845
    },
    {
        "bookingid": 2256
    },
    {
        "bookingid": 4966
    },
    {
        "bookingid": 3873
    },
    {
        "bookingid": 1946
    },
    {
        "bookingid": 4796
    },
    {
        "bookingid": 5794
    },
    {
        "bookingid": 7814
    },
    {
        "bookingid": 8000
    },
    {
        "bookingid": 4733
    },
    {
        "bookingid": 7768
    },
    {
        "bookingid": 1816
    },
    {
        "bookingid": 7792
    },
    {
        "bookingid": 7665
    },
    {
        "bookingid": 9221
    },
    {
        "bookingid": 7305
    },
    {
        "bookingid": 5600
    },
    {
        "bookingid": 3870
    },
    {
        "bookingid": 6725
    },
    {
        "bookingid": 3904
    },
    {
        "bookingid": 1330
    },
    {
        "bookingid": 2462
    },
    {
        "bookingid": 3866
    },
    {
        "bookingid": 3073
    },
    {
        "bookingid": 5672
    },
    {
        "bookingid": 6123
    },
    {
        "bookingid": 304
    },
    {
        "bookingid": 4140
    },
    {
        "bookingid": 7899
    },
    {
        "bookingid": 5182
    },
    {
        "bookingid": 2609
    },
    {
        "bookingid": 2208
    },
    {
        "bookingid": 782
    },
    {
        "bookingid": 2464
    },
    {
        "bookingid": 4125
    },
    {
        "bookingid": 7277
    },
    {
        "bookingid": 8976
    },
    {
        "bookingid": 5104
    },
    {
        "bookingid": 7040
    },
    {
        "bookingid": 4937
    },
    {
        "bookingid": 8719
    },
    {
        "bookingid": 7405
    },
    {
        "bookingid": 6108
    },
    {
        "bookingid": 6777
    },
    {
        "bookingid": 3050
    },
    {
        "bookingid": 2043
    },
    {
        "bookingid": 5880
    },
    {
        "bookingid": 8868
    },
    {
        "bookingid": 5080
    },
    {
        "bookingid": 7056
    },
    {
        "bookingid": 7709
    },
    {
        "bookingid": 3468
    },
    {
        "bookingid": 3706
    },
    {
        "bookingid": 7687
    },
    {
        "bookingid": 2170
    },
    {
        "bookingid": 2803
    },
    {
        "bookingid": 6290
    },
    {
        "bookingid": 3797
    },
    {
        "bookingid": 6007
    },
    {
        "bookingid": 5311
    },
    {
        "bookingid": 66
    },
    {
        "bookingid": 3601
    },
    {
        "bookingid": 7993
    },
    {
        "bookingid": 3183
    },
    {
        "bookingid": 8745
    },
    {
        "bookingid": 856
    },
    {
        "bookingid": 4494
    },
    {
        "bookingid": 1070
    },
    {
        "bookingid": 2021
    },
    {
        "bookingid": 6704
    },
    {
        "bookingid": 139
    },
    {
        "bookingid": 4465
    },
    {
        "bookingid": 1506
    },
    {
        "bookingid": 3347
    },
    {
        "bookingid": 4583
    },
    {
        "bookingid": 3000
    },
    {
        "bookingid": 2687
    },
    {
        "bookingid": 1603
    },
    {
        "bookingid": 922
    },
    {
        "bookingid": 362
    },
    {
        "bookingid": 5186
    },
    {
        "bookingid": 397
    },
    {
        "bookingid": 5705
    },
    {
        "bookingid": 8257
    },
    {
        "bookingid": 306
    },
    {
        "bookingid": 4628
    },
    {
        "bookingid": 8246
    },
    {
        "bookingid": 4392
    },
    {
        "bookingid": 8845
    },
    {
        "bookingid": 6326
    },
    {
        "bookingid": 3697
    },
    {
        "bookingid": 6339
    },
    {
        "bookingid": 7136
    },
    {
        "bookingid": 613
    },
    {
        "bookingid": 8725
    },
    {
        "bookingid": 7691
    },
    {
        "bookingid": 3757
    },
    {
        "bookingid": 72
    },
    {
        "bookingid": 3539
    },
    {
        "bookingid": 8071
    },
    {
        "bookingid": 2132
    },
    {
        "bookingid": 8121
    },
    {
        "bookingid": 259
    },
    {
        "bookingid": 8215
    },
    {
        "bookingid": 3710
    },
    {
        "bookingid": 7876
    },
    {
        "bookingid": 5098
    },
    {
        "bookingid": 3780
    },
    {
        "bookingid": 3973
    },
    {
        "bookingid": 4050
    },
    {
        "bookingid": 580
    },
    {
        "bookingid": 7829
    },
    {
        "bookingid": 2685
    },
    {
        "bookingid": 2292
    },
    {
        "bookingid": 6383
    },
    {
        "bookingid": 8385
    },
    {
        "bookingid": 7236
    },
    {
        "bookingid": 6831
    },
    {
        "bookingid": 968
    },
    {
        "bookingid": 4982
    },
    {
        "bookingid": 2087
    },
    {
        "bookingid": 3831
    },
    {
        "bookingid": 7161
    },
    {
        "bookingid": 1462
    },
    {
        "bookingid": 4329
    },
    {
        "bookingid": 7183
    },
    {
        "bookingid": 5656
    },
    {
        "bookingid": 5230
    },
    {
        "bookingid": 1815
    },
    {
        "bookingid": 3085
    },
    {
        "bookingid": 7646
    },
    {
        "bookingid": 331
    },
    {
        "bookingid": 467
    },
    {
        "bookingid": 7552
    },
    {
        "bookingid": 1405
    },
    {
        "bookingid": 5479
    },
    {
        "bookingid": 5677
    },
    {
        "bookingid": 6553
    },
    {
        "bookingid": 6381
    },
    {
        "bookingid": 857
    },
    {
        "bookingid": 5523
    },
    {
        "bookingid": 4676
    },
    {
        "bookingid": 2901
    },
    {
        "bookingid": 6076
    },
    {
        "bookingid": 6036
    },
    {
        "bookingid": 2121
    },
    {
        "bookingid": 5998
    },
    {
        "bookingid": 789
    },
    {
        "bookingid": 2761
    },
    {
        "bookingid": 6840
    },
    {
        "bookingid": 2681
    },
    {
        "bookingid": 7522
    },
    {
        "bookingid": 8183
    },
    {
        "bookingid": 8337
    },
    {
        "bookingid": 1351
    },
    {
        "bookingid": 9350
    },
    {
        "bookingid": 4303
    },
    {
        "bookingid": 1413
    },
    {
        "bookingid": 6783
    },
    {
        "bookingid": 4268
    },
    {
        "bookingid": 9268
    },
    {
        "bookingid": 2910
    },
    {
        "bookingid": 936
    },
    {
        "bookingid": 1334
    },
    {
        "bookingid": 9197
    },
    {
        "bookingid": 6246
    },
    {
        "bookingid": 2829
    },
    {
        "bookingid": 80
    },
    {
        "bookingid": 141
    },
    {
        "bookingid": 490
    },
    {
        "bookingid": 2581
    },
    {
        "bookingid": 41
    },
    {
        "bookingid": 5402
    },
    {
        "bookingid": 1179
    },
    {
        "bookingid": 4504
    },
    {
        "bookingid": 3129
    },
    {
        "bookingid": 9138
    },
    {
        "bookingid": 1135
    },
    {
        "bookingid": 2618
    },
    {
        "bookingid": 494
    },
    {
        "bookingid": 1027
    },
    {
        "bookingid": 1158
    },
    {
        "bookingid": 1997
    },
    {
        "bookingid": 5769
    },
    {
        "bookingid": 2201
    },
    {
        "bookingid": 7767
    },
    {
        "bookingid": 5982
    },
    {
        "bookingid": 3484
    },
    {
        "bookingid": 9037
    },
    {
        "bookingid": 647
    },
    {
        "bookingid": 4836
    },
    {
        "bookingid": 235
    },
    {
        "bookingid": 6888
    },
    {
        "bookingid": 35
    },
    {
        "bookingid": 9375
    },
    {
        "bookingid": 6147
    },
    {
        "bookingid": 5316
    },
    {
        "bookingid": 9304
    },
    {
        "bookingid": 3445
    },
    {
        "bookingid": 1212
    },
    {
        "bookingid": 8944
    },
    {
        "bookingid": 7889
    },
    {
        "bookingid": 5533
    },
    {
        "bookingid": 1417
    },
    {
        "bookingid": 5430
    },
    {
        "bookingid": 8148
    },
    {
        "bookingid": 8149
    },
    {
        "bookingid": 3315
    },
    {
        "bookingid": 8263
    },
    {
        "bookingid": 3128
    },
    {
        "bookingid": 3283
    },
    {
        "bookingid": 9198
    },
    {
        "bookingid": 4236
    },
    {
        "bookingid": 3649
    },
    {
        "bookingid": 2327
    },
    {
        "bookingid": 5005
    },
    {
        "bookingid": 5726
    },
    {
        "bookingid": 7668
    },
    {
        "bookingid": 6298
    },
    {
        "bookingid": 588
    },
    {
        "bookingid": 2032
    },
    {
        "bookingid": 2885
    },
    {
        "bookingid": 3055
    },
    {
        "bookingid": 5064
    },
    {
        "bookingid": 8707
    },
    {
        "bookingid": 1475
    },
    {
        "bookingid": 4590
    },
    {
        "bookingid": 7593
    },
    {
        "bookingid": 3979
    },
    {
        "bookingid": 5864
    },
    {
        "bookingid": 7964
    },
    {
        "bookingid": 2856
    },
    {
        "bookingid": 2110
    },
    {
        "bookingid": 2492
    },
    {
        "bookingid": 7836
    },
    {
        "bookingid": 357
    },
    {
        "bookingid": 5283
    },
    {
        "bookingid": 8448
    },
    {
        "bookingid": 9382
    },
    {
        "bookingid": 4227
    },
    {
        "bookingid": 1956
    },
    {
        "bookingid": 6569
    },
    {
        "bookingid": 2210
    },
    {
        "bookingid": 5095
    },
    {
        "bookingid": 8013
    },
    {
        "bookingid": 1578
    },
    {
        "bookingid": 1512
    },
    {
        "bookingid": 8169
    },
    {
        "bookingid": 8856
    },
    {
        "bookingid": 3548
    },
    {
        "bookingid": 7237
    },
    {
        "bookingid": 8969
    },
    {
        "bookingid": 9004
    },
    {
        "bookingid": 5193
    },
    {
        "bookingid": 3136
    },
    {
        "bookingid": 7298
    },
    {
        "bookingid": 5282
    },
    {
        "bookingid": 5434
    },
    {
        "bookingid": 2393
    },
    {
        "bookingid": 446
    },
    {
        "bookingid": 3439
    },
    {
        "bookingid": 6759
    },
    {
        "bookingid": 145
    },
    {
        "bookingid": 1321
    },
    {
        "bookingid": 3480
    },
    {
        "bookingid": 7038
    },
    {
        "bookingid": 2471
    },
    {
        "bookingid": 3700
    },
    {
        "bookingid": 3652
    },
    {
        "bookingid": 1206
    },
    {
        "bookingid": 4129
    },
    {
        "bookingid": 7188
    },
    {
        "bookingid": 8159
    },
    {
        "bookingid": 7498
    },
    {
        "bookingid": 2556
    },
    {
        "bookingid": 1326
    },
    {
        "bookingid": 3681
    },
    {
        "bookingid": 4316
    },
    {
        "bookingid": 6424
    },
    {
        "bookingid": 7095
    },
    {
        "bookingid": 939
    },
    {
        "bookingid": 7229
    },
    {
        "bookingid": 2963
    },
    {
        "bookingid": 1499
    },
    {
        "bookingid": 8866
    },
    {
        "bookingid": 2875
    },
    {
        "bookingid": 7151
    },
    {
        "bookingid": 2664
    },
    {
        "bookingid": 4106
    },
    {
        "bookingid": 4969
    },
    {
        "bookingid": 8096
    },
    {
        "bookingid": 8434
    },
    {
        "bookingid": 3258
    },
    {
        "bookingid": 8887
    },
    {
        "bookingid": 6882
    },
    {
        "bookingid": 4053
    },
    {
        "bookingid": 6139
    },
    {
        "bookingid": 4454
    },
    {
        "bookingid": 982
    },
    {
        "bookingid": 4552
    },
    {
        "bookingid": 6419
    },
    {
        "bookingid": 6253
    },
    {
        "bookingid": 4075
    },
    {
        "bookingid": 4399
    },
    {
        "bookingid": 9087
    },
    {
        "bookingid": 6023
    },
    {
        "bookingid": 1760
    },
    {
        "bookingid": 6504
    },
    {
        "bookingid": 5441
    },
    {
        "bookingid": 4913
    },
    {
        "bookingid": 5079
    },
    {
        "bookingid": 2642
    },
    {
        "bookingid": 1178
    },
    {
        "bookingid": 8920
    },
    {
        "bookingid": 4165
    },
    {
        "bookingid": 454
    },
    {
        "bookingid": 719
    },
    {
        "bookingid": 1060
    },
    {
        "bookingid": 8340
    },
    {
        "bookingid": 7061
    },
    {
        "bookingid": 3224
    },
    {
        "bookingid": 4542
    },
    {
        "bookingid": 2115
    },
    {
        "bookingid": 893
    },
    {
        "bookingid": 2610
    },
    {
        "bookingid": 8213
    },
    {
        "bookingid": 199
    },
    {
        "bookingid": 9394
    },
    {
        "bookingid": 5306
    },
    {
        "bookingid": 7639
    },
    {
        "bookingid": 4938
    },
    {
        "bookingid": 2254
    },
    {
        "bookingid": 4064
    },
    {
        "bookingid": 7817
    },
    {
        "bookingid": 2008
    },
    {
        "bookingid": 6911
    },
    {
        "bookingid": 8247
    },
    {
        "bookingid": 8224
    },
    {
        "bookingid": 6671
    },
    {
        "bookingid": 4622
    },
    {
        "bookingid": 6809
    },
    {
        "bookingid": 9008
    },
    {
        "bookingid": 6442
    },
    {
        "bookingid": 1457
    },
    {
        "bookingid": 1942
    },
    {
        "bookingid": 3623
    },
    {
        "bookingid": 2923
    },
    {
        "bookingid": 2590
    },
    {
        "bookingid": 678
    },
    {
        "bookingid": 1795
    },
    {
        "bookingid": 802
    },
    {
        "bookingid": 3110
    },
    {
        "bookingid": 787
    },
    {
        "bookingid": 4855
    },
    {
        "bookingid": 6366
    },
    {
        "bookingid": 1964
    },
    {
        "bookingid": 8358
    },
    {
        "bookingid": 8233
    },
    {
        "bookingid": 8355
    },
    {
        "bookingid": 1726
    },
    {
        "bookingid": 7109
    },
    {
        "bookingid": 8276
    },
    {
        "bookingid": 7200
    },
    {
        "bookingid": 5567
    },
    {
        "bookingid": 7469
    },
    {
        "bookingid": 6700
    },
    {
        "bookingid": 3469
    },
    {
        "bookingid": 4497
    },
    {
        "bookingid": 7179
    },
    {
        "bookingid": 5118
    },
    {
        "bookingid": 958
    },
    {
        "bookingid": 360
    },
    {
        "bookingid": 4642
    },
    {
        "bookingid": 3419
    },
    {
        "bookingid": 3108
    },
    {
        "bookingid": 5935
    },
    {
        "bookingid": 4225
    },
    {
        "bookingid": 6584
    },
    {
        "bookingid": 7447
    },
    {
        "bookingid": 4581
    },
    {
        "bookingid": 1517
    },
    {
        "bookingid": 4800
    },
    {
        "bookingid": 5886
    },
    {
        "bookingid": 1290
    },
    {
        "bookingid": 2957
    },
    {
        "bookingid": 4878
    },
    {
        "bookingid": 5436
    },
    {
        "bookingid": 5156
    },
    {
        "bookingid": 452
    },
    {
        "bookingid": 2928
    },
    {
        "bookingid": 1422
    },
    {
        "bookingid": 8911
    },
    {
        "bookingid": 946
    },
    {
        "bookingid": 3104
    },
    {
        "bookingid": 9320
    },
    {
        "bookingid": 6530
    },
    {
        "bookingid": 6977
    },
    {
        "bookingid": 245
    },
    {
        "bookingid": 3404
    },
    {
        "bookingid": 8277
    },
    {
        "bookingid": 6992
    },
    {
        "bookingid": 6956
    },
    {
        "bookingid": 1032
    },
    {
        "bookingid": 7556
    },
    {
        "bookingid": 2023
    },
    {
        "bookingid": 2987
    },
    {
        "bookingid": 8552
    },
    {
        "bookingid": 1571
    },
    {
        "bookingid": 1669
    },
    {
        "bookingid": 497
    },
    {
        "bookingid": 7332
    },
    {
        "bookingid": 2646
    },
    {
        "bookingid": 5732
    },
    {
        "bookingid": 4989
    },
    {
        "bookingid": 8687
    },
    {
        "bookingid": 8297
    },
    {
        "bookingid": 8363
    },
    {
        "bookingid": 5029
    },
    {
        "bookingid": 4719
    },
    {
        "bookingid": 2447
    },
    {
        "bookingid": 2116
    },
    {
        "bookingid": 1680
    },
    {
        "bookingid": 3304
    },
    {
        "bookingid": 3451
    },
    {
        "bookingid": 1865
    },
    {
        "bookingid": 6144
    },
    {
        "bookingid": 190
    },
    {
        "bookingid": 7742
    },
    {
        "bookingid": 7403
    },
    {
        "bookingid": 5747
    },
    {
        "bookingid": 5243
    },
    {
        "bookingid": 8589
    },
    {
        "bookingid": 77
    },
    {
        "bookingid": 3574
    },
    {
        "bookingid": 9209
    },
    {
        "bookingid": 8251
    },
    {
        "bookingid": 2808
    },
    {
        "bookingid": 7871
    },
    {
        "bookingid": 8885
    },
    {
        "bookingid": 31
    },
    {
        "bookingid": 3935
    },
    {
        "bookingid": 5847
    },
    {
        "bookingid": 1245
    },
    {
        "bookingid": 1023
    },
    {
        "bookingid": 9360
    },
    {
        "bookingid": 4842
    },
    {
        "bookingid": 2718
    },
    {
        "bookingid": 8209
    },
    {
        "bookingid": 6181
    },
    {
        "bookingid": 5073
    },
    {
        "bookingid": 2500
    },
    {
        "bookingid": 6276
    },
    {
        "bookingid": 1733
    },
    {
        "bookingid": 2025
    },
    {
        "bookingid": 3165
    },
    {
        "bookingid": 5480
    },
    {
        "bookingid": 463
    },
    {
        "bookingid": 1110
    },
    {
        "bookingid": 4726
    },
    {
        "bookingid": 5276
    },
    {
        "bookingid": 7770
    },
    {
        "bookingid": 3992
    },
    {
        "bookingid": 149
    },
    {
        "bookingid": 3971
    },
    {
        "bookingid": 2038
    },
    {
        "bookingid": 4942
    },
    {
        "bookingid": 3173
    },
    {
        "bookingid": 4923
    },
    {
        "bookingid": 8615
    },
    {
        "bookingid": 2728
    },
    {
        "bookingid": 8487
    },
    {
        "bookingid": 5933
    },
    {
        "bookingid": 5710
    },
    {
        "bookingid": 4576
    },
    {
        "bookingid": 4777
    },
    {
        "bookingid": 5655
    },
    {
        "bookingid": 8352
    },
    {
        "bookingid": 4217
    },
    {
        "bookingid": 572
    },
    {
        "bookingid": 953
    },
    {
        "bookingid": 9229
    },
    {
        "bookingid": 5737
    },
    {
        "bookingid": 3216
    },
    {
        "bookingid": 224
    },
    {
        "bookingid": 8006
    },
    {
        "bookingid": 1002
    },
    {
        "bookingid": 2463
    },
    {
        "bookingid": 6961
    },
    {
        "bookingid": 6966
    },
    {
        "bookingid": 2441
    },
    {
        "bookingid": 7207
    },
    {
        "bookingid": 6369
    },
    {
        "bookingid": 8508
    },
    {
        "bookingid": 2570
    },
    {
        "bookingid": 7427
    },
    {
        "bookingid": 6342
    },
    {
        "bookingid": 4930
    },
    {
        "bookingid": 2409
    },
    {
        "bookingid": 8821
    },
    {
        "bookingid": 1911
    },
    {
        "bookingid": 5216
    },
    {
        "bookingid": 9167
    },
    {
        "bookingid": 3791
    },
    {
        "bookingid": 8522
    },
    {
        "bookingid": 7053
    },
    {
        "bookingid": 3917
    },
    {
        "bookingid": 7292
    },
    {
        "bookingid": 8170
    },
    {
        "bookingid": 3762
    },
    {
        "bookingid": 6455
    },
    {
        "bookingid": 7497
    },
    {
        "bookingid": 1977
    },
    {
        "bookingid": 7961
    },
    {
        "bookingid": 3415
    },
    {
        "bookingid": 8265
    },
    {
        "bookingid": 120
    },
    {
        "bookingid": 6044
    },
    {
        "bookingid": 960
    },
    {
        "bookingid": 7146
    },
    {
        "bookingid": 2691
    },
    {
        "bookingid": 3127
    },
    {
        "bookingid": 3905
    },
    {
        "bookingid": 5168
    },
    {
        "bookingid": 7551
    },
    {
        "bookingid": 3552
    },
    {
        "bookingid": 1098
    },
    {
        "bookingid": 7714
    },
    {
        "bookingid": 393
    },
    {
        "bookingid": 8926
    },
    {
        "bookingid": 3089
    },
    {
        "bookingid": 8088
    },
    {
        "bookingid": 4763
    },
    {
        "bookingid": 1544
    },
    {
        "bookingid": 7626
    },
    {
        "bookingid": 2098
    },
    {
        "bookingid": 2153
    },
    {
        "bookingid": 8812
    },
    {
        "bookingid": 5688
    },
    {
        "bookingid": 6683
    },
    {
        "bookingid": 9393
    },
    {
        "bookingid": 3680
    },
    {
        "bookingid": 4128
    },
    {
        "bookingid": 7772
    },
    {
        "bookingid": 4296
    },
    {
        "bookingid": 8660
    },
    {
        "bookingid": 7490
    },
    {
        "bookingid": 1156
    },
    {
        "bookingid": 5075
    },
    {
        "bookingid": 2274
    },
    {
        "bookingid": 2143
    },
    {
        "bookingid": 1168
    },
    {
        "bookingid": 6188
    },
    {
        "bookingid": 466
    },
    {
        "bookingid": 3444
    },
    {
        "bookingid": 392
    },
    {
        "bookingid": 1014
    },
    {
        "bookingid": 662
    },
    {
        "bookingid": 5530
    },
    {
        "bookingid": 3572
    },
    {
        "bookingid": 804
    },
    {
        "bookingid": 3101
    },
    {
        "bookingid": 8927
    },
    {
        "bookingid": 2088
    },
    {
        "bookingid": 2992
    },
    {
        "bookingid": 324
    },
    {
        "bookingid": 6268
    },
    {
        "bookingid": 7291
    },
    {
        "bookingid": 116
    },
    {
        "bookingid": 1411
    },
    {
        "bookingid": 6784
    },
    {
        "bookingid": 7155
    },
    {
        "bookingid": 5049
    },
    {
        "bookingid": 3764
    },
    {
        "bookingid": 197
    },
    {
        "bookingid": 7042
    },
    {
        "bookingid": 1621
    },
    {
        "bookingid": 6703
    },
    {
        "bookingid": 3330
    },
    {
        "bookingid": 4516
    },
    {
        "bookingid": 7847
    },
    {
        "bookingid": 8445
    },
    {
        "bookingid": 5259
    },
    {
        "bookingid": 6421
    },
    {
        "bookingid": 6526
    },
    {
        "bookingid": 9067
    },
    {
        "bookingid": 8563
    },
    {
        "bookingid": 8228
    },
    {
        "bookingid": 7603
    },
    {
        "bookingid": 5294
    },
    {
        "bookingid": 8740
    },
    {
        "bookingid": 8155
    },
    {
        "bookingid": 7384
    },
    {
        "bookingid": 1671
    },
    {
        "bookingid": 9134
    },
    {
        "bookingid": 7057
    },
    {
        "bookingid": 3584
    },
    {
        "bookingid": 1268
    },
    {
        "bookingid": 2063
    },
    {
        "bookingid": 1807
    },
    {
        "bookingid": 2467
    },
    {
        "bookingid": 2864
    },
    {
        "bookingid": 9293
    },
    {
        "bookingid": 8218
    },
    {
        "bookingid": 2033
    },
    {
        "bookingid": 3715
    },
    {
        "bookingid": 6447
    },
    {
        "bookingid": 8698
    },
    {
        "bookingid": 8871
    },
    {
        "bookingid": 7845
    },
    {
        "bookingid": 5697
    },
    {
        "bookingid": 4435
    },
    {
        "bookingid": 70
    },
    {
        "bookingid": 4388
    },
    {
        "bookingid": 3490
    },
    {
        "bookingid": 4146
    },
    {
        "bookingid": 5945
    },
    {
        "bookingid": 9023
    },
    {
        "bookingid": 6346
    },
    {
        "bookingid": 7254
    },
    {
        "bookingid": 8115
    },
    {
        "bookingid": 1572
    },
    {
        "bookingid": 8594
    },
    {
        "bookingid": 7753
    },
    {
        "bookingid": 3056
    },
    {
        "bookingid": 1989
    },
    {
        "bookingid": 9419
    },
    {
        "bookingid": 2018
    },
    {
        "bookingid": 7475
    },
    {
        "bookingid": 8181
    },
    {
        "bookingid": 1300
    },
    {
        "bookingid": 6453
    },
    {
        "bookingid": 6178
    },
    {
        "bookingid": 7812
    },
    {
        "bookingid": 3671
    },
    {
        "bookingid": 7528
    },
    {
        "bookingid": 426
    },
    {
        "bookingid": 8695
    },
    {
        "bookingid": 9395
    },
    {
        "bookingid": 4045
    },
    {
        "bookingid": 3154
    },
    {
        "bookingid": 761
    },
    {
        "bookingid": 5706
    },
    {
        "bookingid": 2374
    },
    {
        "bookingid": 4695
    },
    {
        "bookingid": 8187
    },
    {
        "bookingid": 4309
    },
    {
        "bookingid": 2410
    },
    {
        "bookingid": 8048
    },
    {
        "bookingid": 1877
    },
    {
        "bookingid": 756
    },
    {
        "bookingid": 7276
    },
    {
        "bookingid": 5926
    },
    {
        "bookingid": 7004
    },
    {
        "bookingid": 2783
    },
    {
        "bookingid": 7013
    },
    {
        "bookingid": 4450
    },
    {
        "bookingid": 3377
    },
    {
        "bookingid": 5934
    },
    {
        "bookingid": 4086
    },
    {
        "bookingid": 5821
    },
    {
        "bookingid": 1584
    },
    {
        "bookingid": 8289
    },
    {
        "bookingid": 6304
    },
    {
        "bookingid": 4611
    },
    {
        "bookingid": 742
    },
    {
        "bookingid": 8009
    },
    {
        "bookingid": 4284
    },
    {
        "bookingid": 609
    },
    {
        "bookingid": 7349
    },
    {
        "bookingid": 9005
    },
    {
        "bookingid": 8362
    },
    {
        "bookingid": 399
    },
    {
        "bookingid": 394
    },
    {
        "bookingid": 6254
    },
    {
        "bookingid": 3615
    },
    {
        "bookingid": 4756
    },
    {
        "bookingid": 6528
    },
    {
        "bookingid": 5199
    },
    {
        "bookingid": 5106
    },
    {
        "bookingid": 6492
    },
    {
        "bookingid": 7758
    },
    {
        "bookingid": 1758
    },
    {
        "bookingid": 1225
    },
    {
        "bookingid": 3046
    },
    {
        "bookingid": 71
    },
    {
        "bookingid": 7654
    },
    {
        "bookingid": 2420
    },
    {
        "bookingid": 2048
    },
    {
        "bookingid": 3962
    },
    {
        "bookingid": 4657
    },
    {
        "bookingid": 648
    },
    {
        "bookingid": 8764
    },
    {
        "bookingid": 3894
    },
    {
        "bookingid": 3197
    },
    {
        "bookingid": 6632
    },
    {
        "bookingid": 6194
    },
    {
        "bookingid": 7986
    },
    {
        "bookingid": 3519
    },
    {
        "bookingid": 8791
    },
    {
        "bookingid": 5531
    },
    {
        "bookingid": 2423
    },
    {
        "bookingid": 5589
    },
    {
        "bookingid": 5547
    },
    {
        "bookingid": 3835
    },
    {
        "bookingid": 5949
    },
    {
        "bookingid": 3436
    },
    {
        "bookingid": 7448
    },
    {
        "bookingid": 8070
    },
    {
        "bookingid": 7844
    },
    {
        "bookingid": 5346
    },
    {
        "bookingid": 2678
    },
    {
        "bookingid": 5896
    },
    {
        "bookingid": 5895
    },
    {
        "bookingid": 6161
    },
    {
        "bookingid": 5802
    },
    {
        "bookingid": 9052
    },
    {
        "bookingid": 8252
    },
    {
        "bookingid": 1694
    },
    {
        "bookingid": 4897
    },
    {
        "bookingid": 3298
    },
    {
        "bookingid": 5606
    },
    {
        "bookingid": 7030
    },
    {
        "bookingid": 5491
    },
    {
        "bookingid": 4230
    },
    {
        "bookingid": 4308
    },
    {
        "bookingid": 585
    },
    {
        "bookingid": 2072
    },
    {
        "bookingid": 6658
    },
    {
        "bookingid": 1001
    },
    {
        "bookingid": 575
    },
    {
        "bookingid": 1359
    },
    {
        "bookingid": 5521
    },
    {
        "bookingid": 1234
    },
    {
        "bookingid": 6471
    },
    {
        "bookingid": 3895
    },
    {
        "bookingid": 1377
    },
    {
        "bookingid": 2722
    },
    {
        "bookingid": 6858
    },
    {
        "bookingid": 3435
    },
    {
        "bookingid": 1173
    },
    {
        "bookingid": 8219
    },
    {
        "bookingid": 7967
    },
    {
        "bookingid": 2782
    },
    {
        "bookingid": 4360
    },
    {
        "bookingid": 7500
    },
    {
        "bookingid": 7918
    },
    {
        "bookingid": 1712
    },
    {
        "bookingid": 227
    },
    {
        "bookingid": 6938
    },
    {
        "bookingid": 1714
    },
    {
        "bookingid": 8161
    },
    {
        "bookingid": 7473
    },
    {
        "bookingid": 2665
    },
    {
        "bookingid": 6804
    },
    {
        "bookingid": 5997
    },
    {
        "bookingid": 1174
    },
    {
        "bookingid": 1019
    },
    {
        "bookingid": 262
    },
    {
        "bookingid": 7941
    },
    {
        "bookingid": 530
    },
    {
        "bookingid": 2079
    },
    {
        "bookingid": 6588
    },
    {
        "bookingid": 6466
    },
    {
        "bookingid": 7780
    },
    {
        "bookingid": 5944
    },
    {
        "bookingid": 9014
    },
    {
        "bookingid": 3039
    },
    {
        "bookingid": 4432
    },
    {
        "bookingid": 7525
    },
    {
        "bookingid": 3683
    },
    {
        "bookingid": 5981
    },
    {
        "bookingid": 4117
    },
    {
        "bookingid": 6158
    },
    {
        "bookingid": 1920
    },
    {
        "bookingid": 6229
    },
    {
        "bookingid": 3202
    },
    {
        "bookingid": 9140
    },
    {
        "bookingid": 6285
    },
    {
        "bookingid": 634
    },
    {
        "bookingid": 3566
    },
    {
        "bookingid": 5708
    },
    {
        "bookingid": 8147
    },
    {
        "bookingid": 8934
    },
    {
        "bookingid": 6604
    },
    {
        "bookingid": 8795
    },
    {
        "bookingid": 7341
    },
    {
        "bookingid": 3678
    },
    {
        "bookingid": 6184
    },
    {
        "bookingid": 5500
    },
    {
        "bookingid": 5260
    },
    {
        "bookingid": 671
    },
    {
        "bookingid": 3567
    },
    {
        "bookingid": 2713
    },
    {
        "bookingid": 6634
    },
    {
        "bookingid": 8317
    },
    {
        "bookingid": 3843
    },
    {
        "bookingid": 4265
    },
    {
        "bookingid": 1209
    },
    {
        "bookingid": 3534
    },
    {
        "bookingid": 8848
    },
    {
        "bookingid": 2960
    },
    {
        "bookingid": 8735
    },
    {
        "bookingid": 3193
    },
    {
        "bookingid": 2640
    },
    {
        "bookingid": 7066
    },
    {
        "bookingid": 7725
    },
    {
        "bookingid": 4886
    },
    {
        "bookingid": 7118
    },
    {
        "bookingid": 7191
    },
    {
        "bookingid": 7715
    },
    {
        "bookingid": 1534
    },
    {
        "bookingid": 8517
    },
    {
        "bookingid": 7948
    },
    {
        "bookingid": 4126
    },
    {
        "bookingid": 686
    },
    {
        "bookingid": 4812
    },
    {
        "bookingid": 8240
    },
    {
        "bookingid": 4078
    },
    {
        "bookingid": 877
    },
    {
        "bookingid": 1787
    },
    {
        "bookingid": 1043
    },
    {
        "bookingid": 917
    },
    {
        "bookingid": 971
    },
    {
        "bookingid": 4002
    },
    {
        "bookingid": 1062
    },
    {
        "bookingid": 8285
    },
    {
        "bookingid": 8499
    },
    {
        "bookingid": 7410
    },
    {
        "bookingid": 772
    },
    {
        "bookingid": 4521
    },
    {
        "bookingid": 713
    },
    {
        "bookingid": 8777
    },
    {
        "bookingid": 4649
    },
    {
        "bookingid": 8877
    },
    {
        "bookingid": 7685
    },
    {
        "bookingid": 7778
    },
    {
        "bookingid": 6490
    },
    {
        "bookingid": 2517
    },
    {
        "bookingid": 2068
    },
    {
        "bookingid": 7816
    },
    {
        "bookingid": 3475
    },
    {
        "bookingid": 9183
    },
    {
        "bookingid": 1
    },
    {
        "bookingid": 8044
    },
    {
        "bookingid": 2381
    },
    {
        "bookingid": 5089
    },
    {
        "bookingid": 642
    },
    {
        "bookingid": 4685
    },
    {
        "bookingid": 7950
    },
    {
        "bookingid": 659
    },
    {
        "bookingid": 1031
    },
    {
        "bookingid": 3285
    },
    {
        "bookingid": 567
    },
    {
        "bookingid": 2200
    },
    {
        "bookingid": 6552
    },
    {
        "bookingid": 1052
    },
    {
        "bookingid": 9354
    },
    {
        "bookingid": 5838
    },
    {
        "bookingid": 5227
    },
    {
        "bookingid": 2942
    },
    {
        "bookingid": 8347
    },
    {
        "bookingid": 3576
    },
    {
        "bookingid": 8266
    },
    {
        "bookingid": 1790
    },
    {
        "bookingid": 1274
    },
    {
        "bookingid": 7766
    },
    {
        "bookingid": 4419
    },
    {
        "bookingid": 983
    },
    {
        "bookingid": 9081
    },
    {
        "bookingid": 4826
    },
    {
        "bookingid": 7703
    },
    {
        "bookingid": 1860
    },
    {
        "bookingid": 8086
    },
    {
        "bookingid": 8328
    },
    {
        "bookingid": 1810
    },
    {
        "bookingid": 8956
    },
    {
        "bookingid": 7686
    },
    {
        "bookingid": 3586
    },
    {
        "bookingid": 4579
    },
    {
        "bookingid": 2130
    },
    {
        "bookingid": 7787
    },
    {
        "bookingid": 1253
    },
    {
        "bookingid": 8023
    },
    {
        "bookingid": 3402
    },
    {
        "bookingid": 7848
    },
    {
        "bookingid": 5074
    },
    {
        "bookingid": 5486
    },
    {
        "bookingid": 1360
    },
    {
        "bookingid": 8867
    },
    {
        "bookingid": 3426
    },
    {
        "bookingid": 5484
    },
    {
        "bookingid": 8648
    },
    {
        "bookingid": 3057
    },
    {
        "bookingid": 9315
    },
    {
        "bookingid": 6905
    },
    {
        "bookingid": 218
    },
    {
        "bookingid": 6247
    },
    {
        "bookingid": 9083
    },
    {
        "bookingid": 8309
    },
    {
        "bookingid": 4648
    },
    {
        "bookingid": 5369
    },
    {
        "bookingid": 8375
    },
    {
        "bookingid": 1838
    },
    {
        "bookingid": 3540
    },
    {
        "bookingid": 3434
    },
    {
        "bookingid": 6054
    },
    {
        "bookingid": 228
    },
    {
        "bookingid": 184
    },
    {
        "bookingid": 196
    },
    {
        "bookingid": 8038
    },
    {
        "bookingid": 6947
    },
    {
        "bookingid": 822
    },
    {
        "bookingid": 8675
    },
    {
        "bookingid": 628
    },
    {
        "bookingid": 234
    },
    {
        "bookingid": 5263
    },
    {
        "bookingid": 4511
    },
    {
        "bookingid": 7432
    },
    {
        "bookingid": 4901
    },
    {
        "bookingid": 5021
    },
    {
        "bookingid": 3270
    },
    {
        "bookingid": 4111
    },
    {
        "bookingid": 8814
    },
    {
        "bookingid": 1435
    },
    {
        "bookingid": 1830
    },
    {
        "bookingid": 2769
    },
    {
        "bookingid": 8694
    },
    {
        "bookingid": 6472
    },
    {
        "bookingid": 6728
    },
    {
        "bookingid": 5166
    },
    {
        "bookingid": 4744
    },
    {
        "bookingid": 6718
    },
    {
        "bookingid": 3899
    },
    {
        "bookingid": 5819
    },
    {
        "bookingid": 1005
    },
    {
        "bookingid": 4689
    },
    {
        "bookingid": 3424
    },
    {
        "bookingid": 3312
    },
    {
        "bookingid": 5427
    },
    {
        "bookingid": 5925
    },
    {
        "bookingid": 4474
    },
    {
        "bookingid": 5044
    },
    {
        "bookingid": 624
    },
    {
        "bookingid": 6201
    },
    {
        "bookingid": 8489
    },
    {
        "bookingid": 4745
    },
    {
        "bookingid": 5689
    },
    {
        "bookingid": 2418
    },
    {
        "bookingid": 788
    },
    {
        "bookingid": 542
    },
    {
        "bookingid": 6367
    },
    {
        "bookingid": 64
    },
    {
        "bookingid": 5620
    },
    {
        "bookingid": 1270
    },
    {
        "bookingid": 4156
    },
    {
        "bookingid": 6598
    },
    {
        "bookingid": 4484
    },
    {
        "bookingid": 4530
    },
    {
        "bookingid": 6496
    },
    {
        "bookingid": 4591
    },
    {
        "bookingid": 5368
    },
    {
        "bookingid": 4829
    },
    {
        "bookingid": 9080
    },
    {
        "bookingid": 435
    },
    {
        "bookingid": 1819
    },
    {
        "bookingid": 7508
    },
    {
        "bookingid": 2323
    },
    {
        "bookingid": 4366
    },
    {
        "bookingid": 2013
    },
    {
        "bookingid": 2813
    },
    {
        "bookingid": 1441
    },
    {
        "bookingid": 2717
    },
    {
        "bookingid": 914
    },
    {
        "bookingid": 5032
    },
    {
        "bookingid": 6330
    },
    {
        "bookingid": 652
    },
    {
        "bookingid": 173
    },
    {
        "bookingid": 9135
    },
    {
        "bookingid": 7238
    },
    {
        "bookingid": 2240
    },
    {
        "bookingid": 2710
    },
    {
        "bookingid": 8408
    },
    {
        "bookingid": 7920
    },
    {
        "bookingid": 3246
    },
    {
        "bookingid": 3743
    },
    {
        "bookingid": 7460
    },
    {
        "bookingid": 8003
    },
    {
        "bookingid": 7231
    },
    {
        "bookingid": 4430
    },
    {
        "bookingid": 7568
    },
    {
        "bookingid": 4570
    },
    {
        "bookingid": 4279
    },
    {
        "bookingid": 4413
    },
    {
        "bookingid": 321
    },
    {
        "bookingid": 1888
    },
    {
        "bookingid": 254
    },
    {
        "bookingid": 718
    },
    {
        "bookingid": 3119
    },
    {
        "bookingid": 8078
    },
    {
        "bookingid": 3505
    },
    {
        "bookingid": 5709
    },
    {
        "bookingid": 2313
    },
    {
        "bookingid": 7981
    },
    {
        "bookingid": 2740
    },
    {
        "bookingid": 76
    },
    {
        "bookingid": 2279
    },
    {
        "bookingid": 6635
    },
    {
        "bookingid": 2165
    },
    {
        "bookingid": 7565
    },
    {
        "bookingid": 7637
    },
    {
        "bookingid": 6742
    },
    {
        "bookingid": 9249
    },
    {
        "bookingid": 6149
    },
    {
        "bookingid": 2146
    },
    {
        "bookingid": 4235
    },
    {
        "bookingid": 4831
    },
    {
        "bookingid": 1634
    },
    {
        "bookingid": 6702
    },
    {
        "bookingid": 1611
    },
    {
        "bookingid": 1957
    },
    {
        "bookingid": 6854
    },
    {
        "bookingid": 7214
    },
    {
        "bookingid": 4490
    },
    {
        "bookingid": 555
    },
    {
        "bookingid": 5062
    },
    {
        "bookingid": 1683
    },
    {
        "bookingid": 7757
    },
    {
        "bookingid": 1608
    },
    {
        "bookingid": 6687
    },
    {
        "bookingid": 844
    },
    {
        "bookingid": 8211
    },
    {
        "bookingid": 908
    },
    {
        "bookingid": 2209
    },
    {
        "bookingid": 7249
    },
    {
        "bookingid": 8540
    },
    {
        "bookingid": 4864
    },
    {
        "bookingid": 3660
    },
    {
        "bookingid": 5741
    },
    {
        "bookingid": 4185
    },
    {
        "bookingid": 8547
    },
    {
        "bookingid": 7353
    },
    {
        "bookingid": 4996
    },
    {
        "bookingid": 2629
    },
    {
        "bookingid": 9164
    },
    {
        "bookingid": 416
    },
    {
        "bookingid": 4263
    },
    {
        "bookingid": 8662
    },
    {
        "bookingid": 5240
    },
    {
        "bookingid": 6216
    },
    {
        "bookingid": 7296
    },
    {
        "bookingid": 9149
    },
    {
        "bookingid": 3036
    },
    {
        "bookingid": 6597
    },
    {
        "bookingid": 2360
    },
    {
        "bookingid": 504
    },
    {
        "bookingid": 6640
    },
    {
        "bookingid": 8422
    },
    {
        "bookingid": 8346
    },
    {
        "bookingid": 8026
    },
    {
        "bookingid": 4248
    },
    {
        "bookingid": 2954
    },
    {
        "bookingid": 356
    },
    {
        "bookingid": 6006
    },
    {
        "bookingid": 816
    },
    {
        "bookingid": 5715
    },
    {
        "bookingid": 9043
    },
    {
        "bookingid": 5565
    },
    {
        "bookingid": 3781
    },
    {
        "bookingid": 4639
    },
    {
        "bookingid": 3060
    },
    {
        "bookingid": 8558
    },
    {
        "bookingid": 204
    },
    {
        "bookingid": 6838
    },
    {
        "bookingid": 4353
    },
    {
        "bookingid": 4811
    },
    {
        "bookingid": 28
    },
    {
        "bookingid": 5724
    },
    {
        "bookingid": 4171
    },
    {
        "bookingid": 8367
    },
    {
        "bookingid": 7102
    },
    {
        "bookingid": 2161
    },
    {
        "bookingid": 8290
    },
    {
        "bookingid": 1722
    },
    {
        "bookingid": 8763
    },
    {
        "bookingid": 6098
    },
    {
        "bookingid": 2554
    },
    {
        "bookingid": 2285
    },
    {
        "bookingid": 3212
    },
    {
        "bookingid": 6668
    },
    {
        "bookingid": 1104
    },
    {
        "bookingid": 8726
    },
    {
        "bookingid": 4625
    },
    {
        "bookingid": 6583
    },
    {
        "bookingid": 8360
    },
    {
        "bookingid": 138
    },
    {
        "bookingid": 690
    },
    {
        "bookingid": 2092
    },
    {
        "bookingid": 3252
    },
    {
        "bookingid": 8394
    },
    {
        "bookingid": 3130
    },
    {
        "bookingid": 5889
    },
    {
        "bookingid": 2626
    },
    {
        "bookingid": 7533
    },
    {
        "bookingid": 3620
    },
    {
        "bookingid": 6617
    },
    {
        "bookingid": 615
    },
    {
        "bookingid": 6125
    },
    {
        "bookingid": 5636
    },
    {
        "bookingid": 6805
    },
    {
        "bookingid": 8550
    },
    {
        "bookingid": 3887
    },
    {
        "bookingid": 9208
    },
    {
        "bookingid": 6134
    },
    {
        "bookingid": 4096
    },
    {
        "bookingid": 6746
    },
    {
        "bookingid": 3100
    },
    {
        "bookingid": 2559
    },
    {
        "bookingid": 5301
    },
    {
        "bookingid": 3520
    },
    {
        "bookingid": 177
    },
    {
        "bookingid": 1707
    },
    {
        "bookingid": 3288
    },
    {
        "bookingid": 4457
    },
    {
        "bookingid": 8302
    },
    {
        "bookingid": 6879
    },
    {
        "bookingid": 3614
    },
    {
        "bookingid": 8697
    },
    {
        "bookingid": 2731
    },
    {
        "bookingid": 6993
    },
    {
        "bookingid": 3714
    },
    {
        "bookingid": 9162
    },
    {
        "bookingid": 8504
    },
    {
        "bookingid": 8979
    },
    {
        "bookingid": 7012
    },
    {
        "bookingid": 4838
    },
    {
        "bookingid": 1287
    },
    {
        "bookingid": 2968
    },
    {
        "bookingid": 7413
    },
    {
        "bookingid": 2869
    },
    {
        "bookingid": 564
    },
    {
        "bookingid": 6277
    },
    {
        "bookingid": 3358
    },
    {
        "bookingid": 96
    },
    {
        "bookingid": 351
    },
    {
        "bookingid": 6137
    },
    {
        "bookingid": 9338
    },
    {
        "bookingid": 5448
    },
    {
        "bookingid": 4509
    },
    {
        "bookingid": 1430
    },
    {
        "bookingid": 4931
    },
    {
        "bookingid": 7681
    },
    {
        "bookingid": 8612
    },
    {
        "bookingid": 6562
    },
    {
        "bookingid": 6265
    },
    {
        "bookingid": 2421
    },
    {
        "bookingid": 7342
    },
    {
        "bookingid": 9261
    },
    {
        "bookingid": 5615
    },
    {
        "bookingid": 1296
    },
    {
        "bookingid": 8470
    },
    {
        "bookingid": 3914
    },
    {
        "bookingid": 8617
    },
    {
        "bookingid": 5094
    },
    {
        "bookingid": 8853
    },
    {
        "bookingid": 9336
    },
    {
        "bookingid": 5096
    },
    {
        "bookingid": 3172
    },
    {
        "bookingid": 3390
    },
    {
        "bookingid": 2258
    },
    {
        "bookingid": 2589
    },
    {
        "bookingid": 386
    },
    {
        "bookingid": 330
    },
    {
        "bookingid": 5572
    },
    {
        "bookingid": 5440
    },
    {
        "bookingid": 4231
    },
    {
        "bookingid": 6059
    },
    {
        "bookingid": 2973
    },
    {
        "bookingid": 1765
    },
    {
        "bookingid": 6347
    },
    {
        "bookingid": 8984
    },
    {
        "bookingid": 6550
    },
    {
        "bookingid": 1666
    },
    {
        "bookingid": 1730
    },
    {
        "bookingid": 6936
    },
    {
        "bookingid": 4573
    },
    {
        "bookingid": 1312
    },
    {
        "bookingid": 5932
    },
    {
        "bookingid": 8081
    },
    {
        "bookingid": 329
    },
    {
        "bookingid": 8614
    },
    {
        "bookingid": 8064
    },
    {
        "bookingid": 1699
    },
    {
        "bookingid": 7966
    },
    {
        "bookingid": 387
    },
    {
        "bookingid": 7078
    },
    {
        "bookingid": 3070
    },
    {
        "bookingid": 3228
    },
    {
        "bookingid": 73
    },
    {
        "bookingid": 172
    },
    {
        "bookingid": 2853
    },
    {
        "bookingid": 4190
    },
    {
        "bookingid": 395
    },
    {
        "bookingid": 2458
    },
    {
        "bookingid": 7652
    },
    {
        "bookingid": 2411
    },
    {
        "bookingid": 3840
    },
    {
        "bookingid": 2432
    },
    {
        "bookingid": 1097
    },
    {
        "bookingid": 1928
    },
    {
        "bookingid": 5825
    },
    {
        "bookingid": 2226
    },
    {
        "bookingid": 5552
    },
    {
        "bookingid": 7310
    },
    {
        "bookingid": 8963
    },
    {
        "bookingid": 9024
    },
    {
        "bookingid": 6480
    },
    {
        "bookingid": 7019
    },
    {
        "bookingid": 8423
    },
    {
        "bookingid": 3221
    },
    {
        "bookingid": 33
    },
    {
        "bookingid": 7672
    },
    {
        "bookingid": 6567
    },
    {
        "bookingid": 6873
    },
    {
        "bookingid": 277
    },
    {
        "bookingid": 3578
    },
    {
        "bookingid": 4716
    },
    {
        "bookingid": 6509
    },
    {
        "bookingid": 7063
    },
    {
        "bookingid": 7098
    },
    {
        "bookingid": 9132
    },
    {
        "bookingid": 2790
    },
    {
        "bookingid": 3034
    },
    {
        "bookingid": 4381
    },
    {
        "bookingid": 1786
    },
    {
        "bookingid": 4203
    },
    {
        "bookingid": 8453
    },
    {
        "bookingid": 5674
    },
    {
        "bookingid": 9275
    },
    {
        "bookingid": 560
    },
    {
        "bookingid": 2160
    },
    {
        "bookingid": 8428
    },
    {
        "bookingid": 2806
    },
    {
        "bookingid": 846
    },
    {
        "bookingid": 1839
    },
    {
        "bookingid": 1774
    },
    {
        "bookingid": 230
    },
    {
        "bookingid": 4321
    },
    {
        "bookingid": 8321
    },
    {
        "bookingid": 3360
    },
    {
        "bookingid": 5839
    },
    {
        "bookingid": 5232
    },
    {
        "bookingid": 4617
    },
    {
        "bookingid": 3875
    },
    {
        "bookingid": 784
    },
    {
        "bookingid": 5608
    },
    {
        "bookingid": 6510
    },
    {
        "bookingid": 168
    },
    {
        "bookingid": 1594
    },
    {
        "bookingid": 6618
    },
    {
        "bookingid": 314
    },
    {
        "bookingid": 2786
    },
    {
        "bookingid": 7288
    },
    {
        "bookingid": 8492
    },
    {
        "bookingid": 592
    },
    {
        "bookingid": 6408
    },
    {
        "bookingid": 3752
    },
    {
        "bookingid": 5755
    },
    {
        "bookingid": 9169
    },
    {
        "bookingid": 8592
    },
    {
        "bookingid": 6856
    },
    {
        "bookingid": 2071
    },
    {
        "bookingid": 3090
    },
    {
        "bookingid": 5415
    },
    {
        "bookingid": 9163
    },
    {
        "bookingid": 8646
    },
    {
        "bookingid": 1893
    },
    {
        "bookingid": 4336
    },
    {
        "bookingid": 517
    },
    {
        "bookingid": 9328
    },
    {
        "bookingid": 8762
    },
    {
        "bookingid": 2190
    },
    {
        "bookingid": 6119
    },
    {
        "bookingid": 3645
    },
    {
        "bookingid": 6406
    },
    {
        "bookingid": 7794
    },
    {
        "bookingid": 6409
    },
    {
        "bookingid": 8620
    },
    {
        "bookingid": 9256
    },
    {
        "bookingid": 9217
    },
    {
        "bookingid": 406
    },
    {
        "bookingid": 2395
    },
    {
        "bookingid": 2543
    },
    {
        "bookingid": 4433
    },
    {
        "bookingid": 5878
    },
    {
        "bookingid": 9125
    },
    {
        "bookingid": 833
    },
    {
        "bookingid": 6190
    },
    {
        "bookingid": 6148
    },
    {
        "bookingid": 336
    },
    {
        "bookingid": 5588
    },
    {
        "bookingid": 5431
    },
    {
        "bookingid": 3953
    },
    {
        "bookingid": 5761
    },
    {
        "bookingid": 3323
    },
    {
        "bookingid": 8859
    },
    {
        "bookingid": 8386
    },
    {
        "bookingid": 9028
    },
    {
        "bookingid": 881
    },
    {
        "bookingid": 1643
    },
    {
        "bookingid": 6111
    },
    {
        "bookingid": 2446
    },
    {
        "bookingid": 1844
    },
    {
        "bookingid": 1547
    },
    {
        "bookingid": 7976
    },
    {
        "bookingid": 4582
    },
    {
        "bookingid": 2286
    },
    {
        "bookingid": 9363
    },
    {
        "bookingid": 2270
    },
    {
        "bookingid": 4439
    },
    {
        "bookingid": 734
    },
    {
        "bookingid": 5560
    },
    {
        "bookingid": 7306
    },
    {
        "bookingid": 2627
    },
    {
        "bookingid": 7538
    },
    {
        "bookingid": 4971
    },
    {
        "bookingid": 9329
    },
    {
        "bookingid": 8395
    },
    {
        "bookingid": 1157
    },
    {
        "bookingid": 5564
    },
    {
        "bookingid": 5490
    },
    {
        "bookingid": 8175
    },
    {
        "bookingid": 9148
    },
    {
        "bookingid": 3769
    },
    {
        "bookingid": 2340
    },
    {
        "bookingid": 1835
    },
    {
        "bookingid": 8945
    },
    {
        "bookingid": 433
    },
    {
        "bookingid": 2693
    },
    {
        "bookingid": 1762
    },
    {
        "bookingid": 617
    },
    {
        "bookingid": 2314
    },
    {
        "bookingid": 3853
    },
    {
        "bookingid": 8573
    },
    {
        "bookingid": 5252
    },
    {
        "bookingid": 1275
    },
    {
        "bookingid": 6559
    },
    {
        "bookingid": 2437
    },
    {
        "bookingid": 1477
    },
    {
        "bookingid": 7409
    },
    {
        "bookingid": 2961
    },
    {
        "bookingid": 9246
    },
    {
        "bookingid": 3847
    },
    {
        "bookingid": 6714
    },
    {
        "bookingid": 3964
    },
    {
        "bookingid": 2823
    },
    {
        "bookingid": 3998
    },
    {
        "bookingid": 7121
    },
    {
        "bookingid": 4797
    },
    {
        "bookingid": 1979
    },
    {
        "bookingid": 2436
    },
    {
        "bookingid": 6800
    },
    {
        "bookingid": 7633
    },
    {
        "bookingid": 3666
    },
    {
        "bookingid": 2659
    },
    {
        "bookingid": 6393
    },
    {
        "bookingid": 1470
    },
    {
        "bookingid": 3758
    },
    {
        "bookingid": 3011
    },
    {
        "bookingid": 8154
    },
    {
        "bookingid": 2788
    },
    {
        "bookingid": 6716
    },
    {
        "bookingid": 7084
    },
    {
        "bookingid": 9195
    },
    {
        "bookingid": 7246
    },
    {
        "bookingid": 8670
    },
    {
        "bookingid": 8971
    },
    {
        "bookingid": 2260
    },
    {
        "bookingid": 1191
    },
    {
        "bookingid": 3890
    },
    {
        "bookingid": 8172
    },
    {
        "bookingid": 5654
    },
    {
        "bookingid": 1966
    },
    {
        "bookingid": 4715
    },
    {
        "bookingid": 5043
    },
    {
        "bookingid": 5424
    },
    {
        "bookingid": 6461
    },
    {
        "bookingid": 5578
    },
    {
        "bookingid": 4584
    },
    {
        "bookingid": 4918
    },
    {
        "bookingid": 5623
    },
    {
        "bookingid": 707
    },
    {
        "bookingid": 5457
    },
    {
        "bookingid": 1850
    },
    {
        "bookingid": 1640
    },
    {
        "bookingid": 6541
    },
    {
        "bookingid": 3016
    },
    {
        "bookingid": 8982
    },
    {
        "bookingid": 8330
    },
    {
        "bookingid": 194
    },
    {
        "bookingid": 1467
    },
    {
        "bookingid": 5518
    },
    {
        "bookingid": 5762
    },
    {
        "bookingid": 29
    },
    {
        "bookingid": 9251
    },
    {
        "bookingid": 4470
    },
    {
        "bookingid": 1289
    },
    {
        "bookingid": 4349
    },
    {
        "bookingid": 3811
    },
    {
        "bookingid": 3286
    },
    {
        "bookingid": 9207
    },
    {
        "bookingid": 9223
    },
    {
        "bookingid": 7378
    },
    {
        "bookingid": 460
    },
    {
        "bookingid": 7824
    },
    {
        "bookingid": 439
    },
    {
        "bookingid": 2290
    },
    {
        "bookingid": 5169
    },
    {
        "bookingid": 5537
    },
    {
        "bookingid": 8673
    },
    {
        "bookingid": 3750
    },
    {
        "bookingid": 4545
    },
    {
        "bookingid": 2896
    },
    {
        "bookingid": 4967
    },
    {
        "bookingid": 7426
    },
    {
        "bookingid": 5904
    },
    {
        "bookingid": 6377
    },
    {
        "bookingid": 6861
    },
    {
        "bookingid": 67
    },
    {
        "bookingid": 4839
    },
    {
        "bookingid": 6015
    },
    {
        "bookingid": 3028
    },
    {
        "bookingid": 1757
    },
    {
        "bookingid": 8835
    },
    {
        "bookingid": 2481
    },
    {
        "bookingid": 3745
    },
    {
        "bookingid": 4181
    },
    {
        "bookingid": 6791
    },
    {
        "bookingid": 456
    },
    {
        "bookingid": 7180
    },
    {
        "bookingid": 6655
    },
    {
        "bookingid": 2906
    },
    {
        "bookingid": 2152
    },
    {
        "bookingid": 1391
    },
    {
        "bookingid": 6686
    },
    {
        "bookingid": 8640
    },
    {
        "bookingid": 5394
    },
    {
        "bookingid": 8636
    },
    {
        "bookingid": 2182
    },
    {
        "bookingid": 206
    },
    {
        "bookingid": 3276
    },
    {
        "bookingid": 4103
    },
    {
        "bookingid": 5159
    },
    {
        "bookingid": 1800
    },
    {
        "bookingid": 8706
    },
    {
        "bookingid": 1553
    },
    {
        "bookingid": 7457
    },
    {
        "bookingid": 525
    },
    {
        "bookingid": 6079
    },
    {
        "bookingid": 299
    },
    {
        "bookingid": 7571
    },
    {
        "bookingid": 954
    },
    {
        "bookingid": 6000
    },
    {
        "bookingid": 1884
    },
    {
        "bookingid": 803
    },
    {
        "bookingid": 183
    },
    {
        "bookingid": 9066
    },
    {
        "bookingid": 1310
    },
    {
        "bookingid": 5008
    },
    {
        "bookingid": 3529
    },
    {
        "bookingid": 9396
    },
    {
        "bookingid": 7369
    },
    {
        "bookingid": 6151
    },
    {
        "bookingid": 4035
    },
    {
        "bookingid": 951
    },
    {
        "bookingid": 376
    },
    {
        "bookingid": 1455
    },
    {
        "bookingid": 7380
    },
    {
        "bookingid": 1575
    },
    {
        "bookingid": 1164
    },
    {
        "bookingid": 6167
    },
    {
        "bookingid": 7282
    },
    {
        "bookingid": 5242
    },
    {
        "bookingid": 6672
    },
    {
        "bookingid": 7618
    },
    {
        "bookingid": 203
    },
    {
        "bookingid": 2905
    },
    {
        "bookingid": 8039
    },
    {
        "bookingid": 4779
    },
    {
        "bookingid": 415
    },
    {
        "bookingid": 30
    },
    {
        "bookingid": 7648
    },
    {
        "bookingid": 8234
    },
    {
        "bookingid": 8128
    },
    {
        "bookingid": 1246
    },
    {
        "bookingid": 4755
    },
    {
        "bookingid": 1265
    },
    {
        "bookingid": 339
    },
    {
        "bookingid": 7863
    },
    {
        "bookingid": 597
    },
    {
        "bookingid": 7418
    },
    {
        "bookingid": 7318
    },
    {
        "bookingid": 1568
    },
    {
        "bookingid": 8
    },
    {
        "bookingid": 2311
    },
    {
        "bookingid": 7907
    },
    {
        "bookingid": 5909
    },
    {
        "bookingid": 2046
    },
    {
        "bookingid": 5961
    },
    {
        "bookingid": 6107
    },
    {
        "bookingid": 201
    },
    {
        "bookingid": 4452
    },
    {
        "bookingid": 1241
    },
    {
        "bookingid": 5103
    },
    {
        "bookingid": 4097
    },
    {
        "bookingid": 2457
    },
    {
        "bookingid": 271
    },
    {
        "bookingid": 2337
    },
    {
        "bookingid": 5745
    },
    {
        "bookingid": 4633
    },
    {
        "bookingid": 7101
    },
    {
        "bookingid": 8314
    },
    {
        "bookingid": 7524
    },
    {
        "bookingid": 2056
    },
    {
        "bookingid": 233
    },
    {
        "bookingid": 2657
    },
    {
        "bookingid": 3818
    },
    {
        "bookingid": 2051
    },
    {
        "bookingid": 9058
    },
    {
        "bookingid": 1859
    },
    {
        "bookingid": 2415
    },
    {
        "bookingid": 3158
    },
    {
        "bookingid": 9384
    },
    {
        "bookingid": 3146
    },
    {
        "bookingid": 7470
    },
    {
        "bookingid": 5798
    },
    {
        "bookingid": 424
    },
    {
        "bookingid": 7132
    },
    {
        "bookingid": 487
    },
    {
        "bookingid": 12
    },
    {
        "bookingid": 3348
    },
    {
        "bookingid": 7879
    },
    {
        "bookingid": 8208
    },
    {
        "bookingid": 1725
    },
    {
        "bookingid": 865
    },
    {
        "bookingid": 7592
    },
    {
        "bookingid": 4074
    },
    {
        "bookingid": 8107
    },
    {
        "bookingid": 5822
    },
    {
        "bookingid": 921
    },
    {
        "bookingid": 1257
    },
    {
        "bookingid": 5323
    },
    {
        "bookingid": 8021
    },
    {
        "bookingid": 6413
    },
    {
        "bookingid": 4722
    },
    {
        "bookingid": 2614
    },
    {
        "bookingid": 1409
    },
    {
        "bookingid": 3251
    },
    {
        "bookingid": 264
    },
    {
        "bookingid": 5356
    },
    {
        "bookingid": 1421
    },
    {
        "bookingid": 7808
    },
    {
        "bookingid": 191
    },
    {
        "bookingid": 4077
    },
    {
        "bookingid": 6122
    },
    {
        "bookingid": 4555
    },
    {
        "bookingid": 8865
    },
    {
        "bookingid": 6929
    },
    {
        "bookingid": 8278
    },
    {
        "bookingid": 1003
    },
    {
        "bookingid": 223
    },
    {
        "bookingid": 7097
    },
    {
        "bookingid": 4551
    },
    {
        "bookingid": 1044
    },
    {
        "bookingid": 211
    },
    {
        "bookingid": 3121
    },
    {
        "bookingid": 1181
    },
    {
        "bookingid": 187
    },
    {
        "bookingid": 8112
    },
    {
        "bookingid": 870
    },
    {
        "bookingid": 6210
    },
    {
        "bookingid": 5173
    },
    {
        "bookingid": 7580
    },
    {
        "bookingid": 6025
    },
    {
        "bookingid": 3621
    },
    {
        "bookingid": 6370
    },
    {
        "bookingid": 7138
    },
    {
        "bookingid": 4151
    },
    {
        "bookingid": 3035
    },
    {
        "bookingid": 3597
    },
    {
        "bookingid": 2846
    },
    {
        "bookingid": 3066
    },
    {
        "bookingid": 1483
    },
    {
        "bookingid": 5033
    },
    {
        "bookingid": 4428
    },
    {
        "bookingid": 1827
    },
    {
        "bookingid": 3318
    },
    {
        "bookingid": 838
    },
    {
        "bookingid": 4482
    },
    {
        "bookingid": 7573
    },
    {
        "bookingid": 4186
    },
    {
        "bookingid": 6252
    },
    {
        "bookingid": 8177
    },
    {
        "bookingid": 7486
    },
    {
        "bookingid": 1294
    },
    {
        "bookingid": 4346
    },
    {
        "bookingid": 5840
    },
    {
        "bookingid": 8800
    },
    {
        "bookingid": 1116
    },
    {
        "bookingid": 6234
    },
    {
        "bookingid": 5680
    },
    {
        "bookingid": 6159
    },
    {
        "bookingid": 3827
    },
    {
        "bookingid": 2295
    },
    {
        "bookingid": 9324
    },
    {
        "bookingid": 461
    },
    {
        "bookingid": 4686
    },
    {
        "bookingid": 1772
    },
    {
        "bookingid": 7219
    },
    {
        "bookingid": 1986
    },
    {
        "bookingid": 3618
    },
    {
        "bookingid": 4673
    },
    {
        "bookingid": 7054
    },
    {
        "bookingid": 6069
    },
    {
        "bookingid": 7374
    },
    {
        "bookingid": 5332
    },
    {
        "bookingid": 4166
    },
    {
        "bookingid": 7741
    },
    {
        "bookingid": 8370
    },
    {
        "bookingid": 5387
    },
    {
        "bookingid": 3148
    },
    {
        "bookingid": 4865
    },
    {
        "bookingid": 2114
    },
    {
        "bookingid": 3
    },
    {
        "bookingid": 1899
    },
    {
        "bookingid": 7382
    },
    {
        "bookingid": 6312
    },
    {
        "bookingid": 4013
    },
    {
        "bookingid": 6508
    },
    {
        "bookingid": 635
    },
    {
        "bookingid": 6417
    },
    {
        "bookingid": 5587
    },
    {
        "bookingid": 6486
    },
    {
        "bookingid": 2734
    },
    {
        "bookingid": 7351
    },
    {
        "bookingid": 9389
    },
    {
        "bookingid": 8216
    },
    {
        "bookingid": 3277
    },
    {
        "bookingid": 5391
    },
    {
        "bookingid": 6272
    },
    {
        "bookingid": 3670
    },
    {
        "bookingid": 6732
    },
    {
        "bookingid": 5248
    },
    {
        "bookingid": 6605
    },
    {
        "bookingid": 7260
    },
    {
        "bookingid": 4476
    },
    {
        "bookingid": 5833
    },
    {
        "bookingid": 1538
    },
    {
        "bookingid": 6433
    },
    {
        "bookingid": 3738
    },
    {
        "bookingid": 7982
    },
    {
        "bookingid": 253
    },
    {
        "bookingid": 3747
    },
    {
        "bookingid": 6105
    },
    {
        "bookingid": 8475
    },
    {
        "bookingid": 7175
    },
    {
        "bookingid": 2317
    },
    {
        "bookingid": 57
    },
    {
        "bookingid": 3685
    },
    {
        "bookingid": 8820
    },
    {
        "bookingid": 2532
    },
    {
        "bookingid": 8538
    },
    {
        "bookingid": 5723
    },
    {
        "bookingid": 7359
    },
    {
        "bookingid": 4292
    },
    {
        "bookingid": 858
    },
    {
        "bookingid": 3945
    },
    {
        "bookingid": 7726
    },
    {
        "bookingid": 1074
    },
    {
        "bookingid": 3865
    },
    {
        "bookingid": 3587
    },
    {
        "bookingid": 6537
    },
    {
        "bookingid": 3570
    },
    {
        "bookingid": 2776
    },
    {
        "bookingid": 8335
    },
    {
        "bookingid": 7074
    },
    {
        "bookingid": 3210
    },
    {
        "bookingid": 284
    },
    {
        "bookingid": 915
    },
    {
        "bookingid": 8503
    },
    {
        "bookingid": 2456
    },
    {
        "bookingid": 6896
    },
    {
        "bookingid": 220
    },
    {
        "bookingid": 6271
    },
    {
        "bookingid": 2619
    },
    {
        "bookingid": 3898
    },
    {
        "bookingid": 8477
    },
    {
        "bookingid": 6646
    },
    {
        "bookingid": 1137
    },
    {
        "bookingid": 5812
    },
    {
        "bookingid": 9060
    },
    {
        "bookingid": 210
    },
    {
        "bookingid": 2277
    },
    {
        "bookingid": 934
    },
    {
        "bookingid": 6699
    },
    {
        "bookingid": 5637
    },
    {
        "bookingid": 791
    },
    {
        "bookingid": 1965
    },
    {
        "bookingid": 176
    },
    {
        "bookingid": 8755
    },
    {
        "bookingid": 6998
    },
    {
        "bookingid": 15
    },
    {
        "bookingid": 5645
    },
    {
        "bookingid": 1325
    },
    {
        "bookingid": 2403
    },
    {
        "bookingid": 442
    },
    {
        "bookingid": 4093
    },
    {
        "bookingid": 3909
    },
    {
        "bookingid": 5720
    },
    {
        "bookingid": 8882
    },
    {
        "bookingid": 5739
    },
    {
        "bookingid": 1628
    },
    {
        "bookingid": 302
    },
    {
        "bookingid": 6221
    },
    {
        "bookingid": 8899
    },
    {
        "bookingid": 3536
    },
    {
        "bookingid": 605
    },
    {
        "bookingid": 8520
    },
    {
        "bookingid": 3949
    },
    {
        "bookingid": 6566
    },
    {
        "bookingid": 9264
    },
    {
        "bookingid": 7869
    },
    {
        "bookingid": 3640
    },
    {
        "bookingid": 7398
    },
    {
        "bookingid": 8406
    },
    {
        "bookingid": 9348
    },
    {
        "bookingid": 8124
    },
    {
        "bookingid": 753
    },
    {
        "bookingid": 3082
    },
    {
        "bookingid": 5220
    },
    {
        "bookingid": 3634
    },
    {
        "bookingid": 7014
    },
    {
        "bookingid": 6012
    },
    {
        "bookingid": 3166
    },
    {
        "bookingid": 5158
    },
    {
        "bookingid": 5610
    },
    {
        "bookingid": 5746
    },
    {
        "bookingid": 2810
    },
    {
        "bookingid": 472
    },
    {
        "bookingid": 8869
    },
    {
        "bookingid": 9297
    },
    {
        "bookingid": 6224
    },
    {
        "bookingid": 180
    },
    {
        "bookingid": 2839
    },
    {
        "bookingid": 9064
    },
    {
        "bookingid": 7543
    },
    {
        "bookingid": 1900
    },
    {
        "bookingid": 7125
    },
    {
        "bookingid": 6444
    },
    {
        "bookingid": 5453
    },
    {
        "bookingid": 124
    },
    {
        "bookingid": 93
    },
    {
        "bookingid": 4789
    },
    {
        "bookingid": 5344
    },
    {
        "bookingid": 7892
    },
    {
        "bookingid": 7128
    },
    {
        "bookingid": 2486
    },
    {
        "bookingid": 2268
    },
    {
        "bookingid": 4501
    },
    {
        "bookingid": 619
    },
    {
        "bookingid": 5899
    },
    {
        "bookingid": 3398
    },
    {
        "bookingid": 3019
    },
    {
        "bookingid": 3264
    },
    {
        "bookingid": 4477
    },
    {
        "bookingid": 7866
    },
    {
        "bookingid": 3989
    },
    {
        "bookingid": 3619
    },
    {
        "bookingid": 8310
    },
    {
        "bookingid": 1627
    },
    {
        "bookingid": 660
    },
    {
        "bookingid": 1089
    },
    {
        "bookingid": 8656
    },
    {
        "bookingid": 2680
    },
    {
        "bookingid": 2297
    },
    {
        "bookingid": 4757
    },
    {
        "bookingid": 8197
    },
    {
        "bookingid": 817
    },
    {
        "bookingid": 5372
    },
    {
        "bookingid": 6314
    },
    {
        "bookingid": 8190
    },
    {
        "bookingid": 7512
    },
    {
        "bookingid": 709
    },
    {
        "bookingid": 8298
    },
    {
        "bookingid": 295
    },
    {
        "bookingid": 8057
    },
    {
        "bookingid": 1293
    },
    {
        "bookingid": 3559
    },
    {
        "bookingid": 6165
    },
    {
        "bookingid": 7806
    },
    {
        "bookingid": 4371
    },
    {
        "bookingid": 2563
    },
    {
        "bookingid": 7746
    },
    {
        "bookingid": 8711
    },
    {
        "bookingid": 5018
    },
    {
        "bookingid": 9041
    },
    {
        "bookingid": 7
    },
    {
        "bookingid": 1026
    },
    {
        "bookingid": 7089
    },
    {
        "bookingid": 5404
    },
    {
        "bookingid": 6670
    },
    {
        "bookingid": 8030
    },
    {
        "bookingid": 3186
    },
    {
        "bookingid": 1537
    },
    {
        "bookingid": 5596
    },
    {
        "bookingid": 6286
    },
    {
        "bookingid": 2510
    },
    {
        "bookingid": 935
    },
    {
        "bookingid": 2389
    },
    {
        "bookingid": 1223
    },
    {
        "bookingid": 4810
    },
    {
        "bookingid": 9019
    },
    {
        "bookingid": 2102
    },
    {
        "bookingid": 2391
    },
    {
        "bookingid": 3628
    },
    {
        "bookingid": 4972
    },
    {
        "bookingid": 5559
    },
    {
        "bookingid": 7870
    },
    {
        "bookingid": 2338
    },
    {
        "bookingid": 6463
    },
    {
        "bookingid": 7422
    },
    {
        "bookingid": 161
    },
    {
        "bookingid": 5414
    },
    {
        "bookingid": 2592
    },
    {
        "bookingid": 2833
    },
    {
        "bookingid": 8998
    },
    {
        "bookingid": 3995
    },
    {
        "bookingid": 826
    },
    {
        "bookingid": 8286
    },
    {
        "bookingid": 7676
    },
    {
        "bookingid": 987
    },
    {
        "bookingid": 7704
    },
    {
        "bookingid": 3105
    },
    {
        "bookingid": 6427
    },
    {
        "bookingid": 371
    },
    {
        "bookingid": 4421
    },
    {
        "bookingid": 8142
    },
    {
        "bookingid": 1937
    },
    {
        "bookingid": 9290
    },
    {
        "bookingid": 7539
    },
    {
        "bookingid": 9191
    },
    {
        "bookingid": 2926
    },
    {
        "bookingid": 9054
    },
    {
        "bookingid": 4249
    },
    {
        "bookingid": 328
    },
    {
        "bookingid": 658
    },
    {
        "bookingid": 2974
    },
    {
        "bookingid": 5673
    },
    {
        "bookingid": 5083
    },
    {
        "bookingid": 1783
    },
    {
        "bookingid": 367
    },
    {
        "bookingid": 621
    },
    {
        "bookingid": 8910
    },
    {
        "bookingid": 3633
    },
    {
        "bookingid": 4218
    },
    {
        "bookingid": 412
    },
    {
        "bookingid": 99
    },
    {
        "bookingid": 5652
    },
    {
        "bookingid": 7134
    },
    {
        "bookingid": 405
    },
    {
        "bookingid": 3806
    },
    {
        "bookingid": 4022
    },
    {
        "bookingid": 2065
    },
    {
        "bookingid": 3650
    },
    {
        "bookingid": 3485
    },
    {
        "bookingid": 3556
    },
    {
        "bookingid": 9366
    },
    {
        "bookingid": 8606
    },
    {
        "bookingid": 5891
    },
    {
        "bookingid": 249
    },
    {
        "bookingid": 7402
    },
    {
        "bookingid": 1861
    },
    {
        "bookingid": 5748
    },
    {
        "bookingid": 655
    },
    {
        "bookingid": 2373
    },
    {
        "bookingid": 4558
    },
    {
        "bookingid": 1494
    },
    {
        "bookingid": 5638
    },
    {
        "bookingid": 7010
    },
    {
        "bookingid": 849
    },
    {
        "bookingid": 290
    },
    {
        "bookingid": 5303
    },
    {
        "bookingid": 4232
    },
    {
        "bookingid": 973
    },
    {
        "bookingid": 6554
    },
    {
        "bookingid": 6758
    },
    {
        "bookingid": 9181
    },
    {
        "bookingid": 7223
    },
    {
        "bookingid": 964
    },
    {
        "bookingid": 7481
    },
    {
        "bookingid": 1239
    },
    {
        "bookingid": 4546
    },
    {
        "bookingid": 8029
    },
    {
        "bookingid": 6379
    },
    {
        "bookingid": 7071
    },
    {
        "bookingid": 2965
    },
    {
        "bookingid": 693
    },
    {
        "bookingid": 3690
    },
    {
        "bookingid": 4885
    },
    {
        "bookingid": 6425
    },
    {
        "bookingid": 7937
    },
    {
        "bookingid": 3387
    },
    {
        "bookingid": 5793
    },
    {
        "bookingid": 8195
    },
    {
        "bookingid": 2239
    },
    {
        "bookingid": 3043
    },
    {
        "bookingid": 8455
    },
    {
        "bookingid": 3420
    },
    {
        "bookingid": 752
    },
    {
        "bookingid": 9300
    },
    {
        "bookingid": 2883
    },
    {
        "bookingid": 5249
    },
    {
        "bookingid": 1789
    },
    {
        "bookingid": 4451
    },
    {
        "bookingid": 1033
    },
    {
        "bookingid": 6715
    },
    {
        "bookingid": 4241
    },
    {
        "bookingid": 1017
    },
    {
        "bookingid": 1662
    },
    {
        "bookingid": 495
    },
    {
        "bookingid": 9238
    },
    {
        "bookingid": 3405
    },
    {
        "bookingid": 2351
    },
    {
        "bookingid": 5693
    },
    {
        "bookingid": 4411
    },
    {
        "bookingid": 1777
    },
    {
        "bookingid": 7831
    },
    {
        "bookingid": 3849
    },
    {
        "bookingid": 6070
    },
    {
        "bookingid": 1138
    },
    {
        "bookingid": 8461
    },
    {
        "bookingid": 65
    },
    {
        "bookingid": 3915
    },
    {
        "bookingid": 3609
    },
    {
        "bookingid": 6613
    },
    {
        "bookingid": 5281
    },
    {
        "bookingid": 5472
    },
    {
        "bookingid": 1406
    },
    {
        "bookingid": 3564
    },
    {
        "bookingid": 8001
    },
    {
        "bookingid": 9196
    },
    {
        "bookingid": 638
    },
    {
        "bookingid": 7169
    },
    {
        "bookingid": 1336
    },
    {
        "bookingid": 8341
    },
    {
        "bookingid": 1622
    },
    {
        "bookingid": 2882
    },
    {
        "bookingid": 3798
    },
    {
        "bookingid": 5211
    },
    {
        "bookingid": 4374
    },
    {
        "bookingid": 4412
    },
    {
        "bookingid": 3115
    },
    {
        "bookingid": 3939
    },
    {
        "bookingid": 146
    },
    {
        "bookingid": 4660
    },
    {
        "bookingid": 3941
    },
    {
        "bookingid": 8932
    },
    {
        "bookingid": 1059
    },
    {
        "bookingid": 5595
    },
    {
        "bookingid": 7978
    },
    {
        "bookingid": 1180
    },
    {
        "bookingid": 2179
    },
    {
        "bookingid": 8281
    },
    {
        "bookingid": 8555
    },
    {
        "bookingid": 5562
    },
    {
        "bookingid": 1051
    },
    {
        "bookingid": 3975
    },
    {
        "bookingid": 5733
    },
    {
        "bookingid": 1894
    },
    {
        "bookingid": 8343
    },
    {
        "bookingid": 4645
    },
    {
        "bookingid": 3677
    },
    {
        "bookingid": 6538
    },
    {
        "bookingid": 7798
    },
    {
        "bookingid": 3249
    },
    {
        "bookingid": 9035
    },
    {
        "bookingid": 5700
    },
    {
        "bookingid": 3370
    },
    {
        "bookingid": 1543
    },
    {
        "bookingid": 8671
    },
    {
        "bookingid": 6589
    },
    {
        "bookingid": 6897
    },
    {
        "bookingid": 1449
    },
    {
        "bookingid": 1243
    },
    {
        "bookingid": 6972
    },
    {
        "bookingid": 2371
    },
    {
        "bookingid": 400
    },
    {
        "bookingid": 5868
    },
    {
        "bookingid": 3756
    },
    {
        "bookingid": 4073
    },
    {
        "bookingid": 1140
    },
    {
        "bookingid": 4274
    },
    {
        "bookingid": 2613
    },
    {
        "bookingid": 9321
    },
    {
        "bookingid": 6631
    },
    {
        "bookingid": 3025
    },
    {
        "bookingid": 5953
    },
    {
        "bookingid": 3213
    },
    {
        "bookingid": 8407
    },
    {
        "bookingid": 2309
    },
    {
        "bookingid": 8529
    },
    {
        "bookingid": 7944
    },
    {
        "bookingid": 505
    },
    {
        "bookingid": 6523
    },
    {
        "bookingid": 6196
    },
    {
        "bookingid": 5122
    },
    {
        "bookingid": 6005
    },
    {
        "bookingid": 5136
    },
    {
        "bookingid": 653
    },
    {
        "bookingid": 6362
    },
    {
        "bookingid": 5702
    },
    {
        "bookingid": 239
    },
    {
        "bookingid": 1974
    },
    {
        "bookingid": 7702
    },
    {
        "bookingid": 6282
    },
    {
        "bookingid": 7333
    },
    {
        "bookingid": 309
    },
    {
        "bookingid": 1513
    },
    {
        "bookingid": 4031
    },
    {
        "bookingid": 4237
    },
    {
        "bookingid": 418
    },
    {
        "bookingid": 3497
    },
    {
        "bookingid": 4101
    },
    {
        "bookingid": 6863
    },
    {
        "bookingid": 6772
    },
    {
        "bookingid": 6518
    },
    {
        "bookingid": 8828
    },
    {
        "bookingid": 378
    },
    {
        "bookingid": 477
    },
    {
        "bookingid": 891
    },
    {
        "bookingid": 6203
    },
    {
        "bookingid": 2050
    },
    {
        "bookingid": 2536
    },
    {
        "bookingid": 5352
    },
    {
        "bookingid": 9279
    },
    {
        "bookingid": 727
    },
    {
        "bookingid": 7120
    },
    {
        "bookingid": 5614
    },
    {
        "bookingid": 3293
    },
    {
        "bookingid": 4054
    },
    {
        "bookingid": 4708
    },
    {
        "bookingid": 5731
    },
    {
        "bookingid": 4246
    },
    {
        "bookingid": 6053
    },
    {
        "bookingid": 3164
    },
    {
        "bookingid": 8460
    },
    {
        "bookingid": 2496
    },
    {
        "bookingid": 984
    },
    {
        "bookingid": 5980
    },
    {
        "bookingid": 8404
    },
    {
        "bookingid": 890
    },
    {
        "bookingid": 1314
    },
    {
        "bookingid": 4770
    },
    {
        "bookingid": 7446
    },
    {
        "bookingid": 382
    },
    {
        "bookingid": 91
    },
    {
        "bookingid": 4665
    },
    {
        "bookingid": 513
    },
    {
        "bookingid": 1895
    },
    {
        "bookingid": 3721
    },
    {
        "bookingid": 2696
    },
    {
        "bookingid": 3021
    },
    {
        "bookingid": 3328
    },
    {
        "bookingid": 625
    },
    {
        "bookingid": 7507
    },
    {
        "bookingid": 998
    },
    {
        "bookingid": 7114
    },
    {
        "bookingid": 1235
    },
    {
        "bookingid": 5943
    },
    {
        "bookingid": 841
    },
    {
        "bookingid": 4464
    },
    {
        "bookingid": 5035
    },
    {
        "bookingid": 8284
    },
    {
        "bookingid": 7020
    },
    {
        "bookingid": 5851
    },
    {
        "bookingid": 6834
    },
    {
        "bookingid": 8995
    },
    {
        "bookingid": 4518
    },
    {
        "bookingid": 2283
    },
    {
        "bookingid": 9339
    },
    {
        "bookingid": 1755
    },
    {
        "bookingid": 4589
    },
    {
        "bookingid": 503
    },
    {
        "bookingid": 4034
    },
    {
        "bookingid": 978
    },
    {
        "bookingid": 2169
    },
    {
        "bookingid": 2539
    },
    {
        "bookingid": 3272
    },
    {
        "bookingid": 6077
    },
    {
        "bookingid": 4987
    },
    {
        "bookingid": 4621
    },
    {
        "bookingid": 1952
    },
    {
        "bookingid": 2940
    },
    {
        "bookingid": 6931
    },
    {
        "bookingid": 1021
    },
    {
        "bookingid": 8769
    },
    {
        "bookingid": 974
    },
    {
        "bookingid": 5358
    },
    {
        "bookingid": 8809
    },
    {
        "bookingid": 2648
    },
    {
        "bookingid": 2489
    },
    {
        "bookingid": 4478
    },
    {
        "bookingid": 3820
    },
    {
        "bookingid": 3812
    },
    {
        "bookingid": 606
    },
    {
        "bookingid": 8165
    },
    {
        "bookingid": 4609
    },
    {
        "bookingid": 8783
    },
    {
        "bookingid": 2244
    },
    {
        "bookingid": 5231
    },
    {
        "bookingid": 5983
    },
    {
        "bookingid": 5958
    },
    {
        "bookingid": 2090
    },
    {
        "bookingid": 3477
    },
    {
        "bookingid": 3397
    },
    {
        "bookingid": 3155
    },
    {
        "bookingid": 9420
    },
    {
        "bookingid": 1869
    },
    {
        "bookingid": 8570
    },
    {
        "bookingid": 2948
    },
    {
        "bookingid": 353
    },
    {
        "bookingid": 3290
    },
    {
        "bookingid": 8014
    },
    {
        "bookingid": 1286
    },
    {
        "bookingid": 6731
    },
    {
        "bookingid": 7706
    },
    {
        "bookingid": 3010
    },
    {
        "bookingid": 6990
    },
    {
        "bookingid": 1082
    },
    {
        "bookingid": 9091
    },
    {
        "bookingid": 6857
    },
    {
        "bookingid": 7641
    },
    {
        "bookingid": 808
    },
    {
        "bookingid": 885
    },
    {
        "bookingid": 4503
    },
    {
        "bookingid": 4173
    },
    {
        "bookingid": 6327
    },
    {
        "bookingid": 3656
    },
    {
        "bookingid": 8676
    },
    {
        "bookingid": 4288
    },
    {
        "bookingid": 6609
    },
    {
        "bookingid": 1947
    },
    {
        "bookingid": 3617
    },
    {
        "bookingid": 6355
    },
    {
        "bookingid": 4298
    },
    {
        "bookingid": 9257
    },
    {
        "bookingid": 1949
    },
    {
        "bookingid": 818
    },
    {
        "bookingid": 8432
    },
    {
        "bookingid": 8949
    },
    {
        "bookingid": 8501
    },
    {
        "bookingid": 2958
    },
    {
        "bookingid": 5027
    },
    {
        "bookingid": 4157
    },
    {
        "bookingid": 4049
    },
    {
        "bookingid": 8258
    },
    {
        "bookingid": 8750
    },
    {
        "bookingid": 2690
    },
    {
        "bookingid": 4928
    },
    {
        "bookingid": 51
    },
    {
        "bookingid": 5337
    },
    {
        "bookingid": 5307
    },
    {
        "bookingid": 551
    },
    {
        "bookingid": 4021
    },
    {
        "bookingid": 2339
    },
    {
        "bookingid": 2516
    },
    {
        "bookingid": 2993
    },
    {
        "bookingid": 9184
    },
    {
        "bookingid": 1159
    },
    {
        "bookingid": 423
    },
    {
        "bookingid": 4382
    },
    {
        "bookingid": 4904
    },
    {
        "bookingid": 3603
    },
    {
        "bookingid": 2249
    },
    {
        "bookingid": 1905
    },
    {
        "bookingid": 1932
    },
    {
        "bookingid": 2643
    },
    {
        "bookingid": 8376
    },
    {
        "bookingid": 4845
    },
    {
        "bookingid": 2375
    },
    {
        "bookingid": 237
    },
    {
        "bookingid": 8630
    },
    {
        "bookingid": 6899
    },
    {
        "bookingid": 3267
    },
    {
        "bookingid": 6859
    },
    {
        "bookingid": 2250
    },
    {
        "bookingid": 5419
    },
    {
        "bookingid": 4098
    },
    {
        "bookingid": 3474
    },
    {
        "bookingid": 6217
    },
    {
        "bookingid": 4143
    },
    {
        "bookingid": 1793
    },
    {
        "bookingid": 6467
    },
    {
        "bookingid": 2316
    },
    {
        "bookingid": 8326
    },
    {
        "bookingid": 8145
    },
    {
        "bookingid": 9175
    },
    {
        "bookingid": 2397
    },
    {
        "bookingid": 9411
    },
    {
        "bookingid": 11
    },
    {
        "bookingid": 8478
    },
    {
        "bookingid": 7712
    },
    {
        "bookingid": 5022
    },
    {
        "bookingid": 5208
    },
    {
        "bookingid": 6192
    },
    {
        "bookingid": 1993
    },
    {
        "bookingid": 5664
    },
    {
        "bookingid": 3817
    },
    {
        "bookingid": 3501
    },
    {
        "bookingid": 3253
    },
    {
        "bookingid": 9352
    },
    {
        "bookingid": 4784
    },
    {
        "bookingid": 6336
    },
    {
        "bookingid": 1782
    },
    {
        "bookingid": 8837
    },
    {
        "bookingid": 5185
    },
    {
        "bookingid": 2328
    },
    {
        "bookingid": 1107
    },
    {
        "bookingid": 6250
    },
    {
        "bookingid": 3639
    },
    {
        "bookingid": 133
    },
    {
        "bookingid": 2616
    },
    {
        "bookingid": 8454
    },
    {
        "bookingid": 2895
    },
    {
        "bookingid": 3841
    },
    {
        "bookingid": 4980
    },
    {
        "bookingid": 402
    },
    {
        "bookingid": 2644
    },
    {
        "bookingid": 127
    },
    {
        "bookingid": 3950
    },
    {
        "bookingid": 3268
    },
    {
        "bookingid": 6754
    },
    {
        "bookingid": 165
    },
    {
        "bookingid": 8987
    },
    {
        "bookingid": 3080
    },
    {
        "bookingid": 4369
    },
    {
        "bookingid": 7842
    },
    {
        "bookingid": 6094
    },
    {
        "bookingid": 8062
    },
    {
        "bookingid": 8780
    },
    {
        "bookingid": 1009
    },
    {
        "bookingid": 3495
    },
    {
        "bookingid": 5528
    },
    {
        "bookingid": 9074
    },
    {
        "bookingid": 23
    },
    {
        "bookingid": 4194
    },
    {
        "bookingid": 1582
    },
    {
        "bookingid": 5890
    },
    {
        "bookingid": 3099
    },
    {
        "bookingid": 831
    },
    {
        "bookingid": 1987
    },
    {
        "bookingid": 6775
    },
    {
        "bookingid": 7164
    },
    {
        "bookingid": 5120
    },
    {
        "bookingid": 5771
    },
    {
        "bookingid": 3052
    },
    {
        "bookingid": 688
    },
    {
        "bookingid": 4567
    },
    {
        "bookingid": 1595
    },
    {
        "bookingid": 4863
    },
    {
        "bookingid": 2369
    },
    {
        "bookingid": 5787
    },
    {
        "bookingid": 5633
    },
    {
        "bookingid": 4747
    },
    {
        "bookingid": 4697
    },
    {
        "bookingid": 2915
    },
    {
        "bookingid": 7000
    },
    {
        "bookingid": 7785
    },
    {
        "bookingid": 3760
    },
    {
        "bookingid": 5310
    },
    {
        "bookingid": 8136
    },
    {
        "bookingid": 7881
    },
    {
        "bookingid": 281
    },
    {
        "bookingid": 2854
    },
    {
        "bookingid": 7560
    },
    {
        "bookingid": 9374
    },
    {
        "bookingid": 6063
    },
    {
        "bookingid": 9277
    },
    {
        "bookingid": 4920
    },
    {
        "bookingid": 1509
    },
    {
        "bookingid": 14
    },
    {
        "bookingid": 717
    },
    {
        "bookingid": 6211
    },
    {
        "bookingid": 8095
    },
    {
        "bookingid": 8847
    },
    {
        "bookingid": 8931
    },
    {
        "bookingid": 2800
    },
    {
        "bookingid": 1806
    },
    {
        "bookingid": 7365
    },
    {
        "bookingid": 2120
    },
    {
        "bookingid": 2266
    },
    {
        "bookingid": 6841
    },
    {
        "bookingid": 8822
    },
    {
        "bookingid": 1493
    },
    {
        "bookingid": 322
    },
    {
        "bookingid": 3180
    },
    {
        "bookingid": 1083
    },
    {
        "bookingid": 6906
    },
    {
        "bookingid": 5374
    },
    {
        "bookingid": 3892
    },
    {
        "bookingid": 8126
    },
    {
        "bookingid": 8757
    },
    {
        "bookingid": 2296
    },
    {
        "bookingid": 3302
    },
    {
        "bookingid": 6770
    },
    {
        "bookingid": 1233
    },
    {
        "bookingid": 108
    },
    {
        "bookingid": 4272
    },
    {
        "bookingid": 2535
    },
    {
        "bookingid": 2658
    },
    {
        "bookingid": 5
    },
    {
        "bookingid": 7331
    },
    {
        "bookingid": 2416
    },
    {
        "bookingid": 2469
    },
    {
        "bookingid": 3113
    },
    {
        "bookingid": 225
    },
    {
        "bookingid": 5661
    },
    {
        "bookingid": 3355
    },
    {
        "bookingid": 508
    },
    {
        "bookingid": 2347
    },
    {
        "bookingid": 3842
    },
    {
        "bookingid": 7980
    },
    {
        "bookingid": 6776
    },
    {
        "bookingid": 7588
    },
    {
        "bookingid": 5412
    },
    {
        "bookingid": 8442
    },
    {
        "bookingid": 4468
    },
    {
        "bookingid": 9050
    },
    {
        "bookingid": 1852
    },
    {
        "bookingid": 69
    },
    {
        "bookingid": 8267
    },
    {
        "bookingid": 2777
    },
    {
        "bookingid": 7820
    },
    {
        "bookingid": 1904
    },
    {
        "bookingid": 8582
    },
    {
        "bookingid": 516
    },
    {
        "bookingid": 8929
    },
    {
        "bookingid": 5245
    },
    {
        "bookingid": 5938
    },
    {
        "bookingid": 8275
    },
    {
        "bookingid": 7815
    },
    {
        "bookingid": 4339
    },
    {
        "bookingid": 2760
    },
    {
        "bookingid": 3630
    },
    {
        "bookingid": 5495
    },
    {
        "bookingid": 5813
    },
    {
        "bookingid": 2262
    },
    {
        "bookingid": 3117
    },
    {
        "bookingid": 174
    },
    {
        "bookingid": 3389
    },
    {
        "bookingid": 1703
    },
    {
        "bookingid": 3416
    },
    {
        "bookingid": 5717
    },
    {
        "bookingid": 3163
    },
    {
        "bookingid": 1471
    },
    {
        "bookingid": 288
    },
    {
        "bookingid": 9258
    },
    {
        "bookingid": 8723
    },
    {
        "bookingid": 8054
    },
    {
        "bookingid": 5845
    },
    {
        "bookingid": 9002
    },
    {
        "bookingid": 5274
    },
    {
        "bookingid": 3961
    },
    {
        "bookingid": 8622
    },
    {
        "bookingid": 2746
    },
    {
        "bookingid": 8102
    },
    {
        "bookingid": 7025
    },
    {
        "bookingid": 5176
    },
    {
        "bookingid": 1065
    },
    {
        "bookingid": 896
    },
    {
        "bookingid": 9007
    },
    {
        "bookingid": 1633
    },
    {
        "bookingid": 7550
    },
    {
        "bookingid": 5036
    },
    {
        "bookingid": 6322
    },
    {
        "bookingid": 925
    },
    {
        "bookingid": 4144
    },
    {
        "bookingid": 6788
    },
    {
        "bookingid": 790
    },
    {
        "bookingid": 7878
    },
    {
        "bookingid": 6226
    },
    {
        "bookingid": 9122
    },
    {
        "bookingid": 4819
    },
    {
        "bookingid": 2654
    },
    {
        "bookingid": 488
    },
    {
        "bookingid": 5931
    },
    {
        "bookingid": 6667
    },
    {
        "bookingid": 5384
    },
    {
        "bookingid": 5257
    },
    {
        "bookingid": 408
    },
    {
        "bookingid": 5097
    },
    {
        "bookingid": 1969
    },
    {
        "bookingid": 1746
    },
    {
        "bookingid": 1804
    },
    {
        "bookingid": 3279
    },
    {
        "bookingid": 970
    },
    {
        "bookingid": 8864
    },
    {
        "bookingid": 9102
    },
    {
        "bookingid": 5411
    },
    {
        "bookingid": 2028
    },
    {
        "bookingid": 3022
    },
    {
        "bookingid": 3897
    },
    {
        "bookingid": 6071
    },
    {
        "bookingid": 6522
    },
    {
        "bookingid": 1480
    },
    {
        "bookingid": 8158
    },
    {
        "bookingid": 5233
    },
    {
        "bookingid": 691
    },
    {
        "bookingid": 8500
    },
    {
        "bookingid": 9211
    },
    {
        "bookingid": 7701
    },
    {
        "bookingid": 1565
    },
    {
        "bookingid": 3722
    },
    {
        "bookingid": 7653
    },
    {
        "bookingid": 8485
    },
    {
        "bookingid": 6662
    },
    {
        "bookingid": 8897
    },
    {
        "bookingid": 9349
    },
    {
        "bookingid": 5317
    },
    {
        "bookingid": 8164
    },
    {
        "bookingid": 364
    },
    {
        "bookingid": 3958
    },
    {
        "bookingid": 229
    },
    {
        "bookingid": 6454
    },
    {
        "bookingid": 4880
    },
    {
        "bookingid": 2576
    },
    {
        "bookingid": 4687
    },
    {
        "bookingid": 8928
    },
    {
        "bookingid": 956
    },
    {
        "bookingid": 6745
    },
    {
        "bookingid": 1424
    },
    {
        "bookingid": 2661
    },
    {
        "bookingid": 5153
    },
    {
        "bookingid": 8104
    },
    {
        "bookingid": 6943
    },
    {
        "bookingid": 4025
    },
    {
        "bookingid": 216
    },
    {
        "bookingid": 2752
    },
    {
        "bookingid": 7762
    },
    {
        "bookingid": 8651
    },
    {
        "bookingid": 5247
    },
    {
        "bookingid": 5267
    },
    {
        "bookingid": 7600
    },
    {
        "bookingid": 1847
    },
    {
        "bookingid": 3770
    },
    {
        "bookingid": 8667
    },
    {
        "bookingid": 1498
    },
    {
        "bookingid": 2975
    },
    {
        "bookingid": 1038
    },
    {
        "bookingid": 3167
    },
    {
        "bookingid": 6903
    },
    {
        "bookingid": 6140
    },
    {
        "bookingid": 8720
    },
    {
        "bookingid": 3373
    },
    {
        "bookingid": 1149
    },
    {
        "bookingid": 3638
    },
    {
        "bookingid": 1520
    },
    {
        "bookingid": 5082
    },
    {
        "bookingid": 2385
    },
    {
        "bookingid": 3850
    },
    {
        "bookingid": 1770
    },
    {
        "bookingid": 3821
    },
    {
        "bookingid": 7737
    },
    {
        "bookingid": 5936
    },
    {
        "bookingid": 8643
    },
    {
        "bookingid": 3737
    },
    {
        "bookingid": 448
    },
    {
        "bookingid": 859
    },
    {
        "bookingid": 1106
    },
    {
        "bookingid": 268
    },
    {
        "bookingid": 4706
    },
    {
        "bookingid": 5815
    },
    {
        "bookingid": 4597
    },
    {
        "bookingid": 2406
    },
    {
        "bookingid": 1317
    },
    {
        "bookingid": 5924
    },
    {
        "bookingid": 8568
    },
    {
        "bookingid": 8768
    },
    {
        "bookingid": 8259
    },
    {
        "bookingid": 8296
    },
    {
        "bookingid": 3994
    },
    {
        "bookingid": 2843
    },
    {
        "bookingid": 6088
    },
    {
        "bookingid": 1658
    },
    {
        "bookingid": 2422
    },
    {
        "bookingid": 6157
    },
    {
        "bookingid": 7541
    },
    {
        "bookingid": 1213
    },
    {
        "bookingid": 9182
    },
    {
        "bookingid": 4469
    },
    {
        "bookingid": 5752
    },
    {
        "bookingid": 2197
    },
    {
        "bookingid": 6611
    },
    {
        "bookingid": 7872
    },
    {
        "bookingid": 1540
    },
    {
        "bookingid": 4266
    },
    {
        "bookingid": 9219
    },
    {
        "bookingid": 991
    },
    {
        "bookingid": 923
    },
    {
        "bookingid": 8377
    },
    {
        "bookingid": 7018
    },
    {
        "bookingid": 3688
    },
    {
        "bookingid": 8414
    },
    {
        "bookingid": 3749
    },
    {
        "bookingid": 2663
    },
    {
        "bookingid": 777
    },
    {
        "bookingid": 7895
    },
    {
        "bookingid": 3464
    },
    {
        "bookingid": 3983
    },
    {
        "bookingid": 7092
    },
    {
        "bookingid": 9407
    },
    {
        "bookingid": 1675
    },
    {
        "bookingid": 9110
    },
    {
        "bookingid": 9311
    },
    {
        "bookingid": 7127
    },
    {
        "bookingid": 44
    },
    {
        "bookingid": 244
    },
    {
        "bookingid": 6075
    },
    {
        "bookingid": 9222
    },
    {
        "bookingid": 2392
    },
    {
        "bookingid": 6506
    },
    {
        "bookingid": 4364
    },
    {
        "bookingid": 4743
    },
    {
        "bookingid": 6308
    },
    {
        "bookingid": 1447
    },
    {
        "bookingid": 5716
    },
    {
        "bookingid": 1105
    },
    {
        "bookingid": 4929
    },
    {
        "bookingid": 3696
    },
    {
        "bookingid": 13
    },
    {
        "bookingid": 143
    },
    {
        "bookingid": 8918
    },
    {
        "bookingid": 6430
    },
    {
        "bookingid": 8222
    },
    {
        "bookingid": 8900
    },
    {
        "bookingid": 6889
    },
    {
        "bookingid": 370
    },
    {
        "bookingid": 3907
    },
    {
        "bookingid": 5367
    },
    {
        "bookingid": 8790
    },
    {
        "bookingid": 440
    },
    {
        "bookingid": 4903
    },
    {
        "bookingid": 8937
    },
    {
        "bookingid": 4356
    },
    {
        "bookingid": 961
    },
    {
        "bookingid": 4512
    },
    {
        "bookingid": 375
    },
    {
        "bookingid": 9210
    },
    {
        "bookingid": 3457
    },
    {
        "bookingid": 2807
    },
    {
        "bookingid": 1365
    },
    {
        "bookingid": 5751
    },
    {
        "bookingid": 1452
    },
    {
        "bookingid": 4637
    },
    {
        "bookingid": 7926
    },
    {
        "bookingid": 3492
    },
    {
        "bookingid": 2719
    },
    {
        "bookingid": 3465
    },
    {
        "bookingid": 4627
    },
    {
        "bookingid": 3152
    },
    {
        "bookingid": 5626
    },
    {
        "bookingid": 6860
    },
    {
        "bookingid": 3871
    },
    {
        "bookingid": 16
    },
    {
        "bookingid": 3012
    },
    {
        "bookingid": 1504
    },
    {
        "bookingid": 7789
    },
    {
        "bookingid": 4852
    },
    {
        "bookingid": 3720
    },
    {
        "bookingid": 7147
    },
    {
        "bookingid": 1636
    },
    {
        "bookingid": 6925
    },
    {
        "bookingid": 518
    },
    {
        "bookingid": 3200
    },
    {
        "bookingid": 3702
    },
    {
        "bookingid": 6146
    },
    {
        "bookingid": 9400
    },
    {
        "bookingid": 9113
    },
    {
        "bookingid": 1053
    },
    {
        "bookingid": 8274
    },
    {
        "bookingid": 8773
    },
    {
        "bookingid": 7361
    },
    {
        "bookingid": 1747
    },
    {
        "bookingid": 4596
    },
    {
        "bookingid": 9194
    },
    {
        "bookingid": 6636
    },
    {
        "bookingid": 1639
    },
    {
        "bookingid": 5918
    },
    {
        "bookingid": 6225
    },
    {
        "bookingid": 7253
    },
    {
        "bookingid": 3744
    },
    {
        "bookingid": 1654
    },
    {
        "bookingid": 8040
    },
    {
        "bookingid": 7008
    },
    {
        "bookingid": 4571
    },
    {
        "bookingid": 6231
    },
    {
        "bookingid": 7759
    },
    {
        "bookingid": 4216
    },
    {
        "bookingid": 3467
    },
    {
        "bookingid": 1394
    },
    {
        "bookingid": 5682
    },
    {
        "bookingid": 3704
    },
    {
        "bookingid": 8415
    },
    {
        "bookingid": 8645
    },
    {
        "bookingid": 3122
    },
    {
        "bookingid": 6074
    },
    {
        "bookingid": 8907
    },
    {
        "bookingid": 6755
    },
    {
        "bookingid": 2232
    },
    {
        "bookingid": 5271
    },
    {
        "bookingid": 2387
    },
    {
        "bookingid": 34
    },
    {
        "bookingid": 4825
    },
    {
        "bookingid": 8166
    },
    {
        "bookingid": 4198
    },
    {
        "bookingid": 7069
    },
    {
        "bookingid": 4926
    },
    {
        "bookingid": 3378
    },
    {
        "bookingid": 1542
    },
    {
        "bookingid": 5543
    },
    {
        "bookingid": 2538
    },
    {
        "bookingid": 7308
    },
    {
        "bookingid": 3425
    },
    {
        "bookingid": 3903
    },
    {
        "bookingid": 1277
    },
    {
        "bookingid": 586
    },
    {
        "bookingid": 8469
    },
    {
        "bookingid": 4324
    },
    {
        "bookingid": 7554
    },
    {
        "bookingid": 1341
    },
    {
        "bookingid": 6154
    },
    {
        "bookingid": 2639
    },
    {
        "bookingid": 3997
    },
    {
        "bookingid": 5180
    },
    {
        "bookingid": 8264
    },
    {
        "bookingid": 8205
    },
    {
        "bookingid": 4868
    },
    {
        "bookingid": 1152
    },
    {
        "bookingid": 7321
    },
    {
        "bookingid": 1601
    },
    {
        "bookingid": 9088
    },
    {
        "bookingid": 5782
    },
    {
        "bookingid": 3460
    },
    {
        "bookingid": 5954
    },
    {
        "bookingid": 3109
    },
    {
        "bookingid": 7576
    },
    {
        "bookingid": 9117
    },
    {
        "bookingid": 4761
    },
    {
        "bookingid": 5513
    },
    {
        "bookingid": 36
    },
    {
        "bookingid": 5254
    },
    {
        "bookingid": 3371
    },
    {
        "bookingid": 1342
    },
    {
        "bookingid": 1597
    },
    {
        "bookingid": 2306
    },
    {
        "bookingid": 1854
    },
    {
        "bookingid": 5978
    },
    {
        "bookingid": 1263
    },
    {
        "bookingid": 6174
    },
    {
        "bookingid": 5834
    },
    {
        "bookingid": 4978
    },
    {
        "bookingid": 1248
    },
    {
        "bookingid": 6685
    },
    {
        "bookingid": 6202
    },
    {
        "bookingid": 7502
    },
    {
        "bookingid": 212
    },
    {
        "bookingid": 3466
    },
    {
        "bookingid": 9242
    },
    {
        "bookingid": 2577
    },
    {
        "bookingid": 238
    },
    {
        "bookingid": 7684
    },
    {
        "bookingid": 4528
    },
    {
        "bookingid": 1193
    },
    {
        "bookingid": 2438
    },
    {
        "bookingid": 3067
    },
    {
        "bookingid": 8041
    },
    {
        "bookingid": 5269
    },
    {
        "bookingid": 6009
    },
    {
        "bookingid": 8787
    },
    {
        "bookingid": 6548
    },
    {
        "bookingid": 4817
    },
    {
        "bookingid": 1292
    },
    {
        "bookingid": 6373
    },
    {
        "bookingid": 3785
    },
    {
        "bookingid": 8767
    },
    {
        "bookingid": 8591
    },
    {
        "bookingid": 7261
    },
    {
        "bookingid": 5577
    },
    {
        "bookingid": 4854
    },
    {
        "bookingid": 736
    },
    {
        "bookingid": 6786
    },
    {
        "bookingid": 1378
    },
    {
        "bookingid": 8476
    },
    {
        "bookingid": 6321
    },
    {
        "bookingid": 4070
    },
    {
        "bookingid": 5828
    },
    {
        "bookingid": 988
    },
    {
        "bookingid": 7790
    },
    {
        "bookingid": 7458
    },
    {
        "bookingid": 9318
    },
    {
        "bookingid": 3810
    },
    {
        "bookingid": 1518
    },
    {
        "bookingid": 4154
    },
    {
        "bookingid": 1929
    },
    {
        "bookingid": 3653
    },
    {
        "bookingid": 128
    },
    {
        "bookingid": 4702
    },
    {
        "bookingid": 5129
    },
    {
        "bookingid": 6452
    },
    {
        "bookingid": 6705
    },
    {
        "bookingid": 6175
    },
    {
        "bookingid": 1486
    },
    {
        "bookingid": 7561
    },
    {
        "bookingid": 1889
    },
    {
        "bookingid": 2553
    },
    {
        "bookingid": 8225
    },
    {
        "bookingid": 9391
    },
    {
        "bookingid": 7383
    },
    {
        "bookingid": 489
    },
    {
        "bookingid": 5835
    },
    {
        "bookingid": 2939
    },
    {
        "bookingid": 2461
    },
    {
        "bookingid": 8712
    },
    {
        "bookingid": 7695
    },
    {
        "bookingid": 6995
    },
    {
        "bookingid": 579
    },
    {
        "bookingid": 2591
    },
    {
        "bookingid": 8753
    },
    {
        "bookingid": 5198
    },
    {
        "bookingid": 7414
    },
    {
        "bookingid": 6690
    },
    {
        "bookingid": 3054
    },
    {
        "bookingid": 2459
    },
    {
        "bookingid": 186
    },
    {
        "bookingid": 1833
    },
    {
        "bookingid": 7763
    },
    {
        "bookingid": 5993
    },
    {
        "bookingid": 5127
    },
    {
        "bookingid": 4618
    },
    {
        "bookingid": 5758
    },
    {
        "bookingid": 6738
    },
    {
        "bookingid": 3411
    },
    {
        "bookingid": 1366
    },
    {
        "bookingid": 8437
    },
    {
        "bookingid": 1453
    },
    {
        "bookingid": 4866
    },
    {
        "bookingid": 5635
    },
    {
        "bookingid": 6464
    },
    {
        "bookingid": 1071
    },
    {
        "bookingid": 3075
    },
    {
        "bookingid": 749
    },
    {
        "bookingid": 1018
    },
    {
        "bookingid": 2310
    },
    {
        "bookingid": 7392
    },
    {
        "bookingid": 7157
    },
    {
        "bookingid": 2177
    },
    {
        "bookingid": 1215
    },
    {
        "bookingid": 8556
    },
    {
        "bookingid": 1077
    },
    {
        "bookingid": 7613
    },
    {
        "bookingid": 4202
    },
    {
        "bookingid": 7250
    },
    {
        "bookingid": 6169
    },
    {
        "bookingid": 7813
    },
    {
        "bookingid": 5525
    },
    {
        "bookingid": 3590
    },
    {
        "bookingid": 2455
    },
    {
        "bookingid": 7581
    },
    {
        "bookingid": 779
    },
    {
        "bookingid": 8666
    },
    {
        "bookingid": 1129
    },
    {
        "bookingid": 4486
    },
    {
        "bookingid": 2085
    },
    {
        "bookingid": 4510
    },
    {
        "bookingid": 7659
    },
    {
        "bookingid": 2174
    },
    {
        "bookingid": 9108
    },
    {
        "bookingid": 1550
    },
    {
        "bookingid": 4572
    },
    {
        "bookingid": 8130
    },
    {
        "bookingid": 1145
    },
    {
        "bookingid": 9154
    },
    {
        "bookingid": 8533
    },
    {
        "bookingid": 3408
    },
    {
        "bookingid": 5045
    },
    {
        "bookingid": 5464
    },
    {
        "bookingid": 6056
    },
    {
        "bookingid": 3184
    },
    {
        "bookingid": 8744
    },
    {
        "bookingid": 7343
    },
    {
        "bookingid": 6303
    },
    {
        "bookingid": 4782
    },
    {
        "bookingid": 7557
    },
    {
        "bookingid": 6403
    },
    {
        "bookingid": 3838
    },
    {
        "bookingid": 511
    },
    {
        "bookingid": 5962
    },
    {
        "bookingid": 5203
    },
    {
        "bookingid": 2400
    },
    {
        "bookingid": 7220
    },
    {
        "bookingid": 4585
    },
    {
        "bookingid": 5357
    },
    {
        "bookingid": 1399
    },
    {
        "bookingid": 3030
    },
    {
        "bookingid": 5986
    },
    {
        "bookingid": 1345
    },
    {
        "bookingid": 6661
    },
    {
        "bookingid": 121
    },
    {
        "bookingid": 746
    },
    {
        "bookingid": 1715
    },
    {
        "bookingid": 5599
    },
    {
        "bookingid": 7007
    },
    {
        "bookingid": 2941
    },
    {
        "bookingid": 7553
    },
    {
        "bookingid": 3661
    },
    {
        "bookingid": 7251
    },
    {
        "bookingid": 5085
    },
    {
        "bookingid": 8943
    },
    {
        "bookingid": 9079
    },
    {
        "bookingid": 5278
    },
    {
        "bookingid": 7954
    },
    {
        "bookingid": 3199
    },
    {
        "bookingid": 1189
    },
    {
        "bookingid": 2251
    },
    {
        "bookingid": 3447
    },
    {
        "bookingid": 8881
    },
    {
        "bookingid": 8596
    },
    {
        "bookingid": 1613
    },
    {
        "bookingid": 2509
    },
    {
        "bookingid": 1327
    },
    {
        "bookingid": 1130
    },
    {
        "bookingid": 2435
    },
    {
        "bookingid": 5618
    },
    {
        "bookingid": 8679
    },
    {
        "bookingid": 4837
    },
    {
        "bookingid": 8391
    },
    {
        "bookingid": 9388
    },
    {
        "bookingid": 5462
    },
    {
        "bookingid": 1184
    },
    {
        "bookingid": 6195
    },
    {
        "bookingid": 2388
    },
    {
        "bookingid": 4927
    },
    {
        "bookingid": 6503
    },
    {
        "bookingid": 631
    },
    {
        "bookingid": 4375
    },
    {
        "bookingid": 9085
    },
    {
        "bookingid": 4664
    },
    {
        "bookingid": 3867
    },
    {
        "bookingid": 6287
    },
    {
        "bookingid": 9092
    },
    {
        "bookingid": 437
    },
    {
        "bookingid": 2359
    },
    {
        "bookingid": 2872
    },
    {
        "bookingid": 623
    },
    {
        "bookingid": 6761
    },
    {
        "bookingid": 5196
    },
    {
        "bookingid": 1252
    },
    {
        "bookingid": 9057
    },
    {
        "bookingid": 7433
    },
    {
        "bookingid": 4538
    },
    {
        "bookingid": 4258
    },
    {
        "bookingid": 7751
    },
    {
        "bookingid": 6199
    },
    {
        "bookingid": 5773
    },
    {
        "bookingid": 6964
    },
    {
        "bookingid": 6614
    },
    {
        "bookingid": 7536
    },
    {
        "bookingid": 8435
    },
    {
        "bookingid": 6024
    },
    {
        "bookingid": 6650
    },
    {
        "bookingid": 7267
    },
    {
        "bookingid": 7499
    },
    {
        "bookingid": 4104
    },
    {
        "bookingid": 6616
    },
    {
        "bookingid": 3605
    },
    {
        "bookingid": 667
    },
    {
        "bookingid": 232
    },
    {
        "bookingid": 1727
    },
    {
        "bookingid": 2125
    },
    {
        "bookingid": 6395
    },
    {
        "bookingid": 3947
    },
    {
        "bookingid": 2925
    },
    {
        "bookingid": 3335
    },
    {
        "bookingid": 2809
    },
    {
        "bookingid": 5067
    },
    {
        "bookingid": 1079
    },
    {
        "bookingid": 3381
    },
    {
        "bookingid": 444
    },
    {
        "bookingid": 7142
    },
    {
        "bookingid": 6457
    },
    {
        "bookingid": 1403
    },
    {
        "bookingid": 6792
    },
    {
        "bookingid": 2482
    },
    {
        "bookingid": 4417
    },
    {
        "bookingid": 7140
    },
    {
        "bookingid": 8781
    },
    {
        "bookingid": 471
    },
    {
        "bookingid": 4491
    },
    {
        "bookingid": 3372
    },
    {
        "bookingid": 5397
    },
    {
        "bookingid": 2555
    },
    {
        "bookingid": 8270
    },
    {
        "bookingid": 7558
    },
    {
        "bookingid": 4361
    },
    {
        "bookingid": 3341
    },
    {
        "bookingid": 948
    },
    {
        "bookingid": 5692
    },
    {
        "bookingid": 2057
    },
    {
        "bookingid": 1738
    },
    {
        "bookingid": 8090
    },
    {
        "bookingid": 3068
    },
    {
        "bookingid": 1619
    },
    {
        "bookingid": 313
    },
    {
        "bookingid": 565
    },
    {
        "bookingid": 4652
    },
    {
        "bookingid": 3118
    },
    {
        "bookingid": 6255
    },
    {
        "bookingid": 4000
    },
    {
        "bookingid": 4658
    },
    {
        "bookingid": 3380
    },
    {
        "bookingid": 1688
    },
    {
        "bookingid": 8966
    },
    {
        "bookingid": 5963
    },
    {
        "bookingid": 6171
    },
    {
        "bookingid": 1923
    },
    {
        "bookingid": 1709
    },
    {
        "bookingid": 7186
    },
    {
        "bookingid": 6186
    },
    {
        "bookingid": 1369
    },
    {
        "bookingid": 8279
    },
    {
        "bookingid": 2059
    },
    {
        "bookingid": 8307
    },
    {
        "bookingid": 4209
    },
    {
        "bookingid": 283
    },
    {
        "bookingid": 6065
    },
    {
        "bookingid": 8372
    },
    {
        "bookingid": 2159
    },
    {
        "bookingid": 8779
    },
    {
        "bookingid": 732
    },
    {
        "bookingid": 9151
    },
    {
        "bookingid": 5698
    },
    {
        "bookingid": 1354
    },
    {
        "bookingid": 8875
    },
    {
        "bookingid": 972
    },
    {
        "bookingid": 2720
    },
    {
        "bookingid": 5195
    },
    {
        "bookingid": 4638
    },
    {
        "bookingid": 3222
    },
    {
        "bookingid": 5116
    },
    {
        "bookingid": 2784
    },
    {
        "bookingid": 3093
    },
    {
        "bookingid": 8951
    },
    {
        "bookingid": 2814
    },
    {
        "bookingid": 2029
    },
    {
        "bookingid": 6680
    },
    {
        "bookingid": 7679
    },
    {
        "bookingid": 4099
    },
    {
        "bookingid": 3179
    },
    {
        "bookingid": 8975
    },
    {
        "bookingid": 8888
    },
    {
        "bookingid": 2257
    },
    {
        "bookingid": 2493
    },
    {
        "bookingid": 6577
    },
    {
        "bookingid": 3555
    },
    {
        "bookingid": 7177
    },
    {
        "bookingid": 3007
    },
    {
        "bookingid": 6090
    },
    {
        "bookingid": 9059
    },
    {
        "bookingid": 4610
    },
    {
        "bookingid": 5051
    },
    {
        "bookingid": 8894
    },
    {
        "bookingid": 1788
    },
    {
        "bookingid": 5041
    },
    {
        "bookingid": 1064
    },
    {
        "bookingid": 6547
    },
    {
        "bookingid": 1991
    },
    {
        "bookingid": 820
    },
    {
        "bookingid": 7477
    },
    {
        "bookingid": 8761
    },
    {
        "bookingid": 345
    },
    {
        "bookingid": 8167
    },
    {
        "bookingid": 4632
    },
    {
        "bookingid": 1748
    },
    {
        "bookingid": 5622
    },
    {
        "bookingid": 7415
    },
    {
        "bookingid": 2222
    },
    {
        "bookingid": 5152
    },
    {
        "bookingid": 5678
    },
    {
        "bookingid": 8545
    },
    {
        "bookingid": 2545
    },
    {
        "bookingid": 7479
    },
    {
        "bookingid": 5238
    },
    {
        "bookingid": 6340
    },
    {
        "bookingid": 7925
    },
    {
        "bookingid": 2630
    },
    {
        "bookingid": 531
    },
    {
        "bookingid": 4732
    },
    {
        "bookingid": 6280
    },
    {
        "bookingid": 6593
    },
    {
        "bookingid": 3792
    },
    {
        "bookingid": 1444
    },
    {
        "bookingid": 4215
    },
    {
        "bookingid": 3608
    },
    {
        "bookingid": 533
    },
    {
        "bookingid": 4977
    },
    {
        "bookingid": 6087
    },
    {
        "bookingid": 5887
    },
    {
        "bookingid": 3530
    },
    {
        "bookingid": 1007
    },
    {
        "bookingid": 941
    },
    {
        "bookingid": 2034
    },
    {
        "bookingid": 5187
    },
    {
        "bookingid": 7255
    },
    {
        "bookingid": 6801
    },
    {
        "bookingid": 5788
    },
    {
        "bookingid": 8621
    },
    {
        "bookingid": 5099
    },
    {
        "bookingid": 6578
    },
    {
        "bookingid": 952
    },
    {
        "bookingid": 8902
    },
    {
        "bookingid": 1704
    },
    {
        "bookingid": 2127
    },
    {
        "bookingid": 1131
    },
    {
        "bookingid": 1963
    },
    {
        "bookingid": 2858
    },
    {
        "bookingid": 3561
    },
    {
        "bookingid": 4044
    },
    {
        "bookingid": 18
    },
    {
        "bookingid": 7531
    },
    {
        "bookingid": 6989
    },
    {
        "bookingid": 5163
    },
    {
        "bookingid": 5445
    },
    {
        "bookingid": 7838
    },
    {
        "bookingid": 3777
    },
    {
        "bookingid": 3918
    },
    {
        "bookingid": 7609
    },
    {
        "bookingid": 8079
    },
    {
        "bookingid": 2944
    },
    {
        "bookingid": 3789
    },
    {
        "bookingid": 7472
    },
    {
        "bookingid": 3235
    },
    {
        "bookingid": 1095
    },
    {
        "bookingid": 2060
    },
    {
        "bookingid": 4105
    },
    {
        "bookingid": 759
    },
    {
        "bookingid": 6426
    },
    {
        "bookingid": 7727
    },
    {
        "bookingid": 4580
    },
    {
        "bookingid": 5279
    },
    {
        "bookingid": 4254
    },
    {
        "bookingid": 4368
    },
    {
        "bookingid": 5507
    },
    {
        "bookingid": 3500
    },
    {
        "bookingid": 3993
    },
    {
        "bookingid": 9377
    },
    {
        "bookingid": 3334
    },
    {
        "bookingid": 8438
    },
    {
        "bookingid": 5579
    },
    {
        "bookingid": 2603
    },
    {
        "bookingid": 5970
    },
    {
        "bookingid": 2880
    },
    {
        "bookingid": 8235
    },
    {
        "bookingid": 861
    },
    {
        "bookingid": 5804
    },
    {
        "bookingid": 3516
    },
    {
        "bookingid": 5505
    },
    {
        "bookingid": 8736
    },
    {
        "bookingid": 7320
    },
    {
        "bookingid": 1614
    },
    {
        "bookingid": 6318
    },
    {
        "bookingid": 6963
    },
    {
        "bookingid": 273
    },
    {
        "bookingid": 7289
    },
    {
        "bookingid": 5972
    },
    {
        "bookingid": 6867
    },
    {
        "bookingid": 5046
    },
    {
        "bookingid": 4675
    },
    {
        "bookingid": 8846
    },
    {
        "bookingid": 8334
    },
    {
        "bookingid": 1813
    },
    {
        "bookingid": 6470
    },
    {
        "bookingid": 9385
    },
    {
        "bookingid": 5915
    },
    {
        "bookingid": 5341
    },
    {
        "bookingid": 8027
    },
    {
        "bookingid": 5483
    },
    {
        "bookingid": 3243
    },
    {
        "bookingid": 4557
    },
    {
        "bookingid": 6986
    },
    {
        "bookingid": 4069
    },
    {
        "bookingid": 8576
    },
    {
        "bookingid": 7922
    },
    {
        "bookingid": 8953
    },
    {
        "bookingid": 3170
    },
    {
        "bookingid": 8914
    },
    {
        "bookingid": 5632
    },
    {
        "bookingid": 3486
    },
    {
        "bookingid": 7898
    },
    {
        "bookingid": 5130
    },
    {
        "bookingid": 2682
    },
    {
        "bookingid": 9347
    },
    {
        "bookingid": 5947
    },
    {
        "bookingid": 7530
    },
    {
        "bookingid": 6814
    },
    {
        "bookingid": 6753
    },
    {
        "bookingid": 2562
    },
    {
        "bookingid": 8634
    },
    {
        "bookingid": 1526
    },
    {
        "bookingid": 4908
    },
    {
        "bookingid": 74
    },
    {
        "bookingid": 4331
    },
    {
        "bookingid": 781
    },
    {
        "bookingid": 4884
    },
    {
        "bookingid": 6924
    },
    {
        "bookingid": 9273
    },
    {
        "bookingid": 7096
    },
    {
        "bookingid": 3342
    },
    {
        "bookingid": 208
    },
    {
        "bookingid": 5179
    },
    {
        "bookingid": 5744
    },
    {
        "bookingid": 5302
    },
    {
        "bookingid": 4115
    },
    {
        "bookingid": 4015
    },
    {
        "bookingid": 1931
    },
    {
        "bookingid": 6389
    },
    {
        "bookingid": 5144
    },
    {
        "bookingid": 8638
    },
    {
        "bookingid": 8024
    },
    {
        "bookingid": 8844
    },
    {
        "bookingid": 4214
    },
    {
        "bookingid": 670
    },
    {
        "bookingid": 126
    },
    {
        "bookingid": 6996
    },
    {
        "bookingid": 1641
    },
    {
        "bookingid": 4641
    },
    {
        "bookingid": 4520
    },
    {
        "bookingid": 1821
    },
    {
        "bookingid": 8827
    },
    {
        "bookingid": 6928
    },
    {
        "bookingid": 2356
    },
    {
        "bookingid": 1892
    },
    {
        "bookingid": 4005
    },
    {
        "bookingid": 4605
    },
    {
        "bookingid": 6958
    },
    {
        "bookingid": 2779
    },
    {
        "bookingid": 2598
    },
    {
        "bookingid": 6781
    },
    {
        "bookingid": 4270
    },
    {
        "bookingid": 4500
    },
    {
        "bookingid": 8194
    },
    {
        "bookingid": 9216
    },
    {
        "bookingid": 9027
    },
    {
        "bookingid": 3607
    },
    {
        "bookingid": 5178
    },
    {
        "bookingid": 8373
    },
    {
        "bookingid": 3005
    },
    {
        "bookingid": 3832
    },
    {
        "bookingid": 9090
    },
    {
        "bookingid": 7795
    },
    {
        "bookingid": 6020
    },
    {
        "bookingid": 1878
    },
    {
        "bookingid": 3362
    },
    {
        "bookingid": 6891
    },
    {
        "bookingid": 7858
    },
    {
        "bookingid": 3504
    },
    {
        "bookingid": 4042
    },
    {
        "bookingid": 1114
    },
    {
        "bookingid": 2909
    },
    {
        "bookingid": 40
    },
    {
        "bookingid": 7529
    },
    {
        "bookingid": 5420
    },
    {
        "bookingid": 4985
    },
    {
        "bookingid": 82
    },
    {
        "bookingid": 6580
    },
    {
        "bookingid": 5327
    },
    {
        "bookingid": 5973
    },
    {
        "bookingid": 4289
    },
    {
        "bookingid": 1390
    },
    {
        "bookingid": 1834
    },
    {
        "bookingid": 603
    },
    {
        "bookingid": 3816
    },
    {
        "bookingid": 7467
    },
    {
        "bookingid": 3314
    },
    {
        "bookingid": 2361
    },
    {
        "bookingid": 5852
    },
    {
        "bookingid": 4444
    },
    {
        "bookingid": 1401
    },
    {
        "bookingid": 3851
    },
    {
        "bookingid": 327
    },
    {
        "bookingid": 3329
    },
    {
        "bookingid": 2111
    },
    {
        "bookingid": 6260
    },
    {
        "bookingid": 3343
    },
    {
        "bookingid": 3369
    },
    {
        "bookingid": 4635
    },
    {
        "bookingid": 4256
    },
    {
        "bookingid": 6987
    },
    {
        "bookingid": 5928
    },
    {
        "bookingid": 189
    },
    {
        "bookingid": 6529
    },
    {
        "bookingid": 7399
    },
    {
        "bookingid": 7400
    },
    {
        "bookingid": 401
    },
    {
        "bookingid": 5581
    },
    {
        "bookingid": 3974
    },
    {
        "bookingid": 7983
    },
    {
        "bookingid": 547
    },
    {
        "bookingid": 7227
    },
    {
        "bookingid": 6191
    },
    {
        "bookingid": 4119
    },
    {
        "bookingid": 6057
    },
    {
        "bookingid": 809
    },
    {
        "bookingid": 694
    },
    {
        "bookingid": 269
    },
    {
        "bookingid": 4304
    },
    {
        "bookingid": 6206
    },
    {
        "bookingid": 5971
    },
    {
        "bookingid": 7209
    },
    {
        "bookingid": 8287
    },
    {
        "bookingid": 8463
    },
    {
        "bookingid": 1939
    },
    {
        "bookingid": 2787
    },
    {
        "bookingid": 1372
    },
    {
        "bookingid": 3245
    },
    {
        "bookingid": 5956
    },
    {
        "bookingid": 8543
    },
    {
        "bookingid": 661
    },
    {
        "bookingid": 962
    },
    {
        "bookingid": 1682
    },
    {
        "bookingid": 8560
    },
    {
        "bookingid": 7630
    },
    {
        "bookingid": 2597
    },
    {
        "bookingid": 2396
    },
    {
        "bookingid": 1162
    },
    {
        "bookingid": 7471
    },
    {
        "bookingid": 4600
    },
    {
        "bookingid": 7501
    },
    {
        "bookingid": 8842
    },
    {
        "bookingid": 1562
    },
    {
        "bookingid": 4991
    },
    {
        "bookingid": 2089
    },
    {
        "bookingid": 84
    },
    {
        "bookingid": 6251
    },
    {
        "bookingid": 3632
    },
    {
        "bookingid": 1557
    },
    {
        "bookingid": 2579
    },
    {
        "bookingid": 8925
    },
    {
        "bookingid": 2859
    },
    {
        "bookingid": 1280
    },
    {
        "bookingid": 8690
    },
    {
        "bookingid": 8861
    },
    {
        "bookingid": 6064
    },
    {
        "bookingid": 1100
    },
    {
        "bookingid": 6028
    },
    {
        "bookingid": 3546
    },
    {
        "bookingid": 7608
    },
    {
        "bookingid": 4058
    },
    {
        "bookingid": 868
    },
    {
        "bookingid": 9036
    },
    {
        "bookingid": 814
    },
    {
        "bookingid": 5575
    },
    {
        "bookingid": 1664
    },
    {
        "bookingid": 7730
    },
    {
        "bookingid": 1067
    },
    {
        "bookingid": 221
    },
    {
        "bookingid": 7732
    },
    {
        "bookingid": 540
    },
    {
        "bookingid": 6957
    },
    {
        "bookingid": 7965
    },
    {
        "bookingid": 3449
    },
    {
        "bookingid": 414
    },
    {
        "bookingid": 2305
    },
    {
        "bookingid": 593
    },
    {
        "bookingid": 5799
    },
    {
        "bookingid": 744
    },
    {
        "bookingid": 5293
    },
    {
        "bookingid": 8506
    },
    {
        "bookingid": 5377
    },
    {
        "bookingid": 7719
    },
    {
        "bookingid": 8348
    },
    {
        "bookingid": 5467
    },
    {
        "bookingid": 7819
    },
    {
        "bookingid": 2573
    },
    {
        "bookingid": 2164
    },
    {
        "bookingid": 4379
    },
    {
        "bookingid": 5670
    },
    {
        "bookingid": 7671
    },
    {
        "bookingid": 4801
    },
    {
        "bookingid": 4669
    },
    {
        "bookingid": 2490
    },
    {
        "bookingid": 2611
    },
    {
        "bookingid": 6259
    },
    {
        "bookingid": 7466
    },
    {
        "bookingid": 7316
    },
    {
        "bookingid": 2402
    },
    {
        "bookingid": 1872
    },
    {
        "bookingid": 6735
    },
    {
        "bookingid": 4882
    },
    {
        "bookingid": 8909
    },
    {
        "bookingid": 6645
    },
    {
        "bookingid": 582
    },
    {
        "bookingid": 3861
    },
    {
        "bookingid": 7339
    },
    {
        "bookingid": 735
    },
    {
        "bookingid": 2767
    },
    {
        "bookingid": 2026
    },
    {
        "bookingid": 2608
    },
    {
        "bookingid": 5093
    },
    {
        "bookingid": 9123
    },
    {
        "bookingid": 5236
    },
    {
        "bookingid": 7940
    },
    {
        "bookingid": 7419
    },
    {
        "bookingid": 8474
    },
    {
        "bookingid": 9111
    },
    {
        "bookingid": 3139
    },
    {
        "bookingid": 7894
    },
    {
        "bookingid": 8542
    },
    {
        "bookingid": 1464
    },
    {
        "bookingid": 8972
    },
    {
        "bookingid": 7356
    },
    {
        "bookingid": 1047
    },
    {
        "bookingid": 3138
    },
    {
        "bookingid": 5757
    },
    {
        "bookingid": 5487
    },
    {
        "bookingid": 3354
    },
    {
        "bookingid": 5506
    },
    {
        "bookingid": 2522
    },
    {
        "bookingid": 3081
    },
    {
        "bookingid": 7504
    },
    {
        "bookingid": 1922
    },
    {
        "bookingid": 8217
    },
    {
        "bookingid": 7235
    },
    {
        "bookingid": 3237
    },
    {
        "bookingid": 1555
    },
    {
        "bookingid": 5088
    },
    {
        "bookingid": 887
    },
    {
        "bookingid": 4765
    },
    {
        "bookingid": 3458
    },
    {
        "bookingid": 8985
    },
    {
        "bookingid": 8484
    },
    {
        "bookingid": 3869
    },
    {
        "bookingid": 1202
    },
    {
        "bookingid": 381
    },
    {
        "bookingid": 4959
    },
    {
        "bookingid": 9239
    },
    {
        "bookingid": 5134
    },
    {
        "bookingid": 9114
    },
    {
        "bookingid": 2743
    },
    {
        "bookingid": 4475
    },
    {
        "bookingid": 451
    },
    {
        "bookingid": 2932
    },
    {
        "bookingid": 8076
    },
    {
        "bookingid": 2100
    },
    {
        "bookingid": 7517
    },
    {
        "bookingid": 6922
    },
    {
        "bookingid": 19
    },
    {
        "bookingid": 202
    },
    {
        "bookingid": 4934
    },
    {
        "bookingid": 669
    },
    {
        "bookingid": 3641
    },
    {
        "bookingid": 7578
    },
    {
        "bookingid": 3299
    },
    {
        "bookingid": 4259
    },
    {
        "bookingid": 7340
    },
    {
        "bookingid": 3431
    },
    {
        "bookingid": 6638
    },
    {
        "bookingid": 9109
    },
    {
        "bookingid": 4559
    },
    {
        "bookingid": 6310
    },
    {
        "bookingid": 722
    },
    {
        "bookingid": 482
    },
    {
        "bookingid": 7145
    },
    {
        "bookingid": 5901
    },
    {
        "bookingid": 7620
    },
    {
        "bookingid": 2789
    },
    {
        "bookingid": 3959
    },
    {
        "bookingid": 2379
    },
    {
        "bookingid": 8069
    },
    {
        "bookingid": 4462
    },
    {
        "bookingid": 1624
    },
    {
        "bookingid": 6150
    },
    {
        "bookingid": 6659
    },
    {
        "bookingid": 7809
    },
    {
        "bookingid": 5611
    },
    {
        "bookingid": 1716
    },
    {
        "bookingid": 2443
    },
    {
        "bookingid": 1958
    },
    {
        "bookingid": 4849
    },
    {
        "bookingid": 6521
    },
    {
        "bookingid": 2515
    },
    {
        "bookingid": 8099
    },
    {
        "bookingid": 1456
    },
    {
        "bookingid": 8103
    },
    {
        "bookingid": 8564
    },
    {
        "bookingid": 8598
    },
    {
        "bookingid": 4594
    },
    {
        "bookingid": 7322
    },
    {
        "bookingid": 4168
    },
    {
        "bookingid": 250
    },
    {
        "bookingid": 1539
    },
    {
        "bookingid": 97
    },
    {
        "bookingid": 1652
    },
    {
        "bookingid": 83
    },
    {
        "bookingid": 8236
    },
    {
        "bookingid": 7423
    },
    {
        "bookingid": 5772
    },
    {
        "bookingid": 1267
    },
    {
        "bookingid": 8739
    },
    {
        "bookingid": 7492
    },
    {
        "bookingid": 9137
    },
    {
        "bookingid": 305
    },
    {
        "bookingid": 7837
    },
    {
        "bookingid": 7028
    },
    {
        "bookingid": 2918
    },
    {
        "bookingid": 8119
    },
    {
        "bookingid": 2601
    },
    {
        "bookingid": 6405
    },
    {
        "bookingid": 5685
    },
    {
        "bookingid": 7450
    },
    {
        "bookingid": 3648
    },
    {
        "bookingid": 6117
    },
    {
        "bookingid": 4306
    },
    {
        "bookingid": 1653
    },
    {
        "bookingid": 2470
    },
    {
        "bookingid": 2485
    },
    {
        "bookingid": 1231
    },
    {
        "bookingid": 8446
    },
    {
        "bookingid": 545
    },
    {
        "bookingid": 7721
    },
    {
        "bookingid": 5719
    },
    {
        "bookingid": 969
    },
    {
        "bookingid": 2304
    },
    {
        "bookingid": 6717
    },
    {
        "bookingid": 5820
    },
    {
        "bookingid": 4958
    },
    {
        "bookingid": 768
    },
    {
        "bookingid": 8316
    },
    {
        "bookingid": 200
    },
    {
        "bookingid": 156
    },
    {
        "bookingid": 7748
    },
    {
        "bookingid": 5476
    },
    {
        "bookingid": 1618
    },
    {
        "bookingid": 5580
    },
    {
        "bookingid": 6022
    },
    {
        "bookingid": 1205
    },
    {
        "bookingid": 9228
    },
    {
        "bookingid": 7297
    },
    {
        "bookingid": 8292
    },
    {
        "bookingid": 3920
    },
    {
        "bookingid": 2995
    },
    {
        "bookingid": 5455
    },
    {
        "bookingid": 1552
    },
    {
        "bookingid": 1505
    },
    {
        "bookingid": 175
    },
    {
        "bookingid": 9399
    },
    {
        "bookingid": 6348
    },
    {
        "bookingid": 9278
    },
    {
        "bookingid": 3665
    },
    {
        "bookingid": 3356
    },
    {
        "bookingid": 5268
    },
    {
        "bookingid": 6869
    },
    {
        "bookingid": 506
    },
    {
        "bookingid": 1898
    },
    {
        "bookingid": 422
    },
    {
        "bookingid": 5527
    },
    {
        "bookingid": 7234
    },
    {
        "bookingid": 9314
    },
    {
        "bookingid": 8117
    },
    {
        "bookingid": 1503
    },
    {
        "bookingid": 7269
    },
    {
        "bookingid": 6432
    },
    {
        "bookingid": 1501
    },
    {
        "bookingid": 2105
    },
    {
        "bookingid": 2683
    },
    {
        "bookingid": 9104
    },
    {
        "bookingid": 9031
    },
    {
        "bookingid": 1655
    },
    {
        "bookingid": 7729
    },
    {
        "bookingid": 1473
    },
    {
        "bookingid": 7312
    },
    {
        "bookingid": 1705
    },
    {
        "bookingid": 163
    },
    {
        "bookingid": 7463
    },
    {
        "bookingid": 132
    },
    {
        "bookingid": 2321
    },
    {
        "bookingid": 5955
    },
    {
        "bookingid": 4121
    },
    {
        "bookingid": 135
    },
    {
        "bookingid": 556
    },
    {
        "bookingid": 7900
    },
    {
        "bookingid": 4177
    },
    {
        "bookingid": 6682
    },
    {
        "bookingid": 5189
    },
    {
        "bookingid": 5264
    },
    {
        "bookingid": 1489
    },
    {
        "bookingid": 2670
    },
    {
        "bookingid": 8587
    },
    {
        "bookingid": 7428
    },
    {
        "bookingid": 5764
    },
    {
        "bookingid": 7082
    },
    {
        "bookingid": 7510
    },
    {
        "bookingid": 8727
    },
    {
        "bookingid": 7347
    },
    {
        "bookingid": 4515
    },
    {
        "bookingid": 912
    },
    {
        "bookingid": 178
    },
    {
        "bookingid": 3433
    },
    {
        "bookingid": 5992
    },
    {
        "bookingid": 1454
    },
    {
        "bookingid": 462
    },
    {
        "bookingid": 9232
    },
    {
        "bookingid": 7849
    },
    {
        "bookingid": 2660
    },
    {
        "bookingid": 2158
    },
    {
        "bookingid": 4398
    },
    {
        "bookingid": 4472
    },
    {
        "bookingid": 7955
    },
    {
        "bookingid": 7371
    },
    {
        "bookingid": 8992
    },
    {
        "bookingid": 6335
    },
    {
        "bookingid": 6612
    },
    {
        "bookingid": 7643
    },
    {
        "bookingid": 1901
    },
    {
        "bookingid": 119
    },
    {
        "bookingid": 590
    },
    {
        "bookingid": 1620
    },
    {
        "bookingid": 6141
    },
    {
        "bookingid": 2363
    },
    {
        "bookingid": 315
    },
    {
        "bookingid": 3491
    },
    {
        "bookingid": 3837
    },
    {
        "bookingid": 3815
    },
    {
        "bookingid": 8601
    },
    {
        "bookingid": 1933
    },
    {
        "bookingid": 8692
    },
    {
        "bookingid": 4816
    },
    {
        "bookingid": 8405
    },
    {
        "bookingid": 3473
    },
    {
        "bookingid": 2655
    },
    {
        "bookingid": 4748
    },
    {
        "bookingid": 2770
    },
    {
        "bookingid": 7417
    },
    {
        "bookingid": 7154
    },
    {
        "bookingid": 4956
    },
    {
        "bookingid": 7317
    },
    {
        "bookingid": 4051
    },
    {
        "bookingid": 2714
    },
    {
        "bookingid": 2235
    },
    {
        "bookingid": 6324
    },
    {
        "bookingid": 9193
    },
    {
        "bookingid": 4149
    },
    {
        "bookingid": 4315
    },
    {
        "bookingid": 88
    },
    {
        "bookingid": 8708
    },
    {
        "bookingid": 3965
    },
    {
        "bookingid": 4244
    },
    {
        "bookingid": 5353
    },
    {
        "bookingid": 6790
    },
    {
        "bookingid": 3924
    },
    {
        "bookingid": 3226
    },
    {
        "bookingid": 4968
    },
    {
        "bookingid": 8400
    },
    {
        "bookingid": 5687
    },
    {
        "bookingid": 8418
    },
    {
        "bookingid": 1720
    },
    {
        "bookingid": 6913
    },
    {
        "bookingid": 5734
    },
    {
        "bookingid": 1016
    },
    {
        "bookingid": 8952
    },
    {
        "bookingid": 1139
    },
    {
        "bookingid": 1183
    },
    {
        "bookingid": 6136
    },
    {
        "bookingid": 1154
    },
    {
        "bookingid": 6622
    },
    {
        "bookingid": 9119
    },
    {
        "bookingid": 8043
    },
    {
        "bookingid": 3503
    },
    {
        "bookingid": 6892
    },
    {
        "bookingid": 7390
    },
    {
        "bookingid": 1698
    },
    {
        "bookingid": 1111
    },
    {
        "bookingid": 5811
    },
    {
        "bookingid": 3963
    },
    {
        "bookingid": 7605
    },
    {
        "bookingid": 4153
    },
    {
        "bookingid": 6010
    },
    {
        "bookingid": 7683
    },
    {
        "bookingid": 6979
    },
    {
        "bookingid": 4385
    },
    {
        "bookingid": 2319
    },
    {
        "bookingid": 7451
    },
    {
        "bookingid": 6384
    },
    {
        "bookingid": 4471
    },
    {
        "bookingid": 4871
    },
    {
        "bookingid": 1056
    },
    {
        "bookingid": 6129
    },
    {
        "bookingid": 1724
    },
    {
        "bookingid": 5054
    },
    {
        "bookingid": 1906
    },
    {
        "bookingid": 1210
    },
    {
        "bookingid": 1258
    },
    {
        "bookingid": 1087
    },
    {
        "bookingid": 725
    },
    {
        "bookingid": 3368
    },
    {
        "bookingid": 2537
    },
    {
        "bookingid": 3459
    },
    {
        "bookingid": 5846
    },
    {
        "bookingid": 6166
    },
    {
        "bookingid": 4047
    },
    {
        "bookingid": 3396
    },
    {
        "bookingid": 7047
    },
    {
        "bookingid": 3759
    },
    {
        "bookingid": 1214
    },
    {
        "bookingid": 4667
    },
    {
        "bookingid": 8955
    },
    {
        "bookingid": 1692
    },
    {
        "bookingid": 8306
    },
    {
        "bookingid": 8004
    },
    {
        "bookingid": 4059
    },
    {
        "bookingid": 1525
    },
    {
        "bookingid": 4677
    },
    {
        "bookingid": 3549
    },
    {
        "bookingid": 8510
    },
    {
        "bookingid": 6121
    },
    {
        "bookingid": 2342
    },
    {
        "bookingid": 4084
    },
    {
        "bookingid": 7367
    },
    {
        "bookingid": 3209
    },
    {
        "bookingid": 1228
    },
    {
        "bookingid": 1576
    },
    {
        "bookingid": 95
    },
    {
        "bookingid": 105
    },
    {
        "bookingid": 2697
    },
    {
        "bookingid": 373
    },
    {
        "bookingid": 4071
    },
    {
        "bookingid": 1519
    },
    {
        "bookingid": 4395
    },
    {
        "bookingid": 8562
    },
    {
        "bookingid": 7043
    },
    {
        "bookingid": 7723
    },
    {
        "bookingid": 664
    },
    {
        "bookingid": 8890
    },
    {
        "bookingid": 9413
    },
    {
        "bookingid": 3361
    },
    {
        "bookingid": 715
    },
    {
        "bookingid": 8409
    },
    {
        "bookingid": 2994
    },
    {
        "bookingid": 1874
    },
    {
        "bookingid": 291
    },
    {
        "bookingid": 7290
    },
    {
        "bookingid": 8139
    },
    {
        "bookingid": 6591
    },
    {
        "bookingid": 5452
    },
    {
        "bookingid": 1723
    },
    {
        "bookingid": 3232
    },
    {
        "bookingid": 1414
    },
    {
        "bookingid": 1393
    },
    {
        "bookingid": 8967
    },
    {
        "bookingid": 6011
    },
    {
        "bookingid": 4204
    },
    {
        "bookingid": 6112
    },
    {
        "bookingid": 8007
    },
    {
        "bookingid": 7791
    },
    {
        "bookingid": 4541
    },
    {
        "bookingid": 9034
    },
    {
        "bookingid": 828
    },
    {
        "bookingid": 9284
    },
    {
        "bookingid": 5241
    },
    {
        "bookingid": 7549
    },
    {
        "bookingid": 361
    },
    {
        "bookingid": 22
    },
    {
        "bookingid": 3535
    },
    {
        "bookingid": 4944
    },
    {
        "bookingid": 9323
    },
    {
        "bookingid": 6691
    },
    {
        "bookingid": 6923
    },
    {
        "bookingid": 3765
    },
    {
        "bookingid": 7228
    },
    {
        "bookingid": 4400
    },
    {
        "bookingid": 2666
    },
    {
        "bookingid": 5016
    },
    {
        "bookingid": 2247
    },
    {
        "bookingid": 192
    },
    {
        "bookingid": 676
    },
    {
        "bookingid": 7031
    },
    {
        "bookingid": 6100
    },
    {
        "bookingid": 3208
    },
    {
        "bookingid": 526
    },
    {
        "bookingid": 5871
    },
    {
        "bookingid": 1175
    },
    {
        "bookingid": 1913
    },
    {
        "bookingid": 2625
    },
    {
        "bookingid": 1886
    },
    {
        "bookingid": 3423
    },
    {
        "bookingid": 8553
    },
    {
        "bookingid": 3846
    },
    {
        "bookingid": 5378
    },
    {
        "bookingid": 2
    },
    {
        "bookingid": 5640
    },
    {
        "bookingid": 8058
    },
    {
        "bookingid": 7774
    },
    {
        "bookingid": 7801
    },
    {
        "bookingid": 5459
    },
    {
        "bookingid": 5853
    },
    {
        "bookingid": 7023
    },
    {
        "bookingid": 1121
    },
    {
        "bookingid": 4827
    },
    {
        "bookingid": 5837
    },
    {
        "bookingid": 5576
    },
    {
        "bookingid": 1817
    },
    {
        "bookingid": 2444
    },
    {
        "bookingid": 2736
    },
    {
        "bookingid": 2412
    },
    {
        "bookingid": 2588
    },
    {
        "bookingid": 4713
    },
    {
        "bookingid": 4561
    },
    {
        "bookingid": 4020
    },
    {
        "bookingid": 576
    },
    {
        "bookingid": 6173
    },
    {
        "bookingid": 1951
    },
    {
        "bookingid": 2561
    },
    {
        "bookingid": 4301
    },
    {
        "bookingid": 4900
    },
    {
        "bookingid": 7771
    },
    {
        "bookingid": 3135
    },
    {
        "bookingid": 398
    },
    {
        "bookingid": 2035
    },
    {
        "bookingid": 3324
    },
    {
        "bookingid": 6826
    },
    {
        "bookingid": 5253
    },
    {
        "bookingid": 1805
    },
    {
        "bookingid": 2768
    },
    {
        "bookingid": 118
    },
    {
        "bookingid": 7315
    },
    {
        "bookingid": 2904
    },
    {
        "bookingid": 7624
    },
    {
        "bookingid": 343
    },
    {
        "bookingid": 2007
    },
    {
        "bookingid": 6918
    },
    {
        "bookingid": 8608
    },
    {
        "bookingid": 1125
    },
    {
        "bookingid": 1970
    },
    {
        "bookingid": 8808
    },
    {
        "bookingid": 1849
    },
    {
        "bookingid": 3876
    },
    {
        "bookingid": 1822
    },
    {
        "bookingid": 1133
    },
    {
        "bookingid": 6555
    },
    {
        "bookingid": 1523
    },
    {
        "bookingid": 4188
    },
    {
        "bookingid": 63
    },
    {
        "bookingid": 8964
    },
    {
        "bookingid": 1803
    },
    {
        "bookingid": 4688
    },
    {
        "bookingid": 2929
    },
    {
        "bookingid": 1201
    },
    {
        "bookingid": 7739
    },
    {
        "bookingid": 2044
    },
    {
        "bookingid": 5107
    },
    {
        "bookingid": 2632
    },
    {
        "bookingid": 3269
    },
    {
        "bookingid": 2487
    },
    {
        "bookingid": 7404
    },
    {
        "bookingid": 4048
    },
    {
        "bookingid": 49
    },
    {
        "bookingid": 7851
    },
    {
        "bookingid": 6878
    },
    {
        "bookingid": 1981
    },
    {
        "bookingid": 430
    },
    {
        "bookingid": 3522
    },
    {
        "bookingid": 5790
    },
    {
        "bookingid": 4273
    },
    {
        "bookingid": 9335
    },
    {
        "bookingid": 8530
    },
    {
        "bookingid": 5902
    },
    {
        "bookingid": 278
    },
    {
        "bookingid": 855
    },
    {
        "bookingid": 3147
    },
    {
        "bookingid": 8123
    },
    {
        "bookingid": 1767
    },
    {
        "bookingid": 9051
    },
    {
        "bookingid": 242
    },
    {
        "bookingid": 4169
    },
    {
        "bookingid": 5549
    },
    {
        "bookingid": 6085
    },
    {
        "bookingid": 4524
    },
    {
        "bookingid": 4023
    },
    {
        "bookingid": 848
    },
    {
        "bookingid": 4046
    },
    {
        "bookingid": 1516
    },
    {
        "bookingid": 682
    },
    {
        "bookingid": 5721
    },
    {
        "bookingid": 113
    },
    {
        "bookingid": 6534
    },
    {
        "bookingid": 5765
    },
    {
        "bookingid": 2951
    },
    {
        "bookingid": 2981
    },
    {
        "bookingid": 5174
    },
    {
        "bookingid": 7187
    },
    {
        "bookingid": 5056
    },
    {
        "bookingid": 6223
    },
    {
        "bookingid": 5050
    },
    {
        "bookingid": 7124
    },
    {
        "bookingid": 6493
    },
    {
        "bookingid": 5714
    },
    {
        "bookingid": 8817
    },
    {
        "bookingid": 7050
    },
    {
        "bookingid": 4404
    },
    {
        "bookingid": 2475
    },
    {
        "bookingid": 4998
    },
    {
        "bookingid": 117
    },
    {
        "bookingid": 1177
    },
    {
        "bookingid": 3872
    },
    {
        "bookingid": 470
    },
    {
        "bookingid": 428
    },
    {
        "bookingid": 441
    },
    {
        "bookingid": 6712
    },
    {
        "bookingid": 6934
    },
    {
        "bookingid": 510
    },
    {
        "bookingid": 8658
    },
    {
        "bookingid": 4815
    },
    {
        "bookingid": 7503
    },
    {
        "bookingid": 9309
    },
    {
        "bookingid": 1729
    },
    {
        "bookingid": 640
    },
    {
        "bookingid": 3926
    },
    {
        "bookingid": 3531
    },
    {
        "bookingid": 445
    },
    {
        "bookingid": 8883
    },
    {
        "bookingid": 8585
    },
    {
        "bookingid": 2147
    },
    {
        "bookingid": 106
    },
    {
        "bookingid": 2419
    },
    {
        "bookingid": 8471
    },
    {
        "bookingid": 3111
    },
    {
        "bookingid": 2759
    },
    {
        "bookingid": 9
    },
    {
        "bookingid": 7773
    },
    {
        "bookingid": 1818
    },
    {
        "bookingid": 8733
    },
    {
        "bookingid": 4999
    },
    {
        "bookingid": 6942
    },
    {
        "bookingid": 2585
    },
    {
        "bookingid": 7908
    },
    {
        "bookingid": 379
    },
    {
        "bookingid": 6950
    },
    {
        "bookingid": 1240
    },
    {
        "bookingid": 527
    },
    {
        "bookingid": 3602
    },
    {
        "bookingid": 6378
    },
    {
        "bookingid": 5783
    },
    {
        "bookingid": 9168
    },
    {
        "bookingid": 5111
    },
    {
        "bookingid": 4905
    },
    {
        "bookingid": 3937
    },
    {
        "bookingid": 1599
    },
    {
        "bookingid": 4853
    },
    {
        "bookingid": 5696
    },
    {
        "bookingid": 4325
    },
    {
        "bookingid": 4699
    },
    {
        "bookingid": 7595
    },
    {
        "bookingid": 3910
    },
    {
        "bookingid": 134
    },
    {
        "bookingid": 5485
    },
    {
        "bookingid": 7909
    },
    {
        "bookingid": 8689
    },
    {
        "bookingid": 6808
    },
    {
        "bookingid": 947
    },
    {
        "bookingid": 5849
    },
    {
        "bookingid": 3262
    },
    {
        "bookingid": 4394
    },
    {
        "bookingid": 2544
    },
    {
        "bookingid": 4383
    },
    {
        "bookingid": 5149
    },
    {
        "bookingid": 5399
    },
    {
        "bookingid": 7048
    },
    {
        "bookingid": 5251
    },
    {
        "bookingid": 4213
    },
    {
        "bookingid": 159
    },
    {
        "bookingid": 807
    },
    {
        "bookingid": 1091
    },
    {
        "bookingid": 4606
    },
    {
        "bookingid": 2335
    },
    {
        "bookingid": 3684
    },
    {
        "bookingid": 5855
    },
    {
        "bookingid": 6959
    },
    {
        "bookingid": 9055
    },
    {
        "bookingid": 7611
    },
    {
        "bookingid": 5100
    },
    {
        "bookingid": 529
    },
    {
        "bookingid": 4970
    },
    {
        "bookingid": 3291
    },
    {
        "bookingid": 2566
    },
    {
        "bookingid": 7216
    },
    {
        "bookingid": 5329
    },
    {
        "bookingid": 7607
    },
    {
        "bookingid": 6907
    },
    {
        "bookingid": 8668
    },
    {
        "bookingid": 843
    },
    {
        "bookingid": 6397
    },
    {
        "bookingid": 1408
    },
    {
        "bookingid": 4707
    },
    {
        "bookingid": 2984
    },
    {
        "bookingid": 8109
    },
    {
        "bookingid": 5209
    },
    {
        "bookingid": 246
    },
    {
        "bookingid": 2821
    },
    {
        "bookingid": 4335
    },
    {
        "bookingid": 821
    },
    {
        "bookingid": 4674
    },
    {
        "bookingid": 6084
    },
    {
        "bookingid": 4941
    },
    {
        "bookingid": 8806
    },
    {
        "bookingid": 297
    },
    {
        "bookingid": 1102
    },
    {
        "bookingid": 8106
    },
    {
        "bookingid": 4201
    },
    {
        "bookingid": 6295
    },
    {
        "bookingid": 8758
    },
    {
        "bookingid": 1264
    },
    {
        "bookingid": 5382
    },
    {
        "bookingid": 222
    },
    {
        "bookingid": 5776
    },
    {
        "bookingid": 7818
    },
    {
        "bookingid": 9225
    },
    {
        "bookingid": 6519
    },
    {
        "bookingid": 6500
    },
    {
        "bookingid": 2937
    },
    {
        "bookingid": 3014
    },
    {
        "bookingid": 5667
    },
    {
        "bookingid": 6941
    },
    {
        "bookingid": 924
    },
    {
        "bookingid": 704
    },
    {
        "bookingid": 4333
    },
    {
        "bookingid": 6391
    },
    {
        "bookingid": 4841
    },
    {
        "bookingid": 3033
    },
    {
        "bookingid": 9199
    },
    {
        "bookingid": 7910
    },
    {
        "bookingid": 3513
    },
    {
        "bookingid": 8283
    },
    {
        "bookingid": 300
    },
    {
        "bookingid": 352
    },
    {
        "bookingid": 1773
    },
    {
        "bookingid": 4495
    },
    {
        "bookingid": 7411
    },
    {
        "bookingid": 420
    },
    {
        "bookingid": 4857
    },
    {
        "bookingid": 8647
    },
    {
        "bookingid": 1887
    },
    {
        "bookingid": 3306
    },
    {
        "bookingid": 2491
    },
    {
        "bookingid": 5004
    },
    {
        "bookingid": 8756
    },
    {
        "bookingid": 2669
    },
    {
        "bookingid": 8201
    },
    {
        "bookingid": 3344
    },
    {
        "bookingid": 7823
    },
    {
        "bookingid": 7567
    },
    {
        "bookingid": 904
    },
    {
        "bookingid": 1187
    },
    {
        "bookingid": 534
    },
    {
        "bookingid": 3753
    },
    {
        "bookingid": 6097
    },
    {
        "bookingid": 8610
    },
    {
        "bookingid": 6400
    },
    {
        "bookingid": 7139
    },
    {
        "bookingid": 285
    },
    {
        "bookingid": 1648
    },
    {
        "bookingid": 4459
    },
    {
        "bookingid": 1606
    },
    {
        "bookingid": 5393
    },
    {
        "bookingid": 1459
    },
    {
        "bookingid": 986
    },
    {
        "bookingid": 7645
    },
    {
        "bookingid": 3156
    },
    {
        "bookingid": 4608
    },
    {
        "bookingid": 4224
    },
    {
        "bookingid": 4337
    },
    {
        "bookingid": 2123
    },
    {
        "bookingid": 2082
    },
    {
        "bookingid": 1510
    },
    {
        "bookingid": 2599
    },
    {
        "bookingid": 2656
    },
    {
        "bookingid": 1387
    },
    {
        "bookingid": 8223
    },
    {
        "bookingid": 9075
    },
    {
        "bookingid": 1218
    },
    {
        "bookingid": 2764
    },
    {
        "bookingid": 769
    },
    {
        "bookingid": 6955
    },
    {
        "bookingid": 8061
    },
    {
        "bookingid": 1443
    },
    {
        "bookingid": 4305
    },
    {
        "bookingid": 3911
    },
    {
        "bookingid": 3826
    },
    {
        "bookingid": 4370
    },
    {
        "bookingid": 5390
    },
    {
        "bookingid": 7172
    },
    {
        "bookingid": 2301
    },
    {
        "bookingid": 7890
    },
    {
        "bookingid": 4889
    },
    {
        "bookingid": 4848
    },
    {
        "bookingid": 9306
    },
    {
        "bookingid": 6539
    },
    {
        "bookingid": 2054
    },
    {
        "bookingid": 1144
    },
    {
        "bookingid": 8118
    },
    {
        "bookingid": 1208
    },
    {
        "bookingid": 2040
    },
    {
        "bookingid": 1672
    },
    {
        "bookingid": 7252
    },
    {
        "bookingid": 1461
    },
    {
        "bookingid": 1693
    },
    {
        "bookingid": 5583
    },
    {
        "bookingid": 2580
    },
    {
        "bookingid": 8519
    },
    {
        "bookingid": 7984
    },
    {
        "bookingid": 1836
    },
    {
        "bookingid": 7674
    },
    {
        "bookingid": 7945
    },
    {
        "bookingid": 78
    },
    {
        "bookingid": 4019
    },
    {
        "bookingid": 1383
    },
    {
        "bookingid": 7366
    },
    {
        "bookingid": 1776
    },
    {
        "bookingid": 2265
    },
    {
        "bookingid": 5001
    },
    {
        "bookingid": 2139
    },
    {
        "bookingid": 3432
    },
    {
        "bookingid": 7786
    },
    {
        "bookingid": 2735
    },
    {
        "bookingid": 1745
    },
    {
        "bookingid": 2488
    },
    {
        "bookingid": 2802
    },
    {
        "bookingid": 3233
    },
    {
        "bookingid": 764
    },
    {
        "bookingid": 1302
    },
    {
        "bookingid": 2689
    },
    {
        "bookingid": 9283
    },
    {
        "bookingid": 4684
    },
    {
        "bookingid": 6901
    },
    {
        "bookingid": 4655
    },
    {
        "bookingid": 7856
    },
    {
        "bookingid": 1734
    },
    {
        "bookingid": 1309
    },
    {
        "bookingid": 3558
    },
    {
        "bookingid": 3553
    },
    {
        "bookingid": 6549
    },
    {
        "bookingid": 6297
    },
    {
        "bookingid": 4727
    },
    {
        "bookingid": 1941
    },
    {
        "bookingid": 4287
    },
    {
        "bookingid": 5791
    },
    {
        "bookingid": 5379
    },
    {
        "bookingid": 8410
    },
    {
        "bookingid": 7376
    },
    {
        "bookingid": 2083
    },
    {
        "bookingid": 1460
    },
    {
        "bookingid": 5071
    },
    {
        "bookingid": 6126
    },
    {
        "bookingid": 9286
    },
    {
        "bookingid": 2248
    },
    {
        "bookingid": 4481
    },
    {
        "bookingid": 5995
    },
    {
        "bookingid": 3594
    },
    {
        "bookingid": 2911
    },
    {
        "bookingid": 4975
    },
    {
        "bookingid": 550
    },
    {
        "bookingid": 5586
    },
    {
        "bookingid": 9056
    },
    {
        "bookingid": 6842
    },
    {
        "bookingid": 871
    },
    {
        "bookingid": 4024
    },
    {
        "bookingid": 2596
    },
    {
        "bookingid": 9000
    },
    {
        "bookingid": 5545
    },
    {
        "bookingid": 2173
    },
    {
        "bookingid": 4341
    },
    {
        "bookingid": 148
    },
    {
        "bookingid": 1020
    },
    {
        "bookingid": 2106
    },
    {
        "bookingid": 1739
    },
    {
        "bookingid": 50
    },
    {
        "bookingid": 5265
    },
    {
        "bookingid": 157
    },
    {
        "bookingid": 4750
    },
    {
        "bookingid": 3227
    },
    {
        "bookingid": 7974
    },
    {
        "bookingid": 8444
    },
    {
        "bookingid": 792
    },
    {
        "bookingid": 7854
    },
    {
        "bookingid": 673
    },
    {
        "bookingid": 5860
    },
    {
        "bookingid": 1829
    },
    {
        "bookingid": 4910
    },
    {
        "bookingid": 5829
    },
    {
        "bookingid": 3669
    },
    {
        "bookingid": 6270
    },
    {
        "bookingid": 668
    },
    {
        "bookingid": 1497
    },
    {
        "bookingid": 1061
    },
    {
        "bookingid": 2888
    },
    {
        "bookingid": 8486
    },
    {
        "bookingid": 9330
    },
    {
        "bookingid": 8173
    },
    {
        "bookingid": 4018
    },
    {
        "bookingid": 6332
    },
    {
        "bookingid": 9224
    },
    {
        "bookingid": 3190
    },
    {
        "bookingid": 8833
    },
    {
        "bookingid": 3701
    },
    {
        "bookingid": 7700
    },
    {
        "bookingid": 7874
    },
    {
        "bookingid": 3960
    },
    {
        "bookingid": 581
    },
    {
        "bookingid": 2219
    },
    {
        "bookingid": 2473
    },
    {
        "bookingid": 5019
    },
    {
        "bookingid": 10
    },
    {
        "bookingid": 8724
    },
    {
        "bookingid": 5315
    },
    {
        "bookingid": 7108
    },
    {
        "bookingid": 8300
    },
    {
        "bookingid": 1113
    },
    {
        "bookingid": 7442
    },
    {
        "bookingid": 520
    },
    {
        "bookingid": 2221
    },
    {
        "bookingid": 3309
    },
    {
        "bookingid": 3198
    },
    {
        "bookingid": 298
    },
    {
        "bookingid": 8421
    },
    {
        "bookingid": 7046
    },
    {
        "bookingid": 8138
    },
    {
        "bookingid": 9408
    },
    {
        "bookingid": 574
    },
    {
        "bookingid": 876
    },
    {
        "bookingid": 7015
    },
    {
        "bookingid": 3573
    },
    {
        "bookingid": 3647
    },
    {
        "bookingid": 536
    },
    {
        "bookingid": 9040
    },
    {
        "bookingid": 1427
    },
    {
        "bookingid": 7846
    },
    {
        "bookingid": 310
    },
    {
        "bookingid": 6365
    },
    {
        "bookingid": 1589
    },
    {
        "bookingid": 5598
    },
    {
        "bookingid": 6423
    },
    {
        "bookingid": 1798
    },
    {
        "bookingid": 2067
    },
    {
        "bookingid": 154
    },
    {
        "bookingid": 8702
    },
    {
        "bookingid": 700
    },
    {
        "bookingid": 342
    },
    {
        "bookingid": 7395
    },
    {
        "bookingid": 5013
    },
    {
        "bookingid": 3349
    },
    {
        "bookingid": 8210
    },
    {
        "bookingid": 5593
    },
    {
        "bookingid": 3709
    },
    {
        "bookingid": 8693
    },
    {
        "bookingid": 1695
    },
    {
        "bookingid": 4526
    },
    {
        "bookingid": 3542
    },
    {
        "bookingid": 56
    },
    {
        "bookingid": 2744
    },
    {
        "bookingid": 3932
    },
    {
        "bookingid": 7934
    },
    {
        "bookingid": 6756
    },
    {
        "bookingid": 5946
    },
    {
        "bookingid": 2015
    },
    {
        "bookingid": 6228
    },
    {
        "bookingid": 9165
    },
    {
        "bookingid": 137
    },
    {
        "bookingid": 252
    },
    {
        "bookingid": 8022
    },
    {
        "bookingid": 4410
    },
    {
        "bookingid": 3205
    },
    {
        "bookingid": 4598
    },
    {
        "bookingid": 1050
    },
    {
        "bookingid": 3455
    },
    {
        "bookingid": 5882
    },
    {
        "bookingid": 7482
    },
    {
        "bookingid": 4993
    },
    {
        "bookingid": 945
    },
    {
        "bookingid": 7921
    },
    {
        "bookingid": 7379
    },
    {
        "bookingid": 3112
    },
    {
        "bookingid": 8789
    },
    {
        "bookingid": 1978
    },
    {
        "bookingid": 913
    },
    {
        "bookingid": 1122
    },
    {
        "bookingid": 8091
    },
    {
        "bookingid": 32
    },
    {
        "bookingid": 311
    },
    {
        "bookingid": 6825
    },
    {
        "bookingid": 5072
    },
    {
        "bookingid": 6047
    },
    {
        "bookingid": 4072
    },
    {
        "bookingid": 5766
    },
    {
        "bookingid": 2634
    },
    {
        "bookingid": 6116
    },
    {
        "bookingid": 2822
    },
    {
        "bookingid": 3496
    },
    {
        "bookingid": 614
    },
    {
        "bookingid": 8962
    },
    {
        "bookingid": 7202
    },
    {
        "bookingid": 5417
    },
    {
        "bookingid": 2333
    },
    {
        "bookingid": 5146
    },
    {
        "bookingid": 4947
    },
    {
        "bookingid": 2367
    },
    {
        "bookingid": 1084
    },
    {
        "bookingid": 4735
    },
    {
        "bookingid": 3790
    },
    {
        "bookingid": 333
    },
    {
        "bookingid": 2668
    },
    {
        "bookingid": 8532
    },
    {
        "bookingid": 7662
    },
    {
        "bookingid": 478
    },
    {
        "bookingid": 4358
    },
    {
        "bookingid": 5048
    },
    {
        "bookingid": 9414
    },
    {
        "bookingid": 2012
    },
    {
        "bookingid": 834
    },
    {
        "bookingid": 3729
    },
    {
        "bookingid": 4441
    },
    {
        "bookingid": 385
    },
    {
        "bookingid": 1753
    },
    {
        "bookingid": 5509
    },
    {
        "bookingid": 3407
    },
    {
        "bookingid": 7875
    },
    {
        "bookingid": 9093
    },
    {
        "bookingid": 7707
    },
    {
        "bookingid": 4544
    },
    {
        "bookingid": 1961
    },
    {
        "bookingid": 4709
    },
    {
        "bookingid": 7563
    },
    {
        "bookingid": 7610
    },
    {
        "bookingid": 3550
    },
    {
        "bookingid": 5350
    },
    {
        "bookingid": 6334
    },
    {
        "bookingid": 2183
    },
    {
        "bookingid": 9106
    },
    {
        "bookingid": 5854
    },
    {
        "bookingid": 4883
    },
    {
        "bookingid": 3049
    },
    {
        "bookingid": 335
    },
    {
        "bookingid": 7364
    },
    {
        "bookingid": 8607
    },
    {
        "bookingid": 3719
    },
    {
        "bookingid": 7822
    },
    {
        "bookingid": 1784
    },
    {
        "bookingid": 4653
    },
    {
        "bookingid": 2891
    },
    {
        "bookingid": 6904
    },
    {
        "bookingid": 6476
    },
    {
        "bookingid": 4725
    },
    {
        "bookingid": 8754
    },
    {
        "bookingid": 4197
    },
    {
        "bookingid": 2851
    },
    {
        "bookingid": 5423
    },
    {
        "bookingid": 3078
    },
    {
        "bookingid": 3925
    },
    {
        "bookingid": 5898
    },
    {
        "bookingid": 4319
    },
    {
        "bookingid": 2377
    },
    {
        "bookingid": 7055
    },
    {
        "bookingid": 8678
    },
    {
        "bookingid": 9245
    },
    {
        "bookingid": 2513
    },
    {
        "bookingid": 7387
    },
    {
        "bookingid": 7584
    },
    {
        "bookingid": 2431
    },
    {
        "bookingid": 6852
    },
    {
        "bookingid": 317
    },
    {
        "bookingid": 3051
    },
    {
        "bookingid": 7441
    },
    {
        "bookingid": 438
    },
    {
        "bookingid": 303
    },
    {
        "bookingid": 5121
    },
    {
        "bookingid": 6572
    },
    {
        "bookingid": 2575
    },
    {
        "bookingid": 1768
    },
    {
        "bookingid": 5017
    },
    {
        "bookingid": 8644
    },
    {
        "bookingid": 4027
    },
    {
        "bookingid": 3679
    },
    {
        "bookingid": 8886
    },
    {
        "bookingid": 3771
    },
    {
        "bookingid": 4081
    },
    {
        "bookingid": 6794
    },
    {
        "bookingid": 337
    },
    {
        "bookingid": 1567
    },
    {
        "bookingid": 847
    },
    {
        "bookingid": 3604
    },
    {
        "bookingid": 7086
    },
    {
        "bookingid": 5827
    },
    {
        "bookingid": 6262
    },
    {
        "bookingid": 7670
    },
    {
        "bookingid": 1418
    },
    {
        "bookingid": 4592
    },
    {
        "bookingid": 8488
    },
    {
        "bookingid": 323
    },
    {
        "bookingid": 265
    },
    {
        "bookingid": 9267
    },
    {
        "bookingid": 2617
    },
    {
        "bookingid": 7198
    },
    {
        "bookingid": 6041
    },
    {
        "bookingid": 7959
    },
    {
        "bookingid": 5964
    },
    {
        "bookingid": 348
    },
    {
        "bookingid": 6329
    },
    {
        "bookingid": 2042
    },
    {
        "bookingid": 6885
    },
    {
        "bookingid": 7604
    },
    {
        "bookingid": 2921
    },
    {
        "bookingid": 2935
    },
    {
        "bookingid": 955
    },
    {
        "bookingid": 3725
    },
    {
        "bookingid": 6415
    },
    {
        "bookingid": 3413
    },
    {
        "bookingid": 4384
    },
    {
        "bookingid": 6045
    },
    {
        "bookingid": 3388
    },
    {
        "bookingid": 2168
    },
    {
        "bookingid": 1574
    },
    {
        "bookingid": 8046
    },
    {
        "bookingid": 4192
    },
    {
        "bookingid": 7915
    },
    {
        "bookingid": 4808
    },
    {
        "bookingid": 3528
    },
    {
        "bookingid": 2741
    },
    {
        "bookingid": 7906
    },
    {
        "bookingid": 9139
    },
    {
        "bookingid": 2801
    },
    {
        "bookingid": 279
    },
    {
        "bookingid": 1313
    },
    {
        "bookingid": 1358
    },
    {
        "bookingid": 2188
    },
    {
        "bookingid": 8192
    },
    {
        "bookingid": 2996
    },
    {
        "bookingid": 8329
    },
    {
        "bookingid": 3691
    },
    {
        "bookingid": 1255
    },
    {
        "bookingid": 2005
    },
    {
        "bookingid": 4525
    },
    {
        "bookingid": 8351
    },
    {
        "bookingid": 8017
    },
    {
        "bookingid": 2964
    },
    {
        "bookingid": 434
    },
    {
        "bookingid": 5911
    },
    {
        "bookingid": 785
    },
    {
        "bookingid": 1186
    },
    {
        "bookingid": 2238
    },
    {
        "bookingid": 750
    },
    {
        "bookingid": 42
    },
    {
        "bookingid": 2877
    },
    {
        "bookingid": 3742
    },
    {
        "bookingid": 2716
    },
    {
        "bookingid": 7523
    },
    {
        "bookingid": 6055
    },
    {
        "bookingid": 7452
    },
    {
        "bookingid": 4068
    },
    {
        "bookingid": 5031
    },
    {
        "bookingid": 2442
    },
    {
        "bookingid": 4223
    },
    {
        "bookingid": 9180
    },
    {
        "bookingid": 8467
    },
    {
        "bookingid": 5330
    },
    {
        "bookingid": 7368
    },
    {
        "bookingid": 5298
    },
    {
        "bookingid": 9327
    },
    {
        "bookingid": 6468
    },
    {
        "bookingid": 2978
    },
    {
        "bookingid": 829
    },
    {
        "bookingid": 1826
    },
    {
        "bookingid": 5215
    },
    {
        "bookingid": 4640
    },
    {
        "bookingid": 1921
    },
    {
        "bookingid": 502
    },
    {
        "bookingid": 4323
    },
    {
        "bookingid": 7453
    },
    {
        "bookingid": 410
    },
    {
        "bookingid": 4768
    },
    {
        "bookingid": 595
    },
    {
        "bookingid": 1188
    },
    {
        "bookingid": 5465
    },
    {
        "bookingid": 1687
    },
    {
        "bookingid": 1303
    },
    {
        "bookingid": 280
    },
    {
        "bookingid": 2933
    },
    {
        "bookingid": 2541
    },
    {
        "bookingid": 4595
    },
    {
        "bookingid": 2413
    },
    {
        "bookingid": 185
    },
    {
        "bookingid": 6163
    },
    {
        "bookingid": 9006
    },
    {
        "bookingid": 8782
    },
    {
        "bookingid": 3977
    },
    {
        "bookingid": 7262
    },
    {
        "bookingid": 4995
    },
    {
        "bookingid": 1868
    },
    {
        "bookingid": 4527
    },
    {
        "bookingid": 1227
    },
    {
        "bookingid": 2272
    },
    {
        "bookingid": 2763
    },
    {
        "bookingid": 1930
    },
    {
        "bookingid": 616
    },
    {
        "bookingid": 5977
    },
    {
        "bookingid": 1566
    },
    {
        "bookingid": 4867
    },
    {
        "bookingid": 7705
    },
    {
        "bookingid": 2218
    },
    {
        "bookingid": 4211
    },
    {
        "bookingid": 8652
    },
    {
        "bookingid": 967
    },
    {
        "bookingid": 6733
    },
    {
        "bookingid": 8523
    },
    {
        "bookingid": 5515
    },
    {
        "bookingid": 6027
    },
    {
        "bookingid": 4741
    },
    {
        "bookingid": 3795
    },
    {
        "bookingid": 8396
    },
    {
        "bookingid": 3699
    },
    {
        "bookingid": 5300
    },
    {
        "bookingid": 58
    },
    {
        "bookingid": 681
    },
    {
        "bookingid": 8860
    },
    {
        "bookingid": 1529
    },
    {
        "bookingid": 7073
    },
    {
        "bookingid": 1615
    },
    {
        "bookingid": 6410
    },
    {
        "bookingid": 7651
    },
    {
        "bookingid": 1710
    },
    {
        "bookingid": 1407
    },
    {
        "bookingid": 7039
    },
    {
        "bookingid": 1740
    },
    {
        "bookingid": 3015
    },
    {
        "bookingid": 6527
    },
    {
        "bookingid": 6093
    },
    {
        "bookingid": 1072
    },
    {
        "bookingid": 9127
    },
    {
        "bookingid": 6601
    },
    {
        "bookingid": 2712
    },
    {
        "bookingid": 5658
    },
    {
        "bookingid": 2912
    },
    {
        "bookingid": 5612
    },
    {
        "bookingid": 702
    },
    {
        "bookingid": 7963
    },
    {
        "bookingid": 5774
    },
    {
        "bookingid": 4028
    },
    {
        "bookingid": 6392
    },
    {
        "bookingid": 906
    },
    {
        "bookingid": 3951
    },
    {
        "bookingid": 4809
    },
    {
        "bookingid": 1229
    },
    {
        "bookingid": 2791
    },
    {
        "bookingid": 9235
    },
    {
        "bookingid": 7081
    },
    {
        "bookingid": 8810
    },
    {
        "bookingid": 5979
    },
    {
        "bookingid": 4694
    },
    {
        "bookingid": 8531
    },
    {
        "bookingid": 5403
    },
    {
        "bookingid": 3537
    },
    {
        "bookingid": 5784
    },
    {
        "bookingid": 4199
    },
    {
        "bookingid": 8751
    },
    {
        "bookingid": 150
    },
    {
        "bookingid": 5331
    },
    {
        "bookingid": 7166
    },
    {
        "bookingid": 6711
    },
    {
        "bookingid": 2113
    },
    {
        "bookingid": 3048
    },
    {
        "bookingid": 8388
    },
    {
        "bookingid": 6624
    },
    {
        "bookingid": 7032
    },
    {
        "bookingid": 7933
    },
    {
        "bookingid": 115
    },
    {
        "bookingid": 7335
    },
    {
        "bookingid": 1384
    },
    {
        "bookingid": 2300
    },
    {
        "bookingid": 167
    },
    {
        "bookingid": 4730
    },
    {
        "bookingid": 8199
    },
    {
        "bookingid": 4299
    },
    {
        "bookingid": 2837
    },
    {
        "bookingid": 2647
    },
    {
        "bookingid": 79
    },
    {
        "bookingid": 7935
    },
    {
        "bookingid": 7022
    },
    {
        "bookingid": 4604
    },
    {
        "bookingid": 2593
    },
    {
        "bookingid": 7245
    },
    {
        "bookingid": 5197
    },
    {
        "bookingid": 6608
    },
    {
        "bookingid": 5355
    },
    {
        "bookingid": 6524
    },
    {
        "bookingid": 2512
    },
    {
        "bookingid": 46
    },
    {
        "bookingid": 4055
    },
    {
        "bookingid": 7939
    },
    {
        "bookingid": 5014
    },
    {
        "bookingid": 4437
    },
    {
        "bookingid": 2192
    },
    {
        "bookingid": 9188
    },
    {
        "bookingid": 9307
    },
    {
        "bookingid": 8731
    },
    {
        "bookingid": 8818
    },
    {
        "bookingid": 5740
    },
    {
        "bookingid": 1879
    },
    {
        "bookingid": 2715
    },
    {
        "bookingid": 5722
    },
    {
        "bookingid": 8784
    },
    {
        "bookingid": 7257
    },
    {
        "bookingid": 8619
    },
    {
        "bookingid": 6844
    },
    {
        "bookingid": 457
    },
    {
        "bookingid": 1332
    },
    {
        "bookingid": 9166
    },
    {
        "bookingid": 8759
    },
    {
        "bookingid": 3319
    },
    {
        "bookingid": 4896
    },
    {
        "bookingid": 7537
    },
    {
        "bookingid": 131
    },
    {
        "bookingid": 2062
    },
    {
        "bookingid": 8722
    },
    {
        "bookingid": 4122
    },
    {
        "bookingid": 5147
    },
    {
        "bookingid": 4133
    },
    {
        "bookingid": 4183
    },
    {
        "bookingid": 182
    },
    {
        "bookingid": 765
    },
    {
        "bookingid": 4539
    },
    {
        "bookingid": 6968
    },
    {
        "bookingid": 5651
    },
    {
        "bookingid": 6445
    },
    {
        "bookingid": 3675
    },
    {
        "bookingid": 1632
    },
    {
        "bookingid": 5937
    },
    {
        "bookingid": 3651
    },
    {
        "bookingid": 6789
    },
    {
        "bookingid": 4322
    },
    {
        "bookingid": 5952
    },
    {
        "bookingid": 9346
    },
    {
        "bookingid": 6884
    },
    {
        "bookingid": 9032
    },
    {
        "bookingid": 5040
    },
    {
        "bookingid": 1998
    },
    {
        "bookingid": 6573
    },
    {
        "bookingid": 3204
    },
    {
        "bookingid": 9262
    },
    {
        "bookingid": 9029
    },
    {
        "bookingid": 7159
    },
    {
        "bookingid": 1380
    },
    {
        "bookingid": 7416
    },
    {
        "bookingid": 6390
    },
    {
        "bookingid": 3878
    },
    {
        "bookingid": 3854
    },
    {
        "bookingid": 9398
    },
    {
        "bookingid": 5888
    },
    {
        "bookingid": 9412
    },
    {
        "bookingid": 8338
    },
    {
        "bookingid": 538
    },
    {
        "bookingid": 5806
    },
    {
        "bookingid": 3032
    },
    {
        "bookingid": 7270
    },
    {
        "bookingid": 541
    },
    {
        "bookingid": 7119
    },
    {
        "bookingid": 5148
    },
    {
        "bookingid": 1123
    },
    {
        "bookingid": 8999
    },
    {
        "bookingid": 3727
    },
    {
        "bookingid": 8785
    },
    {
        "bookingid": 4283
    },
    {
        "bookingid": 548
    },
    {
        "bookingid": 8811
    },
    {
        "bookingid": 5386
    },
    {
        "bookingid": 1119
    },
    {
        "bookingid": 6757
    },
    {
        "bookingid": 7440
    },
    {
        "bookingid": 6293
    },
    {
        "bookingid": 2334
    },
    {
        "bookingid": 5532
    },
    {
        "bookingid": 2870
    },
    {
        "bookingid": 4781
    },
    {
        "bookingid": 6344
    },
    {
        "bookingid": 5325
    },
    {
        "bookingid": 2565
    },
    {
        "bookingid": 9070
    },
    {
        "bookingid": 5155
    },
    {
        "bookingid": 7201
    },
    {
        "bookingid": 4856
    },
    {
        "bookingid": 5966
    },
    {
        "bookingid": 8525
    },
    {
        "bookingid": 2986
    },
    {
        "bookingid": 5202
    },
    {
        "bookingid": 4320
    },
    {
        "bookingid": 5206
    },
    {
        "bookingid": 4532
    },
    {
        "bookingid": 8505
    },
    {
        "bookingid": 2825
    },
    {
        "bookingid": 1281
    },
    {
        "bookingid": 7614
    },
    {
        "bookingid": 1468
    },
    {
        "bookingid": 8551
    },
    {
        "bookingid": 2686
    },
    {
        "bookingid": 1756
    },
    {
        "bookingid": 3191
    },
    {
        "bookingid": 2976
    },
    {
        "bookingid": 4563
    },
    {
        "bookingid": 8876
    },
    {
        "bookingid": 8794
    },
    {
        "bookingid": 4076
    },
    {
        "bookingid": 4818
    },
    {
        "bookingid": 6676
    },
    {
        "bookingid": 773
    },
    {
        "bookingid": 780
    },
    {
        "bookingid": 3823
    },
    {
        "bookingid": 2225
    },
    {
        "bookingid": 6491
    },
    {
        "bookingid": 8393
    },
    {
        "bookingid": 7329
    },
    {
        "bookingid": 5648
    },
    {
        "bookingid": 5061
    },
    {
        "bookingid": 1320
    },
    {
        "bookingid": 8586
    },
    {
        "bookingid": 3403
    },
    {
        "bookingid": 3616
    },
    {
        "bookingid": 5900
    },
    {
        "bookingid": 9013
    },
    {
        "bookingid": 2278
    },
    {
        "bookingid": 8978
    },
    {
        "bookingid": 5221
    },
    {
        "bookingid": 888
    },
    {
        "bookingid": 990
    },
    {
        "bookingid": 1076
    },
    {
        "bookingid": 8521
    },
    {
        "bookingid": 7710
    },
    {
        "bookingid": 1880
    },
    {
        "bookingid": 6917
    },
    {
        "bookingid": 1925
    },
    {
        "bookingid": 6212
    },
    {
        "bookingid": 104
    },
    {
        "bookingid": 6767
    },
    {
        "bookingid": 600
    },
    {
        "bookingid": 6561
    },
    {
        "bookingid": 6162
    },
    {
        "bookingid": 7990
    },
    {
        "bookingid": 8288
    },
    {
        "bookingid": 639
    },
    {
        "bookingid": 6208
    },
    {
        "bookingid": 6843
    },
    {
        "bookingid": 7962
    },
    {
        "bookingid": 1350
    },
    {
        "bookingid": 8595
    },
    {
        "bookingid": 6497
    },
    {
        "bookingid": 7735
    },
    {
        "bookingid": 476
    },
    {
        "bookingid": 5285
    },
    {
        "bookingid": 8715
    },
    {
        "bookingid": 3189
    },
    {
        "bookingid": 6544
    },
    {
        "bookingid": 1668
    },
    {
        "bookingid": 5488
    },
    {
        "bookingid": 2276
    },
    {
        "bookingid": 2465
    },
    {
        "bookingid": 4014
    },
    {
        "bookingid": 9386
    },
    {
        "bookingid": 801
    },
    {
        "bookingid": 2267
    },
    {
        "bookingid": 3364
    },
    {
        "bookingid": 872
    },
    {
        "bookingid": 4280
    },
    {
        "bookingid": 571
    },
    {
        "bookingid": 2920
    },
    {
        "bookingid": 2631
    },
    {
        "bookingid": 3735
    },
    {
        "bookingid": 7173
    },
    {
        "bookingid": 799
    },
    {
        "bookingid": 8832
    },
    {
        "bookingid": 4317
    },
    {
        "bookingid": 2417
    },
    {
        "bookingid": 3124
    },
    {
        "bookingid": 646
    },
    {
        "bookingid": 2364
    },
    {
        "bookingid": 9253
    },
    {
        "bookingid": 9143
    },
    {
        "bookingid": 7211
    },
    {
        "bookingid": 3386
    },
    {
        "bookingid": 9172
    },
    {
        "bookingid": 8311
    },
    {
        "bookingid": 1976
    },
    {
        "bookingid": 7738
    },
    {
        "bookingid": 6720
    },
    {
        "bookingid": 3844
    },
    {
        "bookingid": 889
    },
    {
        "bookingid": 5778
    },
    {
        "bookingid": 6062
    },
    {
        "bookingid": 2199
    },
    {
        "bookingid": 6730
    },
    {
        "bookingid": 1631
    },
    {
        "bookingid": 3278
    },
    {
        "bookingid": 8917
    },
    {
        "bookingid": 2946
    },
    {
        "bookingid": 8134
    },
    {
        "bookingid": 2889
    },
    {
        "bookingid": 2352
    },
    {
        "bookingid": 8579
    },
    {
        "bookingid": 9319
    },
    {
        "bookingid": 5504
    },
    {
        "bookingid": 7840
    },
    {
        "bookingid": 9341
    },
    {
        "bookingid": 6565
    },
    {
        "bookingid": 6328
    },
    {
        "bookingid": 4176
    },
    {
        "bookingid": 9063
    },
    {
        "bookingid": 17
    },
    {
        "bookingid": 1335
    },
    {
        "bookingid": 6935
    },
    {
        "bookingid": 8913
    },
    {
        "bookingid": 8683
    },
    {
        "bookingid": 3414
    },
    {
        "bookingid": 5874
    },
    {
        "bookingid": 123
    },
    {
        "bookingid": 8958
    },
    {
        "bookingid": 7283
    },
    {
        "bookingid": 6665
    },
    {
        "bookingid": 5643
    },
    {
        "bookingid": 5360
    },
    {
        "bookingid": 2171
    },
    {
        "bookingid": 9362
    },
    {
        "bookingid": 6485
    },
    {
        "bookingid": 8681
    },
    {
        "bookingid": 6299
    },
    {
        "bookingid": 7123
    },
    {
        "bookingid": 5336
    },
    {
        "bookingid": 109
    },
    {
        "bookingid": 8221
    },
    {
        "bookingid": 2439
    },
    {
        "bookingid": 5792
    },
    {
        "bookingid": 3353
    },
    {
        "bookingid": 9130
    },
    {
        "bookingid": 3211
    },
    {
        "bookingid": 4414
    },
    {
        "bookingid": 6411
    },
    {
        "bookingid": 4136
    },
    {
        "bookingid": 8417
    },
    {
        "bookingid": 9301
    },
    {
        "bookingid": 4393
    },
    {
        "bookingid": 9150
    },
    {
        "bookingid": 9365
    },
    {
        "bookingid": 2233
    },
    {
        "bookingid": 903
    },
    {
        "bookingid": 294
    },
    {
        "bookingid": 9115
    },
    {
        "bookingid": 4100
    },
    {
        "bookingid": 4787
    },
    {
        "bookingid": 5642
    },
    {
        "bookingid": 6089
    },
    {
        "bookingid": 6441
    },
    {
        "bookingid": 7583
    },
    {
        "bookingid": 7579
    },
    {
        "bookingid": 4914
    },
    {
        "bookingid": 6245
    },
    {
        "bookingid": 6647
    },
    {
        "bookingid": 4780
    },
    {
        "bookingid": 340
    },
    {
        "bookingid": 7664
    },
    {
        "bookingid": 4892
    },
    {
        "bookingid": 6729
    },
    {
        "bookingid": 3807
    },
    {
        "bookingid": 349
    },
    {
        "bookingid": 6302
    },
    {
        "bookingid": 5729
    },
    {
        "bookingid": 1691
    },
    {
        "bookingid": 68
    },
    {
        "bookingid": 8045
    },
    {
        "bookingid": 6864
    },
    {
        "bookingid": 2765
    },
    {
        "bookingid": 8839
    },
    {
        "bookingid": 1416
    },
    {
        "bookingid": 2645
    },
    {
        "bookingid": 4206
    },
    {
        "bookingid": 1511
    },
    {
        "bookingid": 8946
    },
    {
        "bookingid": 2294
    },
    {
        "bookingid": 902
    },
    {
        "bookingid": 3712
    },
    {
        "bookingid": 1625
    },
    {
        "bookingid": 3126
    },
    {
        "bookingid": 5321
    },
    {
        "bookingid": 2931
    },
    {
        "bookingid": 3091
    },
    {
        "bookingid": 3157
    },
    {
        "bookingid": 3596
    },
    {
        "bookingid": 8717
    },
    {
        "bookingid": 1283
    },
    {
        "bookingid": 61
    },
    {
        "bookingid": 3970
    },
    {
        "bookingid": 485
    },
    {
        "bookingid": 8635
    },
    {
        "bookingid": 4773
    },
    {
        "bookingid": 6109
    },
    {
        "bookingid": 8349
    },
    {
        "bookingid": 5405
    },
    {
        "bookingid": 5542
    },
    {
        "bookingid": 9048
    },
    {
        "bookingid": 5974
    },
    {
        "bookingid": 318
    },
    {
        "bookingid": 6895
    },
    {
        "bookingid": 8604
    },
    {
        "bookingid": 7006
    },
    {
        "bookingid": 1338
    },
    {
        "bookingid": 8803
    },
    {
        "bookingid": 7431
    },
    {
        "bookingid": 7669
    },
    {
        "bookingid": 4907
    },
    {
        "bookingid": 1585
    },
    {
        "bookingid": 334
    },
    {
        "bookingid": 2066
    },
    {
        "bookingid": 7515
    },
    {
        "bookingid": 4986
    },
    {
        "bookingid": 5401
    },
    {
        "bookingid": 3096
    },
    {
        "bookingid": 6238
    },
    {
        "bookingid": 6236
    },
    {
        "bookingid": 2530
    },
    {
        "bookingid": 5867
    },
    {
        "bookingid": 5984
    },
    {
        "bookingid": 8325
    },
    {
        "bookingid": 3813
    },
    {
        "bookingid": 7182
    },
    {
        "bookingid": 6872
    },
    {
        "bookingid": 2076
    },
    {
        "bookingid": 6669
    },
    {
        "bookingid": 4405
    },
    {
        "bookingid": 2020
    },
    {
        "bookingid": 6301
    },
    {
        "bookingid": 6828
    },
    {
        "bookingid": 2834
    },
    {
        "bookingid": 4523
    },
    {
        "bookingid": 8427
    },
    {
        "bookingid": 3171
    },
    {
        "bookingid": 2376
    },
    {
        "bookingid": 7034
    },
    {
        "bookingid": 4723
    },
    {
        "bookingid": 1370
    },
    {
        "bookingid": 3196
    },
    {
        "bookingid": 5385
    },
    {
        "bookingid": 5312
    },
    {
        "bookingid": 3365
    },
    {
        "bookingid": 594
    },
    {
        "bookingid": 3728
    },
    {
        "bookingid": 7825
    },
    {
        "bookingid": 1561
    },
    {
        "bookingid": 9062
    },
    {
        "bookingid": 774
    },
    {
        "bookingid": 5078
    },
    {
        "bookingid": 7163
    },
    {
        "bookingid": 171
    },
    {
        "bookingid": 6273
    },
    {
        "bookingid": 7301
    },
    {
        "bookingid": 2246
    },
    {
        "bookingid": 2980
    },
    {
        "bookingid": 4240
    },
    {
        "bookingid": 2726
    },
    {
        "bookingid": 6727
    },
    {
        "bookingid": 6919
    },
    {
        "bookingid": 3629
    },
    {
        "bookingid": 3053
    },
    {
        "bookingid": 933
    },
    {
        "bookingid": 4936
    },
    {
        "bookingid": 4139
    },
    {
        "bookingid": 5475
    },
    {
        "bookingid": 2030
    },
    {
        "bookingid": 1124
    },
    {
        "bookingid": 1259
    },
    {
        "bookingid": 217
    },
    {
        "bookingid": 2357
    },
    {
        "bookingid": 4644
    },
    {
        "bookingid": 39
    },
    {
        "bookingid": 1596
    },
    {
        "bookingid": 940
    },
    {
        "bookingid": 5628
    },
    {
        "bookingid": 2194
    },
    {
        "bookingid": 8466
    },
    {
        "bookingid": 6965
    },
    {
        "bookingid": 7268
    },
    {
        "bookingid": 8613
    },
    {
        "bookingid": 9178
    },
    {
        "bookingid": 2136
    },
    {
        "bookingid": 5235
    },
    {
        "bookingid": 1086
    },
    {
        "bookingid": 6829
    },
    {
        "bookingid": 7068
    },
    {
        "bookingid": 7582
    },
    {
        "bookingid": 1870
    },
    {
        "bookingid": 6437
    },
    {
        "bookingid": 421
    },
    {
        "bookingid": 4906
    },
    {
        "bookingid": 1959
    },
    {
        "bookingid": 5735
    },
    {
        "bookingid": 107
    },
    {
        "bookingid": 2662
    },
    {
        "bookingid": 8729
    },
    {
        "bookingid": 9236
    },
    {
        "bookingid": 151
    },
    {
        "bookingid": 1646
    },
    {
        "bookingid": 8176
    },
    {
        "bookingid": 5546
    },
    {
        "bookingid": 7193
    },
    {
        "bookingid": 8834
    },
    {
        "bookingid": 4221
    },
    {
        "bookingid": 5841
    },
    {
        "bookingid": 2998
    },
    {
        "bookingid": 8011
    },
    {
        "bookingid": 6657
    },
    {
        "bookingid": 7272
    },
    {
        "bookingid": 1700
    },
    {
        "bookingid": 7485
    },
    {
        "bookingid": 5292
    },
    {
        "bookingid": 3176
    },
    {
        "bookingid": 1337
    },
    {
        "bookingid": 9179
    },
    {
        "bookingid": 272
    },
    {
        "bookingid": 247
    },
    {
        "bookingid": 7016
    },
    {
        "bookingid": 9379
    },
    {
        "bookingid": 6980
    },
    {
        "bookingid": 6046
    },
    {
        "bookingid": 3002
    },
    {
        "bookingid": 775
    },
    {
        "bookingid": 3282
    },
    {
        "bookingid": 4123
    },
    {
        "bookingid": 8374
    },
    {
        "bookingid": 879
    },
    {
        "bookingid": 2842
    },
    {
        "bookingid": 9288
    },
    {
        "bookingid": 4377
    },
    {
        "bookingid": 8319
    },
    {
        "bookingid": 8186
    },
    {
        "bookingid": 7087
    },
    {
        "bookingid": 7586
    },
    {
        "bookingid": 8513
    },
    {
        "bookingid": 7192
    },
    {
        "bookingid": 4135
    },
    {
        "bookingid": 8050
    },
    {
        "bookingid": 7995
    },
    {
        "bookingid": 3514
    },
    {
        "bookingid": 4940
    },
    {
        "bookingid": 209
    },
    {
        "bookingid": 5922
    },
    {
        "bookingid": 3225
    },
    {
        "bookingid": 8896
    },
    {
        "bookingid": 4771
    },
    {
        "bookingid": 8696
    },
    {
        "bookingid": 1346
    },
    {
        "bookingid": 1885
    },
    {
        "bookingid": 6619
    },
    {
        "bookingid": 7210
    },
    {
        "bookingid": 4485
    },
    {
        "bookingid": 6695
    },
    {
        "bookingid": 6811
    },
    {
        "bookingid": 2045
    },
    {
        "bookingid": 3782
    },
    {
        "bookingid": 8819
    },
    {
        "bookingid": 8858
    },
    {
        "bookingid": 4556
    },
    {
        "bookingid": 6803
    },
    {
        "bookingid": 6740
    },
    {
        "bookingid": 7555
    },
    {
        "bookingid": 8019
    },
    {
        "bookingid": 4793
    },
    {
        "bookingid": 3845
    },
    {
        "bookingid": 8655
    },
    {
        "bookingid": 9254
    },
    {
        "bookingid": 3901
    },
    {
        "bookingid": 4798
    },
    {
        "bookingid": 5712
    },
    {
        "bookingid": 1823
    },
    {
        "bookingid": 7999
    },
    {
        "bookingid": 369
    },
    {
        "bookingid": 4569
    },
    {
        "bookingid": 1068
    },
    {
        "bookingid": 2991
    },
    {
        "bookingid": 4517
    },
    {
        "bookingid": 2894
    },
    {
        "bookingid": 4533
    },
    {
        "bookingid": 4946
    },
    {
        "bookingid": 2193
    },
    {
        "bookingid": 3580
    },
    {
        "bookingid": 7590
    },
    {
        "bookingid": 8786
    },
    {
        "bookingid": 480
    },
    {
        "bookingid": 5517
    },
    {
        "bookingid": 2936
    },
    {
        "bookingid": 6607
    },
    {
        "bookingid": 7864
    },
    {
        "bookingid": 8880
    },
    {
        "bookingid": 4767
    },
    {
        "bookingid": 2830
    },
    {
        "bookingid": 4174
    },
    {
        "bookingid": 7396
    },
    {
        "bookingid": 7330
    },
    {
        "bookingid": 6078
    },
    {
        "bookingid": 2557
    },
    {
        "bookingid": 3595
    },
    {
        "bookingid": 6570
    },
    {
        "bookingid": 8654
    },
    {
        "bookingid": 4916
    },
    {
        "bookingid": 8574
    },
    {
        "bookingid": 2692
    },
    {
        "bookingid": 7843
    },
    {
        "bookingid": 806
    },
    {
        "bookingid": 5058
    },
    {
        "bookingid": 3084
    },
    {
        "bookingid": 8575
    },
    {
        "bookingid": 3523
    },
    {
        "bookingid": 6388
    },
    {
        "bookingid": 3809
    },
    {
        "bookingid": 8324
    },
    {
        "bookingid": 38
    },
    {
        "bookingid": 9270
    },
    {
        "bookingid": 4351
    },
    {
        "bookingid": 6543
    },
    {
        "bookingid": 5416
    },
    {
        "bookingid": 2890
    },
    {
        "bookingid": 4085
    },
    {
        "bookingid": 1685
    },
    {
        "bookingid": 5679
    },
    {
        "bookingid": 1940
    },
    {
        "bookingid": 6763
    },
    {
        "bookingid": 5217
    },
    {
        "bookingid": 6837
    },
    {
        "bookingid": 8491
    },
    {
        "bookingid": 9171
    },
    {
        "bookingid": 2797
    },
    {
        "bookingid": 6736
    },
    {
        "bookingid": 166
    },
    {
        "bookingid": 359
    },
    {
        "bookingid": 9077
    },
    {
        "bookingid": 4282
    },
    {
        "bookingid": 5365
    },
    {
        "bookingid": 3071
    },
    {
        "bookingid": 5862
    },
    {
        "bookingid": 9294
    },
    {
        "bookingid": 8244
    },
    {
        "bookingid": 4662
    },
    {
        "bookingid": 2466
    },
    {
        "bookingid": 5473
    },
    {
        "bookingid": 1398
    },
    {
        "bookingid": 3860
    },
    {
        "bookingid": 7850
    },
    {
        "bookingid": 1057
    },
    {
        "bookingid": 6962
    },
    {
        "bookingid": 4286
    },
    {
        "bookingid": 8479
    },
    {
        "bookingid": 1379
    },
    {
        "bookingid": 6916
    },
    {
        "bookingid": 7348
    },
    {
        "bookingid": 377
    },
    {
        "bookingid": 5777
    },
    {
        "bookingid": 5996
    },
    {
        "bookingid": 2841
    },
    {
        "bookingid": 7708
    },
    {
        "bookingid": 6973
    },
    {
        "bookingid": 649
    },
    {
        "bookingid": 1434
    },
    {
        "bookingid": 3635
    },
    {
        "bookingid": 7793
    },
    {
        "bookingid": 8135
    },
    {
        "bookingid": 110
    },
    {
        "bookingid": 1832
    },
    {
        "bookingid": 7110
    },
    {
        "bookingid": 2148
    },
    {
        "bookingid": 5544
    },
    {
        "bookingid": 2977
    },
    {
        "bookingid": 8066
    },
    {
        "bookingid": 3515
    },
    {
        "bookingid": 7853
    },
    {
        "bookingid": 1570
    },
    {
        "bookingid": 3856
    },
    {
        "bookingid": 8230
    },
    {
        "bookingid": 867
    },
    {
        "bookingid": 7080
    },
    {
        "bookingid": 3037
    },
    {
        "bookingid": 7527
    },
    {
        "bookingid": 7152
    },
    {
        "bookingid": 8184
    },
    {
        "bookingid": 8632
    },
    {
        "bookingid": 6440
    },
    {
        "bookingid": 276
    },
    {
        "bookingid": 4803
    },
    {
        "bookingid": 7534
    },
    {
        "bookingid": 1938
    },
    {
        "bookingid": 5126
    },
    {
        "bookingid": 5442
    },
    {
        "bookingid": 1035
    },
    {
        "bookingid": 3144
    },
    {
        "bookingid": 757
    },
    {
        "bookingid": 4011
    },
    {
        "bookingid": 8852
    },
    {
        "bookingid": 2150
    },
    {
        "bookingid": 4260
    },
    {
        "bookingid": 643
    },
    {
        "bookingid": 3438
    },
    {
        "bookingid": 839
    },
    {
        "bookingid": 3766
    },
    {
        "bookingid": 5850
    },
    {
        "bookingid": 6823
    },
    {
        "bookingid": 6881
    },
    {
        "bookingid": 524
    },
    {
        "bookingid": 8315
    },
    {
        "bookingid": 985
    },
    {
        "bookingid": 4342
    },
    {
        "bookingid": 6102
    },
    {
        "bookingid": 805
    },
    {
        "bookingid": 6600
    },
    {
        "bookingid": 2745
    },
    {
        "bookingid": 3622
    },
    {
        "bookingid": 1382
    },
    {
        "bookingid": 3409
    },
    {
        "bookingid": 449
    },
    {
        "bookingid": 6606
    },
    {
        "bookingid": 7111
    },
    {
        "bookingid": 1598
    },
    {
        "bookingid": 5861
    },
    {
        "bookingid": 8082
    },
    {
        "bookingid": 5184
    },
    {
        "bookingid": 6168
    },
    {
        "bookingid": 1207
    },
    {
        "bookingid": 8749
    },
    {
        "bookingid": 326
    },
    {
        "bookingid": 319
    },
    {
        "bookingid": 9153
    },
    {
        "bookingid": 6218
    },
    {
        "bookingid": 8366
    },
    {
        "bookingid": 8462
    },
    {
        "bookingid": 1136
    },
    {
        "bookingid": 3040
    },
    {
        "bookingid": 432
    },
    {
        "bookingid": 7439
    },
    {
        "bookingid": 4120
    },
    {
        "bookingid": 4148
    },
    {
        "bookingid": 307
    },
    {
        "bookingid": 8105
    },
    {
        "bookingid": 1151
    },
    {
        "bookingid": 684
    },
    {
        "bookingid": 4340
    },
    {
        "bookingid": 3600
    },
    {
        "bookingid": 255
    },
    {
        "bookingid": 8339
    },
    {
        "bookingid": 6707
    },
    {
        "bookingid": 2211
    },
    {
        "bookingid": 26
    },
    {
        "bookingid": 1301
    },
    {
        "bookingid": 1851
    },
    {
        "bookingid": 8436
    },
    {
        "bookingid": 1988
    },
    {
        "bookingid": 7224
    },
    {
        "bookingid": 8672
    },
    {
        "bookingid": 2871
    },
    {
        "bookingid": 129
    },
    {
        "bookingid": 6654
    },
    {
        "bookingid": 8253
    },
    {
        "bookingid": 2706
    },
    {
        "bookingid": 3220
    },
    {
        "bookingid": 2324
    },
    {
        "bookingid": 7150
    },
    {
        "bookingid": 3013
    },
    {
        "bookingid": 403
    },
    {
        "bookingid": 4869
    },
    {
        "bookingid": 5025
    },
    {
        "bookingid": 726
    },
    {
        "bookingid": 6358
    },
    {
        "bookingid": 5496
    },
    {
        "bookingid": 3990
    },
    {
        "bookingid": 6684
    },
    {
        "bookingid": 7212
    },
    {
        "bookingid": 610
    },
    {
        "bookingid": 6460
    },
    {
        "bookingid": 9291
    },
    {
        "bookingid": 6031
    },
    {
        "bookingid": 2887
    },
    {
        "bookingid": 1914
    },
    {
        "bookingid": 3788
    },
    {
        "bookingid": 4252
    },
    {
        "bookingid": 8232
    },
    {
        "bookingid": 793
    },
    {
        "bookingid": 2849
    },
    {
        "bookingid": 2811
    },
    {
        "bookingid": 9243
    },
    {
        "bookingid": 473
    },
    {
        "bookingid": 152
    },
    {
        "bookingid": 5128
    },
    {
        "bookingid": 5228
    },
    {
        "bookingid": 6213
    },
    {
        "bookingid": 2913
    },
    {
        "bookingid": 3582
    },
    {
        "bookingid": 5644
    },
    {
        "bookingid": 7394
    },
    {
        "bookingid": 2552
    },
    {
        "bookingid": 1211
    },
    {
        "bookingid": 8036
    },
    {
        "bookingid": 755
    },
    {
        "bookingid": 2140
    },
    {
        "bookingid": 4835
    },
    {
        "bookingid": 7309
    },
    {
        "bookingid": 2331
    },
    {
        "bookingid": 384
    },
    {
        "bookingid": 25
    },
    {
        "bookingid": 9061
    },
    {
        "bookingid": 469
    },
    {
        "bookingid": 2738
    },
    {
        "bookingid": 7425
    },
    {
        "bookingid": 8402
    },
    {
        "bookingid": 2862
    },
    {
        "bookingid": 8600
    },
    {
        "bookingid": 5124
    },
    {
        "bookingid": 8518
    },
    {
        "bookingid": 2548
    },
    {
        "bookingid": 4438
    },
    {
        "bookingid": 2582
    },
    {
        "bookingid": 1041
    },
    {
        "bookingid": 3297
    },
    {
        "bookingid": 1316
    },
    {
        "bookingid": 6984
    },
    {
        "bookingid": 4536
    },
    {
        "bookingid": 7782
    },
    {
        "bookingid": 4
    },
    {
        "bookingid": 6026
    },
    {
        "bookingid": 389
    },
    {
        "bookingid": 916
    },
    {
        "bookingid": 4145
    },
    {
        "bookingid": 7505
    },
    {
        "bookingid": 3238
    },
    {
        "bookingid": 5070
    },
    {
        "bookingid": 2252
    },
    {
        "bookingid": 1237
    },
    {
        "bookingid": 6773
    },
    {
        "bookingid": 179
    },
    {
        "bookingid": 7171
    },
    {
        "bookingid": 7279
    },
    {
        "bookingid": 7281
    },
    {
        "bookingid": 6353
    },
    {
        "bookingid": 4952
    },
    {
        "bookingid": 9402
    },
    {
        "bookingid": 8180
    },
    {
        "bookingid": 6048
    },
    {
        "bookingid": 52
    },
    {
        "bookingid": 866
    },
    {
        "bookingid": 7444
    },
    {
        "bookingid": 7386
    },
    {
        "bookingid": 1644
    },
    {
        "bookingid": 7919
    },
    {
        "bookingid": 569
    },
    {
        "bookingid": 1120
    },
    {
        "bookingid": 4415
    },
    {
        "bookingid": 5699
    },
    {
        "bookingid": 2234
    },
    {
        "bookingid": 6
    },
    {
        "bookingid": 4026
    },
    {
        "bookingid": 8904
    },
    {
        "bookingid": 1478
    },
    {
        "bookingid": 7112
    },
    {
        "bookingid": 7991
    },
    {
        "bookingid": 1438
    },
    {
        "bookingid": 7731
    },
    {
        "bookingid": 3399
    },
    {
        "bookingid": 7088
    },
    {
        "bookingid": 2621
    },
    {
        "bookingid": 1548
    },
    {
        "bookingid": 8450
    },
    {
        "bookingid": 2077
    },
    {
        "bookingid": 8669
    },
    {
        "bookingid": 8703
    },
    {
        "bookingid": 5042
    },
    {
        "bookingid": 2495
    },
    {
        "bookingid": 6110
    },
    {
        "bookingid": 608
    },
    {
        "bookingid": 720
    },
    {
        "bookingid": 2521
    },
    {
        "bookingid": 1907
    },
    {
        "bookingid": 350
    },
    {
        "bookingid": 4992
    },
    {
        "bookingid": 4334
    },
    {
        "bookingid": 5516
    },
    {
        "bookingid": 3506
    },
    {
        "bookingid": 8303
    },
    {
        "bookingid": 3456
    },
    {
        "bookingid": 5917
    },
    {
        "bookingid": 6142
    },
    {
        "bookingid": 1910
    },
    {
        "bookingid": 7601
    },
    {
        "bookingid": 4338
    },
    {
        "bookingid": 5477
    },
    {
        "bookingid": 6930
    },
    {
        "bookingid": 8241
    },
    {
        "bookingid": 5015
    },
    {
        "bookingid": 6948
    },
    {
        "bookingid": 4363
    },
    {
        "bookingid": 6307
    },
    {
        "bookingid": 9227
    },
    {
        "bookingid": 383
    },
    {
        "bookingid": 4467
    },
    {
        "bookingid": 8073
    },
    {
        "bookingid": 8912
    },
    {
        "bookingid": 1155
    },
    {
        "bookingid": 1396
    },
    {
        "bookingid": 1482
    },
    {
        "bookingid": 6719
    },
    {
        "bookingid": 7167
    },
    {
        "bookingid": 7468
    },
    {
        "bookingid": 6368
    },
    {
        "bookingid": 1864
    },
    {
        "bookingid": 549
    },
    {
        "bookingid": 4758
    },
    {
        "bookingid": 3336
    },
    {
        "bookingid": 3250
    },
    {
        "bookingid": 5965
    },
    {
        "bookingid": 7474
    },
    {
        "bookingid": 4184
    },
    {
        "bookingid": 3730
    },
    {
        "bookingid": 739
    },
    {
        "bookingid": 819
    },
    {
        "bookingid": 7218
    },
    {
        "bookingid": 7244
    },
    {
        "bookingid": 9142
    },
    {
        "bookingid": 2628
    },
    {
        "bookingid": 5498
    },
    {
        "bookingid": 7352
    },
    {
        "bookingid": 5866
    },
    {
        "bookingid": 5512
    },
    {
        "bookingid": 878
    },
    {
        "bookingid": 5994
    },
    {
        "bookingid": 1238
    },
    {
        "bookingid": 4426
    },
    {
        "bookingid": 8993
    },
    {
        "bookingid": 5865
    },
    {
        "bookingid": 4251
    },
    {
        "bookingid": 4788
    },
    {
        "bookingid": 589
    },
    {
        "bookingid": 3796
    },
    {
        "bookingid": 698
    },
    {
        "bookingid": 8140
    },
    {
        "bookingid": 5145
    },
    {
        "bookingid": 1796
    },
    {
        "bookingid": 8734
    },
    {
        "bookingid": 2156
    },
    {
        "bookingid": 7602
    },
    {
        "bookingid": 6886
    },
    {
        "bookingid": 3824
    },
    {
        "bookingid": 2828
    },
    {
        "bookingid": 901
    },
    {
        "bookingid": 214
    },
    {
        "bookingid": 6449
    },
    {
        "bookingid": 930
    },
    {
        "bookingid": 4387
    },
    {
        "bookingid": 358
    },
    {
        "bookingid": 8387
    },
    {
        "bookingid": 4696
    },
    {
        "bookingid": 4290
    },
    {
        "bookingid": 5167
    },
    {
        "bookingid": 7204
    },
    {
        "bookingid": 3478
    },
    {
        "bookingid": 8401
    },
    {
        "bookingid": 8037
    },
    {
        "bookingid": 3097
    },
    {
        "bookingid": 763
    },
    {
        "bookingid": 2281
    },
    {
        "bookingid": 103
    },
    {
        "bookingid": 8055
    },
    {
        "bookingid": 9252
    },
    {
        "bookingid": 1386
    },
    {
        "bookingid": 5990
    },
    {
        "bookingid": 4455
    },
    {
        "bookingid": 5624
    },
    {
        "bookingid": 6689
    },
    {
        "bookingid": 142
    },
    {
        "bookingid": 3733
    },
    {
        "bookingid": 3562
    },
    {
        "bookingid": 2695
    },
    {
        "bookingid": 8718
    },
    {
        "bookingid": 374
    },
    {
        "bookingid": 8146
    },
    {
        "bookingid": 3726
    },
    {
        "bookingid": 8807
    },
    {
        "bookingid": 453
    },
    {
        "bookingid": 2216
    },
    {
        "bookingid": 8728
    },
    {
        "bookingid": 6847
    },
    {
        "bookingid": 496
    },
    {
        "bookingid": 9358
    },
    {
        "bookingid": 3708
    },
    {
        "bookingid": 9296
    },
    {
        "bookingid": 4984
    },
    {
        "bookingid": 8680
    },
    {
        "bookingid": 4654
    },
    {
        "bookingid": 8970
    },
    {
        "bookingid": 3321
    },
    {
        "bookingid": 8991
    },
    {
        "bookingid": 270
    },
    {
        "bookingid": 5289
    },
    {
        "bookingid": 4949
    },
    {
        "bookingid": 4247
    },
    {
        "bookingid": 5425
    },
    {
        "bookingid": 9084
    },
    {
        "bookingid": 5470
    },
    {
        "bookingid": 5326
    },
    {
        "bookingid": 1182
    },
    {
        "bookingid": 7997
    },
    {
        "bookingid": 5797
    },
    {
        "bookingid": 2827
    },
    {
        "bookingid": 9361
    },
    {
        "bookingid": 2531
    },
    {
        "bookingid": 6180
    },
    {
        "bookingid": 4769
    },
    {
        "bookingid": 6451
    },
    {
        "bookingid": 4267
    },
    {
        "bookingid": 4407
    },
    {
        "bookingid": 6585
    },
    {
        "bookingid": 5287
    },
    {
        "bookingid": 6981
    },
    {
        "bookingid": 6257
    },
    {
        "bookingid": 1295
    },
    {
        "bookingid": 3739
    },
    {
        "bookingid": 3261
    },
    {
        "bookingid": 8536
    },
    {
        "bookingid": 7736
    },
    {
        "bookingid": 409
    },
    {
        "bookingid": 2723
    },
    {
        "bookingid": 5923
    },
    {
        "bookingid": 6241
    },
    {
        "bookingid": 1580
    },
    {
        "bookingid": 5381
    },
    {
        "bookingid": 3929
    },
    {
        "bookingid": 566
    },
    {
        "bookingid": 3664
    },
    {
        "bookingid": 3194
    },
    {
        "bookingid": 5468
    },
    {
        "bookingid": 3017
    },
    {
        "bookingid": 3142
    },
    {
        "bookingid": 8133
    },
    {
        "bookingid": 251
    },
    {
        "bookingid": 2703
    },
    {
        "bookingid": 8973
    },
    {
        "bookingid": 287
    },
    {
        "bookingid": 8627
    },
    {
        "bookingid": 1752
    },
    {
        "bookingid": 2684
    },
    {
        "bookingid": 4874
    },
    {
        "bookingid": 1551
    },
    {
        "bookingid": 3339
    },
    {
        "bookingid": 4507
    },
    {
        "bookingid": 7868
    },
    {
        "bookingid": 3207
    },
    {
        "bookingid": 301
    },
    {
        "bookingid": 2003
    },
    {
        "bookingid": 6910
    },
    {
        "bookingid": 344
    },
    {
        "bookingid": 8935
    },
    {
        "bookingid": 3563
    },
    {
        "bookingid": 7636
    },
    {
        "bookingid": 5239
    },
    {
        "bookingid": 6038
    },
    {
        "bookingid": 3077
    },
    {
        "bookingid": 7153
    },
    {
        "bookingid": 2956
    },
    {
        "bookingid": 1153
    },
    {
        "bookingid": 5826
    },
    {
        "bookingid": 4680
    },
    {
        "bookingid": 2794
    },
    {
        "bookingid": 1167
    },
    {
        "bookingid": 677
    },
    {
        "bookingid": 3214
    },
    {
        "bookingid": 5536
    },
    {
        "bookingid": 2346
    },
    {
        "bookingid": 4851
    },
    {
        "bookingid": 3410
    },
    {
        "bookingid": 7696
    },
    {
        "bookingid": 7788
    },
    {
        "bookingid": 6294
    },
    {
        "bookingid": 2365
    },
    {
        "bookingid": 4496
    },
    {
        "bookingid": 1973
    },
    {
        "bookingid": 136
    },
    {
        "bookingid": 842
    },
    {
        "bookingid": 7300
    },
    {
        "bookingid": 2126
    },
    {
        "bookingid": 2953
    },
    {
        "bookingid": 9401
    },
    {
        "bookingid": 6475
    },
    {
        "bookingid": 6558
    },
    {
        "bookingid": 275
    },
    {
        "bookingid": 4911
    },
    {
        "bookingid": 7656
    },
    {
        "bookingid": 1049
    },
    {
        "bookingid": 1960
    },
    {
        "bookingid": 7905
    },
    {
        "bookingid": 1485
    },
    {
        "bookingid": 2189
    },
    {
        "bookingid": 3069
    },
    {
        "bookingid": 6275
    },
    {
        "bookingid": 4158
    },
    {
        "bookingid": 215
    },
    {
        "bookingid": 5201
    },
    {
        "bookingid": 1011
    },
    {
        "bookingid": 9033
    },
    {
        "bookingid": 3956
    },
    {
        "bookingid": 3547
    },
    {
        "bookingid": 1750
    },
    {
        "bookingid": 153
    },
    {
        "bookingid": 3942
    },
    {
        "bookingid": 7436
    },
    {
        "bookingid": 3310
    },
    {
        "bookingid": 7887
    },
    {
        "bookingid": 4738
    },
    {
        "bookingid": 6289
    },
    {
        "bookingid": 5879
    },
    {
        "bookingid": 5055
    },
    {
        "bookingid": 9157
    },
    {
        "bookingid": 2523
    },
    {
        "bookingid": 3218
    },
    {
        "bookingid": 7197
    },
    {
        "bookingid": 6477
    },
    {
        "bookingid": 5660
    },
    {
        "bookingid": 4448
    },
    {
        "bookingid": 3499
    },
    {
        "bookingid": 7888
    },
    {
        "bookingid": 5009
    },
    {
        "bookingid": 3422
    },
    {
        "bookingid": 6652
    },
    {
        "bookingid": 363
    },
    {
        "bookingid": 3718
    },
    {
        "bookingid": 45
    },
    {
        "bookingid": 4065
    },
    {
        "bookingid": 4840
    },
    {
        "bookingid": 3940
    },
    {
        "bookingid": 9274
    },
    {
        "bookingid": 8947
    },
    {
        "bookingid": 7265
    },
    {
        "bookingid": 7184
    },
    {
        "bookingid": 407
    },
    {
        "bookingid": 8160
    },
    {
        "bookingid": 6501
    },
    {
        "bookingid": 4275
    },
    {
        "bookingid": 3969
    },
    {
        "bookingid": 2093
    },
    {
        "bookingid": 6479
    },
    {
        "bookingid": 2558
    },
    {
        "bookingid": 2231
    },
    {
        "bookingid": 7496
    },
    {
        "bookingid": 7649
    },
    {
        "bookingid": 7137
    },
    {
        "bookingid": 5873
    },
    {
        "bookingid": 7062
    },
    {
        "bookingid": 6946
    },
    {
        "bookingid": 4109
    },
    {
        "bookingid": 3281
    },
    {
        "bookingid": 708
    },
    {
        "bookingid": 830
    },
    {
        "bookingid": 5119
    },
    {
        "bookingid": 7975
    },
    {
        "bookingid": 6376
    },
    {
        "bookingid": 4791
    },
    {
        "bookingid": 8127
    },
    {
        "bookingid": 2511
    },
    {
        "bookingid": 6502
    },
    {
        "bookingid": 1996
    },
    {
        "bookingid": 5668
    },
    {
        "bookingid": 4170
    },
    {
        "bookingid": 6124
    },
    {
        "bookingid": 7287
    },
    {
        "bookingid": 5605
    },
    {
        "bookingid": 7562
    },
    {
        "bookingid": 258
    },
    {
        "bookingid": 4678
    },
    {
        "bookingid": 1848
    },
    {
        "bookingid": 8350
    },
    {
        "bookingid": 6778
    },
    {
        "bookingid": 4753
    },
    {
        "bookingid": 5340
    },
    {
        "bookingid": 9116
    },
    {
        "bookingid": 558
    },
    {
        "bookingid": 4423
    },
    {
        "bookingid": 4460
    },
    {
        "bookingid": 2094
    },
    {
        "bookingid": 2014
    },
    {
        "bookingid": 4693
    },
    {
        "bookingid": 62
    },
    {
        "bookingid": 3255
    },
    {
        "bookingid": 9289
    },
    {
        "bookingid": 6269
    },
    {
        "bookingid": 4160
    },
    {
        "bookingid": 1096
    },
    {
        "bookingid": 3659
    },
    {
        "bookingid": 7100
    },
    {
        "bookingid": 5675
    },
    {
        "bookingid": 6242
    },
    {
        "bookingid": 7001
    },
    {
        "bookingid": 5897
    },
    {
        "bookingid": 8089
    },
    {
        "bookingid": 1875
    },
    {
        "bookingid": 1004
    },
    {
        "bookingid": 6232
    },
    {
        "bookingid": 169
    },
    {
        "bookingid": 3931
    },
    {
        "bookingid": 6513
    },
    {
        "bookingid": 7682
    },
    {
        "bookingid": 2985
    },
    {
        "bookingid": 8507
    },
    {
        "bookingid": 7299
    },
    {
        "bookingid": 4922
    },
    {
        "bookingid": 8571
    },
    {
        "bookingid": 1185
    },
    {
        "bookingid": 7381
    },
    {
        "bookingid": 9405
    },
    {
        "bookingid": 1845
    },
    {
        "bookingid": 4372
    },
    {
        "bookingid": 3583
    },
    {
        "bookingid": 5817
    },
    {
        "bookingid": 1862
    },
    {
        "bookingid": 6556
    },
    {
        "bookingid": 6396
    },
    {
        "bookingid": 6737
    },
    {
        "bookingid": 6356
    },
    {
        "bookingid": 1198
    },
    {
        "bookingid": 5410
    },
    {
        "bookingid": 5991
    },
    {
        "bookingid": 4824
    },
    {
        "bookingid": 5123
    },
    {
        "bookingid": 368
    },
    {
        "bookingid": 101
    },
    {
        "bookingid": 8002
    },
    {
        "bookingid": 5649
    },
    {
        "bookingid": 8628
    },
    {
        "bookingid": 3778
    },
    {
        "bookingid": 4955
    },
    {
        "bookingid": 8857
    },
    {
        "bookingid": 3382
    },
    {
        "bookingid": 6220
    },
    {
        "bookingid": 766
    },
    {
        "bookingid": 2483
    },
    {
        "bookingid": 2390
    },
    {
        "bookingid": 27
    },
    {
        "bookingid": 5690
    },
    {
        "bookingid": 4807
    },
    {
        "bookingid": 8189
    },
    {
        "bookingid": 6822
    },
    {
        "bookingid": 4040
    },
    {
        "bookingid": 3325
    },
    {
        "bookingid": 8948
    },
    {
        "bookingid": 8459
    },
    {
        "bookingid": 7221
    },
    {
        "bookingid": 5139
    },
    {
        "bookingid": 7491
    },
    {
        "bookingid": 94
    },
    {
        "bookingid": 4502
    },
    {
        "bookingid": 1490
    },
    {
        "bookingid": 8272
    },
    {
        "bookingid": 632
    },
    {
        "bookingid": 6130
    },
    {
        "bookingid": 5069
    },
    {
        "bookingid": 6999
    },
    {
        "bookingid": 3098
    },
    {
        "bookingid": 9364
    },
    {
        "bookingid": 320
    },
    {
        "bookingid": 4378
    },
    {
        "bookingid": 1432
    },
    {
        "bookingid": 4161
    },
    {
        "bookingid": 5299
    },
    {
        "bookingid": 5141
    },
    {
        "bookingid": 8397
    },
    {
        "bookingid": 8629
    },
    {
        "bookingid": 4729
    },
    {
        "bookingid": 5304
    },
    {
        "bookingid": 8032
    },
    {
        "bookingid": 3260
    },
    {
        "bookingid": 5563
    },
    {
        "bookingid": 4666
    },
    {
        "bookingid": 7401
    },
    {
        "bookingid": 87
    },
    {
        "bookingid": 47
    },
    {
        "bookingid": 2202
    },
    {
        "bookingid": 5439
    },
    {
        "bookingid": 9220
    },
    {
        "bookingid": 3938
    },
    {
        "bookingid": 6970
    },
    {
        "bookingid": 2378
    },
    {
        "bookingid": 1109
    },
    {
        "bookingid": 6248
    },
    {
        "bookingid": 2141
    },
    {
        "bookingid": 1315
    },
    {
        "bookingid": 3996
    },
    {
        "bookingid": 1322
    },
    {
        "bookingid": 1042
    },
    {
        "bookingid": 7911
    },
    {
        "bookingid": 140
    },
    {
        "bookingid": 240
    },
    {
        "bookingid": 7807
    },
    {
        "bookingid": 5112
    },
    {
        "bookingid": 5461
    },
    {
        "bookingid": 7239
    },
    {
        "bookingid": 3988
    },
    {
        "bookingid": 4859
    },
    {
        "bookingid": 8085
    },
    {
        "bookingid": 5207
    },
    {
        "bookingid": 4962
    },
    {
        "bookingid": 2747
    },
    {
        "bookingid": 3133
    },
    {
        "bookingid": 4616
    },
    {
        "bookingid": 4540
    },
    {
        "bookingid": 2876
    },
    {
        "bookingid": 5003
    },
    {
        "bookingid": 7027
    },
    {
        "bookingid": 1232
    },
    {
        "bookingid": 8087
    },
    {
        "bookingid": 5493
    },
    {
        "bookingid": 6639
    },
    {
        "bookingid": 6836
    },
    {
        "bookingid": 4354
    },
    {
        "bookingid": 9206
    },
    {
        "bookingid": 3693
    },
    {
        "bookingid": 6890
    },
    {
        "bookingid": 1721
    },
    {
        "bookingid": 9368
    },
    {
        "bookingid": 6629
    },
    {
        "bookingid": 7930
    },
    {
        "bookingid": 8094
    },
    {
        "bookingid": 312
    },
    {
        "bookingid": 2224
    },
    {
        "bookingid": 4899
    },
    {
        "bookingid": 6641
    },
    {
        "bookingid": 8430
    },
    {
        "bookingid": 4458
    },
    {
        "bookingid": 1667
    },
    {
        "bookingid": 5454
    },
    {
        "bookingid": 1388
    },
    {
        "bookingid": 6595
    },
    {
        "bookingid": 3525
    },
    {
        "bookingid": 155
    },
    {
        "bookingid": 5561
    },
    {
        "bookingid": 2350
    },
    {
        "bookingid": 9030
    },
    {
        "bookingid": 9417
    },
    {
        "bookingid": 8584
    },
    {
        "bookingid": 3271
    },
    {
        "bookingid": 6374
    },
    {
        "bookingid": 2329
    },
    {
        "bookingid": 2303
    },
    {
        "bookingid": 2394
    },
    {
        "bookingid": 6874
    },
    {
        "bookingid": 2574
    },
    {
        "bookingid": 8580
    },
    {
        "bookingid": 60
    },
    {
        "bookingid": 9310
    },
    {
        "bookingid": 9333
    },
    {
        "bookingid": 6627
    },
    {
        "bookingid": 4790
    },
    {
        "bookingid": 5214
    },
    {
        "bookingid": 391
    },
    {
        "bookingid": 2205
    },
    {
        "bookingid": 553
    },
    {
        "bookingid": 2679
    },
    {
        "bookingid": 6434
    },
    {
        "bookingid": 1143
    },
    {
        "bookingid": 7743
    },
    {
        "bookingid": 1674
    },
    {
        "bookingid": 4890
    },
    {
        "bookingid": 8250
    },
    {
        "bookingid": 770
    },
    {
        "bookingid": 2997
    },
    {
        "bookingid": 3145
    },
    {
        "bookingid": 1508
    },
    {
        "bookingid": 6713
    },
    {
        "bookingid": 5273
    },
    {
        "bookingid": 6807
    },
    {
        "bookingid": 332
    },
    {
        "bookingid": 1604
    },
    {
        "bookingid": 4554
    },
    {
        "bookingid": 1093
    },
    {
        "bookingid": 557
    },
    {
        "bookingid": 7623
    },
    {
        "bookingid": 3984
    },
    {
        "bookingid": 3476
    },
    {
        "bookingid": 2595
    },
    {
        "bookingid": 8262
    },
    {
        "bookingid": 8229
    },
    {
        "bookingid": 4052
    },
    {
        "bookingid": 2855
    },
    {
        "bookingid": 7338
    },
    {
        "bookingid": 4933
    },
    {
        "bookingid": 2772
    },
    {
        "bookingid": 1260
    },
    {
        "bookingid": 4568
    },
    {
        "bookingid": 8152
    },
    {
        "bookingid": 3427
    },
    {
        "bookingid": 2212
    },
    {
        "bookingid": 5914
    },
    {
        "bookingid": 3877
    },
    {
        "bookingid": 1665
    },
    {
        "bookingid": 626
    },
    {
        "bookingid": 4029
    },
    {
        "bookingid": 4008
    },
    {
        "bookingid": 4447
    },
    {
        "bookingid": 286
    },
    {
        "bookingid": 2758
    },
    {
        "bookingid": 81
    },
    {
        "bookingid": 3266
    },
    {
        "bookingid": 4879
    },
    {
        "bookingid": 8295
    },
    {
        "bookingid": 1347
    },
    {
        "bookingid": 1579
    },
    {
        "bookingid": 2688
    },
    {
        "bookingid": 59
    },
    {
        "bookingid": 8371
    },
    {
        "bookingid": 1440
    },
    {
        "bookingid": 3508
    },
    {
        "bookingid": 9263
    },
    {
        "bookingid": 1732
    },
    {
        "bookingid": 6974
    },
    {
        "bookingid": 293
    },
    {
        "bookingid": 5474
    },
    {
        "bookingid": 7026
    },
    {
        "bookingid": 3259
    },
    {
        "bookingid": 427
    },
    {
        "bookingid": 5272
    },
    {
        "bookingid": 3234
    },
    {
        "bookingid": 1780
    },
    {
        "bookingid": 6351
    },
    {
        "bookingid": 4233
    },
    {
        "bookingid": 2950
    },
    {
        "bookingid": 24
    },
    {
        "bookingid": 8243
    },
    {
        "bookingid": 5548
    },
    {
        "bookingid": 4759
    },
    {
        "bookingid": 2831
    },
    {
        "bookingid": 7083
    },
    {
        "bookingid": 5435
    },
    {
        "bookingid": 2498
    },
    {
        "bookingid": 1980
    },
    {
        "bookingid": 6114
    },
    {
        "bookingid": 9337
    },
    {
        "bookingid": 5780
    },
    {
        "bookingid": 3292
    },
    {
        "bookingid": 4887
    },
    {
        "bookingid": 2641
    },
    {
        "bookingid": 7929
    },
    {
        "bookingid": 2534
    },
    {
        "bookingid": 5597
    },
    {
        "bookingid": 6050
    },
    {
        "bookingid": 6855
    },
    {
        "bookingid": 3776
    },
    {
        "bookingid": 6313
    },
    {
        "bookingid": 8144
    },
    {
        "bookingid": 730
    },
    {
        "bookingid": 2074
    },
    {
        "bookingid": 8891
    },
    {
        "bookingid": 860
    },
    {
        "bookingid": 6643
    },
    {
        "bookingid": 633
    },
    {
        "bookingid": 712
    },
    {
        "bookingid": 1034
    },
    {
        "bookingid": 5912
    },
    {
        "bookingid": 3244
    },
    {
        "bookingid": 346
    },
    {
        "bookingid": 999
    },
    {
        "bookingid": 4291
    },
    {
        "bookingid": 162
    },
    {
        "bookingid": 2434
    },
    {
        "bookingid": 6364
    },
    {
        "bookingid": 2860
    },
    {
        "bookingid": 1522
    },
    {
        "bookingid": 98
    },
    {
        "bookingid": 4804
    },
    {
        "bookingid": 7615
    },
    {
        "bookingid": 1706
    },
    {
        "bookingid": 2180
    },
    {
        "bookingid": 3802
    },
    {
        "bookingid": 2866
    },
    {
        "bookingid": 1374
    },
    {
        "bookingid": 243
    },
    {
        "bookingid": 4850
    },
    {
        "bookingid": 2203
    },
    {
        "bookingid": 5913
    },
    {
        "bookingid": 5796
    },
    {
        "bookingid": 5460
    },
    {
        "bookingid": 9370
    },
    {
        "bookingid": 7765
    },
    {
        "bookingid": 7070
    },
    {
        "bookingid": 926
    },
    {
        "bookingid": 9260
    },
    {
        "bookingid": 6072
    },
    {
        "bookingid": 5647
    },
    {
        "bookingid": 4728
    },
    {
        "bookingid": 5345
    },
    {
        "bookingid": 4799
    },
    {
        "bookingid": 3240
    },
    {
        "bookingid": 1975
    },
    {
        "bookingid": 5541
    },
    {
        "bookingid": 2897
    },
    {
        "bookingid": 4163
    },
    {
        "bookingid": 8826
    },
    {
        "bookingid": 1344
    },
    {
        "bookingid": 5117
    },
    {
        "bookingid": 3814
    },
    {
        "bookingid": 2755
    },
    {
        "bookingid": 3655
    },
    {
        "bookingid": 7105
    },
    {
        "bookingid": 8664
    },
    {
        "bookingid": 4102
    },
    {
        "bookingid": 3448
    },
    {
        "bookingid": 2117
    },
    {
        "bookingid": 2137
    },
    {
        "bookingid": 5328
    },
    {
        "bookingid": 1356
    },
    {
        "bookingid": 413
    },
    {
        "bookingid": 2129
    },
    {
        "bookingid": 2004
    },
    {
        "bookingid": 5449
    },
    {
        "bookingid": 4401
    },
    {
        "bookingid": 48
    },
    {
        "bookingid": 365
    },
    {
        "bookingid": 2916
    },
    {
        "bookingid": 4629
    },
    {
        "bookingid": 7266
    },
    {
        "bookingid": 3333
    },
    {
        "bookingid": 4210
    },
    {
        "bookingid": 1846
    },
    {
        "bookingid": 8831
    },
    {
        "bookingid": 4957
    },
    {
        "bookingid": 7733
    },
    {
        "bookingid": 5607
    },
    {
        "bookingid": 4973
    },
    {
        "bookingid": 8498
    },
    {
        "bookingid": 6739
    },
    {
        "bookingid": 9204
    },
    {
        "bookingid": 6839
    },
    {
        "bookingid": 2844
    },
    {
        "bookingid": 7826
    },
    {
        "bookingid": 4389
    },
    {
        "bookingid": 8977
    },
    {
        "bookingid": 743
    },
    {
        "bookingid": 1811
    },
    {
        "bookingid": 8132
    },
    {
        "bookingid": 493
    },
    {
        "bookingid": 5601
    },
    {
        "bookingid": 3450
    },
    {
        "bookingid": 2742
    },
    {
        "bookingid": 1266
    },
    {
        "bookingid": 261
    },
    {
        "bookingid": 794
    },
    {
        "bookingid": 6443
    },
    {
        "bookingid": 2711
    },
    {
        "bookingid": 4711
    },
    {
        "bookingid": 6675
    },
    {
        "bookingid": 2031
    },
    {
        "bookingid": 6418
    },
    {
        "bookingid": 6398
    },
    {
        "bookingid": 8561
    },
    {
        "bookingid": 55
    },
    {
        "bookingid": 4951
    },
    {
        "bookingid": 3886
    },
    {
        "bookingid": 6138
    },
    {
        "bookingid": 1291
    },
    {
        "bookingid": 6951
    },
    {
        "bookingid": 2080
    },
    {
        "bookingid": 2288
    },
    {
        "bookingid": 7631
    },
    {
        "bookingid": 4079
    },
    {
        "bookingid": 2134
    },
    {
        "bookingid": 4963
    },
    {
        "bookingid": 5339
    },
    {
        "bookingid": 7969
    },
    {
        "bookingid": 5553
    },
    {
        "bookingid": 3575
    },
    {
        "bookingid": 8641
    },
    {
        "bookingid": 927
    },
    {
        "bookingid": 7747
    },
    {
        "bookingid": 1521
    },
    {
        "bookingid": 3322
    },
    {
        "bookingid": 1219
    },
    {
        "bookingid": 9285
    },
    {
        "bookingid": 7699
    },
    {
        "bookingid": 7873
    },
    {
        "bookingid": 3059
    },
    {
        "bookingid": 6205
    },
    {
        "bookingid": 5727
    },
    {
        "bookingid": 2739
    },
    {
        "bookingid": 7914
    },
    {
        "bookingid": 641
    },
    {
        "bookingid": 2213
    },
    {
        "bookingid": 2508
    },
    {
        "bookingid": 474
    },
    {
        "bookingid": 147
    },
    {
        "bookingid": 6940
    },
    {
        "bookingid": 5666
    },
    {
        "bookingid": 6284
    },
    {
        "bookingid": 7949
    },
    {
        "bookingid": 7107
    },
    {
        "bookingid": 7979
    },
    {
        "bookingid": 6954
    },
    {
        "bookingid": 9112
    },
    {
        "bookingid": 880
    },
    {
        "bookingid": 4180
    },
    {
        "bookingid": 5554
    },
    {
        "bookingid": 6582
    },
    {
        "bookingid": 6819
    },
    {
        "bookingid": 6498
    },
    {
        "bookingid": 501
    },
    {
        "bookingid": 3088
    }
]
{
    "token": "b789e1effed5676"
}
Created
4557
[
    {
        "bookingid": 4613
    },
    {
        "bookingid": 561
    },
    {
        "bookingid": 4843
    },
    {
        "bookingid": 4406
    },
    {
        "bookingid": 654
    },
    {
        "bookingid": 5363
    },
    {
        "bookingid": 1873
    },
    {
        "bookingid": 3182
    },
    {
        "bookingid": 2766
    },
    {
        "bookingid": 2027
    },
    {
        "bookingid": 8384
    },
    {
        "bookingid": 6820
    },
    {
        "bookingid": 122
    },
    {
        "bookingid": 1433
    },
    {
        "bookingid": 5808
    },
    {
        "bookingid": 6494
    },
    {
        "bookingid": 6008
    },
    {
        "bookingid": 8322
    },
    {
        "bookingid": 7135
    },
    {
        "bookingid": 4229
    },
    {
        "bookingid": 4352
    },
    {
        "bookingid": 1645
    },
    {
        "bookingid": 1487
    },
    {
        "bookingid": 3518
    },
    {
        "bookingid": 1995
    },
    {
        "bookingid": 3379
    },
    {
        "bookingid": 1318
    },
    {
        "bookingid": 4440
    },
    {
        "bookingid": 515
    },
    {
        "bookingid": 6967
    },
    {
        "bookingid": 3674
    },
    {
        "bookingid": 9025
    },
    {
        "bookingid": 1659
    },
    {
        "bookingid": 3437
    },
    {
        "bookingid": 6240
    },
    {
        "bookingid": 9185
    },
    {
        "bookingid": 6749
    },
    {
        "bookingid": 8939
    },
    {
        "bookingid": 9378
    },
    {
        "bookingid": 977
    },
    {
        "bookingid": 2903
    },
    {
        "bookingid": 8490
    },
    {
        "bookingid": 2006
    },
    {
        "bookingid": 7058
    },
    {
        "bookingid": 7443
    },
    {
        "bookingid": 6435
    },
    {
        "bookingid": 1545
    },
    {
        "bookingid": 2287
    },
    {
        "bookingid": 7232
    },
    {
        "bookingid": 4704
    },
    {
        "bookingid": 729
    },
    {
        "bookingid": 7195
    },
    {
        "bookingid": 9016
    },
    {
        "bookingid": 492
    },
    {
        "bookingid": 8425
    },
    {
        "bookingid": 5407
    },
    {
        "bookingid": 8447
    },
    {
        "bookingid": 207
    },
    {
        "bookingid": 3627
    },
    {
        "bookingid": 3301
    },
    {
        "bookingid": 7688
    },
    {
        "bookingid": 8483
    },
    {
        "bookingid": 8110
    },
    {
        "bookingid": 4424
    },
    {
        "bookingid": 6035
    },
    {
        "bookingid": 6587
    },
    {
        "bookingid": 9455
    },
    {
        "bookingid": 8700
    },
    {
        "bookingid": 7728
    },
    {
        "bookingid": 1954
    },
    {
        "bookingid": 6898
    },
    {
        "bookingid": 4427
    },
    {
        "bookingid": 3921
    },
    {
        "bookingid": 8699
    },
    {
        "bookingid": 4131
    },
    {
        "bookingid": 396
    },
    {
        "bookingid": 6821
    },
    {
        "bookingid": 3581
    },
    {
        "bookingid": 748
    },
    {
        "bookingid": 9241
    },
    {
        "bookingid": 679
    },
    {
        "bookingid": 3593
    },
    {
        "bookingid": 2514
    },
    {
        "bookingid": 7122
    },
    {
        "bookingid": 6520
    },
    {
        "bookingid": 7206
    },
    {
        "bookingid": 3985
    },
    {
        "bookingid": 1554
    },
    {
        "bookingid": 5630
    },
    {
        "bookingid": 6875
    },
    {
        "bookingid": 8908
    },
    {
        "bookingid": 8602
    },
    {
        "bookingid": 8922
    },
    {
        "bookingid": 3991
    },
    {
        "bookingid": 4672
    },
    {
        "bookingid": 4881
    },
    {
        "bookingid": 54
    },
    {
        "bookingid": 7240
    },
    {
        "bookingid": 2345
    },
    {
        "bookingid": 3102
    },
    {
        "bookingid": 3663
    },
    {
        "bookingid": 3174
    },
    {
        "bookingid": 7666
    },
    {
        "bookingid": 4814
    },
    {
        "bookingid": 7958
    },
    {
        "bookingid": 9218
    },
    {
        "bookingid": 5807
    },
    {
        "bookingid": 2753
    },
    {
        "bookingid": 4553
    },
    {
        "bookingid": 9086
    },
    {
        "bookingid": 8997
    },
    {
        "bookingid": 7797
    },
    {
        "bookingid": 2353
    },
    {
        "bookingid": 455
    },
    {
        "bookingid": 6698
    },
    {
        "bookingid": 296
    },
    {
        "bookingid": 2019
    },
    {
        "bookingid": 9095
    },
    {
        "bookingid": 5165
    },
    {
        "bookingid": 8072
    },
    {
        "bookingid": 5334
    },
    {
        "bookingid": 8544
    },
    {
        "bookingid": 6953
    },
    {
        "bookingid": 9344
    },
    {
        "bookingid": 1679
    },
    {
        "bookingid": 1141
    },
    {
        "bookingid": 6013
    },
    {
        "bookingid": 7280
    },
    {
        "bookingid": 450
    },
    {
        "bookingid": 6197
    },
    {
        "bookingid": 5143
    },
    {
        "bookingid": 3395
    },
    {
        "bookingid": 6095
    },
    {
        "bookingid": 6488
    },
    {
        "bookingid": 1581
    },
    {
        "bookingid": 3946
    },
    {
        "bookingid": 5105
    },
    {
        "bookingid": 905
    },
    {
        "bookingid": 1363
    },
    {
        "bookingid": 8059
    },
    {
        "bookingid": 1967
    },
    {
        "bookingid": 2149
    },
    {
        "bookingid": 1040
    },
    {
        "bookingid": 3928
    },
    {
        "bookingid": 6317
    },
    {
        "bookingid": 3294
    },
    {
        "bookingid": 8379
    },
    {
        "bookingid": 5809
    },
    {
        "bookingid": 2108
    },
    {
        "bookingid": 2433
    },
    {
        "bookingid": 6912
    },
    {
        "bookingid": 7589
    },
    {
        "bookingid": 994
    },
    {
        "bookingid": 2460
    },
    {
        "bookingid": 102
    },
    {
        "bookingid": 4461
    },
    {
        "bookingid": 425
    },
    {
        "bookingid": 6037
    },
    {
        "bookingid": 7350
    },
    {
        "bookingid": 4124
    },
    {
        "bookingid": 7459
    },
    {
        "bookingid": 9155
    },
    {
        "bookingid": 1883
    },
    {
        "bookingid": 2607
    },
    {
        "bookingid": 7764
    },
    {
        "bookingid": 6673
    },
    {
        "bookingid": 714
    },
    {
        "bookingid": 3498
    },
    {
        "bookingid": 7307
    },
    {
        "bookingid": 1272
    },
    {
        "bookingid": 5370
    },
    {
        "bookingid": 267
    },
    {
        "bookingid": 8534
    },
    {
        "bookingid": 3880
    },
    {
        "bookingid": 8836
    },
    {
        "bookingid": 2952
    },
    {
        "bookingid": 6131
    },
    {
        "bookingid": 4110
    },
    {
        "bookingid": 5309
    },
    {
        "bookingid": 241
    },
    {
        "bookingid": 598
    },
    {
        "bookingid": 7513
    },
    {
        "bookingid": 1362
    },
    {
        "bookingid": 4300
    },
    {
        "bookingid": 7045
    },
    {
        "bookingid": 5171
    },
    {
        "bookingid": 4531
    },
    {
        "bookingid": 1085
    },
    {
        "bookingid": 4775
    },
    {
        "bookingid": 3740
    },
    {
        "bookingid": 5068
    },
    {
        "bookingid": 507
    },
    {
        "bookingid": 3966
    },
    {
        "bookingid": 4703
    },
    {
        "bookingid": 9418
    },
    {
        "bookingid": 5219
    },
    {
        "bookingid": 2440
    },
    {
        "bookingid": 886
    },
    {
        "bookingid": 6806
    },
    {
        "bookingid": 3783
    },
    {
        "bookingid": 7923
    },
    {
        "bookingid": 6576
    },
    {
        "bookingid": 8965
    },
    {
        "bookingid": 20
    },
    {
        "bookingid": 3031
    },
    {
        "bookingid": 4721
    },
    {
        "bookingid": 4870
    },
    {
        "bookingid": 1801
    },
    {
        "bookingid": 2186
    },
    {
        "bookingid": 1361
    },
    {
        "bookingid": 6752
    },
    {
        "bookingid": 6354
    },
    {
        "bookingid": 4446
    },
    {
        "bookingid": 1657
    },
    {
        "bookingid": 188
    },
    {
        "bookingid": 728
    },
    {
        "bookingid": 8271
    },
    {
        "bookingid": 3483
    },
    {
        "bookingid": 5876
    },
    {
        "bookingid": 8431
    },
    {
        "bookingid": 528
    },
    {
        "bookingid": 5875
    },
    {
        "bookingid": 6176
    },
    {
        "bookingid": 2166
    },
    {
        "bookingid": 832
    },
    {
        "bookingid": 1917
    },
    {
        "bookingid": 2185
    },
    {
        "bookingid": 4191
    },
    {
        "bookingid": 2873
    },
    {
        "bookingid": 942
    },
    {
        "bookingid": 1165
    },
    {
        "bookingid": 3862
    },
    {
        "bookingid": 3919
    },
    {
        "bookingid": 5906
    },
    {
        "bookingid": 687
    },
    {
        "bookingid": 2135
    },
    {
        "bookingid": 1681
    },
    {
        "bookingid": 1446
    },
    {
        "bookingid": 6039
    },
    {
        "bookingid": 160
    },
    {
        "bookingid": 1000
    },
    {
        "bookingid": 9131
    },
    {
        "bookingid": 9406
    },
    {
        "bookingid": 8566
    },
    {
        "bookingid": 3303
    },
    {
        "bookingid": 6824
    },
    {
        "bookingid": 1916
    },
    {
        "bookingid": 8056
    },
    {
        "bookingid": 3150
    },
    {
        "bookingid": 5743
    },
    {
        "bookingid": 8889
    },
    {
        "bookingid": 2229
    },
    {
        "bookingid": 8198
    },
    {
        "bookingid": 703
    },
    {
        "bookingid": 1160
    },
    {
        "bookingid": 7354
    },
    {
        "bookingid": 8625
    },
    {
        "bookingid": 5571
    },
    {
        "bookingid": 9011
    },
    {
        "bookingid": 5213
    },
    {
        "bookingid": 3999
    },
    {
        "bookingid": 3532
    },
    {
        "bookingid": 9376
    },
    {
        "bookingid": 43
    },
    {
        "bookingid": 627
    },
    {
        "bookingid": 1015
    },
    {
        "bookingid": 1288
    },
    {
        "bookingid": 3313
    },
    {
        "bookingid": 7952
    },
    {
        "bookingid": 9442
    },
    {
        "bookingid": 1605
    },
    {
        "bookingid": 9303
    },
    {
        "bookingid": 2533
    },
    {
        "bookingid": 6021
    },
    {
        "bookingid": 8227
    },
    {
        "bookingid": 2315
    },
    {
        "bookingid": 7033
    },
    {
        "bookingid": 7323
    },
    {
        "bookingid": 1713
    },
    {
        "bookingid": 8778
    },
    {
        "bookingid": 9313
    },
    {
        "bookingid": 7689
    },
    {
        "bookingid": 112
    },
    {
        "bookingid": 6774
    },
    {
        "bookingid": 2069
    },
    {
        "bookingid": 2816
    },
    {
        "bookingid": 2414
    },
    {
        "bookingid": 2805
    },
    {
        "bookingid": 892
    },
    {
        "bookingid": 1912
    },
    {
        "bookingid": 429
    },
    {
        "bookingid": 6697
    },
    {
        "bookingid": 4953
    },
    {
        "bookingid": 7628
    },
    {
        "bookingid": 8031
    },
    {
        "bookingid": 8878
    },
    {
        "bookingid": 75
    },
    {
        "bookingid": 705
    },
    {
        "bookingid": 4095
    },
    {
        "bookingid": 4626
    },
    {
        "bookingid": 5223
    },
    {
        "bookingid": 1999
    },
    {
        "bookingid": 2097
    },
    {
        "bookingid": 8805
    },
    {
        "bookingid": 8357
    },
    {
        "bookingid": 3162
    },
    {
        "bookingid": 100
    },
    {
        "bookingid": 195
    },
    {
        "bookingid": 7325
    },
    {
        "bookingid": 9099
    },
    {
        "bookingid": 1442
    },
    {
        "bookingid": 2519
    },
    {
        "bookingid": 7526
    },
    {
        "bookingid": 3881
    },
    {
        "bookingid": 3350
    },
    {
        "bookingid": 9205
    },
    {
        "bookingid": 850
    },
    {
        "bookingid": 4307
    },
    {
        "bookingid": 464
    },
    {
        "bookingid": 21
    },
    {
        "bookingid": 2902
    },
    {
        "bookingid": 266
    },
    {
        "bookingid": 257
    },
    {
        "bookingid": 5760
    },
    {
        "bookingid": 5142
    },
    {
        "bookingid": 6532
    },
    {
        "bookingid": 5570
    },
    {
        "bookingid": 6793
    },
    {
        "bookingid": 6766
    },
    {
        "bookingid": 8796
    },
    {
        "bookingid": 6465
    },
    {
        "bookingid": 1488
    },
    {
        "bookingid": 7362
    },
    {
        "bookingid": 537
    },
    {
        "bookingid": 4740
    },
    {
        "bookingid": 5447
    },
    {
        "bookingid": 6319
    },
    {
        "bookingid": 2220
    },
    {
        "bookingid": 6066
    },
    {
        "bookingid": 5023
    },
    {
        "bookingid": 9001
    },
    {
        "bookingid": 9355
    },
    {
        "bookingid": 7987
    },
    {
        "bookingid": 8990
    },
    {
        "bookingid": 701
    },
    {
        "bookingid": 8153
    },
    {
        "bookingid": 1426
    },
    {
        "bookingid": 900
    },
    {
        "bookingid": 1771
    },
    {
        "bookingid": 2865
    },
    {
        "bookingid": 3773
    },
    {
        "bookingid": 3801
    },
    {
        "bookingid": 3487
    },
    {
        "bookingid": 2507
    },
    {
        "bookingid": 3391
    },
    {
        "bookingid": 6361
    },
    {
        "bookingid": 5594
    },
    {
        "bookingid": 5510
    },
    {
        "bookingid": 1262
    },
    {
        "bookingid": 8502
    },
    {
        "bookingid": 5190
    },
    {
        "bookingid": 1204
    },
    {
        "bookingid": 9331
    },
    {
        "bookingid": 7936
    },
    {
        "bookingid": 7971
    },
    {
        "bookingid": 6179
    },
    {
        "bookingid": 8074
    },
    {
        "bookingid": 90
    },
    {
        "bookingid": 4083
    },
    {
        "bookingid": 2506
    },
    {
        "bookingid": 7658
    },
    {
        "bookingid": 3137
    },
    {
        "bookingid": 1751
    },
    {
        "bookingid": 5354
    },
    {
        "bookingid": 7891
    },
    {
        "bookingid": 3695
    },
    {
        "bookingid": 8256
    },
    {
        "bookingid": 7075
    },
    {
        "bookingid": 3004
    },
    {
        "bookingid": 5432
    },
    {
        "bookingid": 1593
    },
    {
        "bookingid": 8207
    },
    {
        "bookingid": 5662
    },
    {
        "bookingid": 2795
    },
    {
        "bookingid": 6848
    },
    {
        "bookingid": 7893
    },
    {
        "bookingid": 8204
    },
    {
        "bookingid": 6099
    },
    {
        "bookingid": 7632
    },
    {
        "bookingid": 7635
    },
    {
        "bookingid": 4742
    },
    {
        "bookingid": 2349
    },
    {
        "bookingid": 8312
    },
    {
        "bookingid": 8456
    },
    {
        "bookingid": 716
    },
    {
        "bookingid": 4717
    },
    {
        "bookingid": 5625
    },
    {
        "bookingid": 2103
    },
    {
        "bookingid": 4620
    },
    {
        "bookingid": 85
    },
    {
        "bookingid": 4243
    },
    {
        "bookingid": 6798
    },
    {
        "bookingid": 8364
    },
    {
        "bookingid": 3884
    },
    {
        "bookingid": 7627
    },
    {
        "bookingid": 7465
    },
    {
        "bookingid": 6810
    },
    {
        "bookingid": 1339
    },
    {
        "bookingid": 3882
    },
    {
        "bookingid": 5781
    },
    {
        "bookingid": 6350
    },
    {
        "bookingid": 341
    },
    {
        "bookingid": 2704
    },
    {
        "bookingid": 9156
    },
    {
        "bookingid": 695
    },
    {
        "bookingid": 9383
    },
    {
        "bookingid": 6462
    },
    {
        "bookingid": 2236
    },
    {
        "bookingid": 5359
    },
    {
        "bookingid": 5426
    },
    {
        "bookingid": 1950
    },
    {
        "bookingid": 7951
    },
    {
        "bookingid": 1425
    },
    {
        "bookingid": 8930
    },
    {
        "bookingid": 219
    },
    {
        "bookingid": 1368
    },
    {
        "bookingid": 366
    },
    {
        "bookingid": 205
    },
    {
        "bookingid": 9103
    },
    {
        "bookingid": 2845
    },
    {
        "bookingid": 2256
    },
    {
        "bookingid": 4966
    },
    {
        "bookingid": 3873
    },
    {
        "bookingid": 1946
    },
    {
        "bookingid": 4796
    },
    {
        "bookingid": 5794
    },
    {
        "bookingid": 7814
    },
    {
        "bookingid": 8000
    },
    {
        "bookingid": 4733
    },
    {
        "bookingid": 7768
    },
    {
        "bookingid": 1816
    },
    {
        "bookingid": 7792
    },
    {
        "bookingid": 7665
    },
    {
        "bookingid": 9221
    },
    {
        "bookingid": 7305
    },
    {
        "bookingid": 5600
    },
    {
        "bookingid": 3870
    },
    {
        "bookingid": 6725
    },
    {
        "bookingid": 3904
    },
    {
        "bookingid": 1330
    },
    {
        "bookingid": 2462
    },
    {
        "bookingid": 3866
    },
    {
        "bookingid": 3073
    },
    {
        "bookingid": 5672
    },
    {
        "bookingid": 6123
    },
    {
        "bookingid": 304
    },
    {
        "bookingid": 4140
    },
    {
        "bookingid": 7899
    },
    {
        "bookingid": 5182
    },
    {
        "bookingid": 2609
    },
    {
        "bookingid": 2208
    },
    {
        "bookingid": 782
    },
    {
        "bookingid": 2464
    },
    {
        "bookingid": 4125
    },
    {
        "bookingid": 7277
    },
    {
        "bookingid": 8976
    },
    {
        "bookingid": 5104
    },
    {
        "bookingid": 7040
    },
    {
        "bookingid": 4937
    },
    {
        "bookingid": 8719
    },
    {
        "bookingid": 7405
    },
    {
        "bookingid": 6108
    },
    {
        "bookingid": 6777
    },
    {
        "bookingid": 3050
    },
    {
        "bookingid": 2043
    },
    {
        "bookingid": 5880
    },
    {
        "bookingid": 8868
    },
    {
        "bookingid": 5080
    },
    {
        "bookingid": 7056
    },
    {
        "bookingid": 7709
    },
    {
        "bookingid": 3468
    },
    {
        "bookingid": 3706
    },
    {
        "bookingid": 7687
    },
    {
        "bookingid": 2170
    },
    {
        "bookingid": 2803
    },
    {
        "bookingid": 6290
    },
    {
        "bookingid": 3797
    },
    {
        "bookingid": 6007
    },
    {
        "bookingid": 5311
    },
    {
        "bookingid": 66
    },
    {
        "bookingid": 3601
    },
    {
        "bookingid": 7993
    },
    {
        "bookingid": 3183
    },
    {
        "bookingid": 8745
    },
    {
        "bookingid": 856
    },
    {
        "bookingid": 4494
    },
    {
        "bookingid": 1070
    },
    {
        "bookingid": 2021
    },
    {
        "bookingid": 6704
    },
    {
        "bookingid": 139
    },
    {
        "bookingid": 4465
    },
    {
        "bookingid": 1506
    },
    {
        "bookingid": 3347
    },
    {
        "bookingid": 4583
    },
    {
        "bookingid": 3000
    },
    {
        "bookingid": 2687
    },
    {
        "bookingid": 1603
    },
    {
        "bookingid": 922
    },
    {
        "bookingid": 362
    },
    {
        "bookingid": 5186
    },
    {
        "bookingid": 397
    },
    {
        "bookingid": 5705
    },
    {
        "bookingid": 8257
    },
    {
        "bookingid": 306
    },
    {
        "bookingid": 4628
    },
    {
        "bookingid": 8246
    },
    {
        "bookingid": 4392
    },
    {
        "bookingid": 8845
    },
    {
        "bookingid": 6326
    },
    {
        "bookingid": 3697
    },
    {
        "bookingid": 6339
    },
    {
        "bookingid": 7136
    },
    {
        "bookingid": 613
    },
    {
        "bookingid": 8725
    },
    {
        "bookingid": 7691
    },
    {
        "bookingid": 3757
    },
    {
        "bookingid": 72
    },
    {
        "bookingid": 3539
    },
    {
        "bookingid": 8071
    },
    {
        "bookingid": 2132
    },
    {
        "bookingid": 8121
    },
    {
        "bookingid": 259
    },
    {
        "bookingid": 8215
    },
    {
        "bookingid": 3710
    },
    {
        "bookingid": 7876
    },
    {
        "bookingid": 5098
    },
    {
        "bookingid": 3780
    },
    {
        "bookingid": 3973
    },
    {
        "bookingid": 4050
    },
    {
        "bookingid": 580
    },
    {
        "bookingid": 7829
    },
    {
        "bookingid": 2685
    },
    {
        "bookingid": 2292
    },
    {
        "bookingid": 6383
    },
    {
        "bookingid": 8385
    },
    {
        "bookingid": 7236
    },
    {
        "bookingid": 6831
    },
    {
        "bookingid": 968
    },
    {
        "bookingid": 4982
    },
    {
        "bookingid": 2087
    },
    {
        "bookingid": 3831
    },
    {
        "bookingid": 7161
    },
    {
        "bookingid": 1462
    },
    {
        "bookingid": 4329
    },
    {
        "bookingid": 7183
    },
    {
        "bookingid": 5656
    },
    {
        "bookingid": 5230
    },
    {
        "bookingid": 1815
    },
    {
        "bookingid": 3085
    },
    {
        "bookingid": 7646
    },
    {
        "bookingid": 331
    },
    {
        "bookingid": 467
    },
    {
        "bookingid": 7552
    },
    {
        "bookingid": 1405
    },
    {
        "bookingid": 5479
    },
    {
        "bookingid": 5677
    },
    {
        "bookingid": 6553
    },
    {
        "bookingid": 6381
    },
    {
        "bookingid": 857
    },
    {
        "bookingid": 5523
    },
    {
        "bookingid": 4676
    },
    {
        "bookingid": 2901
    },
    {
        "bookingid": 6076
    },
    {
        "bookingid": 6036
    },
    {
        "bookingid": 2121
    },
    {
        "bookingid": 5998
    },
    {
        "bookingid": 789
    },
    {
        "bookingid": 2761
    },
    {
        "bookingid": 6840
    },
    {
        "bookingid": 2681
    },
    {
        "bookingid": 7522
    },
    {
        "bookingid": 8183
    },
    {
        "bookingid": 8337
    },
    {
        "bookingid": 1351
    },
    {
        "bookingid": 9350
    },
    {
        "bookingid": 4303
    },
    {
        "bookingid": 1413
    },
    {
        "bookingid": 6783
    },
    {
        "bookingid": 4268
    },
    {
        "bookingid": 9268
    },
    {
        "bookingid": 2910
    },
    {
        "bookingid": 936
    },
    {
        "bookingid": 1334
    },
    {
        "bookingid": 9197
    },
    {
        "bookingid": 6246
    },
    {
        "bookingid": 2829
    },
    {
        "bookingid": 80
    },
    {
        "bookingid": 141
    },
    {
        "bookingid": 490
    },
    {
        "bookingid": 2581
    },
    {
        "bookingid": 41
    },
    {
        "bookingid": 5402
    },
    {
        "bookingid": 1179
    },
    {
        "bookingid": 4504
    },
    {
        "bookingid": 3129
    },
    {
        "bookingid": 9138
    },
    {
        "bookingid": 1135
    },
    {
        "bookingid": 2618
    },
    {
        "bookingid": 494
    },
    {
        "bookingid": 1027
    },
    {
        "bookingid": 1158
    },
    {
        "bookingid": 1997
    },
    {
        "bookingid": 5769
    },
    {
        "bookingid": 2201
    },
    {
        "bookingid": 7767
    },
    {
        "bookingid": 5982
    },
    {
        "bookingid": 3484
    },
    {
        "bookingid": 9037
    },
    {
        "bookingid": 647
    },
    {
        "bookingid": 4836
    },
    {
        "bookingid": 235
    },
    {
        "bookingid": 6888
    },
    {
        "bookingid": 35
    },
    {
        "bookingid": 9375
    },
    {
        "bookingid": 6147
    },
    {
        "bookingid": 5316
    },
    {
        "bookingid": 9304
    },
    {
        "bookingid": 3445
    },
    {
        "bookingid": 1212
    },
    {
        "bookingid": 8944
    },
    {
        "bookingid": 7889
    },
    {
        "bookingid": 5533
    },
    {
        "bookingid": 1417
    },
    {
        "bookingid": 9453
    },
    {
        "bookingid": 5430
    },
    {
        "bookingid": 8148
    },
    {
        "bookingid": 8149
    },
    {
        "bookingid": 9454
    },
    {
        "bookingid": 3315
    },
    {
        "bookingid": 8263
    },
    {
        "bookingid": 3128
    },
    {
        "bookingid": 3283
    },
    {
        "bookingid": 9198
    },
    {
        "bookingid": 4236
    },
    {
        "bookingid": 3649
    },
    {
        "bookingid": 2327
    },
    {
        "bookingid": 5005
    },
    {
        "bookingid": 5726
    },
    {
        "bookingid": 7668
    },
    {
        "bookingid": 6298
    },
    {
        "bookingid": 588
    },
    {
        "bookingid": 2032
    },
    {
        "bookingid": 2885
    },
    {
        "bookingid": 3055
    },
    {
        "bookingid": 5064
    },
    {
        "bookingid": 8707
    },
    {
        "bookingid": 1475
    },
    {
        "bookingid": 4590
    },
    {
        "bookingid": 7593
    },
    {
        "bookingid": 3979
    },
    {
        "bookingid": 5864
    },
    {
        "bookingid": 7964
    },
    {
        "bookingid": 2856
    },
    {
        "bookingid": 2110
    },
    {
        "bookingid": 2492
    },
    {
        "bookingid": 7836
    },
    {
        "bookingid": 357
    },
    {
        "bookingid": 5283
    },
    {
        "bookingid": 8448
    },
    {
        "bookingid": 9382
    },
    {
        "bookingid": 4227
    },
    {
        "bookingid": 1956
    },
    {
        "bookingid": 6569
    },
    {
        "bookingid": 2210
    },
    {
        "bookingid": 5095
    },
    {
        "bookingid": 8013
    },
    {
        "bookingid": 1578
    },
    {
        "bookingid": 1512
    },
    {
        "bookingid": 8169
    },
    {
        "bookingid": 8856
    },
    {
        "bookingid": 3548
    },
    {
        "bookingid": 7237
    },
    {
        "bookingid": 8969
    },
    {
        "bookingid": 9004
    },
    {
        "bookingid": 5193
    },
    {
        "bookingid": 3136
    },
    {
        "bookingid": 7298
    },
    {
        "bookingid": 5282
    },
    {
        "bookingid": 5434
    },
    {
        "bookingid": 2393
    },
    {
        "bookingid": 446
    },
    {
        "bookingid": 3439
    },
    {
        "bookingid": 6759
    },
    {
        "bookingid": 145
    },
    {
        "bookingid": 1321
    },
    {
        "bookingid": 3480
    },
    {
        "bookingid": 7038
    },
    {
        "bookingid": 2471
    },
    {
        "bookingid": 3700
    },
    {
        "bookingid": 3652
    },
    {
        "bookingid": 1206
    },
    {
        "bookingid": 4129
    },
    {
        "bookingid": 7188
    },
    {
        "bookingid": 8159
    },
    {
        "bookingid": 7498
    },
    {
        "bookingid": 2556
    },
    {
        "bookingid": 1326
    },
    {
        "bookingid": 3681
    },
    {
        "bookingid": 4316
    },
    {
        "bookingid": 6424
    },
    {
        "bookingid": 7095
    },
    {
        "bookingid": 939
    },
    {
        "bookingid": 7229
    },
    {
        "bookingid": 2963
    },
    {
        "bookingid": 1499
    },
    {
        "bookingid": 8866
    },
    {
        "bookingid": 2875
    },
    {
        "bookingid": 7151
    },
    {
        "bookingid": 2664
    },
    {
        "bookingid": 4106
    },
    {
        "bookingid": 4969
    },
    {
        "bookingid": 8096
    },
    {
        "bookingid": 8434
    },
    {
        "bookingid": 3258
    },
    {
        "bookingid": 8887
    },
    {
        "bookingid": 6882
    },
    {
        "bookingid": 4053
    },
    {
        "bookingid": 6139
    },
    {
        "bookingid": 4454
    },
    {
        "bookingid": 982
    },
    {
        "bookingid": 4552
    },
    {
        "bookingid": 6419
    },
    {
        "bookingid": 6253
    },
    {
        "bookingid": 4075
    },
    {
        "bookingid": 4399
    },
    {
        "bookingid": 9087
    },
    {
        "bookingid": 6023
    },
    {
        "bookingid": 1760
    },
    {
        "bookingid": 6504
    },
    {
        "bookingid": 5441
    },
    {
        "bookingid": 4913
    },
    {
        "bookingid": 5079
    },
    {
        "bookingid": 2642
    },
    {
        "bookingid": 1178
    },
    {
        "bookingid": 8920
    },
    {
        "bookingid": 9444
    },
    {
        "bookingid": 4165
    },
    {
        "bookingid": 454
    },
    {
        "bookingid": 719
    },
    {
        "bookingid": 1060
    },
    {
        "bookingid": 8340
    },
    {
        "bookingid": 7061
    },
    {
        "bookingid": 3224
    },
    {
        "bookingid": 4542
    },
    {
        "bookingid": 2115
    },
    {
        "bookingid": 893
    },
    {
        "bookingid": 2610
    },
    {
        "bookingid": 8213
    },
    {
        "bookingid": 199
    },
    {
        "bookingid": 9394
    },
    {
        "bookingid": 5306
    },
    {
        "bookingid": 7639
    },
    {
        "bookingid": 4938
    },
    {
        "bookingid": 2254
    },
    {
        "bookingid": 4064
    },
    {
        "bookingid": 7817
    },
    {
        "bookingid": 2008
    },
    {
        "bookingid": 6911
    },
    {
        "bookingid": 8247
    },
    {
        "bookingid": 8224
    },
    {
        "bookingid": 6671
    },
    {
        "bookingid": 4622
    },
    {
        "bookingid": 6809
    },
    {
        "bookingid": 9008
    },
    {
        "bookingid": 6442
    },
    {
        "bookingid": 1457
    },
    {
        "bookingid": 1942
    },
    {
        "bookingid": 3623
    },
    {
        "bookingid": 2923
    },
    {
        "bookingid": 2590
    },
    {
        "bookingid": 678
    },
    {
        "bookingid": 1795
    },
    {
        "bookingid": 802
    },
    {
        "bookingid": 3110
    },
    {
        "bookingid": 787
    },
    {
        "bookingid": 4855
    },
    {
        "bookingid": 6366
    },
    {
        "bookingid": 1964
    },
    {
        "bookingid": 8358
    },
    {
        "bookingid": 8233
    },
    {
        "bookingid": 8355
    },
    {
        "bookingid": 1726
    },
    {
        "bookingid": 7109
    },
    {
        "bookingid": 8276
    },
    {
        "bookingid": 7200
    },
    {
        "bookingid": 5567
    },
    {
        "bookingid": 7469
    },
    {
        "bookingid": 6700
    },
    {
        "bookingid": 3469
    },
    {
        "bookingid": 4497
    },
    {
        "bookingid": 7179
    },
    {
        "bookingid": 5118
    },
    {
        "bookingid": 958
    },
    {
        "bookingid": 360
    },
    {
        "bookingid": 4642
    },
    {
        "bookingid": 3419
    },
    {
        "bookingid": 3108
    },
    {
        "bookingid": 5935
    },
    {
        "bookingid": 4225
    },
    {
        "bookingid": 6584
    },
    {
        "bookingid": 7447
    },
    {
        "bookingid": 4581
    },
    {
        "bookingid": 1517
    },
    {
        "bookingid": 4800
    },
    {
        "bookingid": 5886
    },
    {
        "bookingid": 1290
    },
    {
        "bookingid": 2957
    },
    {
        "bookingid": 4878
    },
    {
        "bookingid": 5436
    },
    {
        "bookingid": 9469
    },
    {
        "bookingid": 5156
    },
    {
        "bookingid": 452
    },
    {
        "bookingid": 2928
    },
    {
        "bookingid": 1422
    },
    {
        "bookingid": 8911
    },
    {
        "bookingid": 946
    },
    {
        "bookingid": 3104
    },
    {
        "bookingid": 9320
    },
    {
        "bookingid": 6530
    },
    {
        "bookingid": 6977
    },
    {
        "bookingid": 245
    },
    {
        "bookingid": 3404
    },
    {
        "bookingid": 8277
    },
    {
        "bookingid": 6992
    },
    {
        "bookingid": 6956
    },
    {
        "bookingid": 1032
    },
    {
        "bookingid": 7556
    },
    {
        "bookingid": 2023
    },
    {
        "bookingid": 2987
    },
    {
        "bookingid": 8552
    },
    {
        "bookingid": 1571
    },
    {
        "bookingid": 1669
    },
    {
        "bookingid": 497
    },
    {
        "bookingid": 7332
    },
    {
        "bookingid": 2646
    },
    {
        "bookingid": 5732
    },
    {
        "bookingid": 4989
    },
    {
        "bookingid": 8687
    },
    {
        "bookingid": 8297
    },
    {
        "bookingid": 8363
    },
    {
        "bookingid": 5029
    },
    {
        "bookingid": 4719
    },
    {
        "bookingid": 2447
    },
    {
        "bookingid": 2116
    },
    {
        "bookingid": 1680
    },
    {
        "bookingid": 3304
    },
    {
        "bookingid": 3451
    },
    {
        "bookingid": 1865
    },
    {
        "bookingid": 6144
    },
    {
        "bookingid": 190
    },
    {
        "bookingid": 7742
    },
    {
        "bookingid": 7403
    },
    {
        "bookingid": 5747
    },
    {
        "bookingid": 5243
    },
    {
        "bookingid": 8589
    },
    {
        "bookingid": 77
    },
    {
        "bookingid": 3574
    },
    {
        "bookingid": 9209
    },
    {
        "bookingid": 8251
    },
    {
        "bookingid": 2808
    },
    {
        "bookingid": 7871
    },
    {
        "bookingid": 8885
    },
    {
        "bookingid": 31
    },
    {
        "bookingid": 3935
    },
    {
        "bookingid": 5847
    },
    {
        "bookingid": 1245
    },
    {
        "bookingid": 1023
    },
    {
        "bookingid": 9360
    },
    {
        "bookingid": 4842
    },
    {
        "bookingid": 2718
    },
    {
        "bookingid": 8209
    },
    {
        "bookingid": 6181
    },
    {
        "bookingid": 5073
    },
    {
        "bookingid": 2500
    },
    {
        "bookingid": 6276
    },
    {
        "bookingid": 1733
    },
    {
        "bookingid": 2025
    },
    {
        "bookingid": 3165
    },
    {
        "bookingid": 5480
    },
    {
        "bookingid": 463
    },
    {
        "bookingid": 1110
    },
    {
        "bookingid": 4726
    },
    {
        "bookingid": 5276
    },
    {
        "bookingid": 7770
    },
    {
        "bookingid": 3992
    },
    {
        "bookingid": 149
    },
    {
        "bookingid": 3971
    },
    {
        "bookingid": 2038
    },
    {
        "bookingid": 4942
    },
    {
        "bookingid": 3173
    },
    {
        "bookingid": 4923
    },
    {
        "bookingid": 8615
    },
    {
        "bookingid": 2728
    },
    {
        "bookingid": 8487
    },
    {
        "bookingid": 5933
    },
    {
        "bookingid": 5710
    },
    {
        "bookingid": 4576
    },
    {
        "bookingid": 4777
    },
    {
        "bookingid": 5655
    },
    {
        "bookingid": 8352
    },
    {
        "bookingid": 4217
    },
    {
        "bookingid": 572
    },
    {
        "bookingid": 953
    },
    {
        "bookingid": 9229
    },
    {
        "bookingid": 5737
    },
    {
        "bookingid": 3216
    },
    {
        "bookingid": 224
    },
    {
        "bookingid": 8006
    },
    {
        "bookingid": 1002
    },
    {
        "bookingid": 2463
    },
    {
        "bookingid": 6961
    },
    {
        "bookingid": 6966
    },
    {
        "bookingid": 2441
    },
    {
        "bookingid": 7207
    },
    {
        "bookingid": 6369
    },
    {
        "bookingid": 8508
    },
    {
        "bookingid": 2570
    },
    {
        "bookingid": 7427
    },
    {
        "bookingid": 6342
    },
    {
        "bookingid": 4930
    },
    {
        "bookingid": 2409
    },
    {
        "bookingid": 8821
    },
    {
        "bookingid": 1911
    },
    {
        "bookingid": 5216
    },
    {
        "bookingid": 9167
    },
    {
        "bookingid": 3791
    },
    {
        "bookingid": 8522
    },
    {
        "bookingid": 7053
    },
    {
        "bookingid": 3917
    },
    {
        "bookingid": 7292
    },
    {
        "bookingid": 8170
    },
    {
        "bookingid": 3762
    },
    {
        "bookingid": 6455
    },
    {
        "bookingid": 7497
    },
    {
        "bookingid": 1977
    },
    {
        "bookingid": 7961
    },
    {
        "bookingid": 3415
    },
    {
        "bookingid": 8265
    },
    {
        "bookingid": 120
    },
    {
        "bookingid": 6044
    },
    {
        "bookingid": 960
    },
    {
        "bookingid": 9425
    },
    {
        "bookingid": 7146
    },
    {
        "bookingid": 2691
    },
    {
        "bookingid": 3127
    },
    {
        "bookingid": 3905
    },
    {
        "bookingid": 5168
    },
    {
        "bookingid": 7551
    },
    {
        "bookingid": 3552
    },
    {
        "bookingid": 1098
    },
    {
        "bookingid": 7714
    },
    {
        "bookingid": 393
    },
    {
        "bookingid": 8926
    },
    {
        "bookingid": 3089
    },
    {
        "bookingid": 8088
    },
    {
        "bookingid": 4763
    },
    {
        "bookingid": 1544
    },
    {
        "bookingid": 7626
    },
    {
        "bookingid": 2098
    },
    {
        "bookingid": 2153
    },
    {
        "bookingid": 8812
    },
    {
        "bookingid": 5688
    },
    {
        "bookingid": 6683
    },
    {
        "bookingid": 9393
    },
    {
        "bookingid": 3680
    },
    {
        "bookingid": 4128
    },
    {
        "bookingid": 7772
    },
    {
        "bookingid": 4296
    },
    {
        "bookingid": 8660
    },
    {
        "bookingid": 7490
    },
    {
        "bookingid": 1156
    },
    {
        "bookingid": 5075
    },
    {
        "bookingid": 2274
    },
    {
        "bookingid": 2143
    },
    {
        "bookingid": 1168
    },
    {
        "bookingid": 6188
    },
    {
        "bookingid": 466
    },
    {
        "bookingid": 3444
    },
    {
        "bookingid": 392
    },
    {
        "bookingid": 1014
    },
    {
        "bookingid": 662
    },
    {
        "bookingid": 5530
    },
    {
        "bookingid": 3572
    },
    {
        "bookingid": 804
    },
    {
        "bookingid": 3101
    },
    {
        "bookingid": 8927
    },
    {
        "bookingid": 2088
    },
    {
        "bookingid": 2992
    },
    {
        "bookingid": 324
    },
    {
        "bookingid": 6268
    },
    {
        "bookingid": 7291
    },
    {
        "bookingid": 116
    },
    {
        "bookingid": 1411
    },
    {
        "bookingid": 6784
    },
    {
        "bookingid": 7155
    },
    {
        "bookingid": 5049
    },
    {
        "bookingid": 3764
    },
    {
        "bookingid": 197
    },
    {
        "bookingid": 7042
    },
    {
        "bookingid": 1621
    },
    {
        "bookingid": 6703
    },
    {
        "bookingid": 3330
    },
    {
        "bookingid": 4516
    },
    {
        "bookingid": 7847
    },
    {
        "bookingid": 8445
    },
    {
        "bookingid": 5259
    },
    {
        "bookingid": 6421
    },
    {
        "bookingid": 6526
    },
    {
        "bookingid": 9067
    },
    {
        "bookingid": 8563
    },
    {
        "bookingid": 8228
    },
    {
        "bookingid": 7603
    },
    {
        "bookingid": 5294
    },
    {
        "bookingid": 8740
    },
    {
        "bookingid": 8155
    },
    {
        "bookingid": 7384
    },
    {
        "bookingid": 1671
    },
    {
        "bookingid": 9134
    },
    {
        "bookingid": 7057
    },
    {
        "bookingid": 3584
    },
    {
        "bookingid": 1268
    },
    {
        "bookingid": 2063
    },
    {
        "bookingid": 1807
    },
    {
        "bookingid": 2467
    },
    {
        "bookingid": 2864
    },
    {
        "bookingid": 9293
    },
    {
        "bookingid": 8218
    },
    {
        "bookingid": 2033
    },
    {
        "bookingid": 3715
    },
    {
        "bookingid": 6447
    },
    {
        "bookingid": 8698
    },
    {
        "bookingid": 8871
    },
    {
        "bookingid": 7845
    },
    {
        "bookingid": 5697
    },
    {
        "bookingid": 4435
    },
    {
        "bookingid": 70
    },
    {
        "bookingid": 4388
    },
    {
        "bookingid": 3490
    },
    {
        "bookingid": 4146
    },
    {
        "bookingid": 5945
    },
    {
        "bookingid": 9023
    },
    {
        "bookingid": 6346
    },
    {
        "bookingid": 7254
    },
    {
        "bookingid": 8115
    },
    {
        "bookingid": 1572
    },
    {
        "bookingid": 8594
    },
    {
        "bookingid": 7753
    },
    {
        "bookingid": 3056
    },
    {
        "bookingid": 1989
    },
    {
        "bookingid": 9419
    },
    {
        "bookingid": 2018
    },
    {
        "bookingid": 7475
    },
    {
        "bookingid": 8181
    },
    {
        "bookingid": 1300
    },
    {
        "bookingid": 6453
    },
    {
        "bookingid": 6178
    },
    {
        "bookingid": 7812
    },
    {
        "bookingid": 3671
    },
    {
        "bookingid": 7528
    },
    {
        "bookingid": 426
    },
    {
        "bookingid": 8695
    },
    {
        "bookingid": 9395
    },
    {
        "bookingid": 4045
    },
    {
        "bookingid": 3154
    },
    {
        "bookingid": 761
    },
    {
        "bookingid": 5706
    },
    {
        "bookingid": 2374
    },
    {
        "bookingid": 4695
    },
    {
        "bookingid": 8187
    },
    {
        "bookingid": 4309
    },
    {
        "bookingid": 2410
    },
    {
        "bookingid": 8048
    },
    {
        "bookingid": 1877
    },
    {
        "bookingid": 756
    },
    {
        "bookingid": 7276
    },
    {
        "bookingid": 5926
    },
    {
        "bookingid": 7004
    },
    {
        "bookingid": 2783
    },
    {
        "bookingid": 7013
    },
    {
        "bookingid": 4450
    },
    {
        "bookingid": 3377
    },
    {
        "bookingid": 5934
    },
    {
        "bookingid": 4086
    },
    {
        "bookingid": 5821
    },
    {
        "bookingid": 1584
    },
    {
        "bookingid": 8289
    },
    {
        "bookingid": 6304
    },
    {
        "bookingid": 4611
    },
    {
        "bookingid": 742
    },
    {
        "bookingid": 8009
    },
    {
        "bookingid": 4284
    },
    {
        "bookingid": 609
    },
    {
        "bookingid": 7349
    },
    {
        "bookingid": 9005
    },
    {
        "bookingid": 8362
    },
    {
        "bookingid": 399
    },
    {
        "bookingid": 394
    },
    {
        "bookingid": 6254
    },
    {
        "bookingid": 3615
    },
    {
        "bookingid": 4756
    },
    {
        "bookingid": 6528
    },
    {
        "bookingid": 5199
    },
    {
        "bookingid": 5106
    },
    {
        "bookingid": 6492
    },
    {
        "bookingid": 7758
    },
    {
        "bookingid": 1758
    },
    {
        "bookingid": 1225
    },
    {
        "bookingid": 3046
    },
    {
        "bookingid": 71
    },
    {
        "bookingid": 7654
    },
    {
        "bookingid": 2420
    },
    {
        "bookingid": 2048
    },
    {
        "bookingid": 3962
    },
    {
        "bookingid": 4657
    },
    {
        "bookingid": 648
    },
    {
        "bookingid": 8764
    },
    {
        "bookingid": 3894
    },
    {
        "bookingid": 3197
    },
    {
        "bookingid": 6632
    },
    {
        "bookingid": 6194
    },
    {
        "bookingid": 7986
    },
    {
        "bookingid": 3519
    },
    {
        "bookingid": 8791
    },
    {
        "bookingid": 5531
    },
    {
        "bookingid": 2423
    },
    {
        "bookingid": 5589
    },
    {
        "bookingid": 5547
    },
    {
        "bookingid": 3835
    },
    {
        "bookingid": 5949
    },
    {
        "bookingid": 3436
    },
    {
        "bookingid": 7448
    },
    {
        "bookingid": 8070
    },
    {
        "bookingid": 7844
    },
    {
        "bookingid": 5346
    },
    {
        "bookingid": 2678
    },
    {
        "bookingid": 5896
    },
    {
        "bookingid": 5895
    },
    {
        "bookingid": 6161
    },
    {
        "bookingid": 5802
    },
    {
        "bookingid": 9052
    },
    {
        "bookingid": 8252
    },
    {
        "bookingid": 1694
    },
    {
        "bookingid": 4897
    },
    {
        "bookingid": 3298
    },
    {
        "bookingid": 5606
    },
    {
        "bookingid": 7030
    },
    {
        "bookingid": 5491
    },
    {
        "bookingid": 4230
    },
    {
        "bookingid": 4308
    },
    {
        "bookingid": 585
    },
    {
        "bookingid": 2072
    },
    {
        "bookingid": 6658
    },
    {
        "bookingid": 1001
    },
    {
        "bookingid": 575
    },
    {
        "bookingid": 1359
    },
    {
        "bookingid": 5521
    },
    {
        "bookingid": 1234
    },
    {
        "bookingid": 6471
    },
    {
        "bookingid": 3895
    },
    {
        "bookingid": 1377
    },
    {
        "bookingid": 2722
    },
    {
        "bookingid": 6858
    },
    {
        "bookingid": 3435
    },
    {
        "bookingid": 1173
    },
    {
        "bookingid": 8219
    },
    {
        "bookingid": 7967
    },
    {
        "bookingid": 2782
    },
    {
        "bookingid": 4360
    },
    {
        "bookingid": 7500
    },
    {
        "bookingid": 7918
    },
    {
        "bookingid": 1712
    },
    {
        "bookingid": 227
    },
    {
        "bookingid": 6938
    },
    {
        "bookingid": 1714
    },
    {
        "bookingid": 8161
    },
    {
        "bookingid": 7473
    },
    {
        "bookingid": 2665
    },
    {
        "bookingid": 6804
    },
    {
        "bookingid": 5997
    },
    {
        "bookingid": 1174
    },
    {
        "bookingid": 1019
    },
    {
        "bookingid": 262
    },
    {
        "bookingid": 7941
    },
    {
        "bookingid": 530
    },
    {
        "bookingid": 2079
    },
    {
        "bookingid": 6588
    },
    {
        "bookingid": 6466
    },
    {
        "bookingid": 7780
    },
    {
        "bookingid": 5944
    },
    {
        "bookingid": 9014
    },
    {
        "bookingid": 3039
    },
    {
        "bookingid": 4432
    },
    {
        "bookingid": 7525
    },
    {
        "bookingid": 3683
    },
    {
        "bookingid": 5981
    },
    {
        "bookingid": 4117
    },
    {
        "bookingid": 6158
    },
    {
        "bookingid": 1920
    },
    {
        "bookingid": 6229
    },
    {
        "bookingid": 3202
    },
    {
        "bookingid": 9140
    },
    {
        "bookingid": 6285
    },
    {
        "bookingid": 634
    },
    {
        "bookingid": 3566
    },
    {
        "bookingid": 5708
    },
    {
        "bookingid": 8147
    },
    {
        "bookingid": 8934
    },
    {
        "bookingid": 6604
    },
    {
        "bookingid": 8795
    },
    {
        "bookingid": 7341
    },
    {
        "bookingid": 9452
    },
    {
        "bookingid": 3678
    },
    {
        "bookingid": 6184
    },
    {
        "bookingid": 5500
    },
    {
        "bookingid": 5260
    },
    {
        "bookingid": 671
    },
    {
        "bookingid": 3567
    },
    {
        "bookingid": 2713
    },
    {
        "bookingid": 6634
    },
    {
        "bookingid": 8317
    },
    {
        "bookingid": 3843
    },
    {
        "bookingid": 4265
    },
    {
        "bookingid": 1209
    },
    {
        "bookingid": 3534
    },
    {
        "bookingid": 8848
    },
    {
        "bookingid": 2960
    },
    {
        "bookingid": 8735
    },
    {
        "bookingid": 3193
    },
    {
        "bookingid": 2640
    },
    {
        "bookingid": 7066
    },
    {
        "bookingid": 7725
    },
    {
        "bookingid": 4886
    },
    {
        "bookingid": 7118
    },
    {
        "bookingid": 7191
    },
    {
        "bookingid": 7715
    },
    {
        "bookingid": 1534
    },
    {
        "bookingid": 8517
    },
    {
        "bookingid": 7948
    },
    {
        "bookingid": 4126
    },
    {
        "bookingid": 686
    },
    {
        "bookingid": 4812
    },
    {
        "bookingid": 8240
    },
    {
        "bookingid": 4078
    },
    {
        "bookingid": 877
    },
    {
        "bookingid": 1787
    },
    {
        "bookingid": 1043
    },
    {
        "bookingid": 917
    },
    {
        "bookingid": 971
    },
    {
        "bookingid": 4002
    },
    {
        "bookingid": 1062
    },
    {
        "bookingid": 8285
    },
    {
        "bookingid": 8499
    },
    {
        "bookingid": 7410
    },
    {
        "bookingid": 772
    },
    {
        "bookingid": 4521
    },
    {
        "bookingid": 713
    },
    {
        "bookingid": 8777
    },
    {
        "bookingid": 4649
    },
    {
        "bookingid": 8877
    },
    {
        "bookingid": 7685
    },
    {
        "bookingid": 7778
    },
    {
        "bookingid": 6490
    },
    {
        "bookingid": 2517
    },
    {
        "bookingid": 2068
    },
    {
        "bookingid": 7816
    },
    {
        "bookingid": 3475
    },
    {
        "bookingid": 9183
    },
    {
        "bookingid": 1
    },
    {
        "bookingid": 8044
    },
    {
        "bookingid": 2381
    },
    {
        "bookingid": 5089
    },
    {
        "bookingid": 642
    },
    {
        "bookingid": 4685
    },
    {
        "bookingid": 7950
    },
    {
        "bookingid": 659
    },
    {
        "bookingid": 1031
    },
    {
        "bookingid": 3285
    },
    {
        "bookingid": 567
    },
    {
        "bookingid": 2200
    },
    {
        "bookingid": 6552
    },
    {
        "bookingid": 1052
    },
    {
        "bookingid": 9354
    },
    {
        "bookingid": 5838
    },
    {
        "bookingid": 5227
    },
    {
        "bookingid": 2942
    },
    {
        "bookingid": 8347
    },
    {
        "bookingid": 3576
    },
    {
        "bookingid": 8266
    },
    {
        "bookingid": 1790
    },
    {
        "bookingid": 1274
    },
    {
        "bookingid": 7766
    },
    {
        "bookingid": 4419
    },
    {
        "bookingid": 983
    },
    {
        "bookingid": 9081
    },
    {
        "bookingid": 4826
    },
    {
        "bookingid": 7703
    },
    {
        "bookingid": 1860
    },
    {
        "bookingid": 8086
    },
    {
        "bookingid": 8328
    },
    {
        "bookingid": 1810
    },
    {
        "bookingid": 8956
    },
    {
        "bookingid": 7686
    },
    {
        "bookingid": 3586
    },
    {
        "bookingid": 4579
    },
    {
        "bookingid": 2130
    },
    {
        "bookingid": 7787
    },
    {
        "bookingid": 1253
    },
    {
        "bookingid": 8023
    },
    {
        "bookingid": 3402
    },
    {
        "bookingid": 7848
    },
    {
        "bookingid": 5074
    },
    {
        "bookingid": 5486
    },
    {
        "bookingid": 1360
    },
    {
        "bookingid": 8867
    },
    {
        "bookingid": 3426
    },
    {
        "bookingid": 5484
    },
    {
        "bookingid": 8648
    },
    {
        "bookingid": 3057
    },
    {
        "bookingid": 9315
    },
    {
        "bookingid": 6905
    },
    {
        "bookingid": 218
    },
    {
        "bookingid": 6247
    },
    {
        "bookingid": 9083
    },
    {
        "bookingid": 8309
    },
    {
        "bookingid": 4648
    },
    {
        "bookingid": 5369
    },
    {
        "bookingid": 8375
    },
    {
        "bookingid": 1838
    },
    {
        "bookingid": 3540
    },
    {
        "bookingid": 3434
    },
    {
        "bookingid": 6054
    },
    {
        "bookingid": 228
    },
    {
        "bookingid": 184
    },
    {
        "bookingid": 196
    },
    {
        "bookingid": 8038
    },
    {
        "bookingid": 6947
    },
    {
        "bookingid": 822
    },
    {
        "bookingid": 8675
    },
    {
        "bookingid": 628
    },
    {
        "bookingid": 234
    },
    {
        "bookingid": 5263
    },
    {
        "bookingid": 4511
    },
    {
        "bookingid": 7432
    },
    {
        "bookingid": 4901
    },
    {
        "bookingid": 5021
    },
    {
        "bookingid": 3270
    },
    {
        "bookingid": 4111
    },
    {
        "bookingid": 8814
    },
    {
        "bookingid": 1435
    },
    {
        "bookingid": 1830
    },
    {
        "bookingid": 2769
    },
    {
        "bookingid": 8694
    },
    {
        "bookingid": 6472
    },
    {
        "bookingid": 6728
    },
    {
        "bookingid": 5166
    },
    {
        "bookingid": 4744
    },
    {
        "bookingid": 6718
    },
    {
        "bookingid": 3899
    },
    {
        "bookingid": 5819
    },
    {
        "bookingid": 1005
    },
    {
        "bookingid": 4689
    },
    {
        "bookingid": 3424
    },
    {
        "bookingid": 3312
    },
    {
        "bookingid": 5427
    },
    {
        "bookingid": 5925
    },
    {
        "bookingid": 4474
    },
    {
        "bookingid": 5044
    },
    {
        "bookingid": 624
    },
    {
        "bookingid": 6201
    },
    {
        "bookingid": 8489
    },
    {
        "bookingid": 4745
    },
    {
        "bookingid": 5689
    },
    {
        "bookingid": 2418
    },
    {
        "bookingid": 788
    },
    {
        "bookingid": 542
    },
    {
        "bookingid": 6367
    },
    {
        "bookingid": 64
    },
    {
        "bookingid": 5620
    },
    {
        "bookingid": 1270
    },
    {
        "bookingid": 4156
    },
    {
        "bookingid": 6598
    },
    {
        "bookingid": 4484
    },
    {
        "bookingid": 4530
    },
    {
        "bookingid": 6496
    },
    {
        "bookingid": 4591
    },
    {
        "bookingid": 5368
    },
    {
        "bookingid": 4829
    },
    {
        "bookingid": 9080
    },
    {
        "bookingid": 435
    },
    {
        "bookingid": 1819
    },
    {
        "bookingid": 7508
    },
    {
        "bookingid": 2323
    },
    {
        "bookingid": 4366
    },
    {
        "bookingid": 2013
    },
    {
        "bookingid": 2813
    },
    {
        "bookingid": 1441
    },
    {
        "bookingid": 2717
    },
    {
        "bookingid": 914
    },
    {
        "bookingid": 5032
    },
    {
        "bookingid": 6330
    },
    {
        "bookingid": 652
    },
    {
        "bookingid": 173
    },
    {
        "bookingid": 9135
    },
    {
        "bookingid": 7238
    },
    {
        "bookingid": 2240
    },
    {
        "bookingid": 2710
    },
    {
        "bookingid": 8408
    },
    {
        "bookingid": 7920
    },
    {
        "bookingid": 3246
    },
    {
        "bookingid": 3743
    },
    {
        "bookingid": 7460
    },
    {
        "bookingid": 8003
    },
    {
        "bookingid": 7231
    },
    {
        "bookingid": 4430
    },
    {
        "bookingid": 7568
    },
    {
        "bookingid": 4570
    },
    {
        "bookingid": 4279
    },
    {
        "bookingid": 4413
    },
    {
        "bookingid": 321
    },
    {
        "bookingid": 1888
    },
    {
        "bookingid": 254
    },
    {
        "bookingid": 718
    },
    {
        "bookingid": 3119
    },
    {
        "bookingid": 8078
    },
    {
        "bookingid": 3505
    },
    {
        "bookingid": 5709
    },
    {
        "bookingid": 2313
    },
    {
        "bookingid": 7981
    },
    {
        "bookingid": 2740
    },
    {
        "bookingid": 76
    },
    {
        "bookingid": 2279
    },
    {
        "bookingid": 6635
    },
    {
        "bookingid": 2165
    },
    {
        "bookingid": 7565
    },
    {
        "bookingid": 7637
    },
    {
        "bookingid": 6742
    },
    {
        "bookingid": 9249
    },
    {
        "bookingid": 6149
    },
    {
        "bookingid": 2146
    },
    {
        "bookingid": 4235
    },
    {
        "bookingid": 4831
    },
    {
        "bookingid": 1634
    },
    {
        "bookingid": 6702
    },
    {
        "bookingid": 1611
    },
    {
        "bookingid": 1957
    },
    {
        "bookingid": 6854
    },
    {
        "bookingid": 7214
    },
    {
        "bookingid": 4490
    },
    {
        "bookingid": 555
    },
    {
        "bookingid": 5062
    },
    {
        "bookingid": 1683
    },
    {
        "bookingid": 7757
    },
    {
        "bookingid": 1608
    },
    {
        "bookingid": 6687
    },
    {
        "bookingid": 844
    },
    {
        "bookingid": 8211
    },
    {
        "bookingid": 908
    },
    {
        "bookingid": 2209
    },
    {
        "bookingid": 7249
    },
    {
        "bookingid": 8540
    },
    {
        "bookingid": 4864
    },
    {
        "bookingid": 3660
    },
    {
        "bookingid": 5741
    },
    {
        "bookingid": 4185
    },
    {
        "bookingid": 9451
    },
    {
        "bookingid": 8547
    },
    {
        "bookingid": 7353
    },
    {
        "bookingid": 4996
    },
    {
        "bookingid": 2629
    },
    {
        "bookingid": 9164
    },
    {
        "bookingid": 416
    },
    {
        "bookingid": 4263
    },
    {
        "bookingid": 8662
    },
    {
        "bookingid": 5240
    },
    {
        "bookingid": 6216
    },
    {
        "bookingid": 7296
    },
    {
        "bookingid": 9149
    },
    {
        "bookingid": 3036
    },
    {
        "bookingid": 6597
    },
    {
        "bookingid": 2360
    },
    {
        "bookingid": 504
    },
    {
        "bookingid": 6640
    },
    {
        "bookingid": 8422
    },
    {
        "bookingid": 8346
    },
    {
        "bookingid": 8026
    },
    {
        "bookingid": 4248
    },
    {
        "bookingid": 2954
    },
    {
        "bookingid": 356
    },
    {
        "bookingid": 6006
    },
    {
        "bookingid": 816
    },
    {
        "bookingid": 5715
    },
    {
        "bookingid": 9043
    },
    {
        "bookingid": 5565
    },
    {
        "bookingid": 3781
    },
    {
        "bookingid": 4639
    },
    {
        "bookingid": 3060
    },
    {
        "bookingid": 8558
    },
    {
        "bookingid": 204
    },
    {
        "bookingid": 6838
    },
    {
        "bookingid": 4353
    },
    {
        "bookingid": 4811
    },
    {
        "bookingid": 28
    },
    {
        "bookingid": 5724
    },
    {
        "bookingid": 4171
    },
    {
        "bookingid": 8367
    },
    {
        "bookingid": 7102
    },
    {
        "bookingid": 2161
    },
    {
        "bookingid": 8290
    },
    {
        "bookingid": 1722
    },
    {
        "bookingid": 8763
    },
    {
        "bookingid": 6098
    },
    {
        "bookingid": 2554
    },
    {
        "bookingid": 2285
    },
    {
        "bookingid": 3212
    },
    {
        "bookingid": 6668
    },
    {
        "bookingid": 1104
    },
    {
        "bookingid": 8726
    },
    {
        "bookingid": 4625
    },
    {
        "bookingid": 6583
    },
    {
        "bookingid": 8360
    },
    {
        "bookingid": 138
    },
    {
        "bookingid": 690
    },
    {
        "bookingid": 2092
    },
    {
        "bookingid": 3252
    },
    {
        "bookingid": 8394
    },
    {
        "bookingid": 3130
    },
    {
        "bookingid": 5889
    },
    {
        "bookingid": 2626
    },
    {
        "bookingid": 7533
    },
    {
        "bookingid": 3620
    },
    {
        "bookingid": 6617
    },
    {
        "bookingid": 615
    },
    {
        "bookingid": 6125
    },
    {
        "bookingid": 5636
    },
    {
        "bookingid": 6805
    },
    {
        "bookingid": 8550
    },
    {
        "bookingid": 3887
    },
    {
        "bookingid": 9208
    },
    {
        "bookingid": 6134
    },
    {
        "bookingid": 4096
    },
    {
        "bookingid": 6746
    },
    {
        "bookingid": 3100
    },
    {
        "bookingid": 2559
    },
    {
        "bookingid": 5301
    },
    {
        "bookingid": 3520
    },
    {
        "bookingid": 177
    },
    {
        "bookingid": 1707
    },
    {
        "bookingid": 3288
    },
    {
        "bookingid": 4457
    },
    {
        "bookingid": 8302
    },
    {
        "bookingid": 6879
    },
    {
        "bookingid": 3614
    },
    {
        "bookingid": 8697
    },
    {
        "bookingid": 2731
    },
    {
        "bookingid": 6993
    },
    {
        "bookingid": 3714
    },
    {
        "bookingid": 9162
    },
    {
        "bookingid": 8504
    },
    {
        "bookingid": 8979
    },
    {
        "bookingid": 7012
    },
    {
        "bookingid": 4838
    },
    {
        "bookingid": 1287
    },
    {
        "bookingid": 2968
    },
    {
        "bookingid": 7413
    },
    {
        "bookingid": 2869
    },
    {
        "bookingid": 564
    },
    {
        "bookingid": 6277
    },
    {
        "bookingid": 3358
    },
    {
        "bookingid": 96
    },
    {
        "bookingid": 351
    },
    {
        "bookingid": 6137
    },
    {
        "bookingid": 9338
    },
    {
        "bookingid": 5448
    },
    {
        "bookingid": 4509
    },
    {
        "bookingid": 1430
    },
    {
        "bookingid": 4931
    },
    {
        "bookingid": 7681
    },
    {
        "bookingid": 8612
    },
    {
        "bookingid": 6562
    },
    {
        "bookingid": 6265
    },
    {
        "bookingid": 2421
    },
    {
        "bookingid": 7342
    },
    {
        "bookingid": 9261
    },
    {
        "bookingid": 5615
    },
    {
        "bookingid": 1296
    },
    {
        "bookingid": 8470
    },
    {
        "bookingid": 3914
    },
    {
        "bookingid": 8617
    },
    {
        "bookingid": 5094
    },
    {
        "bookingid": 8853
    },
    {
        "bookingid": 9336
    },
    {
        "bookingid": 5096
    },
    {
        "bookingid": 3172
    },
    {
        "bookingid": 3390
    },
    {
        "bookingid": 2258
    },
    {
        "bookingid": 2589
    },
    {
        "bookingid": 386
    },
    {
        "bookingid": 330
    },
    {
        "bookingid": 5572
    },
    {
        "bookingid": 5440
    },
    {
        "bookingid": 4231
    },
    {
        "bookingid": 6059
    },
    {
        "bookingid": 2973
    },
    {
        "bookingid": 1765
    },
    {
        "bookingid": 6347
    },
    {
        "bookingid": 8984
    },
    {
        "bookingid": 6550
    },
    {
        "bookingid": 1666
    },
    {
        "bookingid": 1730
    },
    {
        "bookingid": 6936
    },
    {
        "bookingid": 4573
    },
    {
        "bookingid": 1312
    },
    {
        "bookingid": 5932
    },
    {
        "bookingid": 8081
    },
    {
        "bookingid": 329
    },
    {
        "bookingid": 8614
    },
    {
        "bookingid": 8064
    },
    {
        "bookingid": 1699
    },
    {
        "bookingid": 7966
    },
    {
        "bookingid": 387
    },
    {
        "bookingid": 7078
    },
    {
        "bookingid": 3070
    },
    {
        "bookingid": 3228
    },
    {
        "bookingid": 73
    },
    {
        "bookingid": 172
    },
    {
        "bookingid": 2853
    },
    {
        "bookingid": 4190
    },
    {
        "bookingid": 395
    },
    {
        "bookingid": 2458
    },
    {
        "bookingid": 7652
    },
    {
        "bookingid": 2411
    },
    {
        "bookingid": 3840
    },
    {
        "bookingid": 2432
    },
    {
        "bookingid": 1097
    },
    {
        "bookingid": 1928
    },
    {
        "bookingid": 5825
    },
    {
        "bookingid": 2226
    },
    {
        "bookingid": 5552
    },
    {
        "bookingid": 7310
    },
    {
        "bookingid": 8963
    },
    {
        "bookingid": 9024
    },
    {
        "bookingid": 6480
    },
    {
        "bookingid": 7019
    },
    {
        "bookingid": 8423
    },
    {
        "bookingid": 3221
    },
    {
        "bookingid": 33
    },
    {
        "bookingid": 7672
    },
    {
        "bookingid": 6567
    },
    {
        "bookingid": 6873
    },
    {
        "bookingid": 277
    },
    {
        "bookingid": 3578
    },
    {
        "bookingid": 4716
    },
    {
        "bookingid": 6509
    },
    {
        "bookingid": 7063
    },
    {
        "bookingid": 7098
    },
    {
        "bookingid": 9132
    },
    {
        "bookingid": 2790
    },
    {
        "bookingid": 3034
    },
    {
        "bookingid": 4381
    },
    {
        "bookingid": 1786
    },
    {
        "bookingid": 4203
    },
    {
        "bookingid": 8453
    },
    {
        "bookingid": 5674
    },
    {
        "bookingid": 9275
    },
    {
        "bookingid": 560
    },
    {
        "bookingid": 2160
    },
    {
        "bookingid": 8428
    },
    {
        "bookingid": 2806
    },
    {
        "bookingid": 846
    },
    {
        "bookingid": 1839
    },
    {
        "bookingid": 1774
    },
    {
        "bookingid": 230
    },
    {
        "bookingid": 4321
    },
    {
        "bookingid": 8321
    },
    {
        "bookingid": 3360
    },
    {
        "bookingid": 5839
    },
    {
        "bookingid": 5232
    },
    {
        "bookingid": 4617
    },
    {
        "bookingid": 3875
    },
    {
        "bookingid": 784
    },
    {
        "bookingid": 5608
    },
    {
        "bookingid": 6510
    },
    {
        "bookingid": 168
    },
    {
        "bookingid": 1594
    },
    {
        "bookingid": 6618
    },
    {
        "bookingid": 314
    },
    {
        "bookingid": 2786
    },
    {
        "bookingid": 7288
    },
    {
        "bookingid": 8492
    },
    {
        "bookingid": 592
    },
    {
        "bookingid": 6408
    },
    {
        "bookingid": 3752
    },
    {
        "bookingid": 5755
    },
    {
        "bookingid": 9169
    },
    {
        "bookingid": 8592
    },
    {
        "bookingid": 6856
    },
    {
        "bookingid": 2071
    },
    {
        "bookingid": 3090
    },
    {
        "bookingid": 5415
    },
    {
        "bookingid": 9163
    },
    {
        "bookingid": 8646
    },
    {
        "bookingid": 1893
    },
    {
        "bookingid": 4336
    },
    {
        "bookingid": 517
    },
    {
        "bookingid": 9328
    },
    {
        "bookingid": 8762
    },
    {
        "bookingid": 2190
    },
    {
        "bookingid": 6119
    },
    {
        "bookingid": 3645
    },
    {
        "bookingid": 6406
    },
    {
        "bookingid": 7794
    },
    {
        "bookingid": 6409
    },
    {
        "bookingid": 8620
    },
    {
        "bookingid": 9256
    },
    {
        "bookingid": 9217
    },
    {
        "bookingid": 406
    },
    {
        "bookingid": 2395
    },
    {
        "bookingid": 2543
    },
    {
        "bookingid": 4433
    },
    {
        "bookingid": 5878
    },
    {
        "bookingid": 9125
    },
    {
        "bookingid": 833
    },
    {
        "bookingid": 6190
    },
    {
        "bookingid": 6148
    },
    {
        "bookingid": 336
    },
    {
        "bookingid": 5588
    },
    {
        "bookingid": 5431
    },
    {
        "bookingid": 3953
    },
    {
        "bookingid": 5761
    },
    {
        "bookingid": 3323
    },
    {
        "bookingid": 8859
    },
    {
        "bookingid": 8386
    },
    {
        "bookingid": 9028
    },
    {
        "bookingid": 881
    },
    {
        "bookingid": 1643
    },
    {
        "bookingid": 6111
    },
    {
        "bookingid": 2446
    },
    {
        "bookingid": 1844
    },
    {
        "bookingid": 1547
    },
    {
        "bookingid": 7976
    },
    {
        "bookingid": 4582
    },
    {
        "bookingid": 2286
    },
    {
        "bookingid": 9363
    },
    {
        "bookingid": 2270
    },
    {
        "bookingid": 4439
    },
    {
        "bookingid": 734
    },
    {
        "bookingid": 5560
    },
    {
        "bookingid": 7306
    },
    {
        "bookingid": 2627
    },
    {
        "bookingid": 7538
    },
    {
        "bookingid": 4971
    },
    {
        "bookingid": 9329
    },
    {
        "bookingid": 8395
    },
    {
        "bookingid": 1157
    },
    {
        "bookingid": 5564
    },
    {
        "bookingid": 5490
    },
    {
        "bookingid": 8175
    },
    {
        "bookingid": 9148
    },
    {
        "bookingid": 3769
    },
    {
        "bookingid": 2340
    },
    {
        "bookingid": 1835
    },
    {
        "bookingid": 8945
    },
    {
        "bookingid": 433
    },
    {
        "bookingid": 2693
    },
    {
        "bookingid": 1762
    },
    {
        "bookingid": 617
    },
    {
        "bookingid": 2314
    },
    {
        "bookingid": 3853
    },
    {
        "bookingid": 8573
    },
    {
        "bookingid": 5252
    },
    {
        "bookingid": 1275
    },
    {
        "bookingid": 6559
    },
    {
        "bookingid": 2437
    },
    {
        "bookingid": 1477
    },
    {
        "bookingid": 7409
    },
    {
        "bookingid": 2961
    },
    {
        "bookingid": 9246
    },
    {
        "bookingid": 3847
    },
    {
        "bookingid": 6714
    },
    {
        "bookingid": 3964
    },
    {
        "bookingid": 2823
    },
    {
        "bookingid": 3998
    },
    {
        "bookingid": 7121
    },
    {
        "bookingid": 4797
    },
    {
        "bookingid": 1979
    },
    {
        "bookingid": 2436
    },
    {
        "bookingid": 6800
    },
    {
        "bookingid": 7633
    },
    {
        "bookingid": 3666
    },
    {
        "bookingid": 2659
    },
    {
        "bookingid": 6393
    },
    {
        "bookingid": 1470
    },
    {
        "bookingid": 3758
    },
    {
        "bookingid": 9428
    },
    {
        "bookingid": 3011
    },
    {
        "bookingid": 8154
    },
    {
        "bookingid": 2788
    },
    {
        "bookingid": 6716
    },
    {
        "bookingid": 7084
    },
    {
        "bookingid": 9195
    },
    {
        "bookingid": 7246
    },
    {
        "bookingid": 8670
    },
    {
        "bookingid": 8971
    },
    {
        "bookingid": 2260
    },
    {
        "bookingid": 1191
    },
    {
        "bookingid": 3890
    },
    {
        "bookingid": 8172
    },
    {
        "bookingid": 5654
    },
    {
        "bookingid": 1966
    },
    {
        "bookingid": 4715
    },
    {
        "bookingid": 5043
    },
    {
        "bookingid": 5424
    },
    {
        "bookingid": 6461
    },
    {
        "bookingid": 5578
    },
    {
        "bookingid": 4584
    },
    {
        "bookingid": 4918
    },
    {
        "bookingid": 5623
    },
    {
        "bookingid": 707
    },
    {
        "bookingid": 5457
    },
    {
        "bookingid": 1850
    },
    {
        "bookingid": 1640
    },
    {
        "bookingid": 6541
    },
    {
        "bookingid": 3016
    },
    {
        "bookingid": 8982
    },
    {
        "bookingid": 8330
    },
    {
        "bookingid": 194
    },
    {
        "bookingid": 1467
    },
    {
        "bookingid": 5518
    },
    {
        "bookingid": 5762
    },
    {
        "bookingid": 29
    },
    {
        "bookingid": 9251
    },
    {
        "bookingid": 4470
    },
    {
        "bookingid": 1289
    },
    {
        "bookingid": 4349
    },
    {
        "bookingid": 3811
    },
    {
        "bookingid": 3286
    },
    {
        "bookingid": 9207
    },
    {
        "bookingid": 9223
    },
    {
        "bookingid": 7378
    },
    {
        "bookingid": 460
    },
    {
        "bookingid": 7824
    },
    {
        "bookingid": 439
    },
    {
        "bookingid": 2290
    },
    {
        "bookingid": 5169
    },
    {
        "bookingid": 5537
    },
    {
        "bookingid": 8673
    },
    {
        "bookingid": 3750
    },
    {
        "bookingid": 4545
    },
    {
        "bookingid": 2896
    },
    {
        "bookingid": 4967
    },
    {
        "bookingid": 7426
    },
    {
        "bookingid": 5904
    },
    {
        "bookingid": 6377
    },
    {
        "bookingid": 6861
    },
    {
        "bookingid": 67
    },
    {
        "bookingid": 4839
    },
    {
        "bookingid": 6015
    },
    {
        "bookingid": 3028
    },
    {
        "bookingid": 1757
    },
    {
        "bookingid": 8835
    },
    {
        "bookingid": 2481
    },
    {
        "bookingid": 3745
    },
    {
        "bookingid": 4181
    },
    {
        "bookingid": 6791
    },
    {
        "bookingid": 456
    },
    {
        "bookingid": 7180
    },
    {
        "bookingid": 6655
    },
    {
        "bookingid": 2906
    },
    {
        "bookingid": 2152
    },
    {
        "bookingid": 1391
    },
    {
        "bookingid": 6686
    },
    {
        "bookingid": 8640
    },
    {
        "bookingid": 5394
    },
    {
        "bookingid": 8636
    },
    {
        "bookingid": 2182
    },
    {
        "bookingid": 206
    },
    {
        "bookingid": 3276
    },
    {
        "bookingid": 4103
    },
    {
        "bookingid": 5159
    },
    {
        "bookingid": 1800
    },
    {
        "bookingid": 8706
    },
    {
        "bookingid": 1553
    },
    {
        "bookingid": 7457
    },
    {
        "bookingid": 525
    },
    {
        "bookingid": 6079
    },
    {
        "bookingid": 299
    },
    {
        "bookingid": 7571
    },
    {
        "bookingid": 9475
    },
    {
        "bookingid": 954
    },
    {
        "bookingid": 6000
    },
    {
        "bookingid": 1884
    },
    {
        "bookingid": 803
    },
    {
        "bookingid": 183
    },
    {
        "bookingid": 9066
    },
    {
        "bookingid": 1310
    },
    {
        "bookingid": 5008
    },
    {
        "bookingid": 3529
    },
    {
        "bookingid": 9396
    },
    {
        "bookingid": 7369
    },
    {
        "bookingid": 6151
    },
    {
        "bookingid": 4035
    },
    {
        "bookingid": 951
    },
    {
        "bookingid": 376
    },
    {
        "bookingid": 1455
    },
    {
        "bookingid": 7380
    },
    {
        "bookingid": 1575
    },
    {
        "bookingid": 1164
    },
    {
        "bookingid": 6167
    },
    {
        "bookingid": 7282
    },
    {
        "bookingid": 5242
    },
    {
        "bookingid": 6672
    },
    {
        "bookingid": 7618
    },
    {
        "bookingid": 203
    },
    {
        "bookingid": 2905
    },
    {
        "bookingid": 8039
    },
    {
        "bookingid": 4779
    },
    {
        "bookingid": 415
    },
    {
        "bookingid": 30
    },
    {
        "bookingid": 7648
    },
    {
        "bookingid": 8234
    },
    {
        "bookingid": 8128
    },
    {
        "bookingid": 1246
    },
    {
        "bookingid": 4755
    },
    {
        "bookingid": 1265
    },
    {
        "bookingid": 339
    },
    {
        "bookingid": 7863
    },
    {
        "bookingid": 597
    },
    {
        "bookingid": 7418
    },
    {
        "bookingid": 7318
    },
    {
        "bookingid": 1568
    },
    {
        "bookingid": 8
    },
    {
        "bookingid": 2311
    },
    {
        "bookingid": 7907
    },
    {
        "bookingid": 5909
    },
    {
        "bookingid": 2046
    },
    {
        "bookingid": 5961
    },
    {
        "bookingid": 6107
    },
    {
        "bookingid": 201
    },
    {
        "bookingid": 4452
    },
    {
        "bookingid": 1241
    },
    {
        "bookingid": 5103
    },
    {
        "bookingid": 4097
    },
    {
        "bookingid": 2457
    },
    {
        "bookingid": 271
    },
    {
        "bookingid": 2337
    },
    {
        "bookingid": 5745
    },
    {
        "bookingid": 4633
    },
    {
        "bookingid": 7101
    },
    {
        "bookingid": 8314
    },
    {
        "bookingid": 7524
    },
    {
        "bookingid": 2056
    },
    {
        "bookingid": 233
    },
    {
        "bookingid": 2657
    },
    {
        "bookingid": 3818
    },
    {
        "bookingid": 2051
    },
    {
        "bookingid": 9058
    },
    {
        "bookingid": 1859
    },
    {
        "bookingid": 2415
    },
    {
        "bookingid": 3158
    },
    {
        "bookingid": 9384
    },
    {
        "bookingid": 3146
    },
    {
        "bookingid": 7470
    },
    {
        "bookingid": 5798
    },
    {
        "bookingid": 424
    },
    {
        "bookingid": 7132
    },
    {
        "bookingid": 487
    },
    {
        "bookingid": 12
    },
    {
        "bookingid": 3348
    },
    {
        "bookingid": 7879
    },
    {
        "bookingid": 8208
    },
    {
        "bookingid": 1725
    },
    {
        "bookingid": 865
    },
    {
        "bookingid": 7592
    },
    {
        "bookingid": 4074
    },
    {
        "bookingid": 8107
    },
    {
        "bookingid": 5822
    },
    {
        "bookingid": 921
    },
    {
        "bookingid": 1257
    },
    {
        "bookingid": 5323
    },
    {
        "bookingid": 8021
    },
    {
        "bookingid": 6413
    },
    {
        "bookingid": 4722
    },
    {
        "bookingid": 2614
    },
    {
        "bookingid": 1409
    },
    {
        "bookingid": 3251
    },
    {
        "bookingid": 264
    },
    {
        "bookingid": 5356
    },
    {
        "bookingid": 1421
    },
    {
        "bookingid": 7808
    },
    {
        "bookingid": 191
    },
    {
        "bookingid": 4077
    },
    {
        "bookingid": 6122
    },
    {
        "bookingid": 4555
    },
    {
        "bookingid": 8865
    },
    {
        "bookingid": 6929
    },
    {
        "bookingid": 8278
    },
    {
        "bookingid": 1003
    },
    {
        "bookingid": 223
    },
    {
        "bookingid": 7097
    },
    {
        "bookingid": 4551
    },
    {
        "bookingid": 1044
    },
    {
        "bookingid": 211
    },
    {
        "bookingid": 3121
    },
    {
        "bookingid": 1181
    },
    {
        "bookingid": 187
    },
    {
        "bookingid": 8112
    },
    {
        "bookingid": 870
    },
    {
        "bookingid": 6210
    },
    {
        "bookingid": 5173
    },
    {
        "bookingid": 7580
    },
    {
        "bookingid": 6025
    },
    {
        "bookingid": 3621
    },
    {
        "bookingid": 6370
    },
    {
        "bookingid": 7138
    },
    {
        "bookingid": 4151
    },
    {
        "bookingid": 3035
    },
    {
        "bookingid": 3597
    },
    {
        "bookingid": 2846
    },
    {
        "bookingid": 3066
    },
    {
        "bookingid": 1483
    },
    {
        "bookingid": 5033
    },
    {
        "bookingid": 4428
    },
    {
        "bookingid": 1827
    },
    {
        "bookingid": 3318
    },
    {
        "bookingid": 838
    },
    {
        "bookingid": 4482
    },
    {
        "bookingid": 7573
    },
    {
        "bookingid": 4186
    },
    {
        "bookingid": 6252
    },
    {
        "bookingid": 8177
    },
    {
        "bookingid": 7486
    },
    {
        "bookingid": 1294
    },
    {
        "bookingid": 4346
    },
    {
        "bookingid": 5840
    },
    {
        "bookingid": 8800
    },
    {
        "bookingid": 1116
    },
    {
        "bookingid": 6234
    },
    {
        "bookingid": 5680
    },
    {
        "bookingid": 6159
    },
    {
        "bookingid": 3827
    },
    {
        "bookingid": 2295
    },
    {
        "bookingid": 9324
    },
    {
        "bookingid": 461
    },
    {
        "bookingid": 4686
    },
    {
        "bookingid": 1772
    },
    {
        "bookingid": 7219
    },
    {
        "bookingid": 1986
    },
    {
        "bookingid": 3618
    },
    {
        "bookingid": 4673
    },
    {
        "bookingid": 7054
    },
    {
        "bookingid": 6069
    },
    {
        "bookingid": 7374
    },
    {
        "bookingid": 5332
    },
    {
        "bookingid": 4166
    },
    {
        "bookingid": 7741
    },
    {
        "bookingid": 8370
    },
    {
        "bookingid": 5387
    },
    {
        "bookingid": 3148
    },
    {
        "bookingid": 4865
    },
    {
        "bookingid": 2114
    },
    {
        "bookingid": 3
    },
    {
        "bookingid": 1899
    },
    {
        "bookingid": 7382
    },
    {
        "bookingid": 6312
    },
    {
        "bookingid": 4013
    },
    {
        "bookingid": 6508
    },
    {
        "bookingid": 635
    },
    {
        "bookingid": 6417
    },
    {
        "bookingid": 5587
    },
    {
        "bookingid": 6486
    },
    {
        "bookingid": 2734
    },
    {
        "bookingid": 7351
    },
    {
        "bookingid": 9389
    },
    {
        "bookingid": 8216
    },
    {
        "bookingid": 3277
    },
    {
        "bookingid": 5391
    },
    {
        "bookingid": 6272
    },
    {
        "bookingid": 3670
    },
    {
        "bookingid": 6732
    },
    {
        "bookingid": 5248
    },
    {
        "bookingid": 6605
    },
    {
        "bookingid": 7260
    },
    {
        "bookingid": 4476
    },
    {
        "bookingid": 5833
    },
    {
        "bookingid": 1538
    },
    {
        "bookingid": 6433
    },
    {
        "bookingid": 3738
    },
    {
        "bookingid": 7982
    },
    {
        "bookingid": 253
    },
    {
        "bookingid": 3747
    },
    {
        "bookingid": 6105
    },
    {
        "bookingid": 8475
    },
    {
        "bookingid": 7175
    },
    {
        "bookingid": 2317
    },
    {
        "bookingid": 57
    },
    {
        "bookingid": 3685
    },
    {
        "bookingid": 8820
    },
    {
        "bookingid": 2532
    },
    {
        "bookingid": 8538
    },
    {
        "bookingid": 5723
    },
    {
        "bookingid": 7359
    },
    {
        "bookingid": 9482
    },
    {
        "bookingid": 4292
    },
    {
        "bookingid": 858
    },
    {
        "bookingid": 3945
    },
    {
        "bookingid": 7726
    },
    {
        "bookingid": 1074
    },
    {
        "bookingid": 3865
    },
    {
        "bookingid": 3587
    },
    {
        "bookingid": 6537
    },
    {
        "bookingid": 3570
    },
    {
        "bookingid": 2776
    },
    {
        "bookingid": 8335
    },
    {
        "bookingid": 7074
    },
    {
        "bookingid": 3210
    },
    {
        "bookingid": 284
    },
    {
        "bookingid": 915
    },
    {
        "bookingid": 8503
    },
    {
        "bookingid": 2456
    },
    {
        "bookingid": 6896
    },
    {
        "bookingid": 220
    },
    {
        "bookingid": 6271
    },
    {
        "bookingid": 2619
    },
    {
        "bookingid": 3898
    },
    {
        "bookingid": 8477
    },
    {
        "bookingid": 6646
    },
    {
        "bookingid": 1137
    },
    {
        "bookingid": 5812
    },
    {
        "bookingid": 9060
    },
    {
        "bookingid": 210
    },
    {
        "bookingid": 2277
    },
    {
        "bookingid": 934
    },
    {
        "bookingid": 6699
    },
    {
        "bookingid": 5637
    },
    {
        "bookingid": 791
    },
    {
        "bookingid": 1965
    },
    {
        "bookingid": 176
    },
    {
        "bookingid": 8755
    },
    {
        "bookingid": 6998
    },
    {
        "bookingid": 15
    },
    {
        "bookingid": 5645
    },
    {
        "bookingid": 1325
    },
    {
        "bookingid": 2403
    },
    {
        "bookingid": 442
    },
    {
        "bookingid": 4093
    },
    {
        "bookingid": 3909
    },
    {
        "bookingid": 5720
    },
    {
        "bookingid": 8882
    },
    {
        "bookingid": 5739
    },
    {
        "bookingid": 1628
    },
    {
        "bookingid": 302
    },
    {
        "bookingid": 6221
    },
    {
        "bookingid": 8899
    },
    {
        "bookingid": 3536
    },
    {
        "bookingid": 605
    },
    {
        "bookingid": 8520
    },
    {
        "bookingid": 3949
    },
    {
        "bookingid": 6566
    },
    {
        "bookingid": 9264
    },
    {
        "bookingid": 7869
    },
    {
        "bookingid": 3640
    },
    {
        "bookingid": 7398
    },
    {
        "bookingid": 8406
    },
    {
        "bookingid": 9348
    },
    {
        "bookingid": 8124
    },
    {
        "bookingid": 753
    },
    {
        "bookingid": 3082
    },
    {
        "bookingid": 5220
    },
    {
        "bookingid": 3634
    },
    {
        "bookingid": 7014
    },
    {
        "bookingid": 6012
    },
    {
        "bookingid": 3166
    },
    {
        "bookingid": 5158
    },
    {
        "bookingid": 5610
    },
    {
        "bookingid": 5746
    },
    {
        "bookingid": 2810
    },
    {
        "bookingid": 472
    },
    {
        "bookingid": 8869
    },
    {
        "bookingid": 9297
    },
    {
        "bookingid": 6224
    },
    {
        "bookingid": 180
    },
    {
        "bookingid": 2839
    },
    {
        "bookingid": 9064
    },
    {
        "bookingid": 7543
    },
    {
        "bookingid": 1900
    },
    {
        "bookingid": 7125
    },
    {
        "bookingid": 6444
    },
    {
        "bookingid": 5453
    },
    {
        "bookingid": 124
    },
    {
        "bookingid": 93
    },
    {
        "bookingid": 4789
    },
    {
        "bookingid": 5344
    },
    {
        "bookingid": 7892
    },
    {
        "bookingid": 7128
    },
    {
        "bookingid": 2486
    },
    {
        "bookingid": 2268
    },
    {
        "bookingid": 4501
    },
    {
        "bookingid": 619
    },
    {
        "bookingid": 5899
    },
    {
        "bookingid": 3398
    },
    {
        "bookingid": 3019
    },
    {
        "bookingid": 3264
    },
    {
        "bookingid": 4477
    },
    {
        "bookingid": 7866
    },
    {
        "bookingid": 3989
    },
    {
        "bookingid": 3619
    },
    {
        "bookingid": 8310
    },
    {
        "bookingid": 1627
    },
    {
        "bookingid": 660
    },
    {
        "bookingid": 9443
    },
    {
        "bookingid": 1089
    },
    {
        "bookingid": 8656
    },
    {
        "bookingid": 2680
    },
    {
        "bookingid": 2297
    },
    {
        "bookingid": 4757
    },
    {
        "bookingid": 8197
    },
    {
        "bookingid": 817
    },
    {
        "bookingid": 5372
    },
    {
        "bookingid": 6314
    },
    {
        "bookingid": 8190
    },
    {
        "bookingid": 7512
    },
    {
        "bookingid": 709
    },
    {
        "bookingid": 8298
    },
    {
        "bookingid": 295
    },
    {
        "bookingid": 8057
    },
    {
        "bookingid": 1293
    },
    {
        "bookingid": 3559
    },
    {
        "bookingid": 6165
    },
    {
        "bookingid": 7806
    },
    {
        "bookingid": 4371
    },
    {
        "bookingid": 2563
    },
    {
        "bookingid": 7746
    },
    {
        "bookingid": 8711
    },
    {
        "bookingid": 5018
    },
    {
        "bookingid": 9041
    },
    {
        "bookingid": 7
    },
    {
        "bookingid": 1026
    },
    {
        "bookingid": 7089
    },
    {
        "bookingid": 5404
    },
    {
        "bookingid": 6670
    },
    {
        "bookingid": 8030
    },
    {
        "bookingid": 3186
    },
    {
        "bookingid": 1537
    },
    {
        "bookingid": 5596
    },
    {
        "bookingid": 6286
    },
    {
        "bookingid": 2510
    },
    {
        "bookingid": 935
    },
    {
        "bookingid": 2389
    },
    {
        "bookingid": 1223
    },
    {
        "bookingid": 4810
    },
    {
        "bookingid": 9019
    },
    {
        "bookingid": 2102
    },
    {
        "bookingid": 2391
    },
    {
        "bookingid": 3628
    },
    {
        "bookingid": 4972
    },
    {
        "bookingid": 5559
    },
    {
        "bookingid": 7870
    },
    {
        "bookingid": 2338
    },
    {
        "bookingid": 6463
    },
    {
        "bookingid": 7422
    },
    {
        "bookingid": 161
    },
    {
        "bookingid": 5414
    },
    {
        "bookingid": 2592
    },
    {
        "bookingid": 2833
    },
    {
        "bookingid": 8998
    },
    {
        "bookingid": 3995
    },
    {
        "bookingid": 826
    },
    {
        "bookingid": 8286
    },
    {
        "bookingid": 7676
    },
    {
        "bookingid": 987
    },
    {
        "bookingid": 7704
    },
    {
        "bookingid": 3105
    },
    {
        "bookingid": 6427
    },
    {
        "bookingid": 371
    },
    {
        "bookingid": 4421
    },
    {
        "bookingid": 8142
    },
    {
        "bookingid": 1937
    },
    {
        "bookingid": 9290
    },
    {
        "bookingid": 7539
    },
    {
        "bookingid": 9191
    },
    {
        "bookingid": 2926
    },
    {
        "bookingid": 9054
    },
    {
        "bookingid": 4249
    },
    {
        "bookingid": 328
    },
    {
        "bookingid": 658
    },
    {
        "bookingid": 2974
    },
    {
        "bookingid": 5673
    },
    {
        "bookingid": 5083
    },
    {
        "bookingid": 1783
    },
    {
        "bookingid": 367
    },
    {
        "bookingid": 621
    },
    {
        "bookingid": 8910
    },
    {
        "bookingid": 3633
    },
    {
        "bookingid": 4218
    },
    {
        "bookingid": 412
    },
    {
        "bookingid": 99
    },
    {
        "bookingid": 9484
    },
    {
        "bookingid": 5652
    },
    {
        "bookingid": 7134
    },
    {
        "bookingid": 405
    },
    {
        "bookingid": 3806
    },
    {
        "bookingid": 4022
    },
    {
        "bookingid": 2065
    },
    {
        "bookingid": 3650
    },
    {
        "bookingid": 3485
    },
    {
        "bookingid": 3556
    },
    {
        "bookingid": 9366
    },
    {
        "bookingid": 8606
    },
    {
        "bookingid": 5891
    },
    {
        "bookingid": 249
    },
    {
        "bookingid": 7402
    },
    {
        "bookingid": 1861
    },
    {
        "bookingid": 5748
    },
    {
        "bookingid": 655
    },
    {
        "bookingid": 2373
    },
    {
        "bookingid": 4558
    },
    {
        "bookingid": 1494
    },
    {
        "bookingid": 5638
    },
    {
        "bookingid": 7010
    },
    {
        "bookingid": 849
    },
    {
        "bookingid": 290
    },
    {
        "bookingid": 5303
    },
    {
        "bookingid": 4232
    },
    {
        "bookingid": 973
    },
    {
        "bookingid": 6554
    },
    {
        "bookingid": 6758
    },
    {
        "bookingid": 9181
    },
    {
        "bookingid": 7223
    },
    {
        "bookingid": 964
    },
    {
        "bookingid": 7481
    },
    {
        "bookingid": 1239
    },
    {
        "bookingid": 4546
    },
    {
        "bookingid": 8029
    },
    {
        "bookingid": 6379
    },
    {
        "bookingid": 7071
    },
    {
        "bookingid": 2965
    },
    {
        "bookingid": 693
    },
    {
        "bookingid": 3690
    },
    {
        "bookingid": 4885
    },
    {
        "bookingid": 6425
    },
    {
        "bookingid": 7937
    },
    {
        "bookingid": 3387
    },
    {
        "bookingid": 5793
    },
    {
        "bookingid": 8195
    },
    {
        "bookingid": 2239
    },
    {
        "bookingid": 3043
    },
    {
        "bookingid": 8455
    },
    {
        "bookingid": 3420
    },
    {
        "bookingid": 752
    },
    {
        "bookingid": 9300
    },
    {
        "bookingid": 2883
    },
    {
        "bookingid": 5249
    },
    {
        "bookingid": 1789
    },
    {
        "bookingid": 4451
    },
    {
        "bookingid": 1033
    },
    {
        "bookingid": 6715
    },
    {
        "bookingid": 4241
    },
    {
        "bookingid": 1017
    },
    {
        "bookingid": 1662
    },
    {
        "bookingid": 495
    },
    {
        "bookingid": 9238
    },
    {
        "bookingid": 3405
    },
    {
        "bookingid": 2351
    },
    {
        "bookingid": 5693
    },
    {
        "bookingid": 4411
    },
    {
        "bookingid": 1777
    },
    {
        "bookingid": 7831
    },
    {
        "bookingid": 3849
    },
    {
        "bookingid": 6070
    },
    {
        "bookingid": 1138
    },
    {
        "bookingid": 8461
    },
    {
        "bookingid": 65
    },
    {
        "bookingid": 3915
    },
    {
        "bookingid": 3609
    },
    {
        "bookingid": 6613
    },
    {
        "bookingid": 5281
    },
    {
        "bookingid": 5472
    },
    {
        "bookingid": 1406
    },
    {
        "bookingid": 3564
    },
    {
        "bookingid": 8001
    },
    {
        "bookingid": 9196
    },
    {
        "bookingid": 638
    },
    {
        "bookingid": 7169
    },
    {
        "bookingid": 1336
    },
    {
        "bookingid": 8341
    },
    {
        "bookingid": 1622
    },
    {
        "bookingid": 2882
    },
    {
        "bookingid": 3798
    },
    {
        "bookingid": 5211
    },
    {
        "bookingid": 4374
    },
    {
        "bookingid": 4412
    },
    {
        "bookingid": 3115
    },
    {
        "bookingid": 3939
    },
    {
        "bookingid": 146
    },
    {
        "bookingid": 4660
    },
    {
        "bookingid": 3941
    },
    {
        "bookingid": 8932
    },
    {
        "bookingid": 1059
    },
    {
        "bookingid": 5595
    },
    {
        "bookingid": 7978
    },
    {
        "bookingid": 1180
    },
    {
        "bookingid": 2179
    },
    {
        "bookingid": 8281
    },
    {
        "bookingid": 8555
    },
    {
        "bookingid": 5562
    },
    {
        "bookingid": 1051
    },
    {
        "bookingid": 3975
    },
    {
        "bookingid": 5733
    },
    {
        "bookingid": 1894
    },
    {
        "bookingid": 8343
    },
    {
        "bookingid": 4645
    },
    {
        "bookingid": 3677
    },
    {
        "bookingid": 6538
    },
    {
        "bookingid": 7798
    },
    {
        "bookingid": 3249
    },
    {
        "bookingid": 9035
    },
    {
        "bookingid": 5700
    },
    {
        "bookingid": 3370
    },
    {
        "bookingid": 1543
    },
    {
        "bookingid": 8671
    },
    {
        "bookingid": 6589
    },
    {
        "bookingid": 6897
    },
    {
        "bookingid": 1449
    },
    {
        "bookingid": 1243
    },
    {
        "bookingid": 6972
    },
    {
        "bookingid": 2371
    },
    {
        "bookingid": 400
    },
    {
        "bookingid": 5868
    },
    {
        "bookingid": 3756
    },
    {
        "bookingid": 4073
    },
    {
        "bookingid": 1140
    },
    {
        "bookingid": 4274
    },
    {
        "bookingid": 2613
    },
    {
        "bookingid": 9321
    },
    {
        "bookingid": 6631
    },
    {
        "bookingid": 9424
    },
    {
        "bookingid": 3025
    },
    {
        "bookingid": 5953
    },
    {
        "bookingid": 3213
    },
    {
        "bookingid": 8407
    },
    {
        "bookingid": 2309
    },
    {
        "bookingid": 8529
    },
    {
        "bookingid": 7944
    },
    {
        "bookingid": 505
    },
    {
        "bookingid": 6523
    },
    {
        "bookingid": 6196
    },
    {
        "bookingid": 5122
    },
    {
        "bookingid": 6005
    },
    {
        "bookingid": 5136
    },
    {
        "bookingid": 653
    },
    {
        "bookingid": 6362
    },
    {
        "bookingid": 5702
    },
    {
        "bookingid": 239
    },
    {
        "bookingid": 1974
    },
    {
        "bookingid": 7702
    },
    {
        "bookingid": 6282
    },
    {
        "bookingid": 7333
    },
    {
        "bookingid": 309
    },
    {
        "bookingid": 1513
    },
    {
        "bookingid": 4031
    },
    {
        "bookingid": 4237
    },
    {
        "bookingid": 418
    },
    {
        "bookingid": 3497
    },
    {
        "bookingid": 4101
    },
    {
        "bookingid": 6863
    },
    {
        "bookingid": 6772
    },
    {
        "bookingid": 6518
    },
    {
        "bookingid": 9460
    },
    {
        "bookingid": 8828
    },
    {
        "bookingid": 378
    },
    {
        "bookingid": 477
    },
    {
        "bookingid": 891
    },
    {
        "bookingid": 6203
    },
    {
        "bookingid": 2050
    },
    {
        "bookingid": 2536
    },
    {
        "bookingid": 5352
    },
    {
        "bookingid": 9279
    },
    {
        "bookingid": 727
    },
    {
        "bookingid": 7120
    },
    {
        "bookingid": 5614
    },
    {
        "bookingid": 3293
    },
    {
        "bookingid": 4054
    },
    {
        "bookingid": 4708
    },
    {
        "bookingid": 5731
    },
    {
        "bookingid": 4246
    },
    {
        "bookingid": 6053
    },
    {
        "bookingid": 3164
    },
    {
        "bookingid": 8460
    },
    {
        "bookingid": 2496
    },
    {
        "bookingid": 984
    },
    {
        "bookingid": 5980
    },
    {
        "bookingid": 8404
    },
    {
        "bookingid": 890
    },
    {
        "bookingid": 1314
    },
    {
        "bookingid": 4770
    },
    {
        "bookingid": 7446
    },
    {
        "bookingid": 382
    },
    {
        "bookingid": 91
    },
    {
        "bookingid": 4665
    },
    {
        "bookingid": 513
    },
    {
        "bookingid": 1895
    },
    {
        "bookingid": 3721
    },
    {
        "bookingid": 2696
    },
    {
        "bookingid": 3021
    },
    {
        "bookingid": 3328
    },
    {
        "bookingid": 625
    },
    {
        "bookingid": 7507
    },
    {
        "bookingid": 998
    },
    {
        "bookingid": 7114
    },
    {
        "bookingid": 1235
    },
    {
        "bookingid": 5943
    },
    {
        "bookingid": 841
    },
    {
        "bookingid": 4464
    },
    {
        "bookingid": 5035
    },
    {
        "bookingid": 8284
    },
    {
        "bookingid": 7020
    },
    {
        "bookingid": 5851
    },
    {
        "bookingid": 6834
    },
    {
        "bookingid": 8995
    },
    {
        "bookingid": 4518
    },
    {
        "bookingid": 2283
    },
    {
        "bookingid": 9339
    },
    {
        "bookingid": 1755
    },
    {
        "bookingid": 4589
    },
    {
        "bookingid": 503
    },
    {
        "bookingid": 4034
    },
    {
        "bookingid": 978
    },
    {
        "bookingid": 2169
    },
    {
        "bookingid": 2539
    },
    {
        "bookingid": 3272
    },
    {
        "bookingid": 6077
    },
    {
        "bookingid": 4987
    },
    {
        "bookingid": 4621
    },
    {
        "bookingid": 1952
    },
    {
        "bookingid": 2940
    },
    {
        "bookingid": 6931
    },
    {
        "bookingid": 1021
    },
    {
        "bookingid": 8769
    },
    {
        "bookingid": 974
    },
    {
        "bookingid": 5358
    },
    {
        "bookingid": 8809
    },
    {
        "bookingid": 2648
    },
    {
        "bookingid": 2489
    },
    {
        "bookingid": 4478
    },
    {
        "bookingid": 3820
    },
    {
        "bookingid": 3812
    },
    {
        "bookingid": 606
    },
    {
        "bookingid": 8165
    },
    {
        "bookingid": 4609
    },
    {
        "bookingid": 8783
    },
    {
        "bookingid": 2244
    },
    {
        "bookingid": 5231
    },
    {
        "bookingid": 5983
    },
    {
        "bookingid": 5958
    },
    {
        "bookingid": 2090
    },
    {
        "bookingid": 3477
    },
    {
        "bookingid": 3397
    },
    {
        "bookingid": 3155
    },
    {
        "bookingid": 9420
    },
    {
        "bookingid": 1869
    },
    {
        "bookingid": 8570
    },
    {
        "bookingid": 2948
    },
    {
        "bookingid": 353
    },
    {
        "bookingid": 3290
    },
    {
        "bookingid": 8014
    },
    {
        "bookingid": 1286
    },
    {
        "bookingid": 6731
    },
    {
        "bookingid": 7706
    },
    {
        "bookingid": 3010
    },
    {
        "bookingid": 6990
    },
    {
        "bookingid": 1082
    },
    {
        "bookingid": 9091
    },
    {
        "bookingid": 6857
    },
    {
        "bookingid": 7641
    },
    {
        "bookingid": 808
    },
    {
        "bookingid": 885
    },
    {
        "bookingid": 4503
    },
    {
        "bookingid": 4173
    },
    {
        "bookingid": 6327
    },
    {
        "bookingid": 3656
    },
    {
        "bookingid": 8676
    },
    {
        "bookingid": 4288
    },
    {
        "bookingid": 6609
    },
    {
        "bookingid": 1947
    },
    {
        "bookingid": 3617
    },
    {
        "bookingid": 6355
    },
    {
        "bookingid": 4298
    },
    {
        "bookingid": 9257
    },
    {
        "bookingid": 1949
    },
    {
        "bookingid": 818
    },
    {
        "bookingid": 8432
    },
    {
        "bookingid": 8949
    },
    {
        "bookingid": 8501
    },
    {
        "bookingid": 2958
    },
    {
        "bookingid": 5027
    },
    {
        "bookingid": 4157
    },
    {
        "bookingid": 4049
    },
    {
        "bookingid": 8258
    },
    {
        "bookingid": 8750
    },
    {
        "bookingid": 2690
    },
    {
        "bookingid": 4928
    },
    {
        "bookingid": 51
    },
    {
        "bookingid": 5337
    },
    {
        "bookingid": 5307
    },
    {
        "bookingid": 551
    },
    {
        "bookingid": 4021
    },
    {
        "bookingid": 2339
    },
    {
        "bookingid": 2516
    },
    {
        "bookingid": 2993
    },
    {
        "bookingid": 9184
    },
    {
        "bookingid": 1159
    },
    {
        "bookingid": 423
    },
    {
        "bookingid": 4382
    },
    {
        "bookingid": 4904
    },
    {
        "bookingid": 3603
    },
    {
        "bookingid": 2249
    },
    {
        "bookingid": 1905
    },
    {
        "bookingid": 1932
    },
    {
        "bookingid": 2643
    },
    {
        "bookingid": 8376
    },
    {
        "bookingid": 4845
    },
    {
        "bookingid": 2375
    },
    {
        "bookingid": 237
    },
    {
        "bookingid": 8630
    },
    {
        "bookingid": 6899
    },
    {
        "bookingid": 3267
    },
    {
        "bookingid": 6859
    },
    {
        "bookingid": 2250
    },
    {
        "bookingid": 5419
    },
    {
        "bookingid": 4098
    },
    {
        "bookingid": 3474
    },
    {
        "bookingid": 6217
    },
    {
        "bookingid": 4143
    },
    {
        "bookingid": 1793
    },
    {
        "bookingid": 6467
    },
    {
        "bookingid": 2316
    },
    {
        "bookingid": 8326
    },
    {
        "bookingid": 8145
    },
    {
        "bookingid": 9175
    },
    {
        "bookingid": 2397
    },
    {
        "bookingid": 9411
    },
    {
        "bookingid": 11
    },
    {
        "bookingid": 8478
    },
    {
        "bookingid": 7712
    },
    {
        "bookingid": 5022
    },
    {
        "bookingid": 5208
    },
    {
        "bookingid": 6192
    },
    {
        "bookingid": 1993
    },
    {
        "bookingid": 5664
    },
    {
        "bookingid": 3817
    },
    {
        "bookingid": 3501
    },
    {
        "bookingid": 3253
    },
    {
        "bookingid": 9352
    },
    {
        "bookingid": 4784
    },
    {
        "bookingid": 6336
    },
    {
        "bookingid": 1782
    },
    {
        "bookingid": 8837
    },
    {
        "bookingid": 5185
    },
    {
        "bookingid": 2328
    },
    {
        "bookingid": 1107
    },
    {
        "bookingid": 6250
    },
    {
        "bookingid": 3639
    },
    {
        "bookingid": 133
    },
    {
        "bookingid": 2616
    },
    {
        "bookingid": 8454
    },
    {
        "bookingid": 2895
    },
    {
        "bookingid": 3841
    },
    {
        "bookingid": 4980
    },
    {
        "bookingid": 402
    },
    {
        "bookingid": 2644
    },
    {
        "bookingid": 127
    },
    {
        "bookingid": 3950
    },
    {
        "bookingid": 3268
    },
    {
        "bookingid": 6754
    },
    {
        "bookingid": 165
    },
    {
        "bookingid": 8987
    },
    {
        "bookingid": 3080
    },
    {
        "bookingid": 4369
    },
    {
        "bookingid": 7842
    },
    {
        "bookingid": 6094
    },
    {
        "bookingid": 8062
    },
    {
        "bookingid": 8780
    },
    {
        "bookingid": 1009
    },
    {
        "bookingid": 3495
    },
    {
        "bookingid": 5528
    },
    {
        "bookingid": 9074
    },
    {
        "bookingid": 23
    },
    {
        "bookingid": 4194
    },
    {
        "bookingid": 1582
    },
    {
        "bookingid": 5890
    },
    {
        "bookingid": 3099
    },
    {
        "bookingid": 831
    },
    {
        "bookingid": 1987
    },
    {
        "bookingid": 6775
    },
    {
        "bookingid": 7164
    },
    {
        "bookingid": 5120
    },
    {
        "bookingid": 5771
    },
    {
        "bookingid": 3052
    },
    {
        "bookingid": 688
    },
    {
        "bookingid": 4567
    },
    {
        "bookingid": 1595
    },
    {
        "bookingid": 4863
    },
    {
        "bookingid": 2369
    },
    {
        "bookingid": 5787
    },
    {
        "bookingid": 5633
    },
    {
        "bookingid": 4747
    },
    {
        "bookingid": 4697
    },
    {
        "bookingid": 2915
    },
    {
        "bookingid": 7000
    },
    {
        "bookingid": 7785
    },
    {
        "bookingid": 3760
    },
    {
        "bookingid": 5310
    },
    {
        "bookingid": 8136
    },
    {
        "bookingid": 7881
    },
    {
        "bookingid": 281
    },
    {
        "bookingid": 2854
    },
    {
        "bookingid": 7560
    },
    {
        "bookingid": 9374
    },
    {
        "bookingid": 6063
    },
    {
        "bookingid": 9277
    },
    {
        "bookingid": 4920
    },
    {
        "bookingid": 1509
    },
    {
        "bookingid": 14
    },
    {
        "bookingid": 717
    },
    {
        "bookingid": 6211
    },
    {
        "bookingid": 8095
    },
    {
        "bookingid": 8847
    },
    {
        "bookingid": 8931
    },
    {
        "bookingid": 2800
    },
    {
        "bookingid": 1806
    },
    {
        "bookingid": 7365
    },
    {
        "bookingid": 2120
    },
    {
        "bookingid": 2266
    },
    {
        "bookingid": 6841
    },
    {
        "bookingid": 8822
    },
    {
        "bookingid": 1493
    },
    {
        "bookingid": 322
    },
    {
        "bookingid": 3180
    },
    {
        "bookingid": 1083
    },
    {
        "bookingid": 6906
    },
    {
        "bookingid": 5374
    },
    {
        "bookingid": 3892
    },
    {
        "bookingid": 8126
    },
    {
        "bookingid": 8757
    },
    {
        "bookingid": 9476
    },
    {
        "bookingid": 2296
    },
    {
        "bookingid": 3302
    },
    {
        "bookingid": 6770
    },
    {
        "bookingid": 1233
    },
    {
        "bookingid": 108
    },
    {
        "bookingid": 4272
    },
    {
        "bookingid": 2535
    },
    {
        "bookingid": 2658
    },
    {
        "bookingid": 5
    },
    {
        "bookingid": 7331
    },
    {
        "bookingid": 2416
    },
    {
        "bookingid": 2469
    },
    {
        "bookingid": 3113
    },
    {
        "bookingid": 225
    },
    {
        "bookingid": 5661
    },
    {
        "bookingid": 3355
    },
    {
        "bookingid": 508
    },
    {
        "bookingid": 2347
    },
    {
        "bookingid": 3842
    },
    {
        "bookingid": 7980
    },
    {
        "bookingid": 6776
    },
    {
        "bookingid": 7588
    },
    {
        "bookingid": 5412
    },
    {
        "bookingid": 8442
    },
    {
        "bookingid": 4468
    },
    {
        "bookingid": 9050
    },
    {
        "bookingid": 1852
    },
    {
        "bookingid": 69
    },
    {
        "bookingid": 8267
    },
    {
        "bookingid": 2777
    },
    {
        "bookingid": 7820
    },
    {
        "bookingid": 1904
    },
    {
        "bookingid": 8582
    },
    {
        "bookingid": 516
    },
    {
        "bookingid": 8929
    },
    {
        "bookingid": 5245
    },
    {
        "bookingid": 5938
    },
    {
        "bookingid": 8275
    },
    {
        "bookingid": 7815
    },
    {
        "bookingid": 4339
    },
    {
        "bookingid": 2760
    },
    {
        "bookingid": 3630
    },
    {
        "bookingid": 5495
    },
    {
        "bookingid": 5813
    },
    {
        "bookingid": 2262
    },
    {
        "bookingid": 3117
    },
    {
        "bookingid": 174
    },
    {
        "bookingid": 3389
    },
    {
        "bookingid": 1703
    },
    {
        "bookingid": 3416
    },
    {
        "bookingid": 5717
    },
    {
        "bookingid": 3163
    },
    {
        "bookingid": 1471
    },
    {
        "bookingid": 288
    },
    {
        "bookingid": 9258
    },
    {
        "bookingid": 8723
    },
    {
        "bookingid": 8054
    },
    {
        "bookingid": 5845
    },
    {
        "bookingid": 9002
    },
    {
        "bookingid": 5274
    },
    {
        "bookingid": 3961
    },
    {
        "bookingid": 8622
    },
    {
        "bookingid": 2746
    },
    {
        "bookingid": 8102
    },
    {
        "bookingid": 7025
    },
    {
        "bookingid": 5176
    },
    {
        "bookingid": 1065
    },
    {
        "bookingid": 896
    },
    {
        "bookingid": 9007
    },
    {
        "bookingid": 1633
    },
    {
        "bookingid": 7550
    },
    {
        "bookingid": 5036
    },
    {
        "bookingid": 6322
    },
    {
        "bookingid": 925
    },
    {
        "bookingid": 4144
    },
    {
        "bookingid": 6788
    },
    {
        "bookingid": 790
    },
    {
        "bookingid": 7878
    },
    {
        "bookingid": 6226
    },
    {
        "bookingid": 9122
    },
    {
        "bookingid": 4819
    },
    {
        "bookingid": 2654
    },
    {
        "bookingid": 488
    },
    {
        "bookingid": 5931
    },
    {
        "bookingid": 6667
    },
    {
        "bookingid": 5384
    },
    {
        "bookingid": 5257
    },
    {
        "bookingid": 408
    },
    {
        "bookingid": 5097
    },
    {
        "bookingid": 1969
    },
    {
        "bookingid": 1746
    },
    {
        "bookingid": 1804
    },
    {
        "bookingid": 3279
    },
    {
        "bookingid": 970
    },
    {
        "bookingid": 8864
    },
    {
        "bookingid": 9102
    },
    {
        "bookingid": 5411
    },
    {
        "bookingid": 2028
    },
    {
        "bookingid": 3022
    },
    {
        "bookingid": 3897
    },
    {
        "bookingid": 6071
    },
    {
        "bookingid": 6522
    },
    {
        "bookingid": 1480
    },
    {
        "bookingid": 8158
    },
    {
        "bookingid": 5233
    },
    {
        "bookingid": 691
    },
    {
        "bookingid": 8500
    },
    {
        "bookingid": 9211
    },
    {
        "bookingid": 7701
    },
    {
        "bookingid": 1565
    },
    {
        "bookingid": 3722
    },
    {
        "bookingid": 7653
    },
    {
        "bookingid": 8485
    },
    {
        "bookingid": 6662
    },
    {
        "bookingid": 8897
    },
    {
        "bookingid": 9349
    },
    {
        "bookingid": 5317
    },
    {
        "bookingid": 8164
    },
    {
        "bookingid": 364
    },
    {
        "bookingid": 3958
    },
    {
        "bookingid": 229
    },
    {
        "bookingid": 6454
    },
    {
        "bookingid": 4880
    },
    {
        "bookingid": 2576
    },
    {
        "bookingid": 4687
    },
    {
        "bookingid": 8928
    },
    {
        "bookingid": 956
    },
    {
        "bookingid": 6745
    },
    {
        "bookingid": 1424
    },
    {
        "bookingid": 2661
    },
    {
        "bookingid": 5153
    },
    {
        "bookingid": 8104
    },
    {
        "bookingid": 6943
    },
    {
        "bookingid": 4025
    },
    {
        "bookingid": 216
    },
    {
        "bookingid": 2752
    },
    {
        "bookingid": 7762
    },
    {
        "bookingid": 8651
    },
    {
        "bookingid": 5247
    },
    {
        "bookingid": 5267
    },
    {
        "bookingid": 7600
    },
    {
        "bookingid": 1847
    },
    {
        "bookingid": 3770
    },
    {
        "bookingid": 8667
    },
    {
        "bookingid": 1498
    },
    {
        "bookingid": 2975
    },
    {
        "bookingid": 1038
    },
    {
        "bookingid": 3167
    },
    {
        "bookingid": 6903
    },
    {
        "bookingid": 6140
    },
    {
        "bookingid": 8720
    },
    {
        "bookingid": 3373
    },
    {
        "bookingid": 1149
    },
    {
        "bookingid": 3638
    },
    {
        "bookingid": 1520
    },
    {
        "bookingid": 5082
    },
    {
        "bookingid": 2385
    },
    {
        "bookingid": 3850
    },
    {
        "bookingid": 1770
    },
    {
        "bookingid": 3821
    },
    {
        "bookingid": 7737
    },
    {
        "bookingid": 5936
    },
    {
        "bookingid": 8643
    },
    {
        "bookingid": 3737
    },
    {
        "bookingid": 448
    },
    {
        "bookingid": 859
    },
    {
        "bookingid": 1106
    },
    {
        "bookingid": 268
    },
    {
        "bookingid": 4706
    },
    {
        "bookingid": 5815
    },
    {
        "bookingid": 4597
    },
    {
        "bookingid": 2406
    },
    {
        "bookingid": 1317
    },
    {
        "bookingid": 5924
    },
    {
        "bookingid": 8568
    },
    {
        "bookingid": 8768
    },
    {
        "bookingid": 8259
    },
    {
        "bookingid": 8296
    },
    {
        "bookingid": 3994
    },
    {
        "bookingid": 2843
    },
    {
        "bookingid": 6088
    },
    {
        "bookingid": 1658
    },
    {
        "bookingid": 2422
    },
    {
        "bookingid": 6157
    },
    {
        "bookingid": 7541
    },
    {
        "bookingid": 1213
    },
    {
        "bookingid": 9182
    },
    {
        "bookingid": 4469
    },
    {
        "bookingid": 5752
    },
    {
        "bookingid": 2197
    },
    {
        "bookingid": 6611
    },
    {
        "bookingid": 7872
    },
    {
        "bookingid": 1540
    },
    {
        "bookingid": 4266
    },
    {
        "bookingid": 9219
    },
    {
        "bookingid": 991
    },
    {
        "bookingid": 923
    },
    {
        "bookingid": 8377
    },
    {
        "bookingid": 7018
    },
    {
        "bookingid": 3688
    },
    {
        "bookingid": 8414
    },
    {
        "bookingid": 3749
    },
    {
        "bookingid": 2663
    },
    {
        "bookingid": 777
    },
    {
        "bookingid": 7895
    },
    {
        "bookingid": 3464
    },
    {
        "bookingid": 3983
    },
    {
        "bookingid": 7092
    },
    {
        "bookingid": 9407
    },
    {
        "bookingid": 1675
    },
    {
        "bookingid": 9110
    },
    {
        "bookingid": 9311
    },
    {
        "bookingid": 7127
    },
    {
        "bookingid": 44
    },
    {
        "bookingid": 244
    },
    {
        "bookingid": 6075
    },
    {
        "bookingid": 9222
    },
    {
        "bookingid": 2392
    },
    {
        "bookingid": 6506
    },
    {
        "bookingid": 4364
    },
    {
        "bookingid": 4743
    },
    {
        "bookingid": 6308
    },
    {
        "bookingid": 1447
    },
    {
        "bookingid": 5716
    },
    {
        "bookingid": 1105
    },
    {
        "bookingid": 4929
    },
    {
        "bookingid": 3696
    },
    {
        "bookingid": 13
    },
    {
        "bookingid": 143
    },
    {
        "bookingid": 8918
    },
    {
        "bookingid": 6430
    },
    {
        "bookingid": 8222
    },
    {
        "bookingid": 8900
    },
    {
        "bookingid": 6889
    },
    {
        "bookingid": 370
    },
    {
        "bookingid": 3907
    },
    {
        "bookingid": 5367
    },
    {
        "bookingid": 8790
    },
    {
        "bookingid": 440
    },
    {
        "bookingid": 4903
    },
    {
        "bookingid": 8937
    },
    {
        "bookingid": 4356
    },
    {
        "bookingid": 961
    },
    {
        "bookingid": 4512
    },
    {
        "bookingid": 375
    },
    {
        "bookingid": 9210
    },
    {
        "bookingid": 3457
    },
    {
        "bookingid": 2807
    },
    {
        "bookingid": 1365
    },
    {
        "bookingid": 5751
    },
    {
        "bookingid": 1452
    },
    {
        "bookingid": 4637
    },
    {
        "bookingid": 7926
    },
    {
        "bookingid": 3492
    },
    {
        "bookingid": 2719
    },
    {
        "bookingid": 3465
    },
    {
        "bookingid": 4627
    },
    {
        "bookingid": 3152
    },
    {
        "bookingid": 5626
    },
    {
        "bookingid": 6860
    },
    {
        "bookingid": 3871
    },
    {
        "bookingid": 16
    },
    {
        "bookingid": 3012
    },
    {
        "bookingid": 1504
    },
    {
        "bookingid": 7789
    },
    {
        "bookingid": 4852
    },
    {
        "bookingid": 3720
    },
    {
        "bookingid": 7147
    },
    {
        "bookingid": 1636
    },
    {
        "bookingid": 6925
    },
    {
        "bookingid": 518
    },
    {
        "bookingid": 3200
    },
    {
        "bookingid": 3702
    },
    {
        "bookingid": 6146
    },
    {
        "bookingid": 9400
    },
    {
        "bookingid": 9113
    },
    {
        "bookingid": 1053
    },
    {
        "bookingid": 8274
    },
    {
        "bookingid": 8773
    },
    {
        "bookingid": 7361
    },
    {
        "bookingid": 1747
    },
    {
        "bookingid": 4596
    },
    {
        "bookingid": 9194
    },
    {
        "bookingid": 6636
    },
    {
        "bookingid": 1639
    },
    {
        "bookingid": 5918
    },
    {
        "bookingid": 6225
    },
    {
        "bookingid": 7253
    },
    {
        "bookingid": 3744
    },
    {
        "bookingid": 1654
    },
    {
        "bookingid": 8040
    },
    {
        "bookingid": 7008
    },
    {
        "bookingid": 4571
    },
    {
        "bookingid": 6231
    },
    {
        "bookingid": 7759
    },
    {
        "bookingid": 4216
    },
    {
        "bookingid": 3467
    },
    {
        "bookingid": 1394
    },
    {
        "bookingid": 5682
    },
    {
        "bookingid": 3704
    },
    {
        "bookingid": 8415
    },
    {
        "bookingid": 8645
    },
    {
        "bookingid": 3122
    },
    {
        "bookingid": 6074
    },
    {
        "bookingid": 8907
    },
    {
        "bookingid": 6755
    },
    {
        "bookingid": 2232
    },
    {
        "bookingid": 5271
    },
    {
        "bookingid": 2387
    },
    {
        "bookingid": 34
    },
    {
        "bookingid": 4825
    },
    {
        "bookingid": 8166
    },
    {
        "bookingid": 4198
    },
    {
        "bookingid": 7069
    },
    {
        "bookingid": 4926
    },
    {
        "bookingid": 3378
    },
    {
        "bookingid": 1542
    },
    {
        "bookingid": 5543
    },
    {
        "bookingid": 2538
    },
    {
        "bookingid": 7308
    },
    {
        "bookingid": 3425
    },
    {
        "bookingid": 3903
    },
    {
        "bookingid": 1277
    },
    {
        "bookingid": 586
    },
    {
        "bookingid": 8469
    },
    {
        "bookingid": 4324
    },
    {
        "bookingid": 7554
    },
    {
        "bookingid": 1341
    },
    {
        "bookingid": 6154
    },
    {
        "bookingid": 2639
    },
    {
        "bookingid": 3997
    },
    {
        "bookingid": 5180
    },
    {
        "bookingid": 8264
    },
    {
        "bookingid": 9459
    },
    {
        "bookingid": 8205
    },
    {
        "bookingid": 9480
    },
    {
        "bookingid": 4868
    },
    {
        "bookingid": 1152
    },
    {
        "bookingid": 7321
    },
    {
        "bookingid": 1601
    },
    {
        "bookingid": 9088
    },
    {
        "bookingid": 5782
    },
    {
        "bookingid": 3460
    },
    {
        "bookingid": 5954
    },
    {
        "bookingid": 3109
    },
    {
        "bookingid": 7576
    },
    {
        "bookingid": 9117
    },
    {
        "bookingid": 4761
    },
    {
        "bookingid": 5513
    },
    {
        "bookingid": 36
    },
    {
        "bookingid": 5254
    },
    {
        "bookingid": 3371
    },
    {
        "bookingid": 1342
    },
    {
        "bookingid": 1597
    },
    {
        "bookingid": 2306
    },
    {
        "bookingid": 1854
    },
    {
        "bookingid": 5978
    },
    {
        "bookingid": 1263
    },
    {
        "bookingid": 6174
    },
    {
        "bookingid": 5834
    },
    {
        "bookingid": 4978
    },
    {
        "bookingid": 1248
    },
    {
        "bookingid": 9478
    },
    {
        "bookingid": 6685
    },
    {
        "bookingid": 6202
    },
    {
        "bookingid": 7502
    },
    {
        "bookingid": 212
    },
    {
        "bookingid": 3466
    },
    {
        "bookingid": 9242
    },
    {
        "bookingid": 2577
    },
    {
        "bookingid": 238
    },
    {
        "bookingid": 7684
    },
    {
        "bookingid": 4528
    },
    {
        "bookingid": 1193
    },
    {
        "bookingid": 2438
    },
    {
        "bookingid": 3067
    },
    {
        "bookingid": 8041
    },
    {
        "bookingid": 5269
    },
    {
        "bookingid": 6009
    },
    {
        "bookingid": 8787
    },
    {
        "bookingid": 6548
    },
    {
        "bookingid": 4817
    },
    {
        "bookingid": 1292
    },
    {
        "bookingid": 6373
    },
    {
        "bookingid": 3785
    },
    {
        "bookingid": 8767
    },
    {
        "bookingid": 8591
    },
    {
        "bookingid": 7261
    },
    {
        "bookingid": 5577
    },
    {
        "bookingid": 4854
    },
    {
        "bookingid": 736
    },
    {
        "bookingid": 6786
    },
    {
        "bookingid": 1378
    },
    {
        "bookingid": 8476
    },
    {
        "bookingid": 6321
    },
    {
        "bookingid": 4070
    },
    {
        "bookingid": 5828
    },
    {
        "bookingid": 988
    },
    {
        "bookingid": 7790
    },
    {
        "bookingid": 7458
    },
    {
        "bookingid": 9318
    },
    {
        "bookingid": 3810
    },
    {
        "bookingid": 1518
    },
    {
        "bookingid": 4154
    },
    {
        "bookingid": 1929
    },
    {
        "bookingid": 3653
    },
    {
        "bookingid": 128
    },
    {
        "bookingid": 4702
    },
    {
        "bookingid": 5129
    },
    {
        "bookingid": 6452
    },
    {
        "bookingid": 6705
    },
    {
        "bookingid": 6175
    },
    {
        "bookingid": 1486
    },
    {
        "bookingid": 7561
    },
    {
        "bookingid": 1889
    },
    {
        "bookingid": 2553
    },
    {
        "bookingid": 8225
    },
    {
        "bookingid": 9391
    },
    {
        "bookingid": 7383
    },
    {
        "bookingid": 489
    },
    {
        "bookingid": 5835
    },
    {
        "bookingid": 2939
    },
    {
        "bookingid": 2461
    },
    {
        "bookingid": 8712
    },
    {
        "bookingid": 7695
    },
    {
        "bookingid": 6995
    },
    {
        "bookingid": 579
    },
    {
        "bookingid": 2591
    },
    {
        "bookingid": 8753
    },
    {
        "bookingid": 5198
    },
    {
        "bookingid": 7414
    },
    {
        "bookingid": 6690
    },
    {
        "bookingid": 3054
    },
    {
        "bookingid": 2459
    },
    {
        "bookingid": 186
    },
    {
        "bookingid": 1833
    },
    {
        "bookingid": 7763
    },
    {
        "bookingid": 5993
    },
    {
        "bookingid": 5127
    },
    {
        "bookingid": 4618
    },
    {
        "bookingid": 5758
    },
    {
        "bookingid": 6738
    },
    {
        "bookingid": 3411
    },
    {
        "bookingid": 1366
    },
    {
        "bookingid": 8437
    },
    {
        "bookingid": 1453
    },
    {
        "bookingid": 4866
    },
    {
        "bookingid": 5635
    },
    {
        "bookingid": 6464
    },
    {
        "bookingid": 1071
    },
    {
        "bookingid": 3075
    },
    {
        "bookingid": 749
    },
    {
        "bookingid": 1018
    },
    {
        "bookingid": 2310
    },
    {
        "bookingid": 7392
    },
    {
        "bookingid": 7157
    },
    {
        "bookingid": 2177
    },
    {
        "bookingid": 1215
    },
    {
        "bookingid": 8556
    },
    {
        "bookingid": 1077
    },
    {
        "bookingid": 7613
    },
    {
        "bookingid": 4202
    },
    {
        "bookingid": 7250
    },
    {
        "bookingid": 6169
    },
    {
        "bookingid": 7813
    },
    {
        "bookingid": 5525
    },
    {
        "bookingid": 3590
    },
    {
        "bookingid": 2455
    },
    {
        "bookingid": 7581
    },
    {
        "bookingid": 779
    },
    {
        "bookingid": 9481
    },
    {
        "bookingid": 8666
    },
    {
        "bookingid": 1129
    },
    {
        "bookingid": 4486
    },
    {
        "bookingid": 2085
    },
    {
        "bookingid": 4510
    },
    {
        "bookingid": 7659
    },
    {
        "bookingid": 2174
    },
    {
        "bookingid": 9108
    },
    {
        "bookingid": 1550
    },
    {
        "bookingid": 4572
    },
    {
        "bookingid": 8130
    },
    {
        "bookingid": 1145
    },
    {
        "bookingid": 9154
    },
    {
        "bookingid": 8533
    },
    {
        "bookingid": 3408
    },
    {
        "bookingid": 5045
    },
    {
        "bookingid": 5464
    },
    {
        "bookingid": 6056
    },
    {
        "bookingid": 3184
    },
    {
        "bookingid": 8744
    },
    {
        "bookingid": 7343
    },
    {
        "bookingid": 6303
    },
    {
        "bookingid": 4782
    },
    {
        "bookingid": 7557
    },
    {
        "bookingid": 6403
    },
    {
        "bookingid": 3838
    },
    {
        "bookingid": 511
    },
    {
        "bookingid": 5962
    },
    {
        "bookingid": 5203
    },
    {
        "bookingid": 2400
    },
    {
        "bookingid": 7220
    },
    {
        "bookingid": 4585
    },
    {
        "bookingid": 5357
    },
    {
        "bookingid": 1399
    },
    {
        "bookingid": 3030
    },
    {
        "bookingid": 5986
    },
    {
        "bookingid": 1345
    },
    {
        "bookingid": 6661
    },
    {
        "bookingid": 121
    },
    {
        "bookingid": 746
    },
    {
        "bookingid": 1715
    },
    {
        "bookingid": 5599
    },
    {
        "bookingid": 7007
    },
    {
        "bookingid": 2941
    },
    {
        "bookingid": 7553
    },
    {
        "bookingid": 3661
    },
    {
        "bookingid": 7251
    },
    {
        "bookingid": 5085
    },
    {
        "bookingid": 8943
    },
    {
        "bookingid": 9079
    },
    {
        "bookingid": 5278
    },
    {
        "bookingid": 7954
    },
    {
        "bookingid": 3199
    },
    {
        "bookingid": 1189
    },
    {
        "bookingid": 2251
    },
    {
        "bookingid": 3447
    },
    {
        "bookingid": 8881
    },
    {
        "bookingid": 9431
    },
    {
        "bookingid": 8596
    },
    {
        "bookingid": 1613
    },
    {
        "bookingid": 2509
    },
    {
        "bookingid": 1327
    },
    {
        "bookingid": 1130
    },
    {
        "bookingid": 2435
    },
    {
        "bookingid": 5618
    },
    {
        "bookingid": 8679
    },
    {
        "bookingid": 4837
    },
    {
        "bookingid": 8391
    },
    {
        "bookingid": 9388
    },
    {
        "bookingid": 5462
    },
    {
        "bookingid": 1184
    },
    {
        "bookingid": 6195
    },
    {
        "bookingid": 2388
    },
    {
        "bookingid": 4927
    },
    {
        "bookingid": 6503
    },
    {
        "bookingid": 631
    },
    {
        "bookingid": 4375
    },
    {
        "bookingid": 9085
    },
    {
        "bookingid": 4664
    },
    {
        "bookingid": 3867
    },
    {
        "bookingid": 6287
    },
    {
        "bookingid": 9092
    },
    {
        "bookingid": 437
    },
    {
        "bookingid": 2359
    },
    {
        "bookingid": 2872
    },
    {
        "bookingid": 623
    },
    {
        "bookingid": 6761
    },
    {
        "bookingid": 5196
    },
    {
        "bookingid": 1252
    },
    {
        "bookingid": 9057
    },
    {
        "bookingid": 7433
    },
    {
        "bookingid": 4538
    },
    {
        "bookingid": 4258
    },
    {
        "bookingid": 7751
    },
    {
        "bookingid": 6199
    },
    {
        "bookingid": 5773
    },
    {
        "bookingid": 6964
    },
    {
        "bookingid": 6614
    },
    {
        "bookingid": 7536
    },
    {
        "bookingid": 8435
    },
    {
        "bookingid": 6024
    },
    {
        "bookingid": 6650
    },
    {
        "bookingid": 7267
    },
    {
        "bookingid": 7499
    },
    {
        "bookingid": 4104
    },
    {
        "bookingid": 6616
    },
    {
        "bookingid": 3605
    },
    {
        "bookingid": 667
    },
    {
        "bookingid": 232
    },
    {
        "bookingid": 1727
    },
    {
        "bookingid": 2125
    },
    {
        "bookingid": 6395
    },
    {
        "bookingid": 3947
    },
    {
        "bookingid": 2925
    },
    {
        "bookingid": 3335
    },
    {
        "bookingid": 2809
    },
    {
        "bookingid": 5067
    },
    {
        "bookingid": 1079
    },
    {
        "bookingid": 3381
    },
    {
        "bookingid": 444
    },
    {
        "bookingid": 7142
    },
    {
        "bookingid": 6457
    },
    {
        "bookingid": 1403
    },
    {
        "bookingid": 6792
    },
    {
        "bookingid": 2482
    },
    {
        "bookingid": 4417
    },
    {
        "bookingid": 7140
    },
    {
        "bookingid": 8781
    },
    {
        "bookingid": 471
    },
    {
        "bookingid": 4491
    },
    {
        "bookingid": 3372
    },
    {
        "bookingid": 5397
    },
    {
        "bookingid": 2555
    },
    {
        "bookingid": 8270
    },
    {
        "bookingid": 7558
    },
    {
        "bookingid": 4361
    },
    {
        "bookingid": 3341
    },
    {
        "bookingid": 948
    },
    {
        "bookingid": 5692
    },
    {
        "bookingid": 2057
    },
    {
        "bookingid": 1738
    },
    {
        "bookingid": 8090
    },
    {
        "bookingid": 3068
    },
    {
        "bookingid": 1619
    },
    {
        "bookingid": 313
    },
    {
        "bookingid": 565
    },
    {
        "bookingid": 4652
    },
    {
        "bookingid": 3118
    },
    {
        "bookingid": 6255
    },
    {
        "bookingid": 4000
    },
    {
        "bookingid": 4658
    },
    {
        "bookingid": 3380
    },
    {
        "bookingid": 1688
    },
    {
        "bookingid": 8966
    },
    {
        "bookingid": 5963
    },
    {
        "bookingid": 6171
    },
    {
        "bookingid": 1923
    },
    {
        "bookingid": 1709
    },
    {
        "bookingid": 7186
    },
    {
        "bookingid": 6186
    },
    {
        "bookingid": 1369
    },
    {
        "bookingid": 8279
    },
    {
        "bookingid": 2059
    },
    {
        "bookingid": 8307
    },
    {
        "bookingid": 4209
    },
    {
        "bookingid": 283
    },
    {
        "bookingid": 6065
    },
    {
        "bookingid": 8372
    },
    {
        "bookingid": 2159
    },
    {
        "bookingid": 8779
    },
    {
        "bookingid": 732
    },
    {
        "bookingid": 9151
    },
    {
        "bookingid": 5698
    },
    {
        "bookingid": 1354
    },
    {
        "bookingid": 8875
    },
    {
        "bookingid": 972
    },
    {
        "bookingid": 2720
    },
    {
        "bookingid": 5195
    },
    {
        "bookingid": 4638
    },
    {
        "bookingid": 3222
    },
    {
        "bookingid": 5116
    },
    {
        "bookingid": 2784
    },
    {
        "bookingid": 3093
    },
    {
        "bookingid": 8951
    },
    {
        "bookingid": 2814
    },
    {
        "bookingid": 2029
    },
    {
        "bookingid": 6680
    },
    {
        "bookingid": 7679
    },
    {
        "bookingid": 4099
    },
    {
        "bookingid": 3179
    },
    {
        "bookingid": 8975
    },
    {
        "bookingid": 8888
    },
    {
        "bookingid": 2257
    },
    {
        "bookingid": 2493
    },
    {
        "bookingid": 6577
    },
    {
        "bookingid": 3555
    },
    {
        "bookingid": 7177
    },
    {
        "bookingid": 3007
    },
    {
        "bookingid": 6090
    },
    {
        "bookingid": 9059
    },
    {
        "bookingid": 4610
    },
    {
        "bookingid": 5051
    },
    {
        "bookingid": 8894
    },
    {
        "bookingid": 1788
    },
    {
        "bookingid": 5041
    },
    {
        "bookingid": 1064
    },
    {
        "bookingid": 6547
    },
    {
        "bookingid": 1991
    },
    {
        "bookingid": 820
    },
    {
        "bookingid": 7477
    },
    {
        "bookingid": 8761
    },
    {
        "bookingid": 345
    },
    {
        "bookingid": 8167
    },
    {
        "bookingid": 4632
    },
    {
        "bookingid": 1748
    },
    {
        "bookingid": 5622
    },
    {
        "bookingid": 7415
    },
    {
        "bookingid": 2222
    },
    {
        "bookingid": 5152
    },
    {
        "bookingid": 5678
    },
    {
        "bookingid": 8545
    },
    {
        "bookingid": 2545
    },
    {
        "bookingid": 7479
    },
    {
        "bookingid": 5238
    },
    {
        "bookingid": 6340
    },
    {
        "bookingid": 7925
    },
    {
        "bookingid": 2630
    },
    {
        "bookingid": 531
    },
    {
        "bookingid": 4732
    },
    {
        "bookingid": 6280
    },
    {
        "bookingid": 6593
    },
    {
        "bookingid": 3792
    },
    {
        "bookingid": 1444
    },
    {
        "bookingid": 4215
    },
    {
        "bookingid": 3608
    },
    {
        "bookingid": 533
    },
    {
        "bookingid": 4977
    },
    {
        "bookingid": 6087
    },
    {
        "bookingid": 5887
    },
    {
        "bookingid": 3530
    },
    {
        "bookingid": 1007
    },
    {
        "bookingid": 941
    },
    {
        "bookingid": 2034
    },
    {
        "bookingid": 5187
    },
    {
        "bookingid": 7255
    },
    {
        "bookingid": 6801
    },
    {
        "bookingid": 5788
    },
    {
        "bookingid": 8621
    },
    {
        "bookingid": 5099
    },
    {
        "bookingid": 6578
    },
    {
        "bookingid": 952
    },
    {
        "bookingid": 8902
    },
    {
        "bookingid": 1704
    },
    {
        "bookingid": 2127
    },
    {
        "bookingid": 1131
    },
    {
        "bookingid": 1963
    },
    {
        "bookingid": 2858
    },
    {
        "bookingid": 3561
    },
    {
        "bookingid": 4044
    },
    {
        "bookingid": 18
    },
    {
        "bookingid": 7531
    },
    {
        "bookingid": 6989
    },
    {
        "bookingid": 5163
    },
    {
        "bookingid": 5445
    },
    {
        "bookingid": 7838
    },
    {
        "bookingid": 3777
    },
    {
        "bookingid": 3918
    },
    {
        "bookingid": 7609
    },
    {
        "bookingid": 8079
    },
    {
        "bookingid": 2944
    },
    {
        "bookingid": 3789
    },
    {
        "bookingid": 7472
    },
    {
        "bookingid": 3235
    },
    {
        "bookingid": 1095
    },
    {
        "bookingid": 2060
    },
    {
        "bookingid": 4105
    },
    {
        "bookingid": 759
    },
    {
        "bookingid": 6426
    },
    {
        "bookingid": 7727
    },
    {
        "bookingid": 4580
    },
    {
        "bookingid": 5279
    },
    {
        "bookingid": 4254
    },
    {
        "bookingid": 4368
    },
    {
        "bookingid": 5507
    },
    {
        "bookingid": 3500
    },
    {
        "bookingid": 3993
    },
    {
        "bookingid": 9377
    },
    {
        "bookingid": 3334
    },
    {
        "bookingid": 8438
    },
    {
        "bookingid": 5579
    },
    {
        "bookingid": 2603
    },
    {
        "bookingid": 5970
    },
    {
        "bookingid": 2880
    },
    {
        "bookingid": 8235
    },
    {
        "bookingid": 861
    },
    {
        "bookingid": 5804
    },
    {
        "bookingid": 3516
    },
    {
        "bookingid": 5505
    },
    {
        "bookingid": 8736
    },
    {
        "bookingid": 7320
    },
    {
        "bookingid": 1614
    },
    {
        "bookingid": 6318
    },
    {
        "bookingid": 6963
    },
    {
        "bookingid": 273
    },
    {
        "bookingid": 7289
    },
    {
        "bookingid": 5972
    },
    {
        "bookingid": 6867
    },
    {
        "bookingid": 5046
    },
    {
        "bookingid": 4675
    },
    {
        "bookingid": 8846
    },
    {
        "bookingid": 8334
    },
    {
        "bookingid": 1813
    },
    {
        "bookingid": 6470
    },
    {
        "bookingid": 9385
    },
    {
        "bookingid": 5915
    },
    {
        "bookingid": 5341
    },
    {
        "bookingid": 8027
    },
    {
        "bookingid": 5483
    },
    {
        "bookingid": 3243
    },
    {
        "bookingid": 6986
    },
    {
        "bookingid": 4069
    },
    {
        "bookingid": 8576
    },
    {
        "bookingid": 7922
    },
    {
        "bookingid": 8953
    },
    {
        "bookingid": 3170
    },
    {
        "bookingid": 8914
    },
    {
        "bookingid": 5632
    },
    {
        "bookingid": 3486
    },
    {
        "bookingid": 7898
    },
    {
        "bookingid": 5130
    },
    {
        "bookingid": 2682
    },
    {
        "bookingid": 9347
    },
    {
        "bookingid": 5947
    },
    {
        "bookingid": 7530
    },
    {
        "bookingid": 6814
    },
    {
        "bookingid": 6753
    },
    {
        "bookingid": 2562
    },
    {
        "bookingid": 8634
    },
    {
        "bookingid": 1526
    },
    {
        "bookingid": 4908
    },
    {
        "bookingid": 74
    },
    {
        "bookingid": 4331
    },
    {
        "bookingid": 781
    },
    {
        "bookingid": 4884
    },
    {
        "bookingid": 6924
    },
    {
        "bookingid": 9273
    },
    {
        "bookingid": 7096
    },
    {
        "bookingid": 3342
    },
    {
        "bookingid": 208
    },
    {
        "bookingid": 5179
    },
    {
        "bookingid": 5744
    },
    {
        "bookingid": 5302
    },
    {
        "bookingid": 4115
    },
    {
        "bookingid": 4015
    },
    {
        "bookingid": 1931
    },
    {
        "bookingid": 6389
    },
    {
        "bookingid": 5144
    },
    {
        "bookingid": 8638
    },
    {
        "bookingid": 8024
    },
    {
        "bookingid": 8844
    },
    {
        "bookingid": 4214
    },
    {
        "bookingid": 670
    },
    {
        "bookingid": 126
    },
    {
        "bookingid": 6996
    },
    {
        "bookingid": 1641
    },
    {
        "bookingid": 4641
    },
    {
        "bookingid": 4520
    },
    {
        "bookingid": 1821
    },
    {
        "bookingid": 8827
    },
    {
        "bookingid": 6928
    },
    {
        "bookingid": 2356
    },
    {
        "bookingid": 1892
    },
    {
        "bookingid": 4005
    },
    {
        "bookingid": 4605
    },
    {
        "bookingid": 6958
    },
    {
        "bookingid": 2779
    },
    {
        "bookingid": 2598
    },
    {
        "bookingid": 6781
    },
    {
        "bookingid": 4270
    },
    {
        "bookingid": 4500
    },
    {
        "bookingid": 8194
    },
    {
        "bookingid": 9216
    },
    {
        "bookingid": 9027
    },
    {
        "bookingid": 3607
    },
    {
        "bookingid": 5178
    },
    {
        "bookingid": 8373
    },
    {
        "bookingid": 3005
    },
    {
        "bookingid": 3832
    },
    {
        "bookingid": 9090
    },
    {
        "bookingid": 7795
    },
    {
        "bookingid": 6020
    },
    {
        "bookingid": 1878
    },
    {
        "bookingid": 3362
    },
    {
        "bookingid": 6891
    },
    {
        "bookingid": 7858
    },
    {
        "bookingid": 3504
    },
    {
        "bookingid": 4042
    },
    {
        "bookingid": 1114
    },
    {
        "bookingid": 2909
    },
    {
        "bookingid": 40
    },
    {
        "bookingid": 7529
    },
    {
        "bookingid": 5420
    },
    {
        "bookingid": 4985
    },
    {
        "bookingid": 82
    },
    {
        "bookingid": 6580
    },
    {
        "bookingid": 5327
    },
    {
        "bookingid": 5973
    },
    {
        "bookingid": 4289
    },
    {
        "bookingid": 1390
    },
    {
        "bookingid": 1834
    },
    {
        "bookingid": 603
    },
    {
        "bookingid": 3816
    },
    {
        "bookingid": 7467
    },
    {
        "bookingid": 3314
    },
    {
        "bookingid": 2361
    },
    {
        "bookingid": 5852
    },
    {
        "bookingid": 4444
    },
    {
        "bookingid": 1401
    },
    {
        "bookingid": 3851
    },
    {
        "bookingid": 327
    },
    {
        "bookingid": 3329
    },
    {
        "bookingid": 2111
    },
    {
        "bookingid": 6260
    },
    {
        "bookingid": 3343
    },
    {
        "bookingid": 3369
    },
    {
        "bookingid": 4635
    },
    {
        "bookingid": 4256
    },
    {
        "bookingid": 6987
    },
    {
        "bookingid": 5928
    },
    {
        "bookingid": 189
    },
    {
        "bookingid": 6529
    },
    {
        "bookingid": 7399
    },
    {
        "bookingid": 7400
    },
    {
        "bookingid": 401
    },
    {
        "bookingid": 5581
    },
    {
        "bookingid": 3974
    },
    {
        "bookingid": 7983
    },
    {
        "bookingid": 547
    },
    {
        "bookingid": 7227
    },
    {
        "bookingid": 6191
    },
    {
        "bookingid": 4119
    },
    {
        "bookingid": 6057
    },
    {
        "bookingid": 809
    },
    {
        "bookingid": 694
    },
    {
        "bookingid": 269
    },
    {
        "bookingid": 4304
    },
    {
        "bookingid": 6206
    },
    {
        "bookingid": 5971
    },
    {
        "bookingid": 7209
    },
    {
        "bookingid": 8287
    },
    {
        "bookingid": 8463
    },
    {
        "bookingid": 1939
    },
    {
        "bookingid": 2787
    },
    {
        "bookingid": 1372
    },
    {
        "bookingid": 3245
    },
    {
        "bookingid": 5956
    },
    {
        "bookingid": 8543
    },
    {
        "bookingid": 661
    },
    {
        "bookingid": 962
    },
    {
        "bookingid": 1682
    },
    {
        "bookingid": 8560
    },
    {
        "bookingid": 7630
    },
    {
        "bookingid": 2597
    },
    {
        "bookingid": 2396
    },
    {
        "bookingid": 1162
    },
    {
        "bookingid": 9437
    },
    {
        "bookingid": 7471
    },
    {
        "bookingid": 4600
    },
    {
        "bookingid": 7501
    },
    {
        "bookingid": 8842
    },
    {
        "bookingid": 1562
    },
    {
        "bookingid": 4991
    },
    {
        "bookingid": 2089
    },
    {
        "bookingid": 84
    },
    {
        "bookingid": 6251
    },
    {
        "bookingid": 3632
    },
    {
        "bookingid": 1557
    },
    {
        "bookingid": 2579
    },
    {
        "bookingid": 8925
    },
    {
        "bookingid": 2859
    },
    {
        "bookingid": 1280
    },
    {
        "bookingid": 8690
    },
    {
        "bookingid": 8861
    },
    {
        "bookingid": 6064
    },
    {
        "bookingid": 1100
    },
    {
        "bookingid": 6028
    },
    {
        "bookingid": 3546
    },
    {
        "bookingid": 7608
    },
    {
        "bookingid": 4058
    },
    {
        "bookingid": 868
    },
    {
        "bookingid": 9036
    },
    {
        "bookingid": 814
    },
    {
        "bookingid": 5575
    },
    {
        "bookingid": 1664
    },
    {
        "bookingid": 7730
    },
    {
        "bookingid": 1067
    },
    {
        "bookingid": 221
    },
    {
        "bookingid": 7732
    },
    {
        "bookingid": 540
    },
    {
        "bookingid": 6957
    },
    {
        "bookingid": 7965
    },
    {
        "bookingid": 3449
    },
    {
        "bookingid": 9450
    },
    {
        "bookingid": 414
    },
    {
        "bookingid": 2305
    },
    {
        "bookingid": 593
    },
    {
        "bookingid": 5799
    },
    {
        "bookingid": 744
    },
    {
        "bookingid": 5293
    },
    {
        "bookingid": 8506
    },
    {
        "bookingid": 5377
    },
    {
        "bookingid": 7719
    },
    {
        "bookingid": 8348
    },
    {
        "bookingid": 5467
    },
    {
        "bookingid": 7819
    },
    {
        "bookingid": 2573
    },
    {
        "bookingid": 2164
    },
    {
        "bookingid": 4379
    },
    {
        "bookingid": 5670
    },
    {
        "bookingid": 7671
    },
    {
        "bookingid": 4801
    },
    {
        "bookingid": 4669
    },
    {
        "bookingid": 2490
    },
    {
        "bookingid": 2611
    },
    {
        "bookingid": 6259
    },
    {
        "bookingid": 7466
    },
    {
        "bookingid": 7316
    },
    {
        "bookingid": 2402
    },
    {
        "bookingid": 1872
    },
    {
        "bookingid": 6735
    },
    {
        "bookingid": 4882
    },
    {
        "bookingid": 8909
    },
    {
        "bookingid": 6645
    },
    {
        "bookingid": 582
    },
    {
        "bookingid": 3861
    },
    {
        "bookingid": 7339
    },
    {
        "bookingid": 735
    },
    {
        "bookingid": 2767
    },
    {
        "bookingid": 2026
    },
    {
        "bookingid": 2608
    },
    {
        "bookingid": 5093
    },
    {
        "bookingid": 9123
    },
    {
        "bookingid": 5236
    },
    {
        "bookingid": 7940
    },
    {
        "bookingid": 7419
    },
    {
        "bookingid": 8474
    },
    {
        "bookingid": 9111
    },
    {
        "bookingid": 3139
    },
    {
        "bookingid": 7894
    },
    {
        "bookingid": 8542
    },
    {
        "bookingid": 1464
    },
    {
        "bookingid": 8972
    },
    {
        "bookingid": 7356
    },
    {
        "bookingid": 1047
    },
    {
        "bookingid": 3138
    },
    {
        "bookingid": 5757
    },
    {
        "bookingid": 5487
    },
    {
        "bookingid": 3354
    },
    {
        "bookingid": 5506
    },
    {
        "bookingid": 2522
    },
    {
        "bookingid": 3081
    },
    {
        "bookingid": 7504
    },
    {
        "bookingid": 1922
    },
    {
        "bookingid": 8217
    },
    {
        "bookingid": 7235
    },
    {
        "bookingid": 3237
    },
    {
        "bookingid": 1555
    },
    {
        "bookingid": 5088
    },
    {
        "bookingid": 887
    },
    {
        "bookingid": 4765
    },
    {
        "bookingid": 3458
    },
    {
        "bookingid": 8985
    },
    {
        "bookingid": 8484
    },
    {
        "bookingid": 3869
    },
    {
        "bookingid": 1202
    },
    {
        "bookingid": 381
    },
    {
        "bookingid": 4959
    },
    {
        "bookingid": 9239
    },
    {
        "bookingid": 5134
    },
    {
        "bookingid": 9114
    },
    {
        "bookingid": 2743
    },
    {
        "bookingid": 4475
    },
    {
        "bookingid": 451
    },
    {
        "bookingid": 2932
    },
    {
        "bookingid": 8076
    },
    {
        "bookingid": 2100
    },
    {
        "bookingid": 7517
    },
    {
        "bookingid": 6922
    },
    {
        "bookingid": 19
    },
    {
        "bookingid": 202
    },
    {
        "bookingid": 4934
    },
    {
        "bookingid": 669
    },
    {
        "bookingid": 3641
    },
    {
        "bookingid": 7578
    },
    {
        "bookingid": 3299
    },
    {
        "bookingid": 4259
    },
    {
        "bookingid": 7340
    },
    {
        "bookingid": 3431
    },
    {
        "bookingid": 6638
    },
    {
        "bookingid": 9109
    },
    {
        "bookingid": 4559
    },
    {
        "bookingid": 6310
    },
    {
        "bookingid": 722
    },
    {
        "bookingid": 482
    },
    {
        "bookingid": 7145
    },
    {
        "bookingid": 5901
    },
    {
        "bookingid": 7620
    },
    {
        "bookingid": 2789
    },
    {
        "bookingid": 3959
    },
    {
        "bookingid": 2379
    },
    {
        "bookingid": 8069
    },
    {
        "bookingid": 4462
    },
    {
        "bookingid": 1624
    },
    {
        "bookingid": 6150
    },
    {
        "bookingid": 6659
    },
    {
        "bookingid": 7809
    },
    {
        "bookingid": 5611
    },
    {
        "bookingid": 1716
    },
    {
        "bookingid": 2443
    },
    {
        "bookingid": 1958
    },
    {
        "bookingid": 4849
    },
    {
        "bookingid": 6521
    },
    {
        "bookingid": 2515
    },
    {
        "bookingid": 8099
    },
    {
        "bookingid": 1456
    },
    {
        "bookingid": 8103
    },
    {
        "bookingid": 8564
    },
    {
        "bookingid": 8598
    },
    {
        "bookingid": 4594
    },
    {
        "bookingid": 7322
    },
    {
        "bookingid": 4168
    },
    {
        "bookingid": 250
    },
    {
        "bookingid": 1539
    },
    {
        "bookingid": 97
    },
    {
        "bookingid": 1652
    },
    {
        "bookingid": 83
    },
    {
        "bookingid": 8236
    },
    {
        "bookingid": 7423
    },
    {
        "bookingid": 5772
    },
    {
        "bookingid": 1267
    },
    {
        "bookingid": 8739
    },
    {
        "bookingid": 7492
    },
    {
        "bookingid": 9137
    },
    {
        "bookingid": 305
    },
    {
        "bookingid": 7837
    },
    {
        "bookingid": 7028
    },
    {
        "bookingid": 2918
    },
    {
        "bookingid": 8119
    },
    {
        "bookingid": 2601
    },
    {
        "bookingid": 6405
    },
    {
        "bookingid": 5685
    },
    {
        "bookingid": 7450
    },
    {
        "bookingid": 3648
    },
    {
        "bookingid": 6117
    },
    {
        "bookingid": 4306
    },
    {
        "bookingid": 1653
    },
    {
        "bookingid": 2470
    },
    {
        "bookingid": 2485
    },
    {
        "bookingid": 1231
    },
    {
        "bookingid": 8446
    },
    {
        "bookingid": 545
    },
    {
        "bookingid": 9435
    },
    {
        "bookingid": 7721
    },
    {
        "bookingid": 5719
    },
    {
        "bookingid": 969
    },
    {
        "bookingid": 2304
    },
    {
        "bookingid": 6717
    },
    {
        "bookingid": 5820
    },
    {
        "bookingid": 4958
    },
    {
        "bookingid": 768
    },
    {
        "bookingid": 8316
    },
    {
        "bookingid": 200
    },
    {
        "bookingid": 156
    },
    {
        "bookingid": 7748
    },
    {
        "bookingid": 5476
    },
    {
        "bookingid": 1618
    },
    {
        "bookingid": 5580
    },
    {
        "bookingid": 6022
    },
    {
        "bookingid": 1205
    },
    {
        "bookingid": 9228
    },
    {
        "bookingid": 7297
    },
    {
        "bookingid": 8292
    },
    {
        "bookingid": 3920
    },
    {
        "bookingid": 2995
    },
    {
        "bookingid": 5455
    },
    {
        "bookingid": 1552
    },
    {
        "bookingid": 1505
    },
    {
        "bookingid": 175
    },
    {
        "bookingid": 9399
    },
    {
        "bookingid": 6348
    },
    {
        "bookingid": 9278
    },
    {
        "bookingid": 3665
    },
    {
        "bookingid": 3356
    },
    {
        "bookingid": 5268
    },
    {
        "bookingid": 6869
    },
    {
        "bookingid": 506
    },
    {
        "bookingid": 1898
    },
    {
        "bookingid": 422
    },
    {
        "bookingid": 5527
    },
    {
        "bookingid": 7234
    },
    {
        "bookingid": 9314
    },
    {
        "bookingid": 8117
    },
    {
        "bookingid": 1503
    },
    {
        "bookingid": 7269
    },
    {
        "bookingid": 6432
    },
    {
        "bookingid": 1501
    },
    {
        "bookingid": 2105
    },
    {
        "bookingid": 2683
    },
    {
        "bookingid": 9104
    },
    {
        "bookingid": 9031
    },
    {
        "bookingid": 1655
    },
    {
        "bookingid": 7729
    },
    {
        "bookingid": 1473
    },
    {
        "bookingid": 7312
    },
    {
        "bookingid": 1705
    },
    {
        "bookingid": 163
    },
    {
        "bookingid": 7463
    },
    {
        "bookingid": 132
    },
    {
        "bookingid": 2321
    },
    {
        "bookingid": 5955
    },
    {
        "bookingid": 4121
    },
    {
        "bookingid": 135
    },
    {
        "bookingid": 556
    },
    {
        "bookingid": 7900
    },
    {
        "bookingid": 4177
    },
    {
        "bookingid": 6682
    },
    {
        "bookingid": 5189
    },
    {
        "bookingid": 5264
    },
    {
        "bookingid": 1489
    },
    {
        "bookingid": 2670
    },
    {
        "bookingid": 8587
    },
    {
        "bookingid": 7428
    },
    {
        "bookingid": 5764
    },
    {
        "bookingid": 7082
    },
    {
        "bookingid": 7510
    },
    {
        "bookingid": 8727
    },
    {
        "bookingid": 7347
    },
    {
        "bookingid": 4515
    },
    {
        "bookingid": 912
    },
    {
        "bookingid": 178
    },
    {
        "bookingid": 3433
    },
    {
        "bookingid": 5992
    },
    {
        "bookingid": 1454
    },
    {
        "bookingid": 462
    },
    {
        "bookingid": 9232
    },
    {
        "bookingid": 7849
    },
    {
        "bookingid": 2660
    },
    {
        "bookingid": 2158
    },
    {
        "bookingid": 4398
    },
    {
        "bookingid": 4472
    },
    {
        "bookingid": 7955
    },
    {
        "bookingid": 7371
    },
    {
        "bookingid": 8992
    },
    {
        "bookingid": 6335
    },
    {
        "bookingid": 6612
    },
    {
        "bookingid": 7643
    },
    {
        "bookingid": 1901
    },
    {
        "bookingid": 119
    },
    {
        "bookingid": 590
    },
    {
        "bookingid": 1620
    },
    {
        "bookingid": 6141
    },
    {
        "bookingid": 2363
    },
    {
        "bookingid": 315
    },
    {
        "bookingid": 3491
    },
    {
        "bookingid": 3837
    },
    {
        "bookingid": 3815
    },
    {
        "bookingid": 8601
    },
    {
        "bookingid": 1933
    },
    {
        "bookingid": 8692
    },
    {
        "bookingid": 4816
    },
    {
        "bookingid": 8405
    },
    {
        "bookingid": 3473
    },
    {
        "bookingid": 2655
    },
    {
        "bookingid": 4748
    },
    {
        "bookingid": 2770
    },
    {
        "bookingid": 7417
    },
    {
        "bookingid": 7154
    },
    {
        "bookingid": 4956
    },
    {
        "bookingid": 7317
    },
    {
        "bookingid": 4051
    },
    {
        "bookingid": 2714
    },
    {
        "bookingid": 2235
    },
    {
        "bookingid": 6324
    },
    {
        "bookingid": 9193
    },
    {
        "bookingid": 4149
    },
    {
        "bookingid": 4315
    },
    {
        "bookingid": 88
    },
    {
        "bookingid": 8708
    },
    {
        "bookingid": 3965
    },
    {
        "bookingid": 4244
    },
    {
        "bookingid": 5353
    },
    {
        "bookingid": 6790
    },
    {
        "bookingid": 3924
    },
    {
        "bookingid": 3226
    },
    {
        "bookingid": 4968
    },
    {
        "bookingid": 8400
    },
    {
        "bookingid": 5687
    },
    {
        "bookingid": 8418
    },
    {
        "bookingid": 1720
    },
    {
        "bookingid": 6913
    },
    {
        "bookingid": 5734
    },
    {
        "bookingid": 1016
    },
    {
        "bookingid": 8952
    },
    {
        "bookingid": 1139
    },
    {
        "bookingid": 1183
    },
    {
        "bookingid": 6136
    },
    {
        "bookingid": 1154
    },
    {
        "bookingid": 6622
    },
    {
        "bookingid": 9119
    },
    {
        "bookingid": 8043
    },
    {
        "bookingid": 3503
    },
    {
        "bookingid": 6892
    },
    {
        "bookingid": 7390
    },
    {
        "bookingid": 1698
    },
    {
        "bookingid": 1111
    },
    {
        "bookingid": 5811
    },
    {
        "bookingid": 3963
    },
    {
        "bookingid": 7605
    },
    {
        "bookingid": 4153
    },
    {
        "bookingid": 6010
    },
    {
        "bookingid": 7683
    },
    {
        "bookingid": 6979
    },
    {
        "bookingid": 4385
    },
    {
        "bookingid": 2319
    },
    {
        "bookingid": 7451
    },
    {
        "bookingid": 6384
    },
    {
        "bookingid": 4471
    },
    {
        "bookingid": 4871
    },
    {
        "bookingid": 1056
    },
    {
        "bookingid": 6129
    },
    {
        "bookingid": 1724
    },
    {
        "bookingid": 5054
    },
    {
        "bookingid": 1906
    },
    {
        "bookingid": 1210
    },
    {
        "bookingid": 1258
    },
    {
        "bookingid": 1087
    },
    {
        "bookingid": 725
    },
    {
        "bookingid": 3368
    },
    {
        "bookingid": 2537
    },
    {
        "bookingid": 3459
    },
    {
        "bookingid": 5846
    },
    {
        "bookingid": 6166
    },
    {
        "bookingid": 4047
    },
    {
        "bookingid": 3396
    },
    {
        "bookingid": 7047
    },
    {
        "bookingid": 3759
    },
    {
        "bookingid": 1214
    },
    {
        "bookingid": 4667
    },
    {
        "bookingid": 8955
    },
    {
        "bookingid": 1692
    },
    {
        "bookingid": 8306
    },
    {
        "bookingid": 8004
    },
    {
        "bookingid": 4059
    },
    {
        "bookingid": 1525
    },
    {
        "bookingid": 4677
    },
    {
        "bookingid": 3549
    },
    {
        "bookingid": 8510
    },
    {
        "bookingid": 6121
    },
    {
        "bookingid": 2342
    },
    {
        "bookingid": 4084
    },
    {
        "bookingid": 7367
    },
    {
        "bookingid": 3209
    },
    {
        "bookingid": 1228
    },
    {
        "bookingid": 1576
    },
    {
        "bookingid": 95
    },
    {
        "bookingid": 105
    },
    {
        "bookingid": 2697
    },
    {
        "bookingid": 373
    },
    {
        "bookingid": 4071
    },
    {
        "bookingid": 1519
    },
    {
        "bookingid": 4395
    },
    {
        "bookingid": 8562
    },
    {
        "bookingid": 7043
    },
    {
        "bookingid": 7723
    },
    {
        "bookingid": 664
    },
    {
        "bookingid": 8890
    },
    {
        "bookingid": 9413
    },
    {
        "bookingid": 3361
    },
    {
        "bookingid": 715
    },
    {
        "bookingid": 8409
    },
    {
        "bookingid": 2994
    },
    {
        "bookingid": 1874
    },
    {
        "bookingid": 291
    },
    {
        "bookingid": 7290
    },
    {
        "bookingid": 8139
    },
    {
        "bookingid": 6591
    },
    {
        "bookingid": 5452
    },
    {
        "bookingid": 1723
    },
    {
        "bookingid": 3232
    },
    {
        "bookingid": 1414
    },
    {
        "bookingid": 1393
    },
    {
        "bookingid": 8967
    },
    {
        "bookingid": 6011
    },
    {
        "bookingid": 4204
    },
    {
        "bookingid": 6112
    },
    {
        "bookingid": 8007
    },
    {
        "bookingid": 7791
    },
    {
        "bookingid": 4541
    },
    {
        "bookingid": 9034
    },
    {
        "bookingid": 828
    },
    {
        "bookingid": 9284
    },
    {
        "bookingid": 5241
    },
    {
        "bookingid": 7549
    },
    {
        "bookingid": 361
    },
    {
        "bookingid": 22
    },
    {
        "bookingid": 3535
    },
    {
        "bookingid": 4944
    },
    {
        "bookingid": 9323
    },
    {
        "bookingid": 6691
    },
    {
        "bookingid": 6923
    },
    {
        "bookingid": 3765
    },
    {
        "bookingid": 7228
    },
    {
        "bookingid": 4400
    },
    {
        "bookingid": 2666
    },
    {
        "bookingid": 5016
    },
    {
        "bookingid": 2247
    },
    {
        "bookingid": 192
    },
    {
        "bookingid": 676
    },
    {
        "bookingid": 7031
    },
    {
        "bookingid": 6100
    },
    {
        "bookingid": 3208
    },
    {
        "bookingid": 526
    },
    {
        "bookingid": 5871
    },
    {
        "bookingid": 1175
    },
    {
        "bookingid": 1913
    },
    {
        "bookingid": 2625
    },
    {
        "bookingid": 1886
    },
    {
        "bookingid": 3423
    },
    {
        "bookingid": 8553
    },
    {
        "bookingid": 3846
    },
    {
        "bookingid": 5378
    },
    {
        "bookingid": 2
    },
    {
        "bookingid": 5640
    },
    {
        "bookingid": 8058
    },
    {
        "bookingid": 7774
    },
    {
        "bookingid": 7801
    },
    {
        "bookingid": 5459
    },
    {
        "bookingid": 5853
    },
    {
        "bookingid": 7023
    },
    {
        "bookingid": 1121
    },
    {
        "bookingid": 4827
    },
    {
        "bookingid": 5837
    },
    {
        "bookingid": 5576
    },
    {
        "bookingid": 1817
    },
    {
        "bookingid": 2444
    },
    {
        "bookingid": 2736
    },
    {
        "bookingid": 2412
    },
    {
        "bookingid": 2588
    },
    {
        "bookingid": 4713
    },
    {
        "bookingid": 4561
    },
    {
        "bookingid": 4020
    },
    {
        "bookingid": 576
    },
    {
        "bookingid": 6173
    },
    {
        "bookingid": 1951
    },
    {
        "bookingid": 2561
    },
    {
        "bookingid": 4301
    },
    {
        "bookingid": 4900
    },
    {
        "bookingid": 7771
    },
    {
        "bookingid": 3135
    },
    {
        "bookingid": 398
    },
    {
        "bookingid": 2035
    },
    {
        "bookingid": 3324
    },
    {
        "bookingid": 6826
    },
    {
        "bookingid": 5253
    },
    {
        "bookingid": 1805
    },
    {
        "bookingid": 2768
    },
    {
        "bookingid": 118
    },
    {
        "bookingid": 7315
    },
    {
        "bookingid": 2904
    },
    {
        "bookingid": 7624
    },
    {
        "bookingid": 343
    },
    {
        "bookingid": 2007
    },
    {
        "bookingid": 6918
    },
    {
        "bookingid": 8608
    },
    {
        "bookingid": 1125
    },
    {
        "bookingid": 1970
    },
    {
        "bookingid": 8808
    },
    {
        "bookingid": 1849
    },
    {
        "bookingid": 3876
    },
    {
        "bookingid": 1822
    },
    {
        "bookingid": 1133
    },
    {
        "bookingid": 6555
    },
    {
        "bookingid": 1523
    },
    {
        "bookingid": 4188
    },
    {
        "bookingid": 63
    },
    {
        "bookingid": 8964
    },
    {
        "bookingid": 1803
    },
    {
        "bookingid": 4688
    },
    {
        "bookingid": 2929
    },
    {
        "bookingid": 1201
    },
    {
        "bookingid": 7739
    },
    {
        "bookingid": 2044
    },
    {
        "bookingid": 5107
    },
    {
        "bookingid": 2632
    },
    {
        "bookingid": 3269
    },
    {
        "bookingid": 2487
    },
    {
        "bookingid": 7404
    },
    {
        "bookingid": 4048
    },
    {
        "bookingid": 49
    },
    {
        "bookingid": 7851
    },
    {
        "bookingid": 6878
    },
    {
        "bookingid": 1981
    },
    {
        "bookingid": 430
    },
    {
        "bookingid": 3522
    },
    {
        "bookingid": 5790
    },
    {
        "bookingid": 4273
    },
    {
        "bookingid": 9335
    },
    {
        "bookingid": 8530
    },
    {
        "bookingid": 5902
    },
    {
        "bookingid": 278
    },
    {
        "bookingid": 9426
    },
    {
        "bookingid": 855
    },
    {
        "bookingid": 3147
    },
    {
        "bookingid": 8123
    },
    {
        "bookingid": 1767
    },
    {
        "bookingid": 9051
    },
    {
        "bookingid": 242
    },
    {
        "bookingid": 4169
    },
    {
        "bookingid": 5549
    },
    {
        "bookingid": 6085
    },
    {
        "bookingid": 4524
    },
    {
        "bookingid": 4023
    },
    {
        "bookingid": 9427
    },
    {
        "bookingid": 848
    },
    {
        "bookingid": 4046
    },
    {
        "bookingid": 1516
    },
    {
        "bookingid": 682
    },
    {
        "bookingid": 5721
    },
    {
        "bookingid": 113
    },
    {
        "bookingid": 6534
    },
    {
        "bookingid": 5765
    },
    {
        "bookingid": 2951
    },
    {
        "bookingid": 2981
    },
    {
        "bookingid": 5174
    },
    {
        "bookingid": 7187
    },
    {
        "bookingid": 5056
    },
    {
        "bookingid": 6223
    },
    {
        "bookingid": 5050
    },
    {
        "bookingid": 7124
    },
    {
        "bookingid": 6493
    },
    {
        "bookingid": 5714
    },
    {
        "bookingid": 8817
    },
    {
        "bookingid": 7050
    },
    {
        "bookingid": 4404
    },
    {
        "bookingid": 2475
    },
    {
        "bookingid": 4998
    },
    {
        "bookingid": 117
    },
    {
        "bookingid": 1177
    },
    {
        "bookingid": 3872
    },
    {
        "bookingid": 470
    },
    {
        "bookingid": 428
    },
    {
        "bookingid": 441
    },
    {
        "bookingid": 6712
    },
    {
        "bookingid": 6934
    },
    {
        "bookingid": 510
    },
    {
        "bookingid": 8658
    },
    {
        "bookingid": 4815
    },
    {
        "bookingid": 7503
    },
    {
        "bookingid": 9309
    },
    {
        "bookingid": 1729
    },
    {
        "bookingid": 640
    },
    {
        "bookingid": 3926
    },
    {
        "bookingid": 3531
    },
    {
        "bookingid": 445
    },
    {
        "bookingid": 8883
    },
    {
        "bookingid": 8585
    },
    {
        "bookingid": 2147
    },
    {
        "bookingid": 106
    },
    {
        "bookingid": 2419
    },
    {
        "bookingid": 8471
    },
    {
        "bookingid": 3111
    },
    {
        "bookingid": 2759
    },
    {
        "bookingid": 9
    },
    {
        "bookingid": 7773
    },
    {
        "bookingid": 1818
    },
    {
        "bookingid": 8733
    },
    {
        "bookingid": 4999
    },
    {
        "bookingid": 6942
    },
    {
        "bookingid": 2585
    },
    {
        "bookingid": 7908
    },
    {
        "bookingid": 379
    },
    {
        "bookingid": 6950
    },
    {
        "bookingid": 1240
    },
    {
        "bookingid": 527
    },
    {
        "bookingid": 3602
    },
    {
        "bookingid": 6378
    },
    {
        "bookingid": 5783
    },
    {
        "bookingid": 9168
    },
    {
        "bookingid": 5111
    },
    {
        "bookingid": 4905
    },
    {
        "bookingid": 3937
    },
    {
        "bookingid": 1599
    },
    {
        "bookingid": 4853
    },
    {
        "bookingid": 5696
    },
    {
        "bookingid": 4325
    },
    {
        "bookingid": 4699
    },
    {
        "bookingid": 7595
    },
    {
        "bookingid": 3910
    },
    {
        "bookingid": 134
    },
    {
        "bookingid": 5485
    },
    {
        "bookingid": 7909
    },
    {
        "bookingid": 8689
    },
    {
        "bookingid": 6808
    },
    {
        "bookingid": 947
    },
    {
        "bookingid": 5849
    },
    {
        "bookingid": 3262
    },
    {
        "bookingid": 4394
    },
    {
        "bookingid": 2544
    },
    {
        "bookingid": 4383
    },
    {
        "bookingid": 5149
    },
    {
        "bookingid": 5399
    },
    {
        "bookingid": 7048
    },
    {
        "bookingid": 5251
    },
    {
        "bookingid": 4213
    },
    {
        "bookingid": 159
    },
    {
        "bookingid": 807
    },
    {
        "bookingid": 1091
    },
    {
        "bookingid": 4606
    },
    {
        "bookingid": 2335
    },
    {
        "bookingid": 3684
    },
    {
        "bookingid": 5855
    },
    {
        "bookingid": 6959
    },
    {
        "bookingid": 9055
    },
    {
        "bookingid": 7611
    },
    {
        "bookingid": 5100
    },
    {
        "bookingid": 529
    },
    {
        "bookingid": 4970
    },
    {
        "bookingid": 3291
    },
    {
        "bookingid": 2566
    },
    {
        "bookingid": 7216
    },
    {
        "bookingid": 5329
    },
    {
        "bookingid": 7607
    },
    {
        "bookingid": 6907
    },
    {
        "bookingid": 8668
    },
    {
        "bookingid": 843
    },
    {
        "bookingid": 6397
    },
    {
        "bookingid": 1408
    },
    {
        "bookingid": 4707
    },
    {
        "bookingid": 2984
    },
    {
        "bookingid": 8109
    },
    {
        "bookingid": 5209
    },
    {
        "bookingid": 246
    },
    {
        "bookingid": 2821
    },
    {
        "bookingid": 4335
    },
    {
        "bookingid": 821
    },
    {
        "bookingid": 4674
    },
    {
        "bookingid": 6084
    },
    {
        "bookingid": 4941
    },
    {
        "bookingid": 8806
    },
    {
        "bookingid": 297
    },
    {
        "bookingid": 1102
    },
    {
        "bookingid": 8106
    },
    {
        "bookingid": 4201
    },
    {
        "bookingid": 6295
    },
    {
        "bookingid": 8758
    },
    {
        "bookingid": 1264
    },
    {
        "bookingid": 5382
    },
    {
        "bookingid": 222
    },
    {
        "bookingid": 5776
    },
    {
        "bookingid": 7818
    },
    {
        "bookingid": 9225
    },
    {
        "bookingid": 6519
    },
    {
        "bookingid": 6500
    },
    {
        "bookingid": 2937
    },
    {
        "bookingid": 3014
    },
    {
        "bookingid": 5667
    },
    {
        "bookingid": 6941
    },
    {
        "bookingid": 924
    },
    {
        "bookingid": 704
    },
    {
        "bookingid": 4333
    },
    {
        "bookingid": 6391
    },
    {
        "bookingid": 4841
    },
    {
        "bookingid": 3033
    },
    {
        "bookingid": 9199
    },
    {
        "bookingid": 7910
    },
    {
        "bookingid": 3513
    },
    {
        "bookingid": 8283
    },
    {
        "bookingid": 300
    },
    {
        "bookingid": 352
    },
    {
        "bookingid": 1773
    },
    {
        "bookingid": 4495
    },
    {
        "bookingid": 7411
    },
    {
        "bookingid": 420
    },
    {
        "bookingid": 4857
    },
    {
        "bookingid": 8647
    },
    {
        "bookingid": 1887
    },
    {
        "bookingid": 3306
    },
    {
        "bookingid": 2491
    },
    {
        "bookingid": 5004
    },
    {
        "bookingid": 8756
    },
    {
        "bookingid": 2669
    },
    {
        "bookingid": 8201
    },
    {
        "bookingid": 3344
    },
    {
        "bookingid": 7823
    },
    {
        "bookingid": 7567
    },
    {
        "bookingid": 904
    },
    {
        "bookingid": 1187
    },
    {
        "bookingid": 534
    },
    {
        "bookingid": 3753
    },
    {
        "bookingid": 6097
    },
    {
        "bookingid": 8610
    },
    {
        "bookingid": 6400
    },
    {
        "bookingid": 7139
    },
    {
        "bookingid": 285
    },
    {
        "bookingid": 1648
    },
    {
        "bookingid": 4459
    },
    {
        "bookingid": 1606
    },
    {
        "bookingid": 5393
    },
    {
        "bookingid": 1459
    },
    {
        "bookingid": 986
    },
    {
        "bookingid": 7645
    },
    {
        "bookingid": 3156
    },
    {
        "bookingid": 4608
    },
    {
        "bookingid": 4224
    },
    {
        "bookingid": 4337
    },
    {
        "bookingid": 2123
    },
    {
        "bookingid": 2082
    },
    {
        "bookingid": 1510
    },
    {
        "bookingid": 2599
    },
    {
        "bookingid": 2656
    },
    {
        "bookingid": 1387
    },
    {
        "bookingid": 8223
    },
    {
        "bookingid": 9075
    },
    {
        "bookingid": 1218
    },
    {
        "bookingid": 2764
    },
    {
        "bookingid": 769
    },
    {
        "bookingid": 6955
    },
    {
        "bookingid": 8061
    },
    {
        "bookingid": 1443
    },
    {
        "bookingid": 4305
    },
    {
        "bookingid": 3911
    },
    {
        "bookingid": 3826
    },
    {
        "bookingid": 4370
    },
    {
        "bookingid": 5390
    },
    {
        "bookingid": 7172
    },
    {
        "bookingid": 2301
    },
    {
        "bookingid": 7890
    },
    {
        "bookingid": 4889
    },
    {
        "bookingid": 4848
    },
    {
        "bookingid": 9306
    },
    {
        "bookingid": 6539
    },
    {
        "bookingid": 2054
    },
    {
        "bookingid": 1144
    },
    {
        "bookingid": 8118
    },
    {
        "bookingid": 1208
    },
    {
        "bookingid": 2040
    },
    {
        "bookingid": 1672
    },
    {
        "bookingid": 7252
    },
    {
        "bookingid": 1461
    },
    {
        "bookingid": 1693
    },
    {
        "bookingid": 5583
    },
    {
        "bookingid": 2580
    },
    {
        "bookingid": 8519
    },
    {
        "bookingid": 7984
    },
    {
        "bookingid": 1836
    },
    {
        "bookingid": 7674
    },
    {
        "bookingid": 7945
    },
    {
        "bookingid": 78
    },
    {
        "bookingid": 4019
    },
    {
        "bookingid": 1383
    },
    {
        "bookingid": 7366
    },
    {
        "bookingid": 1776
    },
    {
        "bookingid": 2265
    },
    {
        "bookingid": 5001
    },
    {
        "bookingid": 2139
    },
    {
        "bookingid": 3432
    },
    {
        "bookingid": 7786
    },
    {
        "bookingid": 2735
    },
    {
        "bookingid": 1745
    },
    {
        "bookingid": 2488
    },
    {
        "bookingid": 2802
    },
    {
        "bookingid": 3233
    },
    {
        "bookingid": 9483
    },
    {
        "bookingid": 764
    },
    {
        "bookingid": 1302
    },
    {
        "bookingid": 2689
    },
    {
        "bookingid": 9283
    },
    {
        "bookingid": 4684
    },
    {
        "bookingid": 6901
    },
    {
        "bookingid": 4655
    },
    {
        "bookingid": 7856
    },
    {
        "bookingid": 1734
    },
    {
        "bookingid": 1309
    },
    {
        "bookingid": 3558
    },
    {
        "bookingid": 3553
    },
    {
        "bookingid": 6549
    },
    {
        "bookingid": 6297
    },
    {
        "bookingid": 4727
    },
    {
        "bookingid": 1941
    },
    {
        "bookingid": 4287
    },
    {
        "bookingid": 5791
    },
    {
        "bookingid": 5379
    },
    {
        "bookingid": 8410
    },
    {
        "bookingid": 7376
    },
    {
        "bookingid": 2083
    },
    {
        "bookingid": 1460
    },
    {
        "bookingid": 5071
    },
    {
        "bookingid": 6126
    },
    {
        "bookingid": 9286
    },
    {
        "bookingid": 2248
    },
    {
        "bookingid": 4481
    },
    {
        "bookingid": 5995
    },
    {
        "bookingid": 3594
    },
    {
        "bookingid": 2911
    },
    {
        "bookingid": 4975
    },
    {
        "bookingid": 550
    },
    {
        "bookingid": 5586
    },
    {
        "bookingid": 9056
    },
    {
        "bookingid": 6842
    },
    {
        "bookingid": 871
    },
    {
        "bookingid": 4024
    },
    {
        "bookingid": 2596
    },
    {
        "bookingid": 9000
    },
    {
        "bookingid": 5545
    },
    {
        "bookingid": 2173
    },
    {
        "bookingid": 4341
    },
    {
        "bookingid": 148
    },
    {
        "bookingid": 1020
    },
    {
        "bookingid": 2106
    },
    {
        "bookingid": 1739
    },
    {
        "bookingid": 50
    },
    {
        "bookingid": 5265
    },
    {
        "bookingid": 157
    },
    {
        "bookingid": 4750
    },
    {
        "bookingid": 3227
    },
    {
        "bookingid": 7974
    },
    {
        "bookingid": 8444
    },
    {
        "bookingid": 792
    },
    {
        "bookingid": 7854
    },
    {
        "bookingid": 673
    },
    {
        "bookingid": 5860
    },
    {
        "bookingid": 1829
    },
    {
        "bookingid": 4910
    },
    {
        "bookingid": 5829
    },
    {
        "bookingid": 3669
    },
    {
        "bookingid": 6270
    },
    {
        "bookingid": 668
    },
    {
        "bookingid": 1497
    },
    {
        "bookingid": 1061
    },
    {
        "bookingid": 2888
    },
    {
        "bookingid": 8486
    },
    {
        "bookingid": 9330
    },
    {
        "bookingid": 8173
    },
    {
        "bookingid": 4018
    },
    {
        "bookingid": 6332
    },
    {
        "bookingid": 9224
    },
    {
        "bookingid": 3190
    },
    {
        "bookingid": 8833
    },
    {
        "bookingid": 3701
    },
    {
        "bookingid": 7700
    },
    {
        "bookingid": 7874
    },
    {
        "bookingid": 3960
    },
    {
        "bookingid": 581
    },
    {
        "bookingid": 2219
    },
    {
        "bookingid": 2473
    },
    {
        "bookingid": 5019
    },
    {
        "bookingid": 10
    },
    {
        "bookingid": 8724
    },
    {
        "bookingid": 5315
    },
    {
        "bookingid": 7108
    },
    {
        "bookingid": 8300
    },
    {
        "bookingid": 1113
    },
    {
        "bookingid": 7442
    },
    {
        "bookingid": 520
    },
    {
        "bookingid": 2221
    },
    {
        "bookingid": 3309
    },
    {
        "bookingid": 3198
    },
    {
        "bookingid": 298
    },
    {
        "bookingid": 8421
    },
    {
        "bookingid": 7046
    },
    {
        "bookingid": 8138
    },
    {
        "bookingid": 9408
    },
    {
        "bookingid": 574
    },
    {
        "bookingid": 876
    },
    {
        "bookingid": 7015
    },
    {
        "bookingid": 3573
    },
    {
        "bookingid": 3647
    },
    {
        "bookingid": 536
    },
    {
        "bookingid": 9040
    },
    {
        "bookingid": 1427
    },
    {
        "bookingid": 7846
    },
    {
        "bookingid": 310
    },
    {
        "bookingid": 6365
    },
    {
        "bookingid": 1589
    },
    {
        "bookingid": 5598
    },
    {
        "bookingid": 6423
    },
    {
        "bookingid": 1798
    },
    {
        "bookingid": 2067
    },
    {
        "bookingid": 154
    },
    {
        "bookingid": 8702
    },
    {
        "bookingid": 700
    },
    {
        "bookingid": 342
    },
    {
        "bookingid": 7395
    },
    {
        "bookingid": 5013
    },
    {
        "bookingid": 3349
    },
    {
        "bookingid": 8210
    },
    {
        "bookingid": 5593
    },
    {
        "bookingid": 3709
    },
    {
        "bookingid": 8693
    },
    {
        "bookingid": 1695
    },
    {
        "bookingid": 4526
    },
    {
        "bookingid": 3542
    },
    {
        "bookingid": 56
    },
    {
        "bookingid": 2744
    },
    {
        "bookingid": 3932
    },
    {
        "bookingid": 7934
    },
    {
        "bookingid": 6756
    },
    {
        "bookingid": 5946
    },
    {
        "bookingid": 2015
    },
    {
        "bookingid": 6228
    },
    {
        "bookingid": 9165
    },
    {
        "bookingid": 137
    },
    {
        "bookingid": 252
    },
    {
        "bookingid": 8022
    },
    {
        "bookingid": 4410
    },
    {
        "bookingid": 3205
    },
    {
        "bookingid": 4598
    },
    {
        "bookingid": 1050
    },
    {
        "bookingid": 3455
    },
    {
        "bookingid": 5882
    },
    {
        "bookingid": 7482
    },
    {
        "bookingid": 4993
    },
    {
        "bookingid": 945
    },
    {
        "bookingid": 7921
    },
    {
        "bookingid": 7379
    },
    {
        "bookingid": 3112
    },
    {
        "bookingid": 8789
    },
    {
        "bookingid": 1978
    },
    {
        "bookingid": 913
    },
    {
        "bookingid": 1122
    },
    {
        "bookingid": 8091
    },
    {
        "bookingid": 32
    },
    {
        "bookingid": 311
    },
    {
        "bookingid": 6825
    },
    {
        "bookingid": 5072
    },
    {
        "bookingid": 6047
    },
    {
        "bookingid": 4072
    },
    {
        "bookingid": 5766
    },
    {
        "bookingid": 2634
    },
    {
        "bookingid": 6116
    },
    {
        "bookingid": 2822
    },
    {
        "bookingid": 3496
    },
    {
        "bookingid": 614
    },
    {
        "bookingid": 8962
    },
    {
        "bookingid": 7202
    },
    {
        "bookingid": 5417
    },
    {
        "bookingid": 2333
    },
    {
        "bookingid": 5146
    },
    {
        "bookingid": 4947
    },
    {
        "bookingid": 2367
    },
    {
        "bookingid": 1084
    },
    {
        "bookingid": 4735
    },
    {
        "bookingid": 3790
    },
    {
        "bookingid": 333
    },
    {
        "bookingid": 2668
    },
    {
        "bookingid": 8532
    },
    {
        "bookingid": 7662
    },
    {
        "bookingid": 478
    },
    {
        "bookingid": 4358
    },
    {
        "bookingid": 5048
    },
    {
        "bookingid": 9414
    },
    {
        "bookingid": 2012
    },
    {
        "bookingid": 834
    },
    {
        "bookingid": 3729
    },
    {
        "bookingid": 4441
    },
    {
        "bookingid": 385
    },
    {
        "bookingid": 1753
    },
    {
        "bookingid": 5509
    },
    {
        "bookingid": 3407
    },
    {
        "bookingid": 7875
    },
    {
        "bookingid": 9093
    },
    {
        "bookingid": 7707
    },
    {
        "bookingid": 4544
    },
    {
        "bookingid": 1961
    },
    {
        "bookingid": 4709
    },
    {
        "bookingid": 7563
    },
    {
        "bookingid": 7610
    },
    {
        "bookingid": 3550
    },
    {
        "bookingid": 5350
    },
    {
        "bookingid": 6334
    },
    {
        "bookingid": 2183
    },
    {
        "bookingid": 9106
    },
    {
        "bookingid": 5854
    },
    {
        "bookingid": 4883
    },
    {
        "bookingid": 3049
    },
    {
        "bookingid": 9461
    },
    {
        "bookingid": 335
    },
    {
        "bookingid": 7364
    },
    {
        "bookingid": 8607
    },
    {
        "bookingid": 3719
    },
    {
        "bookingid": 7822
    },
    {
        "bookingid": 1784
    },
    {
        "bookingid": 4653
    },
    {
        "bookingid": 2891
    },
    {
        "bookingid": 6904
    },
    {
        "bookingid": 6476
    },
    {
        "bookingid": 4725
    },
    {
        "bookingid": 8754
    },
    {
        "bookingid": 4197
    },
    {
        "bookingid": 2851
    },
    {
        "bookingid": 5423
    },
    {
        "bookingid": 3078
    },
    {
        "bookingid": 3925
    },
    {
        "bookingid": 5898
    },
    {
        "bookingid": 4319
    },
    {
        "bookingid": 2377
    },
    {
        "bookingid": 7055
    },
    {
        "bookingid": 8678
    },
    {
        "bookingid": 9245
    },
    {
        "bookingid": 2513
    },
    {
        "bookingid": 7387
    },
    {
        "bookingid": 7584
    },
    {
        "bookingid": 2431
    },
    {
        "bookingid": 6852
    },
    {
        "bookingid": 317
    },
    {
        "bookingid": 3051
    },
    {
        "bookingid": 7441
    },
    {
        "bookingid": 438
    },
    {
        "bookingid": 303
    },
    {
        "bookingid": 5121
    },
    {
        "bookingid": 6572
    },
    {
        "bookingid": 2575
    },
    {
        "bookingid": 1768
    },
    {
        "bookingid": 5017
    },
    {
        "bookingid": 8644
    },
    {
        "bookingid": 4027
    },
    {
        "bookingid": 3679
    },
    {
        "bookingid": 8886
    },
    {
        "bookingid": 3771
    },
    {
        "bookingid": 4081
    },
    {
        "bookingid": 6794
    },
    {
        "bookingid": 337
    },
    {
        "bookingid": 1567
    },
    {
        "bookingid": 847
    },
    {
        "bookingid": 3604
    },
    {
        "bookingid": 7086
    },
    {
        "bookingid": 5827
    },
    {
        "bookingid": 6262
    },
    {
        "bookingid": 7670
    },
    {
        "bookingid": 1418
    },
    {
        "bookingid": 4592
    },
    {
        "bookingid": 8488
    },
    {
        "bookingid": 323
    },
    {
        "bookingid": 265
    },
    {
        "bookingid": 9267
    },
    {
        "bookingid": 2617
    },
    {
        "bookingid": 7198
    },
    {
        "bookingid": 6041
    },
    {
        "bookingid": 7959
    },
    {
        "bookingid": 5964
    },
    {
        "bookingid": 348
    },
    {
        "bookingid": 6329
    },
    {
        "bookingid": 2042
    },
    {
        "bookingid": 6885
    },
    {
        "bookingid": 7604
    },
    {
        "bookingid": 2921
    },
    {
        "bookingid": 2935
    },
    {
        "bookingid": 955
    },
    {
        "bookingid": 3725
    },
    {
        "bookingid": 6415
    },
    {
        "bookingid": 3413
    },
    {
        "bookingid": 4384
    },
    {
        "bookingid": 6045
    },
    {
        "bookingid": 3388
    },
    {
        "bookingid": 2168
    },
    {
        "bookingid": 1574
    },
    {
        "bookingid": 8046
    },
    {
        "bookingid": 4192
    },
    {
        "bookingid": 7915
    },
    {
        "bookingid": 4808
    },
    {
        "bookingid": 3528
    },
    {
        "bookingid": 2741
    },
    {
        "bookingid": 7906
    },
    {
        "bookingid": 9139
    },
    {
        "bookingid": 2801
    },
    {
        "bookingid": 279
    },
    {
        "bookingid": 1313
    },
    {
        "bookingid": 1358
    },
    {
        "bookingid": 2188
    },
    {
        "bookingid": 8192
    },
    {
        "bookingid": 2996
    },
    {
        "bookingid": 8329
    },
    {
        "bookingid": 3691
    },
    {
        "bookingid": 1255
    },
    {
        "bookingid": 2005
    },
    {
        "bookingid": 4525
    },
    {
        "bookingid": 8351
    },
    {
        "bookingid": 8017
    },
    {
        "bookingid": 2964
    },
    {
        "bookingid": 434
    },
    {
        "bookingid": 5911
    },
    {
        "bookingid": 785
    },
    {
        "bookingid": 1186
    },
    {
        "bookingid": 2238
    },
    {
        "bookingid": 750
    },
    {
        "bookingid": 42
    },
    {
        "bookingid": 2877
    },
    {
        "bookingid": 3742
    },
    {
        "bookingid": 2716
    },
    {
        "bookingid": 7523
    },
    {
        "bookingid": 6055
    },
    {
        "bookingid": 7452
    },
    {
        "bookingid": 4068
    },
    {
        "bookingid": 5031
    },
    {
        "bookingid": 2442
    },
    {
        "bookingid": 4223
    },
    {
        "bookingid": 9180
    },
    {
        "bookingid": 8467
    },
    {
        "bookingid": 5330
    },
    {
        "bookingid": 7368
    },
    {
        "bookingid": 5298
    },
    {
        "bookingid": 9327
    },
    {
        "bookingid": 6468
    },
    {
        "bookingid": 2978
    },
    {
        "bookingid": 829
    },
    {
        "bookingid": 1826
    },
    {
        "bookingid": 5215
    },
    {
        "bookingid": 4640
    },
    {
        "bookingid": 1921
    },
    {
        "bookingid": 502
    },
    {
        "bookingid": 4323
    },
    {
        "bookingid": 7453
    },
    {
        "bookingid": 410
    },
    {
        "bookingid": 4768
    },
    {
        "bookingid": 595
    },
    {
        "bookingid": 1188
    },
    {
        "bookingid": 5465
    },
    {
        "bookingid": 1687
    },
    {
        "bookingid": 1303
    },
    {
        "bookingid": 280
    },
    {
        "bookingid": 2933
    },
    {
        "bookingid": 2541
    },
    {
        "bookingid": 4595
    },
    {
        "bookingid": 2413
    },
    {
        "bookingid": 185
    },
    {
        "bookingid": 6163
    },
    {
        "bookingid": 9006
    },
    {
        "bookingid": 8782
    },
    {
        "bookingid": 3977
    },
    {
        "bookingid": 7262
    },
    {
        "bookingid": 4995
    },
    {
        "bookingid": 1868
    },
    {
        "bookingid": 4527
    },
    {
        "bookingid": 1227
    },
    {
        "bookingid": 2272
    },
    {
        "bookingid": 2763
    },
    {
        "bookingid": 1930
    },
    {
        "bookingid": 616
    },
    {
        "bookingid": 5977
    },
    {
        "bookingid": 1566
    },
    {
        "bookingid": 4867
    },
    {
        "bookingid": 7705
    },
    {
        "bookingid": 2218
    },
    {
        "bookingid": 4211
    },
    {
        "bookingid": 8652
    },
    {
        "bookingid": 967
    },
    {
        "bookingid": 6733
    },
    {
        "bookingid": 8523
    },
    {
        "bookingid": 5515
    },
    {
        "bookingid": 6027
    },
    {
        "bookingid": 4741
    },
    {
        "bookingid": 3795
    },
    {
        "bookingid": 8396
    },
    {
        "bookingid": 3699
    },
    {
        "bookingid": 5300
    },
    {
        "bookingid": 58
    },
    {
        "bookingid": 681
    },
    {
        "bookingid": 8860
    },
    {
        "bookingid": 1529
    },
    {
        "bookingid": 7073
    },
    {
        "bookingid": 1615
    },
    {
        "bookingid": 6410
    },
    {
        "bookingid": 7651
    },
    {
        "bookingid": 1710
    },
    {
        "bookingid": 1407
    },
    {
        "bookingid": 7039
    },
    {
        "bookingid": 1740
    },
    {
        "bookingid": 3015
    },
    {
        "bookingid": 6527
    },
    {
        "bookingid": 6093
    },
    {
        "bookingid": 1072
    },
    {
        "bookingid": 9127
    },
    {
        "bookingid": 6601
    },
    {
        "bookingid": 2712
    },
    {
        "bookingid": 5658
    },
    {
        "bookingid": 2912
    },
    {
        "bookingid": 5612
    },
    {
        "bookingid": 702
    },
    {
        "bookingid": 7963
    },
    {
        "bookingid": 5774
    },
    {
        "bookingid": 4028
    },
    {
        "bookingid": 6392
    },
    {
        "bookingid": 906
    },
    {
        "bookingid": 3951
    },
    {
        "bookingid": 4809
    },
    {
        "bookingid": 1229
    },
    {
        "bookingid": 2791
    },
    {
        "bookingid": 9235
    },
    {
        "bookingid": 7081
    },
    {
        "bookingid": 8810
    },
    {
        "bookingid": 5979
    },
    {
        "bookingid": 4694
    },
    {
        "bookingid": 8531
    },
    {
        "bookingid": 5403
    },
    {
        "bookingid": 3537
    },
    {
        "bookingid": 5784
    },
    {
        "bookingid": 4199
    },
    {
        "bookingid": 8751
    },
    {
        "bookingid": 150
    },
    {
        "bookingid": 5331
    },
    {
        "bookingid": 7166
    },
    {
        "bookingid": 6711
    },
    {
        "bookingid": 2113
    },
    {
        "bookingid": 3048
    },
    {
        "bookingid": 8388
    },
    {
        "bookingid": 6624
    },
    {
        "bookingid": 7032
    },
    {
        "bookingid": 7933
    },
    {
        "bookingid": 115
    },
    {
        "bookingid": 7335
    },
    {
        "bookingid": 1384
    },
    {
        "bookingid": 2300
    },
    {
        "bookingid": 167
    },
    {
        "bookingid": 4730
    },
    {
        "bookingid": 8199
    },
    {
        "bookingid": 4299
    },
    {
        "bookingid": 2837
    },
    {
        "bookingid": 2647
    },
    {
        "bookingid": 79
    },
    {
        "bookingid": 9465
    },
    {
        "bookingid": 7935
    },
    {
        "bookingid": 7022
    },
    {
        "bookingid": 4604
    },
    {
        "bookingid": 2593
    },
    {
        "bookingid": 7245
    },
    {
        "bookingid": 5197
    },
    {
        "bookingid": 6608
    },
    {
        "bookingid": 5355
    },
    {
        "bookingid": 6524
    },
    {
        "bookingid": 2512
    },
    {
        "bookingid": 46
    },
    {
        "bookingid": 4055
    },
    {
        "bookingid": 7939
    },
    {
        "bookingid": 5014
    },
    {
        "bookingid": 4437
    },
    {
        "bookingid": 2192
    },
    {
        "bookingid": 9188
    },
    {
        "bookingid": 9307
    },
    {
        "bookingid": 8731
    },
    {
        "bookingid": 8818
    },
    {
        "bookingid": 5740
    },
    {
        "bookingid": 1879
    },
    {
        "bookingid": 2715
    },
    {
        "bookingid": 5722
    },
    {
        "bookingid": 8784
    },
    {
        "bookingid": 7257
    },
    {
        "bookingid": 8619
    },
    {
        "bookingid": 6844
    },
    {
        "bookingid": 457
    },
    {
        "bookingid": 1332
    },
    {
        "bookingid": 9166
    },
    {
        "bookingid": 8759
    },
    {
        "bookingid": 3319
    },
    {
        "bookingid": 4896
    },
    {
        "bookingid": 7537
    },
    {
        "bookingid": 131
    },
    {
        "bookingid": 2062
    },
    {
        "bookingid": 8722
    },
    {
        "bookingid": 4122
    },
    {
        "bookingid": 5147
    },
    {
        "bookingid": 4133
    },
    {
        "bookingid": 4183
    },
    {
        "bookingid": 182
    },
    {
        "bookingid": 765
    },
    {
        "bookingid": 4539
    },
    {
        "bookingid": 6968
    },
    {
        "bookingid": 9434
    },
    {
        "bookingid": 5651
    },
    {
        "bookingid": 6445
    },
    {
        "bookingid": 3675
    },
    {
        "bookingid": 1632
    },
    {
        "bookingid": 5937
    },
    {
        "bookingid": 3651
    },
    {
        "bookingid": 6789
    },
    {
        "bookingid": 4322
    },
    {
        "bookingid": 5952
    },
    {
        "bookingid": 9346
    },
    {
        "bookingid": 6884
    },
    {
        "bookingid": 9032
    },
    {
        "bookingid": 5040
    },
    {
        "bookingid": 1998
    },
    {
        "bookingid": 6573
    },
    {
        "bookingid": 3204
    },
    {
        "bookingid": 9262
    },
    {
        "bookingid": 9029
    },
    {
        "bookingid": 7159
    },
    {
        "bookingid": 1380
    },
    {
        "bookingid": 7416
    },
    {
        "bookingid": 6390
    },
    {
        "bookingid": 3878
    },
    {
        "bookingid": 3854
    },
    {
        "bookingid": 9398
    },
    {
        "bookingid": 5888
    },
    {
        "bookingid": 9412
    },
    {
        "bookingid": 8338
    },
    {
        "bookingid": 538
    },
    {
        "bookingid": 5806
    },
    {
        "bookingid": 3032
    },
    {
        "bookingid": 7270
    },
    {
        "bookingid": 541
    },
    {
        "bookingid": 7119
    },
    {
        "bookingid": 5148
    },
    {
        "bookingid": 1123
    },
    {
        "bookingid": 8999
    },
    {
        "bookingid": 3727
    },
    {
        "bookingid": 8785
    },
    {
        "bookingid": 4283
    },
    {
        "bookingid": 548
    },
    {
        "bookingid": 8811
    },
    {
        "bookingid": 5386
    },
    {
        "bookingid": 1119
    },
    {
        "bookingid": 6757
    },
    {
        "bookingid": 7440
    },
    {
        "bookingid": 6293
    },
    {
        "bookingid": 2334
    },
    {
        "bookingid": 5532
    },
    {
        "bookingid": 2870
    },
    {
        "bookingid": 4781
    },
    {
        "bookingid": 6344
    },
    {
        "bookingid": 5325
    },
    {
        "bookingid": 2565
    },
    {
        "bookingid": 9070
    },
    {
        "bookingid": 5155
    },
    {
        "bookingid": 7201
    },
    {
        "bookingid": 4856
    },
    {
        "bookingid": 5966
    },
    {
        "bookingid": 8525
    },
    {
        "bookingid": 2986
    },
    {
        "bookingid": 5202
    },
    {
        "bookingid": 4320
    },
    {
        "bookingid": 5206
    },
    {
        "bookingid": 4532
    },
    {
        "bookingid": 8505
    },
    {
        "bookingid": 2825
    },
    {
        "bookingid": 1281
    },
    {
        "bookingid": 7614
    },
    {
        "bookingid": 1468
    },
    {
        "bookingid": 8551
    },
    {
        "bookingid": 2686
    },
    {
        "bookingid": 1756
    },
    {
        "bookingid": 3191
    },
    {
        "bookingid": 2976
    },
    {
        "bookingid": 4563
    },
    {
        "bookingid": 8876
    },
    {
        "bookingid": 8794
    },
    {
        "bookingid": 4076
    },
    {
        "bookingid": 4818
    },
    {
        "bookingid": 6676
    },
    {
        "bookingid": 773
    },
    {
        "bookingid": 780
    },
    {
        "bookingid": 3823
    },
    {
        "bookingid": 2225
    },
    {
        "bookingid": 6491
    },
    {
        "bookingid": 8393
    },
    {
        "bookingid": 7329
    },
    {
        "bookingid": 5648
    },
    {
        "bookingid": 5061
    },
    {
        "bookingid": 1320
    },
    {
        "bookingid": 8586
    },
    {
        "bookingid": 3403
    },
    {
        "bookingid": 3616
    },
    {
        "bookingid": 5900
    },
    {
        "bookingid": 9013
    },
    {
        "bookingid": 2278
    },
    {
        "bookingid": 8978
    },
    {
        "bookingid": 5221
    },
    {
        "bookingid": 888
    },
    {
        "bookingid": 990
    },
    {
        "bookingid": 1076
    },
    {
        "bookingid": 8521
    },
    {
        "bookingid": 7710
    },
    {
        "bookingid": 1880
    },
    {
        "bookingid": 6917
    },
    {
        "bookingid": 1925
    },
    {
        "bookingid": 6212
    },
    {
        "bookingid": 104
    },
    {
        "bookingid": 6767
    },
    {
        "bookingid": 600
    },
    {
        "bookingid": 6561
    },
    {
        "bookingid": 6162
    },
    {
        "bookingid": 7990
    },
    {
        "bookingid": 8288
    },
    {
        "bookingid": 639
    },
    {
        "bookingid": 6208
    },
    {
        "bookingid": 6843
    },
    {
        "bookingid": 7962
    },
    {
        "bookingid": 1350
    },
    {
        "bookingid": 8595
    },
    {
        "bookingid": 6497
    },
    {
        "bookingid": 7735
    },
    {
        "bookingid": 476
    },
    {
        "bookingid": 5285
    },
    {
        "bookingid": 8715
    },
    {
        "bookingid": 3189
    },
    {
        "bookingid": 6544
    },
    {
        "bookingid": 1668
    },
    {
        "bookingid": 5488
    },
    {
        "bookingid": 2276
    },
    {
        "bookingid": 2465
    },
    {
        "bookingid": 4014
    },
    {
        "bookingid": 9386
    },
    {
        "bookingid": 801
    },
    {
        "bookingid": 2267
    },
    {
        "bookingid": 3364
    },
    {
        "bookingid": 872
    },
    {
        "bookingid": 4280
    },
    {
        "bookingid": 571
    },
    {
        "bookingid": 2920
    },
    {
        "bookingid": 2631
    },
    {
        "bookingid": 3735
    },
    {
        "bookingid": 7173
    },
    {
        "bookingid": 799
    },
    {
        "bookingid": 8832
    },
    {
        "bookingid": 4317
    },
    {
        "bookingid": 2417
    },
    {
        "bookingid": 3124
    },
    {
        "bookingid": 646
    },
    {
        "bookingid": 2364
    },
    {
        "bookingid": 9253
    },
    {
        "bookingid": 9143
    },
    {
        "bookingid": 7211
    },
    {
        "bookingid": 3386
    },
    {
        "bookingid": 9172
    },
    {
        "bookingid": 8311
    },
    {
        "bookingid": 1976
    },
    {
        "bookingid": 7738
    },
    {
        "bookingid": 6720
    },
    {
        "bookingid": 3844
    },
    {
        "bookingid": 889
    },
    {
        "bookingid": 5778
    },
    {
        "bookingid": 6062
    },
    {
        "bookingid": 2199
    },
    {
        "bookingid": 6730
    },
    {
        "bookingid": 1631
    },
    {
        "bookingid": 3278
    },
    {
        "bookingid": 8917
    },
    {
        "bookingid": 2946
    },
    {
        "bookingid": 8134
    },
    {
        "bookingid": 2889
    },
    {
        "bookingid": 2352
    },
    {
        "bookingid": 8579
    },
    {
        "bookingid": 9319
    },
    {
        "bookingid": 5504
    },
    {
        "bookingid": 7840
    },
    {
        "bookingid": 9341
    },
    {
        "bookingid": 6565
    },
    {
        "bookingid": 6328
    },
    {
        "bookingid": 4176
    },
    {
        "bookingid": 9063
    },
    {
        "bookingid": 17
    },
    {
        "bookingid": 1335
    },
    {
        "bookingid": 6935
    },
    {
        "bookingid": 8913
    },
    {
        "bookingid": 8683
    },
    {
        "bookingid": 3414
    },
    {
        "bookingid": 5874
    },
    {
        "bookingid": 123
    },
    {
        "bookingid": 8958
    },
    {
        "bookingid": 7283
    },
    {
        "bookingid": 6665
    },
    {
        "bookingid": 5643
    },
    {
        "bookingid": 5360
    },
    {
        "bookingid": 2171
    },
    {
        "bookingid": 9362
    },
    {
        "bookingid": 6485
    },
    {
        "bookingid": 8681
    },
    {
        "bookingid": 6299
    },
    {
        "bookingid": 7123
    },
    {
        "bookingid": 5336
    },
    {
        "bookingid": 109
    },
    {
        "bookingid": 8221
    },
    {
        "bookingid": 2439
    },
    {
        "bookingid": 5792
    },
    {
        "bookingid": 3353
    },
    {
        "bookingid": 9130
    },
    {
        "bookingid": 3211
    },
    {
        "bookingid": 4414
    },
    {
        "bookingid": 6411
    },
    {
        "bookingid": 4136
    },
    {
        "bookingid": 8417
    },
    {
        "bookingid": 9301
    },
    {
        "bookingid": 4393
    },
    {
        "bookingid": 9150
    },
    {
        "bookingid": 9365
    },
    {
        "bookingid": 2233
    },
    {
        "bookingid": 903
    },
    {
        "bookingid": 294
    },
    {
        "bookingid": 9115
    },
    {
        "bookingid": 4100
    },
    {
        "bookingid": 4787
    },
    {
        "bookingid": 5642
    },
    {
        "bookingid": 6089
    },
    {
        "bookingid": 6441
    },
    {
        "bookingid": 7583
    },
    {
        "bookingid": 7579
    },
    {
        "bookingid": 4914
    },
    {
        "bookingid": 6245
    },
    {
        "bookingid": 6647
    },
    {
        "bookingid": 4780
    },
    {
        "bookingid": 340
    },
    {
        "bookingid": 7664
    },
    {
        "bookingid": 4892
    },
    {
        "bookingid": 6729
    },
    {
        "bookingid": 3807
    },
    {
        "bookingid": 349
    },
    {
        "bookingid": 6302
    },
    {
        "bookingid": 5729
    },
    {
        "bookingid": 1691
    },
    {
        "bookingid": 68
    },
    {
        "bookingid": 8045
    },
    {
        "bookingid": 6864
    },
    {
        "bookingid": 2765
    },
    {
        "bookingid": 8839
    },
    {
        "bookingid": 1416
    },
    {
        "bookingid": 2645
    },
    {
        "bookingid": 4206
    },
    {
        "bookingid": 1511
    },
    {
        "bookingid": 8946
    },
    {
        "bookingid": 2294
    },
    {
        "bookingid": 902
    },
    {
        "bookingid": 3712
    },
    {
        "bookingid": 1625
    },
    {
        "bookingid": 3126
    },
    {
        "bookingid": 5321
    },
    {
        "bookingid": 2931
    },
    {
        "bookingid": 3091
    },
    {
        "bookingid": 3157
    },
    {
        "bookingid": 3596
    },
    {
        "bookingid": 8717
    },
    {
        "bookingid": 1283
    },
    {
        "bookingid": 61
    },
    {
        "bookingid": 3970
    },
    {
        "bookingid": 485
    },
    {
        "bookingid": 8635
    },
    {
        "bookingid": 4773
    },
    {
        "bookingid": 6109
    },
    {
        "bookingid": 8349
    },
    {
        "bookingid": 5405
    },
    {
        "bookingid": 5542
    },
    {
        "bookingid": 9048
    },
    {
        "bookingid": 5974
    },
    {
        "bookingid": 318
    },
    {
        "bookingid": 6895
    },
    {
        "bookingid": 8604
    },
    {
        "bookingid": 7006
    },
    {
        "bookingid": 1338
    },
    {
        "bookingid": 8803
    },
    {
        "bookingid": 7431
    },
    {
        "bookingid": 7669
    },
    {
        "bookingid": 4907
    },
    {
        "bookingid": 1585
    },
    {
        "bookingid": 334
    },
    {
        "bookingid": 2066
    },
    {
        "bookingid": 7515
    },
    {
        "bookingid": 4986
    },
    {
        "bookingid": 5401
    },
    {
        "bookingid": 3096
    },
    {
        "bookingid": 6238
    },
    {
        "bookingid": 6236
    },
    {
        "bookingid": 2530
    },
    {
        "bookingid": 5867
    },
    {
        "bookingid": 5984
    },
    {
        "bookingid": 8325
    },
    {
        "bookingid": 3813
    },
    {
        "bookingid": 7182
    },
    {
        "bookingid": 6872
    },
    {
        "bookingid": 2076
    },
    {
        "bookingid": 9473
    },
    {
        "bookingid": 6669
    },
    {
        "bookingid": 4405
    },
    {
        "bookingid": 2020
    },
    {
        "bookingid": 6301
    },
    {
        "bookingid": 6828
    },
    {
        "bookingid": 2834
    },
    {
        "bookingid": 4523
    },
    {
        "bookingid": 8427
    },
    {
        "bookingid": 3171
    },
    {
        "bookingid": 2376
    },
    {
        "bookingid": 7034
    },
    {
        "bookingid": 4723
    },
    {
        "bookingid": 1370
    },
    {
        "bookingid": 3196
    },
    {
        "bookingid": 5385
    },
    {
        "bookingid": 5312
    },
    {
        "bookingid": 3365
    },
    {
        "bookingid": 594
    },
    {
        "bookingid": 3728
    },
    {
        "bookingid": 7825
    },
    {
        "bookingid": 1561
    },
    {
        "bookingid": 9062
    },
    {
        "bookingid": 774
    },
    {
        "bookingid": 5078
    },
    {
        "bookingid": 7163
    },
    {
        "bookingid": 171
    },
    {
        "bookingid": 6273
    },
    {
        "bookingid": 7301
    },
    {
        "bookingid": 2246
    },
    {
        "bookingid": 2980
    },
    {
        "bookingid": 4240
    },
    {
        "bookingid": 2726
    },
    {
        "bookingid": 6727
    },
    {
        "bookingid": 6919
    },
    {
        "bookingid": 3629
    },
    {
        "bookingid": 3053
    },
    {
        "bookingid": 933
    },
    {
        "bookingid": 4936
    },
    {
        "bookingid": 4139
    },
    {
        "bookingid": 5475
    },
    {
        "bookingid": 2030
    },
    {
        "bookingid": 1124
    },
    {
        "bookingid": 1259
    },
    {
        "bookingid": 217
    },
    {
        "bookingid": 2357
    },
    {
        "bookingid": 4644
    },
    {
        "bookingid": 39
    },
    {
        "bookingid": 1596
    },
    {
        "bookingid": 940
    },
    {
        "bookingid": 5628
    },
    {
        "bookingid": 2194
    },
    {
        "bookingid": 8466
    },
    {
        "bookingid": 6965
    },
    {
        "bookingid": 7268
    },
    {
        "bookingid": 8613
    },
    {
        "bookingid": 9178
    },
    {
        "bookingid": 2136
    },
    {
        "bookingid": 5235
    },
    {
        "bookingid": 1086
    },
    {
        "bookingid": 6829
    },
    {
        "bookingid": 7068
    },
    {
        "bookingid": 7582
    },
    {
        "bookingid": 1870
    },
    {
        "bookingid": 6437
    },
    {
        "bookingid": 421
    },
    {
        "bookingid": 4906
    },
    {
        "bookingid": 1959
    },
    {
        "bookingid": 5735
    },
    {
        "bookingid": 107
    },
    {
        "bookingid": 2662
    },
    {
        "bookingid": 8729
    },
    {
        "bookingid": 9236
    },
    {
        "bookingid": 151
    },
    {
        "bookingid": 1646
    },
    {
        "bookingid": 8176
    },
    {
        "bookingid": 5546
    },
    {
        "bookingid": 7193
    },
    {
        "bookingid": 8834
    },
    {
        "bookingid": 4221
    },
    {
        "bookingid": 5841
    },
    {
        "bookingid": 2998
    },
    {
        "bookingid": 8011
    },
    {
        "bookingid": 6657
    },
    {
        "bookingid": 7272
    },
    {
        "bookingid": 1700
    },
    {
        "bookingid": 7485
    },
    {
        "bookingid": 5292
    },
    {
        "bookingid": 3176
    },
    {
        "bookingid": 1337
    },
    {
        "bookingid": 9179
    },
    {
        "bookingid": 272
    },
    {
        "bookingid": 247
    },
    {
        "bookingid": 7016
    },
    {
        "bookingid": 9379
    },
    {
        "bookingid": 6980
    },
    {
        "bookingid": 6046
    },
    {
        "bookingid": 3002
    },
    {
        "bookingid": 775
    },
    {
        "bookingid": 3282
    },
    {
        "bookingid": 4123
    },
    {
        "bookingid": 8374
    },
    {
        "bookingid": 879
    },
    {
        "bookingid": 2842
    },
    {
        "bookingid": 9288
    },
    {
        "bookingid": 4377
    },
    {
        "bookingid": 8319
    },
    {
        "bookingid": 8186
    },
    {
        "bookingid": 7087
    },
    {
        "bookingid": 7586
    },
    {
        "bookingid": 8513
    },
    {
        "bookingid": 7192
    },
    {
        "bookingid": 4135
    },
    {
        "bookingid": 8050
    },
    {
        "bookingid": 7995
    },
    {
        "bookingid": 3514
    },
    {
        "bookingid": 4940
    },
    {
        "bookingid": 209
    },
    {
        "bookingid": 5922
    },
    {
        "bookingid": 3225
    },
    {
        "bookingid": 8896
    },
    {
        "bookingid": 4771
    },
    {
        "bookingid": 8696
    },
    {
        "bookingid": 1346
    },
    {
        "bookingid": 1885
    },
    {
        "bookingid": 6619
    },
    {
        "bookingid": 7210
    },
    {
        "bookingid": 4485
    },
    {
        "bookingid": 6695
    },
    {
        "bookingid": 6811
    },
    {
        "bookingid": 2045
    },
    {
        "bookingid": 3782
    },
    {
        "bookingid": 8819
    },
    {
        "bookingid": 8858
    },
    {
        "bookingid": 4556
    },
    {
        "bookingid": 6803
    },
    {
        "bookingid": 6740
    },
    {
        "bookingid": 7555
    },
    {
        "bookingid": 8019
    },
    {
        "bookingid": 4793
    },
    {
        "bookingid": 3845
    },
    {
        "bookingid": 8655
    },
    {
        "bookingid": 9254
    },
    {
        "bookingid": 3901
    },
    {
        "bookingid": 4798
    },
    {
        "bookingid": 5712
    },
    {
        "bookingid": 1823
    },
    {
        "bookingid": 7999
    },
    {
        "bookingid": 369
    },
    {
        "bookingid": 9468
    },
    {
        "bookingid": 4569
    },
    {
        "bookingid": 1068
    },
    {
        "bookingid": 2991
    },
    {
        "bookingid": 4517
    },
    {
        "bookingid": 2894
    },
    {
        "bookingid": 4533
    },
    {
        "bookingid": 4946
    },
    {
        "bookingid": 2193
    },
    {
        "bookingid": 3580
    },
    {
        "bookingid": 7590
    },
    {
        "bookingid": 8786
    },
    {
        "bookingid": 480
    },
    {
        "bookingid": 5517
    },
    {
        "bookingid": 2936
    },
    {
        "bookingid": 6607
    },
    {
        "bookingid": 7864
    },
    {
        "bookingid": 8880
    },
    {
        "bookingid": 4767
    },
    {
        "bookingid": 2830
    },
    {
        "bookingid": 4174
    },
    {
        "bookingid": 7396
    },
    {
        "bookingid": 7330
    },
    {
        "bookingid": 6078
    },
    {
        "bookingid": 2557
    },
    {
        "bookingid": 3595
    },
    {
        "bookingid": 6570
    },
    {
        "bookingid": 8654
    },
    {
        "bookingid": 4916
    },
    {
        "bookingid": 8574
    },
    {
        "bookingid": 2692
    },
    {
        "bookingid": 7843
    },
    {
        "bookingid": 806
    },
    {
        "bookingid": 5058
    },
    {
        "bookingid": 3084
    },
    {
        "bookingid": 8575
    },
    {
        "bookingid": 3523
    },
    {
        "bookingid": 6388
    },
    {
        "bookingid": 3809
    },
    {
        "bookingid": 8324
    },
    {
        "bookingid": 38
    },
    {
        "bookingid": 9270
    },
    {
        "bookingid": 4351
    },
    {
        "bookingid": 6543
    },
    {
        "bookingid": 5416
    },
    {
        "bookingid": 2890
    },
    {
        "bookingid": 4085
    },
    {
        "bookingid": 1685
    },
    {
        "bookingid": 5679
    },
    {
        "bookingid": 1940
    },
    {
        "bookingid": 6763
    },
    {
        "bookingid": 5217
    },
    {
        "bookingid": 6837
    },
    {
        "bookingid": 8491
    },
    {
        "bookingid": 9171
    },
    {
        "bookingid": 2797
    },
    {
        "bookingid": 6736
    },
    {
        "bookingid": 166
    },
    {
        "bookingid": 359
    },
    {
        "bookingid": 9077
    },
    {
        "bookingid": 4282
    },
    {
        "bookingid": 5365
    },
    {
        "bookingid": 3071
    },
    {
        "bookingid": 5862
    },
    {
        "bookingid": 9294
    },
    {
        "bookingid": 8244
    },
    {
        "bookingid": 4662
    },
    {
        "bookingid": 2466
    },
    {
        "bookingid": 5473
    },
    {
        "bookingid": 1398
    },
    {
        "bookingid": 3860
    },
    {
        "bookingid": 7850
    },
    {
        "bookingid": 1057
    },
    {
        "bookingid": 6962
    },
    {
        "bookingid": 4286
    },
    {
        "bookingid": 8479
    },
    {
        "bookingid": 1379
    },
    {
        "bookingid": 6916
    },
    {
        "bookingid": 7348
    },
    {
        "bookingid": 377
    },
    {
        "bookingid": 5777
    },
    {
        "bookingid": 5996
    },
    {
        "bookingid": 2841
    },
    {
        "bookingid": 7708
    },
    {
        "bookingid": 6973
    },
    {
        "bookingid": 649
    },
    {
        "bookingid": 1434
    },
    {
        "bookingid": 3635
    },
    {
        "bookingid": 7793
    },
    {
        "bookingid": 8135
    },
    {
        "bookingid": 110
    },
    {
        "bookingid": 1832
    },
    {
        "bookingid": 7110
    },
    {
        "bookingid": 2148
    },
    {
        "bookingid": 5544
    },
    {
        "bookingid": 2977
    },
    {
        "bookingid": 8066
    },
    {
        "bookingid": 3515
    },
    {
        "bookingid": 7853
    },
    {
        "bookingid": 1570
    },
    {
        "bookingid": 3856
    },
    {
        "bookingid": 8230
    },
    {
        "bookingid": 867
    },
    {
        "bookingid": 7080
    },
    {
        "bookingid": 3037
    },
    {
        "bookingid": 7527
    },
    {
        "bookingid": 7152
    },
    {
        "bookingid": 8184
    },
    {
        "bookingid": 8632
    },
    {
        "bookingid": 6440
    },
    {
        "bookingid": 276
    },
    {
        "bookingid": 4803
    },
    {
        "bookingid": 7534
    },
    {
        "bookingid": 1938
    },
    {
        "bookingid": 5126
    },
    {
        "bookingid": 5442
    },
    {
        "bookingid": 1035
    },
    {
        "bookingid": 3144
    },
    {
        "bookingid": 757
    },
    {
        "bookingid": 4011
    },
    {
        "bookingid": 8852
    },
    {
        "bookingid": 2150
    },
    {
        "bookingid": 4260
    },
    {
        "bookingid": 643
    },
    {
        "bookingid": 3438
    },
    {
        "bookingid": 839
    },
    {
        "bookingid": 3766
    },
    {
        "bookingid": 5850
    },
    {
        "bookingid": 6823
    },
    {
        "bookingid": 6881
    },
    {
        "bookingid": 524
    },
    {
        "bookingid": 8315
    },
    {
        "bookingid": 985
    },
    {
        "bookingid": 4342
    },
    {
        "bookingid": 6102
    },
    {
        "bookingid": 805
    },
    {
        "bookingid": 6600
    },
    {
        "bookingid": 2745
    },
    {
        "bookingid": 3622
    },
    {
        "bookingid": 1382
    },
    {
        "bookingid": 3409
    },
    {
        "bookingid": 449
    },
    {
        "bookingid": 6606
    },
    {
        "bookingid": 7111
    },
    {
        "bookingid": 1598
    },
    {
        "bookingid": 5861
    },
    {
        "bookingid": 8082
    },
    {
        "bookingid": 5184
    },
    {
        "bookingid": 6168
    },
    {
        "bookingid": 1207
    },
    {
        "bookingid": 8749
    },
    {
        "bookingid": 326
    },
    {
        "bookingid": 319
    },
    {
        "bookingid": 9153
    },
    {
        "bookingid": 6218
    },
    {
        "bookingid": 8366
    },
    {
        "bookingid": 8462
    },
    {
        "bookingid": 1136
    },
    {
        "bookingid": 3040
    },
    {
        "bookingid": 432
    },
    {
        "bookingid": 7439
    },
    {
        "bookingid": 4120
    },
    {
        "bookingid": 4148
    },
    {
        "bookingid": 307
    },
    {
        "bookingid": 8105
    },
    {
        "bookingid": 1151
    },
    {
        "bookingid": 684
    },
    {
        "bookingid": 4340
    },
    {
        "bookingid": 3600
    },
    {
        "bookingid": 255
    },
    {
        "bookingid": 8339
    },
    {
        "bookingid": 6707
    },
    {
        "bookingid": 2211
    },
    {
        "bookingid": 26
    },
    {
        "bookingid": 1301
    },
    {
        "bookingid": 1851
    },
    {
        "bookingid": 8436
    },
    {
        "bookingid": 1988
    },
    {
        "bookingid": 7224
    },
    {
        "bookingid": 8672
    },
    {
        "bookingid": 2871
    },
    {
        "bookingid": 129
    },
    {
        "bookingid": 6654
    },
    {
        "bookingid": 8253
    },
    {
        "bookingid": 2706
    },
    {
        "bookingid": 3220
    },
    {
        "bookingid": 2324
    },
    {
        "bookingid": 7150
    },
    {
        "bookingid": 3013
    },
    {
        "bookingid": 403
    },
    {
        "bookingid": 4869
    },
    {
        "bookingid": 5025
    },
    {
        "bookingid": 726
    },
    {
        "bookingid": 6358
    },
    {
        "bookingid": 5496
    },
    {
        "bookingid": 3990
    },
    {
        "bookingid": 6684
    },
    {
        "bookingid": 7212
    },
    {
        "bookingid": 610
    },
    {
        "bookingid": 6460
    },
    {
        "bookingid": 9291
    },
    {
        "bookingid": 9433
    },
    {
        "bookingid": 6031
    },
    {
        "bookingid": 2887
    },
    {
        "bookingid": 1914
    },
    {
        "bookingid": 3788
    },
    {
        "bookingid": 4252
    },
    {
        "bookingid": 8232
    },
    {
        "bookingid": 793
    },
    {
        "bookingid": 2849
    },
    {
        "bookingid": 2811
    },
    {
        "bookingid": 9243
    },
    {
        "bookingid": 473
    },
    {
        "bookingid": 152
    },
    {
        "bookingid": 5128
    },
    {
        "bookingid": 5228
    },
    {
        "bookingid": 6213
    },
    {
        "bookingid": 2913
    },
    {
        "bookingid": 3582
    },
    {
        "bookingid": 5644
    },
    {
        "bookingid": 7394
    },
    {
        "bookingid": 2552
    },
    {
        "bookingid": 1211
    },
    {
        "bookingid": 8036
    },
    {
        "bookingid": 755
    },
    {
        "bookingid": 2140
    },
    {
        "bookingid": 4835
    },
    {
        "bookingid": 7309
    },
    {
        "bookingid": 2331
    },
    {
        "bookingid": 384
    },
    {
        "bookingid": 25
    },
    {
        "bookingid": 9061
    },
    {
        "bookingid": 469
    },
    {
        "bookingid": 9472
    },
    {
        "bookingid": 2738
    },
    {
        "bookingid": 7425
    },
    {
        "bookingid": 8402
    },
    {
        "bookingid": 2862
    },
    {
        "bookingid": 8600
    },
    {
        "bookingid": 5124
    },
    {
        "bookingid": 8518
    },
    {
        "bookingid": 2548
    },
    {
        "bookingid": 4438
    },
    {
        "bookingid": 2582
    },
    {
        "bookingid": 1041
    },
    {
        "bookingid": 3297
    },
    {
        "bookingid": 1316
    },
    {
        "bookingid": 6984
    },
    {
        "bookingid": 4536
    },
    {
        "bookingid": 7782
    },
    {
        "bookingid": 4
    },
    {
        "bookingid": 6026
    },
    {
        "bookingid": 389
    },
    {
        "bookingid": 916
    },
    {
        "bookingid": 4145
    },
    {
        "bookingid": 7505
    },
    {
        "bookingid": 3238
    },
    {
        "bookingid": 5070
    },
    {
        "bookingid": 2252
    },
    {
        "bookingid": 1237
    },
    {
        "bookingid": 6773
    },
    {
        "bookingid": 179
    },
    {
        "bookingid": 7171
    },
    {
        "bookingid": 7279
    },
    {
        "bookingid": 7281
    },
    {
        "bookingid": 6353
    },
    {
        "bookingid": 4952
    },
    {
        "bookingid": 9402
    },
    {
        "bookingid": 8180
    },
    {
        "bookingid": 6048
    },
    {
        "bookingid": 52
    },
    {
        "bookingid": 866
    },
    {
        "bookingid": 7444
    },
    {
        "bookingid": 7386
    },
    {
        "bookingid": 1644
    },
    {
        "bookingid": 7919
    },
    {
        "bookingid": 569
    },
    {
        "bookingid": 1120
    },
    {
        "bookingid": 4415
    },
    {
        "bookingid": 5699
    },
    {
        "bookingid": 2234
    },
    {
        "bookingid": 6
    },
    {
        "bookingid": 4026
    },
    {
        "bookingid": 8904
    },
    {
        "bookingid": 1478
    },
    {
        "bookingid": 7112
    },
    {
        "bookingid": 7991
    },
    {
        "bookingid": 1438
    },
    {
        "bookingid": 7731
    },
    {
        "bookingid": 3399
    },
    {
        "bookingid": 7088
    },
    {
        "bookingid": 2621
    },
    {
        "bookingid": 1548
    },
    {
        "bookingid": 8450
    },
    {
        "bookingid": 2077
    },
    {
        "bookingid": 8669
    },
    {
        "bookingid": 8703
    },
    {
        "bookingid": 5042
    },
    {
        "bookingid": 2495
    },
    {
        "bookingid": 6110
    },
    {
        "bookingid": 608
    },
    {
        "bookingid": 720
    },
    {
        "bookingid": 2521
    },
    {
        "bookingid": 1907
    },
    {
        "bookingid": 350
    },
    {
        "bookingid": 4992
    },
    {
        "bookingid": 4334
    },
    {
        "bookingid": 5516
    },
    {
        "bookingid": 3506
    },
    {
        "bookingid": 8303
    },
    {
        "bookingid": 3456
    },
    {
        "bookingid": 9445
    },
    {
        "bookingid": 5917
    },
    {
        "bookingid": 6142
    },
    {
        "bookingid": 1910
    },
    {
        "bookingid": 7601
    },
    {
        "bookingid": 4338
    },
    {
        "bookingid": 5477
    },
    {
        "bookingid": 6930
    },
    {
        "bookingid": 8241
    },
    {
        "bookingid": 5015
    },
    {
        "bookingid": 6948
    },
    {
        "bookingid": 4363
    },
    {
        "bookingid": 6307
    },
    {
        "bookingid": 9227
    },
    {
        "bookingid": 383
    },
    {
        "bookingid": 4467
    },
    {
        "bookingid": 8073
    },
    {
        "bookingid": 8912
    },
    {
        "bookingid": 1155
    },
    {
        "bookingid": 1396
    },
    {
        "bookingid": 1482
    },
    {
        "bookingid": 6719
    },
    {
        "bookingid": 7167
    },
    {
        "bookingid": 7468
    },
    {
        "bookingid": 6368
    },
    {
        "bookingid": 1864
    },
    {
        "bookingid": 549
    },
    {
        "bookingid": 4758
    },
    {
        "bookingid": 3336
    },
    {
        "bookingid": 3250
    },
    {
        "bookingid": 5965
    },
    {
        "bookingid": 7474
    },
    {
        "bookingid": 4184
    },
    {
        "bookingid": 3730
    },
    {
        "bookingid": 739
    },
    {
        "bookingid": 819
    },
    {
        "bookingid": 7218
    },
    {
        "bookingid": 7244
    },
    {
        "bookingid": 9142
    },
    {
        "bookingid": 2628
    },
    {
        "bookingid": 5498
    },
    {
        "bookingid": 7352
    },
    {
        "bookingid": 5866
    },
    {
        "bookingid": 5512
    },
    {
        "bookingid": 878
    },
    {
        "bookingid": 5994
    },
    {
        "bookingid": 1238
    },
    {
        "bookingid": 4426
    },
    {
        "bookingid": 8993
    },
    {
        "bookingid": 5865
    },
    {
        "bookingid": 4251
    },
    {
        "bookingid": 4788
    },
    {
        "bookingid": 589
    },
    {
        "bookingid": 3796
    },
    {
        "bookingid": 698
    },
    {
        "bookingid": 8140
    },
    {
        "bookingid": 5145
    },
    {
        "bookingid": 1796
    },
    {
        "bookingid": 8734
    },
    {
        "bookingid": 2156
    },
    {
        "bookingid": 7602
    },
    {
        "bookingid": 6886
    },
    {
        "bookingid": 3824
    },
    {
        "bookingid": 2828
    },
    {
        "bookingid": 901
    },
    {
        "bookingid": 214
    },
    {
        "bookingid": 6449
    },
    {
        "bookingid": 930
    },
    {
        "bookingid": 4387
    },
    {
        "bookingid": 358
    },
    {
        "bookingid": 8387
    },
    {
        "bookingid": 4696
    },
    {
        "bookingid": 4290
    },
    {
        "bookingid": 5167
    },
    {
        "bookingid": 7204
    },
    {
        "bookingid": 3478
    },
    {
        "bookingid": 8401
    },
    {
        "bookingid": 8037
    },
    {
        "bookingid": 3097
    },
    {
        "bookingid": 763
    },
    {
        "bookingid": 2281
    },
    {
        "bookingid": 103
    },
    {
        "bookingid": 8055
    },
    {
        "bookingid": 9252
    },
    {
        "bookingid": 1386
    },
    {
        "bookingid": 5990
    },
    {
        "bookingid": 4455
    },
    {
        "bookingid": 5624
    },
    {
        "bookingid": 6689
    },
    {
        "bookingid": 142
    },
    {
        "bookingid": 3733
    },
    {
        "bookingid": 3562
    },
    {
        "bookingid": 2695
    },
    {
        "bookingid": 8718
    },
    {
        "bookingid": 374
    },
    {
        "bookingid": 8146
    },
    {
        "bookingid": 3726
    },
    {
        "bookingid": 8807
    },
    {
        "bookingid": 453
    },
    {
        "bookingid": 2216
    },
    {
        "bookingid": 8728
    },
    {
        "bookingid": 6847
    },
    {
        "bookingid": 496
    },
    {
        "bookingid": 9358
    },
    {
        "bookingid": 3708
    },
    {
        "bookingid": 9296
    },
    {
        "bookingid": 4984
    },
    {
        "bookingid": 8680
    },
    {
        "bookingid": 4654
    },
    {
        "bookingid": 8970
    },
    {
        "bookingid": 3321
    },
    {
        "bookingid": 8991
    },
    {
        "bookingid": 270
    },
    {
        "bookingid": 5289
    },
    {
        "bookingid": 4949
    },
    {
        "bookingid": 4247
    },
    {
        "bookingid": 5425
    },
    {
        "bookingid": 9084
    },
    {
        "bookingid": 5470
    },
    {
        "bookingid": 5326
    },
    {
        "bookingid": 9462
    },
    {
        "bookingid": 1182
    },
    {
        "bookingid": 7997
    },
    {
        "bookingid": 5797
    },
    {
        "bookingid": 2827
    },
    {
        "bookingid": 9361
    },
    {
        "bookingid": 2531
    },
    {
        "bookingid": 9441
    },
    {
        "bookingid": 6180
    },
    {
        "bookingid": 4769
    },
    {
        "bookingid": 9470
    },
    {
        "bookingid": 6451
    },
    {
        "bookingid": 4267
    },
    {
        "bookingid": 4407
    },
    {
        "bookingid": 6585
    },
    {
        "bookingid": 9463
    },
    {
        "bookingid": 5287
    },
    {
        "bookingid": 6981
    },
    {
        "bookingid": 6257
    },
    {
        "bookingid": 1295
    },
    {
        "bookingid": 3739
    },
    {
        "bookingid": 3261
    },
    {
        "bookingid": 8536
    },
    {
        "bookingid": 7736
    },
    {
        "bookingid": 409
    },
    {
        "bookingid": 2723
    },
    {
        "bookingid": 5923
    },
    {
        "bookingid": 6241
    },
    {
        "bookingid": 1580
    },
    {
        "bookingid": 5381
    },
    {
        "bookingid": 3929
    },
    {
        "bookingid": 566
    },
    {
        "bookingid": 3664
    },
    {
        "bookingid": 3194
    },
    {
        "bookingid": 5468
    },
    {
        "bookingid": 3017
    },
    {
        "bookingid": 3142
    },
    {
        "bookingid": 8133
    },
    {
        "bookingid": 251
    },
    {
        "bookingid": 2703
    },
    {
        "bookingid": 8973
    },
    {
        "bookingid": 287
    },
    {
        "bookingid": 8627
    },
    {
        "bookingid": 1752
    },
    {
        "bookingid": 2684
    },
    {
        "bookingid": 4874
    },
    {
        "bookingid": 1551
    },
    {
        "bookingid": 3339
    },
    {
        "bookingid": 4507
    },
    {
        "bookingid": 7868
    },
    {
        "bookingid": 3207
    },
    {
        "bookingid": 301
    },
    {
        "bookingid": 2003
    },
    {
        "bookingid": 6910
    },
    {
        "bookingid": 344
    },
    {
        "bookingid": 8935
    },
    {
        "bookingid": 3563
    },
    {
        "bookingid": 7636
    },
    {
        "bookingid": 5239
    },
    {
        "bookingid": 6038
    },
    {
        "bookingid": 3077
    },
    {
        "bookingid": 7153
    },
    {
        "bookingid": 2956
    },
    {
        "bookingid": 1153
    },
    {
        "bookingid": 5826
    },
    {
        "bookingid": 4680
    },
    {
        "bookingid": 2794
    },
    {
        "bookingid": 1167
    },
    {
        "bookingid": 677
    },
    {
        "bookingid": 3214
    },
    {
        "bookingid": 5536
    },
    {
        "bookingid": 2346
    },
    {
        "bookingid": 4851
    },
    {
        "bookingid": 3410
    },
    {
        "bookingid": 7696
    },
    {
        "bookingid": 7788
    },
    {
        "bookingid": 6294
    },
    {
        "bookingid": 2365
    },
    {
        "bookingid": 4496
    },
    {
        "bookingid": 1973
    },
    {
        "bookingid": 136
    },
    {
        "bookingid": 842
    },
    {
        "bookingid": 7300
    },
    {
        "bookingid": 2126
    },
    {
        "bookingid": 2953
    },
    {
        "bookingid": 9401
    },
    {
        "bookingid": 6475
    },
    {
        "bookingid": 6558
    },
    {
        "bookingid": 275
    },
    {
        "bookingid": 4911
    },
    {
        "bookingid": 7656
    },
    {
        "bookingid": 1049
    },
    {
        "bookingid": 1960
    },
    {
        "bookingid": 7905
    },
    {
        "bookingid": 1485
    },
    {
        "bookingid": 2189
    },
    {
        "bookingid": 3069
    },
    {
        "bookingid": 6275
    },
    {
        "bookingid": 4158
    },
    {
        "bookingid": 215
    },
    {
        "bookingid": 5201
    },
    {
        "bookingid": 1011
    },
    {
        "bookingid": 9033
    },
    {
        "bookingid": 3956
    },
    {
        "bookingid": 3547
    },
    {
        "bookingid": 1750
    },
    {
        "bookingid": 153
    },
    {
        "bookingid": 3942
    },
    {
        "bookingid": 7436
    },
    {
        "bookingid": 3310
    },
    {
        "bookingid": 7887
    },
    {
        "bookingid": 4738
    },
    {
        "bookingid": 6289
    },
    {
        "bookingid": 5879
    },
    {
        "bookingid": 5055
    },
    {
        "bookingid": 9157
    },
    {
        "bookingid": 2523
    },
    {
        "bookingid": 3218
    },
    {
        "bookingid": 7197
    },
    {
        "bookingid": 6477
    },
    {
        "bookingid": 5660
    },
    {
        "bookingid": 4448
    },
    {
        "bookingid": 3499
    },
    {
        "bookingid": 7888
    },
    {
        "bookingid": 5009
    },
    {
        "bookingid": 3422
    },
    {
        "bookingid": 6652
    },
    {
        "bookingid": 363
    },
    {
        "bookingid": 3718
    },
    {
        "bookingid": 45
    },
    {
        "bookingid": 4065
    },
    {
        "bookingid": 4840
    },
    {
        "bookingid": 3940
    },
    {
        "bookingid": 9274
    },
    {
        "bookingid": 8947
    },
    {
        "bookingid": 7265
    },
    {
        "bookingid": 7184
    },
    {
        "bookingid": 407
    },
    {
        "bookingid": 8160
    },
    {
        "bookingid": 6501
    },
    {
        "bookingid": 4275
    },
    {
        "bookingid": 3969
    },
    {
        "bookingid": 2093
    },
    {
        "bookingid": 6479
    },
    {
        "bookingid": 2558
    },
    {
        "bookingid": 2231
    },
    {
        "bookingid": 7496
    },
    {
        "bookingid": 7649
    },
    {
        "bookingid": 7137
    },
    {
        "bookingid": 5873
    },
    {
        "bookingid": 7062
    },
    {
        "bookingid": 6946
    },
    {
        "bookingid": 4109
    },
    {
        "bookingid": 3281
    },
    {
        "bookingid": 708
    },
    {
        "bookingid": 830
    },
    {
        "bookingid": 5119
    },
    {
        "bookingid": 7975
    },
    {
        "bookingid": 6376
    },
    {
        "bookingid": 4791
    },
    {
        "bookingid": 8127
    },
    {
        "bookingid": 2511
    },
    {
        "bookingid": 6502
    },
    {
        "bookingid": 1996
    },
    {
        "bookingid": 5668
    },
    {
        "bookingid": 4170
    },
    {
        "bookingid": 6124
    },
    {
        "bookingid": 7287
    },
    {
        "bookingid": 5605
    },
    {
        "bookingid": 7562
    },
    {
        "bookingid": 258
    },
    {
        "bookingid": 4678
    },
    {
        "bookingid": 1848
    },
    {
        "bookingid": 8350
    },
    {
        "bookingid": 6778
    },
    {
        "bookingid": 4753
    },
    {
        "bookingid": 5340
    },
    {
        "bookingid": 9116
    },
    {
        "bookingid": 558
    },
    {
        "bookingid": 4423
    },
    {
        "bookingid": 4460
    },
    {
        "bookingid": 2094
    },
    {
        "bookingid": 2014
    },
    {
        "bookingid": 4693
    },
    {
        "bookingid": 62
    },
    {
        "bookingid": 3255
    },
    {
        "bookingid": 9289
    },
    {
        "bookingid": 6269
    },
    {
        "bookingid": 4160
    },
    {
        "bookingid": 1096
    },
    {
        "bookingid": 3659
    },
    {
        "bookingid": 7100
    },
    {
        "bookingid": 5675
    },
    {
        "bookingid": 6242
    },
    {
        "bookingid": 7001
    },
    {
        "bookingid": 5897
    },
    {
        "bookingid": 8089
    },
    {
        "bookingid": 1875
    },
    {
        "bookingid": 1004
    },
    {
        "bookingid": 6232
    },
    {
        "bookingid": 169
    },
    {
        "bookingid": 3931
    },
    {
        "bookingid": 6513
    },
    {
        "bookingid": 7682
    },
    {
        "bookingid": 2985
    },
    {
        "bookingid": 8507
    },
    {
        "bookingid": 7299
    },
    {
        "bookingid": 4922
    },
    {
        "bookingid": 8571
    },
    {
        "bookingid": 1185
    },
    {
        "bookingid": 7381
    },
    {
        "bookingid": 9405
    },
    {
        "bookingid": 1845
    },
    {
        "bookingid": 4372
    },
    {
        "bookingid": 3583
    },
    {
        "bookingid": 5817
    },
    {
        "bookingid": 1862
    },
    {
        "bookingid": 6556
    },
    {
        "bookingid": 6396
    },
    {
        "bookingid": 6737
    },
    {
        "bookingid": 6356
    },
    {
        "bookingid": 1198
    },
    {
        "bookingid": 5410
    },
    {
        "bookingid": 5991
    },
    {
        "bookingid": 4824
    },
    {
        "bookingid": 5123
    },
    {
        "bookingid": 368
    },
    {
        "bookingid": 101
    },
    {
        "bookingid": 8002
    },
    {
        "bookingid": 5649
    },
    {
        "bookingid": 8628
    },
    {
        "bookingid": 3778
    },
    {
        "bookingid": 4955
    },
    {
        "bookingid": 8857
    },
    {
        "bookingid": 3382
    },
    {
        "bookingid": 6220
    },
    {
        "bookingid": 766
    },
    {
        "bookingid": 2483
    },
    {
        "bookingid": 2390
    },
    {
        "bookingid": 27
    },
    {
        "bookingid": 5690
    },
    {
        "bookingid": 4807
    },
    {
        "bookingid": 8189
    },
    {
        "bookingid": 6822
    },
    {
        "bookingid": 4040
    },
    {
        "bookingid": 3325
    },
    {
        "bookingid": 8948
    },
    {
        "bookingid": 8459
    },
    {
        "bookingid": 7221
    },
    {
        "bookingid": 5139
    },
    {
        "bookingid": 7491
    },
    {
        "bookingid": 94
    },
    {
        "bookingid": 4502
    },
    {
        "bookingid": 1490
    },
    {
        "bookingid": 8272
    },
    {
        "bookingid": 632
    },
    {
        "bookingid": 6130
    },
    {
        "bookingid": 5069
    },
    {
        "bookingid": 6999
    },
    {
        "bookingid": 3098
    },
    {
        "bookingid": 9364
    },
    {
        "bookingid": 320
    },
    {
        "bookingid": 4378
    },
    {
        "bookingid": 1432
    },
    {
        "bookingid": 4161
    },
    {
        "bookingid": 5299
    },
    {
        "bookingid": 5141
    },
    {
        "bookingid": 8397
    },
    {
        "bookingid": 8629
    },
    {
        "bookingid": 4729
    },
    {
        "bookingid": 5304
    },
    {
        "bookingid": 8032
    },
    {
        "bookingid": 3260
    },
    {
        "bookingid": 5563
    },
    {
        "bookingid": 4666
    },
    {
        "bookingid": 7401
    },
    {
        "bookingid": 87
    },
    {
        "bookingid": 47
    },
    {
        "bookingid": 2202
    },
    {
        "bookingid": 5439
    },
    {
        "bookingid": 9220
    },
    {
        "bookingid": 3938
    },
    {
        "bookingid": 6970
    },
    {
        "bookingid": 2378
    },
    {
        "bookingid": 1109
    },
    {
        "bookingid": 6248
    },
    {
        "bookingid": 2141
    },
    {
        "bookingid": 1315
    },
    {
        "bookingid": 3996
    },
    {
        "bookingid": 1322
    },
    {
        "bookingid": 1042
    },
    {
        "bookingid": 7911
    },
    {
        "bookingid": 140
    },
    {
        "bookingid": 240
    },
    {
        "bookingid": 7807
    },
    {
        "bookingid": 5112
    },
    {
        "bookingid": 5461
    },
    {
        "bookingid": 7239
    },
    {
        "bookingid": 3988
    },
    {
        "bookingid": 4859
    },
    {
        "bookingid": 8085
    },
    {
        "bookingid": 5207
    },
    {
        "bookingid": 4962
    },
    {
        "bookingid": 2747
    },
    {
        "bookingid": 3133
    },
    {
        "bookingid": 4616
    },
    {
        "bookingid": 4540
    },
    {
        "bookingid": 2876
    },
    {
        "bookingid": 5003
    },
    {
        "bookingid": 7027
    },
    {
        "bookingid": 1232
    },
    {
        "bookingid": 8087
    },
    {
        "bookingid": 5493
    },
    {
        "bookingid": 6639
    },
    {
        "bookingid": 6836
    },
    {
        "bookingid": 4354
    },
    {
        "bookingid": 9206
    },
    {
        "bookingid": 3693
    },
    {
        "bookingid": 6890
    },
    {
        "bookingid": 1721
    },
    {
        "bookingid": 9368
    },
    {
        "bookingid": 6629
    },
    {
        "bookingid": 7930
    },
    {
        "bookingid": 8094
    },
    {
        "bookingid": 312
    },
    {
        "bookingid": 2224
    },
    {
        "bookingid": 4899
    },
    {
        "bookingid": 6641
    },
    {
        "bookingid": 8430
    },
    {
        "bookingid": 4458
    },
    {
        "bookingid": 1667
    },
    {
        "bookingid": 5454
    },
    {
        "bookingid": 1388
    },
    {
        "bookingid": 6595
    },
    {
        "bookingid": 3525
    },
    {
        "bookingid": 155
    },
    {
        "bookingid": 5561
    },
    {
        "bookingid": 9471
    },
    {
        "bookingid": 2350
    },
    {
        "bookingid": 9030
    },
    {
        "bookingid": 9417
    },
    {
        "bookingid": 8584
    },
    {
        "bookingid": 3271
    },
    {
        "bookingid": 6374
    },
    {
        "bookingid": 2329
    },
    {
        "bookingid": 2303
    },
    {
        "bookingid": 2394
    },
    {
        "bookingid": 6874
    },
    {
        "bookingid": 2574
    },
    {
        "bookingid": 8580
    },
    {
        "bookingid": 60
    },
    {
        "bookingid": 9310
    },
    {
        "bookingid": 9333
    },
    {
        "bookingid": 6627
    },
    {
        "bookingid": 4790
    },
    {
        "bookingid": 5214
    },
    {
        "bookingid": 391
    },
    {
        "bookingid": 2205
    },
    {
        "bookingid": 553
    },
    {
        "bookingid": 2679
    },
    {
        "bookingid": 6434
    },
    {
        "bookingid": 1143
    },
    {
        "bookingid": 7743
    },
    {
        "bookingid": 1674
    },
    {
        "bookingid": 4890
    },
    {
        "bookingid": 9436
    },
    {
        "bookingid": 8250
    },
    {
        "bookingid": 770
    },
    {
        "bookingid": 2997
    },
    {
        "bookingid": 3145
    },
    {
        "bookingid": 1508
    },
    {
        "bookingid": 6713
    },
    {
        "bookingid": 5273
    },
    {
        "bookingid": 6807
    },
    {
        "bookingid": 332
    },
    {
        "bookingid": 1604
    },
    {
        "bookingid": 9446
    },
    {
        "bookingid": 4554
    },
    {
        "bookingid": 1093
    },
    {
        "bookingid": 557
    },
    {
        "bookingid": 7623
    },
    {
        "bookingid": 3984
    },
    {
        "bookingid": 3476
    },
    {
        "bookingid": 2595
    },
    {
        "bookingid": 8262
    },
    {
        "bookingid": 8229
    },
    {
        "bookingid": 4052
    },
    {
        "bookingid": 2855
    },
    {
        "bookingid": 7338
    },
    {
        "bookingid": 4933
    },
    {
        "bookingid": 2772
    },
    {
        "bookingid": 1260
    },
    {
        "bookingid": 4568
    },
    {
        "bookingid": 8152
    },
    {
        "bookingid": 3427
    },
    {
        "bookingid": 2212
    },
    {
        "bookingid": 5914
    },
    {
        "bookingid": 3877
    },
    {
        "bookingid": 1665
    },
    {
        "bookingid": 626
    },
    {
        "bookingid": 4029
    },
    {
        "bookingid": 4008
    },
    {
        "bookingid": 4447
    },
    {
        "bookingid": 286
    },
    {
        "bookingid": 2758
    },
    {
        "bookingid": 81
    },
    {
        "bookingid": 3266
    },
    {
        "bookingid": 4879
    },
    {
        "bookingid": 8295
    },
    {
        "bookingid": 1347
    },
    {
        "bookingid": 1579
    },
    {
        "bookingid": 2688
    },
    {
        "bookingid": 59
    },
    {
        "bookingid": 8371
    },
    {
        "bookingid": 1440
    },
    {
        "bookingid": 3508
    },
    {
        "bookingid": 9263
    },
    {
        "bookingid": 1732
    },
    {
        "bookingid": 6974
    },
    {
        "bookingid": 293
    },
    {
        "bookingid": 5474
    },
    {
        "bookingid": 7026
    },
    {
        "bookingid": 3259
    },
    {
        "bookingid": 427
    },
    {
        "bookingid": 5272
    },
    {
        "bookingid": 3234
    },
    {
        "bookingid": 1780
    },
    {
        "bookingid": 6351
    },
    {
        "bookingid": 4233
    },
    {
        "bookingid": 2950
    },
    {
        "bookingid": 24
    },
    {
        "bookingid": 8243
    },
    {
        "bookingid": 5548
    },
    {
        "bookingid": 4759
    },
    {
        "bookingid": 2831
    },
    {
        "bookingid": 7083
    },
    {
        "bookingid": 5435
    },
    {
        "bookingid": 2498
    },
    {
        "bookingid": 1980
    },
    {
        "bookingid": 6114
    },
    {
        "bookingid": 9337
    },
    {
        "bookingid": 5780
    },
    {
        "bookingid": 3292
    },
    {
        "bookingid": 4887
    },
    {
        "bookingid": 2641
    },
    {
        "bookingid": 7929
    },
    {
        "bookingid": 2534
    },
    {
        "bookingid": 9477
    },
    {
        "bookingid": 5597
    },
    {
        "bookingid": 6050
    },
    {
        "bookingid": 6855
    },
    {
        "bookingid": 3776
    },
    {
        "bookingid": 6313
    },
    {
        "bookingid": 8144
    },
    {
        "bookingid": 730
    },
    {
        "bookingid": 2074
    },
    {
        "bookingid": 8891
    },
    {
        "bookingid": 860
    },
    {
        "bookingid": 6643
    },
    {
        "bookingid": 633
    },
    {
        "bookingid": 712
    },
    {
        "bookingid": 1034
    },
    {
        "bookingid": 5912
    },
    {
        "bookingid": 3244
    },
    {
        "bookingid": 346
    },
    {
        "bookingid": 999
    },
    {
        "bookingid": 4291
    },
    {
        "bookingid": 162
    },
    {
        "bookingid": 2434
    },
    {
        "bookingid": 6364
    },
    {
        "bookingid": 2860
    },
    {
        "bookingid": 1522
    },
    {
        "bookingid": 98
    },
    {
        "bookingid": 4804
    },
    {
        "bookingid": 7615
    },
    {
        "bookingid": 1706
    },
    {
        "bookingid": 2180
    },
    {
        "bookingid": 3802
    },
    {
        "bookingid": 2866
    },
    {
        "bookingid": 1374
    },
    {
        "bookingid": 243
    },
    {
        "bookingid": 4850
    },
    {
        "bookingid": 2203
    },
    {
        "bookingid": 5913
    },
    {
        "bookingid": 5796
    },
    {
        "bookingid": 5460
    },
    {
        "bookingid": 9370
    },
    {
        "bookingid": 7765
    },
    {
        "bookingid": 7070
    },
    {
        "bookingid": 926
    },
    {
        "bookingid": 9260
    },
    {
        "bookingid": 6072
    },
    {
        "bookingid": 5647
    },
    {
        "bookingid": 4728
    },
    {
        "bookingid": 5345
    },
    {
        "bookingid": 4799
    },
    {
        "bookingid": 3240
    },
    {
        "bookingid": 1975
    },
    {
        "bookingid": 5541
    },
    {
        "bookingid": 2897
    },
    {
        "bookingid": 4163
    },
    {
        "bookingid": 8826
    },
    {
        "bookingid": 1344
    },
    {
        "bookingid": 5117
    },
    {
        "bookingid": 3814
    },
    {
        "bookingid": 2755
    },
    {
        "bookingid": 3655
    },
    {
        "bookingid": 7105
    },
    {
        "bookingid": 8664
    },
    {
        "bookingid": 4102
    },
    {
        "bookingid": 3448
    },
    {
        "bookingid": 2117
    },
    {
        "bookingid": 2137
    },
    {
        "bookingid": 5328
    },
    {
        "bookingid": 1356
    },
    {
        "bookingid": 413
    },
    {
        "bookingid": 2129
    },
    {
        "bookingid": 2004
    },
    {
        "bookingid": 5449
    },
    {
        "bookingid": 4401
    },
    {
        "bookingid": 48
    },
    {
        "bookingid": 365
    },
    {
        "bookingid": 2916
    },
    {
        "bookingid": 4629
    },
    {
        "bookingid": 7266
    },
    {
        "bookingid": 3333
    },
    {
        "bookingid": 4210
    },
    {
        "bookingid": 1846
    },
    {
        "bookingid": 8831
    },
    {
        "bookingid": 4957
    },
    {
        "bookingid": 7733
    },
    {
        "bookingid": 5607
    },
    {
        "bookingid": 4973
    },
    {
        "bookingid": 8498
    },
    {
        "bookingid": 6739
    },
    {
        "bookingid": 9204
    },
    {
        "bookingid": 6839
    },
    {
        "bookingid": 2844
    },
    {
        "bookingid": 7826
    },
    {
        "bookingid": 4389
    },
    {
        "bookingid": 8977
    },
    {
        "bookingid": 743
    },
    {
        "bookingid": 1811
    },
    {
        "bookingid": 8132
    },
    {
        "bookingid": 493
    },
    {
        "bookingid": 5601
    },
    {
        "bookingid": 3450
    },
    {
        "bookingid": 2742
    },
    {
        "bookingid": 1266
    },
    {
        "bookingid": 261
    },
    {
        "bookingid": 794
    },
    {
        "bookingid": 6443
    },
    {
        "bookingid": 2711
    },
    {
        "bookingid": 4711
    },
    {
        "bookingid": 6675
    },
    {
        "bookingid": 2031
    },
    {
        "bookingid": 6418
    },
    {
        "bookingid": 6398
    },
    {
        "bookingid": 8561
    },
    {
        "bookingid": 55
    },
    {
        "bookingid": 4951
    },
    {
        "bookingid": 3886
    },
    {
        "bookingid": 6138
    },
    {
        "bookingid": 1291
    },
    {
        "bookingid": 6951
    },
    {
        "bookingid": 2080
    },
    {
        "bookingid": 2288
    },
    {
        "bookingid": 7631
    },
    {
        "bookingid": 4079
    },
    {
        "bookingid": 2134
    },
    {
        "bookingid": 4963
    },
    {
        "bookingid": 5339
    },
    {
        "bookingid": 7969
    },
    {
        "bookingid": 5553
    },
    {
        "bookingid": 3575
    },
    {
        "bookingid": 8641
    },
    {
        "bookingid": 927
    },
    {
        "bookingid": 7747
    },
    {
        "bookingid": 1521
    },
    {
        "bookingid": 3322
    },
    {
        "bookingid": 1219
    },
    {
        "bookingid": 9285
    },
    {
        "bookingid": 7699
    },
    {
        "bookingid": 7873
    },
    {
        "bookingid": 3059
    },
    {
        "bookingid": 6205
    },
    {
        "bookingid": 5727
    },
    {
        "bookingid": 2739
    },
    {
        "bookingid": 7914
    },
    {
        "bookingid": 641
    },
    {
        "bookingid": 2213
    },
    {
        "bookingid": 2508
    },
    {
        "bookingid": 474
    },
    {
        "bookingid": 147
    },
    {
        "bookingid": 6940
    },
    {
        "bookingid": 5666
    },
    {
        "bookingid": 6284
    },
    {
        "bookingid": 7949
    },
    {
        "bookingid": 7107
    },
    {
        "bookingid": 7979
    },
    {
        "bookingid": 6954
    },
    {
        "bookingid": 9112
    },
    {
        "bookingid": 880
    },
    {
        "bookingid": 4180
    },
    {
        "bookingid": 5554
    },
    {
        "bookingid": 9423
    },
    {
        "bookingid": 6582
    },
    {
        "bookingid": 6819
    },
    {
        "bookingid": 6498
    },
    {
        "bookingid": 501
    },
    {
        "bookingid": 3088
    }
]
]]></system-out>
  </testcase>
</testsuite>