<?xml version="1.0" encoding="UTF-8"?>
<!-- Generated by org.testng.reporters.JUnitReportReporter -->
<testsuite hostname="DESKTOP-K7CML0U" failures="0" tests="6" name="com.test.runner.TestRunner" time="110.012" errors="0" timestamp="2023-03-11T11:21:12 IST" skipped="0">
  <testcase classname="com.test.runner.TestRunner" name="runScenario" time="12.509"/>
  <system-out/>
  <testcase classname="com.test.runner.TestRunner" name="runScenario" time="6.393"/>
  <system-out/>
  <testcase classname="com.test.runner.TestRunner" name="runScenario" time="73.441"/>
  <system-out/>
  <testcase classname="com.test.runner.TestRunner" name="runScenario" time="10.016"/>
  <system-out/>
  <testcase classname="com.test.runner.TestRunner" name="run" time="0.007"/>
  <system-out/>
  <testcase classname="com.test.runner.TestRunner" name="runScenario" time="7.646"/>
  <system-out/>
</testsuite> <!-- com.test.runner.TestRunner -->
