<?xml version="1.0" encoding="UTF-8"?>
<!-- Generated by org.testng.reporters.JUnitReportReporter -->
<testsuite hostname="DESKTOP-K7CML0U" failures="0" tests="6" name="com.test.runner.TestRunner" time="31.908" errors="0" timestamp="2023-03-10T18:15:49 IST" skipped="0">
  <testcase classname="com.test.runner.TestRunner" name="runScenario" time="10.125"/>
  <system-out/>
  <testcase classname="com.test.runner.TestRunner" name="runScenario" time="5.161"/>
  <system-out/>
  <testcase classname="com.test.runner.TestRunner" name="runScenario" time="3.048"/>
  <system-out/>
  <testcase classname="com.test.runner.TestRunner" name="runScenario" time="5.852"/>
  <system-out/>
  <testcase classname="com.test.runner.TestRunner" name="run" time="0.008"/>
  <system-out/>
  <testcase classname="com.test.runner.TestRunner" name="runScenario" time="7.714"/>
  <system-out/>
</testsuite> <!-- com.test.runner.TestRunner -->
