<?xml version="1.0" encoding="UTF-8"?>
<!-- Generated by org.testng.reporters.JUnitReportReporter -->
<testsuite hostname="DESKTOP-K7CML0U" failures="0" tests="6" name="com.test.runner.TestRunner" time="31.263" errors="0" timestamp="2023-03-10T15:31:25 IST" skipped="0">
  <testcase classname="com.test.runner.TestRunner" name="runScenario" time="7.351"/>
  <system-out/>
  <testcase classname="com.test.runner.TestRunner" name="runScenario" time="5.074"/>
  <system-out/>
  <testcase classname="com.test.runner.TestRunner" name="run" time="0.000"/>
  <system-out/>
  <testcase classname="com.test.runner.TestRunner" name="runScenario" time="6.795"/>
  <system-out/>
  <testcase classname="com.test.runner.TestRunner" name="runScenario" time="3.537"/>
  <system-out/>
  <testcase classname="com.test.runner.TestRunner" name="runScenario" time="8.506"/>
  <system-out/>
</testsuite> <!-- com.test.runner.TestRunner -->
